Unable to init server: Could not connect: Connection refused
Unable to init server: Could not connect: Connection refused
Unable to init server: Could not connect: Connection refused
Unable to init server: Could not connect: Connection refused
Unable to init server: Could not connect: Connection refused
Unable to init server: Could not connect: Connection refused

(DataCollector_Deterministic.py:3367751): Gdk-CRITICAL **: 09:29:55.492: gdk_cursor_new_for_display: assertion 'GDK_IS_DISPLAY (display)' failed
Unable to init server: Could not connect: Connection refused

(DataCollector_Deterministic.py:3367755): Gdk-CRITICAL **: 09:29:55.500: gdk_cursor_new_for_display: assertion 'GDK_IS_DISPLAY (display)' failed
Unable to init server: Could not connect: Connection refused
Unable to init server: Could not connect: Connection refused

(DataCollector_Deterministic.py:3367753): Gdk-CRITICAL **: 09:29:55.509: gdk_cursor_new_for_display: assertion 'GDK_IS_DISPLAY (display)' failed
Unable to init server: Could not connect: Connection refused
Unable to init server: Could not connect: Connection refused

(DataCollector_Deterministic.py:3367769): Gdk-CRITICAL **: 09:29:55.567: gdk_cursor_new_for_display: assertion 'GDK_IS_DISPLAY (display)' failed
Unable to init server: Could not connect: Connection refused
Unable to init server: Could not connect: Connection refused
Unable to init server: Could not connect: Connection refused
Unable to init server: Could not connect: Connection refused
Unable to init server: Could not connect: Connection refused

(DataCollector_Deterministic.py:3367773): Gdk-CRITICAL **: 09:29:55.638: gdk_cursor_new_for_display: assertion 'GDK_IS_DISPLAY (display)' failed
Unable to init server: Could not connect: Connection refused

(DataCollector_Deterministic.py:3367788): Gdk-CRITICAL **: 09:29:55.665: gdk_cursor_new_for_display: assertion 'GDK_IS_DISPLAY (display)' failed

(DataCollector_Deterministic.py:3367783): Gdk-CRITICAL **: 09:29:55.672: gdk_cursor_new_for_display: assertion 'GDK_IS_DISPLAY (display)' failed
Unable to init server: Could not connect: Connection refused

(DataCollector_Deterministic.py:3367795): Gdk-CRITICAL **: 09:29:55.738: gdk_cursor_new_for_display: assertion 'GDK_IS_DISPLAY (display)' failed
Unable to init server: Could not connect: Connection refused

(DataCollector_Deterministic.py:3367806): Gdk-CRITICAL **: 09:29:55.756: gdk_cursor_new_for_display: assertion 'GDK_IS_DISPLAY (display)' failed
Unable to init server: Could not connect: Connection refused

(DataCollector_Deterministic.py:3367801): Gdk-CRITICAL **: 09:29:55.774: gdk_cursor_new_for_display: assertion 'GDK_IS_DISPLAY (display)' failed
Initalising...
Running Sim...
.Initalising...
Running Sim...
.Initalising...
Running Sim...
.Initalising...
Running Sim...
.Initalising...
Running Sim...
.Initalising...
Running Sim...
.Initalising...
Running Sim...
.Initalising...
Running Sim...
.Initalising...
Running Sim...
.Initalising...
Running Sim...
...........................................................................................
[4756 9906]
.
[4908 9616]
.
[4689 9895]
.
[4712 9881]
.
[4748 9873]
.
[4648 9916]
.
[4654 9933]
.
[5423 8593]
.
[6025 7694]
......
[6691 6922]
..............................................................................
[2360 9822]
..
[2272 9816]
..
[2214 9853]
.
[2226 9796]
.
[2295 9709]
.
[2290 9686]
....
[2820 7889]
....................
[3909 5539]
......
[4138 5223]
.....
[5143 4178]
.............................................
[1187 9737]
...
[1101 9702]
.
[1101 9749]
..
[1122 9526]
.
[1177 9479]
....
[1167 9361]
.................................
[1955 5375]
....................................
[3132 3220]
.
[ 645 9658]
.
[2951 3499]
.....
[ 585 9560]
.
[ 584 9643]
..
[4108 2477]
..
[ 633 9134]
.....
[ 658 8784]
....
[ 646 8699]
.......................................................
[ 358 9522]
........
[ 328 9334]
.
[ 349 9492]
............
[ 370 8480]
......
[1505 3344]
........
[ 407 7169]
.......
[ 396 7484]
..........................
[2197 2292]
...
[ 212 9196]
...
[2531 1850]
.....
[3251 1463]
..
[ 205 9231]
..
[ 199 8706]
...........................
[ 237 7468]
.............................
[ 150 8329]
..
[ 270 5922]
...
[ 310 4992]
....
[ 134 8638]
.............
[ 135 7176]
............
[1165 2041]
.........................
[ 159 6058]
.........
[1645 1475]
...
[ 113 6593]
..
[ 109 7426]
.........
[2575  898]
..
[2101 1085]
....................
[ 193 4335]
..
[ 104 5108]
............
[ 253 3194]
......................
[  97 5508]
.....
[ 120 4506]
....
[  85 4583]
................
[ 973 1264]
..............................
[  97 3285]
..
[1236 1003]
.....
[ 153 3048]
........
[2040  566]
.....
[  83 3757]
..
[1750  659]
..........
[ 212 1996]
..
[ 100 3198]
.....
[  71 2960]
...................................................
[809 769]
.
[  84 2075]
.........
[  76 2437]
..
[ 121 2114]
...............
[957 686]
...
[  65 1867]
.....
[  87 2218]
.........
[1611  368]
.........
[ 183 1230]
....
[1459  410]
...............................
[  71 1542]
....
[  76 1293]
...............
[ 108 1409]
........
[  57 1196]
......
[660 493]
..
[  71 1459]
...................
[745 500]
.................
[160 783]
.
[1264  265]
.....
[ 67 979]
..............
[1221  271]
...
[ 72 846]
...............
[ 98 974]
...
[ 63 986]
..............................
[ 60 635]
..
[563 319]
...............
[581 367]
.....
[136 506]
.........
[ 67 537]
.....
[982 185]
........
[ 56 682]
......
[ 82 691]
..............
[1007  180]
.
[ 57 430]
...........................................
[ 64 363]
.......
[467 216]
..
[ 48 466]
....
[447 252]
.
[117 340]
......
[ 56 288]
........
[ 74 480]
...........
[773 136]
......................................
[ 53 205]
..
[ 43 347]
..
[ 61 254]
.
[836 130]
............................
[ 63 349]
........
[106 237]
.......
[342 191]
...
[380 160]
...
[ 51 155]
................
[ 37 259]
..........
[617 100]
......
[ 57 190]
.................
[ 49 127]
................
[ 59 247]
..................
[ 36 196]
.......
[688  99]
....
[ 48 106]
....
[ 92 159]
................
[ 56 135]
..
[255 154]
.............
[46 85]
.....
[323 107]
..........
[ 35 150]
............
[ 50 186]
.......
[45 81]
...
[477  74]
....................
[45 74]
.................
[ 34 124]
..
[ 55 106]
..............
[ 87 116]
....................
[ 47 142]
.
[ 32 107]
.......
[202 110]
.
[579  74]
......................
[31 99]
...
[51 88]
....
[264  81]
....................
[31 95]
....
[383  60]
......../home/s1932078/Documents/MPhys_Project/SRI/src/data_extraction/DataCollector_Deterministic.py:120: UserWarning: Creating legend with loc="best" can be slow with large amounts of data.
  plt.savefig(os.path.join(data_output_path, f'InfectionsVsTimePlot_{name_suffix}.png'))

Data Dump...
....
[ 46 120]
........
[78 85]
..........
[48 65]
.......................
[171  84]
......
[ 41 101]
..............
[46 52]
....
[487  57]
...........
[225  62]
.........
[67 60]
...
[310  50]
...
[38 84]
.........
[46 48]
.............................
[37 79]
....
[146  66]
.....
[45 42]
.........................
[36 71]
........
[43 39]
.....
[63 45]
....................
[36 67]
.....
[42 37]
....
[399  40]
.
[199  52]
.............
[242  43]
.........
[36 65]
.
[42 37]
../home/s1932078/Documents/MPhys_Project/SRI/src/data_extraction/DataCollector_Deterministic.py:120: UserWarning: Creating legend with loc="best" can be slow with large amounts of data.
  plt.savefig(os.path.join(data_output_path, f'InfectionsVsTimePlot_{name_suffix}.png'))

Data Dump...
.../home/s1932078/Documents/MPhys_Project/SRI/src/data_extraction/DataCollector_Deterministic.py:120: UserWarning: Creating legend with loc="best" can be slow with large amounts of data.
  plt.savefig(os.path.join(data_output_path, f'InfectionsVsTimePlot_{name_suffix}.png'))

Data Dump...
.......
[114  59]
..............
[59 36]
.........................
[170  36]
....
[206  35]
.
[94 47]
...
[348  36]
.....
[58 30]
.....................................
[83 41]
.
[54 27]
........
[152  32]
.
[173  31]
..............
[293  26]
............
[50 22]
......
[74 35]
........................
[151  23]
....
[138  29]
.
[48 18]
...............
[65 33]
............
[257  22]
......
[47 17]
......................
[127  20]
.
[57 30]
.......
[47 15]
....
[121  25]
.........................
[46 15]
.....
[52 29]
...........
[236  18]
............
[45 14]
.
[108  20]
..................
[49 28]
..
[112  22]
....
[45 14]
.....................
[45 13]
................
[49 27]
....
[44 12]
..../home/s1932078/Documents/MPhys_Project/SRI/src/data_extraction/DataCollector_Deterministic.py:120: UserWarning: Creating legend with loc="best" can be slow with large amounts of data.
  plt.savefig(os.path.join(data_output_path, f'InfectionsVsTimePlot_{name_suffix}.png'))

Data Dump...
........
[97 19]
.........
[204  16]
.
[46 27]
.........
[104  18]
..........
[44 23]
...................
[40 23]
.......
[87 17]
.........
[40 23]
..../home/s1932078/Documents/MPhys_Project/SRI/src/data_extraction/DataCollector_Deterministic.py:120: UserWarning: Creating legend with loc="best" can be slow with large amounts of data.
  plt.savefig(os.path.join(data_output_path, f'InfectionsVsTimePlot_{name_suffix}.png'))

Data Dump...
.........
[86 17]
.
[168  15]
..........
[80 17]
...................
[83 17]
.......
[78 16]
...
[148  12]
...................
[70 15]
.
[77 16]
.....................
[126   9]
..
[60 15]
.........
[76 14]
............
[58 13]
....................
[70 14]
.
[54 13]
.
[111   9]
..................
[51 13]
.................
[65 14]
.
[51 13]
.................
[50 13]
....
[103   8]
...........
[49 13]
...../home/s1932078/Documents/MPhys_Project/SRI/src/data_extraction/DataCollector_Deterministic.py:120: UserWarning: Creating legend with loc="best" can be slow with large amounts of data.
  plt.savefig(os.path.join(data_output_path, f'InfectionsVsTimePlot_{name_suffix}.png'))

Data Dump...
..
[63 14]
................
[60 14]
....
[95  8]
............
[56 14]
...............
[53 14]
..
[92  7]
............
[52 14]
..............
[51 14]
........
[84  7]
......
[51 13]
.............
[50 13]
.............
[50 13]
....../home/s1932078/Documents/MPhys_Project/SRI/src/data_extraction/DataCollector_Deterministic.py:120: UserWarning: Creating legend with loc="best" can be slow with large amounts of data.
  plt.savefig(os.path.join(data_output_path, f'InfectionsVsTimePlot_{name_suffix}.png'))

Data Dump...
.
[79  7]
..........
[75  7]
..........
[69  7]
..........
[63  7]
..........
[59  7]
..........
[56  7]
..........
[52  7]
..........
[50  7]
..........
[49  7]
..........
[49  7]
..........
[48  7]
..........
[48  7]
..........
[48  7]
......../home/s1932078/Documents/MPhys_Project/SRI/src/data_extraction/DataCollector_Deterministic.py:120: UserWarning: Creating legend with loc="best" can be slow with large amounts of data.
  plt.savefig(os.path.join(data_output_path, f'InfectionsVsTimePlot_{name_suffix}.png'))

Data Dump...
Low 1 1
Done
slurmstepd-phcompute025: error: Detected 2 oom-kill event(s) in StepId=810875.batch. Some of your processes may have been killed by the cgroup out-of-memory handler.
