Unable to init server: Could not connect: Connection refused
Unable to init server: Could not connect: Connection refused
Unable to init server: Could not connect: Connection refused
Unable to init server: Could not connect: Connection refused
Unable to init server: Could not connect: Connection refused
Unable to init server: Could not connect: Connection refused
Unable to init server: Could not connect: Connection refused

(DataCollector_Deterministic.py:3367763): Gdk-CRITICAL **: 09:29:55.544: gdk_cursor_new_for_display: assertion 'GDK_IS_DISPLAY (display)' failed
Unable to init server: Could not connect: Connection refused

(DataCollector_Deterministic.py:3367765): Gdk-CRITICAL **: 09:29:55.576: gdk_cursor_new_for_display: assertion 'GDK_IS_DISPLAY (display)' failed
Unable to init server: Could not connect: Connection refused
Unable to init server: Could not connect: Connection refused
Unable to init server: Could not connect: Connection refused

(DataCollector_Deterministic.py:3367781): Gdk-CRITICAL **: 09:29:55.636: gdk_cursor_new_for_display: assertion 'GDK_IS_DISPLAY (display)' failed
Unable to init server: Could not connect: Connection refused
Unable to init server: Could not connect: Connection refused

(DataCollector_Deterministic.py:3367785): Gdk-CRITICAL **: 09:29:55.648: gdk_cursor_new_for_display: assertion 'GDK_IS_DISPLAY (display)' failed
Unable to init server: Could not connect: Connection refused

(DataCollector_Deterministic.py:3367771): Gdk-CRITICAL **: 09:29:55.651: gdk_cursor_new_for_display: assertion 'GDK_IS_DISPLAY (display)' failed
Unable to init server: Could not connect: Connection refused
Unable to init server: Could not connect: Connection refused

(DataCollector_Deterministic.py:3367775): Gdk-CRITICAL **: 09:29:55.708: gdk_cursor_new_for_display: assertion 'GDK_IS_DISPLAY (display)' failed
Unable to init server: Could not connect: Connection refused

(DataCollector_Deterministic.py:3367799): Gdk-CRITICAL **: 09:29:55.758: gdk_cursor_new_for_display: assertion 'GDK_IS_DISPLAY (display)' failed
Unable to init server: Could not connect: Connection refused

(DataCollector_Deterministic.py:3367805): Gdk-CRITICAL **: 09:29:55.767: gdk_cursor_new_for_display: assertion 'GDK_IS_DISPLAY (display)' failed
Unable to init server: Could not connect: Connection refused

(DataCollector_Deterministic.py:3367791): Gdk-CRITICAL **: 09:29:55.774: gdk_cursor_new_for_display: assertion 'GDK_IS_DISPLAY (display)' failed
Unable to init server: Could not connect: Connection refused

(DataCollector_Deterministic.py:3367808): Gdk-CRITICAL **: 09:29:55.904: gdk_cursor_new_for_display: assertion 'GDK_IS_DISPLAY (display)' failed
Initalising...
Running Sim...
.Initalising...
Running Sim...
.Initalising...
Running Sim...
.Initalising...
Running Sim...
.Initalising...
Running Sim...
.Initalising...
Running Sim...
.Initalising...
Running Sim...
.Initalising...
Running Sim...
.Initalising...
Running Sim...
.Initalising...
Running Sim...
...........................................................................................
[4696 9840]
.
[4659 9826]
.
[4689 9820]
.
[4694 9829]
.
[4738 9737]
.
[4679 9831]
.
[4864 9541]
.
[5250 8743]
.
[5356 8614]
.
[5492 8417]
.....................................................................................
[2282 9606]
.
[2316 9529]
.
[2208 9680]
.
[2273 9644]
.
[2282 9573]
..
[2287 9361]
...........
[2960 7247]
.......
[3152 6791]
...
[3464 6092]
.....
[3853 5561]
........................................................
[1141 9305]
.
[1088 9536]
..
[1170 9457]
.
[1219 9021]
...
[1177 9045]
.....
[1215 8683]
..........................................
[2194 4523]
.
[2097 4876]
................
[2463 4079]
....
[2961 3387]
.......
[ 567 9376]
...
[ 657 9219]
.
[ 628 8782]
......
[ 697 8035]
........
[ 689 7751]
.....
[ 647 7655]
.................................................
[ 333 9192]
........
[ 376 8884]
.......
[ 380 7779]
...............
[1443 3295]
.
[ 429 6534]
........
[1744 2654]
.......
[ 414 6303]
..
[ 473 5878]
.....
[1865 2615]
.........
[2327 2015]
.
[ 197 8990]
................
[ 236 8261]
........................
[ 265 6267]
................
[ 119 8832]
..............
[ 300 4815]
...............
[ 302 4820]
.....
[ 162 7345]
.......
[ 361 4033]
....
[1057 2242]
.......
[  76 8638]
.............
[1417 1529]
.........
[1480 1627]
....
[ 202 4630]
.......
[1872 1239]
.........
[  63 8476]
...............
[ 115 5920]
.................
[ 219 3349]
.......
[  49 8317]
..........
[ 229 3530]
...................
[  44 8135]
........
[ 271 2639]
..................
[  41 7972]
..
[ 761 1507]
.
[ 163 3219]
.............../home/s1932078/Documents/MPhys_Project/SRI/src/data_extraction/DataCollector_Deterministic.py:120: UserWarning: Creating legend with loc="best" can be slow with large amounts of data.
  plt.savefig(os.path.join(data_output_path, f'InfectionsVsTimePlot_{name_suffix}.png'))

Data Dump...
..
[  90 4421]
...............
[1182  882]
..
[1169 1067]
........
[1497  792]
.........
[ 177 2233]
..........
[ 176 2418]
.....................
[  70 3130]
...
[ 216 1630]
.....
[ 136 2184]
................
[ 577 1026]
.................................
[ 133 1493]
.
[922 706]
.
[995 553]
..
[ 137 1667]
.....
[1216  497]
....
[  63 2079]
..................
[ 110 1426]
.........
[ 178 1032]
.........................
[431 703]
................
[  56 1398]
....
[ 111 1001]
....
[ 116 1154]
................
[731 455]
.....
[ 93 981]
...
[828 345]
...
[991 335]
.................
[145 686]
.............
[ 53 931]
...............
[322 489]
.......
[ 98 781]
..
[ 99 672]
...................
[ 82 673]
....................
[ 45 646]
..
[596 311]
..............
[812 217]
...
[707 227]
....
[129 468]
.................
[ 77 539]
......
[ 90 470]
.....
[253 352]
........
[ 71 498]
...
[ 40 445]
.....................................................
[487 222]
..
[ 38 328]
...
[ 65 374]
....
[110 336]
.....
[673 151]
....
[ 81 332]
.....
[ 64 335]
.....
[593 158]
..............
[211 258]
.........
[ 37 243]
.................................
[ 60 257]
.............
[ 34 201]
....
[ 61 255]
....
[ 72 249]
............
[ 90 242]
........
[382 158]
..........
[ 33 160]
.........
[550 100]
.............
[169 201]
..........
[ 31 140]
....
[499 117]
.
[ 55 206]
...............
[ 57 189]
.......
[ 29 134]
........../home/s1932078/Documents/MPhys_Project/SRI/src/data_extraction/DataCollector_Deterministic.py:120: UserWarning: Creating legend with loc="best" can be slow with large amounts of data.
  plt.savefig(os.path.join(data_output_path, f'InfectionsVsTimePlot_{name_suffix}.png'))

Data Dump...
...
[ 65 182]
........................
[ 79 177]
.............
[ 47 156]
.......
[ 52 151]
..
[314 123]
..............
[135 162]
.....
[449  74]
...
[ 55 157]
.......................
[ 45 123]
...
[429  82]
....
[ 46 115]
............
[ 67 132]
..........................
[ 50 130]
.....
[ 41 107]
........
[45 99]
.....
[113 125]
.....
[266  91]
..............................
[368  50]
..
[37 92]
...
[41 76]
............
[ 59 103]
.
[ 46 112]
..........................
[364  63]
..
[34 78]
...
[41 70]
......................
[100  98]
...............
[41 66]
.
[34 73]
.....
[44 89]
.............
[224  70]
...............
[32 69]
.
[40 61]
...................../home/s1932078/Documents/MPhys_Project/SRI/src/data_extraction/DataCollector_Deterministic.py:120: UserWarning: Creating legend with loc="best" can be slow with large amounts of data.
  plt.savefig(os.path.join(data_output_path, f'InfectionsVsTimePlot_{name_suffix}.png'))

Data Dump...
../home/s1932078/Documents/MPhys_Project/SRI/src/data_extraction/DataCollector_Deterministic.py:120: UserWarning: Creating legend with loc="best" can be slow with large amounts of data.
  plt.savefig(os.path.join(data_output_path, f'InfectionsVsTimePlot_{name_suffix}.png'))

Data Dump...

[51 87]
...........
[309  42]
....
[42 78]
.................
[83 79]
..............
[39 70]
.
[308  52]
..............
[44 70]
....
[194  57]
.........
[38 65]
.......................
[37 61]
...
[73 69]
....
[262  35]
...............
[36 57]
..............
[41 64]
./home/s1932078/Documents/MPhys_Project/SRI/src/data_extraction/DataCollector_Deterministic.py:120: UserWarning: Creating legend with loc="best" can be slow with large amounts of data.
  plt.savefig(os.path.join(data_output_path, f'InfectionsVsTimePlot_{name_suffix}.png'))

Data Dump...
................
[261  34]
.
[159  43]
........
[66 59]
.............
[41 58]
.........
[225  28]
................
[62 54]
.......
[139  34]
.....
[38 54]
............
[223  25]
................
[58 53]
........
[35 50]
.
[198  20]
..................
[126  29]
.........
[54 48]
......
[33 46]
........................
[201  21]
......
[50 43]
..
[32 40]
......
[174  17]
...............
[109  26]
.......
[32 37]
.....
[46 42]
.......................
[32 36]
.........
[46 42]
.................
[32 36]
...............
[46 42]
....
[157  16]
...
[30 35]
.
[178  14]
.
[102  25]
./home/s1932078/Documents/MPhys_Project/SRI/src/data_extraction/DataCollector_Deterministic.py:120: UserWarning: Creating legend with loc="best" can be slow with large amounts of data.
  plt.savefig(os.path.join(data_output_path, f'InfectionsVsTimePlot_{name_suffix}.png'))

Data Dump...
..........
[44 42]
........../home/s1932078/Documents/MPhys_Project/SRI/src/data_extraction/DataCollector_Deterministic.py:120: UserWarning: Creating legend with loc="best" can be slow with large amounts of data.
  plt.savefig(os.path.join(data_output_path, f'InfectionsVsTimePlot_{name_suffix}.png'))

Data Dump...
................
[93 23]
....
[139  14]
.........
[158  14]
...........
[83 23]
............
[123  14]
...........
[79 23]
.......
[140  11]
..............
[112  12]
.
[71 23]
.....................
[67 22]
......
[122  10]
......
[101  12]
........
[62 21]
...................
[60 21]
...........
[88 11]
......
[58 21]
...
[105  10]
..............
[55 21]
...............
[54 20]
../home/s1932078/Documents/MPhys_Project/SRI/src/data_extraction/DataCollector_Deterministic.py:120: UserWarning: Creating legend with loc="best" can be slow with large amounts of data.
  plt.savefig(os.path.join(data_output_path, f'InfectionsVsTimePlot_{name_suffix}.png'))

Data Dump...
..
[82 10]
............
[93 10]
....
[74 10]
................
[69 10]
........
[85 10]
.......
[67 10]
..............
[63 10]
...........
[81 10]
....
[59 10]
.............
[55 10]
.............
[53 10]
............
[77  9]
.
[53 10]
.../home/s1932078/Documents/MPhys_Project/SRI/src/data_extraction/DataCollector_Deterministic.py:120: UserWarning: Creating legend with loc="best" can be slow with large amounts of data.
  plt.savefig(os.path.join(data_output_path, f'InfectionsVsTimePlot_{name_suffix}.png'))

Data Dump...
.........
[66  9]
..........
[61  9]
..........
[59  9]
..........
[55  9]
..........
[53  9]
..........
[50  9]
..........
[48  8]
..........
[47  8]
..........
[45  8]
..........
[44  8]
..........
[43  8]
..........
[43  7]
....../home/s1932078/Documents/MPhys_Project/SRI/src/data_extraction/DataCollector_Deterministic.py:120: UserWarning: Creating legend with loc="best" can be slow with large amounts of data.
  plt.savefig(os.path.join(data_output_path, f'InfectionsVsTimePlot_{name_suffix}.png'))

Data Dump...
Low 1 2
Done
