Unable to init server: Could not connect: Connection refused
Unable to init server: Could not connect: Connection refused

(DataCollector_Deterministic.py:4122410): Gdk-CRITICAL **: 01:01:08.647: gdk_cursor_new_for_display: assertion 'GDK_IS_DISPLAY (display)' failed
Unable to init server: Could not connect: Connection refused
Unable to init server: Could not connect: Connection refused
Unable to init server: Could not connect: Connection refused
Unable to init server: Could not connect: Connection refused
Unable to init server: Could not connect: Connection refused

(DataCollector_Deterministic.py:4122415): Gdk-CRITICAL **: 01:01:08.940: gdk_cursor_new_for_display: assertion 'GDK_IS_DISPLAY (display)' failed
Unable to init server: Could not connect: Connection refused
Unable to init server: Could not connect: Connection refused

(DataCollector_Deterministic.py:4122452): Gdk-CRITICAL **: 01:01:08.990: gdk_cursor_new_for_display: assertion 'GDK_IS_DISPLAY (display)' failed
Unable to init server: Could not connect: Connection refused
Unable to init server: Could not connect: Connection refused
Unable to init server: Could not connect: Connection refused
Unable to init server: Could not connect: Connection refused

(DataCollector_Deterministic.py:4122443): Gdk-CRITICAL **: 01:01:09.017: gdk_cursor_new_for_display: assertion 'GDK_IS_DISPLAY (display)' failed
Unable to init server: Could not connect: Connection refused

(DataCollector_Deterministic.py:4122474): Gdk-CRITICAL **: 01:01:09.028: gdk_cursor_new_for_display: assertion 'GDK_IS_DISPLAY (display)' failed
Unable to init server: Could not connect: Connection refused
Unable to init server: Could not connect: Connection refused
Unable to init server: Could not connect: Connection refused
Unable to init server: Could not connect: Connection refused

(DataCollector_Deterministic.py:4122539): Gdk-CRITICAL **: 01:01:09.182: gdk_cursor_new_for_display: assertion 'GDK_IS_DISPLAY (display)' failed
Unable to init server: Could not connect: Connection refused

(DataCollector_Deterministic.py:4122545): Gdk-CRITICAL **: 01:01:09.194: gdk_cursor_new_for_display: assertion 'GDK_IS_DISPLAY (display)' failed

(DataCollector_Deterministic.py:4122502): Gdk-CRITICAL **: 01:01:09.197: gdk_cursor_new_for_display: assertion 'GDK_IS_DISPLAY (display)' failed
Unable to init server: Could not connect: Connection refused

(DataCollector_Deterministic.py:4122486): Gdk-CRITICAL **: 01:01:09.212: gdk_cursor_new_for_display: assertion 'GDK_IS_DISPLAY (display)' failed

(DataCollector_Deterministic.py:4122526): Gdk-CRITICAL **: 01:01:09.213: gdk_cursor_new_for_display: assertion 'GDK_IS_DISPLAY (display)' failed
Initalising...
Running Sim...

Data Dump...
Initalising...
Running Sim...
.Initalising...
Running Sim...
.Initalising...
Running Sim...
.Initalising...
Running Sim...
.Initalising...
Running Sim...
.Initalising...
Running Sim...
.Initalising...
Running Sim...
.Initalising...
Running Sim...
.Initalising...
Running Sim...
.................................................................................
[9237 4740]
..
[4695 9359]
.
[4680 9345]
.
[9450 4621]
.
[9599 4591]
.
[9603 4580]
..
[7317 5992]
.
[8176 5372]
.
[9687 4515]
.......................................................................
[8465 2305]
..
[2279 8695]
..
[2258 8685]
...........
[9205 2150]
.
[8873 2240]
.
[9269 2175]
.....
[9375 2078]
......
[6488 2999]
...
[5254 3721]
............................................
[7666 1188]
.........
[1170 8043]
...
[1108 8078]
.................
[8783 1109]
..
[8220 1115]
....
[8881 1062]
.......
[9048 1024]
...................
[5025 1774]
........
[3740 2363]
.....
[6884  649]
..............
[ 632 7343]
..
[ 584 7400]
...........................
[8372  558]
........
[7547  619]
...
[8491  544]
............
[6069  353]
.
[8706  495]
.....................
[ 368 6663]
.....
[ 348 6763]
.............
[3779 1086]
................
[2645 1542]
....
[5265  223]
..........
[7982  320]
................
[6757  346]
..
[8120  278]
...
[ 222 6012]
...........
[ 208 6117]
.
[8357  279]
............
[4435  143]
..............................................
[ 143 5300]
.
[3606   96]
.......
[7539  202]
.......
[ 138 5431]
...
[2772  693]
....................
[5938  215]
.
[7650  163]
.
[2760   68]
....
[1896  989]
...................
[7949  164]
......
[1902   60]
.....
[  98 4656]
............/home/s1932078/Documents/MPhys_Project/SRI/src/data_extraction/DataCollector_Deterministic.py:120: UserWarning: Creating legend with loc="best" can be slow with large amounts of data.
  plt.savefig(os.path.join(data_output_path, f'InfectionsVsTimePlot_{name_suffix}.png'))

Data Dump...
......
[  90 4762]
........................
[7087  123]
...........
[  71 4000]
...............
[  68 4114]
.....
[7173  104]
......
[5083  134]
..........
[2041  456]
........
[  60 3321]
......
[7554   95]
..........
[  46 3442]
....
[1316  663]
...............
[6627   82]
..
[  50 2650]
.......................
[  40 2767]
.........
[  45 1957]
....................../home/s1932078/Documents/MPhys_Project/SRI/src/data_extraction/DataCollector_Deterministic.py:120: UserWarning: Creating legend with loc="best" can be slow with large amounts of data.
  plt.savefig(os.path.join(data_output_path, f'InfectionsVsTimePlot_{name_suffix}.png'))

Data Dump...
...
[6677   76]
..
[  37 2059]
..........
[4184   95]
...........
[  36 1349]
./home/s1932078/Documents/MPhys_Project/SRI/src/data_extraction/DataCollector_Deterministic.py:120: UserWarning: Creating legend with loc="best" can be slow with large amounts of data.
  plt.savefig(os.path.join(data_output_path, f'InfectionsVsTimePlot_{name_suffix}.png'))

Data Dump...
........
[7135   61]
.
[6160   60]
....
[1472  332]
............
[918 450]
...................
[6126   59]
..........
[3302   65]
..
[5622   44]
...............
[6703   43]
...........
[1057  237]
............
[636 323]
......
[5069   35]
.....
[5531   44]
.............
[2549   49]
................
[6246   33]
.............
[4485   31]
...
[736 188]
............
[457 240]
..
[4898   31]
...............
[1934   43]
............
[3910   29]
..........
[5741   21]
...............
[524 145]
.........
[333 182]
..
[4263   26]
.......
[3301   25]
........
[1474   37]
..............................
[5220   18]
.......
[2730   21]
..
[392 108]
.
[238 153]
...............
[3620   23]
......
[1081   30]
.......................
[2190   19]
....
[185 114]
..........
[289  93]
...................
[4635   15]
.......
[812  24]
.......
[1763   16]
.
[149  86]
..
[3046   18]
......................
[220  81]
..........
[116  63]
..................
[1352   16]
......./home/s1932078/Documents/MPhys_Project/SRI/src/data_extraction/DataCollector_Deterministic.py:120: UserWarning: Creating legend with loc="best" can be slow with large amounts of data.
  plt.savefig(os.path.join(data_output_path, f'InfectionsVsTimePlot_{name_suffix}.png'))

[71 44]

Data Dump...
..
[586  23]
...........
[162  64]
.....................
[1053   16]
..
[4097   13]
.......
[2531   16]
.
[121  46]
.........
[424  21]
...../home/s1932078/Documents/MPhys_Project/SRI/src/data_extraction/DataCollector_Deterministic.py:120: UserWarning: Creating legend with loc="best" can be slow with large amounts of data.
  plt.savefig(os.path.join(data_output_path, f'InfectionsVsTimePlot_{name_suffix}.png'))

Data Dump...
..........
[801  15]
....................
[313  19]
..
[564  15]
............/home/s1932078/Documents/MPhys_Project/SRI/src/data_extraction/DataCollector_Deterministic.py:120: UserWarning: Creating legend with loc="best" can be slow with large amounts of data.
  plt.savefig(os.path.join(data_output_path, f'InfectionsVsTimePlot_{name_suffix}.png'))

Data Dump...
........
[217  17]
......../home/s1932078/Documents/MPhys_Project/SRI/src/data_extraction/DataCollector_Deterministic.py:120: UserWarning: Creating legend with loc="best" can be slow with large amounts of data.
  plt.savefig(os.path.join(data_output_path, f'InfectionsVsTimePlot_{name_suffix}.png'))

Data Dump...
.
[2077   13]
..
[3549   11]
................
[1666   12]
......
[3065    9]
...........
[1297   12]
.............
[2618    9]
....
[1031   12]
................
[809  12]
.......
[2202    9]
........
[630  12]
...............
[487  12]
..........
[1807    7]
...
[363  12]
.............
[246  11]
../home/s1932078/Documents/MPhys_Project/SRI/src/data_extraction/DataCollector_Deterministic.py:120: UserWarning: Creating legend with loc="best" can be slow with large amounts of data.
  plt.savefig(os.path.join(data_output_path, f'InfectionsVsTimePlot_{name_suffix}.png'))

Data Dump...
......
[1487    7]
..........
[1168    7]
..........
[959   7]
..........
[766   6]
..........
[605   6]
..........
[470   6]
..........
[385   5]
..........
[287   5]
..........
[213   5]
.../home/s1932078/Documents/MPhys_Project/SRI/src/data_extraction/DataCollector_Deterministic.py:120: UserWarning: Creating legend with loc="best" can be slow with large amounts of data.
  plt.savefig(os.path.join(data_output_path, f'InfectionsVsTimePlot_{name_suffix}.png'))

Data Dump...
No 1 8
Done
