Unable to init server: Could not connect: Connection refused
Unable to init server: Could not connect: Connection refused
Unable to init server: Could not connect: Connection refused
Unable to init server: Could not connect: Connection refused

(DataCollector_Deterministic.py:4122411): Gdk-CRITICAL **: 01:01:08.854: gdk_cursor_new_for_display: assertion 'GDK_IS_DISPLAY (display)' failed
Unable to init server: Could not connect: Connection refused
Unable to init server: Could not connect: Connection refused

(DataCollector_Deterministic.py:4122414): Gdk-CRITICAL **: 01:01:08.944: gdk_cursor_new_for_display: assertion 'GDK_IS_DISPLAY (display)' failed
Unable to init server: Could not connect: Connection refused
Unable to init server: Could not connect: Connection refused
Unable to init server: Could not connect: Connection refused
Unable to init server: Could not connect: Connection refused
Unable to init server: Could not connect: Connection refused
Unable to init server: Could not connect: Connection refused

(DataCollector_Deterministic.py:4122435): Gdk-CRITICAL **: 01:01:09.005: gdk_cursor_new_for_display: assertion 'GDK_IS_DISPLAY (display)' failed
Unable to init server: Could not connect: Connection refused
Unable to init server: Could not connect: Connection refused

(DataCollector_Deterministic.py:4122450): Gdk-CRITICAL **: 01:01:09.080: gdk_cursor_new_for_display: assertion 'GDK_IS_DISPLAY (display)' failed
Unable to init server: Could not connect: Connection refused

(DataCollector_Deterministic.py:4122521): Gdk-CRITICAL **: 01:01:09.103: gdk_cursor_new_for_display: assertion 'GDK_IS_DISPLAY (display)' failed
Unable to init server: Could not connect: Connection refused
Unable to init server: Could not connect: Connection refused

(DataCollector_Deterministic.py:4122485): Gdk-CRITICAL **: 01:01:09.162: gdk_cursor_new_for_display: assertion 'GDK_IS_DISPLAY (display)' failed
Unable to init server: Could not connect: Connection refused

(DataCollector_Deterministic.py:4122470): Gdk-CRITICAL **: 01:01:09.169: gdk_cursor_new_for_display: assertion 'GDK_IS_DISPLAY (display)' failed

(DataCollector_Deterministic.py:4122508): Gdk-CRITICAL **: 01:01:09.185: gdk_cursor_new_for_display: assertion 'GDK_IS_DISPLAY (display)' failed
Unable to init server: Could not connect: Connection refused

(DataCollector_Deterministic.py:4122535): Gdk-CRITICAL **: 01:01:09.193: gdk_cursor_new_for_display: assertion 'GDK_IS_DISPLAY (display)' failed
Unable to init server: Could not connect: Connection refused

(DataCollector_Deterministic.py:4122546): Gdk-CRITICAL **: 01:01:09.229: gdk_cursor_new_for_display: assertion 'GDK_IS_DISPLAY (display)' failed
Initalising...
Running Sim...

Data Dump...
Initalising...
Running Sim...

Data Dump...
Initalising...
Running Sim...
.Initalising...
Running Sim...
.Initalising...
Running Sim...
.Initalising...
Running Sim...
.Initalising...
Running Sim...
.Initalising...
Running Sim...
.Initalising...
Running Sim...
.Initalising...
Running Sim...
.........................................................................
[4732 9292]
.
[8763 4977]
.
[5149 8481]
.
[5114 8566]
.
[9572 4679]
.
[5215 8274]
.
[9515 4636]
.
[9681 4556]
..................................................................
[2241 8553]
.........
[7382 2611]
.
[9008 2168]
.
[9179 2189]
.
[2814 7016]
..
[2834 6770]
.
[2834 6624]
.
[9388 2156]
......................................................
[1130 7801]
..................
[8470 1073]
.
[5893 1490]
..
[8784 1049]
...
[1593 5623]
..
[9046 1053]
....
[1640 5104]
..
[1767 4984]
..................................
[ 620 7010]
..............................
[7871  537]
....
[8377  514]
..
[4495  909]
...
[ 949 4401]
...
[8742  531]
...........
[ 989 3773]
.......
[1153 3534]
.
[ 366 6262]
.................................................
[7322  295]
...
[7931  282]
....
[ 227 5545]
..
[3291  582]
...
[ 590 3296]
.
[8388  296]
.......................
[ 610 2780]
.............
[ 766 2455]
..........
[ 149 4731]
.....................
[6715  171]
.....
[7430  160]
..........
[2344  402]
...
[8041  183]
.
[ 404 2445]
.......
[ 111 3967]
.....................
[ 400 1978]
.....................
[  86 3244]
......
[ 552 1669]
..............
[6068   94]
......
[6957  100]
..........
[  68 2525]
...
[ 260 1760]
...
[1620  290]
.
[7693  115]
...........................
[  61 1780]
..........
[ 274 1390]
..................
[ 57 966]
..................../home/s1932078/Documents/MPhys_Project/SRI/src/data_extraction/DataCollector_Deterministic.py:120: UserWarning: Creating legend with loc="best" can be slow with large amounts of data.
  plt.savefig(os.path.join(data_output_path, f'InfectionsVsTimePlot_{name_suffix}.png'))

Data Dump...
....
[5333   57]
..
[ 383 1181]
...
[6411   59]
.
[ 197 1239]
..........
[1106  206]
...
[7320   76]
........................
[200 977]
..................
[145 877]
...............
[4627   41]
.....
[767 157]
.
[5811   39]
....
[282 787]
..........
[6942   54]
............
[114 588]
.....
[150 680]
..........................
[552 112]
......
[ 71 348]
........................
[3905   28]
..
[ 47 147]
../home/s1932078/Documents/MPhys_Project/SRI/src/data_extraction/DataCollector_Deterministic.py:120: UserWarning: Creating legend with loc="best" can be slow with large amounts of data.
  plt.savefig(os.path.join(data_output_path, f'InfectionsVsTimePlot_{name_suffix}.png'))

Data Dump...
..
[5240   31]
......
[104 469]
.
[213 559]
..........
[387  82]
..
[6573   40]
...........................
[234  62]
......
[ 82 326]
........./home/s1932078/Documents/MPhys_Project/SRI/src/data_extraction/DataCollector_Deterministic.py:120: UserWarning: Creating legend with loc="best" can be slow with large amounts of data.
  plt.savefig(os.path.join(data_output_path, f'InfectionsVsTimePlot_{name_suffix}.png'))

Data Dump...
...................
[ 55 184]
.
[3243   20]
...
[161 414]
....
[4659   23]
.../home/s1932078/Documents/MPhys_Project/SRI/src/data_extraction/DataCollector_Deterministic.py:120: UserWarning: Creating legend with loc="best" can be slow with large amounts of data.
  plt.savefig(os.path.join(data_output_path, f'InfectionsVsTimePlot_{name_suffix}.png'))

Data Dump...
............
[6126   32]
.................
[126 297]
.......
[2638   15]
......
[4106   19]
..............
[ 97 206]
.....
[5707   26]
................
[ 70 125]
.........../home/s1932078/Documents/MPhys_Project/SRI/src/data_extraction/DataCollector_Deterministic.py:120: UserWarning: Creating legend with loc="best" can be slow with large amounts of data.
  plt.savefig(os.path.join(data_output_path, f'InfectionsVsTimePlot_{name_suffix}.png'))

Data Dump...
..
[2089   13]
....
[3551   15]
...............
[5280   21]
........
[1682   11]
........
[3035   14]
................
[1274    9]
...
[4836   16]
.............
[2520   12]
.......
[963   8]
....................
[4388   11]
.
[701   8]
.........
[2043   12]
..........
[472   7]
.................
[269   7]
........../home/s1932078/Documents/MPhys_Project/SRI/src/data_extraction/DataCollector_Deterministic.py:120: UserWarning: Creating legend with loc="best" can be slow with large amounts of data.
  plt.savefig(os.path.join(data_output_path, f'InfectionsVsTimePlot_{name_suffix}.png'))

Data Dump...
..
[1659   11]
.
[3895   11]
.................
[1310   10]
.......
[3436    8]
.........
[1038   10]
...............
[775  10]
....
[2958    8]
...........
[564  10]
.............
[361  10]
.............
[121  10]
./home/s1932078/Documents/MPhys_Project/SRI/src/data_extraction/DataCollector_Deterministic.py:120: UserWarning: Creating legend with loc="best" can be slow with large amounts of data.
  plt.savefig(os.path.join(data_output_path, f'InfectionsVsTimePlot_{name_suffix}.png'))

Data Dump...

[2553    8]
..........
[2180    8]
..........
[1815    7]
..........
[1501    7]
..........
[1226    7]
..........
[993   7]
..........
[812   7]
..........
[614   6]
..........
[399   6]
..........
[157   6]
./home/s1932078/Documents/MPhys_Project/SRI/src/data_extraction/DataCollector_Deterministic.py:120: UserWarning: Creating legend with loc="best" can be slow with large amounts of data.
  plt.savefig(os.path.join(data_output_path, f'InfectionsVsTimePlot_{name_suffix}.png'))

Data Dump...
No 1 9
Done
