Unable to init server: Could not connect: Connection refused
Unable to init server: Could not connect: Connection refused
Unable to init server: Could not connect: Connection refused
Unable to init server: Could not connect: Connection refused
Unable to init server: Could not connect: Connection refused

(DataCollector_Deterministic.py:4121819): Gdk-CRITICAL **: 01:01:00.851: gdk_cursor_new_for_display: assertion 'GDK_IS_DISPLAY (display)' failed
Unable to init server: Could not connect: Connection refused
Unable to init server: Could not connect: Connection refused
Unable to init server: Could not connect: Connection refused

(DataCollector_Deterministic.py:4121860): Gdk-CRITICAL **: 01:01:01.007: gdk_cursor_new_for_display: assertion 'GDK_IS_DISPLAY (display)' failed
Unable to init server: Could not connect: Connection refused
Unable to init server: Could not connect: Connection refused

(DataCollector_Deterministic.py:4121823): Gdk-CRITICAL **: 01:01:01.021: gdk_cursor_new_for_display: assertion 'GDK_IS_DISPLAY (display)' failed
Unable to init server: Could not connect: Connection refused

(DataCollector_Deterministic.py:4121902): Gdk-CRITICAL **: 01:01:01.030: gdk_cursor_new_for_display: assertion 'GDK_IS_DISPLAY (display)' failed
Unable to init server: Could not connect: Connection refused

(DataCollector_Deterministic.py:4121939): Gdk-CRITICAL **: 01:01:01.035: gdk_cursor_new_for_display: assertion 'GDK_IS_DISPLAY (display)' failed
Unable to init server: Could not connect: Connection refused
Unable to init server: Could not connect: Connection refused

(DataCollector_Deterministic.py:4121877): Gdk-CRITICAL **: 01:01:01.059: gdk_cursor_new_for_display: assertion 'GDK_IS_DISPLAY (display)' failed
Unable to init server: Could not connect: Connection refused
Unable to init server: Could not connect: Connection refused
Unable to init server: Could not connect: Connection refused

(DataCollector_Deterministic.py:4121987): Gdk-CRITICAL **: 01:01:01.201: gdk_cursor_new_for_display: assertion 'GDK_IS_DISPLAY (display)' failed
Unable to init server: Could not connect: Connection refused

(DataCollector_Deterministic.py:4121945): Gdk-CRITICAL **: 01:01:01.211: gdk_cursor_new_for_display: assertion 'GDK_IS_DISPLAY (display)' failed
Unable to init server: Could not connect: Connection refused

(DataCollector_Deterministic.py:4122007): Gdk-CRITICAL **: 01:01:01.219: gdk_cursor_new_for_display: assertion 'GDK_IS_DISPLAY (display)' failed
Unable to init server: Could not connect: Connection refused

(DataCollector_Deterministic.py:4121977): Gdk-CRITICAL **: 01:01:01.235: gdk_cursor_new_for_display: assertion 'GDK_IS_DISPLAY (display)' failed
Initalising...
Running Sim...

Data Dump...
Initalising...
Running Sim...
.Initalising...
Running Sim...
.Initalising...
Running Sim...
.Initalising...
Running Sim...
.Initalising...
Running Sim...
.Initalising...
Running Sim...
.Initalising...
Running Sim...
.Initalising...
Running Sim...
.Initalising...
Running Sim...
..................................................................................
[4715 9995]
.
[4722 9998]
.
[4755 9943]
.
[4829 9707]
.
[4854 9783]
.
[4801 9842]
.
[4653 9980]
.
[4865 9602]
.
[4636 9989]
...............................................................................
[2282 9987]
..
[2256 9998]
.
[2344 9836]
.
[2311 9938]
...
[2256 9945]
...
[2467 8972]
.
[2703 8297]
...
[2692 8235]
..
[2951 7419]
.................................................................
[1126 9916]
.
[1150 9998]
...
[1177 9611]
.
[1176 9847]
..
[1144 9792]
.......................
[1514 6977]
......
[1827 5814]
....
[1720 6144]
.........
[2185 4633]
.........................
[ 596 9998]
.
[ 628 9699]
....
[ 633 9672]
....
[ 635 9105]
......
[ 639 9157]
.....................................................
[ 321 9996]
.....
[ 363 9036]
.
[1064 4727]
....
[ 377 9218]
.....
[1229 4224]
.
[1415 3626]
......
[ 404 8110]
.........
[ 427 7660]
.....
[1764 2747]
.......................
[ 196 9976]
.....................
[ 242 7580]
...
[ 230 8193]
....................
[ 297 6723]
......
[ 118 9923]
..............
[ 309 5638]
........
[ 811 2984]
........
[ 929 2820]
......
[1130 2198]
...........
[  85 9648]
....
[ 164 6537]
..
[ 190 5544]
.....
[1470 1610]
......................
[ 221 5172]
........
[  67 8461]
.............................
[ 244 3750]
...........
[ 127 4789]
............
[ 660 1849]
.
[ 159 3705]
.
[  60 6018]
....
[ 720 1869]
.......
[ 905 1317]
.........
[ 179 3744]
................
[1228  985]
...........................
[ 108 3254]
.
[  56 3811]
.....
[ 195 2364]
..................
[ 138 2341]
................
[ 151 2589]
...
[ 575 1195]
...
[ 528 1102]
...........
[741 815]
...........
[  54 2282]
...........
[  98 2133]
..
[1028  591]
...................
[ 160 1495]
.........
[ 124 1467]
............
[ 129 1765]
..............
[  52 1348]
......
[456 802]
..............
[435 722]
.....
[  88 1380]
..
[599 528]
...........................
[865 387]
.......
[136 942]
.
[109 915]
....
[ 109 1196]
..
[ 50 805]
.....................................
[385 545]
..
[ 81 928]
..................
[357 453]
........
[507 310]
.
[ 49 513]
...........
[ 98 842]
....
[ 96 599]
.........
[121 606]
.....
[723 242]
........................
[ 76 636]
.............
[ 47 329]
.....
[324 376]
....................
[ 86 584]
..........
[ 89 395]
.
[302 295]
........
[441 202]
.........
[104 411]
........
[ 70 456]
...
[ 44 226]
...............
[603 166]
...................
[ 78 425]
.................
[259 255]
....
[ 84 265]
....
[ 44 166]
............
[ 66 311]
..............
[258 199]
....
[ 92 279]
.......
[386 134]
............
[ 69 316]
..........
[ 42 127]
...................
[521 128]
.....
[ 80 184]
....
[ 62 231]
.................
[211 174]
......
[ 42 102]
............
[ 64 237]
...........
[ 78 197]
...................
[213 144]
........
[42 84]
.
[ 57 181]
..
[330  99]
.....
[ 75 134]
...........................
[ 58 170]
.......
[42 75]
...............
[459  85]
...........
[186 139]
.........
[ 56 149]
...
[42 68]
.....
[ 72 141]
..................
[ 70 104]
.....slurmstepd-phcompute006: error: *** JOB 810629 ON phcompute006 CANCELLED AT 2024-02-25T09:23:15 ***
