Unable to init server: Could not connect: Connection refused
Unable to init server: Could not connect: Connection refused
Unable to init server: Could not connect: Connection refused

(DataCollector_Deterministic.py:13460): Gdk-CRITICAL **: 09:30:08.140: gdk_cursor_new_for_display: assertion 'GDK_IS_DISPLAY (display)' failed
Unable to init server: Could not connect: Connection refused

(DataCollector_Deterministic.py:13456): Gdk-CRITICAL **: 09:30:08.280: gdk_cursor_new_for_display: assertion 'GDK_IS_DISPLAY (display)' failed
Unable to init server: Could not connect: Connection refused
Unable to init server: Could not connect: Connection refused
Unable to init server: Could not connect: Connection refused
Unable to init server: Could not connect: Connection refused
Unable to init server: Could not connect: Connection refused
Unable to init server: Could not connect: Connection refused
Unable to init server: Could not connect: Connection refused
Unable to init server: Could not connect: Connection refused
Unable to init server: Could not connect: Connection refused
Unable to init server: Could not connect: Connection refused

(DataCollector_Deterministic.py:13588): Gdk-CRITICAL **: 09:30:08.619: gdk_cursor_new_for_display: assertion 'GDK_IS_DISPLAY (display)' failed
Unable to init server: Could not connect: Connection refused

(DataCollector_Deterministic.py:13634): Gdk-CRITICAL **: 09:30:08.629: gdk_cursor_new_for_display: assertion 'GDK_IS_DISPLAY (display)' failed
Unable to init server: Could not connect: Connection refused

(DataCollector_Deterministic.py:13534): Gdk-CRITICAL **: 09:30:08.635: gdk_cursor_new_for_display: assertion 'GDK_IS_DISPLAY (display)' failed
Unable to init server: Could not connect: Connection refused

(DataCollector_Deterministic.py:13477): Gdk-CRITICAL **: 09:30:08.647: gdk_cursor_new_for_display: assertion 'GDK_IS_DISPLAY (display)' failed
Unable to init server: Could not connect: Connection refused

(DataCollector_Deterministic.py:13558): Gdk-CRITICAL **: 09:30:08.650: gdk_cursor_new_for_display: assertion 'GDK_IS_DISPLAY (display)' failed

(DataCollector_Deterministic.py:13578): Gdk-CRITICAL **: 09:30:08.653: gdk_cursor_new_for_display: assertion 'GDK_IS_DISPLAY (display)' failed
Unable to init server: Could not connect: Connection refused

(DataCollector_Deterministic.py:13616): Gdk-CRITICAL **: 09:30:08.667: gdk_cursor_new_for_display: assertion 'GDK_IS_DISPLAY (display)' failed
Unable to init server: Could not connect: Connection refused

(DataCollector_Deterministic.py:13518): Gdk-CRITICAL **: 09:30:08.683: gdk_cursor_new_for_display: assertion 'GDK_IS_DISPLAY (display)' failed
Initalising...
Running Sim...
.Initalising...
Running Sim...
.Initalising...
Running Sim...
.Initalising...
Running Sim...
.Initalising...
Running Sim...
.Initalising...
Running Sim...
.Initalising...
Running Sim...
.Initalising...
Running Sim...
.Initalising...
Running Sim...
.Initalising...
Running Sim...
...........................................................................................
[9627 4755]
.
[4657 9719]
.
[4913 9311]
.
[9503 4774]
.
[4769 9553]
.
[9806 4612]
.
[9569 4707]
..
[9849 4542]
.
[9034 4961]
.
[7639 5868]
..............................................................................
[9243 2294]
.......
[2221 9377]
...
[2380 8984]
.
[8782 2434]
...
[2603 8192]
....
[9621 2173]
....
[9219 2319]
.
[9691 2059]
......
[8148 2530]
.........
[5909 3525]
...............................................
[8819 1135]
............
[1108 9061]
...........
[1261 8200]
..
[7781 1315]
....
[9410 1077]
.......
[1501 6627]
.....
[8773 1193]
..
[9533  994]
..........
[7155 1375]
..........................
[8438  582]
..
[4513 2134]
..............
[ 602 8723]
.......................
[ 737 7188]
........
[9195  555]
..
[6448  763]
.............
[9397  547]
....
[8262  614]
......
[8020  356]
....
[ 928 5012]
.................
[6146  820]
..
[ 343 8416]
.......................................
[7617  209]
........
[3439 1340]
.
[ 446 5978]
.
[8973  285]
................
[4987  500]
......
[9246  279]
..
[ 212 8062]
....
[7673  340]
..................
[7181  136]
.........................
[ 640 3585]
............
[5067  493]
........
[6768   90]
...
[ 136 7767]
......
[8690  170]
............
[ 307 4626]
...............
[6362   77]
..........
[9079  168]
...............
[3765  351]
....
[5923   66]
.....
[6980  195]
...
[  95 7429]
...
[2609  840]
........./home/s1932078/Documents/MPhys_Project/SRI/src/data_extraction/DataCollector_Deterministic.py:120: UserWarning: Creating legend with loc="best" can be slow with large amounts of data.
  plt.savefig(os.path.join(data_output_path, f'InfectionsVsTimePlot_{name_suffix}.png'))

Data Dump...
............................
[8339  103]
..........
[  74 7087]
.....
[ 447 2468]
..........
[4076  312]
.
[ 224 3447]
.........
[8901  100]
.............
[  63 6743]
...................
[2715  248]
.....
[6207  121]
.........
[  55 6408]
.....
[7941   69]
.....................
[1924  541]
..
[  50 6097]
.......................
[  48 5757]
../home/s1932078/Documents/MPhys_Project/SRI/src/data_extraction/DataCollector_Deterministic.py:120: UserWarning: Creating legend with loc="best" can be slow with large amounts of data.
  plt.savefig(os.path.join(data_output_path, f'InfectionsVsTimePlot_{name_suffix}.png'))

Data Dump...
..
[ 161 2489]
..
[8698   62]
............
[ 333 1712]
......
[3153  209]
...........
[7444   49]
.........
[1877  209]
...
[5322   88]
.........................
[8478   42]
........
[ 129 1784]
.......
[1441  379]
..........
[6724   39]
..............
[ 262 1147]
.......
[2407  167]
..........
[1272  176]
.....
[4519   67]
.....
[8264   34]
...............
[  99 1279]
........
[5884   31]
.......................
[1113  257]
..................
[7989   24]
.
[204 788]
...
[847 138]
....
[1831  133]
.............
[3732   47]
...
[ 80 904]
.
[4986   25]
..........................................
[7665   20]
...........
[848 177]
...
[596 115]
..........
[166 522]
..
[ 73 635]
.....
[4029   21]
....
[1400  113]
.............
[3042   40]
..................
[7257   18]
.......................
[412 103]
.
[ 64 460]
................
[3155   20]
.
[641 139]
...
[140 355]
......................
[1028   99]
....
[6819   16]
..........
[ 56 347]
..
[2407   35]
.............
[300  90]
...........................
[2416   18]
.........
[ 51 267]
..
[120 271]
........
[493 107]
.....
[6277   14]
..................
[231  74]
..
[777  80]
.........
[ 51 213]
...................
[1890   32]
...................
[1780   15]
.
[ 49 173]
..............
[172  65]
.
[107 200]
...
[5633   11]
..............
[ 44 153]
.....
[371  87]
......................
[ 41 140]
...../home/s1932078/Documents/MPhys_Project/SRI/src/data_extraction/DataCollector_Deterministic.py:120: UserWarning: Creating legend with loc="best" can be slow with large amounts of data.
  plt.savefig(os.path.join(data_output_path, f'InfectionsVsTimePlot_{name_suffix}.png'))

Data Dump...
...
[591  68]
...........
[141  55]
..................
[1329   12]
......
[ 86 150]
..
[1492   29]
..
[4937   11]
.........
[114  52]
...................
[288  73]
...............
[102  46]
........
[452  57]
.................
[ 72 133]
..
[93 42]
..
[991  11]
..................
[4147   10]
.
[87 37]
..../home/s1932078/Documents/MPhys_Project/SRI/src/data_extraction/DataCollector_Deterministic.py:120: UserWarning: Creating legend with loc="best" can be slow with large amounts of data.
  plt.savefig(os.path.join(data_output_path, f'InfectionsVsTimePlot_{name_suffix}.png'))

Data Dump...
.............
[1163   29]
.........
[225  68]
......
[ 62 109]
...........
[366  48]
....
[758  10]
....................
[3450    9]
......
[51 89]
..............
[179  57]
...........
[904  25]
.......
[562   8]
....
[48 76]
..
[296  41]
..............................
[47 68]
.....
[2818    8]
......
[150  55]
...............
[436   8]
..
[46 60]
.................
[239  37]
......
[42 56]
..
[709  24]
........./home/s1932078/Documents/MPhys_Project/SRI/src/data_extraction/DataCollector_Deterministic.py:120: UserWarning: Creating legend with loc="best" can be slow with large amounts of data.
  plt.savefig(os.path.join(data_output_path, f'InfectionsVsTimePlot_{name_suffix}.png'))

Data Dump...
.............
[129  49]
......
[343   8]
.........
[2210    8]
...........
[192  34]
..............
[111  46]
......
[278   7]
.........
[561  22]
..................
[154  33]
.....
[97 45]
......
[233   6]
.....
[1739    8]
.........................
[90 41]
.....
[200   6]
..
[131  32]
........................
[453  21]
..
[85 39]
.......
[178   6]
.................
[104  30]
.....
[81 37]
...........
[1375    7]
...
[167   5]
.../home/s1932078/Documents/MPhys_Project/SRI/src/data_extraction/DataCollector_Deterministic.py:120: UserWarning: Creating legend with loc="best" can be slow with large amounts of data.
  plt.savefig(os.path.join(data_output_path, f'InfectionsVsTimePlot_{name_suffix}.png'))

Data Dump...
............../home/s1932078/Documents/MPhys_Project/SRI/src/data_extraction/DataCollector_Deterministic.py:120: UserWarning: Creating legend with loc="best" can be slow with large amounts of data.
  plt.savefig(os.path.join(data_output_path, f'InfectionsVsTimePlot_{name_suffix}.png'))

Data Dump...
....
[90 28]
.................
[83 26]
..
[367  20]
.............
[78 26]
...../home/s1932078/Documents/MPhys_Project/SRI/src/data_extraction/DataCollector_Deterministic.py:120: UserWarning: Creating legend with loc="best" can be slow with large amounts of data.
  plt.savefig(os.path.join(data_output_path, f'InfectionsVsTimePlot_{name_suffix}.png'))

Data Dump...
.
[1087    7]
.............
[301  20]
.......
[827   7]
.............
[252  20]
........
[672   7]
...........
[212  19]
..........
[540   7]
.........
[169  18]
...........
[421   7]
.........
[147  18]
...........
[337   7]
........
[123  17]
.............
[277   7]
......
[111  17]
................
[240   7]
...
[104  16]
..................
[93 16]
.
[210   7]
.................
[84 16]
......
[181   7]
..../home/s1932078/Documents/MPhys_Project/SRI/src/data_extraction/DataCollector_Deterministic.py:120: UserWarning: Creating legend with loc="best" can be slow with large amounts of data.
  plt.savefig(os.path.join(data_output_path, f'InfectionsVsTimePlot_{name_suffix}.png'))

Data Dump...
........
[175   7]
..........
[162   7]
...../home/s1932078/Documents/MPhys_Project/SRI/src/data_extraction/DataCollector_Deterministic.py:120: UserWarning: Creating legend with loc="best" can be slow with large amounts of data.
  plt.savefig(os.path.join(data_output_path, f'InfectionsVsTimePlot_{name_suffix}.png'))

Data Dump...
No 1 4
Done
