Unable to init server: Could not connect: Connection refused
Unable to init server: Could not connect: Connection refused
Unable to init server: Could not connect: Connection refused
Unable to init server: Could not connect: Connection refused
Unable to init server: Could not connect: Connection refused
Unable to init server: Could not connect: Connection refused

(DataCollector_Deterministic.py:4121810): Gdk-CRITICAL **: 01:01:00.971: gdk_cursor_new_for_display: assertion 'GDK_IS_DISPLAY (display)' failed
Unable to init server: Could not connect: Connection refused
Unable to init server: Could not connect: Connection refused
Unable to init server: Could not connect: Connection refused
Unable to init server: Could not connect: Connection refused
Unable to init server: Could not connect: Connection refused

(DataCollector_Deterministic.py:4121813): Gdk-CRITICAL **: 01:01:01.047: gdk_cursor_new_for_display: assertion 'GDK_IS_DISPLAY (display)' failed
Unable to init server: Could not connect: Connection refused
Unable to init server: Could not connect: Connection refused

(DataCollector_Deterministic.py:4121866): Gdk-CRITICAL **: 01:01:01.083: gdk_cursor_new_for_display: assertion 'GDK_IS_DISPLAY (display)' failed
Unable to init server: Could not connect: Connection refused

(DataCollector_Deterministic.py:4121821): Gdk-CRITICAL **: 01:01:01.105: gdk_cursor_new_for_display: assertion 'GDK_IS_DISPLAY (display)' failed
Unable to init server: Could not connect: Connection refused

(DataCollector_Deterministic.py:4121873): Gdk-CRITICAL **: 01:01:01.120: gdk_cursor_new_for_display: assertion 'GDK_IS_DISPLAY (display)' failed
Unable to init server: Could not connect: Connection refused

(DataCollector_Deterministic.py:4121957): Gdk-CRITICAL **: 01:01:01.174: gdk_cursor_new_for_display: assertion 'GDK_IS_DISPLAY (display)' failed
Unable to init server: Could not connect: Connection refused

(DataCollector_Deterministic.py:4121981): Gdk-CRITICAL **: 01:01:01.183: gdk_cursor_new_for_display: assertion 'GDK_IS_DISPLAY (display)' failed
Unable to init server: Could not connect: Connection refused

(DataCollector_Deterministic.py:4121909): Gdk-CRITICAL **: 01:01:01.191: gdk_cursor_new_for_display: assertion 'GDK_IS_DISPLAY (display)' failed
Unable to init server: Could not connect: Connection refused

(DataCollector_Deterministic.py:4121924): Gdk-CRITICAL **: 01:01:01.218: gdk_cursor_new_for_display: assertion 'GDK_IS_DISPLAY (display)' failed
Unable to init server: Could not connect: Connection refused

(DataCollector_Deterministic.py:4122004): Gdk-CRITICAL **: 01:01:01.279: gdk_cursor_new_for_display: assertion 'GDK_IS_DISPLAY (display)' failed
Initalising...
Running Sim...
.Initalising...
Running Sim...
.Initalising...
Running Sim...
.Initalising...
Running Sim...
.Initalising...
Running Sim...
.Initalising...
Running Sim...
.Initalising...
Running Sim...
.Initalising...
Running Sim...
.Initalising...
Running Sim...
.Initalising...
Running Sim...
..........................................................................................
[4724 9684]
.
[4743 9685]
.
[4680 9695]
.
[4689 9655]
.
[4714 9639]
..
[4646 9658]
.
[4954 9146]
.
[5452 8383]
.
[9778 4623]
........
[7619 5873]
.............................................................................
[2272 9362]
.
[2287 9384]
.
[2280 9314]
.
[2258 9340]
..
[2287 9195]
...
[2215 9302]
.......
[9571 2209]
....
[2949 7153]
.........
[3465 5996]
...............
[6618 3025]
..............................................
[1148 9010]
....
[1123 9002]
.
[1106 8958]
.
[1138 9052]
....
[1134 8836]
.
[1195 8448]
................
[9330 1107]
.........................
[2020 4955]
...................
[2412 4001]
...............
[ 597 8620]
.
[5756 1594]
..
[ 549 8630]
.
[ 588 8518]
.
[ 614 8603]
...........
[ 611 8177]
.........
[ 677 7205]
..................
[9055  585]
.......................................
[ 350 8173]
..
[ 315 8245]
...
[ 349 7976]
.
[ 358 8021]
...................
[1488 3204]
.
[ 359 7218]
.......................
[1726 2599]
..
[ 433 5658]
............
[8794  324]
.
[4972  901]
...........
[ 219 7635]
......
[ 180 7791]
....
[ 206 7322]
....
[ 231 7183]
................................
[ 242 5840]
..........................
[ 155 6900]
.....
[ 114 7219]
............
[ 131 6406]
.
[8451  180]
.........
[ 297 4017]
.
[ 169 5857]
...
[1115 2053]
...........................
[1294 1636]
...........
[4247  539]
..
[ 111 5767]
...
[  76 6397]
..
[ 186 4372]
..................
[  92 5273]
.......................
[8041  125]
.....
[ 121 4262]
...................
[  57 5333]
...
[  90 4416]
.........
[ 214 2738]
..................
[  69 3967]
.........
[ 144 3016]
.
[ 840 1343]
.........................
[ 952 1082]
..
[  45 4031]
.....
[7509   81]
.
[3616  331]
....
[ 106 2875]
.
[  75 3094]
............................
[  58 2797]
.............................
[ 167 1829]
...
[  42 2899]
...
[ 124 2053]
................
[  66 2084]
......
[6943   62]
............
[  93 1913]
...
[675 863]
.........
[  53 1956]
...................
[732 703]
..
[  38 1958]
.........
[3044  211]
.....................
[  58 1353]
..
[  98 1414]
................
[ 132 1222]
..
[6181   48]
........
[  49 1366]
.....
[  80 1267]
...
[  35 1322]
........................................
[ 52 917]
......
[546 553]
...............
[ 35 898]
.........
[ 46 976]
..
[ 85 948]
..
[570 461]
.............
[5396   36]
..........
[2533  140]
.
[ 68 854]
.........
[102 843]
.......
[ 50 607]
.....................
[ 42 688]
..............................
[ 74 671]
.......
[ 47 439]
...........
[423 363]
....
[ 64 582]
..
[ 41 492]
.
[4554   32]
.................
[450 316]
..........
[ 82 580]
........
[ 42 320]
.............
[ 39 363]
..........
[2091   98]
.............
[ 65 480]
............
[ 40 243]
..
[ 56 406]
.....
[ 36 286]
.................................
[3700   23]
...
[ 37 202]
.
[ 33 238]
............................/home/s1932078/Documents/MPhys_Project/SRI/src/data_extraction/DataCollector_Deterministic.py:120: UserWarning: Creating legend with loc="best" can be slow with large amounts of data.
  plt.savefig(os.path.join(data_output_path, f'InfectionsVsTimePlot_{name_suffix}.png'))

[ 30 219]

Data Dump...

[354 251]
.......
[ 35 174]
.
[ 73 413]
..............
[ 56 347]
..../home/s1932078/Documents/MPhys_Project/SRI/src/data_extraction/DataCollector_Deterministic.py:120: UserWarning: Creating legend with loc="best" can be slow with large amounts of data.
  plt.savefig(os.path.join(data_output_path, f'InfectionsVsTimePlot_{name_suffix}.png'))

Data Dump...
.
[369 234]
..
[ 49 298]
...................................
[1727   72]
.......
[2934   22]
.
[ 48 266]
...
[ 46 235]
...............
[ 61 282]
.................
[288 184]
..........
[ 41 203]
..
[ 41 188]
..
[301 163]
....................................
[2277   18]
.
[ 39 158]
...
[ 39 170]
..
[ 53 218]
.......................
[1428   54]
.........
[ 36 132]
..
[ 36 150]
........................
[231 131]
.......
[ 30 125]
...
[ 35 134]
.......
[249 125]
................
[ 47 168]
.....
[ 30 118]
....
[ 34 124]
............../home/s1932078/Documents/MPhys_Project/SRI/src/data_extraction/DataCollector_Deterministic.py:120: UserWarning: Creating legend with loc="best" can be slow with large amounts of data.
  plt.savefig(os.path.join(data_output_path, f'InfectionsVsTimePlot_{name_suffix}.png'))

Data Dump...
..
[1720   15]
../home/s1932078/Documents/MPhys_Project/SRI/src/data_extraction/DataCollector_Deterministic.py:120: UserWarning: Creating legend with loc="best" can be slow with large amounts of data.
  plt.savefig(os.path.join(data_output_path, f'InfectionsVsTimePlot_{name_suffix}.png'))

Data Dump...
..........................
[ 43 132]
......
[1181   41]
...
[180  94]
..
[197  97]
.............
[1313   14]
........
[ 40 106]
..............................
[36 90]
..
[152  76]
..
[154  82]
..............
[1005   12]
....
[969  33]
......
[33 78]
.........................
[30 72]
.........
[129  69]
....
[125  66]
.........
[27 66]
............
[765  11]
......slurmstepd-phcompute006: error: *** JOB 810633 ON phcompute006 CANCELLED AT 2024-02-25T09:23:15 ***
slurmstepd-phcompute006: error: Detected 1 oom-kill event(s) in StepId=810633.batch. Some of your processes may have been killed by the cgroup out-of-memory handler.
