Unable to init server: Could not connect: Connection refused
Unable to init server: Could not connect: Connection refused
Unable to init server: Could not connect: Connection refused
Unable to init server: Could not connect: Connection refused
Unable to init server: Could not connect: Connection refused
Unable to init server: Could not connect: Connection refused

(DataCollector_Deterministic.py:4121905): Gdk-CRITICAL **: 01:01:00.830: gdk_cursor_new_for_display: assertion 'GDK_IS_DISPLAY (display)' failed
Unable to init server: Could not connect: Connection refused

(DataCollector_Deterministic.py:4121895): Gdk-CRITICAL **: 01:01:00.870: gdk_cursor_new_for_display: assertion 'GDK_IS_DISPLAY (display)' failed
Unable to init server: Could not connect: Connection refused

(DataCollector_Deterministic.py:4121925): Gdk-CRITICAL **: 01:01:00.890: gdk_cursor_new_for_display: assertion 'GDK_IS_DISPLAY (display)' failed
Unable to init server: Could not connect: Connection refused

(DataCollector_Deterministic.py:4121892): Gdk-CRITICAL **: 01:01:00.893: gdk_cursor_new_for_display: assertion 'GDK_IS_DISPLAY (display)' failed
Unable to init server: Could not connect: Connection refused
Unable to init server: Could not connect: Connection refused
Unable to init server: Could not connect: Connection refused
Unable to init server: Could not connect: Connection refused
Unable to init server: Could not connect: Connection refused
Unable to init server: Could not connect: Connection refused

(DataCollector_Deterministic.py:4121955): Gdk-CRITICAL **: 01:01:00.968: gdk_cursor_new_for_display: assertion 'GDK_IS_DISPLAY (display)' failed
Unable to init server: Could not connect: Connection refused
Unable to init server: Could not connect: Connection refused

(DataCollector_Deterministic.py:4122017): Gdk-CRITICAL **: 01:01:01.063: gdk_cursor_new_for_display: assertion 'GDK_IS_DISPLAY (display)' failed
Unable to init server: Could not connect: Connection refused

(DataCollector_Deterministic.py:4121996): Gdk-CRITICAL **: 01:01:01.083: gdk_cursor_new_for_display: assertion 'GDK_IS_DISPLAY (display)' failed

(DataCollector_Deterministic.py:4122010): Gdk-CRITICAL **: 01:01:01.097: gdk_cursor_new_for_display: assertion 'GDK_IS_DISPLAY (display)' failed
Unable to init server: Could not connect: Connection refused

(DataCollector_Deterministic.py:4121947): Gdk-CRITICAL **: 01:01:01.116: gdk_cursor_new_for_display: assertion 'GDK_IS_DISPLAY (display)' failed
Unable to init server: Could not connect: Connection refused

(DataCollector_Deterministic.py:4121976): Gdk-CRITICAL **: 01:01:01.117: gdk_cursor_new_for_display: assertion 'GDK_IS_DISPLAY (display)' failed
Initalising...
Running Sim...
.Initalising...
Running Sim...
.Initalising...
Running Sim...
.Initalising...
Running Sim...
.Initalising...
Running Sim...
.Initalising...
Running Sim...
.Initalising...
Running Sim...
.Initalising...
Running Sim...
.Initalising...
Running Sim...
.Initalising...
Running Sim...
...........................................................................................
[4792 9347]
.
[4784 9339]
.
[4705 9364]
.
[4743 9370]
.
[4716 9394]
.
[4727 9413]
.
[5106 8686]
..
[7815 5616]
..
[6304 6976]
....
[6427 6823]
..............................................................................
[2322 8713]
.
[2397 8507]
.
[2314 8639]
.
[2278 8750]
.
[2264 8747]
..
[2323 8771]
..............
[3195 6162]
.........
[6329 3087]
......
[4597 4253]
.......
[5117 3745]
...............................................
[1184 8043]
.
[1176 7690]
..
[1155 8027]
.
[1112 8045]
.
[1167 7885]
..
[1201 8048]
..............................................
[2253 3944]
........
[5055 1766]
................
[3487 2589]
.......
[ 618 7341]
...
[4199 2050]
.
[ 686 6665]
.
[ 589 7319]
..
[ 594 7310]
.
[ 631 7008]
...
[ 632 7298]
......................................................................
[ 339 6662]
....
[ 349 6591]
....
[ 314 6575]
.....
[ 359 5990]
....
[ 433 5437]
.
[ 378 6525]
.....
[1708 2432]
...
[3999 1020]
.........................
[2622 1585]
....................
[3480 1208]
...
[ 208 5930]
...........
[ 195 5813]
...
[ 190 5734]
............
[ 233 5642]
....
[ 243 4817]
..........
[ 282 4059]
...............................
[ 137 5169]
................
[ 132 4948]
.
[ 122 4839]
.
[3132  621]
.........
[1298 1509]
.............
[ 146 4755]
............
[ 169 3663]
.......
[2004  982]
......
[  98 4360]
........
[ 203 2860]
.............
[2852  722]
.
[  91 3995]
.
[  83 4000]
...............................
[ 108 3787]
..........
[  72 3602]
.........................
[ 126 2674]
...
[  62 3178]
.....
[  78 3034]
.........
[2398  396]
..............
[ 155 2001]
.
[  58 2788]
........
[996 929]
.......
[  82 2919]
.....................
[  48 2439]
.........
[1541  640]
.....
[  65 2202]
...
[  49 2057]
..........................
[ 107 1850]
..............
[  55 2189]
.
[  40 1745]
..
[2314  437]
...
[  45 1452]
...........................
[  56 1551]
..
[ 125 1414]
...........
[ 42 943]
........
[  39 1179]
..........................
[  46 1577]
....
[1817  267]
....
[ 37 718]
......../home/s1932078/Documents/MPhys_Project/SRI/src/data_extraction/DataCollector_Deterministic.py:120: UserWarning: Creating legend with loc="best" can be slow with large amounts of data.
  plt.savefig(os.path.join(data_output_path, f'InfectionsVsTimePlot_{name_suffix}.png'))

Data Dump...
....
[  50 1017]
........
[  91 1305]
................
[781 599]
..
[  38 1090]
............
[ 49 682]
.............
[ 97 985]
...
[1193  432]
.........
[ 36 686]
...
[ 44 416]
../home/s1932078/Documents/MPhys_Project/SRI/src/data_extraction/DataCollector_Deterministic.py:120: UserWarning: Creating legend with loc="best" can be slow with large amounts of data.
  plt.savefig(os.path.join(data_output_path, f'InfectionsVsTimePlot_{name_suffix}.png'))

Data Dump...
........./home/s1932078/Documents/MPhys_Project/SRI/src/data_extraction/DataCollector_Deterministic.py:120: UserWarning: Creating legend with loc="best" can be slow with large amounts of data.
  plt.savefig(os.path.join(data_output_path, f'InfectionsVsTimePlot_{name_suffix}.png'))

Data Dump...
........
[ 78 918]
............
[1919  261]
...........
[ 82 696]
...
[1336  183]
.........
[ 61 630]
....................
[611 401]
.........
[ 71 521]
..
[ 49 426]
....
[904 301]
.....................
[ 43 300]
..............
[ 57 400]
......
[ 35 196]
./home/s1932078/Documents/MPhys_Project/SRI/src/data_extraction/DataCollector_Deterministic.py:120: UserWarning: Creating legend with loc="best" can be slow with large amounts of data.
  plt.savefig(os.path.join(data_output_path, f'InfectionsVsTimePlot_{name_suffix}.png'))

Data Dump...
........
[998 132]
.....
[1569  174]
....
[ 51 295]
...............
[ 45 191]
.../home/s1932078/Documents/MPhys_Project/SRI/src/data_extraction/DataCollector_Deterministic.py:120: UserWarning: Creating legend with loc="best" can be slow with large amounts of data.
  plt.savefig(os.path.join(data_output_path, f'InfectionsVsTimePlot_{name_suffix}.png'))

Data Dump...
.......
[484 264]
.....
[716 200]
...........
[765  96]
...............
[1276  122]
........
[387 185]
.....
[557 142]
......
[578  75]
..............................
[313 134]
..
[1043   94]
.
[428 111]
.
[420  53]
................................
[342  47]
......
[256 105]
.
[347  83]
..............
[842  73]
......
[259  36]
......................
[276  69]
.
[204  82]
....
[192  30]
.......................
[149  28]
...............
[682  53]
...
[104  25]
.
[219  57]
...........
[157  61]
./home/s1932078/Documents/MPhys_Project/SRI/src/data_extraction/DataCollector_Deterministic.py:120: UserWarning: Creating legend with loc="best" can be slow with large amounts of data.
  plt.savefig(os.path.join(data_output_path, f'InfectionsVsTimePlot_{name_suffix}.png'))

Data Dump...
..................
[176  52]
..........
[131  52]
............
[138  46]
.
[545  39]
................
[117  42]
....
[111  39]
.................
[87 30]
.............
[88 39]
.../home/s1932078/Documents/MPhys_Project/SRI/src/data_extraction/DataCollector_Deterministic.py:120: UserWarning: Creating legend with loc="best" can be slow with large amounts of data.
  plt.savefig(os.path.join(data_output_path, f'InfectionsVsTimePlot_{name_suffix}.png'))

[64 26]

Data Dump...
.........
[439  31]
...
[68 35]
.............
[54 32]
............
[35 25]
./home/s1932078/Documents/MPhys_Project/SRI/src/data_extraction/DataCollector_Deterministic.py:120: UserWarning: Creating legend with loc="best" can be slow with large amounts of data.
  plt.savefig(os.path.join(data_output_path, f'InfectionsVsTimePlot_{name_suffix}.png'))

Data Dump...
....
[350  26]
..........
[280  18]
..........
[230  15]
..........
[189  13]
..........
[150  13]
..........
[128  11]
..........
[103   9]
..........
[86  9]
..........
[64  8]
..........
[52  7]
....../home/s1932078/Documents/MPhys_Project/SRI/src/data_extraction/DataCollector_Deterministic.py:120: UserWarning: Creating legend with loc="best" can be slow with large amounts of data.
  plt.savefig(os.path.join(data_output_path, f'InfectionsVsTimePlot_{name_suffix}.png'))

Data Dump...
Low 1 8
Done
slurmstepd-phcompute006: error: Detected 1 oom-kill event(s) in StepId=810637.batch. Some of your processes may have been killed by the cgroup out-of-memory handler.
