Unable to init server: Could not connect: Connection refused
Unable to init server: Could not connect: Connection refused
Unable to init server: Could not connect: Connection refused
Unable to init server: Could not connect: Connection refused
Unable to init server: Could not connect: Connection refused

(DataCollector_Deterministic.py:4121869): Gdk-CRITICAL **: 01:01:00.823: gdk_cursor_new_for_display: assertion 'GDK_IS_DISPLAY (display)' failed
Unable to init server: Could not connect: Connection refused

(DataCollector_Deterministic.py:4121867): Gdk-CRITICAL **: 01:01:00.839: gdk_cursor_new_for_display: assertion 'GDK_IS_DISPLAY (display)' failed
Unable to init server: Could not connect: Connection refused
Unable to init server: Could not connect: Connection refused
Unable to init server: Could not connect: Connection refused
Unable to init server: Could not connect: Connection refused

(DataCollector_Deterministic.py:4121886): Gdk-CRITICAL **: 01:01:00.871: gdk_cursor_new_for_display: assertion 'GDK_IS_DISPLAY (display)' failed
Unable to init server: Could not connect: Connection refused

(DataCollector_Deterministic.py:4121903): Gdk-CRITICAL **: 01:01:00.950: gdk_cursor_new_for_display: assertion 'GDK_IS_DISPLAY (display)' failed
Unable to init server: Could not connect: Connection refused
Unable to init server: Could not connect: Connection refused
Unable to init server: Could not connect: Connection refused
Unable to init server: Could not connect: Connection refused

(DataCollector_Deterministic.py:4121931): Gdk-CRITICAL **: 01:01:01.011: gdk_cursor_new_for_display: assertion 'GDK_IS_DISPLAY (display)' failed
Unable to init server: Could not connect: Connection refused

(DataCollector_Deterministic.py:4121935): Gdk-CRITICAL **: 01:01:01.018: gdk_cursor_new_for_display: assertion 'GDK_IS_DISPLAY (display)' failed
Unable to init server: Could not connect: Connection refused

(DataCollector_Deterministic.py:4121963): Gdk-CRITICAL **: 01:01:01.043: gdk_cursor_new_for_display: assertion 'GDK_IS_DISPLAY (display)' failed
Unable to init server: Could not connect: Connection refused

(DataCollector_Deterministic.py:4121979): Gdk-CRITICAL **: 01:01:01.127: gdk_cursor_new_for_display: assertion 'GDK_IS_DISPLAY (display)' failed
Unable to init server: Could not connect: Connection refused

(DataCollector_Deterministic.py:4122013): Gdk-CRITICAL **: 01:01:01.157: gdk_cursor_new_for_display: assertion 'GDK_IS_DISPLAY (display)' failed
Unable to init server: Could not connect: Connection refused

(DataCollector_Deterministic.py:4121998): Gdk-CRITICAL **: 01:01:01.174: gdk_cursor_new_for_display: assertion 'GDK_IS_DISPLAY (display)' failed
Initalising...
Running Sim...

Data Dump...
Initalising...
Running Sim...
.Initalising...
Running Sim...
.Initalising...
Running Sim...
.Initalising...
Running Sim...
.Initalising...
Running Sim...
.Initalising...
Running Sim...
.Initalising...
Running Sim...
.Initalising...
Running Sim...
.Initalising...
Running Sim...
..................................................................................
[4764 9518]
.
[4764 9510]
.
[4742 9416]
.
[4729 9478]
.
[4718 9469]
.
[4711 9549]
.
[4702 9549]
.
[4829 9111]
.
[5411 8200]
...............................................................................
[2283 9015]
.
[2259 9041]
.
[2293 8939]
.
[2346 8657]
..
[2239 9107]
.
[2344 8733]
.
[2246 9066]
.........
[2661 7445]
............
[3725 5413]
.......................................................
[1106 8532]
..
[1128 8487]
...
[1131 8394]
.
[1173 8549]
.
[1116 8568]
...
[1291 7498]
..
[1300 7421]
........................
[1685 5485]
.................................
[2774 3327]
.........
[ 574 7990]
.....
[ 603 7900]
..
[ 628 8039]
...
[ 625 8001]
.
[ 592 7816]
................
[ 772 6023]
........
[ 823 5608]
........................................
[ 323 7430]
...
[1137 3770]
....
[ 344 7211]
..
[ 362 7516]
...
[ 334 7373]
.
[ 358 7176]
........................................
[ 525 4450]
...
[2146 2004]
...............
[ 193 6802]
....
[ 587 3835]
....
[ 212 6971]
..
[ 204 6410]
........
[ 225 6444]
...
[ 227 6420]
............................................
[ 807 2504]
...
[ 123 6079]
......
[ 140 6405]
...........
[ 137 5369]
...........
[ 375 3123]
..
[ 155 5211]
.
[ 165 5549]
.............................
[ 452 2560]
.
[  88 5230]
.....
[1731 1190]
.
[ 103 5798]
............................
[  99 4273]
.............
[ 116 4557]
........
[ 116 3891]
.....
[  76 5097]
..
[  70 4236]
...............
[ 610 1642]
.........
[ 270 2105]
.............................
[  79 3143]
.
[  62 4212]
.........
[  57 3153]
..
[  94 3538]
.........
[ 360 1686]
..........
[  90 2775]
................
[1342  754]
.....
[  56 3222]
......................
[  54 2289]
.....
[  70 2226]
..........
[  80 2662]
.....
[ 214 1429]
.......
[  48 2351]
...........
[ 459 1054]
..............
[  78 1882]
........
[  52 1570]
..........
[  41 1639]
.................
[  68 1923]
...
[  57 1512]
.....
[ 275 1069]
...................
[  37 1137]
......
[  51 1098]
...............................
[ 34 834]
...
[1049  482]
....
[  70 1266]
.....
[168 982]
.....
[  60 1368]
........
[ 45 787]
....
[ 30 655]
..
[  48 1010]
../home/s1932078/Documents/MPhys_Project/SRI/src/data_extraction/DataCollector_Deterministic.py:120: UserWarning: Creating legend with loc="best" can be slow with large amounts of data.
  plt.savefig(os.path.join(data_output_path, f'InfectionsVsTimePlot_{name_suffix}.png'))

Data Dump...
...........................
[356 707]
.....
[ 41 593]
..................
[ 54 965]
.........
[ 39 459]
............
[ 40 702]
.../home/s1932078/Documents/MPhys_Project/SRI/src/data_extraction/DataCollector_Deterministic.py:120: UserWarning: Creating legend with loc="best" can be slow with large amounts of data.
  plt.savefig(os.path.join(data_output_path, f'InfectionsVsTimePlot_{name_suffix}.png'))

Data Dump...
...
[ 54 871]
...
[232 699]
.............
[ 49 691]
..............
[130 675]
..........
[ 35 500]
......
[ 46 519]
........................
[823 316]
..
[ 41 418]
...
[ 43 612]
./home/s1932078/Documents/MPhys_Project/SRI/src/data_extraction/DataCollector_Deterministic.py:120: UserWarning: Creating legend with loc="best" can be slow with large amounts of data.
  plt.savefig(os.path.join(data_output_path, f'InfectionsVsTimePlot_{name_suffix}.png'))

Data Dump...
......
[ 32 387]
.........
[287 486]
...............
[ 30 311]
...................
[ 29 273]
.
[189 480]
..
[ 39 428]
../home/s1932078/Documents/MPhys_Project/SRI/src/data_extraction/DataCollector_Deterministic.py:120: UserWarning: Creating legend with loc="best" can be slow with large amounts of data.
  plt.savefig(os.path.join(data_output_path, f'InfectionsVsTimePlot_{name_suffix}.png'))

Data Dump...
.
[103 464]
......................
[ 33 321]
.....................
[658 218]
...
[ 27 251]
.
[233 340]
..........
[ 91 333]
.........
[ 24 207]
..
[164 334]
...............
[ 20 182]
../home/s1932078/Documents/MPhys_Project/SRI/src/data_extraction/DataCollector_Deterministic.py:120: UserWarning: Creating legend with loc="best" can be slow with large amounts of data.
  plt.savefig(os.path.join(data_output_path, f'InfectionsVsTimePlot_{name_suffix}.png'))

Data Dump...
...................
[ 71 239]
.....
[187 258]
..........
[527 149]
.
[137 248]
............
[ 56 187]
....................
[153 197]
......
[ 46 143]
......
[114 169]
.................
[426 113]
.
[ 41 119]
...................
[131 138]
.
[ 37 111]
..............
[ 98 132]
.....
[34 95]
.................
[31 87]
.../home/s1932078/Documents/MPhys_Project/SRI/src/data_extraction/DataCollector_Deterministic.py:120: UserWarning: Creating legend with loc="best" can be slow with large amounts of data.
  plt.savefig(os.path.join(data_output_path, f'InfectionsVsTimePlot_{name_suffix}.png'))

Data Dump...
.........
[107 113]
...
[349  87]
.....
[ 84 108]
.................
[89 92]
.........
[72 88]
..............
[288  66]
..
[75 83]
..........
[55 72]
.............
[60 70]
.............
[52 62]
.........
[51 63]
........
[231  51]
..........
[45 54]
...
[41 55]
....................
[34 52]
....
[39 52]
......./home/s1932078/Documents/MPhys_Project/SRI/src/data_extraction/DataCollector_Deterministic.py:120: UserWarning: Creating legend with loc="best" can be slow with large amounts of data.
  plt.savefig(os.path.join(data_output_path, f'InfectionsVsTimePlot_{name_suffix}.png'))

Data Dump...
..........
[32 48]
............
[30 46]
...
[192  40]
./home/s1932078/Documents/MPhys_Project/SRI/src/data_extraction/DataCollector_Deterministic.py:120: UserWarning: Creating legend with loc="best" can be slow with large amounts of data.
  plt.savefig(os.path.join(data_output_path, f'InfectionsVsTimePlot_{name_suffix}.png'))

Data Dump...
.........
[157  35]
..........
[133  32]
..........
[115  27]
..........
[101  22]
..........
[89 21]
..........
[76 19]
..........
[67 18]
..........
[55 18]
..........
[44 17]
..........
[40 16]
.../home/s1932078/Documents/MPhys_Project/SRI/src/data_extraction/DataCollector_Deterministic.py:120: UserWarning: Creating legend with loc="best" can be slow with large amounts of data.
  plt.savefig(os.path.join(data_output_path, f'InfectionsVsTimePlot_{name_suffix}.png'))

Data Dump...
Low 1 6
Done
