Unable to init server: Could not connect: Connection refused
Unable to init server: Could not connect: Connection refused
Unable to init server: Could not connect: Connection refused
Unable to init server: Could not connect: Connection refused
Unable to init server: Could not connect: Connection refused
Unable to init server: Could not connect: Connection refused
Unable to init server: Could not connect: Connection refused

(DataCollector_Deterministic.py:12953): Gdk-CRITICAL **: 09:29:55.982: gdk_cursor_new_for_display: assertion 'GDK_IS_DISPLAY (display)' failed
Unable to init server: Could not connect: Connection refused

(DataCollector_Deterministic.py:12957): Gdk-CRITICAL **: 09:29:55.986: gdk_cursor_new_for_display: assertion 'GDK_IS_DISPLAY (display)' failed
Unable to init server: Could not connect: Connection refused
Unable to init server: Could not connect: Connection refused
Unable to init server: Could not connect: Connection refused

(DataCollector_Deterministic.py:12974): Gdk-CRITICAL **: 09:29:56.055: gdk_cursor_new_for_display: assertion 'GDK_IS_DISPLAY (display)' failed
Unable to init server: Could not connect: Connection refused
Unable to init server: Could not connect: Connection refused

(DataCollector_Deterministic.py:12981): Gdk-CRITICAL **: 09:29:56.078: gdk_cursor_new_for_display: assertion 'GDK_IS_DISPLAY (display)' failed
Unable to init server: Could not connect: Connection refused
Unable to init server: Could not connect: Connection refused

(DataCollector_Deterministic.py:13017): Gdk-CRITICAL **: 09:29:56.128: gdk_cursor_new_for_display: assertion 'GDK_IS_DISPLAY (display)' failed
Unable to init server: Could not connect: Connection refused

(DataCollector_Deterministic.py:13019): Gdk-CRITICAL **: 09:29:56.130: gdk_cursor_new_for_display: assertion 'GDK_IS_DISPLAY (display)' failed
Unable to init server: Could not connect: Connection refused

(DataCollector_Deterministic.py:13059): Gdk-CRITICAL **: 09:29:56.211: gdk_cursor_new_for_display: assertion 'GDK_IS_DISPLAY (display)' failed
Unable to init server: Could not connect: Connection refused

(DataCollector_Deterministic.py:13055): Gdk-CRITICAL **: 09:29:56.213: gdk_cursor_new_for_display: assertion 'GDK_IS_DISPLAY (display)' failed
Unable to init server: Could not connect: Connection refused

(DataCollector_Deterministic.py:13075): Gdk-CRITICAL **: 09:29:56.234: gdk_cursor_new_for_display: assertion 'GDK_IS_DISPLAY (display)' failed
Unable to init server: Could not connect: Connection refused

(DataCollector_Deterministic.py:13091): Gdk-CRITICAL **: 09:29:56.258: gdk_cursor_new_for_display: assertion 'GDK_IS_DISPLAY (display)' failed
Initalising...
Running Sim...

Data Dump...
Initalising...
Running Sim...
.Initalising...
Running Sim...
.Initalising...
Running Sim...
.Initalising...
Running Sim...
.Initalising...
Running Sim...
.Initalising...
Running Sim...
.Initalising...
Running Sim...
.Initalising...
Running Sim...
.Initalising...
Running Sim...
..................................................................................
[4756 9743]
.
[4703 9761]
.
[4672 9735]
.
[4809 9610]
.
[4714 9762]
.
[4882 9387]
.
[5027 9039]
.
[5447 8458]
.
[4760 9721]
............................................................................
[2299 9456]
.
[2243 9467]
...
[2255 9516]
...
[2246 9510]
..
[2543 8389]
....
[2334 9375]
..
[2939 7472]
.........
[3376 6138]
.
[3441 6211]
.......................................................
[1207 9093]
.
[1163 9227]
...
[1179 9268]
.
[1149 9238]
...............
[1187 8906]
.......
[1559 6326]
...............
[2028 4976]
................
[2369 4123]
......
[2566 3728]
..........
[ 599 8975]
.
[ 625 8670]
...
[ 649 9001]
..
[ 605 8925]
.........................
[ 650 8193]
....................................
[1101 4285]
....
[ 342 8721]
..
[ 353 8664]
..
[ 375 8102]
..
[ 359 8430]
............
[1549 3103]
....................
[1733 2693]
...........
[ 407 7101]
....
[2058 2129]
..........
[ 199 8454]
...
[ 227 8271]
..........
[ 225 7465]
...
[ 227 7242]
........................................
[ 130 8229]
....
[ 848 2760]
........
[ 144 7643]
..............
[ 266 5701]
........
[ 166 5954]
.
[1236 1939]
....
[ 173 6090]
.........
[ 101 7973]
.......
[1292 1689]
...................
[  94 6554]
.......
[1672 1242]
..........
[  83 7730]
.............................
[ 140 4724]
...
[ 127 4223]
...
[  67 7476]
.....
[ 186 4267]
..............
[ 670 1735]
.....
[  74 5058]
......
[  57 7210]
...........................
[  50 6964]
......
[ 978 1175]
...............
[  49 6708]
./home/s1932078/Documents/MPhys_Project/SRI/src/data_extraction/DataCollector_Deterministic.py:120: UserWarning: Creating legend with loc="best" can be slow with large amounts of data.
  plt.savefig(os.path.join(data_output_path, f'InfectionsVsTimePlot_{name_suffix}.png'))

Data Dump...
.....
[ 970 1078]
.....
[ 119 3421]
.........
[ 112 2883]
...
[  62 3581]
........
[1368  760]
...
[ 142 2983]
.............................
[ 533 1106]
.............
[ 103 2421]
....
[  59 2457]
.........
[  97 1905]
.......
[783 739]
.......
[743 702]
............
[ 109 2040]
.....................
[1121  479]
..
[  92 1715]
..
[  55 1628]
...................
[  86 1233]
.
[415 703]
.................................
[  89 1368]
...
[  53 1097]
.
[636 482]
...
[  82 1147]
..
[590 465]
............................
[ 78 828]
..............
[919 292]
......
[ 50 772]
........
[344 471]
.....
[ 78 780]
..........
[ 77 933]
...........................
[ 48 514]
..
[462 322]
..
[ 70 583]
.
[521 310]
................
[ 71 554]
..........................
[ 48 387]
..........
[ 70 660]
...
[757 201]
...
[281 328]
..............
[ 64 421]
.
[ 67 404]
...............
[ 46 299]
..................
[367 238]
................
[442 215]
...
[ 63 321]
..
[ 44 236]
...............
[ 64 453]
......
[ 58 321]
............
[ 42 201]
..................
[ 58 238]
..........
[219 225]
.
[ 37 178]
............../home/s1932078/Documents/MPhys_Project/SRI/src/data_extraction/DataCollector_Deterministic.py:120: UserWarning: Creating legend with loc="best" can be slow with large amounts of data.
  plt.savefig(os.path.join(data_output_path, f'InfectionsVsTimePlot_{name_suffix}.png'))

Data Dump...
...
[627 135]
.............
[ 55 190]
........
[ 53 245]
.......
[ 56 320]
..
[303 166]
.........
[ 53 159]
....................
[375 146]
...
[ 51 150]
...../home/s1932078/Documents/MPhys_Project/SRI/src/data_extraction/DataCollector_Deterministic.py:120: UserWarning: Creating legend with loc="best" can be slow with large amounts of data.
  plt.savefig(os.path.join(data_output_path, f'InfectionsVsTimePlot_{name_suffix}.png'))

Data Dump...
............
[ 50 195]
.............
[178 160]
.
[ 49 233]
......................
[526  95]
.
[ 47 163]
...
[250 132]
..................
[ 46 184]
...........
[312 105]
.
[ 46 135]
.......................
[151 122]
.......
[ 44 117]
.
[ 41 148]
........................
[196  95]
....
[ 42 108]
............
[429  72]
.
[ 39 122]
.............
[41 99]
.....................
[40 98]
..
[261  83]
..../home/s1932078/Documents/MPhys_Project/SRI/src/data_extraction/DataCollector_Deterministic.py:120: UserWarning: Creating legend with loc="best" can be slow with large amounts of data.
  plt.savefig(os.path.join(data_output_path, f'InfectionsVsTimePlot_{name_suffix}.png'))

Data Dump...
.
[ 38 106]
.......
[125  92]
..............
[35 97]
..........
[163  75]
..........
[33 88]
......./home/s1932078/Documents/MPhys_Project/SRI/src/data_extraction/DataCollector_Deterministic.py:120: UserWarning: Creating legend with loc="best" can be slow with large amounts of data.
  plt.savefig(os.path.join(data_output_path, f'InfectionsVsTimePlot_{name_suffix}.png'))

Data Dump...
...........
[360  51]
......
[107  69]
.
[216  64]
.........
[145  60]
..........................
[90 58]
......
[307  37]
.
[181  45]
..
[126  52]
............................
[83 51]
.....
[109  43]
.........
[161  36]
......
[266  29]
...............
[78 39]
...
[98 40]
.....................
[146  31]
...........
[86 37]
.
[70 36]
...
[234  22]
..........................
[79 32]
......
[123  24]
.
[61 35]
......................
[69 31]
.....
[203  15]
......
[56 32]
................
[65 27]
..
[106  18]
..................
[50 24]
.....
[63 25]
........................
[63 22]
.
[176  13]
....
[46 24]
.......
[98 14]
..........
[60 22]
...................
[57 22]
...
[43 23]
../home/s1932078/Documents/MPhys_Project/SRI/src/data_extraction/DataCollector_Deterministic.py:120: UserWarning: Creating legend with loc="best" can be slow with large amounts of data.
  plt.savefig(os.path.join(data_output_path, f'InfectionsVsTimePlot_{name_suffix}.png'))

Data Dump...
.................
[41 22]
.....
[92 14]
.....
[150  11]
.......
[39 20]
................
[37 20]
...............
[36 19]
..../home/s1932078/Documents/MPhys_Project/SRI/src/data_extraction/DataCollector_Deterministic.py:120: UserWarning: Creating legend with loc="best" can be slow with large amounts of data.
  plt.savefig(os.path.join(data_output_path, f'InfectionsVsTimePlot_{name_suffix}.png'))

Data Dump...

[80 11]
........
[135  11]
.........
[74 11]
................
[67 10]
.
[122  11]
...............
[62 10]
............
[102  10]
....
[60  8]
...............
[58  8]
............
[97  7]
..
[56  8]
..............
[54  8]
.............
[52  8]
...........
[92  7]
..
[51  8]
.........../home/s1932078/Documents/MPhys_Project/SRI/src/data_extraction/DataCollector_Deterministic.py:120: UserWarning: Creating legend with loc="best" can be slow with large amounts of data.
  plt.savefig(os.path.join(data_output_path, f'InfectionsVsTimePlot_{name_suffix}.png'))

Data Dump...
.......
[85  7]
..........
[78  7]
..........
[73  7]
..........
[68  7]
..........
[66  7]
..........
[60  7]
..........
[56  7]
..........
[55  7]
..........
[50  7]
..........
[47  7]
..........
[45  7]
..........
[45  7]
....../home/s1932078/Documents/MPhys_Project/SRI/src/data_extraction/DataCollector_Deterministic.py:120: UserWarning: Creating legend with loc="best" can be slow with large amounts of data.
  plt.savefig(os.path.join(data_output_path, f'InfectionsVsTimePlot_{name_suffix}.png'))

Data Dump...
Low 1 3
Done
