Unable to init server: Could not connect: Connection refused
Unable to init server: Could not connect: Connection refused
Unable to init server: Could not connect: Connection refused
Unable to init server: Could not connect: Connection refused
Unable to init server: Could not connect: Connection refused

(DataCollector_Deterministic.py:12954): Gdk-CRITICAL **: 09:29:55.991: gdk_cursor_new_for_display: assertion 'GDK_IS_DISPLAY (display)' failed
Unable to init server: Could not connect: Connection refused
Unable to init server: Could not connect: Connection refused

(DataCollector_Deterministic.py:12973): Gdk-CRITICAL **: 09:29:56.050: gdk_cursor_new_for_display: assertion 'GDK_IS_DISPLAY (display)' failed
Unable to init server: Could not connect: Connection refused

(DataCollector_Deterministic.py:12958): Gdk-CRITICAL **: 09:29:56.074: gdk_cursor_new_for_display: assertion 'GDK_IS_DISPLAY (display)' failed
Unable to init server: Could not connect: Connection refused
Unable to init server: Could not connect: Connection refused
Unable to init server: Could not connect: Connection refused
Unable to init server: Could not connect: Connection refused
Unable to init server: Could not connect: Connection refused
Unable to init server: Could not connect: Connection refused

(DataCollector_Deterministic.py:12980): Gdk-CRITICAL **: 09:29:56.146: gdk_cursor_new_for_display: assertion 'GDK_IS_DISPLAY (display)' failed
Unable to init server: Could not connect: Connection refused

(DataCollector_Deterministic.py:13027): Gdk-CRITICAL **: 09:29:56.225: gdk_cursor_new_for_display: assertion 'GDK_IS_DISPLAY (display)' failed
Unable to init server: Could not connect: Connection refused
Unable to init server: Could not connect: Connection refused

(DataCollector_Deterministic.py:13007): Gdk-CRITICAL **: 09:29:56.254: gdk_cursor_new_for_display: assertion 'GDK_IS_DISPLAY (display)' failed
Unable to init server: Could not connect: Connection refused
Unable to init server: Could not connect: Connection refused

(DataCollector_Deterministic.py:13049): Gdk-CRITICAL **: 09:29:56.281: gdk_cursor_new_for_display: assertion 'GDK_IS_DISPLAY (display)' failed

(DataCollector_Deterministic.py:13057): Gdk-CRITICAL **: 09:29:56.285: gdk_cursor_new_for_display: assertion 'GDK_IS_DISPLAY (display)' failed

(DataCollector_Deterministic.py:13082): Gdk-CRITICAL **: 09:29:56.297: gdk_cursor_new_for_display: assertion 'GDK_IS_DISPLAY (display)' failed
Unable to init server: Could not connect: Connection refused

(DataCollector_Deterministic.py:13089): Gdk-CRITICAL **: 09:29:56.320: gdk_cursor_new_for_display: assertion 'GDK_IS_DISPLAY (display)' failed
Initalising...
Running Sim...

Data Dump...
Initalising...
Running Sim...
.Initalising...
Running Sim...
.Initalising...
Running Sim...
.Initalising...
Running Sim...
.Initalising...
Running Sim...
.Initalising...
Running Sim...
.Initalising...
Running Sim...
.Initalising...
Running Sim...
.Initalising...
Running Sim...
..................................................................................
[4760 9488]
.
[4738 9478]
.
[4732 9506]
.
[4656 9560]
.
[4718 9504]
.
[4655 9544]
.
[4672 9556]
.
[4717 9431]
.
[4614 9563]
..................................................................................
[2266 8995]
.
[2258 8994]
.
[2329 8928]
.
[2196 9070]
.
[2222 9064]
.
[2356 8969]
.
[2238 9084]
.
[2277 8900]
.
[2457 8178]
................................................................................
[1163 8475]
.
[1180 8436]
.
[1119 8572]
.
[1195 8327]
.
[1138 8514]
.
[1101 8595]
..
[1233 8100]
.
[1242 8040]
....................
[1525 5999]
.........................................................
[ 626 7910]
.
[ 630 7818]
.
[ 595 8039]
.
[ 586 8096]
.
[ 596 7892]
..
[ 648 7620]
..........
[ 685 6829]
....
[ 737 6585]
..................................................
[1103 3972]
..........
[ 352 7361]
..
[ 303 7578]
..
[ 356 7351]
..
[ 360 6997]
..
[ 343 7068]
...
[ 370 6805]
............................
[ 450 5251]
.....
[ 519 4781]
................................
[ 192 7080]
..
[ 210 6751]
.......
[ 216 6471]
.....
[ 218 5987]
.....
[ 224 5901]
..
[ 244 5807]
...................................
[ 844 2514]
............
[ 125 6586]
..
[ 321 3724]
.
[ 124 6020]
..................
[ 160 5385]
.
[ 391 3185]
..........
[ 156 4857]
.....
[ 154 4581]
.....
[ 163 4720]
..................
[  85 6094]
..........
[  86 5150]
.....................................
[ 121 4107]
.........
[  66 5565]
......
[ 118 3674]
.....
[ 253 2502]
....
[ 113 3677]
...
[  67 4236]
.
[ 117 3329]
........
[ 656 1559]
..............
[ 304 2038]
..
[  54 5070]
.......................................
[  48 4544]
....
[  94 2939]
..
[  56 3224]
..................
[  95 2648]
......
[  86 2759]
..
[  43 3998]
....................
[  93 2282]
.....
[  40 3436]
./home/s1932078/Documents/MPhys_Project/SRI/src/data_extraction/DataCollector_Deterministic.py:120: UserWarning: Creating legend with loc="best" can be slow with large amounts of data.
  plt.savefig(os.path.join(data_output_path, f'InfectionsVsTimePlot_{name_suffix}.png'))

Data Dump...
............
[ 208 1670]
....
[  50 2286]
.....................
[  85 2042]
....
[ 256 1285]
......
[526 980]
........
[  69 2016]
..
[  80 1828]
........
[  45 1614]
...............
[  77 1516]
............................
[  39 1118]
.....
[  73 1396]
....
[ 170 1118]
.........
[  56 1426]
........
[  69 1242]
...........
[ 36 784]
...............
[204 856]
............
[  64 1049]
....
[ 35 588]
....................
[440 634]
..../home/s1932078/Documents/MPhys_Project/SRI/src/data_extraction/DataCollector_Deterministic.py:120: UserWarning: Creating legend with loc="best" can be slow with large amounts of data.
  plt.savefig(os.path.join(data_output_path, f'InfectionsVsTimePlot_{name_suffix}.png'))

[ 29 461]

Data Dump...

[ 68 967]
.
[  47 1005]
..............
[ 62 855]
................
[136 726]
..................
[ 38 725]
...
[ 53 711]
...
[ 60 676]
.................
[ 57 604]
.....
[169 602]
...............
[ 34 533]
..................
[ 53 483]
................
[ 51 441]
.
[ 31 395]
.
[ 49 509]
..
[358 437]
........
[123 501]
...................
[ 24 307]
............/home/s1932078/Documents/MPhys_Project/SRI/src/data_extraction/DataCollector_Deterministic.py:120: UserWarning: Creating legend with loc="best" can be slow with large amounts of data.
  plt.savefig(os.path.join(data_output_path, f'InfectionsVsTimePlot_{name_suffix}.png'))

Data Dump...
..
[ 50 376]
.......
[ 51 321]
.....................
[ 47 376]
...
[142 414]
....
[ 45 295]
.....
[ 48 251]
...........................
[ 43 204]
..
[ 41 243]
.........../home/s1932078/Documents/MPhys_Project/SRI/src/data_extraction/DataCollector_Deterministic.py:120: UserWarning: Creating legend with loc="best" can be slow with large amounts of data.
  plt.savefig(os.path.join(data_output_path, f'InfectionsVsTimePlot_{name_suffix}.png'))

Data Dump...
...
[ 98 346]
.........
[ 39 219]
.
[ 46 290]
.../home/s1932078/Documents/MPhys_Project/SRI/src/data_extraction/DataCollector_Deterministic.py:120: UserWarning: Creating legend with loc="best" can be slow with large amounts of data.
  plt.savefig(os.path.join(data_output_path, f'InfectionsVsTimePlot_{name_suffix}.png'))

Data Dump...
..........
[303 291]
..........
[ 42 227]
........
[124 289]
.............
[ 40 185]
..
[ 82 256]
..............
[ 35 164]
................
[ 32 146]
../home/s1932078/Documents/MPhys_Project/SRI/src/data_extraction/DataCollector_Deterministic.py:120: UserWarning: Creating legend with loc="best" can be slow with large amounts of data.
  plt.savefig(os.path.join(data_output_path, f'InfectionsVsTimePlot_{name_suffix}.png'))

Data Dump...
.........
[106 215]
.
[255 207]
.
[ 79 195]
......................
[ 68 157]
.......
[ 91 169]
..............
[212 156]
.
[ 58 127]
.................
[ 80 136]
...
[ 50 107]
...................
[40 96]
.............
[ 69 111]
..
[166 117]
...
[37 90]
...............
[28 77]
...../home/s1932078/Documents/MPhys_Project/SRI/src/data_extraction/DataCollector_Deterministic.py:120: UserWarning: Creating legend with loc="best" can be slow with large amounts of data.
  plt.savefig(os.path.join(data_output_path, f'InfectionsVsTimePlot_{name_suffix}.png'))

Data Dump...
.......
[64 96]
..............
[57 81]
.
[144  89]
.............
[45 72]
.............
[39 65]
.............
[35 61]
...
[119  64]
......./home/s1932078/Documents/MPhys_Project/SRI/src/data_extraction/DataCollector_Deterministic.py:120: UserWarning: Creating legend with loc="best" can be slow with large amounts of data.
  plt.savefig(os.path.join(data_output_path, f'InfectionsVsTimePlot_{name_suffix}.png'))

Data Dump...
........
[100  54]
..........
[84 44]
..........
[75 40]
..........
[67 36]
..........
[61 32]
..........
[50 30]
..........
[42 28]
..........
[37 25]
..........
[34 21]
........../home/s1932078/Documents/MPhys_Project/SRI/src/data_extraction/DataCollector_Deterministic.py:120: UserWarning: Creating legend with loc="best" can be slow with large amounts of data.
  plt.savefig(os.path.join(data_output_path, f'InfectionsVsTimePlot_{name_suffix}.png'))

[29 21]

Data Dump...
Low 1 6
Done
