Unable to init server: Could not connect: Connection refused
Unable to init server: Could not connect: Connection refused
Unable to init server: Could not connect: Connection refused
Unable to init server: Could not connect: Connection refused
Unable to init server: Could not connect: Connection refused
Unable to init server: Could not connect: Connection refused
Unable to init server: Could not connect: Connection refused
Unable to init server: Could not connect: Connection refused
Unable to init server: Could not connect: Connection refused
Unable to init server: Could not connect: Connection refused
Unable to init server: Could not connect: Connection refused

(DataCollector_Deterministic.py:3317847): Gdk-CRITICAL **: 00:59:42.314: gdk_cursor_new_for_display: assertion 'GDK_IS_DISPLAY (display)' failed
Unable to init server: Could not connect: Connection refused

(DataCollector_Deterministic.py:3317867): Gdk-CRITICAL **: 00:59:42.318: gdk_cursor_new_for_display: assertion 'GDK_IS_DISPLAY (display)' failed
Unable to init server: Could not connect: Connection refused

(DataCollector_Deterministic.py:3317789): Gdk-CRITICAL **: 00:59:42.322: gdk_cursor_new_for_display: assertion 'GDK_IS_DISPLAY (display)' failed
Unable to init server: Could not connect: Connection refused

(DataCollector_Deterministic.py:3317735): Gdk-CRITICAL **: 00:59:42.330: gdk_cursor_new_for_display: assertion 'GDK_IS_DISPLAY (display)' failed
Unable to init server: Could not connect: Connection refused

(DataCollector_Deterministic.py:3317776): Gdk-CRITICAL **: 00:59:42.334: gdk_cursor_new_for_display: assertion 'GDK_IS_DISPLAY (display)' failed
Unable to init server: Could not connect: Connection refused

(DataCollector_Deterministic.py:3317733): Gdk-CRITICAL **: 00:59:42.346: gdk_cursor_new_for_display: assertion 'GDK_IS_DISPLAY (display)' failed
Unable to init server: Could not connect: Connection refused

(DataCollector_Deterministic.py:3317902): Gdk-CRITICAL **: 00:59:42.418: gdk_cursor_new_for_display: assertion 'GDK_IS_DISPLAY (display)' failed
Unable to init server: Could not connect: Connection refused

(DataCollector_Deterministic.py:3317813): Gdk-CRITICAL **: 00:59:42.423: gdk_cursor_new_for_display: assertion 'GDK_IS_DISPLAY (display)' failed
Unable to init server: Could not connect: Connection refused

(DataCollector_Deterministic.py:3317831): Gdk-CRITICAL **: 00:59:42.432: gdk_cursor_new_for_display: assertion 'GDK_IS_DISPLAY (display)' failed
Unable to init server: Could not connect: Connection refused

(DataCollector_Deterministic.py:3317880): Gdk-CRITICAL **: 00:59:42.445: gdk_cursor_new_for_display: assertion 'GDK_IS_DISPLAY (display)' failed
Initalising...
Running Sim...
.Initalising...
Running Sim...
.Initalising...
Running Sim...
.Initalising...
Running Sim...
.Initalising...
Running Sim...
.Initalising...
Running Sim...
.Initalising...
Running Sim...
.Initalising...
Running Sim...
.Initalising...
Running Sim...
.Initalising...
Running Sim...
...........................................................................................
[4785 9687]
.
[4772 9680]
.
[4689 9685]
.
[4768 9702]
.
[4724 9707]
.
[4659 9688]
.
[4689 9678]
.
[4643 9670]
.
[4656 9680]
.
[4661 9717]
...........................................................................................
[2278 9356]
.
[2296 9324]
.
[2261 9356]
.
[2297 9363]
.
[2222 9373]
.
[2240 9385]
.
[2262 9337]
.
[2257 9369]
.
[2226 9360]
.
[2202 9404]
..........................................................................................
[1120 9038]
..
[1173 8993]
.
[1152 9035]
.
[1145 9039]
.
[1119 9046]
.
[1121 8985]
.
[1112 9085]
.
[1103 9028]
.
[1127 9032]
..
[1080 9097]
........................................................................................
[ 577 8706]
..
[ 610 8669]
..
[ 618 8710]
.
[ 632 8721]
.
[ 606 8721]
.
[ 609 8668]
.
[ 610 8781]
.
[ 578 8698]
..
[ 608 8684]
...
[ 606 8775]
....................................................................................
[ 313 8370]
.
[ 327 8346]
....
[ 353 8367]
.
[ 354 8371]
..
[ 356 8338]
.
[ 348 8408]
...
[ 338 8301]
.
[ 354 8473]
.
[ 345 8359]
...
[ 357 8427]
.................................................................................
[ 174 8024]
..
[ 210 7983]
..
[ 211 8013]
....
[ 216 8036]
.
[ 224 7981]
..
[ 211 8025]
....
[ 227 7999]
.
[ 220 8124]
.
[ 219 7348]
......
[ 223 8077]
.....................................................................
[ 113 7618]
...
[ 144 7627]
...........
[ 136 7589]
.
[ 135 7692]
.
[ 153 7434]
.
[ 137 7495]
...
[ 135 7655]
.......
[ 148 7755]
....
[ 144 7703]
............................
[ 180 5283]
................................
[  84 6991]
......
[ 104 7250]
.............
[  90 7323]
.
[ 109 6993]
....
[  92 7323]
....
[ 109 6166]
..
[ 105 7269]
...
[ 100 7278]
..
[ 112 6177]
........................................................
[  75 6775]
.....
[  69 6955]
..
[  71 5672]
....
[  70 6983]
.................
[  80 5820]
...
[  84 6616]
..........
[  78 6342]
........
[ 148 3222]
.......................
[  60 6441]
..
[  95 4211]
....
[  58 5862]
..
[  54 6484]
...
[  90 4079]
........................................
[  63 5439]
.....
[  62 3881]
....
[  49 5542]
.........
[  49 5520]
.
[  64 4221]
.
[  68 4724]
.................
[  50 4336]
..................................
[  45 4036]
.............
[  47 3949]
......
[  55 3905]
......
[  81 2647]
.........
[  81 2524]
.....
[ 129 1866]
.......
[  46 2861]
.....
[  56 2415]
...
[  58 3132]
..
[  59 2789]
...
[  43 2652]
.....................................
[  51 2518]
...................
[  41 1638]
.
[  43 1845]
..........................
[  76 1624]
......
[  53 1985]
.
[  58 1774]
......
[  51 1500]
.
[  76 1480]
...........
[  40 1046]
..............
[  48 1596]
.
[ 113 1089]
..
[  39 1165]
...............................
[ 36 655]
.................................
[  53 1134]
..
[  50 1231]
....
[ 38 768]
..
[ 34 456]
.....
[ 45 991]
....
[  71 1016]
.
[ 49 964]
.......................
[ 69 907]
.
[ 31 349]
................./home/s1932078/Documents/MPhys_Project/SRI/src/data_extraction/DataCollector_Deterministic.py:120: UserWarning: Creating legend with loc="best" can be slow with large amounts of data.
  plt.savefig(os.path.join(data_output_path, f'InfectionsVsTimePlot_{name_suffix}.png'))

Data Dump...
...........
[ 35 535]
....................
[ 40 649]
..
[100 681]
......
[ 48 766]
....
[ 45 808]
..........
[ 33 384]
.........
[ 49 618]
.....................
[ 61 648]
.....
[ 31 300]
..........
[ 35 456]
............
[ 65 594]
.........
[ 28 261]
...
[ 46 529]
................/home/s1932078/Documents/MPhys_Project/SRI/src/data_extraction/DataCollector_Deterministic.py:120: UserWarning: Creating legend with loc="best" can be slow with large amounts of data.
  plt.savefig(os.path.join(data_output_path, f'InfectionsVsTimePlot_{name_suffix}.png'))

Data Dump...
..
[ 40 512]
...............
[ 32 338]
.....
[ 45 398]
...................
[ 87 444]
........
[ 43 399]
.....
[ 27 269]
.
[ 54 420]
...............
[ 39 366]
.............
[ 60 397]
...
[ 26 220]
.................
[ 44 290]
........
[ 25 197]
..
[ 39 319]
....../home/s1932078/Documents/MPhys_Project/SRI/src/data_extraction/DataCollector_Deterministic.py:120: UserWarning: Creating legend with loc="best" can be slow with large amounts of data.
  plt.savefig(os.path.join(data_output_path, f'InfectionsVsTimePlot_{name_suffix}.png'))

Data Dump...
..................
[ 37 265]
..............
[ 52 298]
..
[ 39 237]
.............
[ 41 202]
..
[ 79 294]
.............
[ 60 275]
.....
[ 39 198]
.
[ 35 207]
............................
[ 37 179]
...............
[ 38 155]
......
[ 30 170]
...
[ 48 216]
.
[ 34 169]
........../home/s1932078/Documents/MPhys_Project/SRI/src/data_extraction/DataCollector_Deterministic.py:120: UserWarning: Creating legend with loc="best" can be slow with large amounts of data.
  plt.savefig(os.path.join(data_output_path, f'InfectionsVsTimePlot_{name_suffix}.png'))

Data Dump...
.......................
[ 25 150]
...
[ 56 202]
...
[ 37 123]
..
[ 70 215]
.................
[ 23 137]
................
[ 47 171]
......
[ 22 133]
...
[ 35 114]
........../home/s1932078/Documents/MPhys_Project/SRI/src/data_extraction/DataCollector_Deterministic.py:120: UserWarning: Creating legend with loc="best" can be slow with large amounts of data.
  plt.savefig(os.path.join(data_output_path, f'InfectionsVsTimePlot_{name_suffix}.png'))

Data Dump...
................
[ 34 106]
...
[ 53 161]
.................
[ 45 135]
..
[ 32 100]
..
[ 66 160]
................
[31 97]
............./home/s1932078/Documents/MPhys_Project/SRI/src/data_extraction/DataCollector_Deterministic.py:120: UserWarning: Creating legend with loc="best" can be slow with large amounts of data.
  plt.savefig(os.path.join(data_output_path, f'InfectionsVsTimePlot_{name_suffix}.png'))

Data Dump...
.......
[ 44 125]
....
[ 42 112]
....................
[ 60 123]
...
[42 96]
..
[41 95]
.....................
[37 83]
........
[39 87]
.............
[36 78]
.
[55 99]
..................
[37 79]
.
[35 73]
..................
[34 69]
...............
[35 73]
...
[30 67]
.......
[52 76]
........
[26 66]
../home/s1932078/Documents/MPhys_Project/SRI/src/data_extraction/DataCollector_Deterministic.py:120: UserWarning: Creating legend with loc="best" can be slow with large amounts of data.
  plt.savefig(os.path.join(data_output_path, f'InfectionsVsTimePlot_{name_suffix}.png'))

Data Dump...
.......
[33 71]
...............
[31 70]
......
[48 62]
........
[30 67]
.............
[29 64]
............
[29 64]
............
[45 49]
.
[29 64]
./home/s1932078/Documents/MPhys_Project/SRI/src/data_extraction/DataCollector_Deterministic.py:120: UserWarning: Creating legend with loc="best" can be slow with large amounts of data.
  plt.savefig(os.path.join(data_output_path, f'InfectionsVsTimePlot_{name_suffix}.png'))

Data Dump...
.........
[39 41]
..........
[35 38]
..........
[33 33]
..........
[33 32]
..........
[33 32]
..........
[31 30]
..........
[31 30]
..........
[30 28]
..........
[29 27]
..........
[29 27]
..........
[29 27]
........./home/s1932078/Documents/MPhys_Project/SRI/src/data_extraction/DataCollector_Deterministic.py:120: UserWarning: Creating legend with loc="best" can be slow with large amounts of data.
  plt.savefig(os.path.join(data_output_path, f'InfectionsVsTimePlot_{name_suffix}.png'))

Data Dump...
High 1 4
Done
slurmstepd-phcompute025: error: Detected 1 oom-kill event(s) in StepId=810623.batch. Some of your processes may have been killed by the cgroup out-of-memory handler.
