Unable to init server: Could not connect: Connection refused
Unable to init server: Could not connect: Connection refused

(DataCollector_Deterministic.py:3317887): Gdk-CRITICAL **: 00:59:41.261: gdk_cursor_new_for_display: assertion 'GDK_IS_DISPLAY (display)' failed
Unable to init server: Could not connect: Connection refused
Unable to init server: Could not connect: Connection refused
Unable to init server: Could not connect: Connection refused
Unable to init server: Could not connect: Connection refused
Unable to init server: Could not connect: Connection refused
Unable to init server: Could not connect: Connection refused
Unable to init server: Could not connect: Connection refused
Unable to init server: Could not connect: Connection refused
Unable to init server: Could not connect: Connection refused
Unable to init server: Could not connect: Connection refused
Unable to init server: Could not connect: Connection refused
Unable to init server: Could not connect: Connection refused
Unable to init server: Could not connect: Connection refused

(DataCollector_Deterministic.py:3317819): Gdk-CRITICAL **: 00:59:42.565: gdk_cursor_new_for_display: assertion 'GDK_IS_DISPLAY (display)' failed
Unable to init server: Could not connect: Connection refused

(DataCollector_Deterministic.py:3317738): Gdk-CRITICAL **: 00:59:42.569: gdk_cursor_new_for_display: assertion 'GDK_IS_DISPLAY (display)' failed

(DataCollector_Deterministic.py:3317903): Gdk-CRITICAL **: 00:59:42.572: gdk_cursor_new_for_display: assertion 'GDK_IS_DISPLAY (display)' failed
Unable to init server: Could not connect: Connection refused

(DataCollector_Deterministic.py:3317801): Gdk-CRITICAL **: 00:59:42.581: gdk_cursor_new_for_display: assertion 'GDK_IS_DISPLAY (display)' failed

(DataCollector_Deterministic.py:3317779): Gdk-CRITICAL **: 00:59:42.584: gdk_cursor_new_for_display: assertion 'GDK_IS_DISPLAY (display)' failed

(DataCollector_Deterministic.py:3317851): Gdk-CRITICAL **: 00:59:42.588: gdk_cursor_new_for_display: assertion 'GDK_IS_DISPLAY (display)' failed
Unable to init server: Could not connect: Connection refused

(DataCollector_Deterministic.py:3317841): Gdk-CRITICAL **: 00:59:42.593: gdk_cursor_new_for_display: assertion 'GDK_IS_DISPLAY (display)' failed
Unable to init server: Could not connect: Connection refused

(DataCollector_Deterministic.py:3317749): Gdk-CRITICAL **: 00:59:42.597: gdk_cursor_new_for_display: assertion 'GDK_IS_DISPLAY (display)' failed
Unable to init server: Could not connect: Connection refused

(DataCollector_Deterministic.py:3317869): Gdk-CRITICAL **: 00:59:42.601: gdk_cursor_new_for_display: assertion 'GDK_IS_DISPLAY (display)' failed
Initalising...
Running Sim...

Data Dump...
Initalising...
Running Sim...
.Initalising...
Running Sim...
.Initalising...
Running Sim...
.Initalising...
Running Sim...
.Initalising...
Running Sim...
.Initalising...
Running Sim...
.Initalising...
Running Sim...
.Initalising...
Running Sim...
.Initalising...
Running Sim...
..................................................................................
[ 4670 10000]
.
[ 4703 10000]
.
[ 4685 10000]
.
[ 4686 10000]
.
[ 4667 10000]
.
[ 4678 10000]
.
[ 4699 10000]
.
[ 4667 10000]
.
[ 4700 10000]
..................................................................................
[ 2253 10000]
.
[ 2271 10000]
.
[ 2255 10000]
.
[ 2196 10000]
.
[ 2205 10000]
.
[ 2208 10000]
.
[ 2216 10000]
.
[ 2260 10000]
.
[ 2264 10000]
..................................................................................
[ 1164 10000]
.
[ 1142 10000]
.
[1119 9999]
.
[ 1101 10000]
.
[1103 9999]
.
[ 1083 10000]
.
[ 1095 10000]
.
[ 1155 10000]
.
[ 1099 10000]
..................................................................................
[  615 10000]
.
[ 604 9999]
.
[ 584 9995]
.
[  594 10000]
.
[  577 10000]
.
[ 558 9995]
.
[  602 10000]
.
[  568 10000]
.
[  608 10000]
..................................................................................
[ 356 9999]
.
[ 356 9999]
.
[ 320 9963]
.
[ 318 9962]
.
[ 321 9999]
.
[ 313 9998]
.
[  313 10000]
.
[ 325 9999]
.
[  357 10000]
.................................................................................
[ 224 9996]
..
[ 214 9999]
.
[ 192 9964]
.
[ 199 9996]
.
[ 171 9986]
.
[ 194 9708]
.
[ 188 9994]
.
[ 194 9762]
..
[ 218 9993]
.............................................................................
[ 126 9999]
.
[ 151 9845]
..
[ 132 9980]
.
[  99 9967]
..
[ 122 9863]
...
[ 130 9398]
......
[ 152 9916]
.......
[ 135 8553]
..
[ 122 8788]
...................................................
[  95 9999]
....
[  97 9898]
....
[  72 9876]
..........
[  89 8601]
.
[ 123 9188]
.....
[ 104 7714]
.......................
[ 107 6588]
............
[  64 9999]
....
[ 101 6753]
......
[ 108 6251]
.
[  78 9189]
.........
[  52 9426]
.........................
[  55 9999]
.................
[ 104 6684]
............
[  74 5692]
.......
[  49 9999]
........
[  45 7538]
.
[  70 6859]
.....
[  92 4469]
..............
[  47 9999]
.................../home/s1932078/Documents/MPhys_Project/SRI/src/data_extraction/DataCollector_Deterministic.py:120: UserWarning: Creating legend with loc="best" can be slow with large amounts of data.
  plt.savefig(os.path.join(data_output_path, f'InfectionsVsTimePlot_{name_suffix}.png'))

Data Dump...
...
[  95 3848]
..
[  84 4468]
..........
[  89 3990]
.....................
[  41 4892]
...
[  95 4126]
......
[  62 4259]
.......
[  71 3305]
......................
[  88 2417]
...............
[  77 2741]
.....
[  84 2093]
.....
[  81 2434]
......
[  39 2918]
..........
[  56 2548]
...
[  89 2419]
..................
[  66 1831]
..............................
[  81 1335]
..
[  73 1691]
....
[  38 1745]
.........
[  54 1538]
.
[  78 1192]
.....
[  75 1474]
............
[  85 1411]
.......................
[  64 1058]
................
[  38 1043]
...........
[  69 1021]
.
[ 53 920]
.......
[ 77 734]
.............
[ 69 908]
...
[ 74 724]
............
[ 80 826]
.................
[ 38 611]
.....
[ 61 616]
.........
[ 53 541]
..............
[ 64 635]
.....................
[ 75 416]
....
[ 65 587]
..........
[ 38 379]
.
[ 70 443]
.
[ 79 494]
................
[ 52 339]
............
[ 57 366]
...............
[ 61 389]
................
[ 37 218]
...............
[ 62 387]
.....
[ 70 253]
......
[ 52 221]
.
[ 71 303]
.......
[ 63 277]
.......................
[ 35 156]
..
[ 57 235]
....
[ 57 248]
..........................
[ 51 149]
.............
[ 61 260]
........
[ 34 109]
....
[ 67 204]
..........
[ 67 148]
........
[ 56 182]
.........
[ 52 175]
............
[ 54 159]
..
[ 51 105]
....
[34 70]
................................
[ 57 175]
............
[32 52]
.
[ 64 139]
................
[51 80]
........
[ 47 125]
.........
[66 93]
...
[31 42]
..
[ 54 120]
...............
[ 54 114]
...............
[31 37]
..............
[51 61]
...........
[ 52 112]
..
[31 34]
......../home/s1932078/Documents/MPhys_Project/SRI/src/data_extraction/DataCollector_Deterministic.py:120: UserWarning: Creating legend with loc="best" can be slow with large amounts of data.
  plt.savefig(os.path.join(data_output_path, f'InfectionsVsTimePlot_{name_suffix}.png'))

Data Dump...
.....
[ 62 108]
..........
[47 94]
...............
[50 53]
................
[52 81]
...
[53 84]
...
[65 65]
.................
[50 43]
..
[50 88]
..........
[60 78]
.
[47 72]
.....................
[50 37]
..............................
[49 35]
.....
[50 67]
..............
[51 59]
..
[46 60]
..
[49 35]
..
[46 73]
.....
[59 39]
..........
[59 58]
./home/s1932078/Documents/MPhys_Project/SRI/src/data_extraction/DataCollector_Deterministic.py:120: UserWarning: Creating legend with loc="best" can be slow with large amounts of data.
  plt.savefig(os.path.join(data_output_path, f'InfectionsVsTimePlot_{name_suffix}.png'))

Data Dump...
..................................
[46 51]
.........
[49 53]
....
[42 64]
........
[56 46]
....
[48 44]
..............
[59 29]
..
[46 49]
..............................
[41 56]
.....
[49 44]
...
[44 42]
.
[54 35]
......................
[47 36]
............
[43 39]
..............
[58 24]
..
[41 49]
.........
[53 30]
........
[42 38]
..
[47 35]
..........................
[42 36]
...............
[41 42]
.....
[47 32]
...
[42 35]
.........../home/s1932078/Documents/MPhys_Project/SRI/src/data_extraction/DataCollector_Deterministic.py:120: UserWarning: Creating legend with loc="best" can be slow with large amounts of data.
  plt.savefig(os.path.join(data_output_path, f'InfectionsVsTimePlot_{name_suffix}.png'))

Data Dump...

[53 27]
.................
[45 29]
..
[56 19]
...........
[41 38]
.........
[52 25]
.....................
[43 25]
......
[39 33]
.....
[44 24]
........
[52 25]
.............
[55 14]
.......
[39 32]
.................
[52 24]
..............
[39 27]
.
[44 22]
...
[42 20]
.....................
[39 27]
.
[52 21]
.....................
[38 27]
................./home/s1932078/Documents/MPhys_Project/SRI/src/data_extraction/DataCollector_Deterministic.py:120: UserWarning: Creating legend with loc="best" can be slow with large amounts of data.
  plt.savefig(os.path.join(data_output_path, f'InfectionsVsTimePlot_{name_suffix}.png'))

[38 26]

Data Dump...
.
[53  9]
....
[51 20]
..
[41 21]
...................
[51 20]
..
[41 17]
................
[51 20]
............
[41 17]
./home/s1932078/Documents/MPhys_Project/SRI/src/data_extraction/DataCollector_Deterministic.py:120: UserWarning: Creating legend with loc="best" can be slow with large amounts of data.
  plt.savefig(os.path.join(data_output_path, f'InfectionsVsTimePlot_{name_suffix}.png'))

Data Dump...
.............
[51  6]
.......
[40 14]
..
[41 14]
...................
[40 12]
.................
[50  5]
.
[40 12]
.
[40 10]
................
[40 12]
.................
[40 12]
..............
[40 12]
.
[39  9]
...........
[48  5]
...
[40 12]
....../home/s1932078/Documents/MPhys_Project/SRI/src/data_extraction/DataCollector_Deterministic.py:120: UserWarning: Creating legend with loc="best" can be slow with large amounts of data.
  plt.savefig(os.path.join(data_output_path, f'InfectionsVsTimePlot_{name_suffix}.png'))

Data Dump...
..........
[38  9]
..........
[48  4]
.......
[38  8]
.................
[38  8]
.
[46  4]
................
[38  8]
.........
[45  3]
.......
[38  8]
...............
[38  8]
.......
[43  3]
.........
[38  7]
..............
[38  7]
........
[43  3]
......
[37  7]
..............
[37  7]
.............
[37  7]
....../home/s1932078/Documents/MPhys_Project/SRI/src/data_extraction/DataCollector_Deterministic.py:120: UserWarning: Creating legend with loc="best" can be slow with large amounts of data.
  plt.savefig(os.path.join(data_output_path, f'InfectionsVsTimePlot_{name_suffix}.png'))

Data Dump...

[43  3]
..........
[42  3]
..........
[42  3]
..........
[42  3]
..........
[42  3]
..........
[42  3]
..........
[42  3]
..........
[42  3]
..........
[41  3]
..........
[41  3]
..........
[41  3]
..........
[41  3]
......./home/s1932078/Documents/MPhys_Project/SRI/src/data_extraction/DataCollector_Deterministic.py:120: UserWarning: Creating legend with loc="best" can be slow with large amounts of data.
  plt.savefig(os.path.join(data_output_path, f'InfectionsVsTimePlot_{name_suffix}.png'))

Data Dump...
High 1 0
Done
