Unable to init server: Could not connect: Connection refused
Unable to init server: Could not connect: Connection refused
Unable to init server: Could not connect: Connection refused
Unable to init server: Could not connect: Connection refused
Unable to init server: Could not connect: Connection refused
Unable to init server: Could not connect: Connection refused
Unable to init server: Could not connect: Connection refused
Unable to init server: Could not connect: Connection refused

(DataCollector_Deterministic.py:3367419): Gdk-CRITICAL **: 09:29:43.505: gdk_cursor_new_for_display: assertion 'GDK_IS_DISPLAY (display)' failed

(DataCollector_Deterministic.py:3367413): Gdk-CRITICAL **: 09:29:43.516: gdk_cursor_new_for_display: assertion 'GDK_IS_DISPLAY (display)' failed
Unable to init server: Could not connect: Connection refused

(DataCollector_Deterministic.py:3367443): Gdk-CRITICAL **: 09:29:43.540: gdk_cursor_new_for_display: assertion 'GDK_IS_DISPLAY (display)' failed
Unable to init server: Could not connect: Connection refused
Unable to init server: Could not connect: Connection refused
Unable to init server: Could not connect: Connection refused

(DataCollector_Deterministic.py:3367482): Gdk-CRITICAL **: 09:29:43.626: gdk_cursor_new_for_display: assertion 'GDK_IS_DISPLAY (display)' failed
Unable to init server: Could not connect: Connection refused

(DataCollector_Deterministic.py:3367506): Gdk-CRITICAL **: 09:29:43.631: gdk_cursor_new_for_display: assertion 'GDK_IS_DISPLAY (display)' failed
Unable to init server: Could not connect: Connection refused
Unable to init server: Could not connect: Connection refused

(DataCollector_Deterministic.py:3367458): Gdk-CRITICAL **: 09:29:43.652: gdk_cursor_new_for_display: assertion 'GDK_IS_DISPLAY (display)' failed
Unable to init server: Could not connect: Connection refused
Unable to init server: Could not connect: Connection refused

(DataCollector_Deterministic.py:3367542): Gdk-CRITICAL **: 09:29:43.752: gdk_cursor_new_for_display: assertion 'GDK_IS_DISPLAY (display)' failed
Unable to init server: Could not connect: Connection refused
Unable to init server: Could not connect: Connection refused

(DataCollector_Deterministic.py:3367568): Gdk-CRITICAL **: 09:29:43.789: gdk_cursor_new_for_display: assertion 'GDK_IS_DISPLAY (display)' failed

(DataCollector_Deterministic.py:3367527): Gdk-CRITICAL **: 09:29:43.800: gdk_cursor_new_for_display: assertion 'GDK_IS_DISPLAY (display)' failed
Unable to init server: Could not connect: Connection refused

(DataCollector_Deterministic.py:3367580): Gdk-CRITICAL **: 09:29:43.819: gdk_cursor_new_for_display: assertion 'GDK_IS_DISPLAY (display)' failed
Initalising...
Running Sim...

Data Dump...
Initalising...
Running Sim...

Data Dump...
Initalising...
Running Sim...
.Initalising...
Running Sim...
.Initalising...
Running Sim...
.Initalising...
Running Sim...
.Initalising...
Running Sim...
.Initalising...
Running Sim...
.Initalising...
Running Sim...
.Initalising...
Running Sim...
.........................................................................
[ 4733 10000]
.
[ 4737 10000]
.
[ 4685 10000]
.
[ 4669 10000]
.
[ 4656 10000]
.
[ 4695 10000]
.
[ 4700 10000]
.
[ 4616 10000]
.........................................................................
[ 2270 10000]
.
[ 2272 10000]
.
[ 2254 10000]
.
[ 2264 10000]
.
[ 2221 10000]
.
[ 2251 10000]
.
[ 2201 10000]
.
[ 2248 10000]
.........................................................................
[ 1125 10000]
.
[ 1141 10000]
.
[ 1168 10000]
.
[ 1103 10000]
.
[ 1098 10000]
.
[ 1134 10000]
.
[ 1189 10000]
.
[ 1131 10000]
.........................................................................
[ 575 9995]
.
[  623 10000]
.
[  607 10000]
.
[  580 10000]
.
[  576 10000]
.
[  609 10000]
.
[  635 10000]
.
[  575 10000]
.........................................................................
[ 358 9999]
.
[ 340 9999]
.
[ 324 9851]
.
[ 322 9999]
.
[ 353 9999]
.
[ 309 9999]
.
[ 331 9998]
.
[  332 10000]
......................................................................
[ 213 9987]
...
[ 199 9999]
..
[ 194 9989]
.
[ 210 9989]
.
[ 192 9999]
..
[ 201 9991]
.
[ 199 9988]
....
[ 215 8229]
...........................................................
[ 132 9911]
.....
[ 128 9990]
....
[ 121 9977]
.
[ 139 9720]
.
[ 124 9962]
..
[ 140 9950]
.
[ 131 9950]
..............................................................
[  92 9943]
..
[ 187 5220]
.
[ 101 9011]
.
[  87 9694]
..
[  85 9801]
..
[ 103 9560]
....
[  92 9739]
..................
[ 110 7587]
..................................
[  72 9477]
........
[  68 9093]
......
[  71 7434]
..
[  68 8527]
.
[  78 7569]
...........
[  87 6312]
..............................
[  57 7605]
............
[  95 4544]
.
[  60 7053]
.......
[ 167 2956]
........
[  59 6043]
..........
[  69 4782]
....
[  68 4400]
..............
[  76 3835]
........
[  52 4973]
.................
[  52 4569]
......................
[  53 3795]
..
[  91 2555]
............
[  63 2797]
.........
[  65 2475]
..
[ 149 1657]
.......
[  49 2957]
......
[  70 2224]
........
[  48 2732]
........................
[  48 2295]
......................
[  86 1447]
..
[  62 1626]
......
[  46 1677]
.....
[  61 1405]
...........
[  47 1640]
......
[  69 1289]
....
[131 908]
...............
[  47 1332]
............................
[  46 1028]
.....
[  61 1007]
...........
[ 45 991]
.
[ 83 779]
...
[ 60 791]
.................
[ 63 768]
......
[ 46 815]
................
[124 524]
........
[ 44 598]
.................
[ 45 610]
.
[ 60 575]
.....................
[ 59 446]
.....
[ 80 445]
....
[ 44 493]
.....
[ 60 468]
...............
[ 40 376]
...............
[ 43 399]
................
[114 315]
..
[ 59 335]
..................
[ 44 316]
......
[ 58 265]
......
[ 38 256]
........
[ 78 270]
..
[ 58 280]
.....
[ 43 266]
..................................
[ 56 211]
............
[ 43 214]
.
[ 38 180]
...............
[ 42 191]
.....
[101 197]
.
[ 57 179]
................
[ 57 179]
.............
[ 77 171]
.........
[ 38 127]
..........
[ 55 148]
..
[ 42 142]
...
[ 40 144]
......................................
[37 97]
..
[ 55 114]
.............
[ 40 108]
.
[ 57 122]
...............
[ 97 136]
..
[ 42 107]
.............
[ 55 101]
....
[ 75 107]
...
[37 84]
.............
[40 85]
..................................
[37 68]
......
[54 81]
..
[42 78]
...
[40 74]
..........
[57 81]
.....................
[37 64]
.......
[54 65]
..
[40 68]
..............................
[36 61]
.....
[40 62]
..
[42 66]
.......
[93 83]
......
[73 71]
..../home/s1932078/Documents/MPhys_Project/SRI/src/data_extraction/DataCollector_Deterministic.py:120: UserWarning: Creating legend with loc="best" can be slow with large amounts of data.
  plt.savefig(os.path.join(data_output_path, f'InfectionsVsTimePlot_{name_suffix}.png'))

Data Dump...
.....
[36 59]
.../home/s1932078/Documents/MPhys_Project/SRI/src/data_extraction/DataCollector_Deterministic.py:120: UserWarning: Creating legend with loc="best" can be slow with large amounts of data.
  plt.savefig(os.path.join(data_output_path, f'InfectionsVsTimePlot_{name_suffix}.png'))

Data Dump...
..............
[53 58]
........
[57 66]
....
[42 54]
..
[51 47]
................................
[41 46]
...............
[71 50]
..........
[50 38]
.
[51 41]
..
[85 54]
.
[55 51]
.
[40 45]
.........................
[40 37]
.......................
[40 36]
.........../home/s1932078/Documents/MPhys_Project/SRI/src/data_extraction/DataCollector_Deterministic.py:120: UserWarning: Creating legend with loc="best" can be slow with large amounts of data.
  plt.savefig(os.path.join(data_output_path, f'InfectionsVsTimePlot_{name_suffix}.png'))

Data Dump...
....
[51 28]
........
[53 41]
.
[48 27]
...
[69 38]
.....................
[79 39]
...
[51 24]
...................
[53 34]
....
[47 24]
...........
[49 22]
...
[65 32]
............................
[51 30]
.
[48 20]
........
[46 21]
...
[77 28]
...................
[48 19]
........
[63 25]
.....
[49 29]
...............
[47 17]
....
[46 20]
.....................
[47 17]
.........
[49 28]
..............
[46 17]
.
[74 20]
................./home/s1932078/Documents/MPhys_Project/SRI/src/data_extraction/DataCollector_Deterministic.py:120: UserWarning: Creating legend with loc="best" can be slow with large amounts of data.
  plt.savefig(os.path.join(data_output_path, f'InfectionsVsTimePlot_{name_suffix}.png'))

[46 17]

Data Dump...

[62 21]
.
[46 19]
............
[49 28]
......................
[46 19]
.....
[46 26]
..............
[61 17]
.....
[70 16]
.....
[46 26]
.......
[44 18]
................
[45 25]
...................
[44 14]
.....
[45 25]
....
[61 14]
...............
[45 25]
.............../home/s1932078/Documents/MPhys_Project/SRI/src/data_extraction/DataCollector_Deterministic.py:120: UserWarning: Creating legend with loc="best" can be slow with large amounts of data.
  plt.savefig(os.path.join(data_output_path, f'InfectionsVsTimePlot_{name_suffix}.png'))

Data Dump...

[44 14]
...
[66 15]
..............
[44 14]
...........
[61 14]
......
[44 14]
...............
[44 14]
..............
[44 14]
.....
[66 13]
........
[44 14]
....../home/s1932078/Documents/MPhys_Project/SRI/src/data_extraction/DataCollector_Deterministic.py:120: UserWarning: Creating legend with loc="best" can be slow with large amounts of data.
  plt.savefig(os.path.join(data_output_path, f'InfectionsVsTimePlot_{name_suffix}.png'))

Data Dump...

[61 12]
.................
[60 12]
...
[63 10]
..............
[59 10]
............
[60  8]
....
[57  9]
...............
[57  9]
..........
[59  8]
.....
[57  8]
...............
[56  8]
............
[59  8]
..
[56  8]
..............
[56  8]
..............
[55  8]
......
[54  8]
.......
[55  8]
.............
[54  8]
............
[54  8]
......./home/s1932078/Documents/MPhys_Project/SRI/src/data_extraction/DataCollector_Deterministic.py:120: UserWarning: Creating legend with loc="best" can be slow with large amounts of data.
  plt.savefig(os.path.join(data_output_path, f'InfectionsVsTimePlot_{name_suffix}.png'))

Data Dump...
..
[53  7]
..........
[53  7]
..........
[52  7]
..........
[52  7]
..........
[51  6]
..........
[50  6]
..........
[50  6]
..........
[50  6]
..........
[49  6]
..........
[49  6]
..........
[49  6]
..........
[49  6]
..........
[48  6]
..........
[48  6]
..........
[48  6]
..........
[48  6]
..........
[48  6]
./home/s1932078/Documents/MPhys_Project/SRI/src/data_extraction/DataCollector_Deterministic.py:120: UserWarning: Creating legend with loc="best" can be slow with large amounts of data.
  plt.savefig(os.path.join(data_output_path, f'InfectionsVsTimePlot_{name_suffix}.png'))

Data Dump...
High 1 0
Done
