Unable to init server: Could not connect: Connection refused
Unable to init server: Could not connect: Connection refused
Unable to init server: Could not connect: Connection refused
Unable to init server: Could not connect: Connection refused
Unable to init server: Could not connect: Connection refused
Unable to init server: Could not connect: Connection refused
Unable to init server: Could not connect: Connection refused

(DataCollector_Deterministic.py:4122405): Gdk-CRITICAL **: 01:01:08.698: gdk_cursor_new_for_display: assertion 'GDK_IS_DISPLAY (display)' failed
Unable to init server: Could not connect: Connection refused

(DataCollector_Deterministic.py:4122403): Gdk-CRITICAL **: 01:01:08.711: gdk_cursor_new_for_display: assertion 'GDK_IS_DISPLAY (display)' failed
Unable to init server: Could not connect: Connection refused
Unable to init server: Could not connect: Connection refused

(DataCollector_Deterministic.py:4122422): Gdk-CRITICAL **: 01:01:08.771: gdk_cursor_new_for_display: assertion 'GDK_IS_DISPLAY (display)' failed
Unable to init server: Could not connect: Connection refused
Unable to init server: Could not connect: Connection refused
Unable to init server: Could not connect: Connection refused
Unable to init server: Could not connect: Connection refused

(DataCollector_Deterministic.py:4122442): Gdk-CRITICAL **: 01:01:08.804: gdk_cursor_new_for_display: assertion 'GDK_IS_DISPLAY (display)' failed
Unable to init server: Could not connect: Connection refused

(DataCollector_Deterministic.py:4122462): Gdk-CRITICAL **: 01:01:08.808: gdk_cursor_new_for_display: assertion 'GDK_IS_DISPLAY (display)' failed
Unable to init server: Could not connect: Connection refused

(DataCollector_Deterministic.py:4122478): Gdk-CRITICAL **: 01:01:08.894: gdk_cursor_new_for_display: assertion 'GDK_IS_DISPLAY (display)' failed
Unable to init server: Could not connect: Connection refused

(DataCollector_Deterministic.py:4122522): Gdk-CRITICAL **: 01:01:08.916: gdk_cursor_new_for_display: assertion 'GDK_IS_DISPLAY (display)' failed
Unable to init server: Could not connect: Connection refused

(DataCollector_Deterministic.py:4122500): Gdk-CRITICAL **: 01:01:08.950: gdk_cursor_new_for_display: assertion 'GDK_IS_DISPLAY (display)' failed
Unable to init server: Could not connect: Connection refused
Unable to init server: Could not connect: Connection refused

(DataCollector_Deterministic.py:4122544): Gdk-CRITICAL **: 01:01:08.982: gdk_cursor_new_for_display: assertion 'GDK_IS_DISPLAY (display)' failed

(DataCollector_Deterministic.py:4122532): Gdk-CRITICAL **: 01:01:08.996: gdk_cursor_new_for_display: assertion 'GDK_IS_DISPLAY (display)' failed
Initalising...
Running Sim...

Data Dump...
Initalising...
Running Sim...
.Initalising...
Running Sim...
.Initalising...
Running Sim...
.Initalising...
Running Sim...
.Initalising...
Running Sim...
.Initalising...
Running Sim...
.Initalising...
Running Sim...
.Initalising...
Running Sim...
.Initalising...
Running Sim...
..................................................................................
[4687 9999]
.
[4671 9999]
.
[5386 8691]
.
[9707 4742]
.
[5655 8412]
.
[9985 4493]
.
[9882 4562]
.
[6514 7252]
...
[7245 6412]
.......................................................................
[2228 9999]
.
[2252 9999]
..........
[9298 2371]
.
[9780 2179]
.
[9980 2152]
....
[3214 6964]
.
[3181 6942]
.......
[4203 5368]
.......
[5677 3789]
..........................................
[1124 9999]
.
[1130 9999]
......................
[8623 1237]
..
[9632 1098]
.
[9973 1038]
...................
[1932 5612]
..
[2053 5193]
.................
[2745 3944]
.....
[ 593 9999]
.
[ 580 9999]
..
[4457 2228]
...................................
[9957  573]
...
[9426  562]
...
[7642  712]
....................
[ 334 9999]
....
[ 331 9999]
.................
[1229 4338]
..........
[1381 3689]
...................
[1862 2907]
........
[9944  315]
.
[ 211 9999]
.
[9120  310]
..
[3486 1411]
.
[ 201 9999]
....................
[6393  448]
.............................
[ 137 9999]
......
[ 143 9999]
........................
[ 832 3268]
....
[9911  176]
....
[8668  186]
............
[ 105 9999]
..
[ 977 2520]
...
[  89 9999]
..................
[1259 2117]
..................
[5058  292]
.
[2660  925]
.
[  70 9999]
.........
[  67 9999]
...........................
[9864  108]
..
[  52 9999]
.............
[  58 9999]
.
[8057  123]
.......................
[  46 9999]
...........
[ 581 2423]
....
[  48 9999]
...................
[  40 9999]
............
[  44 9999]
............
[ 693 1746]
...
[  37 9999]
./home/s1932078/Documents/MPhys_Project/SRI/src/data_extraction/DataCollector_Deterministic.py:120: UserWarning: Creating legend with loc="best" can be slow with large amounts of data.
  plt.savefig(os.path.join(data_output_path, f'InfectionsVsTimePlot_{name_suffix}.png'))

Data Dump...
...../home/s1932078/Documents/MPhys_Project/SRI/src/data_extraction/DataCollector_Deterministic.py:120: UserWarning: Creating legend with loc="best" can be slow with large amounts of data.
  plt.savefig(os.path.join(data_output_path, f'InfectionsVsTimePlot_{name_suffix}.png'))

Data Dump...
........
[9791   66]
.
[ 866 1576]
.
[3861  210]
............
[2084  570]
.....
[7197   82]
.............................
[ 425 1811]
.
[9675   42]
..................
[ 525 1220]
..........
[2859  157]
....
[6251   53]
.
[ 620 1143]
..............
[9506   30]
.
[1631  392]
.......................
[ 317 1311]
..........................
[9241   23]
.
[413 853]
.
[5248   41]
....
[2028  118]
........
[456 850]
......................
[1259  283]
...........
[234 990]
..
[8883   20]
.......................
[4264   28]
.....
[335 621]
....
[1486   92]
..........
[330 643]
........
[8318   16]
..................
[174 728]
.
[959 213]
...........................
[3390   23]
...
[7548   11]
......
[267 435]
...
[1096   68]
.......
[254 473]
....................
[141 558]
................
[717 152]
.....
[6656    8]
...............
[2632   20]
......
[215 323]
......
[792  56]
.....
[203 361]
.............
[108 424]
..........
[5640    7]
......................
[559 119]
.............
[2013   15]
...
[175 248]
........
[155 276]
..
[585  44]
...
[ 90 330]
.............
[4578    7]
......................................
[445  90]
......
[ 73 245]
.
[139 188]
...
[1514   15]
..
[134 217]
........
[418  37]
..........
[3623    6]
..................................
[ 67 192]
...........
[117 145]
..
[109 182]
.......
[353  73]
.......
[1134   12]
..
[306  32]
...........
[2804    6]
..............
[ 57 150]
....................
[ 93 153]
....
[ 93 119]
.......................
[286  61]
.
[235  31]
...
[ 52 116]
........
[871  11]
.........
[2119    5]
.............
[ 82 133]
.........
[84 94]
........
[48 91]
.........................
[186  25]
.............
[238  50]
......
[44 80]
.
[ 74 118]
......
[676   9]
.........
[74 74]
..
[1591    5]
......................
[42 70]
....................
[145  23]
.
[ 69 100]
..............
[41 61]
.............
[64 58]
.....
[197  41]
..............
[40 59]
........
[530   9]
........
[63 90]
.....
[1179    4]
....
[40 57]
................./home/s1932078/Documents/MPhys_Project/SRI/src/data_extraction/DataCollector_Deterministic.py:120: UserWarning: Creating legend with loc="best" can be slow with large amounts of data.
  plt.savefig(os.path.join(data_output_path, f'InfectionsVsTimePlot_{name_suffix}.png'))

Data Dump...
...
[114  20]
..........
[56 51]
...........
[61 79]
.................
[156  35]
..............slurmstepd-phcompute006: error: *** JOB 810639 ON phcompute006 CANCELLED AT 2024-02-25T09:23:15 ***
