Unable to init server: Could not connect: Connection refused
Unable to init server: Could not connect: Connection refused
Unable to init server: Could not connect: Connection refused
Unable to init server: Could not connect: Connection refused
Unable to init server: Could not connect: Connection refused

(DataCollector_Deterministic.py:4122344): Gdk-CRITICAL **: 01:01:08.638: gdk_cursor_new_for_display: assertion 'GDK_IS_DISPLAY (display)' failed
Unable to init server: Could not connect: Connection refused
Unable to init server: Could not connect: Connection refused

(DataCollector_Deterministic.py:4122353): Gdk-CRITICAL **: 01:01:08.670: gdk_cursor_new_for_display: assertion 'GDK_IS_DISPLAY (display)' failed
Unable to init server: Could not connect: Connection refused

(DataCollector_Deterministic.py:4122381): Gdk-CRITICAL **: 01:01:08.716: gdk_cursor_new_for_display: assertion 'GDK_IS_DISPLAY (display)' failed
Unable to init server: Could not connect: Connection refused
Unable to init server: Could not connect: Connection refused
Unable to init server: Could not connect: Connection refused
Unable to init server: Could not connect: Connection refused
Unable to init server: Could not connect: Connection refused
Unable to init server: Could not connect: Connection refused

(DataCollector_Deterministic.py:4122387): Gdk-CRITICAL **: 01:01:08.818: gdk_cursor_new_for_display: assertion 'GDK_IS_DISPLAY (display)' failed
Unable to init server: Could not connect: Connection refused

(DataCollector_Deterministic.py:4122426): Gdk-CRITICAL **: 01:01:08.824: gdk_cursor_new_for_display: assertion 'GDK_IS_DISPLAY (display)' failed
Unable to init server: Could not connect: Connection refused

(DataCollector_Deterministic.py:4122447): Gdk-CRITICAL **: 01:01:08.894: gdk_cursor_new_for_display: assertion 'GDK_IS_DISPLAY (display)' failed
Unable to init server: Could not connect: Connection refused

(DataCollector_Deterministic.py:4122464): Gdk-CRITICAL **: 01:01:08.926: gdk_cursor_new_for_display: assertion 'GDK_IS_DISPLAY (display)' failed
Unable to init server: Could not connect: Connection refused

(DataCollector_Deterministic.py:4122490): Gdk-CRITICAL **: 01:01:08.936: gdk_cursor_new_for_display: assertion 'GDK_IS_DISPLAY (display)' failed
Unable to init server: Could not connect: Connection refused

(DataCollector_Deterministic.py:4122529): Gdk-CRITICAL **: 01:01:08.982: gdk_cursor_new_for_display: assertion 'GDK_IS_DISPLAY (display)' failed
Unable to init server: Could not connect: Connection refused

(DataCollector_Deterministic.py:4122514): Gdk-CRITICAL **: 01:01:09.003: gdk_cursor_new_for_display: assertion 'GDK_IS_DISPLAY (display)' failed
Initalising...
Running Sim...

Data Dump...
Initalising...
Running Sim...

Data Dump...
Initalising...
Running Sim...
.Initalising...
Running Sim...
.Initalising...
Running Sim...
.Initalising...
Running Sim...
.Initalising...
Running Sim...
.Initalising...
Running Sim...
.Initalising...
Running Sim...
.Initalising...
Running Sim...
.........................................................................
[8478 5453]
.
[8928 5155]
.
[9936 4510]
.
[6469 7182]
.
[9240 4919]
.
[9248 4951]
.
[7272 6394]
.
[7895 5819]
......................................................................
[9880 2053]
...
[8538 2494]
.
[8667 2475]
..
[7788 2807]
.
[6707 3243]
..
[4178 5315]
.
[5015 4320]
...
[6215 3462]
.........................................................
[9801 1000]
.........
[7905 1338]
.
[7591 1357]
.....
[6536 1650]
....
[4997 2087]
.......
[2716 3963]
...
[3360 3027]
.
[4734 2166]
....................................
[9728  494]
...................
[7047  759]
..
[6505  773]
..........
[5229 1022]
.........
[3656 1376]
......
[1799 2931]
.....
[2264 2112]
...
[3521 1387]
......
[9624  250]
..................................
[6089  437]
.....
[5359  470]
...............
[4036  669]
......
[9505  156]
......
[2578  953]
.......
[1226 2144]
.......
[1552 1503]
.....
[2610  956]
.............................
[5066  286]
...
[9357  107]
..
[4274  310]
...................
[3043  439]
...............
[1826  677]
..
[ 843 1587]
............
[1069 1125]
.......
[9159   63]
.
[1885  667]
....................
[4068  199]
.....
[3318  215]
........................
[2310  309]
........
[8829   46]
......
[ 593 1164]
..
[1271  500]
............
[720 823]
.............
[1350  481]
...............
[3143  144]
.....
[2525  150]
.....
[8437   37]
...................
[1703  236]
.......
[439 886]
.......
[879 379]
...............
[504 612]
...........
[7862   25]
.....
[984 332]
............
[2368  101]
...
[1927  113]
........................
[325 669]
.
[1264  179]
............
[627 274]
...
[7184   20]
...........
[351 480]
.......................
[724 259]
.......
[1798   83]
.......
[1430   80]
..........
[230 511]
.....
[6377   17]
.........
[956 137]
......
[458 215]
..............
[270 374]
..............................
[531 192]
......
[5478   13]
..
[1375   67]
...
[183 399]
.
[1058   63]
.......................
[705 115]
..
[345 174]
..........
[216 291]
................................
[4594   12]
...
[141 308]
.....
[380 140]
...........
[798  53]
.
[1035   56]
..............
[264 143]
......
[507  88]
..
[163 249]
...........................
[116 246]
.........
[3803   12]
................
[296 118]
.............
[603  49]
...
[215 115]
...
[771  45]
.
[137 202]
.............
[395  73]
........
[101 199]
.............................
[3040   12]
..................
[233 101]
.
[163  98]
.
[113 171]
.............
[ 80 165]
..
[435  45]
........
[600  41]
......
[316  58]
......................................
[ 99 148]
...
[128  91]
.
[ 65 140]
..
[2418   11]
.............
[191  77]
.....................
[340  37]
...........
[243  49]
......
[462  33]
.
[ 58 125]
.......
[ 80 124]
..........
[99 81]
................................
[ 54 112]
..
[149  62]
...
[1888   10]
...................
[ 72 104]
.........
[258  35]
....
[200  45]
.....
[88 66]
...
[51 99]
.................
[364  25]
.....................
[48 93]
.
[57 92]
...................
[119  53]
.............
[46 88]
.
[77 61]
..................
[1464    9]
.......
[46 87]
......
[168  38]
./home/s1932078/Documents/MPhys_Project/SRI/src/data_extraction/DataCollector_Deterministic.py:120: UserWarning: Creating legend with loc="best" can be slow with large amounts of data.
  plt.savefig(os.path.join(data_output_path, f'InfectionsVsTimePlot_{name_suffix}.png'))

Data Dump...

[223  33]
....
[50 88]
............................
[68 53]
......
[285  24]
...
[47 82]
..........
[102  49]
.........................slurmstepd-phcompute006: error: *** JOB 810640 ON phcompute006 CANCELLED AT 2024-02-25T09:23:15 ***
