Unable to init server: Could not connect: Connection refused
Unable to init server: Could not connect: Connection refused
Unable to init server: Could not connect: Connection refused
Unable to init server: Could not connect: Connection refused

(DataCollector_Deterministic.py:4121854): Gdk-CRITICAL **: 01:01:00.897: gdk_cursor_new_for_display: assertion 'GDK_IS_DISPLAY (display)' failed
Unable to init server: Could not connect: Connection refused
Unable to init server: Could not connect: Connection refused
Unable to init server: Could not connect: Connection refused
Unable to init server: Could not connect: Connection refused
Unable to init server: Could not connect: Connection refused
Unable to init server: Could not connect: Connection refused

(DataCollector_Deterministic.py:4121862): Gdk-CRITICAL **: 01:01:00.993: gdk_cursor_new_for_display: assertion 'GDK_IS_DISPLAY (display)' failed
Unable to init server: Could not connect: Connection refused
Unable to init server: Could not connect: Connection refused

(DataCollector_Deterministic.py:4121910): Gdk-CRITICAL **: 01:01:01.027: gdk_cursor_new_for_display: assertion 'GDK_IS_DISPLAY (display)' failed
Unable to init server: Could not connect: Connection refused
Unable to init server: Could not connect: Connection refused

(DataCollector_Deterministic.py:4121921): Gdk-CRITICAL **: 01:01:01.088: gdk_cursor_new_for_display: assertion 'GDK_IS_DISPLAY (display)' failed
Unable to init server: Could not connect: Connection refused
Unable to init server: Could not connect: Connection refused

(DataCollector_Deterministic.py:4121875): Gdk-CRITICAL **: 01:01:01.120: gdk_cursor_new_for_display: assertion 'GDK_IS_DISPLAY (display)' failed
Unable to init server: Could not connect: Connection refused

(DataCollector_Deterministic.py:4121961): Gdk-CRITICAL **: 01:01:01.123: gdk_cursor_new_for_display: assertion 'GDK_IS_DISPLAY (display)' failed
Unable to init server: Could not connect: Connection refused

(DataCollector_Deterministic.py:4121983): Gdk-CRITICAL **: 01:01:01.128: gdk_cursor_new_for_display: assertion 'GDK_IS_DISPLAY (display)' failed

(DataCollector_Deterministic.py:4121941): Gdk-CRITICAL **: 01:01:01.145: gdk_cursor_new_for_display: assertion 'GDK_IS_DISPLAY (display)' failed
Unable to init server: Could not connect: Connection refused

(DataCollector_Deterministic.py:4122003): Gdk-CRITICAL **: 01:01:01.176: gdk_cursor_new_for_display: assertion 'GDK_IS_DISPLAY (display)' failed
Unable to init server: Could not connect: Connection refused

(DataCollector_Deterministic.py:4122015): Gdk-CRITICAL **: 01:01:01.258: gdk_cursor_new_for_display: assertion 'GDK_IS_DISPLAY (display)' failed
Initalising...
Running Sim...

Data Dump...
Initalising...
Running Sim...

Data Dump...
Initalising...
Running Sim...
.Initalising...
Running Sim...
.Initalising...
Running Sim...
.Initalising...
Running Sim...
.Initalising...
Running Sim...
.Initalising...
Running Sim...
.Initalising...
Running Sim...
.Initalising...
Running Sim...
.........................................................................
[4713 9914]
.
[4704 9912]
.
[4720 9892]
.
[4747 9892]
.
[4688 9886]
.
[4826 9773]
.
[4676 9910]
.
[6064 7546]
......................................................................
[2298 9822]
.
[2292 9772]
.
[2315 9765]
..
[2283 9636]
.
[2300 9670]
.
[2275 9788]
..
[2534 8719]
...........................
[4833 4341]
........................................
[1186 9705]
.
[1172 9537]
.
[1175 9607]
..
[1153 9125]
.
[1133 9599]
..
[1190 8934]
....................
[1619 6480]
........................................
[ 622 9554]
....
[ 640 9360]
...
[ 663 8926]
.
[4001 2422]
..
[ 589 9212]
........
[ 665 7906]
...
[ 721 7387]
.........................................
[ 352 9296]
.......
[1176 4241]
..
[ 382 8843]
..........
[ 344 8345]
.
[ 414 7619]
...................
[ 438 6037]
...........
[ 479 5419]
........
[ 227 8784]
.....
[3343 1362]
.........
[ 236 7872]
..................
[ 230 6928]
....
[ 303 5899]
....................
[ 153 7850]
..
[ 912 2604]
..............
[ 320 4224]
.......
[ 175 6440]
.......
[ 371 3644]
.................
[ 167 5209]
........
[ 109 6354]
....
[2809  818]
...
[ 238 4166]
............................
[ 131 4803]
...............
[ 254 2778]
..
[ 735 1574]
........
[  84 4579]
.....
[ 313 2338]
...
[ 126 3613]
...................
[ 188 2839]
..............
[ 111 3316]
....
[2346  491]
..................
[  74 3090]
............
[ 206 1796]
.......
[ 103 2390]
.........
[595 923]
.
[ 254 1447]
.............
[ 159 1887]
......
[  98 2241]
...............
[  68 2033]
...............
[1966  310]
.................
[  82 1568]
....
[ 177 1168]
................
[205 925]
...
[  82 1526]
...
[ 144 1255]
..
[502 577]
...
[  63 1371]
..............................................
[  72 1043]
......
[1614  213]
......
[135 772]
..
[  71 1021]
..
[ 60 907]
............
[164 595]
...
[123 817]
...................
[415 381]
.........................
[ 59 694]
.
[ 54 606]
....
[ 65 707]
................
[115 523]
..............
[1367  147]
.
[109 548]
......
[141 402]
.................
[ 52 421]
.............
[ 57 494]
...
[356 252]
...
[ 56 467]
..................................
[ 99 355]
.
[ 50 305]
....
[101 380]
...................
[131 284]
.
[ 50 377]
.....
[1149  106]
........
[ 50 351]
.............
[ 48 228]
......................
[298 176]
...............
[ 91 268]
.
[ 48 276]
.....
[ 87 249]
...
[ 47 168]
....................
[ 45 265]
........
[112 195]
............
[ 47 138]
..............
[ 42 214]
.
[964  75]
......................
[ 47 111]
..
[ 84 209]
.....................
[ 79 188]
..
[ 42 196]
..
[258 130]
...
[46 96]
................
[ 42 168]
...........
[46 91]
....../home/s1932078/Documents/MPhys_Project/SRI/src/data_extraction/DataCollector_Deterministic.py:120: UserWarning: Creating legend with loc="best" can be slow with large amounts of data.
  plt.savefig(os.path.join(data_output_path, f'InfectionsVsTimePlot_{name_suffix}.png'))

Data Dump...
....
[101 140]
.........................
[ 81 150]
...
[ 41 135]
....
[ 38 162]
...............
[807  49]
.....
[ 66 145]
............
[ 41 111]
..............
[221  94]
........
[95 99]
......
[ 36 133]
....
[ 76 118]
..
[39 97]
..............................
[36 85]
.............
[ 61 106]
.........
[36 77]
........
[ 35 105]
......./home/s1932078/Documents/MPhys_Project/SRI/src/data_extraction/DataCollector_Deterministic.py:120: UserWarning: Creating legend with loc="best" can be slow with large amounts of data.
  plt.savefig(os.path.join(data_output_path, f'InfectionsVsTimePlot_{name_suffix}.png'))

Data Dump...
.......
[ 71 103]
..
[687  37]
.......
[86 75]
.............
[191  73]
.....
[33 94]
.................
[57 85]
........
[70 89]
..........
[31 85]
................
[78 54]
................
[31 79]
......
[66 75]
..
[552  27]
.........
[52 63]
......
[166  54]
.....
[31 73]
.................slurmstepd-phcompute006: error: *** JOB 810630 ON phcompute006 CANCELLED AT 2024-02-25T09:23:15 ***
