Unable to init server: Could not connect: Connection refused
Unable to init server: Could not connect: Connection refused
Unable to init server: Could not connect: Connection refused
Unable to init server: Could not connect: Connection refused
Unable to init server: Could not connect: Connection refused
Unable to init server: Could not connect: Connection refused
Unable to init server: Could not connect: Connection refused
Unable to init server: Could not connect: Connection refused
Unable to init server: Could not connect: Connection refused
Unable to init server: Could not connect: Connection refused
Unable to init server: Could not connect: Connection refused
Unable to init server: Could not connect: Connection refused
Unable to init server: Could not connect: Connection refused
Unable to init server: Could not connect: Connection refused
Unable to init server: Could not connect: Connection refused
Unable to init server: Could not connect: Connection refused
Unable to init server: Could not connect: Connection refused
Unable to init server: Could not connect: Connection refused
Unable to init server: Could not connect: Connection refused
Unable to init server: Could not connect: Connection refused
Unable to init server: Could not connect: Connection refused
Unable to init server: Could not connect: Connection refused
Unable to init server: Could not connect: Connection refused
Unable to init server: Could not connect: Connection refused
Unable to init server: Could not connect: Connection refused
Unable to init server: Could not connect: Connection refused
Unable to init server: Could not connect: Connection refused
Unable to init server: Could not connect: Connection refused
Unable to init server: Could not connect: Connection refused
Unable to init server: Could not connect: Connection refused
Unable to init server: Could not connect: Connection refused
Unable to init server: Could not connect: Connection refused
Unable to init server: Could not connect: Connection refused
Unable to init server: Could not connect: Connection refused
Unable to init server: Could not connect: Connection refused
Unable to init server: Could not connect: Connection refused
Unable to init server: Could not connect: Connection refused
Unable to init server: Could not connect: Connection refused
Unable to init server: Could not connect: Connection refused
Unable to init server: Could not connect: Connection refused
Unable to init server: Could not connect: Connection refused
Unable to init server: Could not connect: Connection refused
Unable to init server: Could not connect: Connection refused
Unable to init server: Could not connect: Connection refused
Unable to init server: Could not connect: Connection refused
Unable to init server: Could not connect: Connection refused
Unable to init server: Could not connect: Connection refused
Unable to init server: Could not connect: Connection refused
Unable to init server: Could not connect: Connection refused
Unable to init server: Could not connect: Connection refused
Unable to init server: Could not connect: Connection refused
Unable to init server: Could not connect: Connection refused
Unable to init server: Could not connect: Connection refused
Unable to init server: Could not connect: Connection refused
Unable to init server: Could not connect: Connection refused
Unable to init server: Could not connect: Connection refused
Unable to init server: Could not connect: Connection refused
Unable to init server: Could not connect: Connection refused
Unable to init server: Could not connect: Connection refused
Unable to init server: Could not connect: Connection refused
Unable to init server: Could not connect: Connection refused
Unable to init server: Could not connect: Connection refused
Unable to init server: Could not connect: Connection refused
Unable to init server: Could not connect: Connection refused
Unable to init server: Could not connect: Connection refused
Unable to init server: Could not connect: Connection refused
Unable to init server: Could not connect: Connection refused
Unable to init server: Could not connect: Connection refused
Unable to init server: Could not connect: Connection refused
Unable to init server: Could not connect: Connection refused
Unable to init server: Could not connect: Connection refused
Unable to init server: Could not connect: Connection refused
Unable to init server: Could not connect: Connection refused
Unable to init server: Could not connect: Connection refused
Unable to init server: Could not connect: Connection refused
Unable to init server: Could not connect: Connection refused
Unable to init server: Could not connect: Connection refused
Unable to init server: Could not connect: Connection refused
Unable to init server: Could not connect: Connection refused
Unable to init server: Could not connect: Connection refused
Unable to init server: Could not connect: Connection refused
Unable to init server: Could not connect: Connection refused
Unable to init server: Could not connect: Connection refused
Unable to init server: Could not connect: Connection refused
Unable to init server: Could not connect: Connection refused
Unable to init server: Could not connect: Connection refused
Unable to init server: Could not connect: Connection refused
Unable to init server: Could not connect: Connection refused
Unable to init server: Could not connect: Connection refused
Unable to init server: Could not connect: Connection refused
Unable to init server: Could not connect: Connection refused
Unable to init server: Could not connect: Connection refused
Unable to init server: Could not connect: Connection refused
Unable to init server: Could not connect: Connection refused
Unable to init server: Could not connect: Connection refused
Unable to init server: Could not connect: Connection refused
Unable to init server: Could not connect: Connection refused
Unable to init server: Could not connect: Connection refused
Unable to init server: Could not connect: Connection refused
Unable to init server: Could not connect: Connection refused
Unable to init server: Could not connect: Connection refused
Unable to init server: Could not connect: Connection refused
Unable to init server: Could not connect: Connection refused

(DataCollector_Deterministic.py:1226725): Gdk-CRITICAL **: 08:46:53.317: gdk_cursor_new_for_display: assertion 'GDK_IS_DISPLAY (display)' failed
Unable to init server: Could not connect: Connection refused

(DataCollector_Deterministic.py:1227019): Gdk-CRITICAL **: 08:46:53.322: gdk_cursor_new_for_display: assertion 'GDK_IS_DISPLAY (display)' failed
Unable to init server: Could not connect: Connection refused

(DataCollector_Deterministic.py:1226787): Gdk-CRITICAL **: 08:46:53.326: gdk_cursor_new_for_display: assertion 'GDK_IS_DISPLAY (display)' failed
Unable to init server: Could not connect: Connection refused

(DataCollector_Deterministic.py:1226981): Gdk-CRITICAL **: 08:46:53.329: gdk_cursor_new_for_display: assertion 'GDK_IS_DISPLAY (display)' failed
Unable to init server: Could not connect: Connection refused

(DataCollector_Deterministic.py:1226825): Gdk-CRITICAL **: 08:46:53.335: gdk_cursor_new_for_display: assertion 'GDK_IS_DISPLAY (display)' failed
Unable to init server: Could not connect: Connection refused

(DataCollector_Deterministic.py:1226841): Gdk-CRITICAL **: 08:46:53.342: gdk_cursor_new_for_display: assertion 'GDK_IS_DISPLAY (display)' failed
Unable to init server: Could not connect: Connection refused

(DataCollector_Deterministic.py:1226809): Gdk-CRITICAL **: 08:46:53.350: gdk_cursor_new_for_display: assertion 'GDK_IS_DISPLAY (display)' failed
Unable to init server: Could not connect: Connection refused

(DataCollector_Deterministic.py:1226653): Gdk-CRITICAL **: 08:46:53.354: gdk_cursor_new_for_display: assertion 'GDK_IS_DISPLAY (display)' failed
Unable to init server: Could not connect: Connection refused

(DataCollector_Deterministic.py:1226855): Gdk-CRITICAL **: 08:46:53.359: gdk_cursor_new_for_display: assertion 'GDK_IS_DISPLAY (display)' failed
Unable to init server: Could not connect: Connection refused

(DataCollector_Deterministic.py:1226977): Gdk-CRITICAL **: 08:46:53.361: gdk_cursor_new_for_display: assertion 'GDK_IS_DISPLAY (display)' failed
Unable to init server: Could not connect: Connection refused

(DataCollector_Deterministic.py:1226933): Gdk-CRITICAL **: 08:46:53.366: gdk_cursor_new_for_display: assertion 'GDK_IS_DISPLAY (display)' failed
Unable to init server: Could not connect: Connection refused

(DataCollector_Deterministic.py:1226871): Gdk-CRITICAL **: 08:46:53.370: gdk_cursor_new_for_display: assertion 'GDK_IS_DISPLAY (display)' failed
Unable to init server: Could not connect: Connection refused

(DataCollector_Deterministic.py:1226670): Gdk-CRITICAL **: 08:46:53.375: gdk_cursor_new_for_display: assertion 'GDK_IS_DISPLAY (display)' failed
Unable to init server: Could not connect: Connection refused

(DataCollector_Deterministic.py:1226957): Gdk-CRITICAL **: 08:46:53.382: gdk_cursor_new_for_display: assertion 'GDK_IS_DISPLAY (display)' failed
Unable to init server: Could not connect: Connection refused

(DataCollector_Deterministic.py:1226897): Gdk-CRITICAL **: 08:46:53.391: gdk_cursor_new_for_display: assertion 'GDK_IS_DISPLAY (display)' failed
Unable to init server: Could not connect: Connection refused

(DataCollector_Deterministic.py:1226921): Gdk-CRITICAL **: 08:46:53.393: gdk_cursor_new_for_display: assertion 'GDK_IS_DISPLAY (display)' failed
Unable to init server: Could not connect: Connection refused

(DataCollector_Deterministic.py:1226789): Gdk-CRITICAL **: 08:46:53.397: gdk_cursor_new_for_display: assertion 'GDK_IS_DISPLAY (display)' failed
Unable to init server: Could not connect: Connection refused

(DataCollector_Deterministic.py:1226885): Gdk-CRITICAL **: 08:46:53.401: gdk_cursor_new_for_display: assertion 'GDK_IS_DISPLAY (display)' failed
Unable to init server: Could not connect: Connection refused

(DataCollector_Deterministic.py:1226833): Gdk-CRITICAL **: 08:46:53.405: gdk_cursor_new_for_display: assertion 'GDK_IS_DISPLAY (display)' failed
Unable to init server: Could not connect: Connection refused

(DataCollector_Deterministic.py:1226997): Gdk-CRITICAL **: 08:46:53.409: gdk_cursor_new_for_display: assertion 'GDK_IS_DISPLAY (display)' failed
Unable to init server: Could not connect: Connection refused

(DataCollector_Deterministic.py:1226674): Gdk-CRITICAL **: 08:46:53.414: gdk_cursor_new_for_display: assertion 'GDK_IS_DISPLAY (display)' failed
Unable to init server: Could not connect: Connection refused

(DataCollector_Deterministic.py:1226805): Gdk-CRITICAL **: 08:46:53.417: gdk_cursor_new_for_display: assertion 'GDK_IS_DISPLAY (display)' failed
Unable to init server: Could not connect: Connection refused

(DataCollector_Deterministic.py:1226948): Gdk-CRITICAL **: 08:46:53.420: gdk_cursor_new_for_display: assertion 'GDK_IS_DISPLAY (display)' failed
Unable to init server: Could not connect: Connection refused

(DataCollector_Deterministic.py:1226767): Gdk-CRITICAL **: 08:46:53.427: gdk_cursor_new_for_display: assertion 'GDK_IS_DISPLAY (display)' failed
Unable to init server: Could not connect: Connection refused

(DataCollector_Deterministic.py:1227012): Gdk-CRITICAL **: 08:46:53.431: gdk_cursor_new_for_display: assertion 'GDK_IS_DISPLAY (display)' failed
Unable to init server: Could not connect: Connection refused

(DataCollector_Deterministic.py:1226678): Gdk-CRITICAL **: 08:46:53.442: gdk_cursor_new_for_display: assertion 'GDK_IS_DISPLAY (display)' failed
Unable to init server: Could not connect: Connection refused

(DataCollector_Deterministic.py:1226973): Gdk-CRITICAL **: 08:46:53.446: gdk_cursor_new_for_display: assertion 'GDK_IS_DISPLAY (display)' failed
Unable to init server: Could not connect: Connection refused

(DataCollector_Deterministic.py:1227007): Gdk-CRITICAL **: 08:46:53.452: gdk_cursor_new_for_display: assertion 'GDK_IS_DISPLAY (display)' failed
Unable to init server: Could not connect: Connection refused

(DataCollector_Deterministic.py:1226817): Gdk-CRITICAL **: 08:46:53.453: gdk_cursor_new_for_display: assertion 'GDK_IS_DISPLAY (display)' failed
Unable to init server: Could not connect: Connection refused

(DataCollector_Deterministic.py:1226969): Gdk-CRITICAL **: 08:46:53.460: gdk_cursor_new_for_display: assertion 'GDK_IS_DISPLAY (display)' failed
Unable to init server: Could not connect: Connection refused

(DataCollector_Deterministic.py:1227017): Gdk-CRITICAL **: 08:46:53.462: gdk_cursor_new_for_display: assertion 'GDK_IS_DISPLAY (display)' failed
Unable to init server: Could not connect: Connection refused

(DataCollector_Deterministic.py:1226775): Gdk-CRITICAL **: 08:46:53.466: gdk_cursor_new_for_display: assertion 'GDK_IS_DISPLAY (display)' failed
Unable to init server: Could not connect: Connection refused

(DataCollector_Deterministic.py:1226716): Gdk-CRITICAL **: 08:46:53.469: gdk_cursor_new_for_display: assertion 'GDK_IS_DISPLAY (display)' failed
Unable to init server: Could not connect: Connection refused

(DataCollector_Deterministic.py:1226771): Gdk-CRITICAL **: 08:46:53.474: gdk_cursor_new_for_display: assertion 'GDK_IS_DISPLAY (display)' failed
Unable to init server: Could not connect: Connection refused

(DataCollector_Deterministic.py:1226708): Gdk-CRITICAL **: 08:46:53.484: gdk_cursor_new_for_display: assertion 'GDK_IS_DISPLAY (display)' failed
Unable to init server: Could not connect: Connection refused

(DataCollector_Deterministic.py:1226893): Gdk-CRITICAL **: 08:46:53.486: gdk_cursor_new_for_display: assertion 'GDK_IS_DISPLAY (display)' failed
Unable to init server: Could not connect: Connection refused

(DataCollector_Deterministic.py:1226925): Gdk-CRITICAL **: 08:46:53.489: gdk_cursor_new_for_display: assertion 'GDK_IS_DISPLAY (display)' failed
Unable to init server: Could not connect: Connection refused

(DataCollector_Deterministic.py:1226737): Gdk-CRITICAL **: 08:46:53.494: gdk_cursor_new_for_display: assertion 'GDK_IS_DISPLAY (display)' failed
Unable to init server: Could not connect: Connection refused

(DataCollector_Deterministic.py:1227023): Gdk-CRITICAL **: 08:46:53.499: gdk_cursor_new_for_display: assertion 'GDK_IS_DISPLAY (display)' failed
Unable to init server: Could not connect: Connection refused

(DataCollector_Deterministic.py:1227004): Gdk-CRITICAL **: 08:46:53.502: gdk_cursor_new_for_display: assertion 'GDK_IS_DISPLAY (display)' failed
Unable to init server: Could not connect: Connection refused

(DataCollector_Deterministic.py:1226765): Gdk-CRITICAL **: 08:46:53.506: gdk_cursor_new_for_display: assertion 'GDK_IS_DISPLAY (display)' failed
Unable to init server: Could not connect: Connection refused

(DataCollector_Deterministic.py:1226696): Gdk-CRITICAL **: 08:46:53.511: gdk_cursor_new_for_display: assertion 'GDK_IS_DISPLAY (display)' failed
Unable to init server: Could not connect: Connection refused
Unable to init server: Could not connect: Connection refused

(DataCollector_Deterministic.py:1226813): Gdk-CRITICAL **: 08:46:53.520: gdk_cursor_new_for_display: assertion 'GDK_IS_DISPLAY (display)' failed
Unable to init server: Could not connect: Connection refused

(DataCollector_Deterministic.py:1226902): Gdk-CRITICAL **: 08:46:53.523: gdk_cursor_new_for_display: assertion 'GDK_IS_DISPLAY (display)' failed
Unable to init server: Could not connect: Connection refused

(DataCollector_Deterministic.py:1226742): Gdk-CRITICAL **: 08:46:53.526: gdk_cursor_new_for_display: assertion 'GDK_IS_DISPLAY (display)' failed
Unable to init server: Could not connect: Connection refused

(DataCollector_Deterministic.py:1226735): Gdk-CRITICAL **: 08:46:53.534: gdk_cursor_new_for_display: assertion 'GDK_IS_DISPLAY (display)' failed
Unable to init server: Could not connect: Connection refused

(DataCollector_Deterministic.py:1226666): Gdk-CRITICAL **: 08:46:53.538: gdk_cursor_new_for_display: assertion 'GDK_IS_DISPLAY (display)' failed
Unable to init server: Could not connect: Connection refused

(DataCollector_Deterministic.py:1227020): Gdk-CRITICAL **: 08:46:53.542: gdk_cursor_new_for_display: assertion 'GDK_IS_DISPLAY (display)' failed
Unable to init server: Could not connect: Connection refused

(DataCollector_Deterministic.py:1226713): Gdk-CRITICAL **: 08:46:53.546: gdk_cursor_new_for_display: assertion 'GDK_IS_DISPLAY (display)' failed
Unable to init server: Could not connect: Connection refused

(DataCollector_Deterministic.py:1226939): Gdk-CRITICAL **: 08:46:53.550: gdk_cursor_new_for_display: assertion 'GDK_IS_DISPLAY (display)' failed
Unable to init server: Could not connect: Connection refused

(DataCollector_Deterministic.py:1226853): Gdk-CRITICAL **: 08:46:53.553: gdk_cursor_new_for_display: assertion 'GDK_IS_DISPLAY (display)' failed
Unable to init server: Could not connect: Connection refused

(DataCollector_Deterministic.py:1227013): Gdk-CRITICAL **: 08:46:53.557: gdk_cursor_new_for_display: assertion 'GDK_IS_DISPLAY (display)' failed
Unable to init server: Could not connect: Connection refused

(DataCollector_Deterministic.py:1226967): Gdk-CRITICAL **: 08:46:53.564: gdk_cursor_new_for_display: assertion 'GDK_IS_DISPLAY (display)' failed
Unable to init server: Could not connect: Connection refused

(DataCollector_Deterministic.py:1226961): Gdk-CRITICAL **: 08:46:53.566: gdk_cursor_new_for_display: assertion 'GDK_IS_DISPLAY (display)' failed

(DataCollector_Deterministic.py:1226649): Gdk-CRITICAL **: 08:46:53.573: gdk_cursor_new_for_display: assertion 'GDK_IS_DISPLAY (display)' failed
Unable to init server: Could not connect: Connection refused

(DataCollector_Deterministic.py:1226883): Gdk-CRITICAL **: 08:46:53.580: gdk_cursor_new_for_display: assertion 'GDK_IS_DISPLAY (display)' failed
Unable to init server: Could not connect: Connection refused

(DataCollector_Deterministic.py:1226837): Gdk-CRITICAL **: 08:46:53.584: gdk_cursor_new_for_display: assertion 'GDK_IS_DISPLAY (display)' failed
Unable to init server: Could not connect: Connection refused
Unable to init server: Could not connect: Connection refused

(DataCollector_Deterministic.py:1226794): Gdk-CRITICAL **: 08:46:53.590: gdk_cursor_new_for_display: assertion 'GDK_IS_DISPLAY (display)' failed
Unable to init server: Could not connect: Connection refused

(DataCollector_Deterministic.py:1226951): Gdk-CRITICAL **: 08:46:53.595: gdk_cursor_new_for_display: assertion 'GDK_IS_DISPLAY (display)' failed
Unable to init server: Could not connect: Connection refused

(DataCollector_Deterministic.py:1226819): Gdk-CRITICAL **: 08:46:53.598: gdk_cursor_new_for_display: assertion 'GDK_IS_DISPLAY (display)' failed
Unable to init server: Could not connect: Connection refused

(DataCollector_Deterministic.py:1226941): Gdk-CRITICAL **: 08:46:53.601: gdk_cursor_new_for_display: assertion 'GDK_IS_DISPLAY (display)' failed
Unable to init server: Could not connect: Connection refused

(DataCollector_Deterministic.py:1226863): Gdk-CRITICAL **: 08:46:53.605: gdk_cursor_new_for_display: assertion 'GDK_IS_DISPLAY (display)' failed
Unable to init server: Could not connect: Connection refused

(DataCollector_Deterministic.py:1226979): Gdk-CRITICAL **: 08:46:53.609: gdk_cursor_new_for_display: assertion 'GDK_IS_DISPLAY (display)' failed
Unable to init server: Could not connect: Connection refused

(DataCollector_Deterministic.py:1226931): Gdk-CRITICAL **: 08:46:53.613: gdk_cursor_new_for_display: assertion 'GDK_IS_DISPLAY (display)' failed
Unable to init server: Could not connect: Connection refused

(DataCollector_Deterministic.py:1227011): Gdk-CRITICAL **: 08:46:53.619: gdk_cursor_new_for_display: assertion 'GDK_IS_DISPLAY (display)' failed
Unable to init server: Could not connect: Connection refused

(DataCollector_Deterministic.py:1226701): Gdk-CRITICAL **: 08:46:53.622: gdk_cursor_new_for_display: assertion 'GDK_IS_DISPLAY (display)' failed
Unable to init server: Could not connect: Connection refused

(DataCollector_Deterministic.py:1227005): Gdk-CRITICAL **: 08:46:53.628: gdk_cursor_new_for_display: assertion 'GDK_IS_DISPLAY (display)' failed
Unable to init server: Could not connect: Connection refused

(DataCollector_Deterministic.py:1226799): Gdk-CRITICAL **: 08:46:53.629: gdk_cursor_new_for_display: assertion 'GDK_IS_DISPLAY (display)' failed
Unable to init server: Could not connect: Connection refused

(DataCollector_Deterministic.py:1226909): Gdk-CRITICAL **: 08:46:53.635: gdk_cursor_new_for_display: assertion 'GDK_IS_DISPLAY (display)' failed
Unable to init server: Could not connect: Connection refused

(DataCollector_Deterministic.py:1226682): Gdk-CRITICAL **: 08:46:53.637: gdk_cursor_new_for_display: assertion 'GDK_IS_DISPLAY (display)' failed
Unable to init server: Could not connect: Connection refused

(DataCollector_Deterministic.py:1226687): Gdk-CRITICAL **: 08:46:53.644: gdk_cursor_new_for_display: assertion 'GDK_IS_DISPLAY (display)' failed
Unable to init server: Could not connect: Connection refused

(DataCollector_Deterministic.py:1226688): Gdk-CRITICAL **: 08:46:53.647: gdk_cursor_new_for_display: assertion 'GDK_IS_DISPLAY (display)' failed
Unable to init server: Could not connect: Connection refused

(DataCollector_Deterministic.py:1226881): Gdk-CRITICAL **: 08:46:53.650: gdk_cursor_new_for_display: assertion 'GDK_IS_DISPLAY (display)' failed
Unable to init server: Could not connect: Connection refused

(DataCollector_Deterministic.py:1226657): Gdk-CRITICAL **: 08:46:53.657: gdk_cursor_new_for_display: assertion 'GDK_IS_DISPLAY (display)' failed
Unable to init server: Could not connect: Connection refused

(DataCollector_Deterministic.py:1226761): Gdk-CRITICAL **: 08:46:53.661: gdk_cursor_new_for_display: assertion 'GDK_IS_DISPLAY (display)' failed
Unable to init server: Could not connect: Connection refused

(DataCollector_Deterministic.py:1226847): Gdk-CRITICAL **: 08:46:53.670: gdk_cursor_new_for_display: assertion 'GDK_IS_DISPLAY (display)' failed
Unable to init server: Could not connect: Connection refused

(DataCollector_Deterministic.py:1226663): Gdk-CRITICAL **: 08:46:53.675: gdk_cursor_new_for_display: assertion 'GDK_IS_DISPLAY (display)' failed
Unable to init server: Could not connect: Connection refused

(DataCollector_Deterministic.py:1226929): Gdk-CRITICAL **: 08:46:53.677: gdk_cursor_new_for_display: assertion 'GDK_IS_DISPLAY (display)' failed
Unable to init server: Could not connect: Connection refused

(DataCollector_Deterministic.py:1226965): Gdk-CRITICAL **: 08:46:53.680: gdk_cursor_new_for_display: assertion 'GDK_IS_DISPLAY (display)' failed
Unable to init server: Could not connect: Connection refused

(DataCollector_Deterministic.py:1226661): Gdk-CRITICAL **: 08:46:53.688: gdk_cursor_new_for_display: assertion 'GDK_IS_DISPLAY (display)' failed
Unable to init server: Could not connect: Connection refused

(DataCollector_Deterministic.py:1226985): Gdk-CRITICAL **: 08:46:53.690: gdk_cursor_new_for_display: assertion 'GDK_IS_DISPLAY (display)' failed
Unable to init server: Could not connect: Connection refused

(DataCollector_Deterministic.py:1226783): Gdk-CRITICAL **: 08:46:53.693: gdk_cursor_new_for_display: assertion 'GDK_IS_DISPLAY (display)' failed
Unable to init server: Could not connect: Connection refused

(DataCollector_Deterministic.py:1226759): Gdk-CRITICAL **: 08:46:53.697: gdk_cursor_new_for_display: assertion 'GDK_IS_DISPLAY (display)' failed

(DataCollector_Deterministic.py:1226859): Gdk-CRITICAL **: 08:46:53.701: gdk_cursor_new_for_display: assertion 'GDK_IS_DISPLAY (display)' failed
Unable to init server: Could not connect: Connection refused

(DataCollector_Deterministic.py:1226695): Gdk-CRITICAL **: 08:46:53.709: gdk_cursor_new_for_display: assertion 'GDK_IS_DISPLAY (display)' failed
Unable to init server: Could not connect: Connection refused

(DataCollector_Deterministic.py:1226879): Gdk-CRITICAL **: 08:46:53.713: gdk_cursor_new_for_display: assertion 'GDK_IS_DISPLAY (display)' failed
Unable to init server: Could not connect: Connection refused

(DataCollector_Deterministic.py:1226722): Gdk-CRITICAL **: 08:46:53.790: gdk_cursor_new_for_display: assertion 'GDK_IS_DISPLAY (display)' failed
Unable to init server: Could not connect: Connection refused

(DataCollector_Deterministic.py:1226747): Gdk-CRITICAL **: 08:46:53.830: gdk_cursor_new_for_display: assertion 'GDK_IS_DISPLAY (display)' failed

(DataCollector_Deterministic.py:1226754): Gdk-CRITICAL **: 08:46:53.897: gdk_cursor_new_for_display: assertion 'GDK_IS_DISPLAY (display)' failed
Unable to init server: Could not connect: Connection refused

(DataCollector_Deterministic.py:1226845): Gdk-CRITICAL **: 08:46:53.922: gdk_cursor_new_for_display: assertion 'GDK_IS_DISPLAY (display)' failed
Unable to init server: Could not connect: Connection refused

(DataCollector_Deterministic.py:1226919): Gdk-CRITICAL **: 08:46:53.966: gdk_cursor_new_for_display: assertion 'GDK_IS_DISPLAY (display)' failed

(DataCollector_Deterministic.py:1226704): Gdk-CRITICAL **: 08:46:53.985: gdk_cursor_new_for_display: assertion 'GDK_IS_DISPLAY (display)' failed
Unable to init server: Could not connect: Connection refused

(DataCollector_Deterministic.py:1226803): Gdk-CRITICAL **: 08:46:54.011: gdk_cursor_new_for_display: assertion 'GDK_IS_DISPLAY (display)' failed
Unable to init server: Could not connect: Connection refused
Unable to init server: Could not connect: Connection refused

(DataCollector_Deterministic.py:1227009): Gdk-CRITICAL **: 08:46:54.074: gdk_cursor_new_for_display: assertion 'GDK_IS_DISPLAY (display)' failed
Unable to init server: Could not connect: Connection refused

(DataCollector_Deterministic.py:1226645): Gdk-CRITICAL **: 08:46:54.110: gdk_cursor_new_for_display: assertion 'GDK_IS_DISPLAY (display)' failed
Unable to init server: Could not connect: Connection refused

(DataCollector_Deterministic.py:1226829): Gdk-CRITICAL **: 08:46:54.135: gdk_cursor_new_for_display: assertion 'GDK_IS_DISPLAY (display)' failed
Unable to init server: Could not connect: Connection refused

(DataCollector_Deterministic.py:1226905): Gdk-CRITICAL **: 08:46:54.186: gdk_cursor_new_for_display: assertion 'GDK_IS_DISPLAY (display)' failed

(DataCollector_Deterministic.py:1227001): Gdk-CRITICAL **: 08:46:54.473: gdk_cursor_new_for_display: assertion 'GDK_IS_DISPLAY (display)' failed
Unable to init server: Could not connect: Connection refused

(DataCollector_Deterministic.py:1226779): Gdk-CRITICAL **: 08:46:54.526: gdk_cursor_new_for_display: assertion 'GDK_IS_DISPLAY (display)' failed
Unable to init server: Could not connect: Connection refused

(DataCollector_Deterministic.py:1226889): Gdk-CRITICAL **: 08:46:54.630: gdk_cursor_new_for_display: assertion 'GDK_IS_DISPLAY (display)' failed
Initalising...
Running Sim...

Data Dump...
Initalising...
Running Sim...

Data Dump...
Initalising...
Running Sim...

Data Dump...
Initalising...
Running Sim...

Data Dump...
Initalising...
Running Sim...

Data Dump...
Initalising...
Running Sim...

Data Dump...
Initalising...
Running Sim...

Data Dump...
Initalising...
Running Sim...

Data Dump...
Initalising...
Running Sim...

Data Dump...
Initalising...
Running Sim...
.Initalising...
Running Sim...
.Initalising...
Running Sim...
.Initalising...
Running Sim...
.Initalising...
Running Sim...
.Initalising...
Running Sim...
.Initalising...
Running Sim...
.Initalising...
Running Sim...
.Initalising...
Running Sim...
.Initalising...
Running Sim...
.Initalising...
Running Sim...
.Initalising...
Running Sim...
.Initalising...
Running Sim...
.Initalising...
Running Sim...
.Initalising...
Running Sim...
.Initalising...
Running Sim...
.Initalising...
Running Sim...
.Initalising...
Running Sim...
.Initalising...
Running Sim...
.Initalising...
Running Sim...
.Initalising...
Running Sim...
.Initalising...
Running Sim...
.Initalising...
Running Sim...
.Initalising...
Running Sim...
.Initalising...
Running Sim...
.Initalising...
Running Sim...
.Initalising...
Running Sim...
.Initalising...
Running Sim...
.Initalising...
Running Sim...
.Initalising...
Running Sim...
.Initalising...
Running Sim...
.Initalising...
Running Sim...
.Initalising...
Running Sim...
.Initalising...
Running Sim...
.Initalising...
Running Sim...
.Initalising...
Running Sim...
.Initalising...
Running Sim...
.Initalising...
Running Sim...
.Initalising...
Running Sim...
.Initalising...
Running Sim...
.Initalising...
Running Sim...
.Initalising...
Running Sim...
.Initalising...
Running Sim...
.Initalising...
Running Sim...
.Initalising...
Running Sim...
.Initalising...
Running Sim...
.Initalising...
Running Sim...
.Initalising...
Running Sim...
.Initalising...
Running Sim...
.Initalising...
Running Sim...
.Initalising...
Running Sim...
.Initalising...
Running Sim...
.Initalising...
Running Sim...
.Initalising...
Running Sim...
.Initalising...
Running Sim...
.Initalising...
Running Sim...
.Initalising...
Running Sim...
.Initalising...
Running Sim...
.Initalising...
Running Sim...
.Initalising...
Running Sim...
.Initalising...
Running Sim...
.Initalising...
Running Sim...
.Initalising...
Running Sim...
.Initalising...
Running Sim...
.Initalising...
Running Sim...
.Initalising...
Running Sim...
.Initalising...
Running Sim...
.Initalising...
Running Sim...
.Initalising...
Running Sim...
.Initalising...
Running Sim...
.Initalising...
Running Sim...
..........................................................................................................................................................................................................................................................................................................................................................................................................................................................................................................................................................................................................................................................
[1720 9601]
.
[1705 9630]
.
[1723 9612]
.
[1742 9615]
.
[1729 9627]
.
[1707 9593]
.
[1692 9664]
.
[1793 9580]
..
[1742 9635]
.
[1806 9544]
.
[1711 9623]
.
[1712 9596]
.
[1688 9592]
.
[1827 9537]
.
[1851 9494]
.
[1738 9618]
.
[1756 9554]
.
[1685 9595]
.
[1761 9609]
.
[1764 9575]
.
[1749 9595]
.
[1748 9602]
.
[1756 9582]
.
[1779 9448]
.
[1719 9614]
.
[1823 9589]
.
[1725 9544]
.
[1707 9637]
.
[1740 9575]
.
[1752 9577]
.
[1790 9526]
.
[1926 9302]
.
[1766 9597]
.
[1785 9532]
.
[1827 9464]
.
[1798 9548]
..
[1766 9563]
.
[1742 9578]
..
[1979 9256]
.
[1709 9617]
.
[1815 9475]
.
[1805 9450]
.
[1843 9433]
.
[1933 9315]
.
[1823 9433]
.
[1697 9601]
.
[1697 9596]
.
[1729 9621]
..
[1924 9395]
.
[1872 9432]
.
[1965 9165]
.
[2435 8730]
.
[2248 8940]
.
[2251 8917]
...
[2452 8631]
..
[2502 8643]
..
[1931 9327]
..
[2508 8643]
..
[2765 8265]
...
[2420 8717]
.
[2617 8559]
..
[2653 8430]
..
[2689 8397]
.
[2756 8268]
..
[2418 8725]
...............................................
[3603 7242]
............
[4870 5914]
.
[4129 6716]
............................
[5034 5769]
...........
[5532 5134]
....
[5447 5309]
....................................................................................................................................................................................................
Data Dump...
.......
Data Dump...
.
Data Dump...
...........
Data Dump...
.
Data Dump...
..
Data Dump...
.
Data Dump...
..................
Data Dump...
...................................................................................................................................
[  65 5834]
....
[  62 5905]
.........
[  60 5629]
........
[  72 5564]
...........
[  64 5405]
............
[  83 5269]
.......
[  83 5251]
........
[ 113 4929]
......
[ 104 5048]
...................
[ 119 4775]
.
[ 100 4805]
.
[ 101 4605]
......
[ 111 4786]
...
[ 111 4925]
.........
[ 128 4697]
.
[ 132 4751]
...
[ 140 4547]
.
[ 131 4709]
...
[ 149 4521]
....
[ 162 4539]
...
[ 112 4547]
.
[ 145 4527]
..........
[ 163 4014]
..
[ 175 4172]
...
[ 166 4382]
..
[ 137 4254]
...
[ 181 4042]
...........
[ 231 3908]
........
[ 188 3883]
......
[ 212 3859]
.......
[ 229 3790]
.
[ 204 3819]
....
[ 203 3962]
..
[ 233 3828]
......
[ 228 3878]
..
[ 235 4063]
............................................
[ 372 3109]
.
[ 354 3060]
........
[ 259 3802]
......
[ 377 3284]
......
[ 445 3155]
..
[ 398 2870]
..
[ 373 3636]
.................
[ 583 2308]
..
[ 410 3305]
........
[ 525 2713]
...........
[ 657 2620]
......
[ 620 2224]
....
[ 356 3364]
....
[ 571 2330]
....................
[ 819 2072]
...........
[ 935 1649]
........
[ 798 2151]
..
[ 952 1836]
...
[ 794 2322]
..............
[ 822 2002]
.........
[ 803 2114]
....................................................
[1296 1280]
............
[1786  947]
.
[2216  391]
...........
[2146  544]
...............
[1927  721]
..
[ 52 555]
.
[1442 1301]
.
[ 49 455]
..................
[ 44 445]
..........................
[ 51 489]
...................................................
[ 52 440]
.
[ 37 166]
........
[ 51 320]
.............
[ 49 378]
.............
[ 47 267]
.........................
Data Dump...
......
Data Dump...
................
[ 52 322]
............
[ 46 342]
.
[ 48 252]
.
Data Dump...
...
[ 46 320]
........
[ 48 340]
....
[ 48 105]
.
[ 49 272]
..
[ 51 281]
..........
Data Dump...

[ 54 223]
.
[ 62 229]
................
[ 47 272]
........
[ 68 251]
.............
[ 49 135]
............
[ 52 334]
.......
Data Dump...
.....
Data Dump...
.......
[ 54 163]
....
Data Dump...
....
[ 42 166]
.
Data Dump...
....
[ 60 102]
.
[59 79]
....
[ 77 151]
..............
[ 59 152]
..
Data Dump...
.
[60 98]
........
[ 55 112]
.............
[ 61 110]
...
[ 67 209]
.
[ 50 161]
..........
[63 90]
...
[ 64 238]
.................
Data Dump...
................
Data Dump...
..
Data Dump...

Data Dump...
................
Data Dump...

Data Dump...
.
Data Dump...
........
Data Dump...
......
Data Dump...
..
Data Dump...
.....
[71 63]
.........
[ 68 338]
.....
Data Dump...

Data Dump...

[57 40]
...
[ 80 139]
..........
[ 71 175]
....
Data Dump...
..
[70 62]
.
[89 59]
...
Data Dump...
.................
[ 87 167]
.....
[79  9]
...
Data Dump...
....
Data Dump...
...
[81 52]
..
[86 65]
......
Data Dump...
.....
Data Dump...

Data Dump...
.....
Data Dump...

Data Dump...
........
[85 10]
.
[ 72 182]
..........
Data Dump...
.
Data Dump...
.
Data Dump...
....
Data Dump...

Data Dump...
..
[96 21]
.
Data Dump...

[77 13]
.
[110  15]
.........
[85 31]
.
[96 22]
.......
[104  60]
.......................
[76 34]
...
[105  35]
......
Data Dump...
..
Data Dump...
...
Data Dump...

Data Dump...
...
Data Dump...
....
[119  27]
..
[141  10]
.
Data Dump...
.
[92 20]
......
[148  13]
...
Data Dump...
.......
Data Dump...
..
[113  12]
..
Data Dump...
...
[112  31]
..
Data Dump...
........
Data Dump...
...
Data Dump...
........
Data Dump...
............
Data Dump...

Data Dump...
.
Data Dump...
........
Data Dump...

Data Dump...
..
Data Dump...
........
Data Dump...
...
Data Dump...
.......
Data Dump...
..
Data Dump...

Data Dump...
...
Data Dump...
..
Data Dump...

Data Dump...
Low 1 2
Done
slurmstepd-phcompute006: error: Detected 20 oom-kill event(s) in StepId=824567.batch. Some of your processes may have been killed by the cgroup out-of-memory handler.
