Unable to init server: Could not connect: Connection refused
Unable to init server: Could not connect: Connection refused
Unable to init server: Could not connect: Connection refused
Unable to init server: Could not connect: Connection refused
Unable to init server: Could not connect: Connection refused
Unable to init server: Could not connect: Connection refused
Unable to init server: Could not connect: Connection refused
Unable to init server: Could not connect: Connection refused
Unable to init server: Could not connect: Connection refused
Unable to init server: Could not connect: Connection refused
Unable to init server: Could not connect: Connection refused
Unable to init server: Could not connect: Connection refused
Unable to init server: Could not connect: Connection refused
Unable to init server: Could not connect: Connection refused
Unable to init server: Could not connect: Connection refused
Unable to init server: Could not connect: Connection refused
Unable to init server: Could not connect: Connection refused
Unable to init server: Could not connect: Connection refused
Unable to init server: Could not connect: Connection refused
Unable to init server: Could not connect: Connection refused
Unable to init server: Could not connect: Connection refused
Unable to init server: Could not connect: Connection refused
Unable to init server: Could not connect: Connection refused
Unable to init server: Could not connect: Connection refused
Unable to init server: Could not connect: Connection refused
Unable to init server: Could not connect: Connection refused
Unable to init server: Could not connect: Connection refused
Unable to init server: Could not connect: Connection refused
Unable to init server: Could not connect: Connection refused
Unable to init server: Could not connect: Connection refused
Unable to init server: Could not connect: Connection refused
Unable to init server: Could not connect: Connection refused
Unable to init server: Could not connect: Connection refused
Unable to init server: Could not connect: Connection refused
Unable to init server: Could not connect: Connection refused
Unable to init server: Could not connect: Connection refused
Unable to init server: Could not connect: Connection refused
Unable to init server: Could not connect: Connection refused
Unable to init server: Could not connect: Connection refused
Unable to init server: Could not connect: Connection refused
Unable to init server: Could not connect: Connection refused
Unable to init server: Could not connect: Connection refused
Unable to init server: Could not connect: Connection refused
Unable to init server: Could not connect: Connection refused
Unable to init server: Could not connect: Connection refused
Unable to init server: Could not connect: Connection refused
Unable to init server: Could not connect: Connection refused
Unable to init server: Could not connect: Connection refused
Unable to init server: Could not connect: Connection refused
Unable to init server: Could not connect: Connection refused
Unable to init server: Could not connect: Connection refused
Unable to init server: Could not connect: Connection refused
Unable to init server: Could not connect: Connection refused
Unable to init server: Could not connect: Connection refused
Unable to init server: Could not connect: Connection refused
Unable to init server: Could not connect: Connection refused
Unable to init server: Could not connect: Connection refused
Unable to init server: Could not connect: Connection refused
Unable to init server: Could not connect: Connection refused
Unable to init server: Could not connect: Connection refused
Unable to init server: Could not connect: Connection refused
Unable to init server: Could not connect: Connection refused
Unable to init server: Could not connect: Connection refused
Unable to init server: Could not connect: Connection refused
Unable to init server: Could not connect: Connection refused
Unable to init server: Could not connect: Connection refused
Unable to init server: Could not connect: Connection refused
Unable to init server: Could not connect: Connection refused
Unable to init server: Could not connect: Connection refused
Unable to init server: Could not connect: Connection refused
Unable to init server: Could not connect: Connection refused
Unable to init server: Could not connect: Connection refused
Unable to init server: Could not connect: Connection refused

(DataCollector_Deterministic.py:3545969): Gdk-CRITICAL **: 08:46:52.350: gdk_cursor_new_for_display: assertion 'GDK_IS_DISPLAY (display)' failed
Unable to init server: Could not connect: Connection refused
Unable to init server: Could not connect: Connection refused
Unable to init server: Could not connect: Connection refused
Unable to init server: Could not connect: Connection refused
Unable to init server: Could not connect: Connection refused
Unable to init server: Could not connect: Connection refused
Unable to init server: Could not connect: Connection refused
Unable to init server: Could not connect: Connection refused
Unable to init server: Could not connect: Connection refused
Unable to init server: Could not connect: Connection refused
Unable to init server: Could not connect: Connection refused
Unable to init server: Could not connect: Connection refused
Unable to init server: Could not connect: Connection refused
Unable to init server: Could not connect: Connection refused
Unable to init server: Could not connect: Connection refused
Unable to init server: Could not connect: Connection refused
Unable to init server: Could not connect: Connection refused
Unable to init server: Could not connect: Connection refused
Unable to init server: Could not connect: Connection refused
Unable to init server: Could not connect: Connection refused
Unable to init server: Could not connect: Connection refused
Unable to init server: Could not connect: Connection refused
Unable to init server: Could not connect: Connection refused
Unable to init server: Could not connect: Connection refused
Unable to init server: Could not connect: Connection refused
Unable to init server: Could not connect: Connection refused
Unable to init server: Could not connect: Connection refused
Unable to init server: Could not connect: Connection refused
Unable to init server: Could not connect: Connection refused
Unable to init server: Could not connect: Connection refused
Unable to init server: Could not connect: Connection refused

(DataCollector_Deterministic.py:3546049): Gdk-CRITICAL **: 08:46:52.490: gdk_cursor_new_for_display: assertion 'GDK_IS_DISPLAY (display)' failed

(DataCollector_Deterministic.py:3545904): Gdk-CRITICAL **: 08:46:52.528: gdk_cursor_new_for_display: assertion 'GDK_IS_DISPLAY (display)' failed
Unable to init server: Could not connect: Connection refused

(DataCollector_Deterministic.py:3545981): Gdk-CRITICAL **: 08:46:52.538: gdk_cursor_new_for_display: assertion 'GDK_IS_DISPLAY (display)' failed
Unable to init server: Could not connect: Connection refused

(DataCollector_Deterministic.py:3546244): Gdk-CRITICAL **: 08:46:52.541: gdk_cursor_new_for_display: assertion 'GDK_IS_DISPLAY (display)' failed
Unable to init server: Could not connect: Connection refused
Unable to init server: Could not connect: Connection refused

(DataCollector_Deterministic.py:3546160): Gdk-CRITICAL **: 08:46:52.552: gdk_cursor_new_for_display: assertion 'GDK_IS_DISPLAY (display)' failed

(DataCollector_Deterministic.py:3545948): Gdk-CRITICAL **: 08:46:52.620: gdk_cursor_new_for_display: assertion 'GDK_IS_DISPLAY (display)' failed

(DataCollector_Deterministic.py:3546246): Gdk-CRITICAL **: 08:46:52.664: gdk_cursor_new_for_display: assertion 'GDK_IS_DISPLAY (display)' failed
Unable to init server: Could not connect: Connection refused

(DataCollector_Deterministic.py:3546009): Gdk-CRITICAL **: 08:46:52.668: gdk_cursor_new_for_display: assertion 'GDK_IS_DISPLAY (display)' failed
Unable to init server: Could not connect: Connection refused

(DataCollector_Deterministic.py:3546041): Gdk-CRITICAL **: 08:46:53.591: gdk_cursor_new_for_display: assertion 'GDK_IS_DISPLAY (display)' failed
Unable to init server: Could not connect: Connection refused

(DataCollector_Deterministic.py:3545888): Gdk-CRITICAL **: 08:46:53.656: gdk_cursor_new_for_display: assertion 'GDK_IS_DISPLAY (display)' failed
Unable to init server: Could not connect: Connection refused

(DataCollector_Deterministic.py:3546193): Gdk-CRITICAL **: 08:46:53.663: gdk_cursor_new_for_display: assertion 'GDK_IS_DISPLAY (display)' failed
Unable to init server: Could not connect: Connection refused

(DataCollector_Deterministic.py:3546241): Gdk-CRITICAL **: 08:46:53.666: gdk_cursor_new_for_display: assertion 'GDK_IS_DISPLAY (display)' failed
Unable to init server: Could not connect: Connection refused

(DataCollector_Deterministic.py:3546105): Gdk-CRITICAL **: 08:46:53.668: gdk_cursor_new_for_display: assertion 'GDK_IS_DISPLAY (display)' failed
Unable to init server: Could not connect: Connection refused

(DataCollector_Deterministic.py:3546211): Gdk-CRITICAL **: 08:46:53.674: gdk_cursor_new_for_display: assertion 'GDK_IS_DISPLAY (display)' failed
Unable to init server: Could not connect: Connection refused

(DataCollector_Deterministic.py:3545934): Gdk-CRITICAL **: 08:46:53.678: gdk_cursor_new_for_display: assertion 'GDK_IS_DISPLAY (display)' failed
Unable to init server: Could not connect: Connection refused

(DataCollector_Deterministic.py:3546203): Gdk-CRITICAL **: 08:46:53.683: gdk_cursor_new_for_display: assertion 'GDK_IS_DISPLAY (display)' failed
Unable to init server: Could not connect: Connection refused

(DataCollector_Deterministic.py:3546177): Gdk-CRITICAL **: 08:46:53.686: gdk_cursor_new_for_display: assertion 'GDK_IS_DISPLAY (display)' failed
Unable to init server: Could not connect: Connection refused

(DataCollector_Deterministic.py:3545924): Gdk-CRITICAL **: 08:46:53.690: gdk_cursor_new_for_display: assertion 'GDK_IS_DISPLAY (display)' failed
Unable to init server: Could not connect: Connection refused

(DataCollector_Deterministic.py:3545930): Gdk-CRITICAL **: 08:46:53.694: gdk_cursor_new_for_display: assertion 'GDK_IS_DISPLAY (display)' failed
Unable to init server: Could not connect: Connection refused

(DataCollector_Deterministic.py:3545921): Gdk-CRITICAL **: 08:46:53.698: gdk_cursor_new_for_display: assertion 'GDK_IS_DISPLAY (display)' failed
Unable to init server: Could not connect: Connection refused

(DataCollector_Deterministic.py:3546209): Gdk-CRITICAL **: 08:46:53.700: gdk_cursor_new_for_display: assertion 'GDK_IS_DISPLAY (display)' failed
Unable to init server: Could not connect: Connection refused

(DataCollector_Deterministic.py:3545897): Gdk-CRITICAL **: 08:46:53.710: gdk_cursor_new_for_display: assertion 'GDK_IS_DISPLAY (display)' failed
Unable to init server: Could not connect: Connection refused

(DataCollector_Deterministic.py:3546143): Gdk-CRITICAL **: 08:46:53.714: gdk_cursor_new_for_display: assertion 'GDK_IS_DISPLAY (display)' failed
Unable to init server: Could not connect: Connection refused

(DataCollector_Deterministic.py:3546123): Gdk-CRITICAL **: 08:46:53.718: gdk_cursor_new_for_display: assertion 'GDK_IS_DISPLAY (display)' failed
Unable to init server: Could not connect: Connection refused

(DataCollector_Deterministic.py:3546129): Gdk-CRITICAL **: 08:46:53.722: gdk_cursor_new_for_display: assertion 'GDK_IS_DISPLAY (display)' failed
Unable to init server: Could not connect: Connection refused

(DataCollector_Deterministic.py:3545989): Gdk-CRITICAL **: 08:46:53.726: gdk_cursor_new_for_display: assertion 'GDK_IS_DISPLAY (display)' failed
Unable to init server: Could not connect: Connection refused

(DataCollector_Deterministic.py:3546213): Gdk-CRITICAL **: 08:46:53.734: gdk_cursor_new_for_display: assertion 'GDK_IS_DISPLAY (display)' failed
Unable to init server: Could not connect: Connection refused

(DataCollector_Deterministic.py:3546137): Gdk-CRITICAL **: 08:46:53.738: gdk_cursor_new_for_display: assertion 'GDK_IS_DISPLAY (display)' failed
Unable to init server: Could not connect: Connection refused

(DataCollector_Deterministic.py:3546057): Gdk-CRITICAL **: 08:46:53.742: gdk_cursor_new_for_display: assertion 'GDK_IS_DISPLAY (display)' failed
Unable to init server: Could not connect: Connection refused

(DataCollector_Deterministic.py:3545957): Gdk-CRITICAL **: 08:46:53.746: gdk_cursor_new_for_display: assertion 'GDK_IS_DISPLAY (display)' failed
Unable to init server: Could not connect: Connection refused

(DataCollector_Deterministic.py:3546103): Gdk-CRITICAL **: 08:46:53.750: gdk_cursor_new_for_display: assertion 'GDK_IS_DISPLAY (display)' failed
Unable to init server: Could not connect: Connection refused

(DataCollector_Deterministic.py:3546235): Gdk-CRITICAL **: 08:46:53.758: gdk_cursor_new_for_display: assertion 'GDK_IS_DISPLAY (display)' failed
Unable to init server: Could not connect: Connection refused

(DataCollector_Deterministic.py:3546179): Gdk-CRITICAL **: 08:46:53.762: gdk_cursor_new_for_display: assertion 'GDK_IS_DISPLAY (display)' failed
Unable to init server: Could not connect: Connection refused

(DataCollector_Deterministic.py:3546155): Gdk-CRITICAL **: 08:46:53.766: gdk_cursor_new_for_display: assertion 'GDK_IS_DISPLAY (display)' failed
Unable to init server: Could not connect: Connection refused

(DataCollector_Deterministic.py:3546013): Gdk-CRITICAL **: 08:46:53.770: gdk_cursor_new_for_display: assertion 'GDK_IS_DISPLAY (display)' failed
Unable to init server: Could not connect: Connection refused

(DataCollector_Deterministic.py:3546019): Gdk-CRITICAL **: 08:46:53.774: gdk_cursor_new_for_display: assertion 'GDK_IS_DISPLAY (display)' failed
Unable to init server: Could not connect: Connection refused

(DataCollector_Deterministic.py:3545901): Gdk-CRITICAL **: 08:46:53.778: gdk_cursor_new_for_display: assertion 'GDK_IS_DISPLAY (display)' failed
Unable to init server: Could not connect: Connection refused

(DataCollector_Deterministic.py:3546083): Gdk-CRITICAL **: 08:46:53.782: gdk_cursor_new_for_display: assertion 'GDK_IS_DISPLAY (display)' failed
Unable to init server: Could not connect: Connection refused

(DataCollector_Deterministic.py:3546093): Gdk-CRITICAL **: 08:46:53.786: gdk_cursor_new_for_display: assertion 'GDK_IS_DISPLAY (display)' failed
Unable to init server: Could not connect: Connection refused

(DataCollector_Deterministic.py:3546189): Gdk-CRITICAL **: 08:46:53.790: gdk_cursor_new_for_display: assertion 'GDK_IS_DISPLAY (display)' failed
Unable to init server: Could not connect: Connection refused

(DataCollector_Deterministic.py:3546197): Gdk-CRITICAL **: 08:46:53.793: gdk_cursor_new_for_display: assertion 'GDK_IS_DISPLAY (display)' failed
Unable to init server: Could not connect: Connection refused

(DataCollector_Deterministic.py:3546061): Gdk-CRITICAL **: 08:46:53.802: gdk_cursor_new_for_display: assertion 'GDK_IS_DISPLAY (display)' failed
Unable to init server: Could not connect: Connection refused

(DataCollector_Deterministic.py:3546011): Gdk-CRITICAL **: 08:46:53.807: gdk_cursor_new_for_display: assertion 'GDK_IS_DISPLAY (display)' failed
Unable to init server: Could not connect: Connection refused

(DataCollector_Deterministic.py:3546157): Gdk-CRITICAL **: 08:46:53.810: gdk_cursor_new_for_display: assertion 'GDK_IS_DISPLAY (display)' failed
Unable to init server: Could not connect: Connection refused

(DataCollector_Deterministic.py:3545963): Gdk-CRITICAL **: 08:46:53.814: gdk_cursor_new_for_display: assertion 'GDK_IS_DISPLAY (display)' failed
Unable to init server: Could not connect: Connection refused

(DataCollector_Deterministic.py:3546091): Gdk-CRITICAL **: 08:46:53.818: gdk_cursor_new_for_display: assertion 'GDK_IS_DISPLAY (display)' failed
Unable to init server: Could not connect: Connection refused

(DataCollector_Deterministic.py:3546139): Gdk-CRITICAL **: 08:46:53.823: gdk_cursor_new_for_display: assertion 'GDK_IS_DISPLAY (display)' failed
Unable to init server: Could not connect: Connection refused

(DataCollector_Deterministic.py:3545951): Gdk-CRITICAL **: 08:46:53.826: gdk_cursor_new_for_display: assertion 'GDK_IS_DISPLAY (display)' failed
Unable to init server: Could not connect: Connection refused

(DataCollector_Deterministic.py:3545910): Gdk-CRITICAL **: 08:46:53.830: gdk_cursor_new_for_display: assertion 'GDK_IS_DISPLAY (display)' failed
Unable to init server: Could not connect: Connection refused

(DataCollector_Deterministic.py:3546225): Gdk-CRITICAL **: 08:46:53.834: gdk_cursor_new_for_display: assertion 'GDK_IS_DISPLAY (display)' failed
Unable to init server: Could not connect: Connection refused

(DataCollector_Deterministic.py:3546223): Gdk-CRITICAL **: 08:46:53.838: gdk_cursor_new_for_display: assertion 'GDK_IS_DISPLAY (display)' failed
Unable to init server: Could not connect: Connection refused

(DataCollector_Deterministic.py:3545937): Gdk-CRITICAL **: 08:46:53.842: gdk_cursor_new_for_display: assertion 'GDK_IS_DISPLAY (display)' failed
Unable to init server: Could not connect: Connection refused

(DataCollector_Deterministic.py:3546075): Gdk-CRITICAL **: 08:46:53.846: gdk_cursor_new_for_display: assertion 'GDK_IS_DISPLAY (display)' failed
Unable to init server: Could not connect: Connection refused

(DataCollector_Deterministic.py:3546007): Gdk-CRITICAL **: 08:46:53.850: gdk_cursor_new_for_display: assertion 'GDK_IS_DISPLAY (display)' failed
Unable to init server: Could not connect: Connection refused

(DataCollector_Deterministic.py:3545893): Gdk-CRITICAL **: 08:46:53.854: gdk_cursor_new_for_display: assertion 'GDK_IS_DISPLAY (display)' failed
Unable to init server: Could not connect: Connection refused

(DataCollector_Deterministic.py:3546151): Gdk-CRITICAL **: 08:46:53.858: gdk_cursor_new_for_display: assertion 'GDK_IS_DISPLAY (display)' failed
Unable to init server: Could not connect: Connection refused

(DataCollector_Deterministic.py:3545926): Gdk-CRITICAL **: 08:46:53.862: gdk_cursor_new_for_display: assertion 'GDK_IS_DISPLAY (display)' failed
Unable to init server: Could not connect: Connection refused

(DataCollector_Deterministic.py:3546002): Gdk-CRITICAL **: 08:46:53.866: gdk_cursor_new_for_display: assertion 'GDK_IS_DISPLAY (display)' failed
Unable to init server: Could not connect: Connection refused

(DataCollector_Deterministic.py:3546033): Gdk-CRITICAL **: 08:46:53.870: gdk_cursor_new_for_display: assertion 'GDK_IS_DISPLAY (display)' failed
Unable to init server: Could not connect: Connection refused

(DataCollector_Deterministic.py:3545868): Gdk-CRITICAL **: 08:46:53.878: gdk_cursor_new_for_display: assertion 'GDK_IS_DISPLAY (display)' failed
Unable to init server: Could not connect: Connection refused

(DataCollector_Deterministic.py:3546162): Gdk-CRITICAL **: 08:46:53.882: gdk_cursor_new_for_display: assertion 'GDK_IS_DISPLAY (display)' failed
Unable to init server: Could not connect: Connection refused

(DataCollector_Deterministic.py:3546027): Gdk-CRITICAL **: 08:46:53.886: gdk_cursor_new_for_display: assertion 'GDK_IS_DISPLAY (display)' failed
Unable to init server: Could not connect: Connection refused

(DataCollector_Deterministic.py:3545872): Gdk-CRITICAL **: 08:46:53.890: gdk_cursor_new_for_display: assertion 'GDK_IS_DISPLAY (display)' failed
Unable to init server: Could not connect: Connection refused

(DataCollector_Deterministic.py:3546109): Gdk-CRITICAL **: 08:46:53.894: gdk_cursor_new_for_display: assertion 'GDK_IS_DISPLAY (display)' failed
Unable to init server: Could not connect: Connection refused

(DataCollector_Deterministic.py:3546046): Gdk-CRITICAL **: 08:46:53.898: gdk_cursor_new_for_display: assertion 'GDK_IS_DISPLAY (display)' failed
Unable to init server: Could not connect: Connection refused

(DataCollector_Deterministic.py:3546167): Gdk-CRITICAL **: 08:46:53.903: gdk_cursor_new_for_display: assertion 'GDK_IS_DISPLAY (display)' failed
Unable to init server: Could not connect: Connection refused

(DataCollector_Deterministic.py:3546071): Gdk-CRITICAL **: 08:46:53.906: gdk_cursor_new_for_display: assertion 'GDK_IS_DISPLAY (display)' failed
Unable to init server: Could not connect: Connection refused

(DataCollector_Deterministic.py:3546097): Gdk-CRITICAL **: 08:46:53.911: gdk_cursor_new_for_display: assertion 'GDK_IS_DISPLAY (display)' failed
Unable to init server: Could not connect: Connection refused

(DataCollector_Deterministic.py:3546245): Gdk-CRITICAL **: 08:46:53.914: gdk_cursor_new_for_display: assertion 'GDK_IS_DISPLAY (display)' failed
Unable to init server: Could not connect: Connection refused

(DataCollector_Deterministic.py:3546226): Gdk-CRITICAL **: 08:46:53.918: gdk_cursor_new_for_display: assertion 'GDK_IS_DISPLAY (display)' failed
Unable to init server: Could not connect: Connection refused

(DataCollector_Deterministic.py:3546183): Gdk-CRITICAL **: 08:46:53.922: gdk_cursor_new_for_display: assertion 'GDK_IS_DISPLAY (display)' failed
Unable to init server: Could not connect: Connection refused

(DataCollector_Deterministic.py:3545983): Gdk-CRITICAL **: 08:46:53.926: gdk_cursor_new_for_display: assertion 'GDK_IS_DISPLAY (display)' failed
Unable to init server: Could not connect: Connection refused

(DataCollector_Deterministic.py:3545884): Gdk-CRITICAL **: 08:46:53.930: gdk_cursor_new_for_display: assertion 'GDK_IS_DISPLAY (display)' failed
Unable to init server: Could not connect: Connection refused

(DataCollector_Deterministic.py:3545940): Gdk-CRITICAL **: 08:46:53.934: gdk_cursor_new_for_display: assertion 'GDK_IS_DISPLAY (display)' failed
Unable to init server: Could not connect: Connection refused

(DataCollector_Deterministic.py:3545993): Gdk-CRITICAL **: 08:46:53.939: gdk_cursor_new_for_display: assertion 'GDK_IS_DISPLAY (display)' failed
Unable to init server: Could not connect: Connection refused

(DataCollector_Deterministic.py:3545945): Gdk-CRITICAL **: 08:46:53.943: gdk_cursor_new_for_display: assertion 'GDK_IS_DISPLAY (display)' failed
Unable to init server: Could not connect: Connection refused

(DataCollector_Deterministic.py:3546229): Gdk-CRITICAL **: 08:46:53.947: gdk_cursor_new_for_display: assertion 'GDK_IS_DISPLAY (display)' failed
Unable to init server: Could not connect: Connection refused

(DataCollector_Deterministic.py:3546131): Gdk-CRITICAL **: 08:46:53.951: gdk_cursor_new_for_display: assertion 'GDK_IS_DISPLAY (display)' failed
Unable to init server: Could not connect: Connection refused

(DataCollector_Deterministic.py:3545997): Gdk-CRITICAL **: 08:46:53.959: gdk_cursor_new_for_display: assertion 'GDK_IS_DISPLAY (display)' failed
Unable to init server: Could not connect: Connection refused

(DataCollector_Deterministic.py:3545880): Gdk-CRITICAL **: 08:46:53.962: gdk_cursor_new_for_display: assertion 'GDK_IS_DISPLAY (display)' failed
Unable to init server: Could not connect: Connection refused

(DataCollector_Deterministic.py:3546231): Gdk-CRITICAL **: 08:46:53.970: gdk_cursor_new_for_display: assertion 'GDK_IS_DISPLAY (display)' failed
Unable to init server: Could not connect: Connection refused

(DataCollector_Deterministic.py:3546077): Gdk-CRITICAL **: 08:46:53.974: gdk_cursor_new_for_display: assertion 'GDK_IS_DISPLAY (display)' failed
Unable to init server: Could not connect: Connection refused

(DataCollector_Deterministic.py:3546234): Gdk-CRITICAL **: 08:46:53.978: gdk_cursor_new_for_display: assertion 'GDK_IS_DISPLAY (display)' failed
Unable to init server: Could not connect: Connection refused

(DataCollector_Deterministic.py:3545876): Gdk-CRITICAL **: 08:46:53.990: gdk_cursor_new_for_display: assertion 'GDK_IS_DISPLAY (display)' failed
Unable to init server: Could not connect: Connection refused

(DataCollector_Deterministic.py:3546065): Gdk-CRITICAL **: 08:46:53.999: gdk_cursor_new_for_display: assertion 'GDK_IS_DISPLAY (display)' failed
Unable to init server: Could not connect: Connection refused

(DataCollector_Deterministic.py:3546147): Gdk-CRITICAL **: 08:46:54.006: gdk_cursor_new_for_display: assertion 'GDK_IS_DISPLAY (display)' failed
Unable to init server: Could not connect: Connection refused

(DataCollector_Deterministic.py:3546221): Gdk-CRITICAL **: 08:46:54.009: gdk_cursor_new_for_display: assertion 'GDK_IS_DISPLAY (display)' failed
Unable to init server: Could not connect: Connection refused

(DataCollector_Deterministic.py:3546087): Gdk-CRITICAL **: 08:46:54.014: gdk_cursor_new_for_display: assertion 'GDK_IS_DISPLAY (display)' failed
Unable to init server: Could not connect: Connection refused

(DataCollector_Deterministic.py:3546063): Gdk-CRITICAL **: 08:46:54.018: gdk_cursor_new_for_display: assertion 'GDK_IS_DISPLAY (display)' failed
Unable to init server: Could not connect: Connection refused

(DataCollector_Deterministic.py:3546107): Gdk-CRITICAL **: 08:46:54.022: gdk_cursor_new_for_display: assertion 'GDK_IS_DISPLAY (display)' failed
Unable to init server: Could not connect: Connection refused

(DataCollector_Deterministic.py:3546029): Gdk-CRITICAL **: 08:46:54.026: gdk_cursor_new_for_display: assertion 'GDK_IS_DISPLAY (display)' failed
Unable to init server: Could not connect: Connection refused

(DataCollector_Deterministic.py:3546113): Gdk-CRITICAL **: 08:46:54.030: gdk_cursor_new_for_display: assertion 'GDK_IS_DISPLAY (display)' failed
Unable to init server: Could not connect: Connection refused

(DataCollector_Deterministic.py:3546021): Gdk-CRITICAL **: 08:46:54.039: gdk_cursor_new_for_display: assertion 'GDK_IS_DISPLAY (display)' failed
Unable to init server: Could not connect: Connection refused

(DataCollector_Deterministic.py:3545915): Gdk-CRITICAL **: 08:46:54.047: gdk_cursor_new_for_display: assertion 'GDK_IS_DISPLAY (display)' failed
Unable to init server: Could not connect: Connection refused

(DataCollector_Deterministic.py:3546025): Gdk-CRITICAL **: 08:46:54.055: gdk_cursor_new_for_display: assertion 'GDK_IS_DISPLAY (display)' failed
Unable to init server: Could not connect: Connection refused

(DataCollector_Deterministic.py:3546185): Gdk-CRITICAL **: 08:46:54.062: gdk_cursor_new_for_display: assertion 'GDK_IS_DISPLAY (display)' failed
Unable to init server: Could not connect: Connection refused

(DataCollector_Deterministic.py:3545912): Gdk-CRITICAL **: 08:46:54.111: gdk_cursor_new_for_display: assertion 'GDK_IS_DISPLAY (display)' failed
Unable to init server: Could not connect: Connection refused

(DataCollector_Deterministic.py:3546238): Gdk-CRITICAL **: 08:46:54.287: gdk_cursor_new_for_display: assertion 'GDK_IS_DISPLAY (display)' failed
Unable to init server: Could not connect: Connection refused

(DataCollector_Deterministic.py:3545975): Gdk-CRITICAL **: 08:46:54.397: gdk_cursor_new_for_display: assertion 'GDK_IS_DISPLAY (display)' failed
Initalising...
Running Sim...

Data Dump...
Initalising...
Running Sim...

Data Dump...
Initalising...
Running Sim...

Data Dump...
Initalising...
Running Sim...

Data Dump...
Initalising...
Running Sim...

Data Dump...
Initalising...
Running Sim...

Data Dump...
Initalising...
Running Sim...

Data Dump...
Initalising...
Running Sim...

Data Dump...
Initalising...
Running Sim...

Data Dump...
Initalising...
Running Sim...

Data Dump...
Initalising...
Running Sim...
.Initalising...
Running Sim...
.Initalising...
Running Sim...
.Initalising...
Running Sim...
.Initalising...
Running Sim...
.Initalising...
Running Sim...
.Initalising...
Running Sim...
.Initalising...
Running Sim...
.Initalising...
Running Sim...
.Initalising...
Running Sim...
.Initalising...
Running Sim...
.Initalising...
Running Sim...
.Initalising...
Running Sim...
.Initalising...
Running Sim...
.Initalising...
Running Sim...
.Initalising...
Running Sim...
.Initalising...
Running Sim...
.Initalising...
Running Sim...
.Initalising...
Running Sim...
.Initalising...
Running Sim...
.Initalising...
Running Sim...
.Initalising...
Running Sim...
.Initalising...
Running Sim...
.Initalising...
Running Sim...
.Initalising...
Running Sim...
.Initalising...
Running Sim...
.Initalising...
Running Sim...
.Initalising...
Running Sim...
.Initalising...
Running Sim...
.Initalising...
Running Sim...
.Initalising...
Running Sim...
.Initalising...
Running Sim...
.Initalising...
Running Sim...
.Initalising...
Running Sim...
.Initalising...
Running Sim...
.Initalising...
Running Sim...
.Initalising...
Running Sim...
.Initalising...
Running Sim...
.Initalising...
Running Sim...
.Initalising...
Running Sim...
.Initalising...
Running Sim...
.Initalising...
Running Sim...
.Initalising...
Running Sim...
.Initalising...
Running Sim...
.Initalising...
Running Sim...
.Initalising...
Running Sim...
.Initalising...
Running Sim...
.Initalising...
Running Sim...
.Initalising...
Running Sim...
.Initalising...
Running Sim...
.Initalising...
Running Sim...
.Initalising...
Running Sim...
.Initalising...
Running Sim...
.Initalising...
Running Sim...
.Initalising...
Running Sim...
.Initalising...
Running Sim...
.Initalising...
Running Sim...
.Initalising...
Running Sim...
.Initalising...
Running Sim...
.Initalising...
Running Sim...
.Initalising...
Running Sim...
.Initalising...
Running Sim...
.Initalising...
Running Sim...
.Initalising...
Running Sim...
.Initalising...
Running Sim...
.Initalising...
Running Sim...
.Initalising...
Running Sim...
.Initalising...
Running Sim...
.Initalising...
Running Sim...
.Initalising...
Running Sim...
.Initalising...
Running Sim...
.........................................................................................................................................................................................................................................................................................................................................................................................................................................................................................................................................................................................................................................................
[1744 9256]
.
[1743 9226]
..
[1708 9258]
.
[1706 9220]
...
[1691 9262]
.
[1687 9250]
.
[1699 9242]
.
[1718 9256]
.
[1846 9060]
.
[1741 9260]
.
[1746 9205]
.
[1896 9022]
.
[1863 9067]
.
[1681 9231]
.
[1776 9221]
.
[1755 9208]
.
[1799 9105]
.
[1767 9196]
.
[1927 8965]
.
[1833 9103]
.
[1745 9214]
.
[1719 9254]
.
[1945 8946]
.
[1834 9118]
.
[1745 9218]
.
[1752 9233]
.
[1857 9097]
.
[1698 9220]
.
[1832 9105]
.
[1707 9209]
.
[1745 9214]
.
[1827 9093]
.
[1759 9229]
.
[1708 9259]
.
[1858 9045]
.
[1806 9131]
.
[1758 9235]
.
[1679 9226]
.
[1713 9245]
..
[1670 9252]
.
[1703 9219]
.
[1717 9234]
.
[1706 9208]
.
[1996 8921]
.
[1723 9238]
.
[1724 9256]
.
[1716 9250]
.
[1727 9227]
.
[1744 9229]
.
[1724 9185]
.
[1878 9051]
.
[2053 8856]
.
[1846 9045]
.
[2288 8567]
.
[1805 9129]
.
[1784 9216]
...
[2230 8597]
...
[2735 8060]
..
[2731 8030]
...
[2530 8242]
.
[3086 7656]
...
[2776 8030]
..
[2958 7821]
..
[3143 7561]
.......................................
[3495 7204]
...........
[3490 7243]
...
[3416 7247]
........
[4451 6105]
....................
[4414 6154]
.....
[5115 5429]
......................................
[6182 4319]
....................................................................................................................................................................................
Data Dump...
.......
Data Dump...
..
Data Dump...
...........
Data Dump...
.....
Data Dump...
.
Data Dump...
....................................................................................................
[  41 5012]
..............
[  33 4873]
..............................
[  59 4738]
...............
[  45 4590]
.........
[  59 4437]
.......
[  56 4410]
.......
[  60 4356]
..
[  74 4463]
...
[  65 4349]
....
[  93 4293]
...
[  62 4369]
........
[  71 4280]
.......
[  78 4289]
..
[  65 4183]
.....
[  71 4021]
.
[  69 4100]
....
[  91 4110]
.
[  74 3992]
........
[ 103 4119]
..........
[ 109 3989]
.........
[  90 3875]
...........
[ 123 3704]
....
[  89 3805]
.
[ 117 3751]
......
[ 106 3638]
.....
[ 111 3576]
............................
[ 158 3222]
.........
[ 127 3398]
.
[ 150 3547]
.....
[ 165 3556]
.................
[ 192 3246]
.....
[ 198 3169]
............
[ 187 3228]
........
[ 218 3334]
.......
[ 187 2998]
.....
[ 273 2848]
.......
[ 271 2898]
..
[ 240 3013]
.....
[ 282 2886]
.......
[ 210 3212]
.......
[ 222 3040]
...
[ 314 2762]
.
[ 277 2490]
...
[ 243 3153]
.......
[ 291 2655]
.............
[ 31 336]

Data Dump...
.
[ 357 2361]
.
[ 389 2310]
.....................................
[ 488 2166]
..
[ 469 2141]
.
[ 20 306]
.......
Data Dump...
........................
[ 550 2130]
...
[ 664 1906]
.......................
[ 42 356]
..................
Data Dump...

[ 572 2506]
................
[ 894 1574]
............
[ 700 1869]
........
[ 782 1794]
.
[ 23 243]
.............
Data Dump...
..
[ 34 275]
.
[ 966 1518]
.....
[ 30 373]
....
[ 842 2124]
.........
[ 35 345]
...
[1162 1084]
.
Data Dump...
...
Data Dump...
.......
[ 33 238]
.......
[ 30 266]
.
[ 35 296]
..
[ 36 378]
..
[ 47 280]
.
Data Dump...
.
[1180 1097]
.....
[1262 1199]
.........
Data Dump...
....
Data Dump...
..
Data Dump...

Data Dump...
....
Data Dump...
......
[ 45 262]
..
[ 36 272]
...........
[ 47 336]
................
[ 37 223]
..
Data Dump...
..
Data Dump...
....
[1973  389]
..
Data Dump...
....
[1301  961]
...
[1665  540]
......
[ 51 273]
..
[2343  177]
.
[ 38 114]
..
Data Dump...

[ 44 220]
.
[ 34 162]
.......
[1564  780]
.......
[ 29 218]
...................
Data Dump...
.
Data Dump...
.
Data Dump...
..
Data Dump...
.......
Data Dump...
......
[ 32 194]
.
[ 31 190]
..
[ 49 111]
.......................
[ 37 128]
....
[ 29 113]
..............
Data Dump...

Data Dump...
.
Data Dump...
.................
[ 36 160]
..
Data Dump...
..
[ 45 168]
..
Data Dump...
.........
[45 72]
....
[41 73]
..............
[ 45 124]
....
[44 97]
.....
Data Dump...
.......
[ 34 111]
..
Data Dump...
................
Data Dump...
.
[ 52 108]
......
Data Dump...
..........
Data Dump...
.
[47 60]
.
Data Dump...
...
[53 85]
.
[ 43 159]
.
[ 56 113]
..
[47 76]
.....
[ 39 151]
.
[59 66]
..
[ 47 103]
.
Data Dump...

[49 70]
.................
Data Dump...
..
[52 51]
.....
[49 25]
.............
Data Dump...
..
Data Dump...
...
[51 38]
.
Data Dump...
..
Data Dump...
.
[52 24]
..
Data Dump...

Data Dump...
...
Data Dump...
..
Data Dump...
....
Data Dump...
....
[69 33]
....
[58 37]
....
Data Dump...

Data Dump...
....
[54 33]
.......
[66 27]
......
Data Dump...
..
Data Dump...
.........
[70 94]
...
Data Dump...
..
[77 22]
.....
Data Dump...
....
[79 39]
.
[66 44]
..
[93 97]
.
Data Dump...
....
Data Dump...
..
[83 31]
......
[80 10]
.....
Data Dump...

[102  13]
..
[87 23]
........
Data Dump...
......
Data Dump...
..
Data Dump...
..
Data Dump...
...
[108   6]
.....
Data Dump...

[92 10]
.
Data Dump...

[132  10]
...
[72 10]
..
Data Dump...

Data Dump...

[86 19]
...........
Data Dump...
...
Data Dump...

Data Dump...
.
Data Dump...

Data Dump...
Low 1 4
Done
slurmstepd-phcompute008: error: Detected 19 oom-kill event(s) in StepId=824569.batch. Some of your processes may have been killed by the cgroup out-of-memory handler.
