Unable to init server: Could not connect: Connection refused
Unable to init server: Could not connect: Connection refused
Unable to init server: Could not connect: Connection refused
Unable to init server: Could not connect: Connection refused
Unable to init server: Could not connect: Connection refused

(DataCollector_Deterministic.py:10286): Gdk-CRITICAL **: 15:37:10.285: gdk_cursor_new_for_display: assertion 'GDK_IS_DISPLAY (display)' failed
Unable to init server: Could not connect: Connection refused

(DataCollector_Deterministic.py:10620): Gdk-CRITICAL **: 15:37:10.910: gdk_cursor_new_for_display: assertion 'GDK_IS_DISPLAY (display)' failed
Unable to init server: Could not connect: Connection refused

(DataCollector_Deterministic.py:9472): Gdk-CRITICAL **: 15:37:10.939: gdk_cursor_new_for_display: assertion 'GDK_IS_DISPLAY (display)' failed
Unable to init server: Could not connect: Connection refused

(DataCollector_Deterministic.py:9418): Gdk-CRITICAL **: 15:37:12.066: gdk_cursor_new_for_display: assertion 'GDK_IS_DISPLAY (display)' failed
Unable to init server: Could not connect: Connection refused
Unable to init server: Could not connect: Connection refused
Unable to init server: Could not connect: Connection refused
Unable to init server: Could not connect: Connection refused
Unable to init server: Could not connect: Connection refused
Unable to init server: Could not connect: Connection refused
Unable to init server: Could not connect: Connection refused
Unable to init server: Could not connect: Connection refused
Unable to init server: Could not connect: Connection refused
Unable to init server: Could not connect: Connection refused
Unable to init server: Could not connect: Connection refused
Unable to init server: Could not connect: Connection refused
Unable to init server: Could not connect: Connection refused
Unable to init server: Could not connect: Connection refused
Unable to init server: Could not connect: Connection refused
Unable to init server: Could not connect: Connection refused
Unable to init server: Could not connect: Connection refused
Unable to init server: Could not connect: Connection refused
Unable to init server: Could not connect: Connection refused
Unable to init server: Could not connect: Connection refused

(DataCollector_Deterministic.py:9658): Gdk-CRITICAL **: 15:37:15.158: gdk_cursor_new_for_display: assertion 'GDK_IS_DISPLAY (display)' failed
Unable to init server: Could not connect: Connection refused
Unable to init server: Could not connect: Connection refused

(DataCollector_Deterministic.py:10002): Gdk-CRITICAL **: 15:37:15.310: gdk_cursor_new_for_display: assertion 'GDK_IS_DISPLAY (display)' failed
Unable to init server: Could not connect: Connection refused
Unable to init server: Could not connect: Connection refused
Unable to init server: Could not connect: Connection refused

(DataCollector_Deterministic.py:9148): Gdk-CRITICAL **: 15:37:15.957: gdk_cursor_new_for_display: assertion 'GDK_IS_DISPLAY (display)' failed
Unable to init server: Could not connect: Connection refused

(DataCollector_Deterministic.py:9423): Gdk-CRITICAL **: 15:37:15.978: gdk_cursor_new_for_display: assertion 'GDK_IS_DISPLAY (display)' failed
Unable to init server: Could not connect: Connection refused
Unable to init server: Could not connect: Connection refused

(DataCollector_Deterministic.py:9712): Gdk-CRITICAL **: 15:37:16.079: gdk_cursor_new_for_display: assertion 'GDK_IS_DISPLAY (display)' failed
Unable to init server: Could not connect: Connection refused

(DataCollector_Deterministic.py:9289): Gdk-CRITICAL **: 15:37:16.286: gdk_cursor_new_for_display: assertion 'GDK_IS_DISPLAY (display)' failed
Unable to init server: Could not connect: Connection refused
Unable to init server: Could not connect: Connection refused
Unable to init server: Could not connect: Connection refused

(DataCollector_Deterministic.py:9022): Gdk-CRITICAL **: 15:37:16.346: gdk_cursor_new_for_display: assertion 'GDK_IS_DISPLAY (display)' failed

(DataCollector_Deterministic.py:9771): Gdk-CRITICAL **: 15:37:16.351: gdk_cursor_new_for_display: assertion 'GDK_IS_DISPLAY (display)' failed
Unable to init server: Could not connect: Connection refused

(DataCollector_Deterministic.py:10614): Gdk-CRITICAL **: 15:37:16.378: gdk_cursor_new_for_display: assertion 'GDK_IS_DISPLAY (display)' failed

(DataCollector_Deterministic.py:10168): Gdk-CRITICAL **: 15:37:16.408: gdk_cursor_new_for_display: assertion 'GDK_IS_DISPLAY (display)' failed
Unable to init server: Could not connect: Connection refused
Unable to init server: Could not connect: Connection refused
Unable to init server: Could not connect: Connection refused

(DataCollector_Deterministic.py:9229): Gdk-CRITICAL **: 15:37:16.952: gdk_cursor_new_for_display: assertion 'GDK_IS_DISPLAY (display)' failed
Unable to init server: Could not connect: Connection refused

(DataCollector_Deterministic.py:9496): Gdk-CRITICAL **: 15:37:17.002: gdk_cursor_new_for_display: assertion 'GDK_IS_DISPLAY (display)' failed
Unable to init server: Could not connect: Connection refused
Unable to init server: Could not connect: Connection refused
Unable to init server: Could not connect: Connection refused

(DataCollector_Deterministic.py:9384): Gdk-CRITICAL **: 15:37:17.136: gdk_cursor_new_for_display: assertion 'GDK_IS_DISPLAY (display)' failed
Unable to init server: Could not connect: Connection refused
Unable to init server: Could not connect: Connection refused

(DataCollector_Deterministic.py:10653): Gdk-CRITICAL **: 15:37:17.148: gdk_cursor_new_for_display: assertion 'GDK_IS_DISPLAY (display)' failed
Unable to init server: Could not connect: Connection refused

(DataCollector_Deterministic.py:9171): Gdk-CRITICAL **: 15:37:17.156: gdk_cursor_new_for_display: assertion 'GDK_IS_DISPLAY (display)' failed
Unable to init server: Could not connect: Connection refused

(DataCollector_Deterministic.py:10196): Gdk-CRITICAL **: 15:37:17.164: gdk_cursor_new_for_display: assertion 'GDK_IS_DISPLAY (display)' failed
Unable to init server: Could not connect: Connection refused
Unable to init server: Could not connect: Connection refused

(DataCollector_Deterministic.py:10581): Gdk-CRITICAL **: 15:37:17.336: gdk_cursor_new_for_display: assertion 'GDK_IS_DISPLAY (display)' failed
Unable to init server: Could not connect: Connection refused
Unable to init server: Could not connect: Connection refused

(DataCollector_Deterministic.py:9592): Gdk-CRITICAL **: 15:37:17.342: gdk_cursor_new_for_display: assertion 'GDK_IS_DISPLAY (display)' failed
Unable to init server: Could not connect: Connection refused

(DataCollector_Deterministic.py:9742): Gdk-CRITICAL **: 15:37:17.352: gdk_cursor_new_for_display: assertion 'GDK_IS_DISPLAY (display)' failed
Unable to init server: Could not connect: Connection refused
Unable to init server: Could not connect: Connection refused

(DataCollector_Deterministic.py:9061): Gdk-CRITICAL **: 15:37:17.366: gdk_cursor_new_for_display: assertion 'GDK_IS_DISPLAY (display)' failed
Unable to init server: Could not connect: Connection refused
Unable to init server: Could not connect: Connection refused
Unable to init server: Could not connect: Connection refused
Unable to init server: Could not connect: Connection refused
Unable to init server: Could not connect: Connection refused
Unable to init server: Could not connect: Connection refused
Unable to init server: Could not connect: Connection refused
Unable to init server: Could not connect: Connection refused
Unable to init server: Could not connect: Connection refused
Unable to init server: Could not connect: Connection refused
Unable to init server: Could not connect: Connection refused
Unable to init server: Could not connect: Connection refused
Unable to init server: Could not connect: Connection refused
Unable to init server: Could not connect: Connection refused
Unable to init server: Could not connect: Connection refused

(DataCollector_Deterministic.py:10091): Gdk-CRITICAL **: 15:37:17.844: gdk_cursor_new_for_display: assertion 'GDK_IS_DISPLAY (display)' failed
Unable to init server: Could not connect: Connection refused
Unable to init server: Could not connect: Connection refused
Unable to init server: Could not connect: Connection refused
Unable to init server: Could not connect: Connection refused
Unable to init server: Could not connect: Connection refused
Unable to init server: Could not connect: Connection refused
Unable to init server: Could not connect: Connection refused
Unable to init server: Could not connect: Connection refused
Unable to init server: Could not connect: Connection refused
Unable to init server: Could not connect: Connection refused

(DataCollector_Deterministic.py:9765): Gdk-CRITICAL **: 15:37:18.333: gdk_cursor_new_for_display: assertion 'GDK_IS_DISPLAY (display)' failed
Unable to init server: Could not connect: Connection refused
Unable to init server: Could not connect: Connection refused
Unable to init server: Could not connect: Connection refused

(DataCollector_Deterministic.py:10268): Gdk-CRITICAL **: 15:37:18.371: gdk_cursor_new_for_display: assertion 'GDK_IS_DISPLAY (display)' failed
Unable to init server: Could not connect: Connection refused
Unable to init server: Could not connect: Connection refused
Unable to init server: Could not connect: Connection refused
Unable to init server: Could not connect: Connection refused

(DataCollector_Deterministic.py:9887): Gdk-CRITICAL **: 15:37:18.897: gdk_cursor_new_for_display: assertion 'GDK_IS_DISPLAY (display)' failed
Unable to init server: Could not connect: Connection refused

(DataCollector_Deterministic.py:10172): Gdk-CRITICAL **: 15:37:18.930: gdk_cursor_new_for_display: assertion 'GDK_IS_DISPLAY (display)' failed
Unable to init server: Could not connect: Connection refused

(DataCollector_Deterministic.py:10170): Gdk-CRITICAL **: 15:37:18.941: gdk_cursor_new_for_display: assertion 'GDK_IS_DISPLAY (display)' failed
Unable to init server: Could not connect: Connection refused

(DataCollector_Deterministic.py:9562): Gdk-CRITICAL **: 15:37:18.967: gdk_cursor_new_for_display: assertion 'GDK_IS_DISPLAY (display)' failed
Unable to init server: Could not connect: Connection refused
Unable to init server: Could not connect: Connection refused
Unable to init server: Could not connect: Connection refused
Unable to init server: Could not connect: Connection refused

(DataCollector_Deterministic.py:10014): Gdk-CRITICAL **: 15:37:19.126: gdk_cursor_new_for_display: assertion 'GDK_IS_DISPLAY (display)' failed
Unable to init server: Could not connect: Connection refused
Unable to init server: Could not connect: Connection refused
Unable to init server: Could not connect: Connection refused

(DataCollector_Deterministic.py:9513): Gdk-CRITICAL **: 15:37:19.254: gdk_cursor_new_for_display: assertion 'GDK_IS_DISPLAY (display)' failed
Unable to init server: Could not connect: Connection refused
Unable to init server: Could not connect: Connection refused
Unable to init server: Could not connect: Connection refused

(DataCollector_Deterministic.py:10301): Gdk-CRITICAL **: 15:37:19.447: gdk_cursor_new_for_display: assertion 'GDK_IS_DISPLAY (display)' failed
Unable to init server: Could not connect: Connection refused
Unable to init server: Could not connect: Connection refused

(DataCollector_Deterministic.py:9945): Gdk-CRITICAL **: 15:37:19.524: gdk_cursor_new_for_display: assertion 'GDK_IS_DISPLAY (display)' failed
Unable to init server: Could not connect: Connection refused

(DataCollector_Deterministic.py:9339): Gdk-CRITICAL **: 15:37:19.599: gdk_cursor_new_for_display: assertion 'GDK_IS_DISPLAY (display)' failed
Unable to init server: Could not connect: Connection refused

(DataCollector_Deterministic.py:9392): Gdk-CRITICAL **: 15:37:19.604: gdk_cursor_new_for_display: assertion 'GDK_IS_DISPLAY (display)' failed

(DataCollector_Deterministic.py:10587): Gdk-CRITICAL **: 15:37:19.608: gdk_cursor_new_for_display: assertion 'GDK_IS_DISPLAY (display)' failed
Unable to init server: Could not connect: Connection refused

(DataCollector_Deterministic.py:10376): Gdk-CRITICAL **: 15:37:19.619: gdk_cursor_new_for_display: assertion 'GDK_IS_DISPLAY (display)' failed
Unable to init server: Could not connect: Connection refused

(DataCollector_Deterministic.py:10242): Gdk-CRITICAL **: 15:37:19.622: gdk_cursor_new_for_display: assertion 'GDK_IS_DISPLAY (display)' failed
Unable to init server: Could not connect: Connection refused

(DataCollector_Deterministic.py:10459): Gdk-CRITICAL **: 15:37:19.627: gdk_cursor_new_for_display: assertion 'GDK_IS_DISPLAY (display)' failed
Unable to init server: Could not connect: Connection refused

(DataCollector_Deterministic.py:9251): Gdk-CRITICAL **: 15:37:19.633: gdk_cursor_new_for_display: assertion 'GDK_IS_DISPLAY (display)' failed
Unable to init server: Could not connect: Connection refused

(DataCollector_Deterministic.py:8983): Gdk-CRITICAL **: 15:37:19.643: gdk_cursor_new_for_display: assertion 'GDK_IS_DISPLAY (display)' failed
Unable to init server: Could not connect: Connection refused

(DataCollector_Deterministic.py:9257): Gdk-CRITICAL **: 15:37:19.669: gdk_cursor_new_for_display: assertion 'GDK_IS_DISPLAY (display)' failed
Unable to init server: Could not connect: Connection refused
Unable to init server: Could not connect: Connection refused
Unable to init server: Could not connect: Connection refused

(DataCollector_Deterministic.py:10343): Gdk-CRITICAL **: 15:37:19.710: gdk_cursor_new_for_display: assertion 'GDK_IS_DISPLAY (display)' failed
Unable to init server: Could not connect: Connection refused
Unable to init server: Could not connect: Connection refused
Unable to init server: Could not connect: Connection refused

(DataCollector_Deterministic.py:10534): Gdk-CRITICAL **: 15:37:19.799: gdk_cursor_new_for_display: assertion 'GDK_IS_DISPLAY (display)' failed
Unable to init server: Could not connect: Connection refused
Unable to init server: Could not connect: Connection refused

(DataCollector_Deterministic.py:10493): Gdk-CRITICAL **: 15:37:19.819: gdk_cursor_new_for_display: assertion 'GDK_IS_DISPLAY (display)' failed
Unable to init server: Could not connect: Connection refused

(DataCollector_Deterministic.py:9081): Gdk-CRITICAL **: 15:37:19.834: gdk_cursor_new_for_display: assertion 'GDK_IS_DISPLAY (display)' failed
Unable to init server: Could not connect: Connection refused
Unable to init server: Could not connect: Connection refused
Unable to init server: Could not connect: Connection refused
Unable to init server: Could not connect: Connection refused

(DataCollector_Deterministic.py:10422): Gdk-CRITICAL **: 15:37:19.900: gdk_cursor_new_for_display: assertion 'GDK_IS_DISPLAY (display)' failed
Unable to init server: Could not connect: Connection refused

(DataCollector_Deterministic.py:9284): Gdk-CRITICAL **: 15:37:19.918: gdk_cursor_new_for_display: assertion 'GDK_IS_DISPLAY (display)' failed
Unable to init server: Could not connect: Connection refused
Unable to init server: Could not connect: Connection refused
Unable to init server: Could not connect: Connection refused
Unable to init server: Could not connect: Connection refused
Unable to init server: Could not connect: Connection refused

(DataCollector_Deterministic.py:10212): Gdk-CRITICAL **: 15:37:20.002: gdk_cursor_new_for_display: assertion 'GDK_IS_DISPLAY (display)' failed

(DataCollector_Deterministic.py:10608): Gdk-CRITICAL **: 15:37:20.183: gdk_cursor_new_for_display: assertion 'GDK_IS_DISPLAY (display)' failed
Unable to init server: Could not connect: Connection refused

(DataCollector_Deterministic.py:10362): Gdk-CRITICAL **: 15:37:20.208: gdk_cursor_new_for_display: assertion 'GDK_IS_DISPLAY (display)' failed

(DataCollector_Deterministic.py:10628): Gdk-CRITICAL **: 15:37:20.243: gdk_cursor_new_for_display: assertion 'GDK_IS_DISPLAY (display)' failed
Unable to init server: Could not connect: Connection refused

(DataCollector_Deterministic.py:10631): Gdk-CRITICAL **: 15:37:20.318: gdk_cursor_new_for_display: assertion 'GDK_IS_DISPLAY (display)' failed

(DataCollector_Deterministic.py:9643): Gdk-CRITICAL **: 15:37:20.340: gdk_cursor_new_for_display: assertion 'GDK_IS_DISPLAY (display)' failed

(DataCollector_Deterministic.py:10380): Gdk-CRITICAL **: 15:37:20.343: gdk_cursor_new_for_display: assertion 'GDK_IS_DISPLAY (display)' failed
Unable to init server: Could not connect: Connection refused

(DataCollector_Deterministic.py:9133): Gdk-CRITICAL **: 15:37:20.360: gdk_cursor_new_for_display: assertion 'GDK_IS_DISPLAY (display)' failed
Unable to init server: Could not connect: Connection refused

(DataCollector_Deterministic.py:9533): Gdk-CRITICAL **: 15:37:20.393: gdk_cursor_new_for_display: assertion 'GDK_IS_DISPLAY (display)' failed
Unable to init server: Could not connect: Connection refused

(DataCollector_Deterministic.py:9359): Gdk-CRITICAL **: 15:37:20.481: gdk_cursor_new_for_display: assertion 'GDK_IS_DISPLAY (display)' failed
Unable to init server: Could not connect: Connection refused

(DataCollector_Deterministic.py:9835): Gdk-CRITICAL **: 15:37:20.494: gdk_cursor_new_for_display: assertion 'GDK_IS_DISPLAY (display)' failed
Unable to init server: Could not connect: Connection refused
Unable to init server: Could not connect: Connection refused
Unable to init server: Could not connect: Connection refused
Unable to init server: Could not connect: Connection refused

(DataCollector_Deterministic.py:9615): Gdk-CRITICAL **: 15:37:20.640: gdk_cursor_new_for_display: assertion 'GDK_IS_DISPLAY (display)' failed
Unable to init server: Could not connect: Connection refused
Unable to init server: Could not connect: Connection refused

(DataCollector_Deterministic.py:10022): Gdk-CRITICAL **: 15:37:20.857: gdk_cursor_new_for_display: assertion 'GDK_IS_DISPLAY (display)' failed
Unable to init server: Could not connect: Connection refused

(DataCollector_Deterministic.py:9099): Gdk-CRITICAL **: 15:37:20.984: gdk_cursor_new_for_display: assertion 'GDK_IS_DISPLAY (display)' failed
Unable to init server: Could not connect: Connection refused
Unable to init server: Could not connect: Connection refused

(DataCollector_Deterministic.py:9990): Gdk-CRITICAL **: 15:37:21.122: gdk_cursor_new_for_display: assertion 'GDK_IS_DISPLAY (display)' failed
Unable to init server: Could not connect: Connection refused

(DataCollector_Deterministic.py:10040): Gdk-CRITICAL **: 15:37:21.214: gdk_cursor_new_for_display: assertion 'GDK_IS_DISPLAY (display)' failed
Unable to init server: Could not connect: Connection refused
Unable to init server: Could not connect: Connection refused

(DataCollector_Deterministic.py:10656): Gdk-CRITICAL **: 15:37:21.439: gdk_cursor_new_for_display: assertion 'GDK_IS_DISPLAY (display)' failed

(DataCollector_Deterministic.py:9590): Gdk-CRITICAL **: 15:37:21.516: gdk_cursor_new_for_display: assertion 'GDK_IS_DISPLAY (display)' failed
Unable to init server: Could not connect: Connection refused

(DataCollector_Deterministic.py:9120): Gdk-CRITICAL **: 15:37:21.533: gdk_cursor_new_for_display: assertion 'GDK_IS_DISPLAY (display)' failed
Unable to init server: Could not connect: Connection refused
Unable to init server: Could not connect: Connection refused

(DataCollector_Deterministic.py:10112): Gdk-CRITICAL **: 15:37:21.677: gdk_cursor_new_for_display: assertion 'GDK_IS_DISPLAY (display)' failed

(DataCollector_Deterministic.py:9043): Gdk-CRITICAL **: 15:37:21.692: gdk_cursor_new_for_display: assertion 'GDK_IS_DISPLAY (display)' failed
Unable to init server: Could not connect: Connection refused

(DataCollector_Deterministic.py:10658): Gdk-CRITICAL **: 15:37:21.719: gdk_cursor_new_for_display: assertion 'GDK_IS_DISPLAY (display)' failed
Unable to init server: Could not connect: Connection refused
Unable to init server: Could not connect: Connection refused

(DataCollector_Deterministic.py:10512): Gdk-CRITICAL **: 15:37:21.763: gdk_cursor_new_for_display: assertion 'GDK_IS_DISPLAY (display)' failed
Unable to init server: Could not connect: Connection refused

(DataCollector_Deterministic.py:9916): Gdk-CRITICAL **: 15:37:21.847: gdk_cursor_new_for_display: assertion 'GDK_IS_DISPLAY (display)' failed
Unable to init server: Could not connect: Connection refused
Unable to init server: Could not connect: Connection refused
Unable to init server: Could not connect: Connection refused
Unable to init server: Could not connect: Connection refused
Unable to init server: Could not connect: Connection refused
Unable to init server: Could not connect: Connection refused
Unable to init server: Could not connect: Connection refused
Unable to init server: Could not connect: Connection refused

(DataCollector_Deterministic.py:10689): Gdk-CRITICAL **: 15:37:22.106: gdk_cursor_new_for_display: assertion 'GDK_IS_DISPLAY (display)' failed
Unable to init server: Could not connect: Connection refused

(DataCollector_Deterministic.py:10635): Gdk-CRITICAL **: 15:37:22.129: gdk_cursor_new_for_display: assertion 'GDK_IS_DISPLAY (display)' failed
Unable to init server: Could not connect: Connection refused
Unable to init server: Could not connect: Connection refused

(DataCollector_Deterministic.py:10618): Gdk-CRITICAL **: 15:37:22.174: gdk_cursor_new_for_display: assertion 'GDK_IS_DISPLAY (display)' failed
Unable to init server: Could not connect: Connection refused
Unable to init server: Could not connect: Connection refused
Unable to init server: Could not connect: Connection refused
Unable to init server: Could not connect: Connection refused
Unable to init server: Could not connect: Connection refused
Unable to init server: Could not connect: Connection refused

(DataCollector_Deterministic.py:10307): Gdk-CRITICAL **: 15:37:22.609: gdk_cursor_new_for_display: assertion 'GDK_IS_DISPLAY (display)' failed
Unable to init server: Could not connect: Connection refused

(DataCollector_Deterministic.py:10583): Gdk-CRITICAL **: 15:37:22.629: gdk_cursor_new_for_display: assertion 'GDK_IS_DISPLAY (display)' failed
Unable to init server: Could not connect: Connection refused

(DataCollector_Deterministic.py:10147): Gdk-CRITICAL **: 15:37:22.632: gdk_cursor_new_for_display: assertion 'GDK_IS_DISPLAY (display)' failed
Unable to init server: Could not connect: Connection refused
Unable to init server: Could not connect: Connection refused

(DataCollector_Deterministic.py:9453): Gdk-CRITICAL **: 15:37:22.722: gdk_cursor_new_for_display: assertion 'GDK_IS_DISPLAY (display)' failed
Unable to init server: Could not connect: Connection refused
Unable to init server: Could not connect: Connection refused

(DataCollector_Deterministic.py:9179): Gdk-CRITICAL **: 15:37:22.883: gdk_cursor_new_for_display: assertion 'GDK_IS_DISPLAY (display)' failed
Unable to init server: Could not connect: Connection refused
Unable to init server: Could not connect: Connection refused

(DataCollector_Deterministic.py:9698): Gdk-CRITICAL **: 15:37:23.863: gdk_cursor_new_for_display: assertion 'GDK_IS_DISPLAY (display)' failed
Unable to init server: Could not connect: Connection refused

(DataCollector_Deterministic.py:10148): Gdk-CRITICAL **: 15:37:23.961: gdk_cursor_new_for_display: assertion 'GDK_IS_DISPLAY (display)' failed
Unable to init server: Could not connect: Connection refused

(DataCollector_Deterministic.py:9630): Gdk-CRITICAL **: 15:37:23.976: gdk_cursor_new_for_display: assertion 'GDK_IS_DISPLAY (display)' failed
Unable to init server: Could not connect: Connection refused

(DataCollector_Deterministic.py:10568): Gdk-CRITICAL **: 15:37:24.038: gdk_cursor_new_for_display: assertion 'GDK_IS_DISPLAY (display)' failed
Unable to init server: Could not connect: Connection refused

(DataCollector_Deterministic.py:9805): Gdk-CRITICAL **: 15:37:24.090: gdk_cursor_new_for_display: assertion 'GDK_IS_DISPLAY (display)' failed
Unable to init server: Could not connect: Connection refused

(DataCollector_Deterministic.py:10451): Gdk-CRITICAL **: 15:37:24.160: gdk_cursor_new_for_display: assertion 'GDK_IS_DISPLAY (display)' failed
Unable to init server: Could not connect: Connection refused

(DataCollector_Deterministic.py:9003): Gdk-CRITICAL **: 15:37:24.203: gdk_cursor_new_for_display: assertion 'GDK_IS_DISPLAY (display)' failed
Unable to init server: Could not connect: Connection refused

(DataCollector_Deterministic.py:9847): Gdk-CRITICAL **: 15:37:24.231: gdk_cursor_new_for_display: assertion 'GDK_IS_DISPLAY (display)' failed
Unable to init server: Could not connect: Connection refused

(DataCollector_Deterministic.py:9343): Gdk-CRITICAL **: 15:37:24.242: gdk_cursor_new_for_display: assertion 'GDK_IS_DISPLAY (display)' failed
Unable to init server: Could not connect: Connection refused

(DataCollector_Deterministic.py:9202): Gdk-CRITICAL **: 15:37:24.272: gdk_cursor_new_for_display: assertion 'GDK_IS_DISPLAY (display)' failed
Unable to init server: Could not connect: Connection refused

(DataCollector_Deterministic.py:9930): Gdk-CRITICAL **: 15:37:24.504: gdk_cursor_new_for_display: assertion 'GDK_IS_DISPLAY (display)' failed
Unable to init server: Could not connect: Connection refused

(DataCollector_Deterministic.py:9355): Gdk-CRITICAL **: 15:37:24.554: gdk_cursor_new_for_display: assertion 'GDK_IS_DISPLAY (display)' failed
Unable to init server: Could not connect: Connection refused

(DataCollector_Deterministic.py:10078): Gdk-CRITICAL **: 15:37:24.583: gdk_cursor_new_for_display: assertion 'GDK_IS_DISPLAY (display)' failed
Unable to init server: Could not connect: Connection refused

(DataCollector_Deterministic.py:9217): Gdk-CRITICAL **: 15:37:24.587: gdk_cursor_new_for_display: assertion 'GDK_IS_DISPLAY (display)' failed
Unable to init server: Could not connect: Connection refused

(DataCollector_Deterministic.py:9684): Gdk-CRITICAL **: 15:37:24.631: gdk_cursor_new_for_display: assertion 'GDK_IS_DISPLAY (display)' failed
Unable to init server: Could not connect: Connection refused

(DataCollector_Deterministic.py:9810): Gdk-CRITICAL **: 15:37:24.735: gdk_cursor_new_for_display: assertion 'GDK_IS_DISPLAY (display)' failed
Unable to init server: Could not connect: Connection refused

(DataCollector_Deterministic.py:10000): Gdk-CRITICAL **: 15:37:24.778: gdk_cursor_new_for_display: assertion 'GDK_IS_DISPLAY (display)' failed
Unable to init server: Could not connect: Connection refused

(DataCollector_Deterministic.py:10350): Gdk-CRITICAL **: 15:37:25.356: gdk_cursor_new_for_display: assertion 'GDK_IS_DISPLAY (display)' failed
Initalising...
Running Sim...
.Initalising...
Running Sim...
.Initalising...
Running Sim...
.Initalising...
Running Sim...
.Initalising...
Running Sim...
.Initalising...
Running Sim...
.Initalising...
Running Sim...
.Initalising...
Running Sim...

Data Dump...
Initalising...
Running Sim...

Data Dump...
Initalising...
Running Sim...
.Initalising...
Running Sim...

Data Dump...
.Initalising...
Running Sim...

Data Dump...
Initalising...
Running Sim...

Data Dump...
Initalising...
Running Sim...

Data Dump...
Initalising...
Running Sim...

Data Dump...
Initalising...
Running Sim...

Data Dump...
.Initalising...
Running Sim...
....Initalising...
Running Sim...
.Initalising...
Running Sim...
..Initalising...
Running Sim...
..Initalising...
Running Sim...
.Initalising...
Running Sim...
.Initalising...
Running Sim...
.Initalising...
Running Sim...
.Initalising...
Running Sim...
.Initalising...
Running Sim...
.Initalising...
Running Sim...
.Initalising...
Running Sim...
.Initalising...
Running Sim...
.Initalising...
Running Sim...
.Initalising...
Running Sim...
.Initalising...
Running Sim...
.Initalising...
Running Sim...
.Initalising...
Running Sim...
.Initalising...
Running Sim...
.Initalising...
Running Sim...
.Initalising...
Running Sim...
.Initalising...
Running Sim...
.Initalising...
Running Sim...
.Initalising...
Running Sim...
.Initalising...
Running Sim...
.Initalising...
Running Sim...
.Initalising...
Running Sim...
.Initalising...
Running Sim...
.Initalising...
Running Sim...
.Initalising...
Running Sim...
.Initalising...
Running Sim...
.Initalising...
Running Sim...
.Initalising...
Running Sim...
.Initalising...
Running Sim...
.Initalising...
Running Sim...
.Initalising...
Running Sim...
.Initalising...
Running Sim...
.Initalising...
Running Sim...
.Initalising...
Running Sim...
.Initalising...
Running Sim...
.Initalising...
Running Sim...
.Initalising...
Running Sim...
.Initalising...
Running Sim...
.Initalising...
Running Sim...
.Initalising...
Running Sim...
.Initalising...
Running Sim...
.Initalising...
Running Sim...
.Initalising...
Running Sim...
.Initalising...
Running Sim...
.Initalising...
Running Sim...
.Initalising...
Running Sim...
.Initalising...
Running Sim...
.Initalising...
Running Sim...
.Initalising...
Running Sim...
.Initalising...
Running Sim...
.Initalising...
Running Sim...
.Initalising...
Running Sim...
.Initalising...
Running Sim...
.Initalising...
Running Sim...
.Initalising...
Running Sim...
.Initalising...
Running Sim...
.Initalising...
Running Sim...
.Initalising...
Running Sim...
.Initalising...
Running Sim...
.Initalising...
Running Sim...
.Initalising...
Running Sim...
.Initalising...
Running Sim...
.Initalising...
Running Sim...
.Initalising...
Running Sim...
.Initalising...
Running Sim...
.Initalising...
Running Sim...
.Initalising...
Running Sim...
.Initalising...
Running Sim...
.Initalising...
Running Sim...
.Initalising...
Running Sim...
.Initalising...
Running Sim...
.Initalising...
Running Sim...
.Initalising...
Running Sim...
.Initalising...
Running Sim...
.Initalising...
Running Sim...
.Initalising...
Running Sim...
.Initalising...
Running Sim...
.Initalising...
Running Sim...
.Initalising...
Running Sim...
.................................................................................................................................................................................................................................................................................................................................................................................................................................................................................................................................................................................................................................................................................................................................................................................................
[1745 8450]
.............
[1727 8472]
..............
[2141 8081]
.......
[1819 8413]
.
[8666 1501]
...
[1733 8466]
..
[2080 8162]
..
[1703 8473]
.......
[2017 8211]
...
[2178 8029]
......
[1857 8336]
.
[2011 8219]
...
[2219 8038]
.
[1855 8373]
.
[1846 8373]
..
[1897 8300]
.
[8731 1441]
.
[2136 8108]
.
[1907 8296]
.
[1863 8329]
..
[1936 8266]
.
[1874 8339]
..
[8960 1166]
.
[1754 8440]
..
[8614 1552]
.
[2042 8202]
.
[1992 8256]
.
[2433 7840]
.
[1887 8311]
.
[2451 7818]
..
[7489 2794]
.
[2632 7642]
.
[8815 1332]
.
[1862 8333]
.
[2442 7832]
.
[2235 8007]
.
[8535 1639]
.
[1804 8408]
.
[1813 8373]
.
[2217 8031]
.
[2541 7723]
.
[8187 2039]
.
[2699 7611]
.
[2824 7477]
.
[2626 7644]
.
[2666 7621]
..
[3404 6948]
.....
[3366 6984]
.
[2663 7633]
.
[3525 6826]
..
[6746 3596]
.
[3265 7034]
.
[3378 6933]
.
[4478 5866]
...
[3032 7305]
.
[4232 6074]
.
[7747 2504]
.
[2637 7606]
..
[3473 6881]
.
[5184 5160]
.
[3736 6611]
.
[3499 6790]
..
[4341 5957]
.
[8166 2013]
.
[5836 4468]
.....
[8395 1739]
..
[6848 3506]
..
[4441 5859]
...
[6044 4208]
..
[8488 1673]
.
[3772 6537]
..
[7628 2589]
.
[5923 4388]
.
[7747 2457]
..
[7700 2552]
.....
[4561 5821]
.
[3848 6430]
.
[4119 6183]
.
[3238 6982]
.
[7549 2627]
..
[6041 4279]
.
[5313 4955]
.
[7041 3305]
..
[5472 4812]
.
[5165 5139]
..
[5841 4466]
.
[5372 4942]
..
[6199 4080]
.
[6472 3847]
....
[7710 2477]
.
[7623 2585]
.........
[6492 3759]
......................................................................................................................................................................................................................................................................................
Data Dump...
...........
Data Dump...
........................
Data Dump...
...........
Data Dump...
..
Data Dump...
..........................................................................................................................................................
[  54 1643]
.................
Data Dump...
.....................
[  53 2040]
........................................................
[  66 2188]
.................................
[  74 2220]
.......
[ 102 2152]
.
[ 100 2215]
..
Data Dump...
....
[ 120 2107]
........
[  70 2130]
.....
[ 134 2168]
.
[  99 2096]
.
[ 122 2088]
........
[  88 2149]
..
[ 111 1907]
...
[2185    8]
.
[ 105 2275]
.....
[  84 2173]
...
[ 137 2136]
........
[ 121 2253]
.....
[ 134 2086]
.....
[2214   24]
...........
[ 179 2191]
..
[ 172 2031]
.
[2151   42]
.
[ 176 2103]
.............................
[2215   12]
.........
Data Dump...
..............
[ 212 2239]
..
[ 252 1897]
..
[ 185 2249]
............
[2276   26]
........
[ 248 2116]
...........
Data Dump...
...
[ 165 2134]
.........
Data Dump...

[ 324 1709]
....
[2237   66]
..
Data Dump...
........
[ 244 1930]
.........
Data Dump...
.
[ 325 1951]
................
[2038  356]
..
Data Dump...
..
[ 363 1946]
..
Data Dump...

[ 322 2025]
..........
Data Dump...
....
[ 373 1839]
...
[ 322 2009]
...
[ 295 2077]
..............
Data Dump...
..
[2243   28]
.
Data Dump...

[ 392 1856]
...
[2288   31]
....
Data Dump...
.
[2225   32]
.
[ 445 1968]
...........
[2184  108]
..
Data Dump...

[2219   87]
.......
Data Dump...
...
[2232   31]
.
[2215   37]
...
Data Dump...
...
[ 404 1969]
....
[ 577 1782]
.
[2169   52]
........
[ 364 1846]
.
Data Dump...
........
[ 536 1798]
........
[1697  629]
.
[ 667 1601]
.
[ 470 2029]
.....
Data Dump...
..
[ 660 1654]
...
[2199   51]
.....
Data Dump...
..
[2180   41]
...
[ 698 1361]
.
[1862  267]
........
Data Dump...
......
[1932  443]
..
Data Dump...
.
[ 807 1315]
....
Data Dump...
....
[1766  487]
.
[2037  342]
.
[1028 1261]
..
[1736  466]
...
[1209  859]
.....
Data Dump...

[1131 1005]
.
[1003 1056]
.
Data Dump...
..
[1900  236]
.
[1171 1142]
......
[1971  200]
.
[1747  379]
.....
[1713  364]
..
[ 935 1268]
.
[1059 1187]
...
[ 849 1587]
..
[1710  511]
........
[1881  374]
..
Data Dump...
.
[ 824 1002]
.......
[1065  979]
..
[1389  818]
.
Data Dump...

[1652  535]
..
[1590  566]
...
Data Dump...
.................................
Data Dump...
...................
Data Dump...
....
Data Dump...
.
Data Dump...
.....................................
Data Dump...
...........
Data Dump...
...............
Data Dump...
....
Data Dump...
.......
Data Dump...
.
Data Dump...
.......
Data Dump...
.........
Data Dump...
...............
Data Dump...
.....
Data Dump...

Data Dump...
...........
Data Dump...
........
Data Dump...
..........
Data Dump...
............
Data Dump...
..........
Data Dump...
...
Data Dump...
...
Data Dump...
........
Data Dump...

Data Dump...
...........
Data Dump...
.
Data Dump...
..
Data Dump...
........
Data Dump...
.
Data Dump...
..............
Data Dump...
..
Data Dump...
.....
Data Dump...
.....
Data Dump...
..
Data Dump...
.......
Data Dump...
.........
Data Dump...
.......
Data Dump...
.....
Data Dump...

Data Dump...

Data Dump...
........
Data Dump...
.....
Data Dump...
.
Data Dump...
..
Data Dump...
..
Data Dump...
.
Data Dump...

Data Dump...
....
Data Dump...
.
Data Dump...
.
Data Dump...
...
Data Dump...

Data Dump...
..
Data Dump...
..
Data Dump...

Data Dump...
....
Data Dump...
.
Data Dump...

Data Dump...

Data Dump...

Data Dump...
Low 1 8
Done
