Unable to init server: Could not connect: Connection refused
Unable to init server: Could not connect: Connection refused
Unable to init server: Could not connect: Connection refused

(DataCollector_Deterministic.py:10356): Gdk-CRITICAL **: 15:37:01.012: gdk_cursor_new_for_display: assertion 'GDK_IS_DISPLAY (display)' failed
Unable to init server: Could not connect: Connection refused

(DataCollector_Deterministic.py:9766): Gdk-CRITICAL **: 15:37:01.014: gdk_cursor_new_for_display: assertion 'GDK_IS_DISPLAY (display)' failed
Unable to init server: Could not connect: Connection refused
Unable to init server: Could not connect: Connection refused

(DataCollector_Deterministic.py:9098): Gdk-CRITICAL **: 15:37:01.630: gdk_cursor_new_for_display: assertion 'GDK_IS_DISPLAY (display)' failed
Unable to init server: Could not connect: Connection refused
Unable to init server: Could not connect: Connection refused

(DataCollector_Deterministic.py:10017): Gdk-CRITICAL **: 15:37:05.292: gdk_cursor_new_for_display: assertion 'GDK_IS_DISPLAY (display)' failed
Unable to init server: Could not connect: Connection refused
Unable to init server: Could not connect: Connection refused
Unable to init server: Could not connect: Connection refused
Unable to init server: Could not connect: Connection refused
Unable to init server: Could not connect: Connection refused
Unable to init server: Could not connect: Connection refused
Unable to init server: Could not connect: Connection refused
Unable to init server: Could not connect: Connection refused
Unable to init server: Could not connect: Connection refused

(DataCollector_Deterministic.py:10643): Gdk-CRITICAL **: 15:37:14.623: gdk_cursor_new_for_display: assertion 'GDK_IS_DISPLAY (display)' failed
Unable to init server: Could not connect: Connection refused
Unable to init server: Could not connect: Connection refused
Unable to init server: Could not connect: Connection refused
Unable to init server: Could not connect: Connection refused
Unable to init server: Could not connect: Connection refused
Unable to init server: Could not connect: Connection refused
Unable to init server: Could not connect: Connection refused

(DataCollector_Deterministic.py:10144): Gdk-CRITICAL **: 15:37:15.375: gdk_cursor_new_for_display: assertion 'GDK_IS_DISPLAY (display)' failed
Unable to init server: Could not connect: Connection refused
Unable to init server: Could not connect: Connection refused

(DataCollector_Deterministic.py:10402): Gdk-CRITICAL **: 15:37:15.430: gdk_cursor_new_for_display: assertion 'GDK_IS_DISPLAY (display)' failed
Unable to init server: Could not connect: Connection refused
Unable to init server: Could not connect: Connection refused
Unable to init server: Could not connect: Connection refused
Unable to init server: Could not connect: Connection refused
Unable to init server: Could not connect: Connection refused

(DataCollector_Deterministic.py:9365): Gdk-CRITICAL **: 15:37:15.623: gdk_cursor_new_for_display: assertion 'GDK_IS_DISPLAY (display)' failed
Unable to init server: Could not connect: Connection refused
Unable to init server: Could not connect: Connection refused
Unable to init server: Could not connect: Connection refused
Unable to init server: Could not connect: Connection refused

(DataCollector_Deterministic.py:9822): Gdk-CRITICAL **: 15:37:15.791: gdk_cursor_new_for_display: assertion 'GDK_IS_DISPLAY (display)' failed
Unable to init server: Could not connect: Connection refused

(DataCollector_Deterministic.py:10446): Gdk-CRITICAL **: 15:37:15.794: gdk_cursor_new_for_display: assertion 'GDK_IS_DISPLAY (display)' failed
Unable to init server: Could not connect: Connection refused

(DataCollector_Deterministic.py:9469): Gdk-CRITICAL **: 15:37:16.132: gdk_cursor_new_for_display: assertion 'GDK_IS_DISPLAY (display)' failed

(DataCollector_Deterministic.py:10136): Gdk-CRITICAL **: 15:37:15.904: gdk_cursor_new_for_display: assertion 'GDK_IS_DISPLAY (display)' failed
Unable to init server: Could not connect: Connection refused
Unable to init server: Could not connect: Connection refused
Unable to init server: Could not connect: Connection refused
Unable to init server: Could not connect: Connection refused
Unable to init server: Could not connect: Connection refused

(DataCollector_Deterministic.py:9544): Gdk-CRITICAL **: 15:37:17.051: gdk_cursor_new_for_display: assertion 'GDK_IS_DISPLAY (display)' failed
Unable to init server: Could not connect: Connection refused
Unable to init server: Could not connect: Connection refused

(DataCollector_Deterministic.py:9831): Gdk-CRITICAL **: 15:37:17.399: gdk_cursor_new_for_display: assertion 'GDK_IS_DISPLAY (display)' failed
Unable to init server: Could not connect: Connection refused
Unable to init server: Could not connect: Connection refused

(DataCollector_Deterministic.py:9907): Gdk-CRITICAL **: 15:37:17.451: gdk_cursor_new_for_display: assertion 'GDK_IS_DISPLAY (display)' failed
Unable to init server: Could not connect: Connection refused

(DataCollector_Deterministic.py:9626): Gdk-CRITICAL **: 15:37:17.463: gdk_cursor_new_for_display: assertion 'GDK_IS_DISPLAY (display)' failed
Unable to init server: Could not connect: Connection refused

(DataCollector_Deterministic.py:10651): Gdk-CRITICAL **: 15:37:17.495: gdk_cursor_new_for_display: assertion 'GDK_IS_DISPLAY (display)' failed
Unable to init server: Could not connect: Connection refused
Unable to init server: Could not connect: Connection refused

(DataCollector_Deterministic.py:9295): Gdk-CRITICAL **: 15:37:17.615: gdk_cursor_new_for_display: assertion 'GDK_IS_DISPLAY (display)' failed
Unable to init server: Could not connect: Connection refused

(DataCollector_Deterministic.py:9895): Gdk-CRITICAL **: 15:37:17.624: gdk_cursor_new_for_display: assertion 'GDK_IS_DISPLAY (display)' failed

(DataCollector_Deterministic.py:9601): Gdk-CRITICAL **: 15:37:17.627: gdk_cursor_new_for_display: assertion 'GDK_IS_DISPLAY (display)' failed
Unable to init server: Could not connect: Connection refused
Unable to init server: Could not connect: Connection refused

(DataCollector_Deterministic.py:9636): Gdk-CRITICAL **: 15:37:17.816: gdk_cursor_new_for_display: assertion 'GDK_IS_DISPLAY (display)' failed

(DataCollector_Deterministic.py:9734): Gdk-CRITICAL **: 15:37:17.947: gdk_cursor_new_for_display: assertion 'GDK_IS_DISPLAY (display)' failed
Unable to init server: Could not connect: Connection refused

(DataCollector_Deterministic.py:10692): Gdk-CRITICAL **: 15:37:18.013: gdk_cursor_new_for_display: assertion 'GDK_IS_DISPLAY (display)' failed
Unable to init server: Could not connect: Connection refused

(DataCollector_Deterministic.py:9409): Gdk-CRITICAL **: 15:37:18.103: gdk_cursor_new_for_display: assertion 'GDK_IS_DISPLAY (display)' failed
Unable to init server: Could not connect: Connection refused

(DataCollector_Deterministic.py:9173): Gdk-CRITICAL **: 15:37:18.121: gdk_cursor_new_for_display: assertion 'GDK_IS_DISPLAY (display)' failed

(DataCollector_Deterministic.py:9320): Gdk-CRITICAL **: 15:37:18.139: gdk_cursor_new_for_display: assertion 'GDK_IS_DISPLAY (display)' failed
Unable to init server: Could not connect: Connection refused

(DataCollector_Deterministic.py:10612): Gdk-CRITICAL **: 15:37:18.204: gdk_cursor_new_for_display: assertion 'GDK_IS_DISPLAY (display)' failed
Unable to init server: Could not connect: Connection refused

(DataCollector_Deterministic.py:10316): Gdk-CRITICAL **: 15:37:18.358: gdk_cursor_new_for_display: assertion 'GDK_IS_DISPLAY (display)' failed

(DataCollector_Deterministic.py:10433): Gdk-CRITICAL **: 15:37:18.555: gdk_cursor_new_for_display: assertion 'GDK_IS_DISPLAY (display)' failed
Unable to init server: Could not connect: Connection refused
Unable to init server: Could not connect: Connection refused
Unable to init server: Could not connect: Connection refused
Unable to init server: Could not connect: Connection refused
Unable to init server: Could not connect: Connection refused
Unable to init server: Could not connect: Connection refused
Unable to init server: Could not connect: Connection refused
Unable to init server: Could not connect: Connection refused
Unable to init server: Could not connect: Connection refused

(DataCollector_Deterministic.py:10008): Gdk-CRITICAL **: 15:37:21.182: gdk_cursor_new_for_display: assertion 'GDK_IS_DISPLAY (display)' failed
Unable to init server: Could not connect: Connection refused

(DataCollector_Deterministic.py:9309): Gdk-CRITICAL **: 15:37:21.591: gdk_cursor_new_for_display: assertion 'GDK_IS_DISPLAY (display)' failed
Unable to init server: Could not connect: Connection refused

(DataCollector_Deterministic.py:9575): Gdk-CRITICAL **: 15:37:21.633: gdk_cursor_new_for_display: assertion 'GDK_IS_DISPLAY (display)' failed
Unable to init server: Could not connect: Connection refused

(DataCollector_Deterministic.py:9679): Gdk-CRITICAL **: 15:37:21.738: gdk_cursor_new_for_display: assertion 'GDK_IS_DISPLAY (display)' failed
Unable to init server: Could not connect: Connection refused

(DataCollector_Deterministic.py:10287): Gdk-CRITICAL **: 15:37:21.794: gdk_cursor_new_for_display: assertion 'GDK_IS_DISPLAY (display)' failed
Unable to init server: Could not connect: Connection refused

(DataCollector_Deterministic.py:10646): Gdk-CRITICAL **: 15:37:21.808: gdk_cursor_new_for_display: assertion 'GDK_IS_DISPLAY (display)' failed
Unable to init server: Could not connect: Connection refused

(DataCollector_Deterministic.py:9373): Gdk-CRITICAL **: 15:37:21.905: gdk_cursor_new_for_display: assertion 'GDK_IS_DISPLAY (display)' failed
Unable to init server: Could not connect: Connection refused
Unable to init server: Could not connect: Connection refused
Unable to init server: Could not connect: Connection refused

(DataCollector_Deterministic.py:10640): Gdk-CRITICAL **: 15:37:22.107: gdk_cursor_new_for_display: assertion 'GDK_IS_DISPLAY (display)' failed
Unable to init server: Could not connect: Connection refused
Unable to init server: Could not connect: Connection refused
Unable to init server: Could not connect: Connection refused
Unable to init server: Could not connect: Connection refused
Unable to init server: Could not connect: Connection refused
Unable to init server: Could not connect: Connection refused
Unable to init server: Could not connect: Connection refused
Unable to init server: Could not connect: Connection refused
Unable to init server: Could not connect: Connection refused
Unable to init server: Could not connect: Connection refused
Unable to init server: Could not connect: Connection refused
Unable to init server: Could not connect: Connection refused
Unable to init server: Could not connect: Connection refused
Unable to init server: Could not connect: Connection refused
Unable to init server: Could not connect: Connection refused
Unable to init server: Could not connect: Connection refused
Unable to init server: Could not connect: Connection refused
Unable to init server: Could not connect: Connection refused
Unable to init server: Could not connect: Connection refused
Unable to init server: Could not connect: Connection refused
Unable to init server: Could not connect: Connection refused
Unable to init server: Could not connect: Connection refused
Unable to init server: Could not connect: Connection refused
Unable to init server: Could not connect: Connection refused
Unable to init server: Could not connect: Connection refused
Unable to init server: Could not connect: Connection refused
Unable to init server: Could not connect: Connection refused
Unable to init server: Could not connect: Connection refused
Unable to init server: Could not connect: Connection refused
Unable to init server: Could not connect: Connection refused
Unable to init server: Could not connect: Connection refused
Unable to init server: Could not connect: Connection refused
Unable to init server: Could not connect: Connection refused
Unable to init server: Could not connect: Connection refused
Unable to init server: Could not connect: Connection refused
Unable to init server: Could not connect: Connection refused
Unable to init server: Could not connect: Connection refused
Unable to init server: Could not connect: Connection refused
Unable to init server: Could not connect: Connection refused
Unable to init server: Could not connect: Connection refused
Unable to init server: Could not connect: Connection refused
Unable to init server: Could not connect: Connection refused
Unable to init server: Could not connect: Connection refused
Unable to init server: Could not connect: Connection refused
Unable to init server: Could not connect: Connection refused
Unable to init server: Could not connect: Connection refused
Unable to init server: Could not connect: Connection refused
Unable to init server: Could not connect: Connection refused
Unable to init server: Could not connect: Connection refused
Unable to init server: Could not connect: Connection refused
Unable to init server: Could not connect: Connection refused
Unable to init server: Could not connect: Connection refused
Unable to init server: Could not connect: Connection refused
Unable to init server: Could not connect: Connection refused
Unable to init server: Could not connect: Connection refused
Unable to init server: Could not connect: Connection refused
Unable to init server: Could not connect: Connection refused
Unable to init server: Could not connect: Connection refused
Unable to init server: Could not connect: Connection refused

(DataCollector_Deterministic.py:9530): Gdk-CRITICAL **: 15:37:23.991: gdk_cursor_new_for_display: assertion 'GDK_IS_DISPLAY (display)' failed
Unable to init server: Could not connect: Connection refused
Unable to init server: Could not connect: Connection refused
Unable to init server: Could not connect: Connection refused
Unable to init server: Could not connect: Connection refused

(DataCollector_Deterministic.py:10328): Gdk-CRITICAL **: 15:37:24.379: gdk_cursor_new_for_display: assertion 'GDK_IS_DISPLAY (display)' failed
Unable to init server: Could not connect: Connection refused

(DataCollector_Deterministic.py:9060): Gdk-CRITICAL **: 15:37:24.440: gdk_cursor_new_for_display: assertion 'GDK_IS_DISPLAY (display)' failed
Unable to init server: Could not connect: Connection refused

(DataCollector_Deterministic.py:9787): Gdk-CRITICAL **: 15:37:24.702: gdk_cursor_new_for_display: assertion 'GDK_IS_DISPLAY (display)' failed
Unable to init server: Could not connect: Connection refused

(DataCollector_Deterministic.py:10070): Gdk-CRITICAL **: 15:37:25.079: gdk_cursor_new_for_display: assertion 'GDK_IS_DISPLAY (display)' failed
Unable to init server: Could not connect: Connection refused

(DataCollector_Deterministic.py:8997): Gdk-CRITICAL **: 15:37:25.134: gdk_cursor_new_for_display: assertion 'GDK_IS_DISPLAY (display)' failed
Unable to init server: Could not connect: Connection refused

(DataCollector_Deterministic.py:10497): Gdk-CRITICAL **: 15:37:25.158: gdk_cursor_new_for_display: assertion 'GDK_IS_DISPLAY (display)' failed
Unable to init server: Could not connect: Connection refused

(DataCollector_Deterministic.py:10669): Gdk-CRITICAL **: 15:37:25.227: gdk_cursor_new_for_display: assertion 'GDK_IS_DISPLAY (display)' failed
Unable to init server: Could not connect: Connection refused
Unable to init server: Could not connect: Connection refused

(DataCollector_Deterministic.py:9869): Gdk-CRITICAL **: 15:37:25.263: gdk_cursor_new_for_display: assertion 'GDK_IS_DISPLAY (display)' failed
Unable to init server: Could not connect: Connection refused

(DataCollector_Deterministic.py:9079): Gdk-CRITICAL **: 15:37:25.291: gdk_cursor_new_for_display: assertion 'GDK_IS_DISPLAY (display)' failed
Unable to init server: Could not connect: Connection refused
Unable to init server: Could not connect: Connection refused

(DataCollector_Deterministic.py:9302): Gdk-CRITICAL **: 15:37:25.306: gdk_cursor_new_for_display: assertion 'GDK_IS_DISPLAY (display)' failed
Unable to init server: Could not connect: Connection refused

(DataCollector_Deterministic.py:10025): Gdk-CRITICAL **: 15:37:25.315: gdk_cursor_new_for_display: assertion 'GDK_IS_DISPLAY (display)' failed
Unable to init server: Could not connect: Connection refused

(DataCollector_Deterministic.py:9341): Gdk-CRITICAL **: 15:37:25.322: gdk_cursor_new_for_display: assertion 'GDK_IS_DISPLAY (display)' failed
Unable to init server: Could not connect: Connection refused
Unable to init server: Could not connect: Connection refused

(DataCollector_Deterministic.py:9178): Gdk-CRITICAL **: 15:37:25.370: gdk_cursor_new_for_display: assertion 'GDK_IS_DISPLAY (display)' failed
Unable to init server: Could not connect: Connection refused

(DataCollector_Deterministic.py:10027): Gdk-CRITICAL **: 15:37:25.407: gdk_cursor_new_for_display: assertion 'GDK_IS_DISPLAY (display)' failed
Unable to init server: Could not connect: Connection refused
Unable to init server: Could not connect: Connection refused

(DataCollector_Deterministic.py:10649): Gdk-CRITICAL **: 15:37:25.414: gdk_cursor_new_for_display: assertion 'GDK_IS_DISPLAY (display)' failed
Unable to init server: Could not connect: Connection refused

(DataCollector_Deterministic.py:10579): Gdk-CRITICAL **: 15:37:25.424: gdk_cursor_new_for_display: assertion 'GDK_IS_DISPLAY (display)' failed
Unable to init server: Could not connect: Connection refused

(DataCollector_Deterministic.py:9322): Gdk-CRITICAL **: 15:37:25.438: gdk_cursor_new_for_display: assertion 'GDK_IS_DISPLAY (display)' failed
Unable to init server: Could not connect: Connection refused

(DataCollector_Deterministic.py:9851): Gdk-CRITICAL **: 15:37:25.453: gdk_cursor_new_for_display: assertion 'GDK_IS_DISPLAY (display)' failed
Unable to init server: Could not connect: Connection refused

(DataCollector_Deterministic.py:9792): Gdk-CRITICAL **: 15:37:25.459: gdk_cursor_new_for_display: assertion 'GDK_IS_DISPLAY (display)' failed
Unable to init server: Could not connect: Connection refused

(DataCollector_Deterministic.py:10599): Gdk-CRITICAL **: 15:37:25.479: gdk_cursor_new_for_display: assertion 'GDK_IS_DISPLAY (display)' failed
Unable to init server: Could not connect: Connection refused

(DataCollector_Deterministic.py:10223): Gdk-CRITICAL **: 15:37:25.482: gdk_cursor_new_for_display: assertion 'GDK_IS_DISPLAY (display)' failed
Unable to init server: Could not connect: Connection refused

(DataCollector_Deterministic.py:9436): Gdk-CRITICAL **: 15:37:25.517: gdk_cursor_new_for_display: assertion 'GDK_IS_DISPLAY (display)' failed
Unable to init server: Could not connect: Connection refused

(DataCollector_Deterministic.py:10428): Gdk-CRITICAL **: 15:37:25.554: gdk_cursor_new_for_display: assertion 'GDK_IS_DISPLAY (display)' failed
Unable to init server: Could not connect: Connection refused
Unable to init server: Could not connect: Connection refused

(DataCollector_Deterministic.py:10267): Gdk-CRITICAL **: 15:37:25.570: gdk_cursor_new_for_display: assertion 'GDK_IS_DISPLAY (display)' failed
Unable to init server: Could not connect: Connection refused

(DataCollector_Deterministic.py:9716): Gdk-CRITICAL **: 15:37:25.574: gdk_cursor_new_for_display: assertion 'GDK_IS_DISPLAY (display)' failed
Unable to init server: Could not connect: Connection refused
Unable to init server: Could not connect: Connection refused

(DataCollector_Deterministic.py:10059): Gdk-CRITICAL **: 15:37:25.582: gdk_cursor_new_for_display: assertion 'GDK_IS_DISPLAY (display)' failed
Unable to init server: Could not connect: Connection refused

(DataCollector_Deterministic.py:10162): Gdk-CRITICAL **: 15:37:25.606: gdk_cursor_new_for_display: assertion 'GDK_IS_DISPLAY (display)' failed

(DataCollector_Deterministic.py:10299): Gdk-CRITICAL **: 15:37:25.628: gdk_cursor_new_for_display: assertion 'GDK_IS_DISPLAY (display)' failed
Unable to init server: Could not connect: Connection refused
Unable to init server: Could not connect: Connection refused

(DataCollector_Deterministic.py:10084): Gdk-CRITICAL **: 15:37:25.642: gdk_cursor_new_for_display: assertion 'GDK_IS_DISPLAY (display)' failed
Unable to init server: Could not connect: Connection refused

(DataCollector_Deterministic.py:9506): Gdk-CRITICAL **: 15:37:25.646: gdk_cursor_new_for_display: assertion 'GDK_IS_DISPLAY (display)' failed
Unable to init server: Could not connect: Connection refused

(DataCollector_Deterministic.py:9252): Gdk-CRITICAL **: 15:37:25.667: gdk_cursor_new_for_display: assertion 'GDK_IS_DISPLAY (display)' failed
Unable to init server: Could not connect: Connection refused

(DataCollector_Deterministic.py:9751): Gdk-CRITICAL **: 15:37:25.670: gdk_cursor_new_for_display: assertion 'GDK_IS_DISPLAY (display)' failed
Unable to init server: Could not connect: Connection refused

(DataCollector_Deterministic.py:9493): Gdk-CRITICAL **: 15:37:25.674: gdk_cursor_new_for_display: assertion 'GDK_IS_DISPLAY (display)' failed
Unable to init server: Could not connect: Connection refused

(DataCollector_Deterministic.py:9662): Gdk-CRITICAL **: 15:37:25.679: gdk_cursor_new_for_display: assertion 'GDK_IS_DISPLAY (display)' failed
Unable to init server: Could not connect: Connection refused

(DataCollector_Deterministic.py:10663): Gdk-CRITICAL **: 15:37:25.695: gdk_cursor_new_for_display: assertion 'GDK_IS_DISPLAY (display)' failed
Unable to init server: Could not connect: Connection refused

(DataCollector_Deterministic.py:10089): Gdk-CRITICAL **: 15:37:25.702: gdk_cursor_new_for_display: assertion 'GDK_IS_DISPLAY (display)' failed
Unable to init server: Could not connect: Connection refused

(DataCollector_Deterministic.py:9580): Gdk-CRITICAL **: 15:37:25.724: gdk_cursor_new_for_display: assertion 'GDK_IS_DISPLAY (display)' failed
Unable to init server: Could not connect: Connection refused

(DataCollector_Deterministic.py:10518): Gdk-CRITICAL **: 15:37:25.728: gdk_cursor_new_for_display: assertion 'GDK_IS_DISPLAY (display)' failed

(DataCollector_Deterministic.py:9269): Gdk-CRITICAL **: 15:37:25.339: gdk_cursor_new_for_display: assertion 'GDK_IS_DISPLAY (display)' failed
Unable to init server: Could not connect: Connection refused

(DataCollector_Deterministic.py:9405): Gdk-CRITICAL **: 15:37:25.738: gdk_cursor_new_for_display: assertion 'GDK_IS_DISPLAY (display)' failed
Unable to init server: Could not connect: Connection refused

(DataCollector_Deterministic.py:10555): Gdk-CRITICAL **: 15:37:25.758: gdk_cursor_new_for_display: assertion 'GDK_IS_DISPLAY (display)' failed
Unable to init server: Could not connect: Connection refused

(DataCollector_Deterministic.py:10377): Gdk-CRITICAL **: 15:37:25.791: gdk_cursor_new_for_display: assertion 'GDK_IS_DISPLAY (display)' failed
Unable to init server: Could not connect: Connection refused

(DataCollector_Deterministic.py:10152): Gdk-CRITICAL **: 15:37:25.797: gdk_cursor_new_for_display: assertion 'GDK_IS_DISPLAY (display)' failed

(DataCollector_Deterministic.py:10654): Gdk-CRITICAL **: 15:37:25.808: gdk_cursor_new_for_display: assertion 'GDK_IS_DISPLAY (display)' failed
Unable to init server: Could not connect: Connection refused

(DataCollector_Deterministic.py:9285): Gdk-CRITICAL **: 15:37:25.819: gdk_cursor_new_for_display: assertion 'GDK_IS_DISPLAY (display)' failed
Unable to init server: Could not connect: Connection refused

(DataCollector_Deterministic.py:9944): Gdk-CRITICAL **: 15:37:25.822: gdk_cursor_new_for_display: assertion 'GDK_IS_DISPLAY (display)' failed
Unable to init server: Could not connect: Connection refused

(DataCollector_Deterministic.py:9011): Gdk-CRITICAL **: 15:37:25.831: gdk_cursor_new_for_display: assertion 'GDK_IS_DISPLAY (display)' failed
Unable to init server: Could not connect: Connection refused

(DataCollector_Deterministic.py:9648): Gdk-CRITICAL **: 15:37:25.842: gdk_cursor_new_for_display: assertion 'GDK_IS_DISPLAY (display)' failed
Unable to init server: Could not connect: Connection refused

(DataCollector_Deterministic.py:10157): Gdk-CRITICAL **: 15:37:25.847: gdk_cursor_new_for_display: assertion 'GDK_IS_DISPLAY (display)' failed
Unable to init server: Could not connect: Connection refused

(DataCollector_Deterministic.py:10054): Gdk-CRITICAL **: 15:37:25.848: gdk_cursor_new_for_display: assertion 'GDK_IS_DISPLAY (display)' failed
Unable to init server: Could not connect: Connection refused
Unable to init server: Could not connect: Connection refused

(DataCollector_Deterministic.py:9132): Gdk-CRITICAL **: 15:37:25.918: gdk_cursor_new_for_display: assertion 'GDK_IS_DISPLAY (display)' failed
Unable to init server: Could not connect: Connection refused

(DataCollector_Deterministic.py:9205): Gdk-CRITICAL **: 15:37:25.953: gdk_cursor_new_for_display: assertion 'GDK_IS_DISPLAY (display)' failed

(DataCollector_Deterministic.py:9992): Gdk-CRITICAL **: 15:37:25.967: gdk_cursor_new_for_display: assertion 'GDK_IS_DISPLAY (display)' failed

(DataCollector_Deterministic.py:10253): Gdk-CRITICAL **: 15:37:25.984: gdk_cursor_new_for_display: assertion 'GDK_IS_DISPLAY (display)' failed
Unable to init server: Could not connect: Connection refused

(DataCollector_Deterministic.py:10464): Gdk-CRITICAL **: 15:37:26.039: gdk_cursor_new_for_display: assertion 'GDK_IS_DISPLAY (display)' failed

(DataCollector_Deterministic.py:10438): Gdk-CRITICAL **: 15:37:26.043: gdk_cursor_new_for_display: assertion 'GDK_IS_DISPLAY (display)' failed
Unable to init server: Could not connect: Connection refused

(DataCollector_Deterministic.py:9116): Gdk-CRITICAL **: 15:37:26.276: gdk_cursor_new_for_display: assertion 'GDK_IS_DISPLAY (display)' failed
Unable to init server: Could not connect: Connection refused

(DataCollector_Deterministic.py:9023): Gdk-CRITICAL **: 15:37:26.284: gdk_cursor_new_for_display: assertion 'GDK_IS_DISPLAY (display)' failed

(DataCollector_Deterministic.py:10367): Gdk-CRITICAL **: 15:37:26.082: gdk_cursor_new_for_display: assertion 'GDK_IS_DISPLAY (display)' failed
Unable to init server: Could not connect: Connection refused

(DataCollector_Deterministic.py:9042): Gdk-CRITICAL **: 15:37:26.512: gdk_cursor_new_for_display: assertion 'GDK_IS_DISPLAY (display)' failed
Unable to init server: Could not connect: Connection refused

(DataCollector_Deterministic.py:9929): Gdk-CRITICAL **: 15:37:26.533: gdk_cursor_new_for_display: assertion 'GDK_IS_DISPLAY (display)' failed

(DataCollector_Deterministic.py:8974): Gdk-CRITICAL **: 15:37:26.268: gdk_cursor_new_for_display: assertion 'GDK_IS_DISPLAY (display)' failed
Initalising...
Running Sim...
.Initalising...
Running Sim...
.Initalising...
Running Sim...
.Initalising...
Running Sim...
.Initalising...
Running Sim...
.Initalising...
Running Sim...
.Initalising...
Running Sim...
.Initalising...
Running Sim...
.Initalising...
Running Sim...
.Initalising...
Running Sim...

Data Dump...
Initalising...
Running Sim...

Data Dump...
Initalising...
Running Sim...

Data Dump...
....Initalising...
Running Sim...
.Initalising...
Running Sim...

Data Dump...
Initalising...
Running Sim...

Data Dump...
Initalising...
Running Sim...

Data Dump...
Initalising...
Running Sim...

Data Dump...
Initalising...
Running Sim...

Data Dump...
Initalising...
Running Sim...

Data Dump...
Initalising...
Running Sim...

Data Dump...
.Initalising...
Running Sim...
.Initalising...
Running Sim...
.Initalising...
Running Sim...
.Initalising...
Running Sim...
.Initalising...
Running Sim...
.Initalising...
Running Sim...
.Initalising...
Running Sim...
.Initalising...
Running Sim...
.Initalising...
Running Sim...
.Initalising...
Running Sim...
.Initalising...
Running Sim...
.Initalising...
Running Sim...
.Initalising...
Running Sim...
.Initalising...
Running Sim...
.Initalising...
Running Sim...
.Initalising...
Running Sim...
.Initalising...
Running Sim...
.Initalising...
Running Sim...
.Initalising...
Running Sim...
.Initalising...
Running Sim...
.Initalising...
Running Sim...
.Initalising...
Running Sim...
.Initalising...
Running Sim...
.Initalising...
Running Sim...
.Initalising...
Running Sim...
.Initalising...
Running Sim...
.Initalising...
Running Sim...
.Initalising...
Running Sim...
.Initalising...
Running Sim...
.Initalising...
Running Sim...
.Initalising...
Running Sim...
.Initalising...
Running Sim...
.Initalising...
Running Sim...
.Initalising...
Running Sim...
.Initalising...
Running Sim...
.Initalising...
Running Sim...
.Initalising...
Running Sim...
.Initalising...
Running Sim...
.Initalising...
Running Sim...
.Initalising...
Running Sim...
.Initalising...
Running Sim...
.Initalising...
Running Sim...
.Initalising...
Running Sim...
.Initalising...
Running Sim...
.Initalising...
Running Sim...
.Initalising...
Running Sim...
.Initalising...
Running Sim...
.Initalising...
Running Sim...
.Initalising...
Running Sim...
.Initalising...
Running Sim...
.Initalising...
Running Sim...
.Initalising...
Running Sim...
.Initalising...
Running Sim...
.Initalising...
Running Sim...
.Initalising...
Running Sim...
.Initalising...
Running Sim...
.Initalising...
Running Sim...
.Initalising...
Running Sim...
.Initalising...
Running Sim...
.Initalising...
Running Sim...
.Initalising...
Running Sim...
.Initalising...
Running Sim...
.Initalising...
Running Sim...
.Initalising...
Running Sim...
.Initalising...
Running Sim...
.Initalising...
Running Sim...
.Initalising...
Running Sim...
.Initalising...
Running Sim...
.Initalising...
Running Sim...
.Initalising...
Running Sim...
.Initalising...
Running Sim...
.Initalising...
Running Sim...
.Initalising...
Running Sim...
.Initalising...
Running Sim...
.Initalising...
Running Sim...
.Initalising...
Running Sim...
.Initalising...
Running Sim...
.Initalising...
Running Sim...
.Initalising...
Running Sim...
.Initalising...
Running Sim...
..................................................................................................................................................................................................................................................................................................................................................................................................................................................................................................................................................................................................................................................................................................................................................................
[2082 8781]
.......................
[1761 9217]
....
[1743 9252]
....................
[1682 9247]
..............
[2241 8648]
.....
[1880 9073]
..
[2070 8808]
.
[1751 9213]
.
[1875 9006]
..
[8209 2554]
.
[1844 9027]
..
[1912 9017]
.
[1872 9081]
.
[3003 7803]
...
[1930 8895]
.
[2038 8842]
....
[1806 9092]
.
[2009 8857]
.
[2155 8733]
.
[2040 8903]
.
[1738 9212]
.
[2129 8738]
.
[1689 9223]
.
[2079 8806]
.
[2042 8854]
.
[1985 8955]
.
[9488 1035]
.
[2352 8483]
.
[2149 8753]
.
[2148 8717]
.
[2001 8929]
..
[1775 9165]
..
[1851 9051]
.
[2454 8415]
.
[9072 1470]
.
[2281 8594]
.
[1908 9023]
.
[2220 8643]
.
[8680 1807]
.
[1873 9033]
.
[4663 6102]
..
[2487 8370]
.
[2881 7974]
.
[2339 8503]
.
[3125 7660]
.
[2161 8710]
.
[2662 8122]
.
[8404 2020]
.
[9190 1288]
.
[2348 8492]
.
[7808 2748]
.
[3594 7160]
.
[3462 7314]
...
[8184 2409]
..
[8164 2253]
..
[3317 7455]
.
[3327 7497]
..
[7968 2685]
.
[3798 6965]
..
[8050 2480]
.
[3696 7016]
.
[3157 7617]
.
[7642 2801]
.
[8129 2360]
...
[3741 7002]
...
[4939 5775]
.
[5003 5649]
.....
[7273 3271]
..
[4276 6389]
.
[6185 4575]
.
[4258 6387]
.
[3663 6975]
..
[4223 6455]
.
[5543 5175]
.
[7420 3109]
......
[7172 3503]
.
[8365 2117]
....
[6143 4447]
.
[6415 4159]
..
[7408 3084]
....
[5288 5295]
..
[4768 5810]
..
[3843 6832]
.
[6835 3743]
..
[4708 5984]
...
[6938 3646]
..
[7494 2961]
..
[7443 3028]
......
[6019 4588]
.
[5720 4881]
..................................................................................................................................................................................................................................................................................
Data Dump...
....
Data Dump...
...........................
Data Dump...
...........................................................................................................................................................................................................................................................................................
[ 216 3314]
...........
[ 131 3848]
......
[ 107 3844]
...............
[  93 4016]
..
[ 105 3648]
.................
[ 181 3565]
...
[ 173 3420]
........
[ 135 3635]
..
[ 191 3534]
.
[3668   14]
...
[ 160 3524]
...........
[ 140 3557]
.
[ 150 3714]
.......
[ 197 3594]
...
[ 226 3358]
.......
[ 223 3441]
.........
[ 141 3637]
....
[ 208 3530]
...........
[ 217 3383]
..
[ 279 2987]
..
[ 231 3323]
...
[ 349 2855]
..
[ 220 3355]
...
[ 234 3281]
.
[ 221 3514]
.
[ 148 3548]
......
[ 190 3518]
............
[ 242 3167]
.
[3213   31]
.
[ 258 3015]
..
[2798  363]
.....
[ 270 3207]
.
[ 272 3004]
.................
[2985   34]
...
[3234   19]
.....
[ 300 3280]
.......
[ 417 2893]
.......
[ 616 2346]
.
[ 258 3199]
.
[ 252 3194]
......
[ 405 2687]
...
[ 243 3331]
...................
[ 401 2996]
.
[2863   42]
......
[2865  156]
..............
[2848   59]
.
[2769  120]
...
[2801  102]
...
[2760   62]
...
[2880   62]
.
[ 531 2490]
.
[2786  210]
........
[3021   29]
....
[ 523 2825]
..
[ 915 1812]
..
[2674  176]
....
[2594  158]
.
[1095 1922]
.................
[ 742 2253]
...
[2611  147]
..........
[ 758 2128]
......
[ 873 2073]
...
[2649   87]
..
[ 976 1732]
.
[2374  511]
.......
[2663   89]
..
[ 943 1847]
.
[2394  323]
..
[ 701 2238]
......
[1037 1708]
.
[2021  620]
....
[2484  276]
.
[2248  427]
..........
[1630  994]
.
[1339 1225]
..
[1250 1453]
............
[1281 1300]
.............
[1818  716]
.
[1225 1099]
....
[1698 1016]
.
[1778 1193]
...
[1567 1105]
......
[2120  551]
.....
[1580  908]
.
[1993  605]
...............
[1365 1330]
...............
[1065 1507]
...................................................................................................................................................................................................................................
[ 45 213]
.............
[ 53 247]
.....
[ 42 325]
.
[ 37 199]
................................................................
[ 28 140]
......
Data Dump...
.
Data Dump...
.......
[ 48 276]
....
Data Dump...

[ 50 247]
.........
Data Dump...
...
[ 39 247]
......
[ 45 318]
...............
[ 48 179]
......
[ 53 217]
......
[ 62 260]
........
[216   4]
.............
[ 40 207]
......
Data Dump...
.......
[ 61 294]
.........
Data Dump...
....
[ 55 247]
.........
Data Dump...

Data Dump...
..
Data Dump...
...
[ 41 245]
.......
[ 48 141]
..............
Data Dump...
..
[ 40 258]
...
[ 52 245]
..
Data Dump...

[ 44 311]
............
[ 51 245]
.....
Data Dump...
............
Data Dump...
..........
Data Dump...

Data Dump...

[ 44 231]
.
[ 27 185]
.....
[ 54 128]
.
[ 45 190]
...
[ 55 119]
..
[158  49]
......
Data Dump...
...........
[ 55 211]
....
[ 54 148]
.
Data Dump...
........
[149  12]
......
[ 46 130]
.......
Data Dump...
...............
Data Dump...
....
Data Dump...
.
Data Dump...

Data Dump...

[ 46 154]
...
[ 50 251]
..................
[ 48 115]
.
Data Dump...

[ 45 279]
..
[ 60 245]
..
[ 55 182]
......
[158   7]
....
Data Dump...

[ 64 138]
.
[174   3]
..........
Data Dump...
..
[ 59 259]
.
Data Dump...
........
[56 98]
......
Data Dump...
.
Data Dump...
.............
Data Dump...
......
Data Dump...

Data Dump...
.....
[154  16]
......
Data Dump...

[130   6]
...
[146  14]
......
[148  10]
.
[ 66 239]
.
Data Dump...

[123   7]
.
[ 87 159]
...
[75 97]
....
Data Dump...
.
[122   8]
...
Data Dump...
..
[146  25]
......
Data Dump...

Data Dump...
.
[154   6]
.....
[119   9]
............
[128  13]
..
[108  59]
.
Data Dump...
..
Data Dump...
....
[ 63 118]
..
[161   8]
...
Data Dump...
.
Data Dump...
....
Data Dump...
.
[ 88 132]
..
[159  12]
.
[66 81]
.
[73 64]
....
[139  43]
.
Data Dump...
........
[139   6]
.
[121  36]
.
[85 65]
........
[137   8]
..
[84 92]
..
[155  21]
....
[118  22]
..
[151  19]
....
[97 48]
.
[78 67]
.
[83 55]
...
Data Dump...
...
[94 44]
...
Data Dump...
...
Data Dump...
....
[107  27]
.
Data Dump...

Data Dump...
.....
Data Dump...

[83 37]
...
[118  99]
..
Data Dump...
..
[110  50]
.
Data Dump...
..
Data Dump...
.
Data Dump...
...........
[110  35]
.
[140  26]
..
Data Dump...
..
[87 18]
.
[85 19]
...
Data Dump...

[115  26]
......
Data Dump...
.
Data Dump...

Data Dump...
..
Data Dump...
....
[97 46]
.......
Data Dump...
..
Data Dump...
.
Data Dump...
..
Data Dump...
..
Data Dump...
......
[75 57]
....
Data Dump...
.
Data Dump...

Data Dump...
.....
Data Dump...
...
Data Dump...
..
Data Dump...

Data Dump...

Data Dump...
.
Data Dump...

Data Dump...
....
Data Dump...
.
Data Dump...
....
Data Dump...

Data Dump...
.
Data Dump...
.
Data Dump...
....
Data Dump...

Data Dump...
.
Data Dump...

Data Dump...
.
Data Dump...
.
Data Dump...

Data Dump...
Low 1 4
Done
