Unable to init server: Could not connect: Connection refused
Unable to init server: Could not connect: Connection refused

(DataCollector_Deterministic.py:3824960): Gdk-CRITICAL **: 08:46:57.027: gdk_cursor_new_for_display: assertion 'GDK_IS_DISPLAY (display)' failed
Unable to init server: Could not connect: Connection refused
Unable to init server: Could not connect: Connection refused

(DataCollector_Deterministic.py:3824748): Gdk-CRITICAL **: 08:46:58.727: gdk_cursor_new_for_display: assertion 'GDK_IS_DISPLAY (display)' failed
Unable to init server: Could not connect: Connection refused
Unable to init server: Could not connect: Connection refused

(DataCollector_Deterministic.py:3823599): Gdk-CRITICAL **: 08:46:58.941: gdk_cursor_new_for_display: assertion 'GDK_IS_DISPLAY (display)' failed
Unable to init server: Could not connect: Connection refused
Unable to init server: Could not connect: Connection refused
Unable to init server: Could not connect: Connection refused
Unable to init server: Could not connect: Connection refused

(DataCollector_Deterministic.py:3823836): Gdk-CRITICAL **: 08:46:59.339: gdk_cursor_new_for_display: assertion 'GDK_IS_DISPLAY (display)' failed
Unable to init server: Could not connect: Connection refused

(DataCollector_Deterministic.py:3823462): Gdk-CRITICAL **: 08:46:59.375: gdk_cursor_new_for_display: assertion 'GDK_IS_DISPLAY (display)' failed
Unable to init server: Could not connect: Connection refused

(DataCollector_Deterministic.py:3823689): Gdk-CRITICAL **: 08:46:59.400: gdk_cursor_new_for_display: assertion 'GDK_IS_DISPLAY (display)' failed
Unable to init server: Could not connect: Connection refused
Unable to init server: Could not connect: Connection refused

(DataCollector_Deterministic.py:3825048): Gdk-CRITICAL **: 08:46:59.571: gdk_cursor_new_for_display: assertion 'GDK_IS_DISPLAY (display)' failed
Unable to init server: Could not connect: Connection refused
Unable to init server: Could not connect: Connection refused
Unable to init server: Could not connect: Connection refused

(DataCollector_Deterministic.py:3824535): Gdk-CRITICAL **: 08:47:01.751: gdk_cursor_new_for_display: assertion 'GDK_IS_DISPLAY (display)' failed
Unable to init server: Could not connect: Connection refused

(DataCollector_Deterministic.py:3823417): Gdk-CRITICAL **: 08:47:02.067: gdk_cursor_new_for_display: assertion 'GDK_IS_DISPLAY (display)' failed
Unable to init server: Could not connect: Connection refused
Unable to init server: Could not connect: Connection refused
Unable to init server: Could not connect: Connection refused
Unable to init server: Could not connect: Connection refused
Unable to init server: Could not connect: Connection refused
Unable to init server: Could not connect: Connection refused
Unable to init server: Could not connect: Connection refused
Unable to init server: Could not connect: Connection refused
Unable to init server: Could not connect: Connection refused
Unable to init server: Could not connect: Connection refused
Unable to init server: Could not connect: Connection refused

(DataCollector_Deterministic.py:3823399): Gdk-CRITICAL **: 08:47:03.575: gdk_cursor_new_for_display: assertion 'GDK_IS_DISPLAY (display)' failed
Unable to init server: Could not connect: Connection refused

(DataCollector_Deterministic.py:3824650): Gdk-CRITICAL **: 08:47:03.586: gdk_cursor_new_for_display: assertion 'GDK_IS_DISPLAY (display)' failed
Unable to init server: Could not connect: Connection refused

(DataCollector_Deterministic.py:3824559): Gdk-CRITICAL **: 08:47:03.589: gdk_cursor_new_for_display: assertion 'GDK_IS_DISPLAY (display)' failed
Unable to init server: Could not connect: Connection refused

(DataCollector_Deterministic.py:3824970): Gdk-CRITICAL **: 08:47:03.611: gdk_cursor_new_for_display: assertion 'GDK_IS_DISPLAY (display)' failed
Unable to init server: Could not connect: Connection refused

(DataCollector_Deterministic.py:3824196): Gdk-CRITICAL **: 08:47:03.617: gdk_cursor_new_for_display: assertion 'GDK_IS_DISPLAY (display)' failed
Unable to init server: Could not connect: Connection refused

(DataCollector_Deterministic.py:3823552): Gdk-CRITICAL **: 08:47:03.630: gdk_cursor_new_for_display: assertion 'GDK_IS_DISPLAY (display)' failed
Unable to init server: Could not connect: Connection refused

(DataCollector_Deterministic.py:3825116): Gdk-CRITICAL **: 08:47:03.633: gdk_cursor_new_for_display: assertion 'GDK_IS_DISPLAY (display)' failed

(DataCollector_Deterministic.py:3823996): Gdk-CRITICAL **: 08:47:03.640: gdk_cursor_new_for_display: assertion 'GDK_IS_DISPLAY (display)' failed
Unable to init server: Could not connect: Connection refused
Unable to init server: Could not connect: Connection refused

(DataCollector_Deterministic.py:3825197): Gdk-CRITICAL **: 08:47:03.770: gdk_cursor_new_for_display: assertion 'GDK_IS_DISPLAY (display)' failed
Unable to init server: Could not connect: Connection refused
Unable to init server: Could not connect: Connection refused
Unable to init server: Could not connect: Connection refused

(DataCollector_Deterministic.py:3824857): Gdk-CRITICAL **: 08:47:03.936: gdk_cursor_new_for_display: assertion 'GDK_IS_DISPLAY (display)' failed
Unable to init server: Could not connect: Connection refused

(DataCollector_Deterministic.py:3824120): Gdk-CRITICAL **: 08:47:04.084: gdk_cursor_new_for_display: assertion 'GDK_IS_DISPLAY (display)' failed
Unable to init server: Could not connect: Connection refused

(DataCollector_Deterministic.py:3823604): Gdk-CRITICAL **: 08:47:04.153: gdk_cursor_new_for_display: assertion 'GDK_IS_DISPLAY (display)' failed
Unable to init server: Could not connect: Connection refused
Unable to init server: Could not connect: Connection refused
Unable to init server: Could not connect: Connection refused

(DataCollector_Deterministic.py:3824734): Gdk-CRITICAL **: 08:47:13.066: gdk_cursor_new_for_display: assertion 'GDK_IS_DISPLAY (display)' failed
Unable to init server: Could not connect: Connection refused

(DataCollector_Deterministic.py:3823469): Gdk-CRITICAL **: 08:47:14.559: gdk_cursor_new_for_display: assertion 'GDK_IS_DISPLAY (display)' failed
Unable to init server: Could not connect: Connection refused
Unable to init server: Could not connect: Connection refused

(DataCollector_Deterministic.py:3823800): Gdk-CRITICAL **: 08:47:18.107: gdk_cursor_new_for_display: assertion 'GDK_IS_DISPLAY (display)' failed
Unable to init server: Could not connect: Connection refused
Unable to init server: Could not connect: Connection refused
Unable to init server: Could not connect: Connection refused

(DataCollector_Deterministic.py:3824724): Gdk-CRITICAL **: 08:47:19.013: gdk_cursor_new_for_display: assertion 'GDK_IS_DISPLAY (display)' failed
Unable to init server: Could not connect: Connection refused

(DataCollector_Deterministic.py:3824933): Gdk-CRITICAL **: 08:47:19.037: gdk_cursor_new_for_display: assertion 'GDK_IS_DISPLAY (display)' failed
Unable to init server: Could not connect: Connection refused
Unable to init server: Could not connect: Connection refused
Unable to init server: Could not connect: Connection refused
Unable to init server: Could not connect: Connection refused

(DataCollector_Deterministic.py:3825135): Gdk-CRITICAL **: 08:47:19.530: gdk_cursor_new_for_display: assertion 'GDK_IS_DISPLAY (display)' failed
Unable to init server: Could not connect: Connection refused

(DataCollector_Deterministic.py:3824016): Gdk-CRITICAL **: 08:47:19.533: gdk_cursor_new_for_display: assertion 'GDK_IS_DISPLAY (display)' failed
Unable to init server: Could not connect: Connection refused

(DataCollector_Deterministic.py:3824580): Gdk-CRITICAL **: 08:47:19.605: gdk_cursor_new_for_display: assertion 'GDK_IS_DISPLAY (display)' failed
Unable to init server: Could not connect: Connection refused
Unable to init server: Could not connect: Connection refused
Unable to init server: Could not connect: Connection refused
Unable to init server: Could not connect: Connection refused
Unable to init server: Could not connect: Connection refused
Unable to init server: Could not connect: Connection refused
Unable to init server: Could not connect: Connection refused
Unable to init server: Could not connect: Connection refused
Unable to init server: Could not connect: Connection refused
Unable to init server: Could not connect: Connection refused
Unable to init server: Could not connect: Connection refused
Unable to init server: Could not connect: Connection refused
Unable to init server: Could not connect: Connection refused
Unable to init server: Could not connect: Connection refused
Unable to init server: Could not connect: Connection refused
Unable to init server: Could not connect: Connection refused
Unable to init server: Could not connect: Connection refused
Unable to init server: Could not connect: Connection refused
Unable to init server: Could not connect: Connection refused
Unable to init server: Could not connect: Connection refused
Unable to init server: Could not connect: Connection refused
Unable to init server: Could not connect: Connection refused
Unable to init server: Could not connect: Connection refused
Unable to init server: Could not connect: Connection refused
Unable to init server: Could not connect: Connection refused
Unable to init server: Could not connect: Connection refused
Unable to init server: Could not connect: Connection refused
Unable to init server: Could not connect: Connection refused
Unable to init server: Could not connect: Connection refused
Unable to init server: Could not connect: Connection refused
Unable to init server: Could not connect: Connection refused
Unable to init server: Could not connect: Connection refused
Unable to init server: Could not connect: Connection refused
Unable to init server: Could not connect: Connection refused
Unable to init server: Could not connect: Connection refused
Unable to init server: Could not connect: Connection refused
Unable to init server: Could not connect: Connection refused
Unable to init server: Could not connect: Connection refused
Unable to init server: Could not connect: Connection refused
Unable to init server: Could not connect: Connection refused
Unable to init server: Could not connect: Connection refused
Unable to init server: Could not connect: Connection refused
Unable to init server: Could not connect: Connection refused
Unable to init server: Could not connect: Connection refused
Unable to init server: Could not connect: Connection refused
Unable to init server: Could not connect: Connection refused
Unable to init server: Could not connect: Connection refused
Unable to init server: Could not connect: Connection refused
Unable to init server: Could not connect: Connection refused
Unable to init server: Could not connect: Connection refused
Unable to init server: Could not connect: Connection refused
Unable to init server: Could not connect: Connection refused
Unable to init server: Could not connect: Connection refused
Unable to init server: Could not connect: Connection refused
Unable to init server: Could not connect: Connection refused
Unable to init server: Could not connect: Connection refused
Unable to init server: Could not connect: Connection refused
Unable to init server: Could not connect: Connection refused
Unable to init server: Could not connect: Connection refused
Unable to init server: Could not connect: Connection refused
Unable to init server: Could not connect: Connection refused
Unable to init server: Could not connect: Connection refused
Unable to init server: Could not connect: Connection refused
Unable to init server: Could not connect: Connection refused
Unable to init server: Could not connect: Connection refused
Unable to init server: Could not connect: Connection refused
Unable to init server: Could not connect: Connection refused
Unable to init server: Could not connect: Connection refused
Unable to init server: Could not connect: Connection refused
Unable to init server: Could not connect: Connection refused
Unable to init server: Could not connect: Connection refused
Unable to init server: Could not connect: Connection refused

(DataCollector_Deterministic.py:3825149): Gdk-CRITICAL **: 08:47:23.103: gdk_cursor_new_for_display: assertion 'GDK_IS_DISPLAY (display)' failed
Unable to init server: Could not connect: Connection refused

(DataCollector_Deterministic.py:3824781): Gdk-CRITICAL **: 08:47:23.123: gdk_cursor_new_for_display: assertion 'GDK_IS_DISPLAY (display)' failed
Unable to init server: Could not connect: Connection refused

(DataCollector_Deterministic.py:3823433): Gdk-CRITICAL **: 08:47:23.141: gdk_cursor_new_for_display: assertion 'GDK_IS_DISPLAY (display)' failed
Unable to init server: Could not connect: Connection refused

(DataCollector_Deterministic.py:3824350): Gdk-CRITICAL **: 08:47:23.198: gdk_cursor_new_for_display: assertion 'GDK_IS_DISPLAY (display)' failed
Unable to init server: Could not connect: Connection refused

(DataCollector_Deterministic.py:3824148): Gdk-CRITICAL **: 08:47:23.218: gdk_cursor_new_for_display: assertion 'GDK_IS_DISPLAY (display)' failed
Unable to init server: Could not connect: Connection refused

(DataCollector_Deterministic.py:3823773): Gdk-CRITICAL **: 08:47:23.223: gdk_cursor_new_for_display: assertion 'GDK_IS_DISPLAY (display)' failed
Unable to init server: Could not connect: Connection refused

(DataCollector_Deterministic.py:3824305): Gdk-CRITICAL **: 08:47:23.230: gdk_cursor_new_for_display: assertion 'GDK_IS_DISPLAY (display)' failed
Unable to init server: Could not connect: Connection refused

(DataCollector_Deterministic.py:3823675): Gdk-CRITICAL **: 08:47:23.290: gdk_cursor_new_for_display: assertion 'GDK_IS_DISPLAY (display)' failed
Unable to init server: Could not connect: Connection refused

(DataCollector_Deterministic.py:3823845): Gdk-CRITICAL **: 08:47:23.305: gdk_cursor_new_for_display: assertion 'GDK_IS_DISPLAY (display)' failed
Unable to init server: Could not connect: Connection refused

(DataCollector_Deterministic.py:3823642): Gdk-CRITICAL **: 08:47:23.309: gdk_cursor_new_for_display: assertion 'GDK_IS_DISPLAY (display)' failed
Unable to init server: Could not connect: Connection refused

(DataCollector_Deterministic.py:3823868): Gdk-CRITICAL **: 08:47:23.314: gdk_cursor_new_for_display: assertion 'GDK_IS_DISPLAY (display)' failed
Unable to init server: Could not connect: Connection refused

(DataCollector_Deterministic.py:3824985): Gdk-CRITICAL **: 08:47:23.321: gdk_cursor_new_for_display: assertion 'GDK_IS_DISPLAY (display)' failed
Unable to init server: Could not connect: Connection refused

(DataCollector_Deterministic.py:3824247): Gdk-CRITICAL **: 08:47:23.325: gdk_cursor_new_for_display: assertion 'GDK_IS_DISPLAY (display)' failed
Unable to init server: Could not connect: Connection refused

(DataCollector_Deterministic.py:3824236): Gdk-CRITICAL **: 08:47:23.329: gdk_cursor_new_for_display: assertion 'GDK_IS_DISPLAY (display)' failed
Unable to init server: Could not connect: Connection refused

(DataCollector_Deterministic.py:3824424): Gdk-CRITICAL **: 08:47:23.333: gdk_cursor_new_for_display: assertion 'GDK_IS_DISPLAY (display)' failed
Unable to init server: Could not connect: Connection refused

(DataCollector_Deterministic.py:3823979): Gdk-CRITICAL **: 08:47:23.337: gdk_cursor_new_for_display: assertion 'GDK_IS_DISPLAY (display)' failed
Unable to init server: Could not connect: Connection refused

(DataCollector_Deterministic.py:3824642): Gdk-CRITICAL **: 08:47:23.341: gdk_cursor_new_for_display: assertion 'GDK_IS_DISPLAY (display)' failed
Unable to init server: Could not connect: Connection refused

(DataCollector_Deterministic.py:3824978): Gdk-CRITICAL **: 08:47:23.345: gdk_cursor_new_for_display: assertion 'GDK_IS_DISPLAY (display)' failed
Unable to init server: Could not connect: Connection refused

(DataCollector_Deterministic.py:3824092): Gdk-CRITICAL **: 08:47:23.353: gdk_cursor_new_for_display: assertion 'GDK_IS_DISPLAY (display)' failed
Unable to init server: Could not connect: Connection refused

(DataCollector_Deterministic.py:3824404): Gdk-CRITICAL **: 08:47:23.357: gdk_cursor_new_for_display: assertion 'GDK_IS_DISPLAY (display)' failed
Unable to init server: Could not connect: Connection refused

(DataCollector_Deterministic.py:3823453): Gdk-CRITICAL **: 08:47:23.361: gdk_cursor_new_for_display: assertion 'GDK_IS_DISPLAY (display)' failed
Unable to init server: Could not connect: Connection refused

(DataCollector_Deterministic.py:3824366): Gdk-CRITICAL **: 08:47:23.365: gdk_cursor_new_for_display: assertion 'GDK_IS_DISPLAY (display)' failed
Unable to init server: Could not connect: Connection refused

(DataCollector_Deterministic.py:3824550): Gdk-CRITICAL **: 08:47:23.369: gdk_cursor_new_for_display: assertion 'GDK_IS_DISPLAY (display)' failed
Unable to init server: Could not connect: Connection refused

(DataCollector_Deterministic.py:3824394): Gdk-CRITICAL **: 08:47:23.373: gdk_cursor_new_for_display: assertion 'GDK_IS_DISPLAY (display)' failed
Unable to init server: Could not connect: Connection refused

(DataCollector_Deterministic.py:3823723): Gdk-CRITICAL **: 08:47:23.377: gdk_cursor_new_for_display: assertion 'GDK_IS_DISPLAY (display)' failed
Unable to init server: Could not connect: Connection refused

(DataCollector_Deterministic.py:3824878): Gdk-CRITICAL **: 08:47:23.381: gdk_cursor_new_for_display: assertion 'GDK_IS_DISPLAY (display)' failed
Unable to init server: Could not connect: Connection refused

(DataCollector_Deterministic.py:3824687): Gdk-CRITICAL **: 08:47:23.385: gdk_cursor_new_for_display: assertion 'GDK_IS_DISPLAY (display)' failed
Unable to init server: Could not connect: Connection refused

(DataCollector_Deterministic.py:3824615): Gdk-CRITICAL **: 08:47:23.389: gdk_cursor_new_for_display: assertion 'GDK_IS_DISPLAY (display)' failed
Unable to init server: Could not connect: Connection refused

(DataCollector_Deterministic.py:3823907): Gdk-CRITICAL **: 08:47:23.393: gdk_cursor_new_for_display: assertion 'GDK_IS_DISPLAY (display)' failed
Unable to init server: Could not connect: Connection refused

(DataCollector_Deterministic.py:3825178): Gdk-CRITICAL **: 08:47:23.397: gdk_cursor_new_for_display: assertion 'GDK_IS_DISPLAY (display)' failed
Unable to init server: Could not connect: Connection refused

(DataCollector_Deterministic.py:3825129): Gdk-CRITICAL **: 08:47:23.401: gdk_cursor_new_for_display: assertion 'GDK_IS_DISPLAY (display)' failed
Unable to init server: Could not connect: Connection refused

(DataCollector_Deterministic.py:3823925): Gdk-CRITICAL **: 08:47:23.405: gdk_cursor_new_for_display: assertion 'GDK_IS_DISPLAY (display)' failed
Unable to init server: Could not connect: Connection refused

(DataCollector_Deterministic.py:3825183): Gdk-CRITICAL **: 08:47:23.409: gdk_cursor_new_for_display: assertion 'GDK_IS_DISPLAY (display)' failed
Unable to init server: Could not connect: Connection refused

(DataCollector_Deterministic.py:3825142): Gdk-CRITICAL **: 08:47:23.413: gdk_cursor_new_for_display: assertion 'GDK_IS_DISPLAY (display)' failed
Unable to init server: Could not connect: Connection refused

(DataCollector_Deterministic.py:3824276): Gdk-CRITICAL **: 08:47:23.417: gdk_cursor_new_for_display: assertion 'GDK_IS_DISPLAY (display)' failed
Unable to init server: Could not connect: Connection refused

(DataCollector_Deterministic.py:3825220): Gdk-CRITICAL **: 08:47:23.421: gdk_cursor_new_for_display: assertion 'GDK_IS_DISPLAY (display)' failed
Unable to init server: Could not connect: Connection refused

(DataCollector_Deterministic.py:3825030): Gdk-CRITICAL **: 08:47:23.429: gdk_cursor_new_for_display: assertion 'GDK_IS_DISPLAY (display)' failed
Unable to init server: Could not connect: Connection refused

(DataCollector_Deterministic.py:3823384): Gdk-CRITICAL **: 08:47:23.433: gdk_cursor_new_for_display: assertion 'GDK_IS_DISPLAY (display)' failed
Unable to init server: Could not connect: Connection refused

(DataCollector_Deterministic.py:3823947): Gdk-CRITICAL **: 08:47:23.437: gdk_cursor_new_for_display: assertion 'GDK_IS_DISPLAY (display)' failed
Unable to init server: Could not connect: Connection refused

(DataCollector_Deterministic.py:3825210): Gdk-CRITICAL **: 08:47:23.440: gdk_cursor_new_for_display: assertion 'GDK_IS_DISPLAY (display)' failed
Unable to init server: Could not connect: Connection refused

(DataCollector_Deterministic.py:3824169): Gdk-CRITICAL **: 08:47:23.445: gdk_cursor_new_for_display: assertion 'GDK_IS_DISPLAY (display)' failed
Unable to init server: Could not connect: Connection refused

(DataCollector_Deterministic.py:3825162): Gdk-CRITICAL **: 08:47:23.449: gdk_cursor_new_for_display: assertion 'GDK_IS_DISPLAY (display)' failed
Unable to init server: Could not connect: Connection refused

(DataCollector_Deterministic.py:3824043): Gdk-CRITICAL **: 08:47:23.453: gdk_cursor_new_for_display: assertion 'GDK_IS_DISPLAY (display)' failed
Unable to init server: Could not connect: Connection refused

(DataCollector_Deterministic.py:3823878): Gdk-CRITICAL **: 08:47:23.457: gdk_cursor_new_for_display: assertion 'GDK_IS_DISPLAY (display)' failed
Unable to init server: Could not connect: Connection refused

(DataCollector_Deterministic.py:3823657): Gdk-CRITICAL **: 08:47:23.461: gdk_cursor_new_for_display: assertion 'GDK_IS_DISPLAY (display)' failed
Unable to init server: Could not connect: Connection refused

(DataCollector_Deterministic.py:3823367): Gdk-CRITICAL **: 08:47:23.465: gdk_cursor_new_for_display: assertion 'GDK_IS_DISPLAY (display)' failed
Unable to init server: Could not connect: Connection refused

(DataCollector_Deterministic.py:3824174): Gdk-CRITICAL **: 08:47:23.469: gdk_cursor_new_for_display: assertion 'GDK_IS_DISPLAY (display)' failed
Unable to init server: Could not connect: Connection refused

(DataCollector_Deterministic.py:3825106): Gdk-CRITICAL **: 08:47:23.473: gdk_cursor_new_for_display: assertion 'GDK_IS_DISPLAY (display)' failed
Unable to init server: Could not connect: Connection refused

(DataCollector_Deterministic.py:3824758): Gdk-CRITICAL **: 08:47:23.477: gdk_cursor_new_for_display: assertion 'GDK_IS_DISPLAY (display)' failed
Unable to init server: Could not connect: Connection refused

(DataCollector_Deterministic.py:3824068): Gdk-CRITICAL **: 08:47:23.479: gdk_cursor_new_for_display: assertion 'GDK_IS_DISPLAY (display)' failed
Unable to init server: Could not connect: Connection refused

(DataCollector_Deterministic.py:3823502): Gdk-CRITICAL **: 08:47:23.485: gdk_cursor_new_for_display: assertion 'GDK_IS_DISPLAY (display)' failed
Unable to init server: Could not connect: Connection refused

(DataCollector_Deterministic.py:3825082): Gdk-CRITICAL **: 08:47:23.493: gdk_cursor_new_for_display: assertion 'GDK_IS_DISPLAY (display)' failed
Unable to init server: Could not connect: Connection refused

(DataCollector_Deterministic.py:3824807): Gdk-CRITICAL **: 08:47:23.497: gdk_cursor_new_for_display: assertion 'GDK_IS_DISPLAY (display)' failed
Unable to init server: Could not connect: Connection refused

(DataCollector_Deterministic.py:3824993): Gdk-CRITICAL **: 08:47:23.501: gdk_cursor_new_for_display: assertion 'GDK_IS_DISPLAY (display)' failed
Unable to init server: Could not connect: Connection refused

(DataCollector_Deterministic.py:3824437): Gdk-CRITICAL **: 08:47:23.505: gdk_cursor_new_for_display: assertion 'GDK_IS_DISPLAY (display)' failed
Unable to init server: Could not connect: Connection refused

(DataCollector_Deterministic.py:3824596): Gdk-CRITICAL **: 08:47:23.509: gdk_cursor_new_for_display: assertion 'GDK_IS_DISPLAY (display)' failed
Unable to init server: Could not connect: Connection refused

(DataCollector_Deterministic.py:3823352): Gdk-CRITICAL **: 08:47:23.513: gdk_cursor_new_for_display: assertion 'GDK_IS_DISPLAY (display)' failed
Unable to init server: Could not connect: Connection refused

(DataCollector_Deterministic.py:3823585): Gdk-CRITICAL **: 08:47:23.517: gdk_cursor_new_for_display: assertion 'GDK_IS_DISPLAY (display)' failed
Unable to init server: Could not connect: Connection refused

(DataCollector_Deterministic.py:3824373): Gdk-CRITICAL **: 08:47:23.520: gdk_cursor_new_for_display: assertion 'GDK_IS_DISPLAY (display)' failed
Unable to init server: Could not connect: Connection refused

(DataCollector_Deterministic.py:3823751): Gdk-CRITICAL **: 08:47:23.529: gdk_cursor_new_for_display: assertion 'GDK_IS_DISPLAY (display)' failed
Unable to init server: Could not connect: Connection refused

(DataCollector_Deterministic.py:3823486): Gdk-CRITICAL **: 08:47:23.533: gdk_cursor_new_for_display: assertion 'GDK_IS_DISPLAY (display)' failed
Unable to init server: Could not connect: Connection refused

(DataCollector_Deterministic.py:3824130): Gdk-CRITICAL **: 08:47:23.537: gdk_cursor_new_for_display: assertion 'GDK_IS_DISPLAY (display)' failed
Unable to init server: Could not connect: Connection refused

(DataCollector_Deterministic.py:3823443): Gdk-CRITICAL **: 08:47:23.541: gdk_cursor_new_for_display: assertion 'GDK_IS_DISPLAY (display)' failed
Unable to init server: Could not connect: Connection refused

(DataCollector_Deterministic.py:3824216): Gdk-CRITICAL **: 08:47:23.545: gdk_cursor_new_for_display: assertion 'GDK_IS_DISPLAY (display)' failed
Unable to init server: Could not connect: Connection refused

(DataCollector_Deterministic.py:3825063): Gdk-CRITICAL **: 08:47:23.549: gdk_cursor_new_for_display: assertion 'GDK_IS_DISPLAY (display)' failed
Unable to init server: Could not connect: Connection refused

(DataCollector_Deterministic.py:3824835): Gdk-CRITICAL **: 08:47:23.557: gdk_cursor_new_for_display: assertion 'GDK_IS_DISPLAY (display)' failed
Unable to init server: Could not connect: Connection refused

(DataCollector_Deterministic.py:3825172): Gdk-CRITICAL **: 08:47:23.565: gdk_cursor_new_for_display: assertion 'GDK_IS_DISPLAY (display)' failed
Unable to init server: Could not connect: Connection refused

(DataCollector_Deterministic.py:3824340): Gdk-CRITICAL **: 08:47:23.567: gdk_cursor_new_for_display: assertion 'GDK_IS_DISPLAY (display)' failed
Unable to init server: Could not connect: Connection refused

(DataCollector_Deterministic.py:3824842): Gdk-CRITICAL **: 08:47:23.581: gdk_cursor_new_for_display: assertion 'GDK_IS_DISPLAY (display)' failed
Unable to init server: Could not connect: Connection refused

(DataCollector_Deterministic.py:3824525): Gdk-CRITICAL **: 08:47:23.585: gdk_cursor_new_for_display: assertion 'GDK_IS_DISPLAY (display)' failed
Unable to init server: Could not connect: Connection refused

(DataCollector_Deterministic.py:3823521): Gdk-CRITICAL **: 08:47:23.865: gdk_cursor_new_for_display: assertion 'GDK_IS_DISPLAY (display)' failed
Initalising...
Running Sim...

Data Dump...
Initalising...
Running Sim...
.Initalising...
Running Sim...
.Initalising...
Running Sim...
.Initalising...
Running Sim...
.Initalising...
Running Sim...
.Initalising...
Running Sim...
.Initalising...
Running Sim...
.Initalising...
Running Sim...

Data Dump...
Initalising...
Running Sim...

Data Dump...
Initalising...
Running Sim...
.Initalising...
Running Sim...
.Initalising...
Running Sim...

Data Dump...
Initalising...
Running Sim...
.Initalising...
Running Sim...
.Initalising...
Running Sim...
.Initalising...
Running Sim...
.Initalising...
Running Sim...
.Initalising...
Running Sim...
.Initalising...
Running Sim...
.Initalising...
Running Sim...
.Initalising...
Running Sim...
.Initalising...
Running Sim...
.Initalising...
Running Sim...
.Initalising...
Running Sim...
.Initalising...
Running Sim...
.Initalising...
Running Sim...
.Initalising...
Running Sim...
.Initalising...
Running Sim...
.Initalising...
Running Sim...
.Initalising...
Running Sim...
.Initalising...
Running Sim...
.Initalising...
Running Sim...
.Initalising...
Running Sim...
.Initalising...
Running Sim...
.Initalising...
Running Sim...
..Initalising...
Running Sim...
.Initalising...
Running Sim...
.Initalising...
Running Sim...
.Initalising...
Running Sim...
.Initalising...
Running Sim...
.Initalising...
Running Sim...
.Initalising...
Running Sim...
.Initalising...
Running Sim...
..Initalising...
Running Sim...
.Initalising...
Running Sim...
.Initalising...
Running Sim...
.Initalising...
Running Sim...
.Initalising...
Running Sim...
.Initalising...
Running Sim...
.Initalising...
Running Sim...
.Initalising...
Running Sim...
.Initalising...
Running Sim...
.Initalising...
Running Sim...
.Initalising...
Running Sim...
.Initalising...
Running Sim...
.Initalising...
Running Sim...
.Initalising...
Running Sim...
.Initalising...
Running Sim...
.Initalising...
Running Sim...
.Initalising...
Running Sim...
.Initalising...
Running Sim...
.Initalising...
Running Sim...
.Initalising...
Running Sim...
.Initalising...
Running Sim...
.Initalising...
Running Sim...
.Initalising...
Running Sim...
.Initalising...
Running Sim...
.Initalising...
Running Sim...
.Initalising...
Running Sim...
.Initalising...
Running Sim...
.Initalising...
Running Sim...
.Initalising...
Running Sim...
.Initalising...
Running Sim...
.Initalising...
Running Sim...
.Initalising...
Running Sim...
.Initalising...
Running Sim...
.Initalising...
Running Sim...
..Initalising...
Running Sim...
.Initalising...
Running Sim...
.Initalising...
Running Sim...
...Initalising...
Running Sim...
.............................................................................................................................................................................................................................................................................................................................................................................................................................................................................................................................................................................................................................................................
[8998 1810]
...
[8921 1934]
..........
[1769 9042]
..
[1744 9020]
..
[1678 9056]
...................
[9343 1203]
.....
[1732 9048]
..
[1679 9083]
.........
[1706 9045]
.........
[1704 9100]
....
[2361 8371]
.
[8884 1842]
.
[1689 9072]
.
[8564 2174]
...
[9217 1449]
....
[9332 1173]
.
[9116 1391]
....
[8821 1792]
...
[9246 1301]
..
[9243 1256]
.
[9084 1582]
.
[9187 1288]
.
[9268 1152]
.
[9231 1273]
.
[8245 2477]
.
[9149 1382]
..
[9467  985]
.
[9206 1326]
.
[9112 1440]
.
[8430 2268]
...
[9003 1498]
.
[8869 1660]
.
[9276 1188]
.
[8956 1580]
..
[2823 7907]
.
[9399 1004]
.
[2779 7949]
..
[7382 3291]
.
[7178 3469]
.
[8963 1553]
.
[8945 1516]
.
[8308 2312]
.
[7939 2705]
..
[8994 1466]
.
[4107 6604]
.
[3051 7605]
.
[9369 1019]
..
[8818 1680]
.
[7515 3127]
.
[3289 7413]
..
[3488 7198]
..
[7395 3271]
.
[8105 2444]
.
[8152 2397]
....
[7973 2582]
.
[6049 4644]
.
[7747 2802]
.
[3891 6810]
..
[6495 4238]
.....
[8127 2370]
.
[3585 7098]
.
[7798 2784]
.
[6451 4179]
.
[6065 4674]
.
[6344 4320]
.
[6994 3653]
..
[7285 3358]
......
[7593 2923]
.
[5105 5567]
..
[4934 5724]
.
[4760 5926]
....
[7899 2605]
.....
[5389 5236]
..
[7517 3032]
...
[6748 3807]
...
[4567 6068]
...
[6789 3774]
.......
[5731 4869]
..........................................................................................................................................................................................................
Data Dump...
................
Data Dump...
.....
Data Dump...
.....
Data Dump...

Data Dump...
....
Data Dump...
............
Data Dump...
.......
Data Dump...
....
Data Dump...
...
Data Dump...
.................
Data Dump...
.
Data Dump...
...................................................................................................................................................................................
[3598    9]
.................................
[3491   46]
.............................
[3326   18]
.
[3428   32]
........
[3399    9]
..............
[3250   52]
......
[3201   25]
.......
[3281   35]
...
[3226   11]
..
[3039  164]
.
[3227   27]
.
[3240   17]
....
[3219   11]
..
[3149   33]
...
[3149   57]
.........
[3056  107]
.........
[2884  245]
.
[3155    9]
......
[ 293 2895]
......................
[3060   31]
........
[3029   64]
....
[3030   34]
.....
[3051   50]
......
[3051   48]
............
[3018   31]
...........
[2689  368]
....
[2937   54]
..
[2828  263]
.........
[ 385 2848]
......
[ 312 2899]
........
[2816  185]
...........
[2707  192]
.....
[2698  129]
...
[2688  165]
.
[2646  325]
.......
[2626  191]
......
[2542  240]
...
[ 523 2533]
..
[2266  635]
..
[ 549 2516]
........
[2401  503]
......
[2253  586]
......
[2546  226]
.
[ 556 2273]
...
[2193  607]
....
[2542  311]
....
[ 665 2361]
.
[2651  128]
..
[ 720 2295]
..
[2294  507]
...
[ 635 2382]
.....
[1772 1065]
.....
[1613 1295]
...
[2108  786]
....
[1992  747]
.
[2387  337]
...
[1777 1079]
..............
[1499 1385]
.....
[2186  540]
.....
[208   8]

Data Dump...
..
[1262 1640]
.
[1133 1742]
.........
[1543 1165]
.
[2198  530]
......
[1146 1667]
..........................
[1171 1531]
............
[1738  919]
........................
[210  18]

Data Dump...
.....................................................................................
[191   5]

Data Dump...
...........
[190   7]
........
[183  13]
........
Data Dump...
.......
Data Dump...
...........
[184  17]
............
Data Dump...
..........
[172   9]
.....
[150   7]
.....
[207   7]
........
[179   2]
....
Data Dump...
.
[184   9]
...
[181  38]
..
[155  18]
.
Data Dump...
..
Data Dump...
...
[168  16]
......
Data Dump...
.....
Data Dump...

Data Dump...
.
[147   2]
..
Data Dump...
..
Data Dump...
.
[159  27]
.............
Data Dump...
...
[159  52]
......
Data Dump...
.......
[158   2]
....
[ 49 192]
...............
Data Dump...
...
Data Dump...
..........
Data Dump...
....
[143   8]
..............
[146  16]
.
[142  11]
....................
[152   5]
....
Data Dump...

[151  12]
...............
Data Dump...

Data Dump...
..
[154  10]
.
[ 69 226]
..........
[154  59]
..
Data Dump...

Data Dump...
...........
[141  36]
.
[143  14]
.......
[ 40 198]
..
Data Dump...
..
Data Dump...
.....
Data Dump...
....................
[166  26]
..
Data Dump...

Data Dump...

[139  22]
..
Data Dump...
..
[148  21]
...........
[133  55]
.
[167  25]
....
[ 51 206]
..
[135  16]
.
[ 59 191]
.
[153  25]
........
Data Dump...
.......
[145  61]
.
[154  58]
....
[110  76]
.
Data Dump...
......
Data Dump...
......
[ 60 128]
.
[ 69 204]
.
Data Dump...

Data Dump...

[ 70 183]
.
Data Dump...

Data Dump...

[127  57]
.......
[113  25]
.
Data Dump...

Data Dump...
.
[ 71 183]
...
[146  35]
...
[102 126]
.
[132  57]
.
[148  15]
..
[102  90]
.
Data Dump...
...
Data Dump...
...
Data Dump...
..
Data Dump...

[126  89]
..
[116 107]
..
[117  60]
.
Data Dump...

Data Dump...
.......
Data Dump...

Data Dump...
.
[112  35]
..
[ 94 135]
.
[135  38]
.
Data Dump...

[ 91 133]
.
[102 138]
...
Data Dump...
.
Data Dump...
.
Data Dump...

Data Dump...
.
Data Dump...

[102  64]
.
[103 110]
..
Data Dump...

Data Dump...
....
[119  27]
.
Data Dump...
.
Data Dump...

Data Dump...

Data Dump...
...
Data Dump...

Data Dump...
.
[73 68]
.
Data Dump...
.
Data Dump...
.
[107  49]
.
Data Dump...
...
Data Dump...
.
Data Dump...
No 1 5
Done
slurmstepd-phcompute025: error: Detected 18 oom-kill event(s) in StepId=824560.batch. Some of your processes may have been killed by the cgroup out-of-memory handler.
