Unable to init server: Could not connect: Connection refused
Unable to init server: Could not connect: Connection refused

(DataCollector_Deterministic.py:1854492): Gdk-CRITICAL **: 15:34:45.624: gdk_cursor_new_for_display: assertion 'GDK_IS_DISPLAY (display)' failed
Unable to init server: Could not connect: Connection refused
Unable to init server: Could not connect: Connection refused
Unable to init server: Could not connect: Connection refused

(DataCollector_Deterministic.py:1853593): Gdk-CRITICAL **: 15:34:57.963: gdk_cursor_new_for_display: assertion 'GDK_IS_DISPLAY (display)' failed
Unable to init server: Could not connect: Connection refused

(DataCollector_Deterministic.py:1852958): Gdk-CRITICAL **: 15:34:58.711: gdk_cursor_new_for_display: assertion 'GDK_IS_DISPLAY (display)' failed
Unable to init server: Could not connect: Connection refused
Unable to init server: Could not connect: Connection refused
Unable to init server: Could not connect: Connection refused
Unable to init server: Could not connect: Connection refused

(DataCollector_Deterministic.py:1853865): Gdk-CRITICAL **: 15:35:01.317: gdk_cursor_new_for_display: assertion 'GDK_IS_DISPLAY (display)' failed
Unable to init server: Could not connect: Connection refused
Unable to init server: Could not connect: Connection refused
Unable to init server: Could not connect: Connection refused
Unable to init server: Could not connect: Connection refused
Unable to init server: Could not connect: Connection refused

(DataCollector_Deterministic.py:1854469): Gdk-CRITICAL **: 15:35:02.397: gdk_cursor_new_for_display: assertion 'GDK_IS_DISPLAY (display)' failed
Unable to init server: Could not connect: Connection refused
Unable to init server: Could not connect: Connection refused
Unable to init server: Could not connect: Connection refused
Unable to init server: Could not connect: Connection refused
Unable to init server: Could not connect: Connection refused
Unable to init server: Could not connect: Connection refused
Unable to init server: Could not connect: Connection refused
Unable to init server: Could not connect: Connection refused
Unable to init server: Could not connect: Connection refused

(DataCollector_Deterministic.py:1854343): Gdk-CRITICAL **: 15:35:03.207: gdk_cursor_new_for_display: assertion 'GDK_IS_DISPLAY (display)' failed
Unable to init server: Could not connect: Connection refused
Unable to init server: Could not connect: Connection refused
Unable to init server: Could not connect: Connection refused

(DataCollector_Deterministic.py:1854549): Gdk-CRITICAL **: 15:35:03.673: gdk_cursor_new_for_display: assertion 'GDK_IS_DISPLAY (display)' failed
Unable to init server: Could not connect: Connection refused

(DataCollector_Deterministic.py:1854208): Gdk-CRITICAL **: 15:35:04.006: gdk_cursor_new_for_display: assertion 'GDK_IS_DISPLAY (display)' failed
Unable to init server: Could not connect: Connection refused
Unable to init server: Could not connect: Connection refused
Unable to init server: Could not connect: Connection refused

(DataCollector_Deterministic.py:1854519): Gdk-CRITICAL **: 15:35:04.117: gdk_cursor_new_for_display: assertion 'GDK_IS_DISPLAY (display)' failed
Unable to init server: Could not connect: Connection refused

(DataCollector_Deterministic.py:1853451): Gdk-CRITICAL **: 15:35:04.378: gdk_cursor_new_for_display: assertion 'GDK_IS_DISPLAY (display)' failed
Unable to init server: Could not connect: Connection refused

(DataCollector_Deterministic.py:1852987): Gdk-CRITICAL **: 15:35:04.705: gdk_cursor_new_for_display: assertion 'GDK_IS_DISPLAY (display)' failed
Unable to init server: Could not connect: Connection refused

(DataCollector_Deterministic.py:1852757): Gdk-CRITICAL **: 15:35:04.708: gdk_cursor_new_for_display: assertion 'GDK_IS_DISPLAY (display)' failed
Unable to init server: Could not connect: Connection refused

(DataCollector_Deterministic.py:1852754): Gdk-CRITICAL **: 15:35:04.793: gdk_cursor_new_for_display: assertion 'GDK_IS_DISPLAY (display)' failed
Unable to init server: Could not connect: Connection refused
Unable to init server: Could not connect: Connection refused

(DataCollector_Deterministic.py:1852834): Gdk-CRITICAL **: 15:35:04.903: gdk_cursor_new_for_display: assertion 'GDK_IS_DISPLAY (display)' failed
Unable to init server: Could not connect: Connection refused

(DataCollector_Deterministic.py:1853997): Gdk-CRITICAL **: 15:35:04.929: gdk_cursor_new_for_display: assertion 'GDK_IS_DISPLAY (display)' failed
Unable to init server: Could not connect: Connection refused

(DataCollector_Deterministic.py:1852931): Gdk-CRITICAL **: 15:35:05.027: gdk_cursor_new_for_display: assertion 'GDK_IS_DISPLAY (display)' failed
Unable to init server: Could not connect: Connection refused

(DataCollector_Deterministic.py:1853337): Gdk-CRITICAL **: 15:35:05.126: gdk_cursor_new_for_display: assertion 'GDK_IS_DISPLAY (display)' failed

(DataCollector_Deterministic.py:1854001): Gdk-CRITICAL **: 15:35:05.255: gdk_cursor_new_for_display: assertion 'GDK_IS_DISPLAY (display)' failed
Unable to init server: Could not connect: Connection refused

(DataCollector_Deterministic.py:1853549): Gdk-CRITICAL **: 15:35:05.389: gdk_cursor_new_for_display: assertion 'GDK_IS_DISPLAY (display)' failed
Unable to init server: Could not connect: Connection refused

(DataCollector_Deterministic.py:1853747): Gdk-CRITICAL **: 15:35:05.762: gdk_cursor_new_for_display: assertion 'GDK_IS_DISPLAY (display)' failed
Unable to init server: Could not connect: Connection refused

(DataCollector_Deterministic.py:1854187): Gdk-CRITICAL **: 15:35:05.769: gdk_cursor_new_for_display: assertion 'GDK_IS_DISPLAY (display)' failed
Unable to init server: Could not connect: Connection refused

(DataCollector_Deterministic.py:1854115): Gdk-CRITICAL **: 15:35:06.125: gdk_cursor_new_for_display: assertion 'GDK_IS_DISPLAY (display)' failed
Unable to init server: Could not connect: Connection refused
Unable to init server: Could not connect: Connection refused
Unable to init server: Could not connect: Connection refused
Unable to init server: Could not connect: Connection refused
Unable to init server: Could not connect: Connection refused
Unable to init server: Could not connect: Connection refused
Unable to init server: Could not connect: Connection refused
Unable to init server: Could not connect: Connection refused
Unable to init server: Could not connect: Connection refused
Unable to init server: Could not connect: Connection refused
Unable to init server: Could not connect: Connection refused
Unable to init server: Could not connect: Connection refused
Unable to init server: Could not connect: Connection refused
Unable to init server: Could not connect: Connection refused
Unable to init server: Could not connect: Connection refused
Unable to init server: Could not connect: Connection refused
Unable to init server: Could not connect: Connection refused
Unable to init server: Could not connect: Connection refused
Unable to init server: Could not connect: Connection refused
Unable to init server: Could not connect: Connection refused
Unable to init server: Could not connect: Connection refused

(DataCollector_Deterministic.py:1853233): Gdk-CRITICAL **: 15:35:08.517: gdk_cursor_new_for_display: assertion 'GDK_IS_DISPLAY (display)' failed
Unable to init server: Could not connect: Connection refused

(DataCollector_Deterministic.py:1853099): Gdk-CRITICAL **: 15:35:08.725: gdk_cursor_new_for_display: assertion 'GDK_IS_DISPLAY (display)' failed
Unable to init server: Could not connect: Connection refused

(DataCollector_Deterministic.py:1852742): Gdk-CRITICAL **: 15:35:09.152: gdk_cursor_new_for_display: assertion 'GDK_IS_DISPLAY (display)' failed
Unable to init server: Could not connect: Connection refused

(DataCollector_Deterministic.py:1853817): Gdk-CRITICAL **: 15:35:09.156: gdk_cursor_new_for_display: assertion 'GDK_IS_DISPLAY (display)' failed
Unable to init server: Could not connect: Connection refused
Unable to init server: Could not connect: Connection refused
Unable to init server: Could not connect: Connection refused

(DataCollector_Deterministic.py:1853625): Gdk-CRITICAL **: 15:35:09.527: gdk_cursor_new_for_display: assertion 'GDK_IS_DISPLAY (display)' failed
Unable to init server: Could not connect: Connection refused

(DataCollector_Deterministic.py:1852604): Gdk-CRITICAL **: 15:35:09.574: gdk_cursor_new_for_display: assertion 'GDK_IS_DISPLAY (display)' failed
Unable to init server: Could not connect: Connection refused

(DataCollector_Deterministic.py:1853082): Gdk-CRITICAL **: 15:35:09.610: gdk_cursor_new_for_display: assertion 'GDK_IS_DISPLAY (display)' failed
Unable to init server: Could not connect: Connection refused

(DataCollector_Deterministic.py:1852905): Gdk-CRITICAL **: 15:35:09.620: gdk_cursor_new_for_display: assertion 'GDK_IS_DISPLAY (display)' failed
Unable to init server: Could not connect: Connection refused

(DataCollector_Deterministic.py:1854154): Gdk-CRITICAL **: 15:35:09.670: gdk_cursor_new_for_display: assertion 'GDK_IS_DISPLAY (display)' failed

(DataCollector_Deterministic.py:1853422): Gdk-CRITICAL **: 15:35:09.719: gdk_cursor_new_for_display: assertion 'GDK_IS_DISPLAY (display)' failed
Unable to init server: Could not connect: Connection refused

(DataCollector_Deterministic.py:1854037): Gdk-CRITICAL **: 15:35:09.795: gdk_cursor_new_for_display: assertion 'GDK_IS_DISPLAY (display)' failed
Unable to init server: Could not connect: Connection refused
Unable to init server: Could not connect: Connection refused

(DataCollector_Deterministic.py:1852663): Gdk-CRITICAL **: 15:35:09.841: gdk_cursor_new_for_display: assertion 'GDK_IS_DISPLAY (display)' failed
Unable to init server: Could not connect: Connection refused

(DataCollector_Deterministic.py:1854052): Gdk-CRITICAL **: 15:35:09.850: gdk_cursor_new_for_display: assertion 'GDK_IS_DISPLAY (display)' failed
Unable to init server: Could not connect: Connection refused

(DataCollector_Deterministic.py:1853491): Gdk-CRITICAL **: 15:35:09.882: gdk_cursor_new_for_display: assertion 'GDK_IS_DISPLAY (display)' failed
Unable to init server: Could not connect: Connection refused
Unable to init server: Could not connect: Connection refused

(DataCollector_Deterministic.py:1853365): Gdk-CRITICAL **: 15:35:09.976: gdk_cursor_new_for_display: assertion 'GDK_IS_DISPLAY (display)' failed
Unable to init server: Could not connect: Connection refused
Unable to init server: Could not connect: Connection refused

(DataCollector_Deterministic.py:1852682): Gdk-CRITICAL **: 15:35:10.050: gdk_cursor_new_for_display: assertion 'GDK_IS_DISPLAY (display)' failed
Unable to init server: Could not connect: Connection refused

(DataCollector_Deterministic.py:1854514): Gdk-CRITICAL **: 15:35:10.075: gdk_cursor_new_for_display: assertion 'GDK_IS_DISPLAY (display)' failed
Unable to init server: Could not connect: Connection refused

(DataCollector_Deterministic.py:1854164): Gdk-CRITICAL **: 15:35:10.149: gdk_cursor_new_for_display: assertion 'GDK_IS_DISPLAY (display)' failed
Unable to init server: Could not connect: Connection refused

(DataCollector_Deterministic.py:1854507): Gdk-CRITICAL **: 15:35:10.161: gdk_cursor_new_for_display: assertion 'GDK_IS_DISPLAY (display)' failed
Unable to init server: Could not connect: Connection refused
Unable to init server: Could not connect: Connection refused

(DataCollector_Deterministic.py:1853324): Gdk-CRITICAL **: 15:35:10.226: gdk_cursor_new_for_display: assertion 'GDK_IS_DISPLAY (display)' failed
Unable to init server: Could not connect: Connection refused
Unable to init server: Could not connect: Connection refused
Unable to init server: Could not connect: Connection refused
Unable to init server: Could not connect: Connection refused

(DataCollector_Deterministic.py:1852584): Gdk-CRITICAL **: 15:35:11.139: gdk_cursor_new_for_display: assertion 'GDK_IS_DISPLAY (display)' failed
Unable to init server: Could not connect: Connection refused
Unable to init server: Could not connect: Connection refused

(DataCollector_Deterministic.py:1854546): Gdk-CRITICAL **: 15:35:11.611: gdk_cursor_new_for_display: assertion 'GDK_IS_DISPLAY (display)' failed
Unable to init server: Could not connect: Connection refused
Unable to init server: Could not connect: Connection refused
Unable to init server: Could not connect: Connection refused
Unable to init server: Could not connect: Connection refused
Unable to init server: Could not connect: Connection refused
Unable to init server: Could not connect: Connection refused

(DataCollector_Deterministic.py:1854330): Gdk-CRITICAL **: 15:35:11.764: gdk_cursor_new_for_display: assertion 'GDK_IS_DISPLAY (display)' failed
Unable to init server: Could not connect: Connection refused
Unable to init server: Could not connect: Connection refused
Unable to init server: Could not connect: Connection refused
Unable to init server: Could not connect: Connection refused
Unable to init server: Could not connect: Connection refused

(DataCollector_Deterministic.py:1853313): Gdk-CRITICAL **: 15:35:11.912: gdk_cursor_new_for_display: assertion 'GDK_IS_DISPLAY (display)' failed
Unable to init server: Could not connect: Connection refused
Unable to init server: Could not connect: Connection refused
Unable to init server: Could not connect: Connection refused
Unable to init server: Could not connect: Connection refused

(DataCollector_Deterministic.py:1853708): Gdk-CRITICAL **: 15:35:12.209: gdk_cursor_new_for_display: assertion 'GDK_IS_DISPLAY (display)' failed
Unable to init server: Could not connect: Connection refused

(DataCollector_Deterministic.py:1854173): Gdk-CRITICAL **: 15:35:12.282: gdk_cursor_new_for_display: assertion 'GDK_IS_DISPLAY (display)' failed
Unable to init server: Could not connect: Connection refused
Unable to init server: Could not connect: Connection refused
Unable to init server: Could not connect: Connection refused
Unable to init server: Could not connect: Connection refused
Unable to init server: Could not connect: Connection refused

(DataCollector_Deterministic.py:1853210): Gdk-CRITICAL **: 15:35:12.472: gdk_cursor_new_for_display: assertion 'GDK_IS_DISPLAY (display)' failed
Unable to init server: Could not connect: Connection refused
Unable to init server: Could not connect: Connection refused
Unable to init server: Could not connect: Connection refused
Unable to init server: Could not connect: Connection refused
Unable to init server: Could not connect: Connection refused
Unable to init server: Could not connect: Connection refused
Unable to init server: Could not connect: Connection refused

(DataCollector_Deterministic.py:1853522): Gdk-CRITICAL **: 15:35:13.026: gdk_cursor_new_for_display: assertion 'GDK_IS_DISPLAY (display)' failed
Unable to init server: Could not connect: Connection refused
Unable to init server: Could not connect: Connection refused
Unable to init server: Could not connect: Connection refused
Unable to init server: Could not connect: Connection refused
Unable to init server: Could not connect: Connection refused
Unable to init server: Could not connect: Connection refused
Unable to init server: Could not connect: Connection refused
Unable to init server: Could not connect: Connection refused
Unable to init server: Could not connect: Connection refused
Unable to init server: Could not connect: Connection refused
Unable to init server: Could not connect: Connection refused
Unable to init server: Could not connect: Connection refused
Unable to init server: Could not connect: Connection refused

(DataCollector_Deterministic.py:1854360): Gdk-CRITICAL **: 15:35:13.588: gdk_cursor_new_for_display: assertion 'GDK_IS_DISPLAY (display)' failed
Unable to init server: Could not connect: Connection refused

(DataCollector_Deterministic.py:1854402): Gdk-CRITICAL **: 15:35:13.600: gdk_cursor_new_for_display: assertion 'GDK_IS_DISPLAY (display)' failed
Unable to init server: Could not connect: Connection refused
Unable to init server: Could not connect: Connection refused
Unable to init server: Could not connect: Connection refused
Unable to init server: Could not connect: Connection refused
Unable to init server: Could not connect: Connection refused

(DataCollector_Deterministic.py:1852523): Gdk-CRITICAL **: 15:35:13.694: gdk_cursor_new_for_display: assertion 'GDK_IS_DISPLAY (display)' failed
Unable to init server: Could not connect: Connection refused

(DataCollector_Deterministic.py:1853046): Gdk-CRITICAL **: 15:35:13.714: gdk_cursor_new_for_display: assertion 'GDK_IS_DISPLAY (display)' failed
Unable to init server: Could not connect: Connection refused

(DataCollector_Deterministic.py:1853184): Gdk-CRITICAL **: 15:35:13.718: gdk_cursor_new_for_display: assertion 'GDK_IS_DISPLAY (display)' failed
Unable to init server: Could not connect: Connection refused
Unable to init server: Could not connect: Connection refused
Unable to init server: Could not connect: Connection refused
Unable to init server: Could not connect: Connection refused
Unable to init server: Could not connect: Connection refused
Unable to init server: Could not connect: Connection refused
Unable to init server: Could not connect: Connection refused
Unable to init server: Could not connect: Connection refused
Unable to init server: Could not connect: Connection refused

(DataCollector_Deterministic.py:1852545): Gdk-CRITICAL **: 15:35:13.834: gdk_cursor_new_for_display: assertion 'GDK_IS_DISPLAY (display)' failed
Unable to init server: Could not connect: Connection refused

(DataCollector_Deterministic.py:1853739): Gdk-CRITICAL **: 15:35:13.841: gdk_cursor_new_for_display: assertion 'GDK_IS_DISPLAY (display)' failed
Unable to init server: Could not connect: Connection refused

(DataCollector_Deterministic.py:1854070): Gdk-CRITICAL **: 15:35:13.862: gdk_cursor_new_for_display: assertion 'GDK_IS_DISPLAY (display)' failed
Unable to init server: Could not connect: Connection refused

(DataCollector_Deterministic.py:1853579): Gdk-CRITICAL **: 15:35:13.890: gdk_cursor_new_for_display: assertion 'GDK_IS_DISPLAY (display)' failed
Unable to init server: Could not connect: Connection refused
Unable to init server: Could not connect: Connection refused

(DataCollector_Deterministic.py:1852644): Gdk-CRITICAL **: 15:35:13.914: gdk_cursor_new_for_display: assertion 'GDK_IS_DISPLAY (display)' failed

(DataCollector_Deterministic.py:1852507): Gdk-CRITICAL **: 15:35:13.927: gdk_cursor_new_for_display: assertion 'GDK_IS_DISPLAY (display)' failed
Unable to init server: Could not connect: Connection refused

(DataCollector_Deterministic.py:1852854): Gdk-CRITICAL **: 15:35:13.952: gdk_cursor_new_for_display: assertion 'GDK_IS_DISPLAY (display)' failed
Unable to init server: Could not connect: Connection refused
Unable to init server: Could not connect: Connection refused
Unable to init server: Could not connect: Connection refused

(DataCollector_Deterministic.py:1854444): Gdk-CRITICAL **: 15:35:13.983: gdk_cursor_new_for_display: assertion 'GDK_IS_DISPLAY (display)' failed
Unable to init server: Could not connect: Connection refused

(DataCollector_Deterministic.py:1853711): Gdk-CRITICAL **: 15:35:14.061: gdk_cursor_new_for_display: assertion 'GDK_IS_DISPLAY (display)' failed
Unable to init server: Could not connect: Connection refused

(DataCollector_Deterministic.py:1853178): Gdk-CRITICAL **: 15:35:14.155: gdk_cursor_new_for_display: assertion 'GDK_IS_DISPLAY (display)' failed
Unable to init server: Could not connect: Connection refused
Unable to init server: Could not connect: Connection refused

(DataCollector_Deterministic.py:1853238): Gdk-CRITICAL **: 15:35:14.332: gdk_cursor_new_for_display: assertion 'GDK_IS_DISPLAY (display)' failed
Unable to init server: Could not connect: Connection refused

(DataCollector_Deterministic.py:1853276): Gdk-CRITICAL **: 15:35:14.344: gdk_cursor_new_for_display: assertion 'GDK_IS_DISPLAY (display)' failed
Unable to init server: Could not connect: Connection refused

(DataCollector_Deterministic.py:1852627): Gdk-CRITICAL **: 15:35:14.504: gdk_cursor_new_for_display: assertion 'GDK_IS_DISPLAY (display)' failed
Unable to init server: Could not connect: Connection refused

(DataCollector_Deterministic.py:1854383): Gdk-CRITICAL **: 15:35:14.830: gdk_cursor_new_for_display: assertion 'GDK_IS_DISPLAY (display)' failed
Unable to init server: Could not connect: Connection refused

(DataCollector_Deterministic.py:1854550): Gdk-CRITICAL **: 15:35:14.881: gdk_cursor_new_for_display: assertion 'GDK_IS_DISPLAY (display)' failed
Unable to init server: Could not connect: Connection refused

(DataCollector_Deterministic.py:1853076): Gdk-CRITICAL **: 15:35:14.925: gdk_cursor_new_for_display: assertion 'GDK_IS_DISPLAY (display)' failed
Unable to init server: Could not connect: Connection refused

(DataCollector_Deterministic.py:1853541): Gdk-CRITICAL **: 15:35:15.005: gdk_cursor_new_for_display: assertion 'GDK_IS_DISPLAY (display)' failed
Unable to init server: Could not connect: Connection refused

(DataCollector_Deterministic.py:1853951): Gdk-CRITICAL **: 15:35:15.039: gdk_cursor_new_for_display: assertion 'GDK_IS_DISPLAY (display)' failed
Unable to init server: Could not connect: Connection refused

(DataCollector_Deterministic.py:1854130): Gdk-CRITICAL **: 15:35:15.058: gdk_cursor_new_for_display: assertion 'GDK_IS_DISPLAY (display)' failed
Unable to init server: Could not connect: Connection refused

(DataCollector_Deterministic.py:1853204): Gdk-CRITICAL **: 15:35:15.102: gdk_cursor_new_for_display: assertion 'GDK_IS_DISPLAY (display)' failed
Unable to init server: Could not connect: Connection refused

(DataCollector_Deterministic.py:1853826): Gdk-CRITICAL **: 15:35:15.156: gdk_cursor_new_for_display: assertion 'GDK_IS_DISPLAY (display)' failed
Unable to init server: Could not connect: Connection refused
Unable to init server: Could not connect: Connection refused

(DataCollector_Deterministic.py:1852883): Gdk-CRITICAL **: 15:35:15.347: gdk_cursor_new_for_display: assertion 'GDK_IS_DISPLAY (display)' failed
Unable to init server: Could not connect: Connection refused

(DataCollector_Deterministic.py:1853419): Gdk-CRITICAL **: 15:35:15.363: gdk_cursor_new_for_display: assertion 'GDK_IS_DISPLAY (display)' failed
Unable to init server: Could not connect: Connection refused

(DataCollector_Deterministic.py:1852723): Gdk-CRITICAL **: 15:35:15.365: gdk_cursor_new_for_display: assertion 'GDK_IS_DISPLAY (display)' failed
Unable to init server: Could not connect: Connection refused
Unable to init server: Could not connect: Connection refused

(DataCollector_Deterministic.py:1854586): Gdk-CRITICAL **: 15:35:15.427: gdk_cursor_new_for_display: assertion 'GDK_IS_DISPLAY (display)' failed
Unable to init server: Could not connect: Connection refused
Unable to init server: Could not connect: Connection refused

(DataCollector_Deterministic.py:1853693): Gdk-CRITICAL **: 15:35:15.481: gdk_cursor_new_for_display: assertion 'GDK_IS_DISPLAY (display)' failed
Unable to init server: Could not connect: Connection refused

(DataCollector_Deterministic.py:1853989): Gdk-CRITICAL **: 15:35:15.497: gdk_cursor_new_for_display: assertion 'GDK_IS_DISPLAY (display)' failed
Unable to init server: Could not connect: Connection refused

(DataCollector_Deterministic.py:1853904): Gdk-CRITICAL **: 15:35:15.513: gdk_cursor_new_for_display: assertion 'GDK_IS_DISPLAY (display)' failed
Unable to init server: Could not connect: Connection refused

(DataCollector_Deterministic.py:1853909): Gdk-CRITICAL **: 15:35:15.565: gdk_cursor_new_for_display: assertion 'GDK_IS_DISPLAY (display)' failed
Unable to init server: Could not connect: Connection refused
Unable to init server: Could not connect: Connection refused

(DataCollector_Deterministic.py:1853600): Gdk-CRITICAL **: 15:35:15.608: gdk_cursor_new_for_display: assertion 'GDK_IS_DISPLAY (display)' failed
Unable to init server: Could not connect: Connection refused

(DataCollector_Deterministic.py:1852925): Gdk-CRITICAL **: 15:35:15.633: gdk_cursor_new_for_display: assertion 'GDK_IS_DISPLAY (display)' failed
Unable to init server: Could not connect: Connection refused

(DataCollector_Deterministic.py:1853475): Gdk-CRITICAL **: 15:35:15.704: gdk_cursor_new_for_display: assertion 'GDK_IS_DISPLAY (display)' failed
Unable to init server: Could not connect: Connection refused

(DataCollector_Deterministic.py:1854315): Gdk-CRITICAL **: 15:35:15.745: gdk_cursor_new_for_display: assertion 'GDK_IS_DISPLAY (display)' failed

(DataCollector_Deterministic.py:1854370): Gdk-CRITICAL **: 15:35:15.751: gdk_cursor_new_for_display: assertion 'GDK_IS_DISPLAY (display)' failed
Unable to init server: Could not connect: Connection refused

(DataCollector_Deterministic.py:1853119): Gdk-CRITICAL **: 15:35:15.758: gdk_cursor_new_for_display: assertion 'GDK_IS_DISPLAY (display)' failed
Unable to init server: Could not connect: Connection refused

(DataCollector_Deterministic.py:1853643): Gdk-CRITICAL **: 15:35:15.781: gdk_cursor_new_for_display: assertion 'GDK_IS_DISPLAY (display)' failed
Unable to init server: Could not connect: Connection refused

(DataCollector_Deterministic.py:1853845): Gdk-CRITICAL **: 15:35:15.789: gdk_cursor_new_for_display: assertion 'GDK_IS_DISPLAY (display)' failed

(DataCollector_Deterministic.py:1854434): Gdk-CRITICAL **: 15:35:15.795: gdk_cursor_new_for_display: assertion 'GDK_IS_DISPLAY (display)' failed
Unable to init server: Could not connect: Connection refused

(DataCollector_Deterministic.py:1852564): Gdk-CRITICAL **: 15:35:15.806: gdk_cursor_new_for_display: assertion 'GDK_IS_DISPLAY (display)' failed

(DataCollector_Deterministic.py:1853011): Gdk-CRITICAL **: 15:35:15.867: gdk_cursor_new_for_display: assertion 'GDK_IS_DISPLAY (display)' failed
Unable to init server: Could not connect: Connection refused

(DataCollector_Deterministic.py:1854483): Gdk-CRITICAL **: 15:35:15.932: gdk_cursor_new_for_display: assertion 'GDK_IS_DISPLAY (display)' failed
Unable to init server: Could not connect: Connection refused

(DataCollector_Deterministic.py:1854388): Gdk-CRITICAL **: 15:35:15.952: gdk_cursor_new_for_display: assertion 'GDK_IS_DISPLAY (display)' failed

(DataCollector_Deterministic.py:1852708): Gdk-CRITICAL **: 15:35:15.999: gdk_cursor_new_for_display: assertion 'GDK_IS_DISPLAY (display)' failed
Unable to init server: Could not connect: Connection refused

(DataCollector_Deterministic.py:1854472): Gdk-CRITICAL **: 15:35:16.048: gdk_cursor_new_for_display: assertion 'GDK_IS_DISPLAY (display)' failed
Unable to init server: Could not connect: Connection refused

(DataCollector_Deterministic.py:1853382): Gdk-CRITICAL **: 15:35:16.177: gdk_cursor_new_for_display: assertion 'GDK_IS_DISPLAY (display)' failed
Initalising...
Running Sim...

Data Dump...
Initalising...
Running Sim...

Data Dump...
Initalising...
Running Sim...

Data Dump...
Initalising...
Running Sim...

Data Dump...
Initalising...
Running Sim...

Data Dump...
Initalising...
Running Sim...

Data Dump...
Initalising...
Running Sim...
.Initalising...
Running Sim...
.Initalising...
Running Sim...
.Initalising...
Running Sim...
.Initalising...
Running Sim...
.Initalising...
Running Sim...
.Initalising...
Running Sim...
.Initalising...
Running Sim...
.Initalising...
Running Sim...
.Initalising...
Running Sim...
.Initalising...
Running Sim...
.Initalising...
Running Sim...
.Initalising...
Running Sim...
.Initalising...
Running Sim...
.Initalising...
Running Sim...
.Initalising...
Running Sim...
.Initalising...
Running Sim...
.Initalising...
Running Sim...
.Initalising...
Running Sim...
.Initalising...
Running Sim...
.Initalising...
Running Sim...
.Initalising...
Running Sim...
.Initalising...
Running Sim...
.Initalising...
Running Sim...
.Initalising...
Running Sim...
.Initalising...
Running Sim...
.Initalising...
Running Sim...
.Initalising...
Running Sim...
.Initalising...
Running Sim...
.Initalising...
Running Sim...
.Initalising...
Running Sim...
.Initalising...
Running Sim...
.Initalising...
Running Sim...
.Initalising...
Running Sim...
.Initalising...
Running Sim...
.Initalising...
Running Sim...
.Initalising...
Running Sim...
.Initalising...
Running Sim...
.Initalising...
Running Sim...
.Initalising...
Running Sim...
.Initalising...
Running Sim...
.Initalising...
Running Sim...
.Initalising...
Running Sim...
.Initalising...
Running Sim...
.Initalising...
Running Sim...
.Initalising...
Running Sim...
.Initalising...
Running Sim...
.Initalising...
Running Sim...
.Initalising...
Running Sim...
.Initalising...
Running Sim...
.Initalising...
Running Sim...
.Initalising...
Running Sim...
.Initalising...
Running Sim...
.Initalising...
Running Sim...
.Initalising...
Running Sim...
.Initalising...
Running Sim...
.Initalising...
Running Sim...
.Initalising...
Running Sim...
.Initalising...
Running Sim...
.Initalising...
Running Sim...
.Initalising...
Running Sim...
.Initalising...
Running Sim...
.Initalising...
Running Sim...
.Initalising...
Running Sim...
.Initalising...
Running Sim...
.Initalising...
Running Sim...
.Initalising...
Running Sim...
.Initalising...
Running Sim...
.Initalising...
Running Sim...
.Initalising...
Running Sim...
.Initalising...
Running Sim...
.Initalising...
Running Sim...
.Initalising...
Running Sim...
.Initalising...
Running Sim...
.Initalising...
Running Sim...
.Initalising...
Running Sim...
.Initalising...
Running Sim...
.Initalising...
Running Sim...
.Initalising...
Running Sim...
.Initalising...
Running Sim...
.Initalising...
Running Sim...
.Initalising...
Running Sim...
.Initalising...
Running Sim...
.Initalising...
Running Sim...
.Initalising...
Running Sim...
.Initalising...
Running Sim...
.Initalising...
Running Sim...
.Initalising...
Running Sim...
.Initalising...
Running Sim...
.Initalising...
Running Sim...
.Initalising...
Running Sim...
.Initalising...
Running Sim...
.Initalising...
Running Sim...
.Initalising...
Running Sim...
.......................................................................................................................................................................................................................................................................................................................................................................................................................................................................................................................................................................................................................................................................................................................................................................................................................................................
[1741 8455]
.....
[1714 8475]
..
[1679 8517]
.........
[1728 8456]
...
[1768 8434]
....
[1798 8404]
.
[1751 8427]
.
[1753 8427]
.
[1814 8383]
.
[1718 8469]
.
[1717 8485]
.
[1750 8442]
..
[1668 8520]
.
[1825 8373]
.
[1834 8372]
.
[1831 8336]
.
[1827 8383]
.
[1824 8379]
.
[1823 8379]
.
[1861 8341]
.
[1680 8491]
.
[1888 8289]
.
[1920 8316]
.
[1766 8441]
.
[1695 8482]
.
[1753 8448]
.
[1768 8427]
..
[1791 8401]
..
[1884 8315]
.
[1755 8435]
.
[1762 8421]
.
[1737 8451]
.
[1737 8452]
.
[1670 8496]
.
[1706 8476]
.
[1956 8269]
.
[1892 8345]
.
[1735 8449]
.
[1766 8431]
..
[1727 8480]
.
[2048 8148]
.
[1721 8472]
.
[1837 8365]
.
[2126 8074]
..
[1751 8440]
.
[1755 8417]
.
[1712 8462]
.
[1834 8363]
.
[1715 8466]
.
[1674 8512]
..
[1821 8382]
.
[1807 8395]
.
[2221 7970]
.
[2084 8122]
.
[1823 8403]
..
[1774 8438]
..
[1985 8206]
.
[1728 8439]
.
[1920 8290]
..
[1728 8447]
.
[1863 8328]
.
[1806 8403]
.
[1822 8371]
.
[1764 8414]
.
[2297 7921]
.
[1710 8465]
.
[1988 8211]
.
[2100 8100]
.
[1796 8411]
.
[2730 7503]
.
[1706 8463]
..
[2218 7991]
.
[2721 7529]
..
[2471 7751]
.
[1789 8420]
..
[2987 7249]
...
[8301 1870]
.
[3026 7225]
..
[2395 7867]
............
[3191 7092]
...
[1751 8426]
...........
[2904 7387]
....
[2738 7472]
...
[2159 8031]
.....
[3327 6973]
...............
[3593 6651]
.
[4271 6006]
.....
[4981 5270]
..........
[4835 5473]
...
[4509 5792]
.
[4387 5891]
......
[4758 5476]
...
[5904 4342]
........
[4796 5483]
...................................................................................................................................................................................................................................................................................................................................
Data Dump...
........
Data Dump...
..
Data Dump...
........................
Data Dump...
..........
Data Dump...
..............................
Data Dump...
.
Data Dump...
......................................................................................................
[  52 1479]
....
Data Dump...
.
[  47 1494]

Data Dump...
......
[  40 1588]
......
Data Dump...
...
[  42 1642]
.....
[  56 1630]
...........
[  56 1507]
.
[  38 1347]

Data Dump...
.
Data Dump...

Data Dump...
.....
Data Dump...
...............
[  37 1682]
...............
[  51 1794]
...
[  49 1740]
......
[  46 1854]
.
[  56 1834]
.
[  47 1879]
......
Data Dump...
......
[  60 1857]
............
[  43 1775]
.
[  60 2003]
......
[  68 1887]
.
Data Dump...
....
[  57 1938]
.
[  68 1912]
........
[  58 2013]
....
Data Dump...
..
[  71 1973]
.....
[  80 1877]
..
[  65 1991]
....
Data Dump...
...
[  71 2091]
.
Data Dump...
.
Data Dump...
.
Data Dump...
...
Data Dump...
...
[  68 1877]
...
[  94 2114]
.......
[  89 2149]
.
[  45 1962]
.......
[  49 1972]
..
[  64 2131]
............
[  69 2057]
..
[  64 1990]
.
Data Dump...
..
[  82 2123]
....
[  78 1972]
........
[ 100 1918]
....
[  72 2014]
...........
Data Dump...

Data Dump...

[ 114 1896]
.
Data Dump...
......
[  89 2066]
......
[  68 1855]
.
Data Dump...
..
[  89 2010]
.....
[  92 2091]
.
[  93 1999]
......
[ 103 2059]
...
Data Dump...
.
[ 138 1849]
........
[ 148 1820]
.
Data Dump...

[ 160 1814]
..
Data Dump...
...........
Data Dump...
.
[ 180 1626]
..
[  98 1965]
..
[ 168 1948]
............
Data Dump...
...........
Data Dump...
....
Data Dump...
.......
Data Dump...
.
Data Dump...

Data Dump...

[ 210 1988]
....
Data Dump...

[ 262 1767]
...
[ 139 1938]
.......
Data Dump...
..
[ 133 1681]
...
[ 285 1737]
............
Data Dump...
.......
[ 207 1784]
...
Data Dump...

[ 348 1311]
.
[ 333 1297]
.
[ 341 1611]
..
[ 407 1210]
..
[ 253 1582]
.....
[2291   17]
........
[ 295 1565]
....
Data Dump...
......
[ 275 1742]
.....
Data Dump...
...........
Data Dump...
...
Data Dump...
..
[ 271 1957]
...
Data Dump...
.....
[ 554 1088]
.
[ 326 1614]
...
[ 412 1519]
.....
Data Dump...

Data Dump...
.
Data Dump...
.
Data Dump...
........
[ 383 1497]
.
[ 504 1716]
.....
[ 608 1317]
........
[ 612 1247]
....
Data Dump...

[ 494 1452]
..
[ 455 1360]
.....
[ 688 1384]
..
Data Dump...
....
[ 530 1669]
.............
[ 805 1006]
.....
Data Dump...
.
[ 641 1564]
.....
Data Dump...
........
[761 989]
...
[1177  677]
....
Data Dump...
..
Data Dump...

[1672  362]
.
[1797  309]
............
[1533  522]
...
[1254  690]
...
Data Dump...
....
Data Dump...
....
Data Dump...
.
[1099 1011]
......
[1593  359]
.........
[1296  650]
......
[1581  359]
.....
Data Dump...
...........
Data Dump...
......
Data Dump...
.................................
Data Dump...
..
Data Dump...

Data Dump...

Data Dump...

Data Dump...
.
Data Dump...

Data Dump...
.
Data Dump...
...
Data Dump...
.................................
Data Dump...
..
Data Dump...
.
Data Dump...
......
Data Dump...
...
Data Dump...
...........
Data Dump...
...
Data Dump...
......
Data Dump...
.
Data Dump...
..
Data Dump...
.....
Data Dump...
...
Data Dump...
......
Data Dump...
.............
Data Dump...
..
Data Dump...
..
Data Dump...

Data Dump...
.
Data Dump...
...
Data Dump...
....
Data Dump...
...
Data Dump...

Data Dump...

Data Dump...
High 1 8
Done
