Unable to init server: Could not connect: Connection refused
Unable to init server: Could not connect: Connection refused

(DataCollector_Deterministic.py:1853836): Gdk-CRITICAL **: 15:34:45.576: gdk_cursor_new_for_display: assertion 'GDK_IS_DISPLAY (display)' failed
Unable to init server: Could not connect: Connection refused
Unable to init server: Could not connect: Connection refused
Unable to init server: Could not connect: Connection refused

(DataCollector_Deterministic.py:1852842): Gdk-CRITICAL **: 15:34:57.766: gdk_cursor_new_for_display: assertion 'GDK_IS_DISPLAY (display)' failed
Unable to init server: Could not connect: Connection refused
Unable to init server: Could not connect: Connection refused

(DataCollector_Deterministic.py:1853147): Gdk-CRITICAL **: 15:34:59.009: gdk_cursor_new_for_display: assertion 'GDK_IS_DISPLAY (display)' failed
Unable to init server: Could not connect: Connection refused
Unable to init server: Could not connect: Connection refused

(DataCollector_Deterministic.py:1852602): Gdk-CRITICAL **: 15:35:00.085: gdk_cursor_new_for_display: assertion 'GDK_IS_DISPLAY (display)' failed
Unable to init server: Could not connect: Connection refused

(DataCollector_Deterministic.py:1852903): Gdk-CRITICAL **: 15:35:01.128: gdk_cursor_new_for_display: assertion 'GDK_IS_DISPLAY (display)' failed
Unable to init server: Could not connect: Connection refused
Unable to init server: Could not connect: Connection refused
Unable to init server: Could not connect: Connection refused
Unable to init server: Could not connect: Connection refused
Unable to init server: Could not connect: Connection refused
Unable to init server: Could not connect: Connection refused
Unable to init server: Could not connect: Connection refused
Unable to init server: Could not connect: Connection refused
Unable to init server: Could not connect: Connection refused

(DataCollector_Deterministic.py:1854565): Gdk-CRITICAL **: 15:35:03.815: gdk_cursor_new_for_display: assertion 'GDK_IS_DISPLAY (display)' failed
Unable to init server: Could not connect: Connection refused
Unable to init server: Could not connect: Connection refused
Unable to init server: Could not connect: Connection refused
Unable to init server: Could not connect: Connection refused
Unable to init server: Could not connect: Connection refused

(DataCollector_Deterministic.py:1852988): Gdk-CRITICAL **: 15:35:04.214: gdk_cursor_new_for_display: assertion 'GDK_IS_DISPLAY (display)' failed
Unable to init server: Could not connect: Connection refused
Unable to init server: Could not connect: Connection refused
Unable to init server: Could not connect: Connection refused
Unable to init server: Could not connect: Connection refused
Unable to init server: Could not connect: Connection refused
Unable to init server: Could not connect: Connection refused
Unable to init server: Could not connect: Connection refused

(DataCollector_Deterministic.py:1853982): Gdk-CRITICAL **: 15:35:05.393: gdk_cursor_new_for_display: assertion 'GDK_IS_DISPLAY (display)' failed
Unable to init server: Could not connect: Connection refused
Unable to init server: Could not connect: Connection refused
Unable to init server: Could not connect: Connection refused

(DataCollector_Deterministic.py:1852625): Gdk-CRITICAL **: 15:35:05.636: gdk_cursor_new_for_display: assertion 'GDK_IS_DISPLAY (display)' failed
Unable to init server: Could not connect: Connection refused
Unable to init server: Could not connect: Connection refused

(DataCollector_Deterministic.py:1854305): Gdk-CRITICAL **: 15:35:05.742: gdk_cursor_new_for_display: assertion 'GDK_IS_DISPLAY (display)' failed

(DataCollector_Deterministic.py:1854272): Gdk-CRITICAL **: 15:35:05.819: gdk_cursor_new_for_display: assertion 'GDK_IS_DISPLAY (display)' failed
Unable to init server: Could not connect: Connection refused

(DataCollector_Deterministic.py:1852661): Gdk-CRITICAL **: 15:35:05.988: gdk_cursor_new_for_display: assertion 'GDK_IS_DISPLAY (display)' failed

(DataCollector_Deterministic.py:1853857): Gdk-CRITICAL **: 15:35:06.019: gdk_cursor_new_for_display: assertion 'GDK_IS_DISPLAY (display)' failed
Unable to init server: Could not connect: Connection refused

(DataCollector_Deterministic.py:1854088): Gdk-CRITICAL **: 15:35:06.076: gdk_cursor_new_for_display: assertion 'GDK_IS_DISPLAY (display)' failed
Unable to init server: Could not connect: Connection refused

(DataCollector_Deterministic.py:1853939): Gdk-CRITICAL **: 15:35:06.127: gdk_cursor_new_for_display: assertion 'GDK_IS_DISPLAY (display)' failed

(DataCollector_Deterministic.py:1853899): Gdk-CRITICAL **: 15:35:05.979: gdk_cursor_new_for_display: assertion 'GDK_IS_DISPLAY (display)' failed
Unable to init server: Could not connect: Connection refused
Unable to init server: Could not connect: Connection refused

(DataCollector_Deterministic.py:1853078): Gdk-CRITICAL **: 15:35:06.166: gdk_cursor_new_for_display: assertion 'GDK_IS_DISPLAY (display)' failed
Unable to init server: Could not connect: Connection refused

(DataCollector_Deterministic.py:1854369): Gdk-CRITICAL **: 15:35:06.537: gdk_cursor_new_for_display: assertion 'GDK_IS_DISPLAY (display)' failed

(DataCollector_Deterministic.py:1854403): Gdk-CRITICAL **: 15:35:06.547: gdk_cursor_new_for_display: assertion 'GDK_IS_DISPLAY (display)' failed
Unable to init server: Could not connect: Connection refused

(DataCollector_Deterministic.py:1854063): Gdk-CRITICAL **: 15:35:06.554: gdk_cursor_new_for_display: assertion 'GDK_IS_DISPLAY (display)' failed
Unable to init server: Could not connect: Connection refused

(DataCollector_Deterministic.py:1852991): Gdk-CRITICAL **: 15:35:06.614: gdk_cursor_new_for_display: assertion 'GDK_IS_DISPLAY (display)' failed
Unable to init server: Could not connect: Connection refused
Unable to init server: Could not connect: Connection refused

(DataCollector_Deterministic.py:1852643): Gdk-CRITICAL **: 15:35:06.821: gdk_cursor_new_for_display: assertion 'GDK_IS_DISPLAY (display)' failed
Unable to init server: Could not connect: Connection refused
Unable to init server: Could not connect: Connection refused

(DataCollector_Deterministic.py:1853327): Gdk-CRITICAL **: 15:35:06.893: gdk_cursor_new_for_display: assertion 'GDK_IS_DISPLAY (display)' failed
Unable to init server: Could not connect: Connection refused
Unable to init server: Could not connect: Connection refused
Unable to init server: Could not connect: Connection refused
Unable to init server: Could not connect: Connection refused
Unable to init server: Could not connect: Connection refused
Unable to init server: Could not connect: Connection refused
Unable to init server: Could not connect: Connection refused
Unable to init server: Could not connect: Connection refused
Unable to init server: Could not connect: Connection refused
Unable to init server: Could not connect: Connection refused
Unable to init server: Could not connect: Connection refused
Unable to init server: Could not connect: Connection refused
Unable to init server: Could not connect: Connection refused
Unable to init server: Could not connect: Connection refused

(DataCollector_Deterministic.py:1852912): Gdk-CRITICAL **: 15:35:08.682: gdk_cursor_new_for_display: assertion 'GDK_IS_DISPLAY (display)' failed
Unable to init server: Could not connect: Connection refused

(DataCollector_Deterministic.py:1853785): Gdk-CRITICAL **: 15:35:08.834: gdk_cursor_new_for_display: assertion 'GDK_IS_DISPLAY (display)' failed
Unable to init server: Could not connect: Connection refused

(DataCollector_Deterministic.py:1853192): Gdk-CRITICAL **: 15:35:08.908: gdk_cursor_new_for_display: assertion 'GDK_IS_DISPLAY (display)' failed
Unable to init server: Could not connect: Connection refused

(DataCollector_Deterministic.py:1854523): Gdk-CRITICAL **: 15:35:08.947: gdk_cursor_new_for_display: assertion 'GDK_IS_DISPLAY (display)' failed
Unable to init server: Could not connect: Connection refused

(DataCollector_Deterministic.py:1853485): Gdk-CRITICAL **: 15:35:09.121: gdk_cursor_new_for_display: assertion 'GDK_IS_DISPLAY (display)' failed
Unable to init server: Could not connect: Connection refused
Unable to init server: Could not connect: Connection refused
Unable to init server: Could not connect: Connection refused

(DataCollector_Deterministic.py:1853017): Gdk-CRITICAL **: 15:35:09.270: gdk_cursor_new_for_display: assertion 'GDK_IS_DISPLAY (display)' failed
Unable to init server: Could not connect: Connection refused

(DataCollector_Deterministic.py:1854266): Gdk-CRITICAL **: 15:35:09.285: gdk_cursor_new_for_display: assertion 'GDK_IS_DISPLAY (display)' failed
Unable to init server: Could not connect: Connection refused
Unable to init server: Could not connect: Connection refused
Unable to init server: Could not connect: Connection refused
Unable to init server: Could not connect: Connection refused
Unable to init server: Could not connect: Connection refused

(DataCollector_Deterministic.py:1853569): Gdk-CRITICAL **: 15:35:09.448: gdk_cursor_new_for_display: assertion 'GDK_IS_DISPLAY (display)' failed

(DataCollector_Deterministic.py:1852520): Gdk-CRITICAL **: 15:35:09.595: gdk_cursor_new_for_display: assertion 'GDK_IS_DISPLAY (display)' failed
Unable to init server: Could not connect: Connection refused
Unable to init server: Could not connect: Connection refused
Unable to init server: Could not connect: Connection refused

(DataCollector_Deterministic.py:1853477): Gdk-CRITICAL **: 15:35:10.021: gdk_cursor_new_for_display: assertion 'GDK_IS_DISPLAY (display)' failed
Unable to init server: Could not connect: Connection refused

(DataCollector_Deterministic.py:1853918): Gdk-CRITICAL **: 15:35:10.042: gdk_cursor_new_for_display: assertion 'GDK_IS_DISPLAY (display)' failed
Unable to init server: Could not connect: Connection refused
Unable to init server: Could not connect: Connection refused
Unable to init server: Could not connect: Connection refused

(DataCollector_Deterministic.py:1854131): Gdk-CRITICAL **: 15:35:10.347: gdk_cursor_new_for_display: assertion 'GDK_IS_DISPLAY (display)' failed
Unable to init server: Could not connect: Connection refused

(DataCollector_Deterministic.py:1853802): Gdk-CRITICAL **: 15:35:10.362: gdk_cursor_new_for_display: assertion 'GDK_IS_DISPLAY (display)' failed
Unable to init server: Could not connect: Connection refused
Unable to init server: Could not connect: Connection refused
Unable to init server: Could not connect: Connection refused
Unable to init server: Could not connect: Connection refused

(DataCollector_Deterministic.py:1852954): Gdk-CRITICAL **: 15:35:10.524: gdk_cursor_new_for_display: assertion 'GDK_IS_DISPLAY (display)' failed
Unable to init server: Could not connect: Connection refused
Unable to init server: Could not connect: Connection refused

(DataCollector_Deterministic.py:1853601): Gdk-CRITICAL **: 15:35:10.586: gdk_cursor_new_for_display: assertion 'GDK_IS_DISPLAY (display)' failed
Unable to init server: Could not connect: Connection refused
Unable to init server: Could not connect: Connection refused
Unable to init server: Could not connect: Connection refused
Unable to init server: Could not connect: Connection refused
Unable to init server: Could not connect: Connection refused
Unable to init server: Could not connect: Connection refused
Unable to init server: Could not connect: Connection refused
Unable to init server: Could not connect: Connection refused

(DataCollector_Deterministic.py:1854508): Gdk-CRITICAL **: 15:35:11.221: gdk_cursor_new_for_display: assertion 'GDK_IS_DISPLAY (display)' failed
Unable to init server: Could not connect: Connection refused
Unable to init server: Could not connect: Connection refused

(DataCollector_Deterministic.py:1853247): Gdk-CRITICAL **: 15:35:11.318: gdk_cursor_new_for_display: assertion 'GDK_IS_DISPLAY (display)' failed
Unable to init server: Could not connect: Connection refused
Unable to init server: Could not connect: Connection refused

(DataCollector_Deterministic.py:1853083): Gdk-CRITICAL **: 15:35:11.356: gdk_cursor_new_for_display: assertion 'GDK_IS_DISPLAY (display)' failed
Unable to init server: Could not connect: Connection refused
Unable to init server: Could not connect: Connection refused

(DataCollector_Deterministic.py:1854432): Gdk-CRITICAL **: 15:35:11.433: gdk_cursor_new_for_display: assertion 'GDK_IS_DISPLAY (display)' failed
Unable to init server: Could not connect: Connection refused
Unable to init server: Could not connect: Connection refused

(DataCollector_Deterministic.py:1852793): Gdk-CRITICAL **: 15:35:11.464: gdk_cursor_new_for_display: assertion 'GDK_IS_DISPLAY (display)' failed
Unable to init server: Could not connect: Connection refused
Unable to init server: Could not connect: Connection refused
Unable to init server: Could not connect: Connection refused

(DataCollector_Deterministic.py:1852542): Gdk-CRITICAL **: 15:35:11.569: gdk_cursor_new_for_display: assertion 'GDK_IS_DISPLAY (display)' failed
Unable to init server: Could not connect: Connection refused

(DataCollector_Deterministic.py:1853539): Gdk-CRITICAL **: 15:35:11.653: gdk_cursor_new_for_display: assertion 'GDK_IS_DISPLAY (display)' failed
Unable to init server: Could not connect: Connection refused
Unable to init server: Could not connect: Connection refused

(DataCollector_Deterministic.py:1854421): Gdk-CRITICAL **: 15:35:11.971: gdk_cursor_new_for_display: assertion 'GDK_IS_DISPLAY (display)' failed
Unable to init server: Could not connect: Connection refused

(DataCollector_Deterministic.py:1853143): Gdk-CRITICAL **: 15:35:12.423: gdk_cursor_new_for_display: assertion 'GDK_IS_DISPLAY (display)' failed
Unable to init server: Could not connect: Connection refused
Unable to init server: Could not connect: Connection refused

(DataCollector_Deterministic.py:1854198): Gdk-CRITICAL **: 15:35:12.468: gdk_cursor_new_for_display: assertion 'GDK_IS_DISPLAY (display)' failed
Unable to init server: Could not connect: Connection refused

(DataCollector_Deterministic.py:1853033): Gdk-CRITICAL **: 15:35:12.519: gdk_cursor_new_for_display: assertion 'GDK_IS_DISPLAY (display)' failed
Unable to init server: Could not connect: Connection refused

(DataCollector_Deterministic.py:1852681): Gdk-CRITICAL **: 15:35:12.544: gdk_cursor_new_for_display: assertion 'GDK_IS_DISPLAY (display)' failed
Unable to init server: Could not connect: Connection refused

(DataCollector_Deterministic.py:1853294): Gdk-CRITICAL **: 15:35:12.551: gdk_cursor_new_for_display: assertion 'GDK_IS_DISPLAY (display)' failed
Unable to init server: Could not connect: Connection refused

(DataCollector_Deterministic.py:1854003): Gdk-CRITICAL **: 15:35:12.560: gdk_cursor_new_for_display: assertion 'GDK_IS_DISPLAY (display)' failed
Unable to init server: Could not connect: Connection refused
Unable to init server: Could not connect: Connection refused
Unable to init server: Could not connect: Connection refused
Unable to init server: Could not connect: Connection refused
Unable to init server: Could not connect: Connection refused
Unable to init server: Could not connect: Connection refused
Unable to init server: Could not connect: Connection refused
Unable to init server: Could not connect: Connection refused
Unable to init server: Could not connect: Connection refused
Unable to init server: Could not connect: Connection refused
Unable to init server: Could not connect: Connection refused
Unable to init server: Could not connect: Connection refused

(DataCollector_Deterministic.py:1853517): Gdk-CRITICAL **: 15:35:12.848: gdk_cursor_new_for_display: assertion 'GDK_IS_DISPLAY (display)' failed
Unable to init server: Could not connect: Connection refused
Unable to init server: Could not connect: Connection refused
Unable to init server: Could not connect: Connection refused
Unable to init server: Could not connect: Connection refused
Unable to init server: Could not connect: Connection refused

(DataCollector_Deterministic.py:1852835): Gdk-CRITICAL **: 15:35:12.877: gdk_cursor_new_for_display: assertion 'GDK_IS_DISPLAY (display)' failed
Unable to init server: Could not connect: Connection refused
Unable to init server: Could not connect: Connection refused
Unable to init server: Could not connect: Connection refused
Unable to init server: Could not connect: Connection refused

(DataCollector_Deterministic.py:1853113): Gdk-CRITICAL **: 15:35:12.913: gdk_cursor_new_for_display: assertion 'GDK_IS_DISPLAY (display)' failed
Unable to init server: Could not connect: Connection refused

(DataCollector_Deterministic.py:1854308): Gdk-CRITICAL **: 15:35:12.933: gdk_cursor_new_for_display: assertion 'GDK_IS_DISPLAY (display)' failed
Unable to init server: Could not connect: Connection refused
Unable to init server: Could not connect: Connection refused
Unable to init server: Could not connect: Connection refused
Unable to init server: Could not connect: Connection refused
Unable to init server: Could not connect: Connection refused
Unable to init server: Could not connect: Connection refused

(DataCollector_Deterministic.py:1853769): Gdk-CRITICAL **: 15:35:13.023: gdk_cursor_new_for_display: assertion 'GDK_IS_DISPLAY (display)' failed
Unable to init server: Could not connect: Connection refused
Unable to init server: Could not connect: Connection refused
Unable to init server: Could not connect: Connection refused

(DataCollector_Deterministic.py:1853219): Gdk-CRITICAL **: 15:35:13.134: gdk_cursor_new_for_display: assertion 'GDK_IS_DISPLAY (display)' failed
Unable to init server: Could not connect: Connection refused
Unable to init server: Could not connect: Connection refused
Unable to init server: Could not connect: Connection refused
Unable to init server: Could not connect: Connection refused
Unable to init server: Could not connect: Connection refused

(DataCollector_Deterministic.py:1853418): Gdk-CRITICAL **: 15:35:13.320: gdk_cursor_new_for_display: assertion 'GDK_IS_DISPLAY (display)' failed
Unable to init server: Could not connect: Connection refused

(DataCollector_Deterministic.py:1854467): Gdk-CRITICAL **: 15:35:13.328: gdk_cursor_new_for_display: assertion 'GDK_IS_DISPLAY (display)' failed
Unable to init server: Could not connect: Connection refused
Unable to init server: Could not connect: Connection refused
Unable to init server: Could not connect: Connection refused

(DataCollector_Deterministic.py:1854447): Gdk-CRITICAL **: 15:35:13.417: gdk_cursor_new_for_display: assertion 'GDK_IS_DISPLAY (display)' failed
Unable to init server: Could not connect: Connection refused

(DataCollector_Deterministic.py:1853707): Gdk-CRITICAL **: 15:35:13.449: gdk_cursor_new_for_display: assertion 'GDK_IS_DISPLAY (display)' failed
Unable to init server: Could not connect: Connection refused
Unable to init server: Could not connect: Connection refused

(DataCollector_Deterministic.py:1852797): Gdk-CRITICAL **: 15:35:13.488: gdk_cursor_new_for_display: assertion 'GDK_IS_DISPLAY (display)' failed
Unable to init server: Could not connect: Connection refused
Unable to init server: Could not connect: Connection refused

(DataCollector_Deterministic.py:1854239): Gdk-CRITICAL **: 15:35:13.520: gdk_cursor_new_for_display: assertion 'GDK_IS_DISPLAY (display)' failed
Unable to init server: Could not connect: Connection refused
Unable to init server: Could not connect: Connection refused

(DataCollector_Deterministic.py:1853964): Gdk-CRITICAL **: 15:35:13.879: gdk_cursor_new_for_display: assertion 'GDK_IS_DISPLAY (display)' failed
Unable to init server: Could not connect: Connection refused

(DataCollector_Deterministic.py:1854111): Gdk-CRITICAL **: 15:35:14.160: gdk_cursor_new_for_display: assertion 'GDK_IS_DISPLAY (display)' failed
Unable to init server: Could not connect: Connection refused
Unable to init server: Could not connect: Connection refused

(DataCollector_Deterministic.py:1854009): Gdk-CRITICAL **: 15:35:14.685: gdk_cursor_new_for_display: assertion 'GDK_IS_DISPLAY (display)' failed
Unable to init server: Could not connect: Connection refused

(DataCollector_Deterministic.py:1853346): Gdk-CRITICAL **: 15:35:14.748: gdk_cursor_new_for_display: assertion 'GDK_IS_DISPLAY (display)' failed
Unable to init server: Could not connect: Connection refused

(DataCollector_Deterministic.py:1853171): Gdk-CRITICAL **: 15:35:14.763: gdk_cursor_new_for_display: assertion 'GDK_IS_DISPLAY (display)' failed
Unable to init server: Could not connect: Connection refused

(DataCollector_Deterministic.py:1853506): Gdk-CRITICAL **: 15:35:14.765: gdk_cursor_new_for_display: assertion 'GDK_IS_DISPLAY (display)' failed
Unable to init server: Could not connect: Connection refused

(DataCollector_Deterministic.py:1852582): Gdk-CRITICAL **: 15:35:14.782: gdk_cursor_new_for_display: assertion 'GDK_IS_DISPLAY (display)' failed
Unable to init server: Could not connect: Connection refused

(DataCollector_Deterministic.py:1854097): Gdk-CRITICAL **: 15:35:14.801: gdk_cursor_new_for_display: assertion 'GDK_IS_DISPLAY (display)' failed
Unable to init server: Could not connect: Connection refused

(DataCollector_Deterministic.py:1853224): Gdk-CRITICAL **: 15:35:14.813: gdk_cursor_new_for_display: assertion 'GDK_IS_DISPLAY (display)' failed
Unable to init server: Could not connect: Connection refused

(DataCollector_Deterministic.py:1854455): Gdk-CRITICAL **: 15:35:14.820: gdk_cursor_new_for_display: assertion 'GDK_IS_DISPLAY (display)' failed

(DataCollector_Deterministic.py:1854482): Gdk-CRITICAL **: 15:35:14.827: gdk_cursor_new_for_display: assertion 'GDK_IS_DISPLAY (display)' failed
Unable to init server: Could not connect: Connection refused

(DataCollector_Deterministic.py:1854040): Gdk-CRITICAL **: 15:35:14.862: gdk_cursor_new_for_display: assertion 'GDK_IS_DISPLAY (display)' failed
Unable to init server: Could not connect: Connection refused

(DataCollector_Deterministic.py:1853640): Gdk-CRITICAL **: 15:35:14.873: gdk_cursor_new_for_display: assertion 'GDK_IS_DISPLAY (display)' failed
Unable to init server: Could not connect: Connection refused

(DataCollector_Deterministic.py:1853012): Gdk-CRITICAL **: 15:35:14.898: gdk_cursor_new_for_display: assertion 'GDK_IS_DISPLAY (display)' failed
Unable to init server: Could not connect: Connection refused

(DataCollector_Deterministic.py:1854285): Gdk-CRITICAL **: 15:35:14.905: gdk_cursor_new_for_display: assertion 'GDK_IS_DISPLAY (display)' failed
Unable to init server: Could not connect: Connection refused

(DataCollector_Deterministic.py:1853726): Gdk-CRITICAL **: 15:35:14.913: gdk_cursor_new_for_display: assertion 'GDK_IS_DISPLAY (display)' failed
Unable to init server: Could not connect: Connection refused

(DataCollector_Deterministic.py:1854034): Gdk-CRITICAL **: 15:35:14.916: gdk_cursor_new_for_display: assertion 'GDK_IS_DISPLAY (display)' failed
Unable to init server: Could not connect: Connection refused

(DataCollector_Deterministic.py:1853684): Gdk-CRITICAL **: 15:35:14.921: gdk_cursor_new_for_display: assertion 'GDK_IS_DISPLAY (display)' failed
Unable to init server: Could not connect: Connection refused
Unable to init server: Could not connect: Connection refused

(DataCollector_Deterministic.py:1854513): Gdk-CRITICAL **: 15:35:14.940: gdk_cursor_new_for_display: assertion 'GDK_IS_DISPLAY (display)' failed
Unable to init server: Could not connect: Connection refused
Unable to init server: Could not connect: Connection refused
Unable to init server: Could not connect: Connection refused

(DataCollector_Deterministic.py:1854494): Gdk-CRITICAL **: 15:35:14.982: gdk_cursor_new_for_display: assertion 'GDK_IS_DISPLAY (display)' failed
Unable to init server: Could not connect: Connection refused

(DataCollector_Deterministic.py:1853473): Gdk-CRITICAL **: 15:35:14.990: gdk_cursor_new_for_display: assertion 'GDK_IS_DISPLAY (display)' failed
Unable to init server: Could not connect: Connection refused
Unable to init server: Could not connect: Connection refused

(DataCollector_Deterministic.py:1853604): Gdk-CRITICAL **: 15:35:15.001: gdk_cursor_new_for_display: assertion 'GDK_IS_DISPLAY (display)' failed
Unable to init server: Could not connect: Connection refused

(DataCollector_Deterministic.py:1854542): Gdk-CRITICAL **: 15:35:15.008: gdk_cursor_new_for_display: assertion 'GDK_IS_DISPLAY (display)' failed
Unable to init server: Could not connect: Connection refused

(DataCollector_Deterministic.py:1852964): Gdk-CRITICAL **: 15:35:15.013: gdk_cursor_new_for_display: assertion 'GDK_IS_DISPLAY (display)' failed
Unable to init server: Could not connect: Connection refused

(DataCollector_Deterministic.py:1852562): Gdk-CRITICAL **: 15:35:15.021: gdk_cursor_new_for_display: assertion 'GDK_IS_DISPLAY (display)' failed
Unable to init server: Could not connect: Connection refused

(DataCollector_Deterministic.py:1852918): Gdk-CRITICAL **: 15:35:15.058: gdk_cursor_new_for_display: assertion 'GDK_IS_DISPLAY (display)' failed
Unable to init server: Could not connect: Connection refused

(DataCollector_Deterministic.py:1854413): Gdk-CRITICAL **: 15:35:15.195: gdk_cursor_new_for_display: assertion 'GDK_IS_DISPLAY (display)' failed
Unable to init server: Could not connect: Connection refused

(DataCollector_Deterministic.py:1854534): Gdk-CRITICAL **: 15:35:15.234: gdk_cursor_new_for_display: assertion 'GDK_IS_DISPLAY (display)' failed
Unable to init server: Could not connect: Connection refused

(DataCollector_Deterministic.py:1853619): Gdk-CRITICAL **: 15:35:15.273: gdk_cursor_new_for_display: assertion 'GDK_IS_DISPLAY (display)' failed
Unable to init server: Could not connect: Connection refused

(DataCollector_Deterministic.py:1853444): Gdk-CRITICAL **: 15:35:15.282: gdk_cursor_new_for_display: assertion 'GDK_IS_DISPLAY (display)' failed

(DataCollector_Deterministic.py:1852747): Gdk-CRITICAL **: 15:35:15.331: gdk_cursor_new_for_display: assertion 'GDK_IS_DISPLAY (display)' failed

(DataCollector_Deterministic.py:1852755): Gdk-CRITICAL **: 15:35:15.347: gdk_cursor_new_for_display: assertion 'GDK_IS_DISPLAY (display)' failed

(DataCollector_Deterministic.py:1854015): Gdk-CRITICAL **: 15:35:15.374: gdk_cursor_new_for_display: assertion 'GDK_IS_DISPLAY (display)' failed

(DataCollector_Deterministic.py:1854214): Gdk-CRITICAL **: 15:35:15.391: gdk_cursor_new_for_display: assertion 'GDK_IS_DISPLAY (display)' failed
Unable to init server: Could not connect: Connection refused
Unable to init server: Could not connect: Connection refused

(DataCollector_Deterministic.py:1852502): Gdk-CRITICAL **: 15:35:15.512: gdk_cursor_new_for_display: assertion 'GDK_IS_DISPLAY (display)' failed

(DataCollector_Deterministic.py:1853460): Gdk-CRITICAL **: 15:35:15.796: gdk_cursor_new_for_display: assertion 'GDK_IS_DISPLAY (display)' failed
Initalising...
Running Sim...

Data Dump...
Initalising...
Running Sim...

Data Dump...
Initalising...
Running Sim...

Data Dump...
Initalising...
Running Sim...

Data Dump...
Initalising...
Running Sim...

Data Dump...
Initalising...
Running Sim...
.Initalising...
Running Sim...
.Initalising...
Running Sim...
.Initalising...
Running Sim...
.Initalising...
Running Sim...
.Initalising...
Running Sim...
.Initalising...
Running Sim...
.Initalising...
Running Sim...
.Initalising...
Running Sim...
.Initalising...
Running Sim...
.Initalising...
Running Sim...
.Initalising...
Running Sim...
.Initalising...
Running Sim...
.Initalising...
Running Sim...
.Initalising...
Running Sim...
.Initalising...
Running Sim...
.Initalising...
Running Sim...
.Initalising...
Running Sim...
.Initalising...
Running Sim...
.Initalising...
Running Sim...
.Initalising...
Running Sim...
.Initalising...
Running Sim...
.Initalising...
Running Sim...
.Initalising...
Running Sim...
.Initalising...
Running Sim...
.Initalising...
Running Sim...
.Initalising...
Running Sim...
.Initalising...
Running Sim...
.Initalising...
Running Sim...
.Initalising...
Running Sim...
.Initalising...
Running Sim...
.Initalising...
Running Sim...
.Initalising...
Running Sim...
.Initalising...
Running Sim...
.Initalising...
Running Sim...
.Initalising...
Running Sim...
.Initalising...
Running Sim...
.Initalising...
Running Sim...
.Initalising...
Running Sim...
.Initalising...
Running Sim...
.Initalising...
Running Sim...
.Initalising...
Running Sim...
.Initalising...
Running Sim...
.Initalising...
Running Sim...
.Initalising...
Running Sim...
.Initalising...
Running Sim...
.Initalising...
Running Sim...
.Initalising...
Running Sim...
.Initalising...
Running Sim...
.Initalising...
Running Sim...
.Initalising...
Running Sim...
.Initalising...
Running Sim...
.Initalising...
Running Sim...
.Initalising...
Running Sim...
.Initalising...
Running Sim...
.Initalising...
Running Sim...
.Initalising...
Running Sim...
.Initalising...
Running Sim...
.Initalising...
Running Sim...
.Initalising...
Running Sim...
.Initalising...
Running Sim...
.Initalising...
Running Sim...
.Initalising...
Running Sim...
.Initalising...
Running Sim...
.Initalising...
Running Sim...
.Initalising...
Running Sim...
.Initalising...
Running Sim...
.Initalising...
Running Sim...
.Initalising...
Running Sim...
.Initalising...
Running Sim...
.Initalising...
Running Sim...
.Initalising...
Running Sim...
.Initalising...
Running Sim...
.Initalising...
Running Sim...
.Initalising...
Running Sim...
.Initalising...
Running Sim...
.Initalising...
Running Sim...
.Initalising...
Running Sim...
.Initalising...
Running Sim...
.Initalising...
Running Sim...
.Initalising...
Running Sim...
.Initalising...
Running Sim...
.Initalising...
Running Sim...
.Initalising...
Running Sim...
.Initalising...
Running Sim...
.Initalising...
Running Sim...
.Initalising...
Running Sim...
.Initalising...
Running Sim...
.Initalising...
Running Sim...
.Initalising...
Running Sim...
.Initalising...
Running Sim...
.Initalising...
Running Sim...
.Initalising...
Running Sim...
.Initalising...
Running Sim...
.Initalising...
Running Sim...
.........................................................................................................................................................................................................................................................................................................................................................................................................................................................................................................................................................................................................................................................................................................................................................................................................................................................
[1698 8301]
....................
[1708 8291]
...
[1758 8242]
.
[1767 8238]
.
[1797 8207]
.
[1789 8221]
.
[1714 8289]
.
[1751 8251]
.
[1735 8264]
.
[1759 8241]
.
[1719 8281]
.
[1833 8182]
.
[1711 8291]
...
[1865 8157]
.
[1742 8261]
.
[1700 8300]
.
[1730 8279]
.
[1818 8208]
.
[1839 8176]
.
[1723 8278]
.
[1929 8104]
.
[1739 8267]
.
[1756 8258]
.
[1715 8284]
..
[1668 8331]
.
[1725 8276]
.
[1745 8262]
.
[1982 8053]
.
[1765 8237]
.
[1964 8065]
.
[1811 8193]
.
[1716 8288]
.
[1759 8243]
.
[1969 8072]
...
[1671 8328]
.
[1920 8117]
.
[1962 8072]
.
[1724 8279]
.
[1930 8102]
.
[1730 8269]
.
[2128 7934]
.
[1818 8190]
.
[2062 7994]
...
[1772 8238]
..
[2091 7945]
.
[1710 8289]
.
[1773 8240]
.
[1685 8318]
..
[2320 7758]
.
[1743 8260]
.
[1734 8265]
.
[1657 8344]
.
[1777 8236]
..
[1705 8296]
.
[1742 8259]
.
[2052 8000]
.
[1712 8296]
.
[2267 7801]
.
[1727 8273]
.
[1938 8100]
.
[1846 8182]
.
[1742 8258]
.
[8839 1171]
..
[2286 7822]
.
[2280 7785]
.
[1832 8180]
.
[2762 7326]
.
[1797 8213]
.
[1878 8162]
.
[1679 8324]
.
[2417 7674]
.
[1693 8306]
......
[2803 7337]
......
[2786 7292]
........
[2358 7718]
........
[3368 6761]
..
[3129 6981]
.
[3301 6835]
....
[3632 6571]
....
[3239 6912]
...
[3433 6668]
..
[3960 6216]
...........
[3333 6816]
...
[3248 6864]
..
[2990 7174]
.....
[4336 5901]
....
[3766 6407]
..........
[6600 3587]
.
[5690 4502]
.
[2950 7144]
...
[5610 4638]
............
[5876 4308]
.....
[5172 4988]
....................
[4506 5674]
........
[6912 3248]
.................................................................................................................................................................................................................................................................................................
Data Dump...
..................................................
Data Dump...
....................
Data Dump...
...............................
Data Dump...
...........................
Data Dump...
......
[ 57 126]

Data Dump...
..................
[ 33 303]

Data Dump...
.........
[36 37]

Data Dump...
...........
[ 46 412]

Data Dump...
...............
[ 54 563]

Data Dump...
................
[ 48 587]

Data Dump...
......
[ 42 152]

Data Dump...
.
[ 31 190]

Data Dump...
.
[ 39 771]

Data Dump...

[ 40 731]

Data Dump...
..
[ 43 356]

Data Dump...
.......
[ 43 471]

Data Dump...
.......
[ 55 181]

Data Dump...
........
[ 46 493]

Data Dump...

[ 33 582]

Data Dump...
......
[ 41 906]
...
Data Dump...
.....
[ 34 631]

Data Dump...
....
[  44 1036]
.....
[  43 1095]
.
[  37 1022]
....
[  52 1085]
......
Data Dump...
.......
Data Dump...

Data Dump...

Data Dump...

[  44 1054]
....
[  42 1084]
.
[  49 1247]
.....
Data Dump...

Data Dump...
.
[ 30 940]
.
[  53 1223]
..
[  68 1382]
..
Data Dump...
.
[  70 1356]
.
[  37 1323]
....
[  64 1328]
..
Data Dump...
....
[  65 1339]
......
[  67 1487]
....
Data Dump...
...
Data Dump...
....
[  63 1374]
..
[  68 1389]
...
Data Dump...
.........
Data Dump...
........
[  57 1394]
.
Data Dump...
..
Data Dump...
..........
[  93 1540]
..
[  88 1512]
..
Data Dump...
....
[1552    8]
....
Data Dump...

Data Dump...
........
[  83 1696]
......
[ 108 1491]
..
Data Dump...
..
[  80 1508]
...
[ 127 1627]
...........
[ 100 1732]
..............
[ 123 1780]
..
[ 115 1623]
.......
[ 152 1658]
..
Data Dump...
....
[ 163 1549]
.
[ 152 1659]
........
[ 201 1334]
.
[ 222 1742]
..
Data Dump...
..
[ 119 1515]
...
[ 167 1606]
..
Data Dump...

[ 118 1259]
.....
Data Dump...
.
[ 160 1412]
..
[ 233 1493]
..
[ 253 1164]
.....
[ 247 1434]
....
Data Dump...
..........
[ 297 1319]
..
[ 202 1853]
..
[ 188 1557]
.
[ 255 1563]
.
[ 217 1734]
..........
Data Dump...
....
Data Dump...
.......
Data Dump...
...
[ 319 1449]
........
Data Dump...
..
Data Dump...
..
[ 410 1232]
.....
[ 296 1611]
.
[ 412 1299]
..........................
Data Dump...
.......
Data Dump...
.
[ 454 1537]
........
[ 400 1267]
......
[ 670 1083]
....
Data Dump...
.....
Data Dump...
.....
Data Dump...

Data Dump...
........
[ 657 1475]
..
Data Dump...
....
[1958  103]
.....
Data Dump...
....
[ 543 1405]
.
[822 906]
..
[ 734 1147]
.
[987 672]
.
[770 801]
.
Data Dump...
..
[ 965 1051]
.
Data Dump...
.....
Data Dump...
.
[1044  614]
.
[1013 1088]
.
[ 770 1080]
.
[888 733]
.
[1768  181]
.
[1993   92]
.
Data Dump...

[760 969]
.....
[1466  675]
..
Data Dump...

Data Dump...
.
[1661  375]
.
Data Dump...
...
[929 696]
.
[1008  786]
..
[1660  241]
.............
Data Dump...

[1306  560]
.
Data Dump...
.................
Data Dump...
..
Data Dump...
.......................
Data Dump...
...
Data Dump...
............
Data Dump...
..................
Data Dump...
...............
Data Dump...
..
Data Dump...
.....................
Data Dump...

Data Dump...
........
Data Dump...

Data Dump...

Data Dump...
....
Data Dump...
.....
Data Dump...
.
Data Dump...
.
Data Dump...
.
Data Dump...

Data Dump...

Data Dump...
...
Data Dump...
.
Data Dump...

Data Dump...
..
Data Dump...
..
Data Dump...

Data Dump...
.
Data Dump...
.
Data Dump...
High 1 9
Done
