Unable to init server: Could not connect: Connection refused
Unable to init server: Could not connect: Connection refused

(DataCollector_Deterministic.py:3823553): Gdk-CRITICAL **: 08:46:54.493: gdk_cursor_new_for_display: assertion 'GDK_IS_DISPLAY (display)' failed
Unable to init server: Could not connect: Connection refused
Unable to init server: Could not connect: Connection refused

(DataCollector_Deterministic.py:3823522): Gdk-CRITICAL **: 08:46:59.084: gdk_cursor_new_for_display: assertion 'GDK_IS_DISPLAY (display)' failed
Unable to init server: Could not connect: Connection refused
Unable to init server: Could not connect: Connection refused
Unable to init server: Could not connect: Connection refused

(DataCollector_Deterministic.py:3825170): Gdk-CRITICAL **: 08:46:59.351: gdk_cursor_new_for_display: assertion 'GDK_IS_DISPLAY (display)' failed
Unable to init server: Could not connect: Connection refused
Unable to init server: Could not connect: Connection refused

(DataCollector_Deterministic.py:3825139): Gdk-CRITICAL **: 08:46:59.494: gdk_cursor_new_for_display: assertion 'GDK_IS_DISPLAY (display)' failed
Unable to init server: Could not connect: Connection refused
Unable to init server: Could not connect: Connection refused

(DataCollector_Deterministic.py:3824822): Gdk-CRITICAL **: 08:46:59.577: gdk_cursor_new_for_display: assertion 'GDK_IS_DISPLAY (display)' failed
Unable to init server: Could not connect: Connection refused
Unable to init server: Could not connect: Connection refused

(DataCollector_Deterministic.py:3823336): Gdk-CRITICAL **: 08:47:00.474: gdk_cursor_new_for_display: assertion 'GDK_IS_DISPLAY (display)' failed
Unable to init server: Could not connect: Connection refused
Unable to init server: Could not connect: Connection refused

(DataCollector_Deterministic.py:3824728): Gdk-CRITICAL **: 08:47:01.299: gdk_cursor_new_for_display: assertion 'GDK_IS_DISPLAY (display)' failed
Unable to init server: Could not connect: Connection refused
Unable to init server: Could not connect: Connection refused

(DataCollector_Deterministic.py:3824027): Gdk-CRITICAL **: 08:47:01.618: gdk_cursor_new_for_display: assertion 'GDK_IS_DISPLAY (display)' failed
Unable to init server: Could not connect: Connection refused

(DataCollector_Deterministic.py:3825057): Gdk-CRITICAL **: 08:47:01.671: gdk_cursor_new_for_display: assertion 'GDK_IS_DISPLAY (display)' failed
Unable to init server: Could not connect: Connection refused
Unable to init server: Could not connect: Connection refused

(DataCollector_Deterministic.py:3823413): Gdk-CRITICAL **: 08:47:02.089: gdk_cursor_new_for_display: assertion 'GDK_IS_DISPLAY (display)' failed
Unable to init server: Could not connect: Connection refused
Unable to init server: Could not connect: Connection refused
Unable to init server: Could not connect: Connection refused
Unable to init server: Could not connect: Connection refused
Unable to init server: Could not connect: Connection refused
Unable to init server: Could not connect: Connection refused
Unable to init server: Could not connect: Connection refused
Unable to init server: Could not connect: Connection refused
Unable to init server: Could not connect: Connection refused
Unable to init server: Could not connect: Connection refused

(DataCollector_Deterministic.py:3825132): Gdk-CRITICAL **: 08:47:03.883: gdk_cursor_new_for_display: assertion 'GDK_IS_DISPLAY (display)' failed
Unable to init server: Could not connect: Connection refused
Unable to init server: Could not connect: Connection refused

(DataCollector_Deterministic.py:3824386): Gdk-CRITICAL **: 08:47:03.896: gdk_cursor_new_for_display: assertion 'GDK_IS_DISPLAY (display)' failed
Unable to init server: Could not connect: Connection refused

(DataCollector_Deterministic.py:3824352): Gdk-CRITICAL **: 08:47:03.931: gdk_cursor_new_for_display: assertion 'GDK_IS_DISPLAY (display)' failed
Unable to init server: Could not connect: Connection refused

(DataCollector_Deterministic.py:3824155): Gdk-CRITICAL **: 08:47:03.934: gdk_cursor_new_for_display: assertion 'GDK_IS_DISPLAY (display)' failed
Unable to init server: Could not connect: Connection refused

(DataCollector_Deterministic.py:3823397): Gdk-CRITICAL **: 08:47:03.954: gdk_cursor_new_for_display: assertion 'GDK_IS_DISPLAY (display)' failed
Unable to init server: Could not connect: Connection refused

(DataCollector_Deterministic.py:3824616): Gdk-CRITICAL **: 08:47:03.965: gdk_cursor_new_for_display: assertion 'GDK_IS_DISPLAY (display)' failed
Unable to init server: Could not connect: Connection refused

(DataCollector_Deterministic.py:3824254): Gdk-CRITICAL **: 08:47:03.990: gdk_cursor_new_for_display: assertion 'GDK_IS_DISPLAY (display)' failed
Unable to init server: Could not connect: Connection refused
Unable to init server: Could not connect: Connection refused

(DataCollector_Deterministic.py:3823652): Gdk-CRITICAL **: 08:47:04.029: gdk_cursor_new_for_display: assertion 'GDK_IS_DISPLAY (display)' failed
Unable to init server: Could not connect: Connection refused
Unable to init server: Could not connect: Connection refused

(DataCollector_Deterministic.py:3824013): Gdk-CRITICAL **: 08:47:04.355: gdk_cursor_new_for_display: assertion 'GDK_IS_DISPLAY (display)' failed
Unable to init server: Could not connect: Connection refused

(DataCollector_Deterministic.py:3824203): Gdk-CRITICAL **: 08:47:04.518: gdk_cursor_new_for_display: assertion 'GDK_IS_DISPLAY (display)' failed
Unable to init server: Could not connect: Connection refused

(DataCollector_Deterministic.py:3824300): Gdk-CRITICAL **: 08:47:04.686: gdk_cursor_new_for_display: assertion 'GDK_IS_DISPLAY (display)' failed
Unable to init server: Could not connect: Connection refused

(DataCollector_Deterministic.py:3823995): Gdk-CRITICAL **: 08:47:04.858: gdk_cursor_new_for_display: assertion 'GDK_IS_DISPLAY (display)' failed
Unable to init server: Could not connect: Connection refused
Unable to init server: Could not connect: Connection refused
Unable to init server: Could not connect: Connection refused
Unable to init server: Could not connect: Connection refused

(DataCollector_Deterministic.py:3823752): Gdk-CRITICAL **: 08:47:05.666: gdk_cursor_new_for_display: assertion 'GDK_IS_DISPLAY (display)' failed
Unable to init server: Could not connect: Connection refused

(DataCollector_Deterministic.py:3823440): Gdk-CRITICAL **: 08:47:05.806: gdk_cursor_new_for_display: assertion 'GDK_IS_DISPLAY (display)' failed
Unable to init server: Could not connect: Connection refused

(DataCollector_Deterministic.py:3824293): Gdk-CRITICAL **: 08:47:05.905: gdk_cursor_new_for_display: assertion 'GDK_IS_DISPLAY (display)' failed
Unable to init server: Could not connect: Connection refused
Unable to init server: Could not connect: Connection refused

(DataCollector_Deterministic.py:3825207): Gdk-CRITICAL **: 08:47:06.849: gdk_cursor_new_for_display: assertion 'GDK_IS_DISPLAY (display)' failed
Unable to init server: Could not connect: Connection refused
Unable to init server: Could not connect: Connection refused
Unable to init server: Could not connect: Connection refused
Unable to init server: Could not connect: Connection refused
Unable to init server: Could not connect: Connection refused
Unable to init server: Could not connect: Connection refused
Unable to init server: Could not connect: Connection refused
Unable to init server: Could not connect: Connection refused
Unable to init server: Could not connect: Connection refused
Unable to init server: Could not connect: Connection refused
Unable to init server: Could not connect: Connection refused

(DataCollector_Deterministic.py:3823347): Gdk-CRITICAL **: 08:47:10.879: gdk_cursor_new_for_display: assertion 'GDK_IS_DISPLAY (display)' failed
Unable to init server: Could not connect: Connection refused

(DataCollector_Deterministic.py:3824138): Gdk-CRITICAL **: 08:47:11.381: gdk_cursor_new_for_display: assertion 'GDK_IS_DISPLAY (display)' failed
Unable to init server: Could not connect: Connection refused

(DataCollector_Deterministic.py:3823429): Gdk-CRITICAL **: 08:47:11.665: gdk_cursor_new_for_display: assertion 'GDK_IS_DISPLAY (display)' failed
Unable to init server: Could not connect: Connection refused

(DataCollector_Deterministic.py:3824468): Gdk-CRITICAL **: 08:47:11.676: gdk_cursor_new_for_display: assertion 'GDK_IS_DISPLAY (display)' failed
Unable to init server: Could not connect: Connection refused

(DataCollector_Deterministic.py:3825202): Gdk-CRITICAL **: 08:47:11.679: gdk_cursor_new_for_display: assertion 'GDK_IS_DISPLAY (display)' failed
Unable to init server: Could not connect: Connection refused

(DataCollector_Deterministic.py:3823378): Gdk-CRITICAL **: 08:47:11.764: gdk_cursor_new_for_display: assertion 'GDK_IS_DISPLAY (display)' failed
Unable to init server: Could not connect: Connection refused
Unable to init server: Could not connect: Connection refused

(DataCollector_Deterministic.py:3824379): Gdk-CRITICAL **: 08:47:11.792: gdk_cursor_new_for_display: assertion 'GDK_IS_DISPLAY (display)' failed

(DataCollector_Deterministic.py:3824808): Gdk-CRITICAL **: 08:47:11.795: gdk_cursor_new_for_display: assertion 'GDK_IS_DISPLAY (display)' failed
Unable to init server: Could not connect: Connection refused

(DataCollector_Deterministic.py:3825155): Gdk-CRITICAL **: 08:47:11.856: gdk_cursor_new_for_display: assertion 'GDK_IS_DISPLAY (display)' failed
Unable to init server: Could not connect: Connection refused

(DataCollector_Deterministic.py:3824413): Gdk-CRITICAL **: 08:47:11.968: gdk_cursor_new_for_display: assertion 'GDK_IS_DISPLAY (display)' failed
Unable to init server: Could not connect: Connection refused
Unable to init server: Could not connect: Connection refused
Unable to init server: Could not connect: Connection refused
Unable to init server: Could not connect: Connection refused
Unable to init server: Could not connect: Connection refused
Unable to init server: Could not connect: Connection refused
Unable to init server: Could not connect: Connection refused
Unable to init server: Could not connect: Connection refused
Unable to init server: Could not connect: Connection refused

(DataCollector_Deterministic.py:3824519): Gdk-CRITICAL **: 08:47:17.837: gdk_cursor_new_for_display: assertion 'GDK_IS_DISPLAY (display)' failed
Unable to init server: Could not connect: Connection refused
Unable to init server: Could not connect: Connection refused
Unable to init server: Could not connect: Connection refused
Unable to init server: Could not connect: Connection refused
Unable to init server: Could not connect: Connection refused

(DataCollector_Deterministic.py:3823774): Gdk-CRITICAL **: 08:47:18.344: gdk_cursor_new_for_display: assertion 'GDK_IS_DISPLAY (display)' failed
Unable to init server: Could not connect: Connection refused
Unable to init server: Could not connect: Connection refused
Unable to init server: Could not connect: Connection refused

(DataCollector_Deterministic.py:3823970): Gdk-CRITICAL **: 08:47:18.514: gdk_cursor_new_for_display: assertion 'GDK_IS_DISPLAY (display)' failed
Unable to init server: Could not connect: Connection refused

(DataCollector_Deterministic.py:3823650): Gdk-CRITICAL **: 08:47:18.521: gdk_cursor_new_for_display: assertion 'GDK_IS_DISPLAY (display)' failed
Unable to init server: Could not connect: Connection refused

(DataCollector_Deterministic.py:3824393): Gdk-CRITICAL **: 08:47:18.593: gdk_cursor_new_for_display: assertion 'GDK_IS_DISPLAY (display)' failed
Unable to init server: Could not connect: Connection refused
Unable to init server: Could not connect: Connection refused
Unable to init server: Could not connect: Connection refused
Unable to init server: Could not connect: Connection refused
Unable to init server: Could not connect: Connection refused
Unable to init server: Could not connect: Connection refused
Unable to init server: Could not connect: Connection refused

(DataCollector_Deterministic.py:3823450): Gdk-CRITICAL **: 08:47:18.761: gdk_cursor_new_for_display: assertion 'GDK_IS_DISPLAY (display)' failed
Unable to init server: Could not connect: Connection refused
Unable to init server: Could not connect: Connection refused
Unable to init server: Could not connect: Connection refused

(DataCollector_Deterministic.py:3824757): Gdk-CRITICAL **: 08:47:18.789: gdk_cursor_new_for_display: assertion 'GDK_IS_DISPLAY (display)' failed
Unable to init server: Could not connect: Connection refused

(DataCollector_Deterministic.py:3824565): Gdk-CRITICAL **: 08:47:18.961: gdk_cursor_new_for_display: assertion 'GDK_IS_DISPLAY (display)' failed
Unable to init server: Could not connect: Connection refused

(DataCollector_Deterministic.py:3823584): Gdk-CRITICAL **: 08:47:19.029: gdk_cursor_new_for_display: assertion 'GDK_IS_DISPLAY (display)' failed
Unable to init server: Could not connect: Connection refused

(DataCollector_Deterministic.py:3824426): Gdk-CRITICAL **: 08:47:19.201: gdk_cursor_new_for_display: assertion 'GDK_IS_DISPLAY (display)' failed
Unable to init server: Could not connect: Connection refused

(DataCollector_Deterministic.py:3824997): Gdk-CRITICAL **: 08:47:19.205: gdk_cursor_new_for_display: assertion 'GDK_IS_DISPLAY (display)' failed
Unable to init server: Could not connect: Connection refused

(DataCollector_Deterministic.py:3823870): Gdk-CRITICAL **: 08:47:19.231: gdk_cursor_new_for_display: assertion 'GDK_IS_DISPLAY (display)' failed
Unable to init server: Could not connect: Connection refused

(DataCollector_Deterministic.py:3824963): Gdk-CRITICAL **: 08:47:19.249: gdk_cursor_new_for_display: assertion 'GDK_IS_DISPLAY (display)' failed
Unable to init server: Could not connect: Connection refused

(DataCollector_Deterministic.py:3825074): Gdk-CRITICAL **: 08:47:19.453: gdk_cursor_new_for_display: assertion 'GDK_IS_DISPLAY (display)' failed
Unable to init server: Could not connect: Connection refused

(DataCollector_Deterministic.py:3823980): Gdk-CRITICAL **: 08:47:19.469: gdk_cursor_new_for_display: assertion 'GDK_IS_DISPLAY (display)' failed
Unable to init server: Could not connect: Connection refused

(DataCollector_Deterministic.py:3824990): Gdk-CRITICAL **: 08:47:19.477: gdk_cursor_new_for_display: assertion 'GDK_IS_DISPLAY (display)' failed
Unable to init server: Could not connect: Connection refused

(DataCollector_Deterministic.py:3825177): Gdk-CRITICAL **: 08:47:19.481: gdk_cursor_new_for_display: assertion 'GDK_IS_DISPLAY (display)' failed
Unable to init server: Could not connect: Connection refused

(DataCollector_Deterministic.py:3824492): Gdk-CRITICAL **: 08:47:19.505: gdk_cursor_new_for_display: assertion 'GDK_IS_DISPLAY (display)' failed
Unable to init server: Could not connect: Connection refused

(DataCollector_Deterministic.py:3824193): Gdk-CRITICAL **: 08:47:19.516: gdk_cursor_new_for_display: assertion 'GDK_IS_DISPLAY (display)' failed
Unable to init server: Could not connect: Connection refused

(DataCollector_Deterministic.py:3823812): Gdk-CRITICAL **: 08:47:19.521: gdk_cursor_new_for_display: assertion 'GDK_IS_DISPLAY (display)' failed
Unable to init server: Could not connect: Connection refused

(DataCollector_Deterministic.py:3823616): Gdk-CRITICAL **: 08:47:19.529: gdk_cursor_new_for_display: assertion 'GDK_IS_DISPLAY (display)' failed
Unable to init server: Could not connect: Connection refused

(DataCollector_Deterministic.py:3824656): Gdk-CRITICAL **: 08:47:19.597: gdk_cursor_new_for_display: assertion 'GDK_IS_DISPLAY (display)' failed
Unable to init server: Could not connect: Connection refused
Unable to init server: Could not connect: Connection refused
Unable to init server: Could not connect: Connection refused
Unable to init server: Could not connect: Connection refused
Unable to init server: Could not connect: Connection refused
Unable to init server: Could not connect: Connection refused
Unable to init server: Could not connect: Connection refused
Unable to init server: Could not connect: Connection refused
Unable to init server: Could not connect: Connection refused
Unable to init server: Could not connect: Connection refused
Unable to init server: Could not connect: Connection refused
Unable to init server: Could not connect: Connection refused
Unable to init server: Could not connect: Connection refused
Unable to init server: Could not connect: Connection refused
Unable to init server: Could not connect: Connection refused
Unable to init server: Could not connect: Connection refused
Unable to init server: Could not connect: Connection refused
Unable to init server: Could not connect: Connection refused
Unable to init server: Could not connect: Connection refused
Unable to init server: Could not connect: Connection refused
Unable to init server: Could not connect: Connection refused
Unable to init server: Could not connect: Connection refused
Unable to init server: Could not connect: Connection refused
Unable to init server: Could not connect: Connection refused
Unable to init server: Could not connect: Connection refused
Unable to init server: Could not connect: Connection refused
Unable to init server: Could not connect: Connection refused
Unable to init server: Could not connect: Connection refused
Unable to init server: Could not connect: Connection refused
Unable to init server: Could not connect: Connection refused
Unable to init server: Could not connect: Connection refused
Unable to init server: Could not connect: Connection refused
Unable to init server: Could not connect: Connection refused
Unable to init server: Could not connect: Connection refused
Unable to init server: Could not connect: Connection refused
Unable to init server: Could not connect: Connection refused
Unable to init server: Could not connect: Connection refused
Unable to init server: Could not connect: Connection refused
Unable to init server: Could not connect: Connection refused
Unable to init server: Could not connect: Connection refused
Unable to init server: Could not connect: Connection refused
Unable to init server: Could not connect: Connection refused
Unable to init server: Could not connect: Connection refused

(DataCollector_Deterministic.py:3824208): Gdk-CRITICAL **: 08:47:22.770: gdk_cursor_new_for_display: assertion 'GDK_IS_DISPLAY (display)' failed
Unable to init server: Could not connect: Connection refused

(DataCollector_Deterministic.py:3823366): Gdk-CRITICAL **: 08:47:22.785: gdk_cursor_new_for_display: assertion 'GDK_IS_DISPLAY (display)' failed
Unable to init server: Could not connect: Connection refused

(DataCollector_Deterministic.py:3823641): Gdk-CRITICAL **: 08:47:22.814: gdk_cursor_new_for_display: assertion 'GDK_IS_DISPLAY (display)' failed
Unable to init server: Could not connect: Connection refused

(DataCollector_Deterministic.py:3824860): Gdk-CRITICAL **: 08:47:22.825: gdk_cursor_new_for_display: assertion 'GDK_IS_DISPLAY (display)' failed
Unable to init server: Could not connect: Connection refused
Unable to init server: Could not connect: Connection refused

(DataCollector_Deterministic.py:3825095): Gdk-CRITICAL **: 08:47:22.857: gdk_cursor_new_for_display: assertion 'GDK_IS_DISPLAY (display)' failed
Unable to init server: Could not connect: Connection refused

(DataCollector_Deterministic.py:3823459): Gdk-CRITICAL **: 08:47:22.861: gdk_cursor_new_for_display: assertion 'GDK_IS_DISPLAY (display)' failed
Unable to init server: Could not connect: Connection refused

(DataCollector_Deterministic.py:3825137): Gdk-CRITICAL **: 08:47:22.865: gdk_cursor_new_for_display: assertion 'GDK_IS_DISPLAY (display)' failed

(DataCollector_Deterministic.py:3824779): Gdk-CRITICAL **: 08:47:22.885: gdk_cursor_new_for_display: assertion 'GDK_IS_DISPLAY (display)' failed
Unable to init server: Could not connect: Connection refused

(DataCollector_Deterministic.py:3823598): Gdk-CRITICAL **: 08:47:22.893: gdk_cursor_new_for_display: assertion 'GDK_IS_DISPLAY (display)' failed
Unable to init server: Could not connect: Connection refused

(DataCollector_Deterministic.py:3824702): Gdk-CRITICAL **: 08:47:22.905: gdk_cursor_new_for_display: assertion 'GDK_IS_DISPLAY (display)' failed
Unable to init server: Could not connect: Connection refused

(DataCollector_Deterministic.py:3825015): Gdk-CRITICAL **: 08:47:22.909: gdk_cursor_new_for_display: assertion 'GDK_IS_DISPLAY (display)' failed
Unable to init server: Could not connect: Connection refused

(DataCollector_Deterministic.py:3823692): Gdk-CRITICAL **: 08:47:22.917: gdk_cursor_new_for_display: assertion 'GDK_IS_DISPLAY (display)' failed
Unable to init server: Could not connect: Connection refused

(DataCollector_Deterministic.py:3823935): Gdk-CRITICAL **: 08:47:22.921: gdk_cursor_new_for_display: assertion 'GDK_IS_DISPLAY (display)' failed
Unable to init server: Could not connect: Connection refused

(DataCollector_Deterministic.py:3823838): Gdk-CRITICAL **: 08:47:22.952: gdk_cursor_new_for_display: assertion 'GDK_IS_DISPLAY (display)' failed
Unable to init server: Could not connect: Connection refused

(DataCollector_Deterministic.py:3824772): Gdk-CRITICAL **: 08:47:22.957: gdk_cursor_new_for_display: assertion 'GDK_IS_DISPLAY (display)' failed
Unable to init server: Could not connect: Connection refused

(DataCollector_Deterministic.py:3825016): Gdk-CRITICAL **: 08:47:22.965: gdk_cursor_new_for_display: assertion 'GDK_IS_DISPLAY (display)' failed
Unable to init server: Could not connect: Connection refused

(DataCollector_Deterministic.py:3824231): Gdk-CRITICAL **: 08:47:22.977: gdk_cursor_new_for_display: assertion 'GDK_IS_DISPLAY (display)' failed
Unable to init server: Could not connect: Connection refused

(DataCollector_Deterministic.py:3823908): Gdk-CRITICAL **: 08:47:22.981: gdk_cursor_new_for_display: assertion 'GDK_IS_DISPLAY (display)' failed
Unable to init server: Could not connect: Connection refused

(DataCollector_Deterministic.py:3825145): Gdk-CRITICAL **: 08:47:22.985: gdk_cursor_new_for_display: assertion 'GDK_IS_DISPLAY (display)' failed
Unable to init server: Could not connect: Connection refused

(DataCollector_Deterministic.py:3824045): Gdk-CRITICAL **: 08:47:22.989: gdk_cursor_new_for_display: assertion 'GDK_IS_DISPLAY (display)' failed
Unable to init server: Could not connect: Connection refused

(DataCollector_Deterministic.py:3824583): Gdk-CRITICAL **: 08:47:22.993: gdk_cursor_new_for_display: assertion 'GDK_IS_DISPLAY (display)' failed
Unable to init server: Could not connect: Connection refused

(DataCollector_Deterministic.py:3824124): Gdk-CRITICAL **: 08:47:22.997: gdk_cursor_new_for_display: assertion 'GDK_IS_DISPLAY (display)' failed
Unable to init server: Could not connect: Connection refused

(DataCollector_Deterministic.py:3824338): Gdk-CRITICAL **: 08:47:23.001: gdk_cursor_new_for_display: assertion 'GDK_IS_DISPLAY (display)' failed
Unable to init server: Could not connect: Connection refused

(DataCollector_Deterministic.py:3824716): Gdk-CRITICAL **: 08:47:23.005: gdk_cursor_new_for_display: assertion 'GDK_IS_DISPLAY (display)' failed
Unable to init server: Could not connect: Connection refused

(DataCollector_Deterministic.py:3825217): Gdk-CRITICAL **: 08:47:23.009: gdk_cursor_new_for_display: assertion 'GDK_IS_DISPLAY (display)' failed
Unable to init server: Could not connect: Connection refused

(DataCollector_Deterministic.py:3824631): Gdk-CRITICAL **: 08:47:23.029: gdk_cursor_new_for_display: assertion 'GDK_IS_DISPLAY (display)' failed
Unable to init server: Could not connect: Connection refused

(DataCollector_Deterministic.py:3823629): Gdk-CRITICAL **: 08:47:23.045: gdk_cursor_new_for_display: assertion 'GDK_IS_DISPLAY (display)' failed
Unable to init server: Could not connect: Connection refused

(DataCollector_Deterministic.py:3824870): Gdk-CRITICAL **: 08:47:23.101: gdk_cursor_new_for_display: assertion 'GDK_IS_DISPLAY (display)' failed
Unable to init server: Could not connect: Connection refused

(DataCollector_Deterministic.py:3823490): Gdk-CRITICAL **: 08:47:23.177: gdk_cursor_new_for_display: assertion 'GDK_IS_DISPLAY (display)' failed
Unable to init server: Could not connect: Connection refused

(DataCollector_Deterministic.py:3823505): Gdk-CRITICAL **: 08:47:23.197: gdk_cursor_new_for_display: assertion 'GDK_IS_DISPLAY (display)' failed
Unable to init server: Could not connect: Connection refused

(DataCollector_Deterministic.py:3823956): Gdk-CRITICAL **: 08:47:23.409: gdk_cursor_new_for_display: assertion 'GDK_IS_DISPLAY (display)' failed
Unable to init server: Could not connect: Connection refused

(DataCollector_Deterministic.py:3824706): Gdk-CRITICAL **: 08:47:23.437: gdk_cursor_new_for_display: assertion 'GDK_IS_DISPLAY (display)' failed
Unable to init server: Could not connect: Connection refused

(DataCollector_Deterministic.py:3824066): Gdk-CRITICAL **: 08:47:23.457: gdk_cursor_new_for_display: assertion 'GDK_IS_DISPLAY (display)' failed
Unable to init server: Could not connect: Connection refused

(DataCollector_Deterministic.py:3824768): Gdk-CRITICAL **: 08:47:23.461: gdk_cursor_new_for_display: assertion 'GDK_IS_DISPLAY (display)' failed
Unable to init server: Could not connect: Connection refused

(DataCollector_Deterministic.py:3824554): Gdk-CRITICAL **: 08:47:23.477: gdk_cursor_new_for_display: assertion 'GDK_IS_DISPLAY (display)' failed
Unable to init server: Could not connect: Connection refused

(DataCollector_Deterministic.py:3824798): Gdk-CRITICAL **: 08:47:23.479: gdk_cursor_new_for_display: assertion 'GDK_IS_DISPLAY (display)' failed
Unable to init server: Could not connect: Connection refused

(DataCollector_Deterministic.py:3824422): Gdk-CRITICAL **: 08:47:23.496: gdk_cursor_new_for_display: assertion 'GDK_IS_DISPLAY (display)' failed
Unable to init server: Could not connect: Connection refused

(DataCollector_Deterministic.py:3824611): Gdk-CRITICAL **: 08:47:23.505: gdk_cursor_new_for_display: assertion 'GDK_IS_DISPLAY (display)' failed
Unable to init server: Could not connect: Connection refused

(DataCollector_Deterministic.py:3824540): Gdk-CRITICAL **: 08:47:23.509: gdk_cursor_new_for_display: assertion 'GDK_IS_DISPLAY (display)' failed
Unable to init server: Could not connect: Connection refused

(DataCollector_Deterministic.py:3824914): Gdk-CRITICAL **: 08:47:23.517: gdk_cursor_new_for_display: assertion 'GDK_IS_DISPLAY (display)' failed
Unable to init server: Could not connect: Connection refused

(DataCollector_Deterministic.py:3824098): Gdk-CRITICAL **: 08:47:23.549: gdk_cursor_new_for_display: assertion 'GDK_IS_DISPLAY (display)' failed
Unable to init server: Could not connect: Connection refused

(DataCollector_Deterministic.py:3825086): Gdk-CRITICAL **: 08:47:23.565: gdk_cursor_new_for_display: assertion 'GDK_IS_DISPLAY (display)' failed
Initalising...
Running Sim...
.Initalising...
Running Sim...
.Initalising...
Running Sim...
.Initalising...
Running Sim...

Data Dump...
Initalising...
Running Sim...

Data Dump...
Initalising...
Running Sim...
.Initalising...
Running Sim...

Data Dump...
Initalising...
Running Sim...

Data Dump...
Initalising...
Running Sim...
.Initalising...
Running Sim...
.Initalising...
Running Sim...
.Initalising...
Running Sim...
.Initalising...
Running Sim...
.Initalising...
Running Sim...
.Initalising...
Running Sim...
.Initalising...
Running Sim...
.Initalising...
Running Sim...
.Initalising...
Running Sim...
.Initalising...
Running Sim...
.Initalising...
Running Sim...
.Initalising...
Running Sim...
.Initalising...
Running Sim...
.Initalising...
Running Sim...
.Initalising...
Running Sim...
.Initalising...
Running Sim...
.Initalising...
Running Sim...
.Initalising...
Running Sim...
.Initalising...
Running Sim...
.Initalising...
Running Sim...
.Initalising...
Running Sim...
.Initalising...
Running Sim...
.Initalising...
Running Sim...
.Initalising...
Running Sim...
.Initalising...
Running Sim...
.Initalising...
Running Sim...
.Initalising...
Running Sim...
.Initalising...
Running Sim...
.Initalising...
Running Sim...
.Initalising...
Running Sim...
.Initalising...
Running Sim...
.Initalising...
Running Sim...
.Initalising...
Running Sim...
.Initalising...
Running Sim...
.Initalising...
Running Sim...
.Initalising...
Running Sim...
.Initalising...
Running Sim...
.Initalising...
Running Sim...
.Initalising...
Running Sim...
.Initalising...
Running Sim...
.Initalising...
Running Sim...
.Initalising...
Running Sim...
.Initalising...
Running Sim...
.Initalising...
Running Sim...
.Initalising...
Running Sim...
.Initalising...
Running Sim...
.Initalising...
Running Sim...
.Initalising...
Running Sim...
.Initalising...
Running Sim...
.Initalising...
Running Sim...
.Initalising...
Running Sim...
.Initalising...
Running Sim...
.Initalising...
Running Sim...
.Initalising...
Running Sim...
.Initalising...
Running Sim...
.Initalising...
Running Sim...
.Initalising...
Running Sim...
.Initalising...
Running Sim...
.Initalising...
Running Sim...
.Initalising...
Running Sim...
.Initalising...
Running Sim...
.Initalising...
Running Sim...
.Initalising...
Running Sim...
.Initalising...
Running Sim...
.Initalising...
Running Sim...
.Initalising...
Running Sim...
.Initalising...
Running Sim...
.Initalising...
Running Sim...
.Initalising...
Running Sim...
.Initalising...
Running Sim...
.Initalising...
Running Sim...
.Initalising...
Running Sim...
........................................................................................................................................................................................................................................................................................................................................................................................................................................................................................................................................................................................................................................................
[1745 8639]
.....
[1691 8668]
...........
[1734 8651]
..
[1714 8653]
.............
[1719 8646]
...............
[8783 1554]
........
[8716 1644]
...........
[1982 8444]
...
[9075 1205]
..
[9250  962]
.
[9014 1240]
.
[8739 1565]
.
[9257  972]
..
[9145 1090]
...
[9122 1083]
.
[9111 1138]
...
[8672 1619]
.
[8660 1688]
.
[8975 1312]
.
[8730 1555]
.
[9236  996]
.
[9051 1204]
.
[8832 1470]
.
[8036 2329]
.
[8448 1876]
.
[7759 2623]
.
[8647 1667]
.
[8582 1755]
..
[2798 7626]
.
[4007 6482]
..
[8611 1658]
.
[9191 1025]
.
[9216  999]
.
[8584 1667]
.
[8373 1965]
.
[8985 1257]
..
[8954 1319]
.
[3313 7152]
.
[7744 2696]
.
[9043 1225]
.
[4052 6437]
..
[3283 7153]
.
[2971 7473]
..
[8642 1633]
..
[6980 3438]
...
[4409 6094]
....
[5224 5301]
..
[8682 1576]
.
[3221 7235]
.
[8543 1714]
..
[3748 6768]
.
[4029 6391]
....
[6439 4015]
.
[7330 3048]
.
[4376 6108]
.
[7180 3244]
.
[5256 5261]
.
[5042 5463]
.
[5187 5340]
.
[5139 5362]
..
[5797 4706]
.
[7413 2989]
.
[4377 6072]
.
[4857 5582]
.
[7131 3218]
..
[5296 5190]
....
[4304 6185]
.
[5910 4577]
..
[4163 6296]
.
[5857 4524]
.
[4748 5703]
...
[7098 3303]
..
[6234 4166]
.
[4698 5782]
.
[4630 5842]
.
[5336 5091]
..............
[5453 4982]
....................................................................................................................................................................................................................
Data Dump...

Data Dump...
.........
Data Dump...
......
Data Dump...
.................
Data Dump...
........
Data Dump...
.....
Data Dump...

Data Dump...
.....
Data Dump...
..
Data Dump...
.
Data Dump...
..
Data Dump...
........
Data Dump...
..........................................................................
[2237   35]
......................
Data Dump...
..............................................................
[2509   13]
................
[2480    6]
.........................
[2614    7]
......
[2551   13]
..............
[ 113 2661]
.......
[2549   14]
.........
[2582   14]
...
[2558   17]
.....
[2494   62]
.................
[2481   37]
..............................
[2493   55]
.....
[2528   32]
..
[2557   20]
.......
[2529   18]
...
[2523   52]
..
[2510   62]
...................
Data Dump...
...
Data Dump...
..
[2531   74]
....
[2461   42]
.........
[2450   41]
.................
[2505   89]
..
[2381  196]
.....
Data Dump...
..
[2493   47]
.....
[2285  278]
....
[2439   37]
................
[ 353 2249]
..........
[2460   40]
.
Data Dump...
................
[2202  335]
.........
[ 393 2263]
..
Data Dump...
...
[ 498 2064]
....
[ 713 1990]
...........
[ 500 2053]
......
[2010  528]
.
[ 398 2318]
...............
[ 713 1918]
..
Data Dump...
....
[ 846 1708]
.
[2117  365]
.
Data Dump...

[ 681 2002]
.
[2043  388]
.....
[2144  300]
.
[2156  237]
.
[ 816 1702]
.
[1126 1471]
.....
[1780  745]
.............
Data Dump...

Data Dump...
.
[ 755 1876]
....
[ 892 1660]
.
[ 752 1874]
......
[1633  865]
.
[1873  562]
.
Data Dump...

[2162  277]
.
[1631  700]
.
[1071 1552]
.
[1076 1570]
.
[1431 1014]
...
[1236 1325]
...
[1531  966]
..
[1015 1513]
...
[1001 1518]
..
[1111 1495]
...
[1252 1206]
..............
[1082 1428]
.......
[1336 1161]
.......
[1424 1042]
.
[ 994 1557]
............................
Data Dump...
.
Data Dump...
....
Data Dump...
.
Data Dump...
.....................
Data Dump...

Data Dump...
............................................
Data Dump...
..
Data Dump...
..............
Data Dump...
.....
Data Dump...
................
Data Dump...
.............
Data Dump...
.................
Data Dump...
.
Data Dump...
.......
Data Dump...
......................
Data Dump...
..............
Data Dump...
.......
Data Dump...
............
Data Dump...
.............
Data Dump...
.
Data Dump...
......
Data Dump...
.....................
Data Dump...
..........
Data Dump...
..
Data Dump...
....
Data Dump...
..
Data Dump...
.....
[81 36]

Data Dump...
....
[48 80]

Data Dump...
....
Data Dump...
...
[61 88]

Data Dump...
......
[87 46]

Data Dump...
...
Data Dump...

[67  8]

Data Dump...
.......
[41 83]

Data Dump...
.....
Data Dump...
...
[59 78]

Data Dump...

[61 87]

Data Dump...
..
[84 34]

Data Dump...
.........
[73 68]

Data Dump...
..
[49 64]

Data Dump...

[77 39]

Data Dump...
.
[58 69]

Data Dump...
.
[87 28]

Data Dump...

[80 43]

Data Dump...

[56 42]

Data Dump...
.
[67 87]

Data Dump...
.
[74 48]

Data Dump...
...
[68 51]

Data Dump...
.
[61 59]

Data Dump...

[62 63]

Data Dump...
.
[55 76]

Data Dump...
.
[71 51]

Data Dump...
No 1 7
Done
slurmstepd-phcompute025: error: Detected 19 oom-kill event(s) in StepId=824562.batch. Some of your processes may have been killed by the cgroup out-of-memory handler.
