Unable to init server: Could not connect: Connection refused
Unable to init server: Could not connect: Connection refused
Unable to init server: Could not connect: Connection refused
Unable to init server: Could not connect: Connection refused
Unable to init server: Could not connect: Connection refused
Unable to init server: Could not connect: Connection refused

(DataCollector_Deterministic.py:10310): Gdk-CRITICAL **: 15:37:09.744: gdk_cursor_new_for_display: assertion 'GDK_IS_DISPLAY (display)' failed
Unable to init server: Could not connect: Connection refused

(DataCollector_Deterministic.py:10458): Gdk-CRITICAL **: 15:37:09.964: gdk_cursor_new_for_display: assertion 'GDK_IS_DISPLAY (display)' failed
Unable to init server: Could not connect: Connection refused

(DataCollector_Deterministic.py:9548): Gdk-CRITICAL **: 15:37:10.045: gdk_cursor_new_for_display: assertion 'GDK_IS_DISPLAY (display)' failed
Unable to init server: Could not connect: Connection refused

(DataCollector_Deterministic.py:9764): Gdk-CRITICAL **: 15:37:10.262: gdk_cursor_new_for_display: assertion 'GDK_IS_DISPLAY (display)' failed
Unable to init server: Could not connect: Connection refused

(DataCollector_Deterministic.py:8981): Gdk-CRITICAL **: 15:37:11.226: gdk_cursor_new_for_display: assertion 'GDK_IS_DISPLAY (display)' failed
Unable to init server: Could not connect: Connection refused
Unable to init server: Could not connect: Connection refused
Unable to init server: Could not connect: Connection refused
Unable to init server: Could not connect: Connection refused
Unable to init server: Could not connect: Connection refused
Unable to init server: Could not connect: Connection refused
Unable to init server: Could not connect: Connection refused
Unable to init server: Could not connect: Connection refused
Unable to init server: Could not connect: Connection refused
Unable to init server: Could not connect: Connection refused
Unable to init server: Could not connect: Connection refused
Unable to init server: Could not connect: Connection refused
Unable to init server: Could not connect: Connection refused
Unable to init server: Could not connect: Connection refused

(DataCollector_Deterministic.py:9813): Gdk-CRITICAL **: 15:37:14.950: gdk_cursor_new_for_display: assertion 'GDK_IS_DISPLAY (display)' failed
Unable to init server: Could not connect: Connection refused
Unable to init server: Could not connect: Connection refused
Unable to init server: Could not connect: Connection refused
Unable to init server: Could not connect: Connection refused
Unable to init server: Could not connect: Connection refused
Unable to init server: Could not connect: Connection refused
Unable to init server: Could not connect: Connection refused

(DataCollector_Deterministic.py:10030): Gdk-CRITICAL **: 15:37:15.365: gdk_cursor_new_for_display: assertion 'GDK_IS_DISPLAY (display)' failed
Unable to init server: Could not connect: Connection refused
Unable to init server: Could not connect: Connection refused
Unable to init server: Could not connect: Connection refused

(DataCollector_Deterministic.py:9275): Gdk-CRITICAL **: 15:37:15.485: gdk_cursor_new_for_display: assertion 'GDK_IS_DISPLAY (display)' failed
Unable to init server: Could not connect: Connection refused
Unable to init server: Could not connect: Connection refused
Unable to init server: Could not connect: Connection refused
Unable to init server: Could not connect: Connection refused

(DataCollector_Deterministic.py:9310): Gdk-CRITICAL **: 15:37:15.803: gdk_cursor_new_for_display: assertion 'GDK_IS_DISPLAY (display)' failed

(DataCollector_Deterministic.py:10061): Gdk-CRITICAL **: 15:37:15.936: gdk_cursor_new_for_display: assertion 'GDK_IS_DISPLAY (display)' failed
Unable to init server: Could not connect: Connection refused
Unable to init server: Could not connect: Connection refused
Unable to init server: Could not connect: Connection refused

(DataCollector_Deterministic.py:9795): Gdk-CRITICAL **: 15:37:16.180: gdk_cursor_new_for_display: assertion 'GDK_IS_DISPLAY (display)' failed
Unable to init server: Could not connect: Connection refused
Unable to init server: Could not connect: Connection refused
Unable to init server: Could not connect: Connection refused
Unable to init server: Could not connect: Connection refused
Unable to init server: Could not connect: Connection refused

(DataCollector_Deterministic.py:10256): Gdk-CRITICAL **: 15:37:16.444: gdk_cursor_new_for_display: assertion 'GDK_IS_DISPLAY (display)' failed
Unable to init server: Could not connect: Connection refused
Unable to init server: Could not connect: Connection refused

(DataCollector_Deterministic.py:10048): Gdk-CRITICAL **: 15:37:16.559: gdk_cursor_new_for_display: assertion 'GDK_IS_DISPLAY (display)' failed
Unable to init server: Could not connect: Connection refused

(DataCollector_Deterministic.py:10303): Gdk-CRITICAL **: 15:37:16.569: gdk_cursor_new_for_display: assertion 'GDK_IS_DISPLAY (display)' failed
Unable to init server: Could not connect: Connection refused

(DataCollector_Deterministic.py:9852): Gdk-CRITICAL **: 15:37:16.812: gdk_cursor_new_for_display: assertion 'GDK_IS_DISPLAY (display)' failed
Unable to init server: Could not connect: Connection refused

(DataCollector_Deterministic.py:10619): Gdk-CRITICAL **: 15:37:16.907: gdk_cursor_new_for_display: assertion 'GDK_IS_DISPLAY (display)' failed
Unable to init server: Could not connect: Connection refused

(DataCollector_Deterministic.py:9886): Gdk-CRITICAL **: 15:37:16.952: gdk_cursor_new_for_display: assertion 'GDK_IS_DISPLAY (display)' failed
Unable to init server: Could not connect: Connection refused

(DataCollector_Deterministic.py:9358): Gdk-CRITICAL **: 15:37:17.029: gdk_cursor_new_for_display: assertion 'GDK_IS_DISPLAY (display)' failed
Unable to init server: Could not connect: Connection refused

(DataCollector_Deterministic.py:9402): Gdk-CRITICAL **: 15:37:17.035: gdk_cursor_new_for_display: assertion 'GDK_IS_DISPLAY (display)' failed
Unable to init server: Could not connect: Connection refused
Unable to init server: Could not connect: Connection refused

(DataCollector_Deterministic.py:9656): Gdk-CRITICAL **: 15:37:17.158: gdk_cursor_new_for_display: assertion 'GDK_IS_DISPLAY (display)' failed
Unable to init server: Could not connect: Connection refused

(DataCollector_Deterministic.py:10638): Gdk-CRITICAL **: 15:37:17.326: gdk_cursor_new_for_display: assertion 'GDK_IS_DISPLAY (display)' failed
Unable to init server: Could not connect: Connection refused
Unable to init server: Could not connect: Connection refused

(DataCollector_Deterministic.py:9823): Gdk-CRITICAL **: 15:37:17.334: gdk_cursor_new_for_display: assertion 'GDK_IS_DISPLAY (display)' failed
Unable to init server: Could not connect: Connection refused

(DataCollector_Deterministic.py:9532): Gdk-CRITICAL **: 15:37:17.354: gdk_cursor_new_for_display: assertion 'GDK_IS_DISPLAY (display)' failed
Unable to init server: Could not connect: Connection refused

(DataCollector_Deterministic.py:9516): Gdk-CRITICAL **: 15:37:17.386: gdk_cursor_new_for_display: assertion 'GDK_IS_DISPLAY (display)' failed
Unable to init server: Could not connect: Connection refused
Unable to init server: Could not connect: Connection refused
Unable to init server: Could not connect: Connection refused
Unable to init server: Could not connect: Connection refused

(DataCollector_Deterministic.py:10244): Gdk-CRITICAL **: 15:37:17.470: gdk_cursor_new_for_display: assertion 'GDK_IS_DISPLAY (display)' failed
Unable to init server: Could not connect: Connection refused
Unable to init server: Could not connect: Connection refused
Unable to init server: Could not connect: Connection refused
Unable to init server: Could not connect: Connection refused
Unable to init server: Could not connect: Connection refused
Unable to init server: Could not connect: Connection refused
Unable to init server: Could not connect: Connection refused
Unable to init server: Could not connect: Connection refused
Unable to init server: Could not connect: Connection refused
Unable to init server: Could not connect: Connection refused

(DataCollector_Deterministic.py:9036): Gdk-CRITICAL **: 15:37:17.795: gdk_cursor_new_for_display: assertion 'GDK_IS_DISPLAY (display)' failed
Unable to init server: Could not connect: Connection refused
Unable to init server: Could not connect: Connection refused
Unable to init server: Could not connect: Connection refused
Unable to init server: Could not connect: Connection refused
Unable to init server: Could not connect: Connection refused
Unable to init server: Could not connect: Connection refused

(DataCollector_Deterministic.py:10111): Gdk-CRITICAL **: 15:37:18.059: gdk_cursor_new_for_display: assertion 'GDK_IS_DISPLAY (display)' failed
Unable to init server: Could not connect: Connection refused
Unable to init server: Could not connect: Connection refused

(DataCollector_Deterministic.py:10668): Gdk-CRITICAL **: 15:37:18.206: gdk_cursor_new_for_display: assertion 'GDK_IS_DISPLAY (display)' failed
Unable to init server: Could not connect: Connection refused

(DataCollector_Deterministic.py:10118): Gdk-CRITICAL **: 15:37:18.258: gdk_cursor_new_for_display: assertion 'GDK_IS_DISPLAY (display)' failed
Unable to init server: Could not connect: Connection refused
Unable to init server: Could not connect: Connection refused

(DataCollector_Deterministic.py:10225): Gdk-CRITICAL **: 15:37:18.308: gdk_cursor_new_for_display: assertion 'GDK_IS_DISPLAY (display)' failed
Unable to init server: Could not connect: Connection refused

(DataCollector_Deterministic.py:9300): Gdk-CRITICAL **: 15:37:18.348: gdk_cursor_new_for_display: assertion 'GDK_IS_DISPLAY (display)' failed
Unable to init server: Could not connect: Connection refused

(DataCollector_Deterministic.py:9640): Gdk-CRITICAL **: 15:37:18.374: gdk_cursor_new_for_display: assertion 'GDK_IS_DISPLAY (display)' failed
Unable to init server: Could not connect: Connection refused
Unable to init server: Could not connect: Connection refused
Unable to init server: Could not connect: Connection refused
Unable to init server: Could not connect: Connection refused

(DataCollector_Deterministic.py:9095): Gdk-CRITICAL **: 15:37:18.418: gdk_cursor_new_for_display: assertion 'GDK_IS_DISPLAY (display)' failed
Unable to init server: Could not connect: Connection refused
Unable to init server: Could not connect: Connection refused

(DataCollector_Deterministic.py:9242): Gdk-CRITICAL **: 15:37:18.840: gdk_cursor_new_for_display: assertion 'GDK_IS_DISPLAY (display)' failed
Unable to init server: Could not connect: Connection refused
Unable to init server: Could not connect: Connection refused
Unable to init server: Could not connect: Connection refused
Unable to init server: Could not connect: Connection refused
Unable to init server: Could not connect: Connection refused
Unable to init server: Could not connect: Connection refused

(DataCollector_Deterministic.py:9674): Gdk-CRITICAL **: 15:37:19.078: gdk_cursor_new_for_display: assertion 'GDK_IS_DISPLAY (display)' failed
Unable to init server: Could not connect: Connection refused
Unable to init server: Could not connect: Connection refused
Unable to init server: Could not connect: Connection refused
Unable to init server: Could not connect: Connection refused

(DataCollector_Deterministic.py:9273): Gdk-CRITICAL **: 15:37:19.183: gdk_cursor_new_for_display: assertion 'GDK_IS_DISPLAY (display)' failed
Unable to init server: Could not connect: Connection refused

(DataCollector_Deterministic.py:10052): Gdk-CRITICAL **: 15:37:19.274: gdk_cursor_new_for_display: assertion 'GDK_IS_DISPLAY (display)' failed
Unable to init server: Could not connect: Connection refused
Unable to init server: Could not connect: Connection refused

(DataCollector_Deterministic.py:9829): Gdk-CRITICAL **: 15:37:19.314: gdk_cursor_new_for_display: assertion 'GDK_IS_DISPLAY (display)' failed
Unable to init server: Could not connect: Connection refused

(DataCollector_Deterministic.py:9882): Gdk-CRITICAL **: 15:37:19.402: gdk_cursor_new_for_display: assertion 'GDK_IS_DISPLAY (display)' failed
Unable to init server: Could not connect: Connection refused
Unable to init server: Could not connect: Connection refused
Unable to init server: Could not connect: Connection refused

(DataCollector_Deterministic.py:10385): Gdk-CRITICAL **: 15:37:19.526: gdk_cursor_new_for_display: assertion 'GDK_IS_DISPLAY (display)' failed
Unable to init server: Could not connect: Connection refused

(DataCollector_Deterministic.py:10662): Gdk-CRITICAL **: 15:37:19.538: gdk_cursor_new_for_display: assertion 'GDK_IS_DISPLAY (display)' failed
Unable to init server: Could not connect: Connection refused

(DataCollector_Deterministic.py:9815): Gdk-CRITICAL **: 15:37:19.547: gdk_cursor_new_for_display: assertion 'GDK_IS_DISPLAY (display)' failed
Unable to init server: Could not connect: Connection refused

(DataCollector_Deterministic.py:9576): Gdk-CRITICAL **: 15:37:19.548: gdk_cursor_new_for_display: assertion 'GDK_IS_DISPLAY (display)' failed
Unable to init server: Could not connect: Connection refused
Unable to init server: Could not connect: Connection refused
Unable to init server: Could not connect: Connection refused

(DataCollector_Deterministic.py:10498): Gdk-CRITICAL **: 15:37:19.700: gdk_cursor_new_for_display: assertion 'GDK_IS_DISPLAY (display)' failed
Unable to init server: Could not connect: Connection refused
Unable to init server: Could not connect: Connection refused
Unable to init server: Could not connect: Connection refused

(DataCollector_Deterministic.py:9386): Gdk-CRITICAL **: 15:37:19.800: gdk_cursor_new_for_display: assertion 'GDK_IS_DISPLAY (display)' failed
Unable to init server: Could not connect: Connection refused
Unable to init server: Could not connect: Connection refused
Unable to init server: Could not connect: Connection refused

(DataCollector_Deterministic.py:10139): Gdk-CRITICAL **: 15:37:19.559: gdk_cursor_new_for_display: assertion 'GDK_IS_DISPLAY (display)' failed
Unable to init server: Could not connect: Connection refused
Unable to init server: Could not connect: Connection refused
Unable to init server: Could not connect: Connection refused
Unable to init server: Could not connect: Connection refused

(DataCollector_Deterministic.py:9924): Gdk-CRITICAL **: 15:37:20.084: gdk_cursor_new_for_display: assertion 'GDK_IS_DISPLAY (display)' failed

(DataCollector_Deterministic.py:10543): Gdk-CRITICAL **: 15:37:20.124: gdk_cursor_new_for_display: assertion 'GDK_IS_DISPLAY (display)' failed
Unable to init server: Could not connect: Connection refused

(DataCollector_Deterministic.py:10690): Gdk-CRITICAL **: 15:37:20.192: gdk_cursor_new_for_display: assertion 'GDK_IS_DISPLAY (display)' failed

(DataCollector_Deterministic.py:10293): Gdk-CRITICAL **: 15:37:20.203: gdk_cursor_new_for_display: assertion 'GDK_IS_DISPLAY (display)' failed
Unable to init server: Could not connect: Connection refused

(DataCollector_Deterministic.py:9432): Gdk-CRITICAL **: 15:37:20.217: gdk_cursor_new_for_display: assertion 'GDK_IS_DISPLAY (display)' failed
Unable to init server: Could not connect: Connection refused

(DataCollector_Deterministic.py:10672): Gdk-CRITICAL **: 15:37:20.233: gdk_cursor_new_for_display: assertion 'GDK_IS_DISPLAY (display)' failed

(DataCollector_Deterministic.py:9840): Gdk-CRITICAL **: 15:37:20.235: gdk_cursor_new_for_display: assertion 'GDK_IS_DISPLAY (display)' failed

(DataCollector_Deterministic.py:9514): Gdk-CRITICAL **: 15:37:20.259: gdk_cursor_new_for_display: assertion 'GDK_IS_DISPLAY (display)' failed
Unable to init server: Could not connect: Connection refused

(DataCollector_Deterministic.py:9860): Gdk-CRITICAL **: 15:37:20.269: gdk_cursor_new_for_display: assertion 'GDK_IS_DISPLAY (display)' failed
Unable to init server: Could not connect: Connection refused
Unable to init server: Could not connect: Connection refused
Unable to init server: Could not connect: Connection refused

(DataCollector_Deterministic.py:9442): Gdk-CRITICAL **: 15:37:20.372: gdk_cursor_new_for_display: assertion 'GDK_IS_DISPLAY (display)' failed

(DataCollector_Deterministic.py:9624): Gdk-CRITICAL **: 15:37:20.387: gdk_cursor_new_for_display: assertion 'GDK_IS_DISPLAY (display)' failed
Unable to init server: Could not connect: Connection refused

(DataCollector_Deterministic.py:9492): Gdk-CRITICAL **: 15:37:20.400: gdk_cursor_new_for_display: assertion 'GDK_IS_DISPLAY (display)' failed
Unable to init server: Could not connect: Connection refused
Unable to init server: Could not connect: Connection refused

(DataCollector_Deterministic.py:10550): Gdk-CRITICAL **: 15:37:20.542: gdk_cursor_new_for_display: assertion 'GDK_IS_DISPLAY (display)' failed

(DataCollector_Deterministic.py:9232): Gdk-CRITICAL **: 15:37:20.551: gdk_cursor_new_for_display: assertion 'GDK_IS_DISPLAY (display)' failed
Unable to init server: Could not connect: Connection refused
Unable to init server: Could not connect: Connection refused

(DataCollector_Deterministic.py:9119): Gdk-CRITICAL **: 15:37:20.622: gdk_cursor_new_for_display: assertion 'GDK_IS_DISPLAY (display)' failed

(DataCollector_Deterministic.py:9462): Gdk-CRITICAL **: 15:37:20.703: gdk_cursor_new_for_display: assertion 'GDK_IS_DISPLAY (display)' failed
Unable to init server: Could not connect: Connection refused

(DataCollector_Deterministic.py:8998): Gdk-CRITICAL **: 15:37:20.735: gdk_cursor_new_for_display: assertion 'GDK_IS_DISPLAY (display)' failed
Unable to init server: Could not connect: Connection refused

(DataCollector_Deterministic.py:10122): Gdk-CRITICAL **: 15:37:20.753: gdk_cursor_new_for_display: assertion 'GDK_IS_DISPLAY (display)' failed
Unable to init server: Could not connect: Connection refused
Unable to init server: Could not connect: Connection refused

(DataCollector_Deterministic.py:9055): Gdk-CRITICAL **: 15:37:20.812: gdk_cursor_new_for_display: assertion 'GDK_IS_DISPLAY (display)' failed
Unable to init server: Could not connect: Connection refused

(DataCollector_Deterministic.py:10492): Gdk-CRITICAL **: 15:37:20.869: gdk_cursor_new_for_display: assertion 'GDK_IS_DISPLAY (display)' failed
Unable to init server: Could not connect: Connection refused

(DataCollector_Deterministic.py:10641): Gdk-CRITICAL **: 15:37:20.883: gdk_cursor_new_for_display: assertion 'GDK_IS_DISPLAY (display)' failed
Unable to init server: Could not connect: Connection refused

(DataCollector_Deterministic.py:10271): Gdk-CRITICAL **: 15:37:21.106: gdk_cursor_new_for_display: assertion 'GDK_IS_DISPLAY (display)' failed
Unable to init server: Could not connect: Connection refused
Unable to init server: Could not connect: Connection refused

(DataCollector_Deterministic.py:9196): Gdk-CRITICAL **: 15:37:21.294: gdk_cursor_new_for_display: assertion 'GDK_IS_DISPLAY (display)' failed
Unable to init server: Could not connect: Connection refused

(DataCollector_Deterministic.py:10547): Gdk-CRITICAL **: 15:37:21.530: gdk_cursor_new_for_display: assertion 'GDK_IS_DISPLAY (display)' failed
Unable to init server: Could not connect: Connection refused
Unable to init server: Could not connect: Connection refused
Unable to init server: Could not connect: Connection refused
Unable to init server: Could not connect: Connection refused
Unable to init server: Could not connect: Connection refused
Unable to init server: Could not connect: Connection refused

(DataCollector_Deterministic.py:9351): Gdk-CRITICAL **: 15:37:21.967: gdk_cursor_new_for_display: assertion 'GDK_IS_DISPLAY (display)' failed
Unable to init server: Could not connect: Connection refused
Unable to init server: Could not connect: Connection refused

(DataCollector_Deterministic.py:9914): Gdk-CRITICAL **: 15:37:22.041: gdk_cursor_new_for_display: assertion 'GDK_IS_DISPLAY (display)' failed
Unable to init server: Could not connect: Connection refused
Unable to init server: Could not connect: Connection refused
Unable to init server: Could not connect: Connection refused
Unable to init server: Could not connect: Connection refused
Unable to init server: Could not connect: Connection refused
Unable to init server: Could not connect: Connection refused

(DataCollector_Deterministic.py:10674): Gdk-CRITICAL **: 15:37:22.201: gdk_cursor_new_for_display: assertion 'GDK_IS_DISPLAY (display)' failed
Unable to init server: Could not connect: Connection refused
Unable to init server: Could not connect: Connection refused
Unable to init server: Could not connect: Connection refused
Unable to init server: Could not connect: Connection refused
Unable to init server: Could not connect: Connection refused

(DataCollector_Deterministic.py:9395): Gdk-CRITICAL **: 15:37:22.291: gdk_cursor_new_for_display: assertion 'GDK_IS_DISPLAY (display)' failed

(DataCollector_Deterministic.py:9075): Gdk-CRITICAL **: 15:37:22.339: gdk_cursor_new_for_display: assertion 'GDK_IS_DISPLAY (display)' failed
Unable to init server: Could not connect: Connection refused
Unable to init server: Could not connect: Connection refused
Unable to init server: Could not connect: Connection refused

(DataCollector_Deterministic.py:10365): Gdk-CRITICAL **: 15:37:22.399: gdk_cursor_new_for_display: assertion 'GDK_IS_DISPLAY (display)' failed
Unable to init server: Could not connect: Connection refused
Unable to init server: Could not connect: Connection refused

(DataCollector_Deterministic.py:10005): Gdk-CRITICAL **: 15:37:22.551: gdk_cursor_new_for_display: assertion 'GDK_IS_DISPLAY (display)' failed
Unable to init server: Could not connect: Connection refused
Unable to init server: Could not connect: Connection refused
Unable to init server: Could not connect: Connection refused
Unable to init server: Could not connect: Connection refused
Unable to init server: Could not connect: Connection refused

(DataCollector_Deterministic.py:10648): Gdk-CRITICAL **: 15:37:22.815: gdk_cursor_new_for_display: assertion 'GDK_IS_DISPLAY (display)' failed
Unable to init server: Could not connect: Connection refused

(DataCollector_Deterministic.py:9127): Gdk-CRITICAL **: 15:37:23.268: gdk_cursor_new_for_display: assertion 'GDK_IS_DISPLAY (display)' failed
Unable to init server: Could not connect: Connection refused
Unable to init server: Could not connect: Connection refused

(DataCollector_Deterministic.py:10083): Gdk-CRITICAL **: 15:37:23.969: gdk_cursor_new_for_display: assertion 'GDK_IS_DISPLAY (display)' failed
Unable to init server: Could not connect: Connection refused

(DataCollector_Deterministic.py:9599): Gdk-CRITICAL **: 15:37:23.987: gdk_cursor_new_for_display: assertion 'GDK_IS_DISPLAY (display)' failed
Unable to init server: Could not connect: Connection refused

(DataCollector_Deterministic.py:9165): Gdk-CRITICAL **: 15:37:24.002: gdk_cursor_new_for_display: assertion 'GDK_IS_DISPLAY (display)' failed
Unable to init server: Could not connect: Connection refused

(DataCollector_Deterministic.py:10312): Gdk-CRITICAL **: 15:37:24.006: gdk_cursor_new_for_display: assertion 'GDK_IS_DISPLAY (display)' failed
Unable to init server: Could not connect: Connection refused
Unable to init server: Could not connect: Connection refused

(DataCollector_Deterministic.py:10679): Gdk-CRITICAL **: 15:37:24.071: gdk_cursor_new_for_display: assertion 'GDK_IS_DISPLAY (display)' failed
Unable to init server: Could not connect: Connection refused

(DataCollector_Deterministic.py:9268): Gdk-CRITICAL **: 15:37:24.082: gdk_cursor_new_for_display: assertion 'GDK_IS_DISPLAY (display)' failed
Unable to init server: Could not connect: Connection refused

(DataCollector_Deterministic.py:9893): Gdk-CRITICAL **: 15:37:24.150: gdk_cursor_new_for_display: assertion 'GDK_IS_DISPLAY (display)' failed
Unable to init server: Could not connect: Connection refused

(DataCollector_Deterministic.py:9017): Gdk-CRITICAL **: 15:37:24.243: gdk_cursor_new_for_display: assertion 'GDK_IS_DISPLAY (display)' failed
Unable to init server: Could not connect: Connection refused

(DataCollector_Deterministic.py:10586): Gdk-CRITICAL **: 15:37:24.287: gdk_cursor_new_for_display: assertion 'GDK_IS_DISPLAY (display)' failed
Unable to init server: Could not connect: Connection refused

(DataCollector_Deterministic.py:9135): Gdk-CRITICAL **: 15:37:24.358: gdk_cursor_new_for_display: assertion 'GDK_IS_DISPLAY (display)' failed

(DataCollector_Deterministic.py:9909): Gdk-CRITICAL **: 15:37:24.387: gdk_cursor_new_for_display: assertion 'GDK_IS_DISPLAY (display)' failed
Unable to init server: Could not connect: Connection refused

(DataCollector_Deterministic.py:10573): Gdk-CRITICAL **: 15:37:24.429: gdk_cursor_new_for_display: assertion 'GDK_IS_DISPLAY (display)' failed

(DataCollector_Deterministic.py:10096): Gdk-CRITICAL **: 15:37:24.456: gdk_cursor_new_for_display: assertion 'GDK_IS_DISPLAY (display)' failed
Unable to init server: Could not connect: Connection refused

(DataCollector_Deterministic.py:10021): Gdk-CRITICAL **: 15:37:24.608: gdk_cursor_new_for_display: assertion 'GDK_IS_DISPLAY (display)' failed
Unable to init server: Could not connect: Connection refused

(DataCollector_Deterministic.py:10099): Gdk-CRITICAL **: 15:37:24.634: gdk_cursor_new_for_display: assertion 'GDK_IS_DISPLAY (display)' failed
Unable to init server: Could not connect: Connection refused

(DataCollector_Deterministic.py:9391): Gdk-CRITICAL **: 15:37:24.656: gdk_cursor_new_for_display: assertion 'GDK_IS_DISPLAY (display)' failed
Unable to init server: Could not connect: Connection refused
Unable to init server: Could not connect: Connection refused

(DataCollector_Deterministic.py:10661): Gdk-CRITICAL **: 15:37:24.730: gdk_cursor_new_for_display: assertion 'GDK_IS_DISPLAY (display)' failed
Unable to init server: Could not connect: Connection refused

(DataCollector_Deterministic.py:10566): Gdk-CRITICAL **: 15:37:24.734: gdk_cursor_new_for_display: assertion 'GDK_IS_DISPLAY (display)' failed
Unable to init server: Could not connect: Connection refused

(DataCollector_Deterministic.py:9220): Gdk-CRITICAL **: 15:37:24.755: gdk_cursor_new_for_display: assertion 'GDK_IS_DISPLAY (display)' failed
Unable to init server: Could not connect: Connection refused

(DataCollector_Deterministic.py:10262): Gdk-CRITICAL **: 15:37:24.841: gdk_cursor_new_for_display: assertion 'GDK_IS_DISPLAY (display)' failed

(DataCollector_Deterministic.py:9736): Gdk-CRITICAL **: 15:37:25.056: gdk_cursor_new_for_display: assertion 'GDK_IS_DISPLAY (display)' failed
Initalising...
Running Sim...
.Initalising...
Running Sim...
.Initalising...
Running Sim...
.Initalising...
Running Sim...
.Initalising...
Running Sim...
.Initalising...
Running Sim...
.Initalising...
Running Sim...
.Initalising...
Running Sim...
...Initalising...
Running Sim...
....Initalising...
Running Sim...

Data Dump...
Initalising...
Running Sim...

Data Dump...
Initalising...
Running Sim...

Data Dump...
Initalising...
Running Sim...

Data Dump...
Initalising...
Running Sim...

Data Dump...
Initalising...
Running Sim...

Data Dump...
Initalising...
Running Sim...

Data Dump...
Initalising...
Running Sim...

Data Dump...
Initalising...
Running Sim...

Data Dump...
Initalising...
Running Sim...

Data Dump...
Initalising...
Running Sim...

Data Dump...
Initalising...
Running Sim...

Data Dump...
Initalising...
Running Sim...

Data Dump...
Initalising...
Running Sim...
.Initalising...
Running Sim...
.Initalising...
Running Sim...
.Initalising...
Running Sim...
.Initalising...
Running Sim...
.Initalising...
Running Sim...
.Initalising...
Running Sim...
.Initalising...
Running Sim...
..Initalising...
Running Sim...
.Initalising...
Running Sim...
.Initalising...
Running Sim...
.Initalising...
Running Sim...
.Initalising...
Running Sim...
.Initalising...
Running Sim...
.Initalising...
Running Sim...
.Initalising...
Running Sim...
.Initalising...
Running Sim...
.Initalising...
Running Sim...
.Initalising...
Running Sim...
.Initalising...
Running Sim...
.Initalising...
Running Sim...
..Initalising...
Running Sim...
.Initalising...
Running Sim...
.Initalising...
Running Sim...
.Initalising...
Running Sim...
.Initalising...
Running Sim...
.Initalising...
Running Sim...
.Initalising...
Running Sim...
.Initalising...
Running Sim...
.Initalising...
Running Sim...
.Initalising...
Running Sim...
.Initalising...
Running Sim...
.Initalising...
Running Sim...
.Initalising...
Running Sim...
.Initalising...
Running Sim...
.Initalising...
Running Sim...
.Initalising...
Running Sim...
.Initalising...
Running Sim...
.Initalising...
Running Sim...
.Initalising...
Running Sim...
.Initalising...
Running Sim...
.Initalising...
Running Sim...
.Initalising...
Running Sim...
.Initalising...
Running Sim...
.Initalising...
Running Sim...
.Initalising...
Running Sim...
.Initalising...
Running Sim...
.Initalising...
Running Sim...
.Initalising...
Running Sim...
.Initalising...
Running Sim...
.Initalising...
Running Sim...
.Initalising...
Running Sim...
.Initalising...
Running Sim...
.Initalising...
Running Sim...
.Initalising...
Running Sim...
.Initalising...
Running Sim...
.Initalising...
Running Sim...
.Initalising...
Running Sim...
.Initalising...
Running Sim...
.Initalising...
Running Sim...
.Initalising...
Running Sim...
.Initalising...
Running Sim...
.Initalising...
Running Sim...
.Initalising...
Running Sim...
.Initalising...
Running Sim...
.Initalising...
Running Sim...
.Initalising...
Running Sim...
.Initalising...
Running Sim...
.Initalising...
Running Sim...
.Initalising...
Running Sim...
.Initalising...
Running Sim...
.Initalising...
Running Sim...
.Initalising...
Running Sim...
.Initalising...
Running Sim...
.Initalising...
Running Sim...
.Initalising...
Running Sim...
.Initalising...
Running Sim...
.Initalising...
Running Sim...
..................................................................................................................................................................................................................................................................................................................................................................................................................................................................................................................................................................................................................................................................................................................................................
[1712 8859]
......
[1716 8844]
..
[1736 8857]
........
[1761 8844]
...
[9020 1480]
.........
[1979 8586]
.............
[1782 8773]
....
[1715 8859]
.......
[1686 8870]
.....
[2041 8532]
..
[1815 8750]
...
[1905 8668]
.
[2019 8493]
.
[1957 8574]
..
[1864 8678]
..
[1858 8706]
..
[2251 8370]
.
[2397 8167]
...
[1803 8805]
.
[2067 8491]
.
[1869 8698]
..
[2395 8153]
.
[2134 8416]
.
[1861 8706]
.
[2585 7944]
..
[2498 8002]
.
[2146 8433]
...
[3135 7364]
.
[1860 8695]
.
[1717 8819]
.
[3630 6939]
.
[1913 8669]
.
[2587 7951]
.
[2800 7762]
.
[2548 8004]
.
[3226 7353]
.
[8652 1715]
..
[9310 1032]
.
[8605 1756]
..
[3406 7130]
.
[8652 1666]
..
[2211 8308]
.
[3454 7099]
.
[7951 2470]
.
[4111 6386]
.
[4440 6107]
.
[2841 7721]
.
[8050 2404]
..
[3577 6943]
.
[3339 7240]
.
[7941 2368]
.
[4121 6393]
.
[2871 7667]
...
[6471 4064]
.
[6905 3661]
.
[3792 6681]
..
[3569 6936]
.
[7893 2517]
....
[7586 2805]
.
[3550 6977]
...
[4641 5886]
.
[5950 4521]
.
[5497 5022]
.
[2881 7645]
..
[3627 6991]
.
[3848 6672]
.
[6247 4254]
.
[4407 6082]
..
[5087 5379]
.
[6844 3518]
..
[5691 4765]
.
[8105 2225]
.
[6399 4089]
.
[5419 5076]
..
[6263 4221]
..
[3780 6801]
.
[7386 3054]
..
[7601 2779]
..
[6784 3627]
.....
[5092 5357]
.
[5862 4650]
.
[5281 5172]
.
[7361 2983]
.
[7317 3027]
...
[7856 2540]
..
[6124 4300]
.............
[6647 3757]
...................................................................................................................................................................................................................................................................
Data Dump...

Data Dump...
...
Data Dump...
.............
Data Dump...
.................
Data Dump...

Data Dump...
...........
Data Dump...
............................................................................................................................................................
[  50 3298]
...................................................................................
[3100    5]
...
[  69 3162]
.....
[  94 2869]
.........................
[  84 3042]
.....................
[  94 2928]
.
[ 110 3009]
.
[ 153 2846]
..
[ 136 2922]
...
[ 129 2899]
.......
[  99 2968]
..............
Data Dump...

[ 178 2630]
..........
[ 220 2860]
.....
[ 203 2605]
.........
[ 123 2961]
........
[ 146 2753]
...
[ 173 2824]
.........................
[ 225 2706]
..
[ 174 2876]
.....
[ 149 2689]
.......................
[2729   22]
.
[2682   36]
.........
[ 324 2580]
.
[2667   38]
.....
[ 385 2208]
.....
[ 355 2340]
......
[ 322 2723]
.....
[ 244 2681]
...........
[ 323 2499]
.............
[2512  173]
.
[2507  132]
...
[2508   43]
...................
[ 436 2113]
.........
[ 477 2435]
.....
[2530  111]
.
[ 587 2215]
..
[ 513 2278]
...
[ 679 2018]
..
[ 515 1827]
....
[ 499 2111]
...
[2473  118]
...
[ 710 1879]
..
[2544   66]
...
[2288  120]
..
[ 933 1207]
..
[2441  103]
........
[ 682 1981]
...
[2491   67]
............
[2563   78]
.........
[1016 1593]
.
[ 467 2230]
.
[2371   69]
...
Data Dump...

[2325  252]
.
[2036  639]
.
[2211  285]
....
[1952  700]
.
Data Dump...
..
[ 637 2146]
...
[ 681 1725]
.
[ 746 1826]
.........
[1786  706]
.
[1995  517]
........
[ 809 1748]
.........
[1794  537]
....
[1021 1417]
..
[1043 1411]
.
[1674  741]
.....
[1903  595]
.
[1146 1519]
.
[1822  781]
.
[2009  405]
....
[ 721 1982]
.
[1634  719]
...
[1107 1229]
...
[1673  677]
.
[1621  782]
.....
[1002 1523]
...
[1766  801]
.....
[1263 1085]
...
[2264  214]
....
Data Dump...

Data Dump...
..................
[1572  809]
......................................
Data Dump...
.......
Data Dump...
..
Data Dump...
................
Data Dump...

Data Dump...
.......................
Data Dump...
.................................
Data Dump...
....................................
Data Dump...
.........
Data Dump...
.
Data Dump...
.............
Data Dump...
........
[ 29 136]

Data Dump...
.......................................
[ 27 174]

Data Dump...
........
Data Dump...
..
[ 46 157]

Data Dump...
.....................................................................
[ 44 160]

Data Dump...
.......
[ 36 139]

Data Dump...
....
[ 46 223]

Data Dump...
................................
[131   9]

Data Dump...
.
[130   7]

Data Dump...
.....
[133  12]
..
Data Dump...
....
[ 52 101]

Data Dump...
........
[34 93]

Data Dump...
.........
[ 41 137]

Data Dump...
.................................
[124  18]
...
Data Dump...

[ 52 162]

Data Dump...
..
[112   7]
..............
[124  16]
..
Data Dump...

[ 62 133]
..
Data Dump...
....
[ 46 133]
....
Data Dump...
....
Data Dump...
.
[50 81]
.
[ 64 109]
.....
Data Dump...
..
Data Dump...
......
[111  15]
......
[64 78]
.....
[47 57]
...
Data Dump...
...
Data Dump...
.
[53 78]
....
Data Dump...
......
Data Dump...
..
[123   6]
....
[63 98]
.
[118   9]
..
[113  10]
...
Data Dump...
.
[76 92]
..
[55 29]
.
Data Dump...
....
[107   4]
..
[102  10]
...
Data Dump...
...
[ 61 104]
.
Data Dump...

[109  11]
...
[130  62]
..
Data Dump...

Data Dump...
....
Data Dump...

Data Dump...

Data Dump...

Data Dump...
..
Data Dump...
.
[ 49 144]
..
[110  24]
.
[57 71]
...
[104  48]
....
Data Dump...

[101  11]
.
Data Dump...
.
[111  13]
.....
Data Dump...

[113  27]
.
[114  38]
..
Data Dump...
.
[81 56]
..
Data Dump...
..
Data Dump...
.
[51 96]
..
Data Dump...

[119  29]
.
Data Dump...
.
Data Dump...
.
[90 87]
.
[ 65 126]
.
[67 54]
..
[67 47]
..
Data Dump...
.
[96 49]
.
Data Dump...
.
Data Dump...

Data Dump...

[95 28]
.
Data Dump...

[108  42]
.
[69 65]
.
Data Dump...

[101  29]
..
[86 36]
.
Data Dump...

[92 17]
..
[86 54]
.
Data Dump...

[73 35]
.
Data Dump...
.
[92 26]
.
Data Dump...

[84 44]
..
Data Dump...

Data Dump...

Data Dump...

Data Dump...

[113  15]
.
Data Dump...

[78 38]
..
Data Dump...

Data Dump...

Data Dump...

Data Dump...
Low 1 6
Done
