Unable to init server: Could not connect: Connection refused
Unable to init server: Could not connect: Connection refused

(DataCollector_Deterministic.py:1853494): Gdk-CRITICAL **: 15:34:45.580: gdk_cursor_new_for_display: assertion 'GDK_IS_DISPLAY (display)' failed
Unable to init server: Could not connect: Connection refused
Unable to init server: Could not connect: Connection refused
Unable to init server: Could not connect: Connection refused
Unable to init server: Could not connect: Connection refused
Unable to init server: Could not connect: Connection refused

(DataCollector_Deterministic.py:1853805): Gdk-CRITICAL **: 15:34:58.365: gdk_cursor_new_for_display: assertion 'GDK_IS_DISPLAY (display)' failed

(DataCollector_Deterministic.py:1853803): Gdk-CRITICAL **: 15:34:58.799: gdk_cursor_new_for_display: assertion 'GDK_IS_DISPLAY (display)' failed
Unable to init server: Could not connect: Connection refused
Unable to init server: Could not connect: Connection refused
Unable to init server: Could not connect: Connection refused

(DataCollector_Deterministic.py:1853255): Gdk-CRITICAL **: 15:35:00.427: gdk_cursor_new_for_display: assertion 'GDK_IS_DISPLAY (display)' failed
Unable to init server: Could not connect: Connection refused

(DataCollector_Deterministic.py:1853959): Gdk-CRITICAL **: 15:35:00.864: gdk_cursor_new_for_display: assertion 'GDK_IS_DISPLAY (display)' failed
Unable to init server: Could not connect: Connection refused
Unable to init server: Could not connect: Connection refused

(DataCollector_Deterministic.py:1854355): Gdk-CRITICAL **: 15:35:02.396: gdk_cursor_new_for_display: assertion 'GDK_IS_DISPLAY (display)' failed
Unable to init server: Could not connect: Connection refused
Unable to init server: Could not connect: Connection refused
Unable to init server: Could not connect: Connection refused
Unable to init server: Could not connect: Connection refused
Unable to init server: Could not connect: Connection refused
Unable to init server: Could not connect: Connection refused
Unable to init server: Could not connect: Connection refused
Unable to init server: Could not connect: Connection refused
Unable to init server: Could not connect: Connection refused
Unable to init server: Could not connect: Connection refused
Unable to init server: Could not connect: Connection refused

(DataCollector_Deterministic.py:1853156): Gdk-CRITICAL **: 15:35:04.302: gdk_cursor_new_for_display: assertion 'GDK_IS_DISPLAY (display)' failed
Unable to init server: Could not connect: Connection refused
Unable to init server: Could not connect: Connection refused
Unable to init server: Could not connect: Connection refused

(DataCollector_Deterministic.py:1853651): Gdk-CRITICAL **: 15:35:04.625: gdk_cursor_new_for_display: assertion 'GDK_IS_DISPLAY (display)' failed
Unable to init server: Could not connect: Connection refused

(DataCollector_Deterministic.py:1854576): Gdk-CRITICAL **: 15:35:04.693: gdk_cursor_new_for_display: assertion 'GDK_IS_DISPLAY (display)' failed
Unable to init server: Could not connect: Connection refused

(DataCollector_Deterministic.py:1853471): Gdk-CRITICAL **: 15:35:04.705: gdk_cursor_new_for_display: assertion 'GDK_IS_DISPLAY (display)' failed
Unable to init server: Could not connect: Connection refused

(DataCollector_Deterministic.py:1853612): Gdk-CRITICAL **: 15:35:04.722: gdk_cursor_new_for_display: assertion 'GDK_IS_DISPLAY (display)' failed
Unable to init server: Could not connect: Connection refused
Unable to init server: Could not connect: Connection refused

(DataCollector_Deterministic.py:1854588): Gdk-CRITICAL **: 15:35:05.754: gdk_cursor_new_for_display: assertion 'GDK_IS_DISPLAY (display)' failed
Unable to init server: Could not connect: Connection refused

(DataCollector_Deterministic.py:1854035): Gdk-CRITICAL **: 15:35:05.784: gdk_cursor_new_for_display: assertion 'GDK_IS_DISPLAY (display)' failed
Unable to init server: Could not connect: Connection refused

(DataCollector_Deterministic.py:1853074): Gdk-CRITICAL **: 15:35:05.833: gdk_cursor_new_for_display: assertion 'GDK_IS_DISPLAY (display)' failed
Unable to init server: Could not connect: Connection refused

(DataCollector_Deterministic.py:1852540): Gdk-CRITICAL **: 15:35:06.003: gdk_cursor_new_for_display: assertion 'GDK_IS_DISPLAY (display)' failed
Unable to init server: Could not connect: Connection refused

(DataCollector_Deterministic.py:1853877): Gdk-CRITICAL **: 15:35:06.089: gdk_cursor_new_for_display: assertion 'GDK_IS_DISPLAY (display)' failed
Unable to init server: Could not connect: Connection refused

(DataCollector_Deterministic.py:1853429): Gdk-CRITICAL **: 15:35:06.178: gdk_cursor_new_for_display: assertion 'GDK_IS_DISPLAY (display)' failed
Unable to init server: Could not connect: Connection refused

(DataCollector_Deterministic.py:1853553): Gdk-CRITICAL **: 15:35:06.234: gdk_cursor_new_for_display: assertion 'GDK_IS_DISPLAY (display)' failed
Unable to init server: Could not connect: Connection refused
Unable to init server: Could not connect: Connection refused

(DataCollector_Deterministic.py:1852560): Gdk-CRITICAL **: 15:35:06.444: gdk_cursor_new_for_display: assertion 'GDK_IS_DISPLAY (display)' failed
Unable to init server: Could not connect: Connection refused

(DataCollector_Deterministic.py:1854283): Gdk-CRITICAL **: 15:35:06.782: gdk_cursor_new_for_display: assertion 'GDK_IS_DISPLAY (display)' failed
Unable to init server: Could not connect: Connection refused
Unable to init server: Could not connect: Connection refused
Unable to init server: Could not connect: Connection refused
Unable to init server: Could not connect: Connection refused
Unable to init server: Could not connect: Connection refused
Unable to init server: Could not connect: Connection refused
Unable to init server: Could not connect: Connection refused
Unable to init server: Could not connect: Connection refused
Unable to init server: Could not connect: Connection refused
Unable to init server: Could not connect: Connection refused

(DataCollector_Deterministic.py:1854125): Gdk-CRITICAL **: 15:35:08.344: gdk_cursor_new_for_display: assertion 'GDK_IS_DISPLAY (display)' failed
Unable to init server: Could not connect: Connection refused
Unable to init server: Could not connect: Connection refused

(DataCollector_Deterministic.py:1853179): Gdk-CRITICAL **: 15:35:08.698: gdk_cursor_new_for_display: assertion 'GDK_IS_DISPLAY (display)' failed
Unable to init server: Could not connect: Connection refused
Unable to init server: Could not connect: Connection refused
Unable to init server: Could not connect: Connection refused
Unable to init server: Could not connect: Connection refused
Unable to init server: Could not connect: Connection refused
Unable to init server: Could not connect: Connection refused
Unable to init server: Could not connect: Connection refused
Unable to init server: Could not connect: Connection refused
Unable to init server: Could not connect: Connection refused
Unable to init server: Could not connect: Connection refused
Unable to init server: Could not connect: Connection refused
Unable to init server: Could not connect: Connection refused
Unable to init server: Could not connect: Connection refused

(DataCollector_Deterministic.py:1853141): Gdk-CRITICAL **: 15:35:09.939: gdk_cursor_new_for_display: assertion 'GDK_IS_DISPLAY (display)' failed
Unable to init server: Could not connect: Connection refused
Unable to init server: Could not connect: Connection refused
Unable to init server: Could not connect: Connection refused

(DataCollector_Deterministic.py:1853582): Gdk-CRITICAL **: 15:35:09.951: gdk_cursor_new_for_display: assertion 'GDK_IS_DISPLAY (display)' failed
Unable to init server: Could not connect: Connection refused
Unable to init server: Could not connect: Connection refused

(DataCollector_Deterministic.py:1854237): Gdk-CRITICAL **: 15:35:09.962: gdk_cursor_new_for_display: assertion 'GDK_IS_DISPLAY (display)' failed
Unable to init server: Could not connect: Connection refused
Unable to init server: Could not connect: Connection refused
Unable to init server: Could not connect: Connection refused
Unable to init server: Could not connect: Connection refused

(DataCollector_Deterministic.py:1852919): Gdk-CRITICAL **: 15:35:10.049: gdk_cursor_new_for_display: assertion 'GDK_IS_DISPLAY (display)' failed
Unable to init server: Could not connect: Connection refused

(DataCollector_Deterministic.py:1854341): Gdk-CRITICAL **: 15:35:10.064: gdk_cursor_new_for_display: assertion 'GDK_IS_DISPLAY (display)' failed
Unable to init server: Could not connect: Connection refused

(DataCollector_Deterministic.py:1853234): Gdk-CRITICAL **: 15:35:10.104: gdk_cursor_new_for_display: assertion 'GDK_IS_DISPLAY (display)' failed
Unable to init server: Could not connect: Connection refused

(DataCollector_Deterministic.py:1854553): Gdk-CRITICAL **: 15:35:10.108: gdk_cursor_new_for_display: assertion 'GDK_IS_DISPLAY (display)' failed
Unable to init server: Could not connect: Connection refused
Unable to init server: Could not connect: Connection refused
Unable to init server: Could not connect: Connection refused
Unable to init server: Could not connect: Connection refused
Unable to init server: Could not connect: Connection refused

(DataCollector_Deterministic.py:1854159): Gdk-CRITICAL **: 15:35:10.348: gdk_cursor_new_for_display: assertion 'GDK_IS_DISPLAY (display)' failed
Unable to init server: Could not connect: Connection refused

(DataCollector_Deterministic.py:1854053): Gdk-CRITICAL **: 15:35:10.481: gdk_cursor_new_for_display: assertion 'GDK_IS_DISPLAY (display)' failed
Unable to init server: Could not connect: Connection refused

(DataCollector_Deterministic.py:1852768): Gdk-CRITICAL **: 15:35:10.602: gdk_cursor_new_for_display: assertion 'GDK_IS_DISPLAY (display)' failed
Unable to init server: Could not connect: Connection refused

(DataCollector_Deterministic.py:1853967): Gdk-CRITICAL **: 15:35:11.006: gdk_cursor_new_for_display: assertion 'GDK_IS_DISPLAY (display)' failed
Unable to init server: Could not connect: Connection refused

(DataCollector_Deterministic.py:1852683): Gdk-CRITICAL **: 15:35:11.081: gdk_cursor_new_for_display: assertion 'GDK_IS_DISPLAY (display)' failed
Unable to init server: Could not connect: Connection refused

(DataCollector_Deterministic.py:1854294): Gdk-CRITICAL **: 15:35:11.130: gdk_cursor_new_for_display: assertion 'GDK_IS_DISPLAY (display)' failed
Unable to init server: Could not connect: Connection refused
Unable to init server: Could not connect: Connection refused

(DataCollector_Deterministic.py:1852581): Gdk-CRITICAL **: 15:35:11.229: gdk_cursor_new_for_display: assertion 'GDK_IS_DISPLAY (display)' failed
Unable to init server: Could not connect: Connection refused
Unable to init server: Could not connect: Connection refused

(DataCollector_Deterministic.py:1854257): Gdk-CRITICAL **: 15:35:11.267: gdk_cursor_new_for_display: assertion 'GDK_IS_DISPLAY (display)' failed
Unable to init server: Could not connect: Connection refused
Unable to init server: Could not connect: Connection refused
Unable to init server: Could not connect: Connection refused

(DataCollector_Deterministic.py:1854152): Gdk-CRITICAL **: 15:35:11.318: gdk_cursor_new_for_display: assertion 'GDK_IS_DISPLAY (display)' failed
Unable to init server: Could not connect: Connection refused
Unable to init server: Could not connect: Connection refused
Unable to init server: Could not connect: Connection refused
Unable to init server: Could not connect: Connection refused

(DataCollector_Deterministic.py:1852945): Gdk-CRITICAL **: 15:35:11.393: gdk_cursor_new_for_display: assertion 'GDK_IS_DISPLAY (display)' failed
Unable to init server: Could not connect: Connection refused

(DataCollector_Deterministic.py:1853439): Gdk-CRITICAL **: 15:35:11.456: gdk_cursor_new_for_display: assertion 'GDK_IS_DISPLAY (display)' failed
Unable to init server: Could not connect: Connection refused

(DataCollector_Deterministic.py:1854273): Gdk-CRITICAL **: 15:35:11.481: gdk_cursor_new_for_display: assertion 'GDK_IS_DISPLAY (display)' failed
Unable to init server: Could not connect: Connection refused

(DataCollector_Deterministic.py:1853205): Gdk-CRITICAL **: 15:35:11.490: gdk_cursor_new_for_display: assertion 'GDK_IS_DISPLAY (display)' failed
Unable to init server: Could not connect: Connection refused

(DataCollector_Deterministic.py:1854384): Gdk-CRITICAL **: 15:35:11.496: gdk_cursor_new_for_display: assertion 'GDK_IS_DISPLAY (display)' failed
Unable to init server: Could not connect: Connection refused

(DataCollector_Deterministic.py:1852884): Gdk-CRITICAL **: 15:35:11.501: gdk_cursor_new_for_display: assertion 'GDK_IS_DISPLAY (display)' failed
Unable to init server: Could not connect: Connection refused
Unable to init server: Could not connect: Connection refused
Unable to init server: Could not connect: Connection refused
Unable to init server: Could not connect: Connection refused

(DataCollector_Deterministic.py:1853535): Gdk-CRITICAL **: 15:35:11.619: gdk_cursor_new_for_display: assertion 'GDK_IS_DISPLAY (display)' failed
Unable to init server: Could not connect: Connection refused

(DataCollector_Deterministic.py:1852921): Gdk-CRITICAL **: 15:35:11.622: gdk_cursor_new_for_display: assertion 'GDK_IS_DISPLAY (display)' failed
Unable to init server: Could not connect: Connection refused

(DataCollector_Deterministic.py:1853821): Gdk-CRITICAL **: 15:35:11.634: gdk_cursor_new_for_display: assertion 'GDK_IS_DISPLAY (display)' failed
Unable to init server: Could not connect: Connection refused
Unable to init server: Could not connect: Connection refused

(DataCollector_Deterministic.py:1853404): Gdk-CRITICAL **: 15:35:11.692: gdk_cursor_new_for_display: assertion 'GDK_IS_DISPLAY (display)' failed
Unable to init server: Could not connect: Connection refused
Unable to init server: Could not connect: Connection refused

(DataCollector_Deterministic.py:1854581): Gdk-CRITICAL **: 15:35:11.791: gdk_cursor_new_for_display: assertion 'GDK_IS_DISPLAY (display)' failed
Unable to init server: Could not connect: Connection refused
Unable to init server: Could not connect: Connection refused
Unable to init server: Could not connect: Connection refused

(DataCollector_Deterministic.py:1852744): Gdk-CRITICAL **: 15:35:11.863: gdk_cursor_new_for_display: assertion 'GDK_IS_DISPLAY (display)' failed
Unable to init server: Could not connect: Connection refused

(DataCollector_Deterministic.py:1853112): Gdk-CRITICAL **: 15:35:11.916: gdk_cursor_new_for_display: assertion 'GDK_IS_DISPLAY (display)' failed
Unable to init server: Could not connect: Connection refused
Unable to init server: Could not connect: Connection refused
Unable to init server: Could not connect: Connection refused
Unable to init server: Could not connect: Connection refused

(DataCollector_Deterministic.py:1853508): Gdk-CRITICAL **: 15:35:12.141: gdk_cursor_new_for_display: assertion 'GDK_IS_DISPLAY (display)' failed
Unable to init server: Could not connect: Connection refused
Unable to init server: Could not connect: Connection refused

(DataCollector_Deterministic.py:1854559): Gdk-CRITICAL **: 15:35:12.336: gdk_cursor_new_for_display: assertion 'GDK_IS_DISPLAY (display)' failed
Unable to init server: Could not connect: Connection refused
Unable to init server: Could not connect: Connection refused
Unable to init server: Could not connect: Connection refused
Unable to init server: Could not connect: Connection refused
Unable to init server: Could not connect: Connection refused
Unable to init server: Could not connect: Connection refused
Unable to init server: Could not connect: Connection refused
Unable to init server: Could not connect: Connection refused
Unable to init server: Could not connect: Connection refused
Unable to init server: Could not connect: Connection refused
Unable to init server: Could not connect: Connection refused
Unable to init server: Could not connect: Connection refused
Unable to init server: Could not connect: Connection refused
Unable to init server: Could not connect: Connection refused
Unable to init server: Could not connect: Connection refused
Unable to init server: Could not connect: Connection refused
Unable to init server: Could not connect: Connection refused
Unable to init server: Could not connect: Connection refused
Unable to init server: Could not connect: Connection refused
Unable to init server: Could not connect: Connection refused
Unable to init server: Could not connect: Connection refused
Unable to init server: Could not connect: Connection refused
Unable to init server: Could not connect: Connection refused
Unable to init server: Could not connect: Connection refused
Unable to init server: Could not connect: Connection refused
Unable to init server: Could not connect: Connection refused

(DataCollector_Deterministic.py:1853949): Gdk-CRITICAL **: 15:35:13.111: gdk_cursor_new_for_display: assertion 'GDK_IS_DISPLAY (display)' failed
Unable to init server: Could not connect: Connection refused
Unable to init server: Could not connect: Connection refused
Unable to init server: Could not connect: Connection refused

(DataCollector_Deterministic.py:1852976): Gdk-CRITICAL **: 15:35:13.210: gdk_cursor_new_for_display: assertion 'GDK_IS_DISPLAY (display)' failed
Unable to init server: Could not connect: Connection refused

(DataCollector_Deterministic.py:1853986): Gdk-CRITICAL **: 15:35:13.225: gdk_cursor_new_for_display: assertion 'GDK_IS_DISPLAY (display)' failed
Unable to init server: Could not connect: Connection refused

(DataCollector_Deterministic.py:1854193): Gdk-CRITICAL **: 15:35:13.234: gdk_cursor_new_for_display: assertion 'GDK_IS_DISPLAY (display)' failed
Unable to init server: Could not connect: Connection refused
Unable to init server: Could not connect: Connection refused

(DataCollector_Deterministic.py:1854136): Gdk-CRITICAL **: 15:35:13.250: gdk_cursor_new_for_display: assertion 'GDK_IS_DISPLAY (display)' failed
Unable to init server: Could not connect: Connection refused
Unable to init server: Could not connect: Connection refused

(DataCollector_Deterministic.py:1853480): Gdk-CRITICAL **: 15:35:13.278: gdk_cursor_new_for_display: assertion 'GDK_IS_DISPLAY (display)' failed

(DataCollector_Deterministic.py:1854206): Gdk-CRITICAL **: 15:35:13.299: gdk_cursor_new_for_display: assertion 'GDK_IS_DISPLAY (display)' failed
Unable to init server: Could not connect: Connection refused
Unable to init server: Could not connect: Connection refused
Unable to init server: Could not connect: Connection refused

(DataCollector_Deterministic.py:1853331): Gdk-CRITICAL **: 15:35:13.378: gdk_cursor_new_for_display: assertion 'GDK_IS_DISPLAY (display)' failed
Unable to init server: Could not connect: Connection refused
Unable to init server: Could not connect: Connection refused

(DataCollector_Deterministic.py:1852503): Gdk-CRITICAL **: 15:35:13.528: gdk_cursor_new_for_display: assertion 'GDK_IS_DISPLAY (display)' failed

(DataCollector_Deterministic.py:1852808): Gdk-CRITICAL **: 15:35:13.555: gdk_cursor_new_for_display: assertion 'GDK_IS_DISPLAY (display)' failed
Unable to init server: Could not connect: Connection refused

(DataCollector_Deterministic.py:1853034): Gdk-CRITICAL **: 15:35:13.674: gdk_cursor_new_for_display: assertion 'GDK_IS_DISPLAY (display)' failed
Unable to init server: Could not connect: Connection refused

(DataCollector_Deterministic.py:1852626): Gdk-CRITICAL **: 15:35:13.746: gdk_cursor_new_for_display: assertion 'GDK_IS_DISPLAY (display)' failed

(DataCollector_Deterministic.py:1853690): Gdk-CRITICAL **: 15:35:13.763: gdk_cursor_new_for_display: assertion 'GDK_IS_DISPLAY (display)' failed
Unable to init server: Could not connect: Connection refused

(DataCollector_Deterministic.py:1853842): Gdk-CRITICAL **: 15:35:13.796: gdk_cursor_new_for_display: assertion 'GDK_IS_DISPLAY (display)' failed
Unable to init server: Could not connect: Connection refused

(DataCollector_Deterministic.py:1852999): Gdk-CRITICAL **: 15:35:13.809: gdk_cursor_new_for_display: assertion 'GDK_IS_DISPLAY (display)' failed
Unable to init server: Could not connect: Connection refused

(DataCollector_Deterministic.py:1852866): Gdk-CRITICAL **: 15:35:14.005: gdk_cursor_new_for_display: assertion 'GDK_IS_DISPLAY (display)' failed
Unable to init server: Could not connect: Connection refused

(DataCollector_Deterministic.py:1853575): Gdk-CRITICAL **: 15:35:14.087: gdk_cursor_new_for_display: assertion 'GDK_IS_DISPLAY (display)' failed
Unable to init server: Could not connect: Connection refused

(DataCollector_Deterministic.py:1852709): Gdk-CRITICAL **: 15:35:14.174: gdk_cursor_new_for_display: assertion 'GDK_IS_DISPLAY (display)' failed
Unable to init server: Could not connect: Connection refused

(DataCollector_Deterministic.py:1853275): Gdk-CRITICAL **: 15:35:14.209: gdk_cursor_new_for_display: assertion 'GDK_IS_DISPLAY (display)' failed
Unable to init server: Could not connect: Connection refused
Unable to init server: Could not connect: Connection refused
Unable to init server: Could not connect: Connection refused

(DataCollector_Deterministic.py:1853087): Gdk-CRITICAL **: 15:35:14.538: gdk_cursor_new_for_display: assertion 'GDK_IS_DISPLAY (display)' failed
Unable to init server: Could not connect: Connection refused

(DataCollector_Deterministic.py:1852652): Gdk-CRITICAL **: 15:35:14.633: gdk_cursor_new_for_display: assertion 'GDK_IS_DISPLAY (display)' failed
Unable to init server: Could not connect: Connection refused

(DataCollector_Deterministic.py:1854570): Gdk-CRITICAL **: 15:35:14.658: gdk_cursor_new_for_display: assertion 'GDK_IS_DISPLAY (display)' failed
Unable to init server: Could not connect: Connection refused

(DataCollector_Deterministic.py:1853515): Gdk-CRITICAL **: 15:35:14.670: gdk_cursor_new_for_display: assertion 'GDK_IS_DISPLAY (display)' failed
Unable to init server: Could not connect: Connection refused

(DataCollector_Deterministic.py:1854564): Gdk-CRITICAL **: 15:35:14.722: gdk_cursor_new_for_display: assertion 'GDK_IS_DISPLAY (display)' failed
Unable to init server: Could not connect: Connection refused

(DataCollector_Deterministic.py:1854547): Gdk-CRITICAL **: 15:35:14.749: gdk_cursor_new_for_display: assertion 'GDK_IS_DISPLAY (display)' failed
Unable to init server: Could not connect: Connection refused

(DataCollector_Deterministic.py:1853709): Gdk-CRITICAL **: 15:35:14.782: gdk_cursor_new_for_display: assertion 'GDK_IS_DISPLAY (display)' failed
Unable to init server: Could not connect: Connection refused

(DataCollector_Deterministic.py:1854080): Gdk-CRITICAL **: 15:35:14.810: gdk_cursor_new_for_display: assertion 'GDK_IS_DISPLAY (display)' failed
Unable to init server: Could not connect: Connection refused

(DataCollector_Deterministic.py:1853811): Gdk-CRITICAL **: 15:35:14.830: gdk_cursor_new_for_display: assertion 'GDK_IS_DISPLAY (display)' failed
Unable to init server: Could not connect: Connection refused
Unable to init server: Could not connect: Connection refused

(DataCollector_Deterministic.py:1854536): Gdk-CRITICAL **: 15:35:14.866: gdk_cursor_new_for_display: assertion 'GDK_IS_DISPLAY (display)' failed
Unable to init server: Could not connect: Connection refused

(DataCollector_Deterministic.py:1852789): Gdk-CRITICAL **: 15:35:14.882: gdk_cursor_new_for_display: assertion 'GDK_IS_DISPLAY (display)' failed
Unable to init server: Could not connect: Connection refused

(DataCollector_Deterministic.py:1853633): Gdk-CRITICAL **: 15:35:14.917: gdk_cursor_new_for_display: assertion 'GDK_IS_DISPLAY (display)' failed

(DataCollector_Deterministic.py:1853355): Gdk-CRITICAL **: 15:35:14.919: gdk_cursor_new_for_display: assertion 'GDK_IS_DISPLAY (display)' failed
Unable to init server: Could not connect: Connection refused

(DataCollector_Deterministic.py:1854527): Gdk-CRITICAL **: 15:35:14.937: gdk_cursor_new_for_display: assertion 'GDK_IS_DISPLAY (display)' failed

(DataCollector_Deterministic.py:1853664): Gdk-CRITICAL **: 15:35:14.535: gdk_cursor_new_for_display: assertion 'GDK_IS_DISPLAY (display)' failed
Unable to init server: Could not connect: Connection refused

(DataCollector_Deterministic.py:1852665): Gdk-CRITICAL **: 15:35:14.952: gdk_cursor_new_for_display: assertion 'GDK_IS_DISPLAY (display)' failed
Unable to init server: Could not connect: Connection refused

(DataCollector_Deterministic.py:1854574): Gdk-CRITICAL **: 15:35:14.970: gdk_cursor_new_for_display: assertion 'GDK_IS_DISPLAY (display)' failed
Unable to init server: Could not connect: Connection refused

(DataCollector_Deterministic.py:1852852): Gdk-CRITICAL **: 15:35:14.998: gdk_cursor_new_for_display: assertion 'GDK_IS_DISPLAY (display)' failed
Unable to init server: Could not connect: Connection refused

(DataCollector_Deterministic.py:1854275): Gdk-CRITICAL **: 15:35:15.006: gdk_cursor_new_for_display: assertion 'GDK_IS_DISPLAY (display)' failed
Unable to init server: Could not connect: Connection refused
Unable to init server: Could not connect: Connection refused

(DataCollector_Deterministic.py:1852517): Gdk-CRITICAL **: 15:35:15.033: gdk_cursor_new_for_display: assertion 'GDK_IS_DISPLAY (display)' failed
Unable to init server: Could not connect: Connection refused

(DataCollector_Deterministic.py:1853713): Gdk-CRITICAL **: 15:35:15.042: gdk_cursor_new_for_display: assertion 'GDK_IS_DISPLAY (display)' failed
Unable to init server: Could not connect: Connection refused

(DataCollector_Deterministic.py:1854301): Gdk-CRITICAL **: 15:35:15.060: gdk_cursor_new_for_display: assertion 'GDK_IS_DISPLAY (display)' failed
Unable to init server: Could not connect: Connection refused

(DataCollector_Deterministic.py:1853311): Gdk-CRITICAL **: 15:35:15.156: gdk_cursor_new_for_display: assertion 'GDK_IS_DISPLAY (display)' failed
Unable to init server: Could not connect: Connection refused

(DataCollector_Deterministic.py:1853763): Gdk-CRITICAL **: 15:35:15.159: gdk_cursor_new_for_display: assertion 'GDK_IS_DISPLAY (display)' failed
Unable to init server: Could not connect: Connection refused

(DataCollector_Deterministic.py:1854405): Gdk-CRITICAL **: 15:35:15.192: gdk_cursor_new_for_display: assertion 'GDK_IS_DISPLAY (display)' failed

(DataCollector_Deterministic.py:1852891): Gdk-CRITICAL **: 15:35:15.251: gdk_cursor_new_for_display: assertion 'GDK_IS_DISPLAY (display)' failed

(DataCollector_Deterministic.py:1853279): Gdk-CRITICAL **: 15:35:15.411: gdk_cursor_new_for_display: assertion 'GDK_IS_DISPLAY (display)' failed
Unable to init server: Could not connect: Connection refused

(DataCollector_Deterministic.py:1852603): Gdk-CRITICAL **: 15:35:15.476: gdk_cursor_new_for_display: assertion 'GDK_IS_DISPLAY (display)' failed
Initalising...
Running Sim...

Data Dump...
Initalising...
Running Sim...

Data Dump...
Initalising...
Running Sim...

Data Dump...
Initalising...
Running Sim...

Data Dump...
Initalising...
Running Sim...

Data Dump...
Initalising...
Running Sim...

Data Dump...
Initalising...
Running Sim...

Data Dump...
Initalising...
Running Sim...

Data Dump...
Initalising...
Running Sim...

Data Dump...
Initalising...
Running Sim...
.Initalising...
Running Sim...
.Initalising...
Running Sim...
.Initalising...
Running Sim...
.Initalising...
Running Sim...
.Initalising...
Running Sim...
.Initalising...
Running Sim...
.Initalising...
Running Sim...
.Initalising...
Running Sim...
.Initalising...
Running Sim...
.Initalising...
Running Sim...
.Initalising...
Running Sim...
.Initalising...
Running Sim...
.Initalising...
Running Sim...
.Initalising...
Running Sim...
.Initalising...
Running Sim...
.Initalising...
Running Sim...
.Initalising...
Running Sim...
.Initalising...
Running Sim...
.Initalising...
Running Sim...
.Initalising...
Running Sim...
.Initalising...
Running Sim...
.Initalising...
Running Sim...
.Initalising...
Running Sim...
.Initalising...
Running Sim...
.Initalising...
Running Sim...
.Initalising...
Running Sim...
.Initalising...
Running Sim...
.Initalising...
Running Sim...
.Initalising...
Running Sim...
.Initalising...
Running Sim...
.Initalising...
Running Sim...
.Initalising...
Running Sim...
.Initalising...
Running Sim...
.Initalising...
Running Sim...
.Initalising...
Running Sim...
.Initalising...
Running Sim...
.Initalising...
Running Sim...
.Initalising...
Running Sim...
.Initalising...
Running Sim...
.Initalising...
Running Sim...
.Initalising...
Running Sim...
.Initalising...
Running Sim...
.Initalising...
Running Sim...
.Initalising...
Running Sim...
.Initalising...
Running Sim...
.Initalising...
Running Sim...
.Initalising...
Running Sim...
.Initalising...
Running Sim...
.Initalising...
Running Sim...
.Initalising...
Running Sim...
.Initalising...
Running Sim...
.Initalising...
Running Sim...
.Initalising...
Running Sim...
.Initalising...
Running Sim...
.Initalising...
Running Sim...
.Initalising...
Running Sim...
.Initalising...
Running Sim...
.Initalising...
Running Sim...
.Initalising...
Running Sim...
.Initalising...
Running Sim...
.Initalising...
Running Sim...
.Initalising...
Running Sim...
.Initalising...
Running Sim...
.Initalising...
Running Sim...
.Initalising...
Running Sim...
.Initalising...
Running Sim...
.Initalising...
Running Sim...
.Initalising...
Running Sim...
.Initalising...
Running Sim...
.Initalising...
Running Sim...
.Initalising...
Running Sim...
.Initalising...
Running Sim...
.Initalising...
Running Sim...
.Initalising...
Running Sim...
.Initalising...
Running Sim...
.Initalising...
Running Sim...
.Initalising...
Running Sim...
.Initalising...
Running Sim...
.Initalising...
Running Sim...
.Initalising...
Running Sim...
.Initalising...
Running Sim...
.Initalising...
Running Sim...
.Initalising...
Running Sim...
.Initalising...
Running Sim...
.Initalising...
Running Sim...
.Initalising...
Running Sim...
.Initalising...
Running Sim...
.Initalising...
Running Sim...
.Initalising...
Running Sim...
.Initalising...
Running Sim...
....................................................................................................................................................................................................................................................................................................................................................................................................................................................................................................................................................................................................................................................................................................................................................................................................
[1686 9999]
............
[1738 9999]
.....
[1785 9953]
.....
[1733 9999]
.
[1655 9999]
......
[1818 9906]
.
[1905 9730]
..
[1781 9876]
.
[2124 9471]
.
[2032 9590]
...
[2057 9547]
...
[2010 9631]
....
[1962 9648]
..
[1954 9668]
..
[1960 9572]
.
[2205 9319]
.
[2126 9444]
...
[1797 9900]
.
[1712 9982]
.
[2224 9293]
.....
[2121 9391]
...
[9889 1148]
.
[2234 9365]
.
[9715 1317]
...
[2410 8911]
.
[2074 9511]
.
[2244 9300]
..
[2579 8825]
..
[1997 9633]
..
[1890 9709]
.
[2573 8901]
.
[2065 9515]
.
[2760 8567]
.
[2261 9265]
.
[2607 8689]
.
[9625 1216]
.
[2821 8589]
.
[2570 8899]
.
[2527 8919]
.
[2713 8651]
.
[2292 9107]
....
[2833 8538]
..
[2572 8858]
.
[9956  965]
..
[8865 2142]
..
[2691 8611]
.
[2891 8455]
.
[8863 2040]
...
[8860 2031]
.
[9727 1168]
..
[3219 8067]
.
[3362 7823]
.
[3538 7629]
.
[2981 8260]
....
[3383 7777]
...
[3374 7820]
..
[8801 2047]
.
[8493 2407]
.
[3393 7786]
..
[3848 7284]
..
[3545 7566]
.
[9057 1739]
....
[3851 7359]
...
[3407 7780]
.
[3968 7216]
.
[8452 2269]
..
[3419 7802]
.
[9040 1714]
.
[3327 7805]
.
[7802 3208]
...
[3742 7393]
....
[4003 7108]
....
[5460 5583]
...
[4437 6711]
.
[4275 6753]
.
[5053 5933]
...
[6221 4760]
.
[7924 3030]
.......
[7579 3085]
.
[5893 4974]
..
[5708 5135]
..
[5887 4997]
.
[5646 5220]
.
[5358 5527]
.............
[5822 4968]
.....
[6671 4201]
..
[4930 6017]
........
[6547 4210]
..
[6186 4607]
....
[6278 4528]
.....
[5328 5510]
.....................................................................................................................................................................................................................
Data Dump...
.........................
Data Dump...
......................
Data Dump...

Data Dump...
..............................................................................................................................................................................................................................................................................................
[ 160 5365]
.........
[ 173 5381]
....
[ 135 5759]
.................................................
[ 170 5381]
.............
[ 218 4554]
.
[ 227 4920]
..
[4947   19]
..
[ 254 4569]
......
[ 289 4509]
........
[5256   11]
..
[ 300 4448]
.....
[ 298 4481]
.
[ 291 4401]
....
[ 284 4490]
..
[4510   26]
......
[ 375 4167]
....
[ 245 4748]
....
[ 303 4101]
......
[ 361 3980]
....
[ 230 4808]
......
[4290   15]
......
[ 271 4604]
...
[ 383 3943]
..........
[ 339 4345]
.
[ 318 4383]
....
[ 264 4501]
...
[4643   13]
..........
[3755  119]
..
[ 533 3257]
..
[ 343 4107]
.............
[ 488 3570]
.
[ 504 3747]
.....
[3662   80]
....
[3636  119]
..
[ 411 3994]
......
[ 438 3644]
..
[ 602 3060]
......
[ 509 3569]
...........
[3688   88]
.
[3775   29]
.......
[ 674 3127]
.
[3450  148]
.
[ 553 3437]
.
[3481   60]
.
[ 607 3284]
.
[3821   42]
..
[ 859 2432]
........
[ 796 2613]
......
[ 608 3293]
..
[ 676 3062]
......
[ 798 2928]
.........
[3030  494]
..
[ 727 2974]
....
[ 910 2582]
.......
[ 851 2752]
..........
[1101 2121]
......
[ 811 2631]
....
[1017 2455]
...
[ 974 2406]
..
[3145   97]
.
[ 725 3108]
......
[1141 2353]
.....
[3216  360]
...
[1230 1995]
...............
[ 990 2616]
.
[1225 2326]
...
[1093 2110]
.........
[1287 1672]
...
[2254 1000]
...
[1010 2330]
...
[1251 1885]
....
[2125  826]
..
[2369  579]
....
[2225  752]
..
[1786 1391]
...
[1828 1230]
.
[2330  649]
......
[2042  850]
..
[2690  226]
.
[1624 1302]
...
[2494  539]
......
[2508  639]
...
[1243 2001]
......
[2506  430]
.......
[2425  314]
.....................................................
[2249  635]
...........
[1813 1274]
.........................................................................................................................................................................................................................................................................................................................................
[ 66 382]
...
[ 71 439]
......................
[ 73 493]
...........................................................
[ 73 486]
.......
[ 74 459]
.
[ 80 281]
.
[ 70 194]
..............
[ 71 297]
....
[ 96 259]
.
[ 70 440]
.
[292   5]
....
[ 74 339]
...............
[ 92 243]
.....
[ 77 395]
............
[ 82 139]
.
[ 72 225]
.
[260  11]
..........
[381   7]
..
[ 80 449]
.....
[ 95 206]
............
[ 64 480]
..
[233   4]
...................
[ 93 410]
....
[ 82 324]
..
[ 91 322]
.........
[90 59]
..........
[ 77 351]
.
[197  15]
.......
[ 87 225]
..
[ 85 242]
......
[ 76 300]
.............
[88 79]
..
[211   8]
...........
[ 95 412]
.
[ 75 246]
..
[223  16]
....
[285   6]
.....
[ 96 132]
............
[95 34]
.....
[ 94 167]
.
[ 76 186]
.......
[190  13]
.
[103  56]
....
[223   9]
......
[ 93 195]
.....
[233  13]
.............
[199   4]
.
[132 167]
...
[203  38]
.........
[ 98 139]
.....
[112 149]
.
[219   4]
...........
[112 133]
..
[133 102]
.......
[103 128]
.
[117 109]
............
[116  57]
....
[116 106]
..
[96 66]
.................
[112  83]
.......
[131  63]
.....
[186   6]
...
[111 252]
..............
[113 155]
.........
[156  36]
......
[161  59]
....
[114 168]
..
[217  37]
............
[121  53]
......
[110  33]
.
[152  24]
....
[126  20]
..
[166  37]
.
[127  82]
..............
[153  20]
......
[122  52]
..
[129  85]
.
[170  20]
..
[168  21]
..................
[131  23]
.....................
Data Dump...
..
[175   6]
........
Data Dump...

[164  42]
..............
[160  10]
.......
[121  65]
......
Data Dump...
.......
[130   8]
..................................................................
Data Dump...
................
[166  14]
.......
Data Dump...
.......
Data Dump...
........
Data Dump...

Data Dump...
.
Data Dump...

Data Dump...
..............
Data Dump...
...........
[173  46]
...
Data Dump...
...
Data Dump...
.........
Data Dump...
.......................
Data Dump...
....
Data Dump...
......
Data Dump...
......
Data Dump...
....
Data Dump...
.....
Data Dump...
......
Data Dump...
....................
Data Dump...
.
Data Dump...
.........
Data Dump...
......
Data Dump...
.........
Data Dump...
................
Data Dump...
....
Data Dump...
.....
Data Dump...
....
Data Dump...
..
Data Dump...
..............
Data Dump...
....
Data Dump...
....
Data Dump...

Data Dump...
......
Data Dump...
.........
Data Dump...
..
Data Dump...
........
Data Dump...
.....
Data Dump...
.....
Data Dump...

Data Dump...
......
Data Dump...
.
Data Dump...
...........
Data Dump...
....
Data Dump...
....
Data Dump...
....
Data Dump...
....
Data Dump...
....
Data Dump...

Data Dump...
.......
Data Dump...
..
Data Dump...
.
Data Dump...

Data Dump...
......
Data Dump...
...
Data Dump...
.
Data Dump...
.........
Data Dump...
....
Data Dump...
.
Data Dump...
.
Data Dump...

Data Dump...
................
Data Dump...
..
Data Dump...
..
Data Dump...
....
Data Dump...
.
Data Dump...

Data Dump...

Data Dump...
.
Data Dump...

Data Dump...

Data Dump...

Data Dump...
..
Data Dump...
.
Data Dump...
.
Data Dump...
.
Data Dump...

Data Dump...
.
Data Dump...
......
Data Dump...

Data Dump...
..
Data Dump...

Data Dump...

Data Dump...
..
Data Dump...
.
Data Dump...
Low 1 0
Done
