Unable to init server: Could not connect: Connection refused
Unable to init server: Could not connect: Connection refused

(DataCollector_Deterministic.py:10531): Gdk-CRITICAL **: 15:37:01.595: gdk_cursor_new_for_display: assertion 'GDK_IS_DISPLAY (display)' failed
Unable to init server: Could not connect: Connection refused
Unable to init server: Could not connect: Connection refused
Unable to init server: Could not connect: Connection refused
Unable to init server: Could not connect: Connection refused
Unable to init server: Could not connect: Connection refused
Unable to init server: Could not connect: Connection refused
Unable to init server: Could not connect: Connection refused
Unable to init server: Could not connect: Connection refused

(DataCollector_Deterministic.py:10138): Gdk-CRITICAL **: 15:37:10.648: gdk_cursor_new_for_display: assertion 'GDK_IS_DISPLAY (display)' failed
Unable to init server: Could not connect: Connection refused
Unable to init server: Could not connect: Connection refused
Unable to init server: Could not connect: Connection refused
Unable to init server: Could not connect: Connection refused
Unable to init server: Could not connect: Connection refused
Unable to init server: Could not connect: Connection refused

(DataCollector_Deterministic.py:9614): Gdk-CRITICAL **: 15:37:11.659: gdk_cursor_new_for_display: assertion 'GDK_IS_DISPLAY (display)' failed
Unable to init server: Could not connect: Connection refused

(DataCollector_Deterministic.py:10625): Gdk-CRITICAL **: 15:37:12.014: gdk_cursor_new_for_display: assertion 'GDK_IS_DISPLAY (display)' failed
Unable to init server: Could not connect: Connection refused
Unable to init server: Could not connect: Connection refused

(DataCollector_Deterministic.py:9368): Gdk-CRITICAL **: 15:37:12.219: gdk_cursor_new_for_display: assertion 'GDK_IS_DISPLAY (display)' failed
Unable to init server: Could not connect: Connection refused

(DataCollector_Deterministic.py:10660): Gdk-CRITICAL **: 15:37:12.258: gdk_cursor_new_for_display: assertion 'GDK_IS_DISPLAY (display)' failed
Unable to init server: Could not connect: Connection refused

(DataCollector_Deterministic.py:10408): Gdk-CRITICAL **: 15:37:12.438: gdk_cursor_new_for_display: assertion 'GDK_IS_DISPLAY (display)' failed
Unable to init server: Could not connect: Connection refused

(DataCollector_Deterministic.py:10164): Gdk-CRITICAL **: 15:37:12.466: gdk_cursor_new_for_display: assertion 'GDK_IS_DISPLAY (display)' failed
Unable to init server: Could not connect: Connection refused
Unable to init server: Could not connect: Connection refused

(DataCollector_Deterministic.py:9519): Gdk-CRITICAL **: 15:37:12.738: gdk_cursor_new_for_display: assertion 'GDK_IS_DISPLAY (display)' failed
Unable to init server: Could not connect: Connection refused

(DataCollector_Deterministic.py:9363): Gdk-CRITICAL **: 15:37:12.914: gdk_cursor_new_for_display: assertion 'GDK_IS_DISPLAY (display)' failed
Unable to init server: Could not connect: Connection refused
Unable to init server: Could not connect: Connection refused

(DataCollector_Deterministic.py:9581): Gdk-CRITICAL **: 15:37:13.077: gdk_cursor_new_for_display: assertion 'GDK_IS_DISPLAY (display)' failed
Unable to init server: Could not connect: Connection refused
Unable to init server: Could not connect: Connection refused
Unable to init server: Could not connect: Connection refused

(DataCollector_Deterministic.py:9996): Gdk-CRITICAL **: 15:37:13.202: gdk_cursor_new_for_display: assertion 'GDK_IS_DISPLAY (display)' failed
Unable to init server: Could not connect: Connection refused

(DataCollector_Deterministic.py:9505): Gdk-CRITICAL **: 15:37:13.324: gdk_cursor_new_for_display: assertion 'GDK_IS_DISPLAY (display)' failed
Unable to init server: Could not connect: Connection refused
Unable to init server: Could not connect: Connection refused

(DataCollector_Deterministic.py:9931): Gdk-CRITICAL **: 15:37:14.083: gdk_cursor_new_for_display: assertion 'GDK_IS_DISPLAY (display)' failed
Unable to init server: Could not connect: Connection refused
Unable to init server: Could not connect: Connection refused
Unable to init server: Could not connect: Connection refused

(DataCollector_Deterministic.py:9725): Gdk-CRITICAL **: 15:37:14.934: gdk_cursor_new_for_display: assertion 'GDK_IS_DISPLAY (display)' failed
Unable to init server: Could not connect: Connection refused
Unable to init server: Could not connect: Connection refused

(DataCollector_Deterministic.py:9059): Gdk-CRITICAL **: 15:37:15.059: gdk_cursor_new_for_display: assertion 'GDK_IS_DISPLAY (display)' failed
Unable to init server: Could not connect: Connection refused

(DataCollector_Deterministic.py:9345): Gdk-CRITICAL **: 15:37:15.083: gdk_cursor_new_for_display: assertion 'GDK_IS_DISPLAY (display)' failed
Unable to init server: Could not connect: Connection refused

(DataCollector_Deterministic.py:10230): Gdk-CRITICAL **: 15:37:15.099: gdk_cursor_new_for_display: assertion 'GDK_IS_DISPLAY (display)' failed
Unable to init server: Could not connect: Connection refused
Unable to init server: Could not connect: Connection refused
Unable to init server: Could not connect: Connection refused
Unable to init server: Could not connect: Connection refused
Unable to init server: Could not connect: Connection refused
Unable to init server: Could not connect: Connection refused
Unable to init server: Could not connect: Connection refused
Unable to init server: Could not connect: Connection refused
Unable to init server: Could not connect: Connection refused
Unable to init server: Could not connect: Connection refused
Unable to init server: Could not connect: Connection refused
Unable to init server: Could not connect: Connection refused

(DataCollector_Deterministic.py:9546): Gdk-CRITICAL **: 15:37:15.962: gdk_cursor_new_for_display: assertion 'GDK_IS_DISPLAY (display)' failed
Unable to init server: Could not connect: Connection refused
Unable to init server: Could not connect: Connection refused
Unable to init server: Could not connect: Connection refused
Unable to init server: Could not connect: Connection refused
Unable to init server: Could not connect: Connection refused

(DataCollector_Deterministic.py:9451): Gdk-CRITICAL **: 15:37:16.721: gdk_cursor_new_for_display: assertion 'GDK_IS_DISPLAY (display)' failed
Unable to init server: Could not connect: Connection refused
Unable to init server: Could not connect: Connection refused
Unable to init server: Could not connect: Connection refused

(DataCollector_Deterministic.py:9297): Gdk-CRITICAL **: 15:37:17.219: gdk_cursor_new_for_display: assertion 'GDK_IS_DISPLAY (display)' failed
Unable to init server: Could not connect: Connection refused

(DataCollector_Deterministic.py:9556): Gdk-CRITICAL **: 15:37:17.271: gdk_cursor_new_for_display: assertion 'GDK_IS_DISPLAY (display)' failed
Unable to init server: Could not connect: Connection refused

(DataCollector_Deterministic.py:9553): Gdk-CRITICAL **: 15:37:17.278: gdk_cursor_new_for_display: assertion 'GDK_IS_DISPLAY (display)' failed
Unable to init server: Could not connect: Connection refused

(DataCollector_Deterministic.py:10634): Gdk-CRITICAL **: 15:37:17.281: gdk_cursor_new_for_display: assertion 'GDK_IS_DISPLAY (display)' failed
Unable to init server: Could not connect: Connection refused
Unable to init server: Could not connect: Connection refused

(DataCollector_Deterministic.py:10107): Gdk-CRITICAL **: 15:37:17.424: gdk_cursor_new_for_display: assertion 'GDK_IS_DISPLAY (display)' failed
Unable to init server: Could not connect: Connection refused

(DataCollector_Deterministic.py:10645): Gdk-CRITICAL **: 15:37:17.567: gdk_cursor_new_for_display: assertion 'GDK_IS_DISPLAY (display)' failed
Unable to init server: Could not connect: Connection refused

(DataCollector_Deterministic.py:9885): Gdk-CRITICAL **: 15:37:17.623: gdk_cursor_new_for_display: assertion 'GDK_IS_DISPLAY (display)' failed
Unable to init server: Could not connect: Connection refused

(DataCollector_Deterministic.py:10174): Gdk-CRITICAL **: 15:37:17.768: gdk_cursor_new_for_display: assertion 'GDK_IS_DISPLAY (display)' failed
Unable to init server: Could not connect: Connection refused

(DataCollector_Deterministic.py:10019): Gdk-CRITICAL **: 15:37:17.793: gdk_cursor_new_for_display: assertion 'GDK_IS_DISPLAY (display)' failed
Unable to init server: Could not connect: Connection refused
Unable to init server: Could not connect: Connection refused

(DataCollector_Deterministic.py:10545): Gdk-CRITICAL **: 15:37:18.147: gdk_cursor_new_for_display: assertion 'GDK_IS_DISPLAY (display)' failed
Unable to init server: Could not connect: Connection refused

(DataCollector_Deterministic.py:10592): Gdk-CRITICAL **: 15:37:18.153: gdk_cursor_new_for_display: assertion 'GDK_IS_DISPLAY (display)' failed
Unable to init server: Could not connect: Connection refused

(DataCollector_Deterministic.py:10371): Gdk-CRITICAL **: 15:37:18.351: gdk_cursor_new_for_display: assertion 'GDK_IS_DISPLAY (display)' failed

(DataCollector_Deterministic.py:9240): Gdk-CRITICAL **: 15:37:18.407: gdk_cursor_new_for_display: assertion 'GDK_IS_DISPLAY (display)' failed
Unable to init server: Could not connect: Connection refused
Unable to init server: Could not connect: Connection refused
Unable to init server: Could not connect: Connection refused

(DataCollector_Deterministic.py:10528): Gdk-CRITICAL **: 15:37:18.617: gdk_cursor_new_for_display: assertion 'GDK_IS_DISPLAY (display)' failed
Unable to init server: Could not connect: Connection refused

(DataCollector_Deterministic.py:9206): Gdk-CRITICAL **: 15:37:18.860: gdk_cursor_new_for_display: assertion 'GDK_IS_DISPLAY (display)' failed
Unable to init server: Could not connect: Connection refused
Unable to init server: Could not connect: Connection refused

(DataCollector_Deterministic.py:9150): Gdk-CRITICAL **: 15:37:18.932: gdk_cursor_new_for_display: assertion 'GDK_IS_DISPLAY (display)' failed
Unable to init server: Could not connect: Connection refused
Unable to init server: Could not connect: Connection refused

(DataCollector_Deterministic.py:10389): Gdk-CRITICAL **: 15:37:18.966: gdk_cursor_new_for_display: assertion 'GDK_IS_DISPLAY (display)' failed
Unable to init server: Could not connect: Connection refused

(DataCollector_Deterministic.py:10146): Gdk-CRITICAL **: 15:37:19.252: gdk_cursor_new_for_display: assertion 'GDK_IS_DISPLAY (display)' failed

(DataCollector_Deterministic.py:8984): Gdk-CRITICAL **: 15:37:19.272: gdk_cursor_new_for_display: assertion 'GDK_IS_DISPLAY (display)' failed
Unable to init server: Could not connect: Connection refused
Unable to init server: Could not connect: Connection refused
Unable to init server: Could not connect: Connection refused
Unable to init server: Could not connect: Connection refused
Unable to init server: Could not connect: Connection refused
Unable to init server: Could not connect: Connection refused
Unable to init server: Could not connect: Connection refused
Unable to init server: Could not connect: Connection refused
Unable to init server: Could not connect: Connection refused
Unable to init server: Could not connect: Connection refused
Unable to init server: Could not connect: Connection refused
Unable to init server: Could not connect: Connection refused
Unable to init server: Could not connect: Connection refused

(DataCollector_Deterministic.py:9926): Gdk-CRITICAL **: 15:37:20.579: gdk_cursor_new_for_display: assertion 'GDK_IS_DISPLAY (display)' failed
Unable to init server: Could not connect: Connection refused
Unable to init server: Could not connect: Connection refused

(DataCollector_Deterministic.py:10691): Gdk-CRITICAL **: 15:37:20.927: gdk_cursor_new_for_display: assertion 'GDK_IS_DISPLAY (display)' failed
Unable to init server: Could not connect: Connection refused

(DataCollector_Deterministic.py:9106): Gdk-CRITICAL **: 15:37:20.974: gdk_cursor_new_for_display: assertion 'GDK_IS_DISPLAY (display)' failed
Unable to init server: Could not connect: Connection refused

(DataCollector_Deterministic.py:10694): Gdk-CRITICAL **: 15:37:21.194: gdk_cursor_new_for_display: assertion 'GDK_IS_DISPLAY (display)' failed
Unable to init server: Could not connect: Connection refused

(DataCollector_Deterministic.py:9437): Gdk-CRITICAL **: 15:37:21.338: gdk_cursor_new_for_display: assertion 'GDK_IS_DISPLAY (display)' failed
Unable to init server: Could not connect: Connection refused

(DataCollector_Deterministic.py:10198): Gdk-CRITICAL **: 15:37:21.555: gdk_cursor_new_for_display: assertion 'GDK_IS_DISPLAY (display)' failed
Unable to init server: Could not connect: Connection refused

(DataCollector_Deterministic.py:9001): Gdk-CRITICAL **: 15:37:21.566: gdk_cursor_new_for_display: assertion 'GDK_IS_DISPLAY (display)' failed
Unable to init server: Could not connect: Connection refused

(DataCollector_Deterministic.py:10652): Gdk-CRITICAL **: 15:37:21.626: gdk_cursor_new_for_display: assertion 'GDK_IS_DISPLAY (display)' failed
Unable to init server: Could not connect: Connection refused
Unable to init server: Could not connect: Connection refused

(DataCollector_Deterministic.py:9456): Gdk-CRITICAL **: 15:37:21.777: gdk_cursor_new_for_display: assertion 'GDK_IS_DISPLAY (display)' failed
Unable to init server: Could not connect: Connection refused

(DataCollector_Deterministic.py:9016): Gdk-CRITICAL **: 15:37:21.781: gdk_cursor_new_for_display: assertion 'GDK_IS_DISPLAY (display)' failed
Unable to init server: Could not connect: Connection refused
Unable to init server: Could not connect: Connection refused

(DataCollector_Deterministic.py:9340): Gdk-CRITICAL **: 15:37:21.919: gdk_cursor_new_for_display: assertion 'GDK_IS_DISPLAY (display)' failed
Unable to init server: Could not connect: Connection refused

(DataCollector_Deterministic.py:9175): Gdk-CRITICAL **: 15:37:21.985: gdk_cursor_new_for_display: assertion 'GDK_IS_DISPLAY (display)' failed
Unable to init server: Could not connect: Connection refused

(DataCollector_Deterministic.py:9699): Gdk-CRITICAL **: 15:37:22.212: gdk_cursor_new_for_display: assertion 'GDK_IS_DISPLAY (display)' failed
Unable to init server: Could not connect: Connection refused

(DataCollector_Deterministic.py:9491): Gdk-CRITICAL **: 15:37:22.226: gdk_cursor_new_for_display: assertion 'GDK_IS_DISPLAY (display)' failed
Unable to init server: Could not connect: Connection refused
Unable to init server: Could not connect: Connection refused

(DataCollector_Deterministic.py:9585): Gdk-CRITICAL **: 15:37:22.408: gdk_cursor_new_for_display: assertion 'GDK_IS_DISPLAY (display)' failed

(DataCollector_Deterministic.py:9470): Gdk-CRITICAL **: 15:37:22.588: gdk_cursor_new_for_display: assertion 'GDK_IS_DISPLAY (display)' failed
Unable to init server: Could not connect: Connection refused
Unable to init server: Could not connect: Connection refused

(DataCollector_Deterministic.py:9693): Gdk-CRITICAL **: 15:37:22.823: gdk_cursor_new_for_display: assertion 'GDK_IS_DISPLAY (display)' failed
Unable to init server: Could not connect: Connection refused
Unable to init server: Could not connect: Connection refused
Unable to init server: Could not connect: Connection refused
Unable to init server: Could not connect: Connection refused
Unable to init server: Could not connect: Connection refused
Unable to init server: Could not connect: Connection refused
Unable to init server: Could not connect: Connection refused
Unable to init server: Could not connect: Connection refused
Unable to init server: Could not connect: Connection refused
Unable to init server: Could not connect: Connection refused
Unable to init server: Could not connect: Connection refused
Unable to init server: Could not connect: Connection refused
Unable to init server: Could not connect: Connection refused
Unable to init server: Could not connect: Connection refused
Unable to init server: Could not connect: Connection refused
Unable to init server: Could not connect: Connection refused
Unable to init server: Could not connect: Connection refused
Unable to init server: Could not connect: Connection refused
Unable to init server: Could not connect: Connection refused
Unable to init server: Could not connect: Connection refused
Unable to init server: Could not connect: Connection refused
Unable to init server: Could not connect: Connection refused
Unable to init server: Could not connect: Connection refused
Unable to init server: Could not connect: Connection refused
Unable to init server: Could not connect: Connection refused

(DataCollector_Deterministic.py:9775): Gdk-CRITICAL **: 15:37:23.603: gdk_cursor_new_for_display: assertion 'GDK_IS_DISPLAY (display)' failed
Unable to init server: Could not connect: Connection refused
Unable to init server: Could not connect: Connection refused
Unable to init server: Could not connect: Connection refused
Unable to init server: Could not connect: Connection refused
Unable to init server: Could not connect: Connection refused
Unable to init server: Could not connect: Connection refused
Unable to init server: Could not connect: Connection refused
Unable to init server: Could not connect: Connection refused
Unable to init server: Could not connect: Connection refused
Unable to init server: Could not connect: Connection refused
Unable to init server: Could not connect: Connection refused
Unable to init server: Could not connect: Connection refused
Unable to init server: Could not connect: Connection refused
Unable to init server: Could not connect: Connection refused
Unable to init server: Could not connect: Connection refused
Unable to init server: Could not connect: Connection refused
Unable to init server: Could not connect: Connection refused
Unable to init server: Could not connect: Connection refused

(DataCollector_Deterministic.py:9858): Gdk-CRITICAL **: 15:37:24.647: gdk_cursor_new_for_display: assertion 'GDK_IS_DISPLAY (display)' failed
Unable to init server: Could not connect: Connection refused

(DataCollector_Deterministic.py:10177): Gdk-CRITICAL **: 15:37:24.710: gdk_cursor_new_for_display: assertion 'GDK_IS_DISPLAY (display)' failed
Unable to init server: Could not connect: Connection refused

(DataCollector_Deterministic.py:10263): Gdk-CRITICAL **: 15:37:24.838: gdk_cursor_new_for_display: assertion 'GDK_IS_DISPLAY (display)' failed
Unable to init server: Could not connect: Connection refused

(DataCollector_Deterministic.py:10326): Gdk-CRITICAL **: 15:37:24.843: gdk_cursor_new_for_display: assertion 'GDK_IS_DISPLAY (display)' failed
Unable to init server: Could not connect: Connection refused
Unable to init server: Could not connect: Connection refused

(DataCollector_Deterministic.py:9522): Gdk-CRITICAL **: 15:37:24.914: gdk_cursor_new_for_display: assertion 'GDK_IS_DISPLAY (display)' failed
Unable to init server: Could not connect: Connection refused
Unable to init server: Could not connect: Connection refused
Unable to init server: Could not connect: Connection refused

(DataCollector_Deterministic.py:10633): Gdk-CRITICAL **: 15:37:24.975: gdk_cursor_new_for_display: assertion 'GDK_IS_DISPLAY (display)' failed
Unable to init server: Could not connect: Connection refused
Unable to init server: Could not connect: Connection refused
Unable to init server: Could not connect: Connection refused

(DataCollector_Deterministic.py:10574): Gdk-CRITICAL **: 15:37:25.011: gdk_cursor_new_for_display: assertion 'GDK_IS_DISPLAY (display)' failed
Unable to init server: Could not connect: Connection refused

(DataCollector_Deterministic.py:10594): Gdk-CRITICAL **: 15:37:25.018: gdk_cursor_new_for_display: assertion 'GDK_IS_DISPLAY (display)' failed
Unable to init server: Could not connect: Connection refused
Unable to init server: Could not connect: Connection refused

(DataCollector_Deterministic.py:10556): Gdk-CRITICAL **: 15:37:25.090: gdk_cursor_new_for_display: assertion 'GDK_IS_DISPLAY (display)' failed
Unable to init server: Could not connect: Connection refused
Unable to init server: Could not connect: Connection refused

(DataCollector_Deterministic.py:9480): Gdk-CRITICAL **: 15:37:25.115: gdk_cursor_new_for_display: assertion 'GDK_IS_DISPLAY (display)' failed
Unable to init server: Could not connect: Connection refused

(DataCollector_Deterministic.py:9087): Gdk-CRITICAL **: 15:37:25.122: gdk_cursor_new_for_display: assertion 'GDK_IS_DISPLAY (display)' failed
Unable to init server: Could not connect: Connection refused

(DataCollector_Deterministic.py:10513): Gdk-CRITICAL **: 15:37:25.134: gdk_cursor_new_for_display: assertion 'GDK_IS_DISPLAY (display)' failed
Unable to init server: Could not connect: Connection refused

(DataCollector_Deterministic.py:10395): Gdk-CRITICAL **: 15:37:25.162: gdk_cursor_new_for_display: assertion 'GDK_IS_DISPLAY (display)' failed
Unable to init server: Could not connect: Connection refused

(DataCollector_Deterministic.py:9950): Gdk-CRITICAL **: 15:37:25.167: gdk_cursor_new_for_display: assertion 'GDK_IS_DISPLAY (display)' failed
Unable to init server: Could not connect: Connection refused

(DataCollector_Deterministic.py:9711): Gdk-CRITICAL **: 15:37:25.221: gdk_cursor_new_for_display: assertion 'GDK_IS_DISPLAY (display)' failed
Unable to init server: Could not connect: Connection refused

(DataCollector_Deterministic.py:10188): Gdk-CRITICAL **: 15:37:25.234: gdk_cursor_new_for_display: assertion 'GDK_IS_DISPLAY (display)' failed
Unable to init server: Could not connect: Connection refused

(DataCollector_Deterministic.py:9902): Gdk-CRITICAL **: 15:37:25.242: gdk_cursor_new_for_display: assertion 'GDK_IS_DISPLAY (display)' failed
Unable to init server: Could not connect: Connection refused

(DataCollector_Deterministic.py:9044): Gdk-CRITICAL **: 15:37:25.250: gdk_cursor_new_for_display: assertion 'GDK_IS_DISPLAY (display)' failed
Unable to init server: Could not connect: Connection refused

(DataCollector_Deterministic.py:9404): Gdk-CRITICAL **: 15:37:25.273: gdk_cursor_new_for_display: assertion 'GDK_IS_DISPLAY (display)' failed
Unable to init server: Could not connect: Connection refused

(DataCollector_Deterministic.py:9030): Gdk-CRITICAL **: 15:37:25.278: gdk_cursor_new_for_display: assertion 'GDK_IS_DISPLAY (display)' failed

(DataCollector_Deterministic.py:10276): Gdk-CRITICAL **: 15:37:24.887: gdk_cursor_new_for_display: assertion 'GDK_IS_DISPLAY (display)' failed
Unable to init server: Could not connect: Connection refused

(DataCollector_Deterministic.py:9755): Gdk-CRITICAL **: 15:37:25.295: gdk_cursor_new_for_display: assertion 'GDK_IS_DISPLAY (display)' failed
Unable to init server: Could not connect: Connection refused
Unable to init server: Could not connect: Connection refused

(DataCollector_Deterministic.py:9842): Gdk-CRITICAL **: 15:37:25.306: gdk_cursor_new_for_display: assertion 'GDK_IS_DISPLAY (display)' failed
Unable to init server: Could not connect: Connection refused

(DataCollector_Deterministic.py:9077): Gdk-CRITICAL **: 15:37:25.314: gdk_cursor_new_for_display: assertion 'GDK_IS_DISPLAY (display)' failed
Unable to init server: Could not connect: Connection refused

(DataCollector_Deterministic.py:9744): Gdk-CRITICAL **: 15:37:25.328: gdk_cursor_new_for_display: assertion 'GDK_IS_DISPLAY (display)' failed
Unable to init server: Could not connect: Connection refused

(DataCollector_Deterministic.py:9443): Gdk-CRITICAL **: 15:37:25.357: gdk_cursor_new_for_display: assertion 'GDK_IS_DISPLAY (display)' failed

(DataCollector_Deterministic.py:10214): Gdk-CRITICAL **: 15:37:25.360: gdk_cursor_new_for_display: assertion 'GDK_IS_DISPLAY (display)' failed

(DataCollector_Deterministic.py:10559): Gdk-CRITICAL **: 15:37:25.363: gdk_cursor_new_for_display: assertion 'GDK_IS_DISPLAY (display)' failed
Unable to init server: Could not connect: Connection refused

(DataCollector_Deterministic.py:9889): Gdk-CRITICAL **: 15:37:25.368: gdk_cursor_new_for_display: assertion 'GDK_IS_DISPLAY (display)' failed

(DataCollector_Deterministic.py:10630): Gdk-CRITICAL **: 15:37:25.376: gdk_cursor_new_for_display: assertion 'GDK_IS_DISPLAY (display)' failed

(DataCollector_Deterministic.py:9125): Gdk-CRITICAL **: 15:37:25.387: gdk_cursor_new_for_display: assertion 'GDK_IS_DISPLAY (display)' failed
Unable to init server: Could not connect: Connection refused

(DataCollector_Deterministic.py:10384): Gdk-CRITICAL **: 15:37:25.393: gdk_cursor_new_for_display: assertion 'GDK_IS_DISPLAY (display)' failed
Unable to init server: Could not connect: Connection refused

(DataCollector_Deterministic.py:9920): Gdk-CRITICAL **: 15:37:25.398: gdk_cursor_new_for_display: assertion 'GDK_IS_DISPLAY (display)' failed
Unable to init server: Could not connect: Connection refused

(DataCollector_Deterministic.py:10348): Gdk-CRITICAL **: 15:37:25.414: gdk_cursor_new_for_display: assertion 'GDK_IS_DISPLAY (display)' failed
Unable to init server: Could not connect: Connection refused

(DataCollector_Deterministic.py:10503): Gdk-CRITICAL **: 15:37:25.420: gdk_cursor_new_for_display: assertion 'GDK_IS_DISPLAY (display)' failed
Unable to init server: Could not connect: Connection refused

(DataCollector_Deterministic.py:9670): Gdk-CRITICAL **: 15:37:25.426: gdk_cursor_new_for_display: assertion 'GDK_IS_DISPLAY (display)' failed

(DataCollector_Deterministic.py:10683): Gdk-CRITICAL **: 15:37:25.436: gdk_cursor_new_for_display: assertion 'GDK_IS_DISPLAY (display)' failed

(DataCollector_Deterministic.py:9571): Gdk-CRITICAL **: 15:37:25.504: gdk_cursor_new_for_display: assertion 'GDK_IS_DISPLAY (display)' failed
Unable to init server: Could not connect: Connection refused

(DataCollector_Deterministic.py:9708): Gdk-CRITICAL **: 15:37:25.542: gdk_cursor_new_for_display: assertion 'GDK_IS_DISPLAY (display)' failed
Unable to init server: Could not connect: Connection refused

(DataCollector_Deterministic.py:9314): Gdk-CRITICAL **: 15:37:25.592: gdk_cursor_new_for_display: assertion 'GDK_IS_DISPLAY (display)' failed
Unable to init server: Could not connect: Connection refused

(DataCollector_Deterministic.py:10190): Gdk-CRITICAL **: 15:37:25.680: gdk_cursor_new_for_display: assertion 'GDK_IS_DISPLAY (display)' failed

(DataCollector_Deterministic.py:10409): Gdk-CRITICAL **: 15:37:25.696: gdk_cursor_new_for_display: assertion 'GDK_IS_DISPLAY (display)' failed
Unable to init server: Could not connect: Connection refused

(DataCollector_Deterministic.py:9271): Gdk-CRITICAL **: 15:37:25.742: gdk_cursor_new_for_display: assertion 'GDK_IS_DISPLAY (display)' failed
Initalising...
Running Sim...
.Initalising...
Running Sim...
.Initalising...
Running Sim...
.Initalising...
Running Sim...
.Initalising...
Running Sim...
.Initalising...
Running Sim...
.Initalising...
Running Sim...
.Initalising...
Running Sim...
.Initalising...
Running Sim...
.Initalising...
Running Sim...
.Initalising...
Running Sim...

Data Dump...
Initalising...
Running Sim...
.Initalising...
Running Sim...

Data Dump...
Initalising...
Running Sim...

Data Dump...
Initalising...
Running Sim...

Data Dump...
Initalising...
Running Sim...

Data Dump...
Initalising...
Running Sim...
.Initalising...
Running Sim...

Data Dump...
Initalising...
Running Sim...
.Initalising...
Running Sim...

Data Dump...
Initalising...
Running Sim...

Data Dump...
Initalising...
Running Sim...
.Initalising...
Running Sim...
.Initalising...
Running Sim...
.Initalising...
Running Sim...
......Initalising...
Running Sim...
.Initalising...
Running Sim...
..Initalising...
Running Sim...
..Initalising...
Running Sim...
..Initalising...
Running Sim...
.Initalising...
Running Sim...
.Initalising...
Running Sim...
.Initalising...
Running Sim...
.Initalising...
Running Sim...
.Initalising...
Running Sim...
.Initalising...
Running Sim...
.Initalising...
Running Sim...
.Initalising...
Running Sim...
..Initalising...
Running Sim...
.Initalising...
Running Sim...
.Initalising...
Running Sim...
.Initalising...
Running Sim...
.Initalising...
Running Sim...
.Initalising...
Running Sim...
.Initalising...
Running Sim...
.Initalising...
Running Sim...
.Initalising...
Running Sim...
.Initalising...
Running Sim...
.Initalising...
Running Sim...
.Initalising...
Running Sim...
.Initalising...
Running Sim...
.Initalising...
Running Sim...
.Initalising...
Running Sim...
.Initalising...
Running Sim...
.Initalising...
Running Sim...
.Initalising...
Running Sim...
.Initalising...
Running Sim...
.Initalising...
Running Sim...
.Initalising...
Running Sim...
.Initalising...
Running Sim...
.Initalising...
Running Sim...
.Initalising...
Running Sim...
.Initalising...
Running Sim...
.Initalising...
Running Sim...
.Initalising...
Running Sim...
.Initalising...
Running Sim...
.Initalising...
Running Sim...
.Initalising...
Running Sim...
.Initalising...
Running Sim...
.Initalising...
Running Sim...
.Initalising...
Running Sim...
.Initalising...
Running Sim...
.Initalising...
Running Sim...
.Initalising...
Running Sim...
.Initalising...
Running Sim...
.Initalising...
Running Sim...
.Initalising...
Running Sim...
.Initalising...
Running Sim...
.Initalising...
Running Sim...
.Initalising...
Running Sim...
.Initalising...
Running Sim...
.Initalising...
Running Sim...
.Initalising...
Running Sim...
.Initalising...
Running Sim...
.Initalising...
Running Sim...
.Initalising...
Running Sim...
.Initalising...
Running Sim...
.Initalising...
Running Sim...
.Initalising...
Running Sim...
.Initalising...
Running Sim...
.Initalising...
Running Sim...
.Initalising...
Running Sim...
.Initalising...
Running Sim...
.Initalising...
Running Sim...
.Initalising...
Running Sim...
.Initalising...
Running Sim...
.Initalising...
Running Sim...
.Initalising...
Running Sim...
.Initalising...
Running Sim...
.Initalising...
Running Sim...
...............................................................................................................................................................................................................................................................................................................................................................................................................................................................................................................................................................................................................................................................................................................................................................................................
[1726 9594]
.......
[1748 9618]
....
[1700 9616]
.............
[1685 9608]
......
[1859 9431]
.....
[2090 9164]
.....
[1679 9634]
...
[1695 9609]
...
[1930 9310]
...
[1794 9561]
......
[1814 9495]
....
[1721 9608]
.
[1970 9318]
.
[1943 9324]
...
[2156 9094]
.
[9506 1208]
.
[1873 9398]
.
[2234 8966]
.
[2068 9130]
.
[9653 1207]
.
[2351 8809]
..
[2264 8960]
..
[9227 1456]
.
[1980 9362]
.
[2030 9182]
.
[2240 8958]
.
[9481 1297]
.
[2064 9171]
..
[2652 8425]
.
[9675 1079]
.
[1882 9394]
..
[9394 1265]
...
[2841 8234]
.
[2699 8432]
.
[2636 8450]
.
[2787 8371]
.
[3046 7944]
.
[4197 6780]
.
[2701 8432]
..
[9762  970]
.
[2333 8846]
.
[3353 7672]
.
[2531 8616]
.
[8697 1911]
.
[2412 8692]
..
[2566 8515]
.
[3275 7736]
.
[8987 1838]
.
[3972 7043]
.
[2327 8835]
....
[9318 1336]
.
[3911 6981]
..
[7763 3051]
.
[4702 6204]
.
[7941 2812]
.
[4118 6759]
.
[2602 8477]
..
[2547 8629]
.
[4707 6174]
..
[4607 6312]
.
[8917 1696]
.
[8387 2229]
.
[8217 2444]
.
[4039 6945]
.
[5379 5407]
.
[5304 5696]
.
[3316 7657]
..
[7267 3491]
..
[8155 2480]
........
[4697 6200]
...
[7563 3157]
........
[7742 2956]
.
[4487 6349]
.
[4991 5838]
....
[6327 4385]
.
[5184 5722]
..
[4537 6284]
...
[4748 6042]
.
[7453 3102]
.
[6071 4776]
.
[6618 4235]
.
[6418 4383]
..
[6340 4491]
..
[7521 3119]
.
[6765 3908]
.
[6496 4249]
..
[6791 3818]
.
[6128 4645]
..
[5662 5058]
..........
[6741 3946]
.......
[7208 3436]
.........
[6078 4637]
.....................................................................................................................................................................................................................................................
Data Dump...
....
Data Dump...
.....
Data Dump...
................
Data Dump...
.............................
Data Dump...
..
Data Dump...
..................................................................................................................................................................................................................
[  74 5565]
............................................................................
[ 121 4783]
............
[ 161 4484]
..........................
[4895    7]
.....
[ 137 4428]
..
[4374   18]
.........
[ 191 4110]
..
[4287    9]
..
[ 150 4521]
.
[ 244 4008]
........
[4032   38]
..........
[ 172 4374]
......
[ 275 3837]
.
[ 230 4104]
...........
[3911   18]
..........
[ 300 3625]
.
[3701   32]
.
[3790   15]
.
[ 237 3875]
..
[ 281 3937]
.
[ 212 3936]
.
[ 304 3749]
........
[ 265 3941]
.......
[ 285 3578]
..................................
[ 519 2972]
.......
[ 330 3572]
....
[3767   21]
..
[3247   34]
.
[3579   78]
.....
[ 392 3461]
.....
[ 489 3153]
...
[ 422 3527]
...
[ 511 3028]
.........
[ 712 2404]
.....
[ 722 2530]
..
[ 366 3375]
...
[ 339 3536]
.
[3226   47]
..
[3387   26]
..
[ 409 3526]
..
[ 487 3025]
.......
[ 711 2619]
....
[ 611 2836]
...
[ 347 3698]
..
[3216  105]
..
[2989  243]
...
[2893  361]
....
[3032  102]
.
[ 817 2510]
.....
[2798  336]
.....
[ 919 2408]
.....
[ 811 2395]
......
[2866  263]
......
[2995  157]
..
[1130 2108]
.
[ 553 2829]
............
[2811  109]
........
[1520 1493]
.........
[1238 1778]
.
[1261 1787]
......
[2906  144]
.
[1441 1681]
...
[ 813 2431]
.....
[1223 1626]
...
[2371  510]
.
[2509  375]
....
[2233  878]
.
[2586  297]
..
[1442 1628]
......
[2470  448]
....
[1900  979]
.
[2782  213]
...
[2225  802]
.
[1402 1913]
.
[1293 1886]
.
[1482 1327]
.
[1495 1343]
........
[2566  285]
..
[1500 1504]
............
[2263  690]
...........
[2104  700]
.
[1596 1516]
............
[1561 1255]
..
[1884 1193]
....
[2085  864]
......
[2167  726]
................................................................................................................................................................................................
[ 48 473]
.......................................................................................................................................
[ 48 393]
.............................................
[ 52 319]
.................................................
[ 58 281]
.
[ 48 409]
.
[247   8]
.
[262   6]
......
[ 59 296]
........
Data Dump...
...
[257   3]
...
[ 49 297]
..................
[241  14]
...........
[ 64 356]
...........
[ 67 204]
..
[ 56 377]
.............................
[ 66 267]
..
[ 68 278]
.....
[209   7]
......
[188   4]
.
[ 75 246]
.
[ 61 139]
...
[235   8]
........
[ 66 363]
......
[ 54 186]
....................
[ 51 172]
..........................................
Data Dump...
.
[ 86 101]
..................
[ 69 171]
..........
[ 85 327]
.....
[ 77 223]
.
[ 63 212]
.......
[180   4]
....
[ 88 157]
.......
[88 74]
....
[189  15]
....
[90 64]
.........
[ 84 113]
.
[215   6]
........
[ 73 142]
....
[ 70 291]
....
[ 84 255]
......
Data Dump...
.
[167   8]
....
[195   2]
..
[ 55 188]
.
[ 73 344]
......
[163  26]
..
[ 90 167]
.
[ 85 135]
....
[158  29]
..
Data Dump...

[85 86]
...
[165  17]
...........
[ 84 122]
.
Data Dump...

[170   8]
..
[196  11]
.
[ 99 102]
........
Data Dump...
.........
Data Dump...

[161  17]
.......
[122  66]
.
[104  66]
.......
Data Dump...
...
[121  82]
....
[108  61]
.........
Data Dump...

[171   7]
.
[165  12]
..........
Data Dump...
..
Data Dump...
......
[ 84 113]
...
Data Dump...
...
Data Dump...
.....
Data Dump...

[158  20]
..
[114  45]
...........
[121  92]
..
[104 110]
....
[154  62]
.
[151   5]
.
[125  31]
...
[107  50]
...
[147  15]
......
[122  20]
.....
Data Dump...
..
[112 189]
..
[117  46]
........
Data Dump...
....
[116 125]
....
[152  27]
....
[133  49]
....
Data Dump...
....
[130  91]
..
Data Dump...

[136  20]
....
Data Dump...
.
Data Dump...
.....
Data Dump...
.
Data Dump...
..
[175  22]
.......
Data Dump...

[133  40]
.......
Data Dump...
..
[136  85]
............
[131  14]
..........
[116  41]
..
[124  99]
.........................
[130  51]
..
[129  39]
.....
Data Dump...
.
Data Dump...
........
Data Dump...
.....................
Data Dump...
......
Data Dump...

Data Dump...
.....
Data Dump...
...
Data Dump...
.......
Data Dump...
........
Data Dump...
..
Data Dump...
.
Data Dump...
...
Data Dump...

Data Dump...
..........
Data Dump...
.....
Data Dump...
..
Data Dump...
......
Data Dump...
.
Data Dump...
........
Data Dump...
....
Data Dump...
.....
Data Dump...

Data Dump...
.....
Data Dump...
........
Data Dump...
.
Data Dump...
.
Data Dump...
....
Data Dump...

Data Dump...
........
Data Dump...
..
Data Dump...

Data Dump...
.......
Data Dump...

Data Dump...
............
Data Dump...

Data Dump...
.
Data Dump...
.........
Data Dump...
........
Data Dump...
.
Data Dump...
.......
Data Dump...
..
Data Dump...

Data Dump...
.
Data Dump...
..
Data Dump...

Data Dump...
.
Data Dump...
....
Data Dump...

Data Dump...
......
Data Dump...

Data Dump...

Data Dump...
.
Data Dump...

Data Dump...
......
Data Dump...
..
Data Dump...
.
Data Dump...
....
Data Dump...

Data Dump...

Data Dump...
..
Data Dump...

Data Dump...
Low 1 2
Done
