Unable to init server: Could not connect: Connection refused
Unable to init server: Could not connect: Connection refused
Unable to init server: Could not connect: Connection refused
Unable to init server: Could not connect: Connection refused
Unable to init server: Could not connect: Connection refused

(DataCollector_Deterministic.py:1853373): Gdk-CRITICAL **: 15:34:50.659: gdk_cursor_new_for_display: assertion 'GDK_IS_DISPLAY (display)' failed
Unable to init server: Could not connect: Connection refused

(DataCollector_Deterministic.py:1853114): Gdk-CRITICAL **: 15:34:50.898: gdk_cursor_new_for_display: assertion 'GDK_IS_DISPLAY (display)' failed
Unable to init server: Could not connect: Connection refused

(DataCollector_Deterministic.py:1852970): Gdk-CRITICAL **: 15:34:51.064: gdk_cursor_new_for_display: assertion 'GDK_IS_DISPLAY (display)' failed
Unable to init server: Could not connect: Connection refused

(DataCollector_Deterministic.py:1852796): Gdk-CRITICAL **: 15:34:51.328: gdk_cursor_new_for_display: assertion 'GDK_IS_DISPLAY (display)' failed
Unable to init server: Could not connect: Connection refused
Unable to init server: Could not connect: Connection refused
Unable to init server: Could not connect: Connection refused

(DataCollector_Deterministic.py:1854516): Gdk-CRITICAL **: 15:34:53.354: gdk_cursor_new_for_display: assertion 'GDK_IS_DISPLAY (display)' failed
Unable to init server: Could not connect: Connection refused

(DataCollector_Deterministic.py:1854161): Gdk-CRITICAL **: 15:34:53.446: gdk_cursor_new_for_display: assertion 'GDK_IS_DISPLAY (display)' failed
Unable to init server: Could not connect: Connection refused
Unable to init server: Could not connect: Connection refused
Unable to init server: Could not connect: Connection refused
Unable to init server: Could not connect: Connection refused

(DataCollector_Deterministic.py:1854351): Gdk-CRITICAL **: 15:34:55.880: gdk_cursor_new_for_display: assertion 'GDK_IS_DISPLAY (display)' failed
Unable to init server: Could not connect: Connection refused
Unable to init server: Could not connect: Connection refused
Unable to init server: Could not connect: Connection refused

(DataCollector_Deterministic.py:1854506): Gdk-CRITICAL **: 15:34:57.182: gdk_cursor_new_for_display: assertion 'GDK_IS_DISPLAY (display)' failed
Unable to init server: Could not connect: Connection refused
Unable to init server: Could not connect: Connection refused

(DataCollector_Deterministic.py:1853695): Gdk-CRITICAL **: 15:34:57.245: gdk_cursor_new_for_display: assertion 'GDK_IS_DISPLAY (display)' failed
Unable to init server: Could not connect: Connection refused

(DataCollector_Deterministic.py:1853059): Gdk-CRITICAL **: 15:34:57.308: gdk_cursor_new_for_display: assertion 'GDK_IS_DISPLAY (display)' failed
Unable to init server: Could not connect: Connection refused
Unable to init server: Could not connect: Connection refused
Unable to init server: Could not connect: Connection refused
Unable to init server: Could not connect: Connection refused
Unable to init server: Could not connect: Connection refused
Unable to init server: Could not connect: Connection refused

(DataCollector_Deterministic.py:1852716): Gdk-CRITICAL **: 15:34:58.138: gdk_cursor_new_for_display: assertion 'GDK_IS_DISPLAY (display)' failed
Unable to init server: Could not connect: Connection refused

(DataCollector_Deterministic.py:1852730): Gdk-CRITICAL **: 15:34:58.269: gdk_cursor_new_for_display: assertion 'GDK_IS_DISPLAY (display)' failed
Unable to init server: Could not connect: Connection refused

(DataCollector_Deterministic.py:1852867): Gdk-CRITICAL **: 15:34:58.422: gdk_cursor_new_for_display: assertion 'GDK_IS_DISPLAY (display)' failed
Unable to init server: Could not connect: Connection refused

(DataCollector_Deterministic.py:1853896): Gdk-CRITICAL **: 15:34:58.625: gdk_cursor_new_for_display: assertion 'GDK_IS_DISPLAY (display)' failed
Unable to init server: Could not connect: Connection refused

(DataCollector_Deterministic.py:1852943): Gdk-CRITICAL **: 15:34:58.723: gdk_cursor_new_for_display: assertion 'GDK_IS_DISPLAY (display)' failed
Unable to init server: Could not connect: Connection refused

(DataCollector_Deterministic.py:1854464): Gdk-CRITICAL **: 15:34:59.021: gdk_cursor_new_for_display: assertion 'GDK_IS_DISPLAY (display)' failed
Unable to init server: Could not connect: Connection refused
Unable to init server: Could not connect: Connection refused
Unable to init server: Could not connect: Connection refused

(DataCollector_Deterministic.py:1853464): Gdk-CRITICAL **: 15:34:59.586: gdk_cursor_new_for_display: assertion 'GDK_IS_DISPLAY (display)' failed
Unable to init server: Could not connect: Connection refused
Unable to init server: Could not connect: Connection refused
Unable to init server: Could not connect: Connection refused
Unable to init server: Could not connect: Connection refused
Unable to init server: Could not connect: Connection refused
Unable to init server: Could not connect: Connection refused
Unable to init server: Could not connect: Connection refused
Unable to init server: Could not connect: Connection refused
Unable to init server: Could not connect: Connection refused
Unable to init server: Could not connect: Connection refused
Unable to init server: Could not connect: Connection refused
Unable to init server: Could not connect: Connection refused
Unable to init server: Could not connect: Connection refused
Unable to init server: Could not connect: Connection refused

(DataCollector_Deterministic.py:1853023): Gdk-CRITICAL **: 15:35:01.142: gdk_cursor_new_for_display: assertion 'GDK_IS_DISPLAY (display)' failed
Unable to init server: Could not connect: Connection refused
Unable to init server: Could not connect: Connection refused
Unable to init server: Could not connect: Connection refused
Unable to init server: Could not connect: Connection refused

(DataCollector_Deterministic.py:1854101): Gdk-CRITICAL **: 15:35:01.349: gdk_cursor_new_for_display: assertion 'GDK_IS_DISPLAY (display)' failed
Unable to init server: Could not connect: Connection refused
Unable to init server: Could not connect: Connection refused
Unable to init server: Could not connect: Connection refused
Unable to init server: Could not connect: Connection refused

(DataCollector_Deterministic.py:1853893): Gdk-CRITICAL **: 15:35:01.647: gdk_cursor_new_for_display: assertion 'GDK_IS_DISPLAY (display)' failed
Unable to init server: Could not connect: Connection refused

(DataCollector_Deterministic.py:1853094): Gdk-CRITICAL **: 15:35:01.759: gdk_cursor_new_for_display: assertion 'GDK_IS_DISPLAY (display)' failed
Unable to init server: Could not connect: Connection refused
Unable to init server: Could not connect: Connection refused

(DataCollector_Deterministic.py:1852998): Gdk-CRITICAL **: 15:35:01.818: gdk_cursor_new_for_display: assertion 'GDK_IS_DISPLAY (display)' failed
Unable to init server: Could not connect: Connection refused
Unable to init server: Could not connect: Connection refused

(DataCollector_Deterministic.py:1853472): Gdk-CRITICAL **: 15:35:01.959: gdk_cursor_new_for_display: assertion 'GDK_IS_DISPLAY (display)' failed

(DataCollector_Deterministic.py:1853777): Gdk-CRITICAL **: 15:35:02.039: gdk_cursor_new_for_display: assertion 'GDK_IS_DISPLAY (display)' failed
Unable to init server: Could not connect: Connection refused

(DataCollector_Deterministic.py:1854373): Gdk-CRITICAL **: 15:35:02.070: gdk_cursor_new_for_display: assertion 'GDK_IS_DISPLAY (display)' failed
Unable to init server: Could not connect: Connection refused

(DataCollector_Deterministic.py:1854297): Gdk-CRITICAL **: 15:35:02.094: gdk_cursor_new_for_display: assertion 'GDK_IS_DISPLAY (display)' failed
Unable to init server: Could not connect: Connection refused

(DataCollector_Deterministic.py:1854200): Gdk-CRITICAL **: 15:35:02.138: gdk_cursor_new_for_display: assertion 'GDK_IS_DISPLAY (display)' failed
Unable to init server: Could not connect: Connection refused

(DataCollector_Deterministic.py:1853961): Gdk-CRITICAL **: 15:35:02.154: gdk_cursor_new_for_display: assertion 'GDK_IS_DISPLAY (display)' failed

(DataCollector_Deterministic.py:1854569): Gdk-CRITICAL **: 15:35:02.203: gdk_cursor_new_for_display: assertion 'GDK_IS_DISPLAY (display)' failed
Unable to init server: Could not connect: Connection refused

(DataCollector_Deterministic.py:1852577): Gdk-CRITICAL **: 15:35:02.246: gdk_cursor_new_for_display: assertion 'GDK_IS_DISPLAY (display)' failed
Unable to init server: Could not connect: Connection refused
Unable to init server: Could not connect: Connection refused
Unable to init server: Could not connect: Connection refused

(DataCollector_Deterministic.py:1854535): Gdk-CRITICAL **: 15:35:02.446: gdk_cursor_new_for_display: assertion 'GDK_IS_DISPLAY (display)' failed
Unable to init server: Could not connect: Connection refused
Unable to init server: Could not connect: Connection refused

(DataCollector_Deterministic.py:1854461): Gdk-CRITICAL **: 15:35:02.571: gdk_cursor_new_for_display: assertion 'GDK_IS_DISPLAY (display)' failed
Unable to init server: Could not connect: Connection refused

(DataCollector_Deterministic.py:1852554): Gdk-CRITICAL **: 15:35:02.929: gdk_cursor_new_for_display: assertion 'GDK_IS_DISPLAY (display)' failed
Unable to init server: Could not connect: Connection refused

(DataCollector_Deterministic.py:1852790): Gdk-CRITICAL **: 15:35:02.945: gdk_cursor_new_for_display: assertion 'GDK_IS_DISPLAY (display)' failed
Unable to init server: Could not connect: Connection refused

(DataCollector_Deterministic.py:1854457): Gdk-CRITICAL **: 15:35:03.214: gdk_cursor_new_for_display: assertion 'GDK_IS_DISPLAY (display)' failed
Unable to init server: Could not connect: Connection refused

(DataCollector_Deterministic.py:1853283): Gdk-CRITICAL **: 15:35:03.218: gdk_cursor_new_for_display: assertion 'GDK_IS_DISPLAY (display)' failed
Unable to init server: Could not connect: Connection refused

(DataCollector_Deterministic.py:1853557): Gdk-CRITICAL **: 15:35:03.683: gdk_cursor_new_for_display: assertion 'GDK_IS_DISPLAY (display)' failed
Unable to init server: Could not connect: Connection refused
Unable to init server: Could not connect: Connection refused
Unable to init server: Could not connect: Connection refused
Unable to init server: Could not connect: Connection refused

(DataCollector_Deterministic.py:1854321): Gdk-CRITICAL **: 15:35:04.048: gdk_cursor_new_for_display: assertion 'GDK_IS_DISPLAY (display)' failed
Unable to init server: Could not connect: Connection refused

(DataCollector_Deterministic.py:1852915): Gdk-CRITICAL **: 15:35:04.285: gdk_cursor_new_for_display: assertion 'GDK_IS_DISPLAY (display)' failed
Unable to init server: Could not connect: Connection refused

(DataCollector_Deterministic.py:1854043): Gdk-CRITICAL **: 15:35:04.305: gdk_cursor_new_for_display: assertion 'GDK_IS_DISPLAY (display)' failed
Unable to init server: Could not connect: Connection refused

(DataCollector_Deterministic.py:1852689): Gdk-CRITICAL **: 15:35:04.488: gdk_cursor_new_for_display: assertion 'GDK_IS_DISPLAY (display)' failed
Unable to init server: Could not connect: Connection refused
Unable to init server: Could not connect: Connection refused
Unable to init server: Could not connect: Connection refused
Unable to init server: Could not connect: Connection refused

(DataCollector_Deterministic.py:1854228): Gdk-CRITICAL **: 15:35:05.525: gdk_cursor_new_for_display: assertion 'GDK_IS_DISPLAY (display)' failed
Unable to init server: Could not connect: Connection refused
Unable to init server: Could not connect: Connection refused
Unable to init server: Could not connect: Connection refused
Unable to init server: Could not connect: Connection refused

(DataCollector_Deterministic.py:1854361): Gdk-CRITICAL **: 15:35:06.012: gdk_cursor_new_for_display: assertion 'GDK_IS_DISPLAY (display)' failed
Unable to init server: Could not connect: Connection refused

(DataCollector_Deterministic.py:1854411): Gdk-CRITICAL **: 15:35:06.072: gdk_cursor_new_for_display: assertion 'GDK_IS_DISPLAY (display)' failed
Unable to init server: Could not connect: Connection refused

(DataCollector_Deterministic.py:1853525): Gdk-CRITICAL **: 15:35:06.278: gdk_cursor_new_for_display: assertion 'GDK_IS_DISPLAY (display)' failed
Unable to init server: Could not connect: Connection refused

(DataCollector_Deterministic.py:1853916): Gdk-CRITICAL **: 15:35:06.294: gdk_cursor_new_for_display: assertion 'GDK_IS_DISPLAY (display)' failed
Unable to init server: Could not connect: Connection refused

(DataCollector_Deterministic.py:1853490): Gdk-CRITICAL **: 15:35:06.538: gdk_cursor_new_for_display: assertion 'GDK_IS_DISPLAY (display)' failed
Unable to init server: Could not connect: Connection refused
Unable to init server: Could not connect: Connection refused

(DataCollector_Deterministic.py:1853325): Gdk-CRITICAL **: 15:35:07.254: gdk_cursor_new_for_display: assertion 'GDK_IS_DISPLAY (display)' failed
Unable to init server: Could not connect: Connection refused

(DataCollector_Deterministic.py:1853837): Gdk-CRITICAL **: 15:35:07.282: gdk_cursor_new_for_display: assertion 'GDK_IS_DISPLAY (display)' failed
Unable to init server: Could not connect: Connection refused
Unable to init server: Could not connect: Connection refused

(DataCollector_Deterministic.py:1852764): Gdk-CRITICAL **: 15:35:07.572: gdk_cursor_new_for_display: assertion 'GDK_IS_DISPLAY (display)' failed
Unable to init server: Could not connect: Connection refused
Unable to init server: Could not connect: Connection refused
Unable to init server: Could not connect: Connection refused

(DataCollector_Deterministic.py:1854169): Gdk-CRITICAL **: 15:35:08.678: gdk_cursor_new_for_display: assertion 'GDK_IS_DISPLAY (display)' failed
Unable to init server: Could not connect: Connection refused
Unable to init server: Could not connect: Connection refused

(DataCollector_Deterministic.py:1853440): Gdk-CRITICAL **: 15:35:09.520: gdk_cursor_new_for_display: assertion 'GDK_IS_DISPLAY (display)' failed
Unable to init server: Could not connect: Connection refused
Unable to init server: Could not connect: Connection refused

(DataCollector_Deterministic.py:1853685): Gdk-CRITICAL **: 15:35:09.961: gdk_cursor_new_for_display: assertion 'GDK_IS_DISPLAY (display)' failed
Unable to init server: Could not connect: Connection refused

(DataCollector_Deterministic.py:1853347): Gdk-CRITICAL **: 15:35:10.009: gdk_cursor_new_for_display: assertion 'GDK_IS_DISPLAY (display)' failed
Unable to init server: Could not connect: Connection refused
Unable to init server: Could not connect: Connection refused
Unable to init server: Could not connect: Connection refused
Unable to init server: Could not connect: Connection refused

(DataCollector_Deterministic.py:1853929): Gdk-CRITICAL **: 15:35:11.134: gdk_cursor_new_for_display: assertion 'GDK_IS_DISPLAY (display)' failed
Unable to init server: Could not connect: Connection refused
Unable to init server: Could not connect: Connection refused
Unable to init server: Could not connect: Connection refused
Unable to init server: Could not connect: Connection refused
Unable to init server: Could not connect: Connection refused
Unable to init server: Could not connect: Connection refused
Unable to init server: Could not connect: Connection refused
Unable to init server: Could not connect: Connection refused
Unable to init server: Could not connect: Connection refused
Unable to init server: Could not connect: Connection refused
Unable to init server: Could not connect: Connection refused
Unable to init server: Could not connect: Connection refused
Unable to init server: Could not connect: Connection refused
Unable to init server: Could not connect: Connection refused
Unable to init server: Could not connect: Connection refused
Unable to init server: Could not connect: Connection refused
Unable to init server: Could not connect: Connection refused
Unable to init server: Could not connect: Connection refused
Unable to init server: Could not connect: Connection refused
Unable to init server: Could not connect: Connection refused
Unable to init server: Could not connect: Connection refused
Unable to init server: Could not connect: Connection refused
Unable to init server: Could not connect: Connection refused
Unable to init server: Could not connect: Connection refused
Unable to init server: Could not connect: Connection refused
Unable to init server: Could not connect: Connection refused
Unable to init server: Could not connect: Connection refused
Unable to init server: Could not connect: Connection refused
Unable to init server: Could not connect: Connection refused
Unable to init server: Could not connect: Connection refused
Unable to init server: Could not connect: Connection refused
Unable to init server: Could not connect: Connection refused
Unable to init server: Could not connect: Connection refused
Unable to init server: Could not connect: Connection refused

(DataCollector_Deterministic.py:1854082): Gdk-CRITICAL **: 15:35:11.880: gdk_cursor_new_for_display: assertion 'GDK_IS_DISPLAY (display)' failed
Unable to init server: Could not connect: Connection refused
Unable to init server: Could not connect: Connection refused
Unable to init server: Could not connect: Connection refused
Unable to init server: Could not connect: Connection refused
Unable to init server: Could not connect: Connection refused
Unable to init server: Could not connect: Connection refused
Unable to init server: Could not connect: Connection refused

(DataCollector_Deterministic.py:1853737): Gdk-CRITICAL **: 15:35:11.950: gdk_cursor_new_for_display: assertion 'GDK_IS_DISPLAY (display)' failed
Unable to init server: Could not connect: Connection refused
Unable to init server: Could not connect: Connection refused
Unable to init server: Could not connect: Connection refused

(DataCollector_Deterministic.py:1853133): Gdk-CRITICAL **: 15:35:12.315: gdk_cursor_new_for_display: assertion 'GDK_IS_DISPLAY (display)' failed
Unable to init server: Could not connect: Connection refused

(DataCollector_Deterministic.py:1854020): Gdk-CRITICAL **: 15:35:12.680: gdk_cursor_new_for_display: assertion 'GDK_IS_DISPLAY (display)' failed
Unable to init server: Could not connect: Connection refused

(DataCollector_Deterministic.py:1852601): Gdk-CRITICAL **: 15:35:12.901: gdk_cursor_new_for_display: assertion 'GDK_IS_DISPLAY (display)' failed
Unable to init server: Could not connect: Connection refused

(DataCollector_Deterministic.py:1853670): Gdk-CRITICAL **: 15:35:12.928: gdk_cursor_new_for_display: assertion 'GDK_IS_DISPLAY (display)' failed
Unable to init server: Could not connect: Connection refused

(DataCollector_Deterministic.py:1853027): Gdk-CRITICAL **: 15:35:12.956: gdk_cursor_new_for_display: assertion 'GDK_IS_DISPLAY (display)' failed
Unable to init server: Could not connect: Connection refused

(DataCollector_Deterministic.py:1853807): Gdk-CRITICAL **: 15:35:12.960: gdk_cursor_new_for_display: assertion 'GDK_IS_DISPLAY (display)' failed
Unable to init server: Could not connect: Connection refused

(DataCollector_Deterministic.py:1852648): Gdk-CRITICAL **: 15:35:12.998: gdk_cursor_new_for_display: assertion 'GDK_IS_DISPLAY (display)' failed
Unable to init server: Could not connect: Connection refused

(DataCollector_Deterministic.py:1853244): Gdk-CRITICAL **: 15:35:13.010: gdk_cursor_new_for_display: assertion 'GDK_IS_DISPLAY (display)' failed
Unable to init server: Could not connect: Connection refused

(DataCollector_Deterministic.py:1853303): Gdk-CRITICAL **: 15:35:13.020: gdk_cursor_new_for_display: assertion 'GDK_IS_DISPLAY (display)' failed
Unable to init server: Could not connect: Connection refused

(DataCollector_Deterministic.py:1854416): Gdk-CRITICAL **: 15:35:13.029: gdk_cursor_new_for_display: assertion 'GDK_IS_DISPLAY (display)' failed
Unable to init server: Could not connect: Connection refused

(DataCollector_Deterministic.py:1853050): Gdk-CRITICAL **: 15:35:13.065: gdk_cursor_new_for_display: assertion 'GDK_IS_DISPLAY (display)' failed
Unable to init server: Could not connect: Connection refused

(DataCollector_Deterministic.py:1854473): Gdk-CRITICAL **: 15:35:13.073: gdk_cursor_new_for_display: assertion 'GDK_IS_DISPLAY (display)' failed
Unable to init server: Could not connect: Connection refused

(DataCollector_Deterministic.py:1854281): Gdk-CRITICAL **: 15:35:13.109: gdk_cursor_new_for_display: assertion 'GDK_IS_DISPLAY (display)' failed
Unable to init server: Could not connect: Connection refused

(DataCollector_Deterministic.py:1854580): Gdk-CRITICAL **: 15:35:13.142: gdk_cursor_new_for_display: assertion 'GDK_IS_DISPLAY (display)' failed
Unable to init server: Could not connect: Connection refused

(DataCollector_Deterministic.py:1853813): Gdk-CRITICAL **: 15:35:13.145: gdk_cursor_new_for_display: assertion 'GDK_IS_DISPLAY (display)' failed
Unable to init server: Could not connect: Connection refused

(DataCollector_Deterministic.py:1852839): Gdk-CRITICAL **: 15:35:13.158: gdk_cursor_new_for_display: assertion 'GDK_IS_DISPLAY (display)' failed
Unable to init server: Could not connect: Connection refused

(DataCollector_Deterministic.py:1854488): Gdk-CRITICAL **: 15:35:13.169: gdk_cursor_new_for_display: assertion 'GDK_IS_DISPLAY (display)' failed
Unable to init server: Could not connect: Connection refused

(DataCollector_Deterministic.py:1854148): Gdk-CRITICAL **: 15:35:13.176: gdk_cursor_new_for_display: assertion 'GDK_IS_DISPLAY (display)' failed
Unable to init server: Could not connect: Connection refused

(DataCollector_Deterministic.py:1852528): Gdk-CRITICAL **: 15:35:13.193: gdk_cursor_new_for_display: assertion 'GDK_IS_DISPLAY (display)' failed
Unable to init server: Could not connect: Connection refused

(DataCollector_Deterministic.py:1853605): Gdk-CRITICAL **: 15:35:13.204: gdk_cursor_new_for_display: assertion 'GDK_IS_DISPLAY (display)' failed
Unable to init server: Could not connect: Connection refused

(DataCollector_Deterministic.py:1852624): Gdk-CRITICAL **: 15:35:13.246: gdk_cursor_new_for_display: assertion 'GDK_IS_DISPLAY (display)' failed
Unable to init server: Could not connect: Connection refused

(DataCollector_Deterministic.py:1852981): Gdk-CRITICAL **: 15:35:13.272: gdk_cursor_new_for_display: assertion 'GDK_IS_DISPLAY (display)' failed
Unable to init server: Could not connect: Connection refused

(DataCollector_Deterministic.py:1852702): Gdk-CRITICAL **: 15:35:13.298: gdk_cursor_new_for_display: assertion 'GDK_IS_DISPLAY (display)' failed
Unable to init server: Could not connect: Connection refused
Unable to init server: Could not connect: Connection refused

(DataCollector_Deterministic.py:1854113): Gdk-CRITICAL **: 15:35:13.323: gdk_cursor_new_for_display: assertion 'GDK_IS_DISPLAY (display)' failed
Unable to init server: Could not connect: Connection refused

(DataCollector_Deterministic.py:1854449): Gdk-CRITICAL **: 15:35:13.324: gdk_cursor_new_for_display: assertion 'GDK_IS_DISPLAY (display)' failed
Unable to init server: Could not connect: Connection refused

(DataCollector_Deterministic.py:1853675): Gdk-CRITICAL **: 15:35:13.337: gdk_cursor_new_for_display: assertion 'GDK_IS_DISPLAY (display)' failed
Unable to init server: Could not connect: Connection refused

(DataCollector_Deterministic.py:1854139): Gdk-CRITICAL **: 15:35:13.410: gdk_cursor_new_for_display: assertion 'GDK_IS_DISPLAY (display)' failed
Unable to init server: Could not connect: Connection refused

(DataCollector_Deterministic.py:1852873): Gdk-CRITICAL **: 15:35:13.416: gdk_cursor_new_for_display: assertion 'GDK_IS_DISPLAY (display)' failed
Unable to init server: Could not connect: Connection refused
Unable to init server: Could not connect: Connection refused

(DataCollector_Deterministic.py:1853731): Gdk-CRITICAL **: 15:35:13.461: gdk_cursor_new_for_display: assertion 'GDK_IS_DISPLAY (display)' failed
Unable to init server: Could not connect: Connection refused

(DataCollector_Deterministic.py:1852856): Gdk-CRITICAL **: 15:35:13.497: gdk_cursor_new_for_display: assertion 'GDK_IS_DISPLAY (display)' failed
Unable to init server: Could not connect: Connection refused

(DataCollector_Deterministic.py:1853398): Gdk-CRITICAL **: 15:35:13.506: gdk_cursor_new_for_display: assertion 'GDK_IS_DISPLAY (display)' failed
Unable to init server: Could not connect: Connection refused

(DataCollector_Deterministic.py:1853161): Gdk-CRITICAL **: 15:35:13.533: gdk_cursor_new_for_display: assertion 'GDK_IS_DISPLAY (display)' failed
Unable to init server: Could not connect: Connection refused
Unable to init server: Could not connect: Connection refused

(DataCollector_Deterministic.py:1853363): Gdk-CRITICAL **: 15:35:13.564: gdk_cursor_new_for_display: assertion 'GDK_IS_DISPLAY (display)' failed
Unable to init server: Could not connect: Connection refused

(DataCollector_Deterministic.py:1854245): Gdk-CRITICAL **: 15:35:13.572: gdk_cursor_new_for_display: assertion 'GDK_IS_DISPLAY (display)' failed
Unable to init server: Could not connect: Connection refused

(DataCollector_Deterministic.py:1852671): Gdk-CRITICAL **: 15:35:13.585: gdk_cursor_new_for_display: assertion 'GDK_IS_DISPLAY (display)' failed
Unable to init server: Could not connect: Connection refused

(DataCollector_Deterministic.py:1853827): Gdk-CRITICAL **: 15:35:13.613: gdk_cursor_new_for_display: assertion 'GDK_IS_DISPLAY (display)' failed
Unable to init server: Could not connect: Connection refused

(DataCollector_Deterministic.py:1853717): Gdk-CRITICAL **: 15:35:13.668: gdk_cursor_new_for_display: assertion 'GDK_IS_DISPLAY (display)' failed

(DataCollector_Deterministic.py:1853585): Gdk-CRITICAL **: 15:35:13.707: gdk_cursor_new_for_display: assertion 'GDK_IS_DISPLAY (display)' failed
Unable to init server: Could not connect: Connection refused

(DataCollector_Deterministic.py:1853193): Gdk-CRITICAL **: 15:35:13.716: gdk_cursor_new_for_display: assertion 'GDK_IS_DISPLAY (display)' failed

(DataCollector_Deterministic.py:1853261): Gdk-CRITICAL **: 15:35:13.819: gdk_cursor_new_for_display: assertion 'GDK_IS_DISPLAY (display)' failed
Unable to init server: Could not connect: Connection refused

(DataCollector_Deterministic.py:1853512): Gdk-CRITICAL **: 15:35:13.888: gdk_cursor_new_for_display: assertion 'GDK_IS_DISPLAY (display)' failed
Unable to init server: Could not connect: Connection refused

(DataCollector_Deterministic.py:1854495): Gdk-CRITICAL **: 15:35:13.924: gdk_cursor_new_for_display: assertion 'GDK_IS_DISPLAY (display)' failed

(DataCollector_Deterministic.py:1853931): Gdk-CRITICAL **: 15:35:13.951: gdk_cursor_new_for_display: assertion 'GDK_IS_DISPLAY (display)' failed
Initalising...
Running Sim...

Data Dump...
Initalising...
Running Sim...

Data Dump...
Initalising...
Running Sim...

Data Dump...
Initalising...
Running Sim...

Data Dump...
Initalising...
Running Sim...

Data Dump...
Initalising...
Running Sim...

Data Dump...
Initalising...
Running Sim...

Data Dump...
Initalising...
Running Sim...

Data Dump...
Initalising...
Running Sim...

Data Dump...
Initalising...
Running Sim...

Data Dump...
Initalising...
Running Sim...

Data Dump...
Initalising...
Running Sim...
.Initalising...
Running Sim...
.Initalising...
Running Sim...
.Initalising...
Running Sim...
.Initalising...
Running Sim...
.Initalising...
Running Sim...
.Initalising...
Running Sim...
.Initalising...
Running Sim...
.Initalising...
Running Sim...
.Initalising...
Running Sim...
.Initalising...
Running Sim...
.Initalising...
Running Sim...
.Initalising...
Running Sim...
.Initalising...
Running Sim...
.Initalising...
Running Sim...
.Initalising...
Running Sim...
.Initalising...
Running Sim...
.Initalising...
Running Sim...
.Initalising...
Running Sim...
.Initalising...
Running Sim...
.Initalising...
Running Sim...
.Initalising...
Running Sim...
.Initalising...
Running Sim...
.Initalising...
Running Sim...
.Initalising...
Running Sim...
.Initalising...
Running Sim...
.Initalising...
Running Sim...
.Initalising...
Running Sim...
.Initalising...
Running Sim...
.Initalising...
Running Sim...
.Initalising...
Running Sim...
.Initalising...
Running Sim...
.Initalising...
Running Sim...
.Initalising...
Running Sim...
.Initalising...
Running Sim...
.Initalising...
Running Sim...
.Initalising...
Running Sim...
.Initalising...
Running Sim...
.Initalising...
Running Sim...
.Initalising...
Running Sim...
.Initalising...
Running Sim...
.Initalising...
Running Sim...
.Initalising...
Running Sim...
.Initalising...
Running Sim...
.Initalising...
Running Sim...
.Initalising...
Running Sim...
.Initalising...
Running Sim...
.Initalising...
Running Sim...
.Initalising...
Running Sim...
.Initalising...
Running Sim...
.Initalising...
Running Sim...
.Initalising...
Running Sim...
.Initalising...
Running Sim...
.Initalising...
Running Sim...
.Initalising...
Running Sim...
.Initalising...
Running Sim...
.Initalising...
Running Sim...
.Initalising...
Running Sim...
.Initalising...
Running Sim...
.Initalising...
Running Sim...
.Initalising...
Running Sim...
.Initalising...
Running Sim...
.Initalising...
Running Sim...
.Initalising...
Running Sim...
.Initalising...
Running Sim...
.Initalising...
Running Sim...
.Initalising...
Running Sim...
.Initalising...
Running Sim...
.Initalising...
Running Sim...
.Initalising...
Running Sim...
.Initalising...
Running Sim...
.Initalising...
Running Sim...
.Initalising...
Running Sim...
.Initalising...
Running Sim...
.Initalising...
Running Sim...
.Initalising...
Running Sim...
.Initalising...
Running Sim...
.Initalising...
Running Sim...
.Initalising...
Running Sim...
.Initalising...
Running Sim...
.Initalising...
Running Sim...
.Initalising...
Running Sim...
.Initalising...
Running Sim...
.Initalising...
Running Sim...
.Initalising...
Running Sim...
.Initalising...
Running Sim...
.Initalising...
Running Sim...
.Initalising...
Running Sim...
.Initalising...
Running Sim...
....................................................................................................................................................................................................................................................................................................................................................................................................................................................................................................................................................................................................................................................................................................................................................................................................................
[1753 9022]
.
[1728 9052]
.
[1694 9038]
....
[1692 9023]
.
[1772 9007]
.
[1726 9021]
...
[1836 8895]
.
[1702 9042]
.
[2302 8368]
.
[1852 8935]
.
[1849 8950]
..
[1806 8937]
.
[1729 9021]
.
[1693 9018]
.
[1725 9066]
..
[1694 9062]
.
[1756 8990]
.
[2000 8755]
.
[1876 8857]
.
[1733 9008]
.
[1798 8998]
.
[1912 8821]
.
[1764 9029]
..
[1798 8970]
.
[1846 8958]
.
[1685 9042]
.
[1781 8996]
.
[1727 9030]
.
[1746 9049]
.
[1990 8751]
.
[1715 9068]
.
[2440 8227]
.
[1779 8956]
.
[1920 8862]
..
[1810 8904]
.
[1767 8996]
.
[1732 9010]
..
[1730 9046]
.
[1769 8970]
..
[1841 8899]
.
[1891 8862]
.
[1880 8853]
.
[1986 8752]
.
[1661 9079]
.
[1806 8953]
.
[1711 9010]
.
[2127 8604]
.
[1918 8835]
.
[1963 8767]
..
[2008 8780]
.
[1894 8859]
.
[2781 7856]
..
[1702 9052]
.
[2066 8676]
.
[1755 8985]
.
[2034 8722]
.
[1927 8836]
.
[2065 8664]
.
[1957 8712]
.
[1687 9040]
.
[2016 8701]
.
[2247 8461]
.
[1909 8845]
.
[1732 9044]
.
[2383 8300]
.
[2256 8495]
.
[2452 8244]
.
[1859 8856]
...
[1740 8984]
...
[2579 8085]
.
[1995 8731]
....
[2979 7658]
.
[2424 8233]
......
[2937 7662]
.......
[3053 7566]
..............
[3299 7299]
......
[3288 7295]
....
[3833 6700]
..
[3015 7623]
..........
[3111 7491]
................
[3663 6956]
...
[4784 5718]
.....
[4043 6548]
......
[7907 2555]
.
[4264 6314]
...
[4860 5602]
.
[5279 5245]
............
[3959 6558]
............................
[6019 4409]
.................................................................................................................................................................................................................................................................................
Data Dump...

Data Dump...
......
Data Dump...
............
Data Dump...
.......
Data Dump...
..................................
Data Dump...
...................................................................................................................................
[  46 4003]
....
[  47 3944]
......
[  60 3889]
........
[  53 4007]
.
[  47 3880]
..................
[  71 3816]
........
[  56 3777]
.......
[  62 3828]
...
[  74 3598]
.......
[  68 3791]
..........
[  58 3703]
.
[  64 3579]
..
[  67 3531]
........................
[  64 3713]
...............
[  80 3597]
........
[  76 3561]
...
[  91 3545]
..
[  95 3427]
.....
[  84 3369]
.
[ 111 3291]
.........
[ 105 3175]
.
[  91 3421]
............
[ 128 3449]
........
[  83 3583]
..
[ 134 3398]
..
[ 121 3325]
..
[ 120 3384]
.....
[ 146 3127]
........................................
[ 180 3114]
......
[ 139 2813]
..
[ 144 3085]
.......
[ 193 2721]
..
[ 164 3073]
...........
[ 164 3139]
.....
[ 163 3170]
.......
[ 175 2964]
.....
[ 170 3038]
.
[ 192 3071]
..
[ 216 2789]
.
[ 268 2834]
...
[ 188 2803]
.
[ 185 2986]
..
[ 190 3046]
....
[ 179 3034]
......
[ 207 3202]
.........
[ 329 2098]
...........
[ 292 2446]
.......
[ 196 2832]
...
[ 342 2205]
....
[ 223 2858]
............
[ 194 3045]
..........
[ 310 2541]
....
[ 532 1969]
.
[ 381 2123]
....
[ 215 2708]
....
[ 287 2615]
....
[ 347 2503]
.....................
Data Dump...

[ 527 2033]
..
[ 366 2440]
.
Data Dump...
..
[ 394 2444]
.............
Data Dump...
..
Data Dump...

[ 405 2219]
................
Data Dump...
....
[ 731 1656]
..
[ 473 2145]
.....
[ 604 1783]
...............................................
[ 450 2365]
............
[ 726 1552]
..............
Data Dump...
...
Data Dump...

Data Dump...
.................
[ 936 1384]
..
[ 769 1875]
..
[2645  109]
.........................................
[1311  927]
.
[1062 1120]
.
Data Dump...
.
Data Dump...
..
[ 839 1554]
.......
Data Dump...
..
[ 25 283]

Data Dump...
..
[1056 1089]
.....
[ 27 247]

Data Dump...
...
Data Dump...
........
[1496  892]
..
[2147  198]
...
[1176 1309]
..........
[1092 1271]
.............
[1822  432]
......
[1076 1184]
.
[1269 1208]
...
Data Dump...
.....
[1610  835]
..
[1117 1008]
..........
[ 37 277]

Data Dump...
...............................
[ 27 267]

Data Dump...
...
[ 31 293]

Data Dump...

[ 29 166]

Data Dump...
.........
[1471  665]
.....................
[ 27 205]

Data Dump...
....
[ 33 233]

Data Dump...
....................
[ 33 168]

Data Dump...

[ 42 297]

Data Dump...
.................
[ 23 142]
..
Data Dump...
...
[ 30 269]
....
Data Dump...
.
[ 39 188]

Data Dump...
........
[ 32 261]
.........
Data Dump...
.........
[ 36 176]
.........
Data Dump...
.................................
[ 40 165]
................
Data Dump...
.......
[ 41 144]
....
[41 91]
..
[ 36 215]
.........
Data Dump...
..
Data Dump...

Data Dump...
..
[33 61]
.......
[ 44 246]
.
[ 36 207]
....
[39 78]
..
Data Dump...
...
[ 43 180]
....
Data Dump...
...
Data Dump...
..
[ 33 165]
.........
Data Dump...
.
[ 34 177]
.
[ 55 125]
.
Data Dump...

[ 35 161]
.
[ 40 168]
..
[ 38 132]
......
Data Dump...
...
Data Dump...
...
[ 41 100]
....
Data Dump...
.
[ 39 100]
..
Data Dump...

Data Dump...
.
Data Dump...
.....
Data Dump...
.......
[ 42 141]
..
[ 34 160]
.............
Data Dump...
.
[ 42 127]
.
Data Dump...

[57 65]
....
Data Dump...
.....
[37 38]
....
[57 39]
....
[43 87]
.
[39 65]
....
Data Dump...
......
Data Dump...
.
[53 95]
......
[35 91]
....
[ 55 120]
..
Data Dump...

Data Dump...

[53 44]
.
[48 36]
..
Data Dump...
.....
Data Dump...
.
[54 79]
..........
Data Dump...
..
[53 44]
....
[56 67]
...
Data Dump...
.
Data Dump...
....
Data Dump...
.
Data Dump...
.
[55 26]
.
[50 55]
.
Data Dump...
.
[50 34]
..........
Data Dump...
....
Data Dump...

[50 83]
.......
Data Dump...
....
Data Dump...
......
Data Dump...

[67 23]
..
[69 72]
.
[75 29]
...
Data Dump...
...
[131  13]
.............
[81 18]
...
Data Dump...
.
[74 10]
.
Data Dump...
...
Data Dump...

[99  5]
.
[68 40]
.
[78 43]
..
Data Dump...

[81 18]
.
[103  21]
...
[100  11]
.
[71 38]
...
[76 41]
...
[86 29]
.....
[106  48]
.
Data Dump...
.
Data Dump...
....
Data Dump...
....
Data Dump...

Data Dump...

[82  7]
.
Data Dump...
....
Data Dump...
.
Data Dump...

Data Dump...
..
Data Dump...

Data Dump...
..
[84 15]
.
Data Dump...
.
Data Dump...
..
Data Dump...
High 1 5
Done
