Unable to init server: Could not connect: Connection refused
Unable to init server: Could not connect: Connection refused
Unable to init server: Could not connect: Connection refused

(DataCollector_Deterministic.py:4066714): Gdk-CRITICAL **: 08:47:34.471: gdk_cursor_new_for_display: assertion 'GDK_IS_DISPLAY (display)' failed
Unable to init server: Could not connect: Connection refused

(DataCollector_Deterministic.py:4066164): Gdk-CRITICAL **: 08:47:34.480: gdk_cursor_new_for_display: assertion 'GDK_IS_DISPLAY (display)' failed
Unable to init server: Could not connect: Connection refused
Unable to init server: Could not connect: Connection refused
Unable to init server: Could not connect: Connection refused
Unable to init server: Could not connect: Connection refused
Unable to init server: Could not connect: Connection refused

(DataCollector_Deterministic.py:4066438): Gdk-CRITICAL **: 08:47:38.661: gdk_cursor_new_for_display: assertion 'GDK_IS_DISPLAY (display)' failed
Unable to init server: Could not connect: Connection refused

(DataCollector_Deterministic.py:4066485): Gdk-CRITICAL **: 08:47:38.702: gdk_cursor_new_for_display: assertion 'GDK_IS_DISPLAY (display)' failed
Unable to init server: Could not connect: Connection refused

(DataCollector_Deterministic.py:4066365): Gdk-CRITICAL **: 08:47:38.711: gdk_cursor_new_for_display: assertion 'GDK_IS_DISPLAY (display)' failed
Unable to init server: Could not connect: Connection refused

(DataCollector_Deterministic.py:4065994): Gdk-CRITICAL **: 08:47:38.721: gdk_cursor_new_for_display: assertion 'GDK_IS_DISPLAY (display)' failed
Unable to init server: Could not connect: Connection refused
Unable to init server: Could not connect: Connection refused

(DataCollector_Deterministic.py:4066342): Gdk-CRITICAL **: 08:47:39.251: gdk_cursor_new_for_display: assertion 'GDK_IS_DISPLAY (display)' failed
Unable to init server: Could not connect: Connection refused
Unable to init server: Could not connect: Connection refused
Unable to init server: Could not connect: Connection refused

(DataCollector_Deterministic.py:4066396): Gdk-CRITICAL **: 08:47:52.166: gdk_cursor_new_for_display: assertion 'GDK_IS_DISPLAY (display)' failed
Unable to init server: Could not connect: Connection refused
Unable to init server: Could not connect: Connection refused
Unable to init server: Could not connect: Connection refused

(DataCollector_Deterministic.py:4066208): Gdk-CRITICAL **: 08:47:52.587: gdk_cursor_new_for_display: assertion 'GDK_IS_DISPLAY (display)' failed
Unable to init server: Could not connect: Connection refused

(DataCollector_Deterministic.py:4066034): Gdk-CRITICAL **: 08:47:53.881: gdk_cursor_new_for_display: assertion 'GDK_IS_DISPLAY (display)' failed
Unable to init server: Could not connect: Connection refused

(DataCollector_Deterministic.py:4066064): Gdk-CRITICAL **: 08:47:54.464: gdk_cursor_new_for_display: assertion 'GDK_IS_DISPLAY (display)' failed
Unable to init server: Could not connect: Connection refused
Unable to init server: Could not connect: Connection refused
Unable to init server: Could not connect: Connection refused
Unable to init server: Could not connect: Connection refused
Unable to init server: Could not connect: Connection refused
Unable to init server: Could not connect: Connection refused
Unable to init server: Could not connect: Connection refused
Unable to init server: Could not connect: Connection refused
Unable to init server: Could not connect: Connection refused
Unable to init server: Could not connect: Connection refused
Unable to init server: Could not connect: Connection refused
Unable to init server: Could not connect: Connection refused
Unable to init server: Could not connect: Connection refused
Unable to init server: Could not connect: Connection refused
Unable to init server: Could not connect: Connection refused
Unable to init server: Could not connect: Connection refused
Unable to init server: Could not connect: Connection refused
Unable to init server: Could not connect: Connection refused
Unable to init server: Could not connect: Connection refused
Unable to init server: Could not connect: Connection refused
Unable to init server: Could not connect: Connection refused
Unable to init server: Could not connect: Connection refused
Unable to init server: Could not connect: Connection refused
Unable to init server: Could not connect: Connection refused
Unable to init server: Could not connect: Connection refused
Unable to init server: Could not connect: Connection refused
Unable to init server: Could not connect: Connection refused
Unable to init server: Could not connect: Connection refused
Unable to init server: Could not connect: Connection refused
Unable to init server: Could not connect: Connection refused
Unable to init server: Could not connect: Connection refused
Unable to init server: Could not connect: Connection refused
Unable to init server: Could not connect: Connection refused
Unable to init server: Could not connect: Connection refused
Unable to init server: Could not connect: Connection refused
Unable to init server: Could not connect: Connection refused
Unable to init server: Could not connect: Connection refused
Unable to init server: Could not connect: Connection refused
Unable to init server: Could not connect: Connection refused
Unable to init server: Could not connect: Connection refused
Unable to init server: Could not connect: Connection refused
Unable to init server: Could not connect: Connection refused
Unable to init server: Could not connect: Connection refused
Unable to init server: Could not connect: Connection refused
Unable to init server: Could not connect: Connection refused
Unable to init server: Could not connect: Connection refused
Unable to init server: Could not connect: Connection refused
Unable to init server: Could not connect: Connection refused
Unable to init server: Could not connect: Connection refused
Unable to init server: Could not connect: Connection refused
Unable to init server: Could not connect: Connection refused
Unable to init server: Could not connect: Connection refused
Unable to init server: Could not connect: Connection refused
Unable to init server: Could not connect: Connection refused
Unable to init server: Could not connect: Connection refused
Unable to init server: Could not connect: Connection refused
Unable to init server: Could not connect: Connection refused
Unable to init server: Could not connect: Connection refused
Unable to init server: Could not connect: Connection refused
Unable to init server: Could not connect: Connection refused
Unable to init server: Could not connect: Connection refused
Unable to init server: Could not connect: Connection refused
Unable to init server: Could not connect: Connection refused
Unable to init server: Could not connect: Connection refused
Unable to init server: Could not connect: Connection refused
Unable to init server: Could not connect: Connection refused
Unable to init server: Could not connect: Connection refused
Unable to init server: Could not connect: Connection refused
Unable to init server: Could not connect: Connection refused
Unable to init server: Could not connect: Connection refused
Unable to init server: Could not connect: Connection refused
Unable to init server: Could not connect: Connection refused
Unable to init server: Could not connect: Connection refused
Unable to init server: Could not connect: Connection refused
Unable to init server: Could not connect: Connection refused
Unable to init server: Could not connect: Connection refused
Unable to init server: Could not connect: Connection refused
Unable to init server: Could not connect: Connection refused
Unable to init server: Could not connect: Connection refused
Unable to init server: Could not connect: Connection refused
Unable to init server: Could not connect: Connection refused
Unable to init server: Could not connect: Connection refused
Unable to init server: Could not connect: Connection refused
Unable to init server: Could not connect: Connection refused
Unable to init server: Could not connect: Connection refused
Unable to init server: Could not connect: Connection refused
Unable to init server: Could not connect: Connection refused
Unable to init server: Could not connect: Connection refused

(DataCollector_Deterministic.py:4066403): Gdk-CRITICAL **: 08:47:56.377: gdk_cursor_new_for_display: assertion 'GDK_IS_DISPLAY (display)' failed
Unable to init server: Could not connect: Connection refused
Unable to init server: Could not connect: Connection refused
Unable to init server: Could not connect: Connection refused
Unable to init server: Could not connect: Connection refused

(DataCollector_Deterministic.py:4066002): Gdk-CRITICAL **: 08:47:57.246: gdk_cursor_new_for_display: assertion 'GDK_IS_DISPLAY (display)' failed
Unable to init server: Could not connect: Connection refused
Unable to init server: Could not connect: Connection refused

(DataCollector_Deterministic.py:4066224): Gdk-CRITICAL **: 08:47:57.294: gdk_cursor_new_for_display: assertion 'GDK_IS_DISPLAY (display)' failed
Unable to init server: Could not connect: Connection refused

(DataCollector_Deterministic.py:4066727): Gdk-CRITICAL **: 08:47:57.299: gdk_cursor_new_for_display: assertion 'GDK_IS_DISPLAY (display)' failed
Unable to init server: Could not connect: Connection refused

(DataCollector_Deterministic.py:4066719): Gdk-CRITICAL **: 08:47:57.318: gdk_cursor_new_for_display: assertion 'GDK_IS_DISPLAY (display)' failed
Unable to init server: Could not connect: Connection refused
Unable to init server: Could not connect: Connection refused

(DataCollector_Deterministic.py:4066474): Gdk-CRITICAL **: 08:47:57.370: gdk_cursor_new_for_display: assertion 'GDK_IS_DISPLAY (display)' failed

(DataCollector_Deterministic.py:4066423): Gdk-CRITICAL **: 08:47:57.379: gdk_cursor_new_for_display: assertion 'GDK_IS_DISPLAY (display)' failed
Unable to init server: Could not connect: Connection refused

(DataCollector_Deterministic.py:4066026): Gdk-CRITICAL **: 08:47:57.384: gdk_cursor_new_for_display: assertion 'GDK_IS_DISPLAY (display)' failed
Unable to init server: Could not connect: Connection refused

(DataCollector_Deterministic.py:4066326): Gdk-CRITICAL **: 08:47:57.403: gdk_cursor_new_for_display: assertion 'GDK_IS_DISPLAY (display)' failed
Unable to init server: Could not connect: Connection refused

(DataCollector_Deterministic.py:4066190): Gdk-CRITICAL **: 08:47:57.409: gdk_cursor_new_for_display: assertion 'GDK_IS_DISPLAY (display)' failed
Unable to init server: Could not connect: Connection refused

(DataCollector_Deterministic.py:4066506): Gdk-CRITICAL **: 08:47:57.454: gdk_cursor_new_for_display: assertion 'GDK_IS_DISPLAY (display)' failed
Unable to init server: Could not connect: Connection refused

(DataCollector_Deterministic.py:4066518): Gdk-CRITICAL **: 08:47:57.458: gdk_cursor_new_for_display: assertion 'GDK_IS_DISPLAY (display)' failed
Unable to init server: Could not connect: Connection refused

(DataCollector_Deterministic.py:4066641): Gdk-CRITICAL **: 08:47:57.470: gdk_cursor_new_for_display: assertion 'GDK_IS_DISPLAY (display)' failed
Unable to init server: Could not connect: Connection refused

(DataCollector_Deterministic.py:4066478): Gdk-CRITICAL **: 08:47:57.489: gdk_cursor_new_for_display: assertion 'GDK_IS_DISPLAY (display)' failed
Unable to init server: Could not connect: Connection refused

(DataCollector_Deterministic.py:4066056): Gdk-CRITICAL **: 08:47:57.529: gdk_cursor_new_for_display: assertion 'GDK_IS_DISPLAY (display)' failed
Unable to init server: Could not connect: Connection refused

(DataCollector_Deterministic.py:4066384): Gdk-CRITICAL **: 08:47:57.537: gdk_cursor_new_for_display: assertion 'GDK_IS_DISPLAY (display)' failed
Unable to init server: Could not connect: Connection refused

(DataCollector_Deterministic.py:4066412): Gdk-CRITICAL **: 08:47:57.551: gdk_cursor_new_for_display: assertion 'GDK_IS_DISPLAY (display)' failed
Unable to init server: Could not connect: Connection refused
Unable to init server: Could not connect: Connection refused

(DataCollector_Deterministic.py:4066258): Gdk-CRITICAL **: 08:47:57.557: gdk_cursor_new_for_display: assertion 'GDK_IS_DISPLAY (display)' failed
Unable to init server: Could not connect: Connection refused

(DataCollector_Deterministic.py:4066232): Gdk-CRITICAL **: 08:47:57.585: gdk_cursor_new_for_display: assertion 'GDK_IS_DISPLAY (display)' failed
Unable to init server: Could not connect: Connection refused

(DataCollector_Deterministic.py:4066321): Gdk-CRITICAL **: 08:47:57.615: gdk_cursor_new_for_display: assertion 'GDK_IS_DISPLAY (display)' failed
Unable to init server: Could not connect: Connection refused

(DataCollector_Deterministic.py:4066644): Gdk-CRITICAL **: 08:47:57.632: gdk_cursor_new_for_display: assertion 'GDK_IS_DISPLAY (display)' failed
Unable to init server: Could not connect: Connection refused

(DataCollector_Deterministic.py:4066010): Gdk-CRITICAL **: 08:47:57.642: gdk_cursor_new_for_display: assertion 'GDK_IS_DISPLAY (display)' failed
Unable to init server: Could not connect: Connection refused

(DataCollector_Deterministic.py:4066075): Gdk-CRITICAL **: 08:47:57.658: gdk_cursor_new_for_display: assertion 'GDK_IS_DISPLAY (display)' failed

(DataCollector_Deterministic.py:4066086): Gdk-CRITICAL **: 08:47:57.663: gdk_cursor_new_for_display: assertion 'GDK_IS_DISPLAY (display)' failed
Unable to init server: Could not connect: Connection refused

(DataCollector_Deterministic.py:4066668): Gdk-CRITICAL **: 08:47:57.673: gdk_cursor_new_for_display: assertion 'GDK_IS_DISPLAY (display)' failed
Unable to init server: Could not connect: Connection refused

(DataCollector_Deterministic.py:4066578): Gdk-CRITICAL **: 08:47:57.687: gdk_cursor_new_for_display: assertion 'GDK_IS_DISPLAY (display)' failed
Unable to init server: Could not connect: Connection refused

(DataCollector_Deterministic.py:4066574): Gdk-CRITICAL **: 08:47:57.697: gdk_cursor_new_for_display: assertion 'GDK_IS_DISPLAY (display)' failed
Unable to init server: Could not connect: Connection refused

(DataCollector_Deterministic.py:4066310): Gdk-CRITICAL **: 08:47:57.706: gdk_cursor_new_for_display: assertion 'GDK_IS_DISPLAY (display)' failed
Unable to init server: Could not connect: Connection refused

(DataCollector_Deterministic.py:4066255): Gdk-CRITICAL **: 08:47:57.718: gdk_cursor_new_for_display: assertion 'GDK_IS_DISPLAY (display)' failed
Unable to init server: Could not connect: Connection refused

(DataCollector_Deterministic.py:4066144): Gdk-CRITICAL **: 08:47:57.726: gdk_cursor_new_for_display: assertion 'GDK_IS_DISPLAY (display)' failed
Unable to init server: Could not connect: Connection refused

(DataCollector_Deterministic.py:4066399): Gdk-CRITICAL **: 08:47:57.729: gdk_cursor_new_for_display: assertion 'GDK_IS_DISPLAY (display)' failed
Unable to init server: Could not connect: Connection refused

(DataCollector_Deterministic.py:4066194): Gdk-CRITICAL **: 08:47:57.740: gdk_cursor_new_for_display: assertion 'GDK_IS_DISPLAY (display)' failed
Unable to init server: Could not connect: Connection refused

(DataCollector_Deterministic.py:4066742): Gdk-CRITICAL **: 08:47:57.750: gdk_cursor_new_for_display: assertion 'GDK_IS_DISPLAY (display)' failed
Unable to init server: Could not connect: Connection refused

(DataCollector_Deterministic.py:4066722): Gdk-CRITICAL **: 08:47:57.753: gdk_cursor_new_for_display: assertion 'GDK_IS_DISPLAY (display)' failed

(DataCollector_Deterministic.py:4066154): Gdk-CRITICAL **: 08:47:57.755: gdk_cursor_new_for_display: assertion 'GDK_IS_DISPLAY (display)' failed
Unable to init server: Could not connect: Connection refused

(DataCollector_Deterministic.py:4066250): Gdk-CRITICAL **: 08:47:57.761: gdk_cursor_new_for_display: assertion 'GDK_IS_DISPLAY (display)' failed
Unable to init server: Could not connect: Connection refused

(DataCollector_Deterministic.py:4066497): Gdk-CRITICAL **: 08:47:57.766: gdk_cursor_new_for_display: assertion 'GDK_IS_DISPLAY (display)' failed
Unable to init server: Could not connect: Connection refused

(DataCollector_Deterministic.py:4066502): Gdk-CRITICAL **: 08:47:57.776: gdk_cursor_new_for_display: assertion 'GDK_IS_DISPLAY (display)' failed
Unable to init server: Could not connect: Connection refused

(DataCollector_Deterministic.py:4066124): Gdk-CRITICAL **: 08:47:57.781: gdk_cursor_new_for_display: assertion 'GDK_IS_DISPLAY (display)' failed
Unable to init server: Could not connect: Connection refused

(DataCollector_Deterministic.py:4066589): Gdk-CRITICAL **: 08:47:57.786: gdk_cursor_new_for_display: assertion 'GDK_IS_DISPLAY (display)' failed
Unable to init server: Could not connect: Connection refused

(DataCollector_Deterministic.py:4066626): Gdk-CRITICAL **: 08:47:57.797: gdk_cursor_new_for_display: assertion 'GDK_IS_DISPLAY (display)' failed
Unable to init server: Could not connect: Connection refused

(DataCollector_Deterministic.py:4066307): Gdk-CRITICAL **: 08:47:57.800: gdk_cursor_new_for_display: assertion 'GDK_IS_DISPLAY (display)' failed
Unable to init server: Could not connect: Connection refused

(DataCollector_Deterministic.py:4066609): Gdk-CRITICAL **: 08:47:57.809: gdk_cursor_new_for_display: assertion 'GDK_IS_DISPLAY (display)' failed
Unable to init server: Could not connect: Connection refused

(DataCollector_Deterministic.py:4066240): Gdk-CRITICAL **: 08:47:57.813: gdk_cursor_new_for_display: assertion 'GDK_IS_DISPLAY (display)' failed
Unable to init server: Could not connect: Connection refused

(DataCollector_Deterministic.py:4066386): Gdk-CRITICAL **: 08:47:57.821: gdk_cursor_new_for_display: assertion 'GDK_IS_DISPLAY (display)' failed
Unable to init server: Could not connect: Connection refused

(DataCollector_Deterministic.py:4066348): Gdk-CRITICAL **: 08:47:57.829: gdk_cursor_new_for_display: assertion 'GDK_IS_DISPLAY (display)' failed
Unable to init server: Could not connect: Connection refused

(DataCollector_Deterministic.py:4066602): Gdk-CRITICAL **: 08:47:57.833: gdk_cursor_new_for_display: assertion 'GDK_IS_DISPLAY (display)' failed
Unable to init server: Could not connect: Connection refused

(DataCollector_Deterministic.py:4066710): Gdk-CRITICAL **: 08:47:57.840: gdk_cursor_new_for_display: assertion 'GDK_IS_DISPLAY (display)' failed
Unable to init server: Could not connect: Connection refused

(DataCollector_Deterministic.py:4066514): Gdk-CRITICAL **: 08:47:57.844: gdk_cursor_new_for_display: assertion 'GDK_IS_DISPLAY (display)' failed
Unable to init server: Could not connect: Connection refused

(DataCollector_Deterministic.py:4066732): Gdk-CRITICAL **: 08:47:57.861: gdk_cursor_new_for_display: assertion 'GDK_IS_DISPLAY (display)' failed
Unable to init server: Could not connect: Connection refused

(DataCollector_Deterministic.py:4066048): Gdk-CRITICAL **: 08:47:57.873: gdk_cursor_new_for_display: assertion 'GDK_IS_DISPLAY (display)' failed
Unable to init server: Could not connect: Connection refused

(DataCollector_Deterministic.py:4066328): Gdk-CRITICAL **: 08:47:57.877: gdk_cursor_new_for_display: assertion 'GDK_IS_DISPLAY (display)' failed
Unable to init server: Could not connect: Connection refused

(DataCollector_Deterministic.py:4066337): Gdk-CRITICAL **: 08:47:57.880: gdk_cursor_new_for_display: assertion 'GDK_IS_DISPLAY (display)' failed
Unable to init server: Could not connect: Connection refused

(DataCollector_Deterministic.py:4066099): Gdk-CRITICAL **: 08:47:57.885: gdk_cursor_new_for_display: assertion 'GDK_IS_DISPLAY (display)' failed
Unable to init server: Could not connect: Connection refused

(DataCollector_Deterministic.py:4066113): Gdk-CRITICAL **: 08:47:57.888: gdk_cursor_new_for_display: assertion 'GDK_IS_DISPLAY (display)' failed
Unable to init server: Could not connect: Connection refused

(DataCollector_Deterministic.py:4066432): Gdk-CRITICAL **: 08:47:57.892: gdk_cursor_new_for_display: assertion 'GDK_IS_DISPLAY (display)' failed
Unable to init server: Could not connect: Connection refused

(DataCollector_Deterministic.py:4066717): Gdk-CRITICAL **: 08:47:57.901: gdk_cursor_new_for_display: assertion 'GDK_IS_DISPLAY (display)' failed
Unable to init server: Could not connect: Connection refused

(DataCollector_Deterministic.py:4066706): Gdk-CRITICAL **: 08:47:57.905: gdk_cursor_new_for_display: assertion 'GDK_IS_DISPLAY (display)' failed
Unable to init server: Could not connect: Connection refused

(DataCollector_Deterministic.py:4066264): Gdk-CRITICAL **: 08:47:57.908: gdk_cursor_new_for_display: assertion 'GDK_IS_DISPLAY (display)' failed
Unable to init server: Could not connect: Connection refused

(DataCollector_Deterministic.py:4066560): Gdk-CRITICAL **: 08:47:57.913: gdk_cursor_new_for_display: assertion 'GDK_IS_DISPLAY (display)' failed
Unable to init server: Could not connect: Connection refused

(DataCollector_Deterministic.py:4066018): Gdk-CRITICAL **: 08:47:57.924: gdk_cursor_new_for_display: assertion 'GDK_IS_DISPLAY (display)' failed
Unable to init server: Could not connect: Connection refused

(DataCollector_Deterministic.py:4066274): Gdk-CRITICAL **: 08:47:57.929: gdk_cursor_new_for_display: assertion 'GDK_IS_DISPLAY (display)' failed
Unable to init server: Could not connect: Connection refused

(DataCollector_Deterministic.py:4066571): Gdk-CRITICAL **: 08:47:57.936: gdk_cursor_new_for_display: assertion 'GDK_IS_DISPLAY (display)' failed
Unable to init server: Could not connect: Connection refused

(DataCollector_Deterministic.py:4066082): Gdk-CRITICAL **: 08:47:57.940: gdk_cursor_new_for_display: assertion 'GDK_IS_DISPLAY (display)' failed

(DataCollector_Deterministic.py:4066182): Gdk-CRITICAL **: 08:47:57.947: gdk_cursor_new_for_display: assertion 'GDK_IS_DISPLAY (display)' failed
Unable to init server: Could not connect: Connection refused

(DataCollector_Deterministic.py:4066042): Gdk-CRITICAL **: 08:47:57.956: gdk_cursor_new_for_display: assertion 'GDK_IS_DISPLAY (display)' failed
Unable to init server: Could not connect: Connection refused

(DataCollector_Deterministic.py:4066246): Gdk-CRITICAL **: 08:47:57.964: gdk_cursor_new_for_display: assertion 'GDK_IS_DISPLAY (display)' failed
Unable to init server: Could not connect: Connection refused

(DataCollector_Deterministic.py:4066586): Gdk-CRITICAL **: 08:47:57.969: gdk_cursor_new_for_display: assertion 'GDK_IS_DISPLAY (display)' failed
Unable to init server: Could not connect: Connection refused

(DataCollector_Deterministic.py:4066434): Gdk-CRITICAL **: 08:47:57.973: gdk_cursor_new_for_display: assertion 'GDK_IS_DISPLAY (display)' failed
Unable to init server: Could not connect: Connection refused

(DataCollector_Deterministic.py:4066584): Gdk-CRITICAL **: 08:47:57.985: gdk_cursor_new_for_display: assertion 'GDK_IS_DISPLAY (display)' failed
Unable to init server: Could not connect: Connection refused

(DataCollector_Deterministic.py:4066622): Gdk-CRITICAL **: 08:47:57.988: gdk_cursor_new_for_display: assertion 'GDK_IS_DISPLAY (display)' failed
Unable to init server: Could not connect: Connection refused

(DataCollector_Deterministic.py:4066723): Gdk-CRITICAL **: 08:47:57.993: gdk_cursor_new_for_display: assertion 'GDK_IS_DISPLAY (display)' failed
Unable to init server: Could not connect: Connection refused

(DataCollector_Deterministic.py:4066052): Gdk-CRITICAL **: 08:47:58.001: gdk_cursor_new_for_display: assertion 'GDK_IS_DISPLAY (display)' failed
Unable to init server: Could not connect: Connection refused

(DataCollector_Deterministic.py:4066279): Gdk-CRITICAL **: 08:47:58.004: gdk_cursor_new_for_display: assertion 'GDK_IS_DISPLAY (display)' failed
Unable to init server: Could not connect: Connection refused

(DataCollector_Deterministic.py:4066174): Gdk-CRITICAL **: 08:47:58.008: gdk_cursor_new_for_display: assertion 'GDK_IS_DISPLAY (display)' failed
Unable to init server: Could not connect: Connection refused

(DataCollector_Deterministic.py:4066490): Gdk-CRITICAL **: 08:47:58.016: gdk_cursor_new_for_display: assertion 'GDK_IS_DISPLAY (display)' failed
Unable to init server: Could not connect: Connection refused

(DataCollector_Deterministic.py:4066596): Gdk-CRITICAL **: 08:47:58.021: gdk_cursor_new_for_display: assertion 'GDK_IS_DISPLAY (display)' failed
Unable to init server: Could not connect: Connection refused

(DataCollector_Deterministic.py:4066634): Gdk-CRITICAL **: 08:47:58.024: gdk_cursor_new_for_display: assertion 'GDK_IS_DISPLAY (display)' failed
Unable to init server: Could not connect: Connection refused

(DataCollector_Deterministic.py:4066140): Gdk-CRITICAL **: 08:47:58.044: gdk_cursor_new_for_display: assertion 'GDK_IS_DISPLAY (display)' failed
Unable to init server: Could not connect: Connection refused

(DataCollector_Deterministic.py:4066646): Gdk-CRITICAL **: 08:47:58.049: gdk_cursor_new_for_display: assertion 'GDK_IS_DISPLAY (display)' failed
Unable to init server: Could not connect: Connection refused

(DataCollector_Deterministic.py:4066664): Gdk-CRITICAL **: 08:47:58.069: gdk_cursor_new_for_display: assertion 'GDK_IS_DISPLAY (display)' failed
Unable to init server: Could not connect: Connection refused

(DataCollector_Deterministic.py:4066178): Gdk-CRITICAL **: 08:47:58.077: gdk_cursor_new_for_display: assertion 'GDK_IS_DISPLAY (display)' failed
Unable to init server: Could not connect: Connection refused

(DataCollector_Deterministic.py:4066702): Gdk-CRITICAL **: 08:47:58.108: gdk_cursor_new_for_display: assertion 'GDK_IS_DISPLAY (display)' failed
Unable to init server: Could not connect: Connection refused

(DataCollector_Deterministic.py:4065986): Gdk-CRITICAL **: 08:47:58.126: gdk_cursor_new_for_display: assertion 'GDK_IS_DISPLAY (display)' failed
Unable to init server: Could not connect: Connection refused

(DataCollector_Deterministic.py:4066332): Gdk-CRITICAL **: 08:47:58.226: gdk_cursor_new_for_display: assertion 'GDK_IS_DISPLAY (display)' failed
Unable to init server: Could not connect: Connection refused

(DataCollector_Deterministic.py:4066104): Gdk-CRITICAL **: 08:47:58.245: gdk_cursor_new_for_display: assertion 'GDK_IS_DISPLAY (display)' failed
Unable to init server: Could not connect: Connection refused

(DataCollector_Deterministic.py:4066524): Gdk-CRITICAL **: 08:47:58.262: gdk_cursor_new_for_display: assertion 'GDK_IS_DISPLAY (display)' failed
Unable to init server: Could not connect: Connection refused

(DataCollector_Deterministic.py:4066654): Gdk-CRITICAL **: 08:47:58.276: gdk_cursor_new_for_display: assertion 'GDK_IS_DISPLAY (display)' failed
Unable to init server: Could not connect: Connection refused

(DataCollector_Deterministic.py:4066674): Gdk-CRITICAL **: 08:47:58.324: gdk_cursor_new_for_display: assertion 'GDK_IS_DISPLAY (display)' failed
Initalising...
Running Sim...

Data Dump...
Initalising...
Running Sim...

Data Dump...
Initalising...
Running Sim...

Data Dump...
Initalising...
Running Sim...

Data Dump...
Initalising...
Running Sim...

Data Dump...
Initalising...
Running Sim...

Data Dump...
Initalising...
Running Sim...

Data Dump...
Initalising...
Running Sim...

Data Dump...
Initalising...
Running Sim...

Data Dump...
Initalising...
Running Sim...
.Initalising...
Running Sim...
.Initalising...
Running Sim...
.Initalising...
Running Sim...
.Initalising...
Running Sim...
.Initalising...
Running Sim...
.Initalising...
Running Sim...
.Initalising...
Running Sim...
.Initalising...
Running Sim...
.Initalising...
Running Sim...
.Initalising...
Running Sim...
.Initalising...
Running Sim...
.Initalising...
Running Sim...
.Initalising...
Running Sim...
.Initalising...
Running Sim...
.Initalising...
Running Sim...
.Initalising...
Running Sim...
.Initalising...
Running Sim...
.Initalising...
Running Sim...
.Initalising...
Running Sim...
.Initalising...
Running Sim...
.Initalising...
Running Sim...
.Initalising...
Running Sim...
.Initalising...
Running Sim...
.Initalising...
Running Sim...
.Initalising...
Running Sim...
.Initalising...
Running Sim...
.Initalising...
Running Sim...
.Initalising...
Running Sim...
.Initalising...
Running Sim...
.Initalising...
Running Sim...
.Initalising...
Running Sim...
.Initalising...
Running Sim...
.Initalising...
Running Sim...
.Initalising...
Running Sim...
.Initalising...
Running Sim...
.Initalising...
Running Sim...
.Initalising...
Running Sim...
.Initalising...
Running Sim...
.Initalising...
Running Sim...
.Initalising...
Running Sim...
.Initalising...
Running Sim...
.Initalising...
Running Sim...
.Initalising...
Running Sim...
.Initalising...
Running Sim...
.Initalising...
Running Sim...
.Initalising...
Running Sim...
.Initalising...
Running Sim...
.Initalising...
Running Sim...
.Initalising...
Running Sim...
.Initalising...
Running Sim...
.Initalising...
Running Sim...
.Initalising...
Running Sim...
.Initalising...
Running Sim...
.Initalising...
Running Sim...
.Initalising...
Running Sim...
.Initalising...
Running Sim...
.Initalising...
Running Sim...
.Initalising...
Running Sim...
.Initalising...
Running Sim...
.Initalising...
Running Sim...
.Initalising...
Running Sim...
.Initalising...
Running Sim...
.Initalising...
Running Sim...
.Initalising...
Running Sim...
.Initalising...
Running Sim...
.Initalising...
Running Sim...
.Initalising...
Running Sim...
.Initalising...
Running Sim...
.Initalising...
Running Sim...
.Initalising...
Running Sim...
.Initalising...
Running Sim...
.Initalising...
Running Sim...
..........................................................................................................................................................................................................................................................................................................................................................................................................................................................................................................................................................................................................................................................................
[1749 8586]
..
[1743 8637]
..
[1655 8705]
.
[1742 8648]
..
[1759 8617]
.
[1789 8606]
..
[1739 8641]
.
[1788 8638]
.
[1866 8561]
.
[1728 8677]
.
[1865 8540]
.
[1740 8653]
.
[1897 8475]
.
[1820 8539]
.
[1732 8650]
.
[1748 8628]
.
[1722 8644]
.
[1746 8639]
.
[1831 8546]
.
[1832 8541]
.
[1788 8582]
.
[1726 8649]
...
[1788 8629]
.
[1722 8627]
.
[1757 8632]
.
[1762 8622]
.
[1758 8587]
.
[1695 8660]
.
[1764 8644]
.
[2199 8189]
.
[1730 8692]
.
[1716 8684]
.
[1707 8666]
...
[1727 8653]
.
[1684 8681]
.
[1798 8557]
.
[1720 8662]
.
[1755 8605]
.
[1719 8659]
.
[1835 8551]
.
[1661 8726]
.
[1721 8660]
.
[1798 8586]
.
[2381 8015]
..
[1748 8630]
.
[1756 8669]
.
[1671 8697]
.
[2282 8114]
.
[1711 8645]
.
[1831 8554]
.
[1798 8583]
.
[1980 8433]
..
[1787 8598]
.
[2429 7942]
.
[2632 7727]
...
[1915 8489]
.
[1724 8642]
.
[1941 8438]
.
[2525 7850]
.
[1841 8512]
.
[2189 8203]
.
[2661 7716]
.
[2393 8018]
.....
[2359 8055]
.....
[2190 8157]
.
[3168 7161]
..
[3308 7046]
.....
[3551 6795]
............................
[4545 5802]
...................
[4275 6142]
......
[4923 5372]
..
[6355 3983]
....
[4760 5586]
...................................................................................................................................................................................................................................................
Data Dump...
...........
Data Dump...
...
Data Dump...
...
Data Dump...
......
Data Dump...
.......
Data Dump...
.............
Data Dump...
................................
Data Dump...
......................................................
[  55 2269]
........................
Data Dump...
......
[  44 2409]
.......
[  32 2364]
.
[  63 2438]
..........
[  41 2445]
......................
[  43 2532]
........
[  36 2552]
..
[  67 2370]
............
[  63 2351]
......
[  46 2507]
..
[  64 2406]
...
[  59 2460]
.
[  71 2539]
....
[  71 2544]
...
Data Dump...

Data Dump...
.....
[  47 2493]
..
[  49 2534]
.......
[  58 2487]
.....
Data Dump...
.........
[  52 2636]
....
[  68 2557]
......
[  97 2519]
.....
[  93 2557]
.......
[  76 2585]
..
Data Dump...
............
Data Dump...
.
[ 110 2438]
..
[  81 2548]
.....
Data Dump...
........
Data Dump...
....
[  95 2321]
.......
[  95 2533]
.
[  87 2640]
.
[  97 2370]
..
[  91 2507]
.....................
Data Dump...
...
[ 139 2171]
....
[ 108 2204]
....
[  77 2348]
...............
Data Dump...

[ 162 2257]
....
Data Dump...
...
Data Dump...

Data Dump...
.
[ 133 2207]
......
[ 153 2309]
..
Data Dump...

Data Dump...
...
Data Dump...
.
[ 131 2155]
..........
[ 209 1936]
..
[ 230 1943]
......
Data Dump...
..
Data Dump...
........
[ 153 2314]
.
[ 165 2083]
.
[ 230 2058]
...
Data Dump...
..
[ 205 1948]
.....
Data Dump...
.....
[ 258 2336]
.......
[ 186 2126]
..
[ 247 2532]
........
Data Dump...

[ 284 2178]
.
[ 205 2201]
.......
Data Dump...
..
[ 251 2368]
.
[ 218 2017]
.
Data Dump...
..............
[ 420 1730]
............
[ 345 1844]
...
Data Dump...
..........
Data Dump...
...........
Data Dump...
....
Data Dump...
.......
[ 342 1820]
.....
[ 499 1520]
.
[ 639 1372]
.....
Data Dump...

Data Dump...
.....
[ 730 1157]
.
[ 773 1079]
.....
Data Dump...
.......
[ 718 1302]
..............
Data Dump...
..................
[1089  813]
.
Data Dump...
.........
[1022  847]
.
[1165  713]
...
Data Dump...

Data Dump...
.
[2106  216]
.
Data Dump...

[1545  429]
.......
Data Dump...
.........
[1012 1382]
....
[1645  374]
.......
Data Dump...
...
[1484  590]
...................
Data Dump...
....
Data Dump...
..
Data Dump...

Data Dump...
........
Data Dump...
..
Data Dump...
...
Data Dump...
....
Data Dump...
.....
Data Dump...
..
Data Dump...
.....
Data Dump...
...
Data Dump...
......................
Data Dump...
...
Data Dump...
...................
Data Dump...
...........
[31 18]

Data Dump...
..
[39 30]

Data Dump...
.......
[31 19]

Data Dump...
.....
[35 15]

Data Dump...
.
[37 23]

Data Dump...
..............
[46 15]

Data Dump...
......
[61 17]

Data Dump...

[58 16]

Data Dump...

[55 68]

Data Dump...
.
[86 10]

Data Dump...

[42 12]

Data Dump...
..
[66 15]

Data Dump...
.
[58 22]

Data Dump...
Low 1 7
Done
slurmstepd-phcompute010: error: Detected 18 oom-kill event(s) in StepId=824572.batch. Some of your processes may have been killed by the cgroup out-of-memory handler.
