Unable to init server: Could not connect: Connection refused
Unable to init server: Could not connect: Connection refused
Unable to init server: Could not connect: Connection refused

(DataCollector_Deterministic.py:3814082): Gdk-CRITICAL **: 08:13:33.749: gdk_cursor_new_for_display: assertion 'GDK_IS_DISPLAY (display)' failed
Unable to init server: Could not connect: Connection refused

(DataCollector_Deterministic.py:3814644): Gdk-CRITICAL **: 08:13:33.752: gdk_cursor_new_for_display: assertion 'GDK_IS_DISPLAY (display)' failed
Unable to init server: Could not connect: Connection refused
Unable to init server: Could not connect: Connection refused

(DataCollector_Deterministic.py:3814015): Gdk-CRITICAL **: 08:13:42.661: gdk_cursor_new_for_display: assertion 'GDK_IS_DISPLAY (display)' failed
Unable to init server: Could not connect: Connection refused
Unable to init server: Could not connect: Connection refused
Unable to init server: Could not connect: Connection refused
Unable to init server: Could not connect: Connection refused
Unable to init server: Could not connect: Connection refused
Unable to init server: Could not connect: Connection refused
Unable to init server: Could not connect: Connection refused
Unable to init server: Could not connect: Connection refused

(DataCollector_Deterministic.py:3814977): Gdk-CRITICAL **: 08:13:52.775: gdk_cursor_new_for_display: assertion 'GDK_IS_DISPLAY (display)' failed
Unable to init server: Could not connect: Connection refused

(DataCollector_Deterministic.py:3814864): Gdk-CRITICAL **: 08:13:53.148: gdk_cursor_new_for_display: assertion 'GDK_IS_DISPLAY (display)' failed
Unable to init server: Could not connect: Connection refused
Unable to init server: Could not connect: Connection refused
Unable to init server: Could not connect: Connection refused
Unable to init server: Could not connect: Connection refused

(DataCollector_Deterministic.py:3813874): Gdk-CRITICAL **: 08:13:53.388: gdk_cursor_new_for_display: assertion 'GDK_IS_DISPLAY (display)' failed
Unable to init server: Could not connect: Connection refused

(DataCollector_Deterministic.py:3813364): Gdk-CRITICAL **: 08:13:53.391: gdk_cursor_new_for_display: assertion 'GDK_IS_DISPLAY (display)' failed
Unable to init server: Could not connect: Connection refused

(DataCollector_Deterministic.py:3813180): Gdk-CRITICAL **: 08:13:53.601: gdk_cursor_new_for_display: assertion 'GDK_IS_DISPLAY (display)' failed
Unable to init server: Could not connect: Connection refused
Unable to init server: Could not connect: Connection refused

(DataCollector_Deterministic.py:3815121): Gdk-CRITICAL **: 08:13:53.677: gdk_cursor_new_for_display: assertion 'GDK_IS_DISPLAY (display)' failed
Unable to init server: Could not connect: Connection refused

(DataCollector_Deterministic.py:3813377): Gdk-CRITICAL **: 08:13:53.688: gdk_cursor_new_for_display: assertion 'GDK_IS_DISPLAY (display)' failed
Unable to init server: Could not connect: Connection refused
Unable to init server: Could not connect: Connection refused

(DataCollector_Deterministic.py:3814670): Gdk-CRITICAL **: 08:13:53.709: gdk_cursor_new_for_display: assertion 'GDK_IS_DISPLAY (display)' failed
Unable to init server: Could not connect: Connection refused
Unable to init server: Could not connect: Connection refused
Unable to init server: Could not connect: Connection refused
Unable to init server: Could not connect: Connection refused
Unable to init server: Could not connect: Connection refused
Unable to init server: Could not connect: Connection refused
Unable to init server: Could not connect: Connection refused

(DataCollector_Deterministic.py:3814537): Gdk-CRITICAL **: 08:13:53.763: gdk_cursor_new_for_display: assertion 'GDK_IS_DISPLAY (display)' failed
Unable to init server: Could not connect: Connection refused
Unable to init server: Could not connect: Connection refused
Unable to init server: Could not connect: Connection refused

(DataCollector_Deterministic.py:3813477): Gdk-CRITICAL **: 08:13:53.928: gdk_cursor_new_for_display: assertion 'GDK_IS_DISPLAY (display)' failed
Unable to init server: Could not connect: Connection refused

(DataCollector_Deterministic.py:3813625): Gdk-CRITICAL **: 08:13:53.957: gdk_cursor_new_for_display: assertion 'GDK_IS_DISPLAY (display)' failed
Unable to init server: Could not connect: Connection refused

(DataCollector_Deterministic.py:3814898): Gdk-CRITICAL **: 08:13:53.984: gdk_cursor_new_for_display: assertion 'GDK_IS_DISPLAY (display)' failed
Unable to init server: Could not connect: Connection refused

(DataCollector_Deterministic.py:3814622): Gdk-CRITICAL **: 08:13:54.020: gdk_cursor_new_for_display: assertion 'GDK_IS_DISPLAY (display)' failed
Unable to init server: Could not connect: Connection refused

(DataCollector_Deterministic.py:3814664): Gdk-CRITICAL **: 08:13:54.024: gdk_cursor_new_for_display: assertion 'GDK_IS_DISPLAY (display)' failed
Unable to init server: Could not connect: Connection refused

(DataCollector_Deterministic.py:3813290): Gdk-CRITICAL **: 08:13:54.130: gdk_cursor_new_for_display: assertion 'GDK_IS_DISPLAY (display)' failed
Unable to init server: Could not connect: Connection refused

(DataCollector_Deterministic.py:3814636): Gdk-CRITICAL **: 08:13:54.136: gdk_cursor_new_for_display: assertion 'GDK_IS_DISPLAY (display)' failed
Unable to init server: Could not connect: Connection refused

(DataCollector_Deterministic.py:3814493): Gdk-CRITICAL **: 08:13:54.143: gdk_cursor_new_for_display: assertion 'GDK_IS_DISPLAY (display)' failed
Unable to init server: Could not connect: Connection refused

(DataCollector_Deterministic.py:3813882): Gdk-CRITICAL **: 08:13:54.154: gdk_cursor_new_for_display: assertion 'GDK_IS_DISPLAY (display)' failed
Unable to init server: Could not connect: Connection refused

(DataCollector_Deterministic.py:3815033): Gdk-CRITICAL **: 08:13:54.166: gdk_cursor_new_for_display: assertion 'GDK_IS_DISPLAY (display)' failed
Traceback (most recent call last):
  File "/usr/lib/python3.8/runpy.py", line 194, in _run_module_as_main
    return _run_code(code, main_globals, None,
  File "/usr/lib/python3.8/runpy.py", line 87, in _run_code
    exec(code, run_globals)
  File "/home/s1932078/Documents/MPhys_Project/SRI/src/data_extraction/DataCollector_Deterministic.py", line 24, in <module>
    execute = SIR(config_file=config_file_path)
  File "/home/s1932078/Documents/MPhys_Project/SRI/src/simulation/SIR_system.py", line 101, in __init__
    self.all_current_nbs = self.network_matrix()
  File "/home/s1932078/Documents/MPhys_Project/SRI/src/simulation/SIR_system.py", line 124, in network_matrix
    sparse = nx.to_scipy_sparse_array(self.G, format='csr')
  File "/home/s1932078/.local/lib/python3.8/site-packages/networkx/convert_matrix.py", line 593, in to_scipy_sparse_array
    A = sp.sparse.coo_array((d, (r, c)), shape=(nlen, nlen), dtype=dtype)
AttributeError: module 'scipy.sparse' has no attribute 'coo_array'
Initalising...
Traceback (most recent call last):
  File "/usr/lib/python3.8/runpy.py", line 194, in _run_module_as_main
    return _run_code(code, main_globals, None,
  File "/usr/lib/python3.8/runpy.py", line 87, in _run_code
    exec(code, run_globals)
  File "/home/s1932078/Documents/MPhys_Project/SRI/src/data_extraction/DataCollector_Deterministic.py", line 24, in <module>
    execute = SIR(config_file=config_file_path)
  File "/home/s1932078/Documents/MPhys_Project/SRI/src/simulation/SIR_system.py", line 101, in __init__
    self.all_current_nbs = self.network_matrix()
  File "/home/s1932078/Documents/MPhys_Project/SRI/src/simulation/SIR_system.py", line 124, in network_matrix
    sparse = nx.to_scipy_sparse_array(self.G, format='csr')
  File "/home/s1932078/.local/lib/python3.8/site-packages/networkx/convert_matrix.py", line 593, in to_scipy_sparse_array
    A = sp.sparse.coo_array((d, (r, c)), shape=(nlen, nlen), dtype=dtype)
AttributeError: module 'scipy.sparse' has no attribute 'coo_array'
Initalising...
Traceback (most recent call last):
  File "/usr/lib/python3.8/runpy.py", line 194, in _run_module_as_main
    return _run_code(code, main_globals, None,
  File "/usr/lib/python3.8/runpy.py", line 87, in _run_code
    exec(code, run_globals)
  File "/home/s1932078/Documents/MPhys_Project/SRI/src/data_extraction/DataCollector_Deterministic.py", line 24, in <module>
    execute = SIR(config_file=config_file_path)
  File "/home/s1932078/Documents/MPhys_Project/SRI/src/simulation/SIR_system.py", line 101, in __init__
    self.all_current_nbs = self.network_matrix()
  File "/home/s1932078/Documents/MPhys_Project/SRI/src/simulation/SIR_system.py", line 124, in network_matrix
    sparse = nx.to_scipy_sparse_array(self.G, format='csr')
  File "/home/s1932078/.local/lib/python3.8/site-packages/networkx/convert_matrix.py", line 593, in to_scipy_sparse_array
    A = sp.sparse.coo_array((d, (r, c)), shape=(nlen, nlen), dtype=dtype)
AttributeError: module 'scipy.sparse' has no attribute 'coo_array'
Initalising...
Traceback (most recent call last):
  File "/usr/lib/python3.8/runpy.py", line 194, in _run_module_as_main
    return _run_code(code, main_globals, None,
  File "/usr/lib/python3.8/runpy.py", line 87, in _run_code
    exec(code, run_globals)
  File "/home/s1932078/Documents/MPhys_Project/SRI/src/data_extraction/DataCollector_Deterministic.py", line 24, in <module>
    execute = SIR(config_file=config_file_path)
  File "/home/s1932078/Documents/MPhys_Project/SRI/src/simulation/SIR_system.py", line 101, in __init__
    self.all_current_nbs = self.network_matrix()
  File "/home/s1932078/Documents/MPhys_Project/SRI/src/simulation/SIR_system.py", line 124, in network_matrix
    sparse = nx.to_scipy_sparse_array(self.G, format='csr')
  File "/home/s1932078/.local/lib/python3.8/site-packages/networkx/convert_matrix.py", line 593, in to_scipy_sparse_array
    A = sp.sparse.coo_array((d, (r, c)), shape=(nlen, nlen), dtype=dtype)
AttributeError: module 'scipy.sparse' has no attribute 'coo_array'
Initalising...
Traceback (most recent call last):
  File "/usr/lib/python3.8/runpy.py", line 194, in _run_module_as_main
    return _run_code(code, main_globals, None,
  File "/usr/lib/python3.8/runpy.py", line 87, in _run_code
    exec(code, run_globals)
  File "/home/s1932078/Documents/MPhys_Project/SRI/src/data_extraction/DataCollector_Deterministic.py", line 24, in <module>
    execute = SIR(config_file=config_file_path)
  File "/home/s1932078/Documents/MPhys_Project/SRI/src/simulation/SIR_system.py", line 101, in __init__
    self.all_current_nbs = self.network_matrix()
  File "/home/s1932078/Documents/MPhys_Project/SRI/src/simulation/SIR_system.py", line 124, in network_matrix
    sparse = nx.to_scipy_sparse_array(self.G, format='csr')
  File "/home/s1932078/.local/lib/python3.8/site-packages/networkx/convert_matrix.py", line 593, in to_scipy_sparse_array
    A = sp.sparse.coo_array((d, (r, c)), shape=(nlen, nlen), dtype=dtype)
AttributeError: module 'scipy.sparse' has no attribute 'coo_array'
Initalising...
Traceback (most recent call last):
  File "/usr/lib/python3.8/runpy.py", line 194, in _run_module_as_main
    return _run_code(code, main_globals, None,
  File "/usr/lib/python3.8/runpy.py", line 87, in _run_code
    exec(code, run_globals)
  File "/home/s1932078/Documents/MPhys_Project/SRI/src/data_extraction/DataCollector_Deterministic.py", line 24, in <module>
    execute = SIR(config_file=config_file_path)
  File "/home/s1932078/Documents/MPhys_Project/SRI/src/simulation/SIR_system.py", line 101, in __init__
    self.all_current_nbs = self.network_matrix()
  File "/home/s1932078/Documents/MPhys_Project/SRI/src/simulation/SIR_system.py", line 124, in network_matrix
    sparse = nx.to_scipy_sparse_array(self.G, format='csr')
  File "/home/s1932078/.local/lib/python3.8/site-packages/networkx/convert_matrix.py", line 593, in to_scipy_sparse_array
    A = sp.sparse.coo_array((d, (r, c)), shape=(nlen, nlen), dtype=dtype)
AttributeError: module 'scipy.sparse' has no attribute 'coo_array'
Initalising...
Traceback (most recent call last):
  File "/usr/lib/python3.8/runpy.py", line 194, in _run_module_as_main
    return _run_code(code, main_globals, None,
  File "/usr/lib/python3.8/runpy.py", line 87, in _run_code
    exec(code, run_globals)
  File "/home/s1932078/Documents/MPhys_Project/SRI/src/data_extraction/DataCollector_Deterministic.py", line 24, in <module>
    execute = SIR(config_file=config_file_path)
  File "/home/s1932078/Documents/MPhys_Project/SRI/src/simulation/SIR_system.py", line 101, in __init__
    self.all_current_nbs = self.network_matrix()
  File "/home/s1932078/Documents/MPhys_Project/SRI/src/simulation/SIR_system.py", line 124, in network_matrix
    sparse = nx.to_scipy_sparse_array(self.G, format='csr')
  File "/home/s1932078/.local/lib/python3.8/site-packages/networkx/convert_matrix.py", line 593, in to_scipy_sparse_array
    A = sp.sparse.coo_array((d, (r, c)), shape=(nlen, nlen), dtype=dtype)
AttributeError: module 'scipy.sparse' has no attribute 'coo_array'
Initalising...
Traceback (most recent call last):
  File "/usr/lib/python3.8/runpy.py", line 194, in _run_module_as_main
    return _run_code(code, main_globals, None,
  File "/usr/lib/python3.8/runpy.py", line 87, in _run_code
    exec(code, run_globals)
  File "/home/s1932078/Documents/MPhys_Project/SRI/src/data_extraction/DataCollector_Deterministic.py", line 24, in <module>
    execute = SIR(config_file=config_file_path)
  File "/home/s1932078/Documents/MPhys_Project/SRI/src/simulation/SIR_system.py", line 101, in __init__
    self.all_current_nbs = self.network_matrix()
  File "/home/s1932078/Documents/MPhys_Project/SRI/src/simulation/SIR_system.py", line 124, in network_matrix
    sparse = nx.to_scipy_sparse_array(self.G, format='csr')
  File "/home/s1932078/.local/lib/python3.8/site-packages/networkx/convert_matrix.py", line 593, in to_scipy_sparse_array
    A = sp.sparse.coo_array((d, (r, c)), shape=(nlen, nlen), dtype=dtype)
AttributeError: module 'scipy.sparse' has no attribute 'coo_array'
Initalising...
Traceback (most recent call last):
  File "/usr/lib/python3.8/runpy.py", line 194, in _run_module_as_main
    return _run_code(code, main_globals, None,
  File "/usr/lib/python3.8/runpy.py", line 87, in _run_code
    exec(code, run_globals)
  File "/home/s1932078/Documents/MPhys_Project/SRI/src/data_extraction/DataCollector_Deterministic.py", line 24, in <module>
    execute = SIR(config_file=config_file_path)
  File "/home/s1932078/Documents/MPhys_Project/SRI/src/simulation/SIR_system.py", line 101, in __init__
    self.all_current_nbs = self.network_matrix()
  File "/home/s1932078/Documents/MPhys_Project/SRI/src/simulation/SIR_system.py", line 124, in network_matrix
    sparse = nx.to_scipy_sparse_array(self.G, format='csr')
  File "/home/s1932078/.local/lib/python3.8/site-packages/networkx/convert_matrix.py", line 593, in to_scipy_sparse_array
    A = sp.sparse.coo_array((d, (r, c)), shape=(nlen, nlen), dtype=dtype)
AttributeError: module 'scipy.sparse' has no attribute 'coo_array'
Initalising...
Traceback (most recent call last):
  File "/usr/lib/python3.8/runpy.py", line 194, in _run_module_as_main
    return _run_code(code, main_globals, None,
  File "/usr/lib/python3.8/runpy.py", line 87, in _run_code
    exec(code, run_globals)
  File "/home/s1932078/Documents/MPhys_Project/SRI/src/data_extraction/DataCollector_Deterministic.py", line 24, in <module>
    execute = SIR(config_file=config_file_path)
  File "/home/s1932078/Documents/MPhys_Project/SRI/src/simulation/SIR_system.py", line 101, in __init__
    self.all_current_nbs = self.network_matrix()
  File "/home/s1932078/Documents/MPhys_Project/SRI/src/simulation/SIR_system.py", line 124, in network_matrix
    sparse = nx.to_scipy_sparse_array(self.G, format='csr')
  File "/home/s1932078/.local/lib/python3.8/site-packages/networkx/convert_matrix.py", line 593, in to_scipy_sparse_array
    A = sp.sparse.coo_array((d, (r, c)), shape=(nlen, nlen), dtype=dtype)
AttributeError: module 'scipy.sparse' has no attribute 'coo_array'
Initalising...
No 1 2
Done
slurmstepd-phcompute025: error: Detected 91 oom-kill event(s) in StepId=824497.batch. Some of your processes may have been killed by the cgroup out-of-memory handler.
