Unable to init server: Could not connect: Connection refused
Unable to init server: Could not connect: Connection refused
Unable to init server: Could not connect: Connection refused
Unable to init server: Could not connect: Connection refused
Unable to init server: Could not connect: Connection refused
Unable to init server: Could not connect: Connection refused
Unable to init server: Could not connect: Connection refused

(DataCollector_Deterministic.py:3546135): Gdk-CRITICAL **: 08:46:47.445: gdk_cursor_new_for_display: assertion 'GDK_IS_DISPLAY (display)' failed
Unable to init server: Could not connect: Connection refused

(DataCollector_Deterministic.py:3546023): Gdk-CRITICAL **: 08:46:47.446: gdk_cursor_new_for_display: assertion 'GDK_IS_DISPLAY (display)' failed
Unable to init server: Could not connect: Connection refused

(DataCollector_Deterministic.py:3545961): Gdk-CRITICAL **: 08:46:47.559: gdk_cursor_new_for_display: assertion 'GDK_IS_DISPLAY (display)' failed
Unable to init server: Could not connect: Connection refused
Unable to init server: Could not connect: Connection refused
Unable to init server: Could not connect: Connection refused

(DataCollector_Deterministic.py:3546219): Gdk-CRITICAL **: 08:46:47.891: gdk_cursor_new_for_display: assertion 'GDK_IS_DISPLAY (display)' failed
Unable to init server: Could not connect: Connection refused
Unable to init server: Could not connect: Connection refused

(DataCollector_Deterministic.py:3546195): Gdk-CRITICAL **: 08:46:48.578: gdk_cursor_new_for_display: assertion 'GDK_IS_DISPLAY (display)' failed
Unable to init server: Could not connect: Connection refused

(DataCollector_Deterministic.py:3545896): Gdk-CRITICAL **: 08:46:48.871: gdk_cursor_new_for_display: assertion 'GDK_IS_DISPLAY (display)' failed
Unable to init server: Could not connect: Connection refused
Unable to init server: Could not connect: Connection refused
Unable to init server: Could not connect: Connection refused

(DataCollector_Deterministic.py:3546056): Gdk-CRITICAL **: 08:46:49.278: gdk_cursor_new_for_display: assertion 'GDK_IS_DISPLAY (display)' failed
Unable to init server: Could not connect: Connection refused

(DataCollector_Deterministic.py:3546215): Gdk-CRITICAL **: 08:46:49.546: gdk_cursor_new_for_display: assertion 'GDK_IS_DISPLAY (display)' failed
Unable to init server: Could not connect: Connection refused

(DataCollector_Deterministic.py:3546040): Gdk-CRITICAL **: 08:46:50.389: gdk_cursor_new_for_display: assertion 'GDK_IS_DISPLAY (display)' failed
Unable to init server: Could not connect: Connection refused

(DataCollector_Deterministic.py:3546086): Gdk-CRITICAL **: 08:46:50.511: gdk_cursor_new_for_display: assertion 'GDK_IS_DISPLAY (display)' failed
Unable to init server: Could not connect: Connection refused

(DataCollector_Deterministic.py:3545933): Gdk-CRITICAL **: 08:46:51.121: gdk_cursor_new_for_display: assertion 'GDK_IS_DISPLAY (display)' failed
Unable to init server: Could not connect: Connection refused
Unable to init server: Could not connect: Connection refused
Unable to init server: Could not connect: Connection refused
Unable to init server: Could not connect: Connection refused
Unable to init server: Could not connect: Connection refused
Unable to init server: Could not connect: Connection refused
Unable to init server: Could not connect: Connection refused
Unable to init server: Could not connect: Connection refused
Unable to init server: Could not connect: Connection refused
Unable to init server: Could not connect: Connection refused
Unable to init server: Could not connect: Connection refused
Unable to init server: Could not connect: Connection refused
Unable to init server: Could not connect: Connection refused
Unable to init server: Could not connect: Connection refused
Unable to init server: Could not connect: Connection refused
Unable to init server: Could not connect: Connection refused
Unable to init server: Could not connect: Connection refused
Unable to init server: Could not connect: Connection refused
Unable to init server: Could not connect: Connection refused
Unable to init server: Could not connect: Connection refused
Unable to init server: Could not connect: Connection refused
Unable to init server: Could not connect: Connection refused
Unable to init server: Could not connect: Connection refused
Unable to init server: Could not connect: Connection refused
Unable to init server: Could not connect: Connection refused
Unable to init server: Could not connect: Connection refused
Unable to init server: Could not connect: Connection refused
Unable to init server: Could not connect: Connection refused
Unable to init server: Could not connect: Connection refused
Unable to init server: Could not connect: Connection refused
Unable to init server: Could not connect: Connection refused
Unable to init server: Could not connect: Connection refused
Unable to init server: Could not connect: Connection refused
Unable to init server: Could not connect: Connection refused
Unable to init server: Could not connect: Connection refused
Unable to init server: Could not connect: Connection refused
Unable to init server: Could not connect: Connection refused
Unable to init server: Could not connect: Connection refused
Unable to init server: Could not connect: Connection refused
Unable to init server: Could not connect: Connection refused
Unable to init server: Could not connect: Connection refused
Unable to init server: Could not connect: Connection refused
Unable to init server: Could not connect: Connection refused
Unable to init server: Could not connect: Connection refused
Unable to init server: Could not connect: Connection refused
Unable to init server: Could not connect: Connection refused
Unable to init server: Could not connect: Connection refused
Unable to init server: Could not connect: Connection refused
Unable to init server: Could not connect: Connection refused
Unable to init server: Could not connect: Connection refused
Unable to init server: Could not connect: Connection refused
Unable to init server: Could not connect: Connection refused
Unable to init server: Could not connect: Connection refused
Unable to init server: Could not connect: Connection refused
Unable to init server: Could not connect: Connection refused
Unable to init server: Could not connect: Connection refused
Unable to init server: Could not connect: Connection refused
Unable to init server: Could not connect: Connection refused
Unable to init server: Could not connect: Connection refused
Unable to init server: Could not connect: Connection refused
Unable to init server: Could not connect: Connection refused
Unable to init server: Could not connect: Connection refused
Unable to init server: Could not connect: Connection refused
Unable to init server: Could not connect: Connection refused
Unable to init server: Could not connect: Connection refused
Unable to init server: Could not connect: Connection refused
Unable to init server: Could not connect: Connection refused
Unable to init server: Could not connect: Connection refused
Unable to init server: Could not connect: Connection refused
Unable to init server: Could not connect: Connection refused
Unable to init server: Could not connect: Connection refused
Unable to init server: Could not connect: Connection refused
Unable to init server: Could not connect: Connection refused
Unable to init server: Could not connect: Connection refused
Unable to init server: Could not connect: Connection refused
Unable to init server: Could not connect: Connection refused
Unable to init server: Could not connect: Connection refused
Unable to init server: Could not connect: Connection refused
Unable to init server: Could not connect: Connection refused
Unable to init server: Could not connect: Connection refused
Unable to init server: Could not connect: Connection refused
Unable to init server: Could not connect: Connection refused
Unable to init server: Could not connect: Connection refused
Unable to init server: Could not connect: Connection refused
Unable to init server: Could not connect: Connection refused
Unable to init server: Could not connect: Connection refused
Unable to init server: Could not connect: Connection refused
Unable to init server: Could not connect: Connection refused
Unable to init server: Could not connect: Connection refused
Unable to init server: Could not connect: Connection refused

(DataCollector_Deterministic.py:3546047): Gdk-CRITICAL **: 08:46:54.029: gdk_cursor_new_for_display: assertion 'GDK_IS_DISPLAY (display)' failed
Unable to init server: Could not connect: Connection refused
Unable to init server: Could not connect: Connection refused
Unable to init server: Could not connect: Connection refused
Unable to init server: Could not connect: Connection refused

(DataCollector_Deterministic.py:3546121): Gdk-CRITICAL **: 08:46:54.103: gdk_cursor_new_for_display: assertion 'GDK_IS_DISPLAY (display)' failed
Unable to init server: Could not connect: Connection refused
Unable to init server: Could not connect: Connection refused

(DataCollector_Deterministic.py:3546165): Gdk-CRITICAL **: 08:46:54.115: gdk_cursor_new_for_display: assertion 'GDK_IS_DISPLAY (display)' failed
Unable to init server: Could not connect: Connection refused

(DataCollector_Deterministic.py:3546236): Gdk-CRITICAL **: 08:46:54.119: gdk_cursor_new_for_display: assertion 'GDK_IS_DISPLAY (display)' failed
Unable to init server: Could not connect: Connection refused

(DataCollector_Deterministic.py:3545995): Gdk-CRITICAL **: 08:46:54.136: gdk_cursor_new_for_display: assertion 'GDK_IS_DISPLAY (display)' failed
Unable to init server: Could not connect: Connection refused

(DataCollector_Deterministic.py:3546242): Gdk-CRITICAL **: 08:46:54.147: gdk_cursor_new_for_display: assertion 'GDK_IS_DISPLAY (display)' failed
Unable to init server: Could not connect: Connection refused

(DataCollector_Deterministic.py:3546201): Gdk-CRITICAL **: 08:46:54.151: gdk_cursor_new_for_display: assertion 'GDK_IS_DISPLAY (display)' failed
Unable to init server: Could not connect: Connection refused

(DataCollector_Deterministic.py:3545873): Gdk-CRITICAL **: 08:46:54.159: gdk_cursor_new_for_display: assertion 'GDK_IS_DISPLAY (display)' failed
Unable to init server: Could not connect: Connection refused

(DataCollector_Deterministic.py:3545892): Gdk-CRITICAL **: 08:46:54.167: gdk_cursor_new_for_display: assertion 'GDK_IS_DISPLAY (display)' failed
Unable to init server: Could not connect: Connection refused

(DataCollector_Deterministic.py:3546141): Gdk-CRITICAL **: 08:46:54.171: gdk_cursor_new_for_display: assertion 'GDK_IS_DISPLAY (display)' failed
Unable to init server: Could not connect: Connection refused

(DataCollector_Deterministic.py:3545965): Gdk-CRITICAL **: 08:46:54.179: gdk_cursor_new_for_display: assertion 'GDK_IS_DISPLAY (display)' failed
Unable to init server: Could not connect: Connection refused
Unable to init server: Could not connect: Connection refused

(DataCollector_Deterministic.py:3545869): Gdk-CRITICAL **: 08:46:54.194: gdk_cursor_new_for_display: assertion 'GDK_IS_DISPLAY (display)' failed
Unable to init server: Could not connect: Connection refused

(DataCollector_Deterministic.py:3546247): Gdk-CRITICAL **: 08:46:54.203: gdk_cursor_new_for_display: assertion 'GDK_IS_DISPLAY (display)' failed
Unable to init server: Could not connect: Connection refused

(DataCollector_Deterministic.py:3546230): Gdk-CRITICAL **: 08:46:54.223: gdk_cursor_new_for_display: assertion 'GDK_IS_DISPLAY (display)' failed
Unable to init server: Could not connect: Connection refused

(DataCollector_Deterministic.py:3545987): Gdk-CRITICAL **: 08:46:54.234: gdk_cursor_new_for_display: assertion 'GDK_IS_DISPLAY (display)' failed
Unable to init server: Could not connect: Connection refused

(DataCollector_Deterministic.py:3546175): Gdk-CRITICAL **: 08:46:54.239: gdk_cursor_new_for_display: assertion 'GDK_IS_DISPLAY (display)' failed
Unable to init server: Could not connect: Connection refused

(DataCollector_Deterministic.py:3545955): Gdk-CRITICAL **: 08:46:54.247: gdk_cursor_new_for_display: assertion 'GDK_IS_DISPLAY (display)' failed
Unable to init server: Could not connect: Connection refused
Unable to init server: Could not connect: Connection refused

(DataCollector_Deterministic.py:3545908): Gdk-CRITICAL **: 08:46:54.262: gdk_cursor_new_for_display: assertion 'GDK_IS_DISPLAY (display)' failed
Unable to init server: Could not connect: Connection refused

(DataCollector_Deterministic.py:3546233): Gdk-CRITICAL **: 08:46:54.267: gdk_cursor_new_for_display: assertion 'GDK_IS_DISPLAY (display)' failed
Unable to init server: Could not connect: Connection refused

(DataCollector_Deterministic.py:3545973): Gdk-CRITICAL **: 08:46:54.278: gdk_cursor_new_for_display: assertion 'GDK_IS_DISPLAY (display)' failed
Unable to init server: Could not connect: Connection refused

(DataCollector_Deterministic.py:3546003): Gdk-CRITICAL **: 08:46:54.287: gdk_cursor_new_for_display: assertion 'GDK_IS_DISPLAY (display)' failed
Unable to init server: Could not connect: Connection refused

(DataCollector_Deterministic.py:3546059): Gdk-CRITICAL **: 08:46:54.291: gdk_cursor_new_for_display: assertion 'GDK_IS_DISPLAY (display)' failed
Unable to init server: Could not connect: Connection refused

(DataCollector_Deterministic.py:3545999): Gdk-CRITICAL **: 08:46:54.295: gdk_cursor_new_for_display: assertion 'GDK_IS_DISPLAY (display)' failed
Unable to init server: Could not connect: Connection refused

(DataCollector_Deterministic.py:3545923): Gdk-CRITICAL **: 08:46:54.299: gdk_cursor_new_for_display: assertion 'GDK_IS_DISPLAY (display)' failed
Unable to init server: Could not connect: Connection refused

(DataCollector_Deterministic.py:3545905): Gdk-CRITICAL **: 08:46:54.303: gdk_cursor_new_for_display: assertion 'GDK_IS_DISPLAY (display)' failed
Unable to init server: Could not connect: Connection refused

(DataCollector_Deterministic.py:3546191): Gdk-CRITICAL **: 08:46:54.307: gdk_cursor_new_for_display: assertion 'GDK_IS_DISPLAY (display)' failed
Unable to init server: Could not connect: Connection refused

(DataCollector_Deterministic.py:3546089): Gdk-CRITICAL **: 08:46:54.314: gdk_cursor_new_for_display: assertion 'GDK_IS_DISPLAY (display)' failed
Unable to init server: Could not connect: Connection refused

(DataCollector_Deterministic.py:3546125): Gdk-CRITICAL **: 08:46:54.565: gdk_cursor_new_for_display: assertion 'GDK_IS_DISPLAY (display)' failed
Unable to init server: Could not connect: Connection refused

(DataCollector_Deterministic.py:3546111): Gdk-CRITICAL **: 08:46:54.572: gdk_cursor_new_for_display: assertion 'GDK_IS_DISPLAY (display)' failed
Unable to init server: Could not connect: Connection refused

(DataCollector_Deterministic.py:3545889): Gdk-CRITICAL **: 08:46:54.578: gdk_cursor_new_for_display: assertion 'GDK_IS_DISPLAY (display)' failed
Unable to init server: Could not connect: Connection refused

(DataCollector_Deterministic.py:3546239): Gdk-CRITICAL **: 08:46:54.580: gdk_cursor_new_for_display: assertion 'GDK_IS_DISPLAY (display)' failed
Unable to init server: Could not connect: Connection refused

(DataCollector_Deterministic.py:3546243): Gdk-CRITICAL **: 08:46:54.584: gdk_cursor_new_for_display: assertion 'GDK_IS_DISPLAY (display)' failed
Unable to init server: Could not connect: Connection refused

(DataCollector_Deterministic.py:3546171): Gdk-CRITICAL **: 08:46:54.588: gdk_cursor_new_for_display: assertion 'GDK_IS_DISPLAY (display)' failed
Unable to init server: Could not connect: Connection refused

(DataCollector_Deterministic.py:3545980): Gdk-CRITICAL **: 08:46:54.592: gdk_cursor_new_for_display: assertion 'GDK_IS_DISPLAY (display)' failed
Unable to init server: Could not connect: Connection refused

(DataCollector_Deterministic.py:3545914): Gdk-CRITICAL **: 08:46:54.596: gdk_cursor_new_for_display: assertion 'GDK_IS_DISPLAY (display)' failed
Unable to init server: Could not connect: Connection refused

(DataCollector_Deterministic.py:3546133): Gdk-CRITICAL **: 08:46:54.600: gdk_cursor_new_for_display: assertion 'GDK_IS_DISPLAY (display)' failed
Unable to init server: Could not connect: Connection refused

(DataCollector_Deterministic.py:3546119): Gdk-CRITICAL **: 08:46:54.604: gdk_cursor_new_for_display: assertion 'GDK_IS_DISPLAY (display)' failed
Unable to init server: Could not connect: Connection refused

(DataCollector_Deterministic.py:3546237): Gdk-CRITICAL **: 08:46:54.608: gdk_cursor_new_for_display: assertion 'GDK_IS_DISPLAY (display)' failed
Unable to init server: Could not connect: Connection refused

(DataCollector_Deterministic.py:3546127): Gdk-CRITICAL **: 08:46:54.612: gdk_cursor_new_for_display: assertion 'GDK_IS_DISPLAY (display)' failed
Unable to init server: Could not connect: Connection refused

(DataCollector_Deterministic.py:3546187): Gdk-CRITICAL **: 08:46:54.616: gdk_cursor_new_for_display: assertion 'GDK_IS_DISPLAY (display)' failed
Unable to init server: Could not connect: Connection refused

(DataCollector_Deterministic.py:3546005): Gdk-CRITICAL **: 08:46:54.628: gdk_cursor_new_for_display: assertion 'GDK_IS_DISPLAY (display)' failed
Unable to init server: Could not connect: Connection refused

(DataCollector_Deterministic.py:3546043): Gdk-CRITICAL **: 08:46:54.632: gdk_cursor_new_for_display: assertion 'GDK_IS_DISPLAY (display)' failed
Unable to init server: Could not connect: Connection refused

(DataCollector_Deterministic.py:3546037): Gdk-CRITICAL **: 08:46:54.636: gdk_cursor_new_for_display: assertion 'GDK_IS_DISPLAY (display)' failed
Unable to init server: Could not connect: Connection refused

(DataCollector_Deterministic.py:3546207): Gdk-CRITICAL **: 08:46:54.640: gdk_cursor_new_for_display: assertion 'GDK_IS_DISPLAY (display)' failed
Unable to init server: Could not connect: Connection refused

(DataCollector_Deterministic.py:3546199): Gdk-CRITICAL **: 08:46:54.644: gdk_cursor_new_for_display: assertion 'GDK_IS_DISPLAY (display)' failed
Unable to init server: Could not connect: Connection refused

(DataCollector_Deterministic.py:3546053): Gdk-CRITICAL **: 08:46:54.648: gdk_cursor_new_for_display: assertion 'GDK_IS_DISPLAY (display)' failed
Unable to init server: Could not connect: Connection refused

(DataCollector_Deterministic.py:3545949): Gdk-CRITICAL **: 08:46:54.652: gdk_cursor_new_for_display: assertion 'GDK_IS_DISPLAY (display)' failed
Unable to init server: Could not connect: Connection refused

(DataCollector_Deterministic.py:3545877): Gdk-CRITICAL **: 08:46:54.656: gdk_cursor_new_for_display: assertion 'GDK_IS_DISPLAY (display)' failed
Unable to init server: Could not connect: Connection refused

(DataCollector_Deterministic.py:3546099): Gdk-CRITICAL **: 08:46:54.660: gdk_cursor_new_for_display: assertion 'GDK_IS_DISPLAY (display)' failed
Unable to init server: Could not connect: Connection refused

(DataCollector_Deterministic.py:3546232): Gdk-CRITICAL **: 08:46:54.664: gdk_cursor_new_for_display: assertion 'GDK_IS_DISPLAY (display)' failed
Unable to init server: Could not connect: Connection refused

(DataCollector_Deterministic.py:3546070): Gdk-CRITICAL **: 08:46:54.668: gdk_cursor_new_for_display: assertion 'GDK_IS_DISPLAY (display)' failed

(DataCollector_Deterministic.py:3545881): Gdk-CRITICAL **: 08:46:54.412: gdk_cursor_new_for_display: assertion 'GDK_IS_DISPLAY (display)' failed
Unable to init server: Could not connect: Connection refused

(DataCollector_Deterministic.py:3545967): Gdk-CRITICAL **: 08:46:54.676: gdk_cursor_new_for_display: assertion 'GDK_IS_DISPLAY (display)' failed
Unable to init server: Could not connect: Connection refused

(DataCollector_Deterministic.py:3545977): Gdk-CRITICAL **: 08:46:54.680: gdk_cursor_new_for_display: assertion 'GDK_IS_DISPLAY (display)' failed
Unable to init server: Could not connect: Connection refused

(DataCollector_Deterministic.py:3545885): Gdk-CRITICAL **: 08:46:54.684: gdk_cursor_new_for_display: assertion 'GDK_IS_DISPLAY (display)' failed

(DataCollector_Deterministic.py:3545959): Gdk-CRITICAL **: 08:46:54.428: gdk_cursor_new_for_display: assertion 'GDK_IS_DISPLAY (display)' failed
Unable to init server: Could not connect: Connection refused

(DataCollector_Deterministic.py:3545941): Gdk-CRITICAL **: 08:46:54.693: gdk_cursor_new_for_display: assertion 'GDK_IS_DISPLAY (display)' failed
Unable to init server: Could not connect: Connection refused

(DataCollector_Deterministic.py:3546035): Gdk-CRITICAL **: 08:46:54.700: gdk_cursor_new_for_display: assertion 'GDK_IS_DISPLAY (display)' failed

(DataCollector_Deterministic.py:3546169): Gdk-CRITICAL **: 08:46:54.434: gdk_cursor_new_for_display: assertion 'GDK_IS_DISPLAY (display)' failed

(DataCollector_Deterministic.py:3545900): Gdk-CRITICAL **: 08:46:54.440: gdk_cursor_new_for_display: assertion 'GDK_IS_DISPLAY (display)' failed
Unable to init server: Could not connect: Connection refused

(DataCollector_Deterministic.py:3546032): Gdk-CRITICAL **: 08:46:54.748: gdk_cursor_new_for_display: assertion 'GDK_IS_DISPLAY (display)' failed
Unable to init server: Could not connect: Connection refused

(DataCollector_Deterministic.py:3546217): Gdk-CRITICAL **: 08:46:54.752: gdk_cursor_new_for_display: assertion 'GDK_IS_DISPLAY (display)' failed
Unable to init server: Could not connect: Connection refused

(DataCollector_Deterministic.py:3546240): Gdk-CRITICAL **: 08:46:54.756: gdk_cursor_new_for_display: assertion 'GDK_IS_DISPLAY (display)' failed
Unable to init server: Could not connect: Connection refused

(DataCollector_Deterministic.py:3546073): Gdk-CRITICAL **: 08:46:54.760: gdk_cursor_new_for_display: assertion 'GDK_IS_DISPLAY (display)' failed
Unable to init server: Could not connect: Connection refused

(DataCollector_Deterministic.py:3546170): Gdk-CRITICAL **: 08:46:54.766: gdk_cursor_new_for_display: assertion 'GDK_IS_DISPLAY (display)' failed
Unable to init server: Could not connect: Connection refused

(DataCollector_Deterministic.py:3546079): Gdk-CRITICAL **: 08:46:54.784: gdk_cursor_new_for_display: assertion 'GDK_IS_DISPLAY (display)' failed
Unable to init server: Could not connect: Connection refused

(DataCollector_Deterministic.py:3546067): Gdk-CRITICAL **: 08:46:54.788: gdk_cursor_new_for_display: assertion 'GDK_IS_DISPLAY (display)' failed
Unable to init server: Could not connect: Connection refused

(DataCollector_Deterministic.py:3546017): Gdk-CRITICAL **: 08:46:54.804: gdk_cursor_new_for_display: assertion 'GDK_IS_DISPLAY (display)' failed
Unable to init server: Could not connect: Connection refused

(DataCollector_Deterministic.py:3545985): Gdk-CRITICAL **: 08:46:54.816: gdk_cursor_new_for_display: assertion 'GDK_IS_DISPLAY (display)' failed
Unable to init server: Could not connect: Connection refused

(DataCollector_Deterministic.py:3546145): Gdk-CRITICAL **: 08:46:54.820: gdk_cursor_new_for_display: assertion 'GDK_IS_DISPLAY (display)' failed
Unable to init server: Could not connect: Connection refused

(DataCollector_Deterministic.py:3546205): Gdk-CRITICAL **: 08:46:54.825: gdk_cursor_new_for_display: assertion 'GDK_IS_DISPLAY (display)' failed
Unable to init server: Could not connect: Connection refused

(DataCollector_Deterministic.py:3546095): Gdk-CRITICAL **: 08:46:54.834: gdk_cursor_new_for_display: assertion 'GDK_IS_DISPLAY (display)' failed

(DataCollector_Deterministic.py:3546115): Gdk-CRITICAL **: 08:46:54.480: gdk_cursor_new_for_display: assertion 'GDK_IS_DISPLAY (display)' failed
Unable to init server: Could not connect: Connection refused

(DataCollector_Deterministic.py:3546117): Gdk-CRITICAL **: 08:46:54.868: gdk_cursor_new_for_display: assertion 'GDK_IS_DISPLAY (display)' failed
Unable to init server: Could not connect: Connection refused

(DataCollector_Deterministic.py:3545971): Gdk-CRITICAL **: 08:46:54.880: gdk_cursor_new_for_display: assertion 'GDK_IS_DISPLAY (display)' failed
Unable to init server: Could not connect: Connection refused

(DataCollector_Deterministic.py:3546153): Gdk-CRITICAL **: 08:46:54.884: gdk_cursor_new_for_display: assertion 'GDK_IS_DISPLAY (display)' failed
Unable to init server: Could not connect: Connection refused

(DataCollector_Deterministic.py:3545931): Gdk-CRITICAL **: 08:46:54.888: gdk_cursor_new_for_display: assertion 'GDK_IS_DISPLAY (display)' failed
Unable to init server: Could not connect: Connection refused

(DataCollector_Deterministic.py:3546228): Gdk-CRITICAL **: 08:46:54.896: gdk_cursor_new_for_display: assertion 'GDK_IS_DISPLAY (display)' failed
Unable to init server: Could not connect: Connection refused

(DataCollector_Deterministic.py:3546015): Gdk-CRITICAL **: 08:46:54.900: gdk_cursor_new_for_display: assertion 'GDK_IS_DISPLAY (display)' failed
Unable to init server: Could not connect: Connection refused

(DataCollector_Deterministic.py:3546081): Gdk-CRITICAL **: 08:46:54.972: gdk_cursor_new_for_display: assertion 'GDK_IS_DISPLAY (display)' failed

(DataCollector_Deterministic.py:3545991): Gdk-CRITICAL **: 08:46:54.510: gdk_cursor_new_for_display: assertion 'GDK_IS_DISPLAY (display)' failed
Unable to init server: Could not connect: Connection refused

(DataCollector_Deterministic.py:3545918): Gdk-CRITICAL **: 08:46:54.984: gdk_cursor_new_for_display: assertion 'GDK_IS_DISPLAY (display)' failed
Unable to init server: Could not connect: Connection refused

(DataCollector_Deterministic.py:3545943): Gdk-CRITICAL **: 08:46:54.992: gdk_cursor_new_for_display: assertion 'GDK_IS_DISPLAY (display)' failed
Unable to init server: Could not connect: Connection refused

(DataCollector_Deterministic.py:3546101): Gdk-CRITICAL **: 08:46:55.000: gdk_cursor_new_for_display: assertion 'GDK_IS_DISPLAY (display)' failed
Unable to init server: Could not connect: Connection refused
Unable to init server: Could not connect: Connection refused

(DataCollector_Deterministic.py:3545953): Gdk-CRITICAL **: 08:46:55.032: gdk_cursor_new_for_display: assertion 'GDK_IS_DISPLAY (display)' failed

(DataCollector_Deterministic.py:3546173): Gdk-CRITICAL **: 08:46:55.036: gdk_cursor_new_for_display: assertion 'GDK_IS_DISPLAY (display)' failed
Unable to init server: Could not connect: Connection refused

(DataCollector_Deterministic.py:3546051): Gdk-CRITICAL **: 08:46:55.116: gdk_cursor_new_for_display: assertion 'GDK_IS_DISPLAY (display)' failed
Unable to init server: Could not connect: Connection refused

(DataCollector_Deterministic.py:3546181): Gdk-CRITICAL **: 08:46:55.148: gdk_cursor_new_for_display: assertion 'GDK_IS_DISPLAY (display)' failed
Unable to init server: Could not connect: Connection refused

(DataCollector_Deterministic.py:3546149): Gdk-CRITICAL **: 08:46:55.168: gdk_cursor_new_for_display: assertion 'GDK_IS_DISPLAY (display)' failed
Initalising...
Running Sim...

Data Dump...
Initalising...
Running Sim...

Data Dump...
Initalising...
Running Sim...

Data Dump...
Initalising...
Running Sim...

Data Dump...
Initalising...
Running Sim...

Data Dump...
Initalising...
Running Sim...

Data Dump...
Initalising...
Running Sim...
.Initalising...
Running Sim...
.Initalising...
Running Sim...
.Initalising...
Running Sim...
.Initalising...
Running Sim...
.Initalising...
Running Sim...
.Initalising...
Running Sim...
.Initalising...
Running Sim...
.Initalising...
Running Sim...
.Initalising...
Running Sim...
.Initalising...
Running Sim...
.Initalising...
Running Sim...
.Initalising...
Running Sim...
.Initalising...
Running Sim...
.Initalising...
Running Sim...
.Initalising...
Running Sim...
.Initalising...
Running Sim...
.Initalising...
Running Sim...
.Initalising...
Running Sim...
.Initalising...
Running Sim...
.Initalising...
Running Sim...
.Initalising...
Running Sim...
.Initalising...
Running Sim...
.Initalising...
Running Sim...
.Initalising...
Running Sim...
.Initalising...
Running Sim...
.Initalising...
Running Sim...
.Initalising...
Running Sim...
.Initalising...
Running Sim...
.Initalising...
Running Sim...
.Initalising...
Running Sim...
.Initalising...
Running Sim...
.Initalising...
Running Sim...
.Initalising...
Running Sim...
.Initalising...
Running Sim...
.Initalising...
Running Sim...
.Initalising...
Running Sim...
.Initalising...
Running Sim...
.Initalising...
Running Sim...
.Initalising...
Running Sim...
.Initalising...
Running Sim...
.Initalising...
Running Sim...
.Initalising...
Running Sim...
.Initalising...
Running Sim...
.Initalising...
Running Sim...
.Initalising...
Running Sim...
.Initalising...
Running Sim...
.Initalising...
Running Sim...
.Initalising...
Running Sim...
.Initalising...
Running Sim...
.Initalising...
Running Sim...
.Initalising...
Running Sim...
.Initalising...
Running Sim...
.Initalising...
Running Sim...
.Initalising...
Running Sim...
.Initalising...
Running Sim...
.Initalising...
Running Sim...
.Initalising...
Running Sim...
.Initalising...
Running Sim...
.Initalising...
Running Sim...
.Initalising...
Running Sim...
.Initalising...
Running Sim...
.Initalising...
Running Sim...
.Initalising...
Running Sim...
.Initalising...
Running Sim...
.Initalising...
Running Sim...
.Initalising...
Running Sim...
.Initalising...
Running Sim...
.Initalising...
Running Sim...
.Initalising...
Running Sim...
.Initalising...
Running Sim...
.Initalising...
Running Sim...
.Initalising...
Running Sim...
.Initalising...
Running Sim...
.Initalising...
Running Sim...
..............................................................................................................................................................................................................................................................................................................................................................................................................................................................................................................................................................................................................................................................................................
[1737 9042]
.
[1735 9067]
.
[1705 9022]
.
[1668 9053]
..
[1697 9027]
.
[1803 8938]
.
[1746 9036]
.
[1732 9041]
.
[1697 9067]
.
[1792 9024]
.
[1750 9030]
.
[1670 9043]
.
[1728 9036]
..
[1673 9041]
.
[1828 8943]
.
[1857 8898]
.
[1737 9069]
.
[1776 9019]
.
[1799 8912]
..
[1773 8962]
.
[1691 9068]
.
[1864 8909]
.
[1904 8861]
.
[1815 8978]
.
[1739 9040]
.
[1717 9070]
.
[1800 8960]
.
[1847 8858]
.
[1872 8883]
.
[1832 8935]
..
[1752 9014]
.
[2011 8706]
.
[1900 8847]
.
[1736 9011]
.
[1750 8950]
.
[1751 8996]
.
[1788 8961]
.
[1786 8950]
.
[1735 9025]
.
[1820 8904]
.
[1756 9020]
.
[2043 8710]
.
[2078 8629]
.
[1719 9032]
.
[1693 9044]
.
[1713 9074]
.
[1729 9010]
.
[2109 8610]
.
[1687 9060]
.
[1973 8744]
.
[1780 9007]
..
[2145 8566]
.
[1891 8870]
.
[2111 8606]
.
[2008 8722]
.
[2113 8568]
.
[2105 8603]
.
[1798 8924]
.
[1689 9067]
.
[2277 8429]
.
[1935 8756]
..
[1995 8683]
..
[2306 8381]
...
[2390 8295]
..
[2455 8224]
.....
[2686 7936]
..
[3004 7628]
......
[3010 7616]
..
[3052 7505]
...................................
[3427 7167]
...............
[8040 2399]
........
[4666 5916]
.
[4021 6522]
.................
[5009 5476]
................................
[6069 4433]
..............................................................................................................................................................................................................
Data Dump...
...
Data Dump...
.....
Data Dump...

Data Dump...
........
Data Dump...

Data Dump...
....
Data Dump...
.
Data Dump...
.................................................................................................
[  41 4080]
................................
[  51 4035]
............
[  45 3924]
.................
[  57 3644]
................
[  62 3809]
.
[  56 3819]
.........
[  55 3873]
...............
[  74 3584]
.......
[  77 3613]
...
[  52 3636]
..............
[  85 3617]
..................
[  96 3277]
.
[  80 3504]
.
[  95 3465]
............
[  79 3481]
...
[  91 3592]
..........
[ 107 3450]
..........
[  86 3334]
........
[ 107 3148]
..
[ 109 3344]
.........
[  99 3214]
.....
[ 134 3271]
.
[ 127 3377]
..
[ 124 3106]
...
[ 103 3499]
...
[ 101 3456]
...............
[ 138 3099]
...
[ 130 3021]
...
[ 174 3162]
.
[ 164 3191]
...
Data Dump...
............
[ 181 3058]
....
[ 174 2987]
..................
Data Dump...

[ 212 2697]
..........
[ 226 2703]
......
[ 255 2652]
...
[ 158 3109]
..................
[ 342 2227]
......
[ 231 2930]
.
[ 258 2546]
..
[ 268 2593]
.
[ 238 2357]
............
[ 225 2775]
.....
Data Dump...
....
[ 334 2139]
..
[ 318 2427]
...
[ 223 3024]
....
[ 263 2911]
......
[ 229 2757]
........
[ 330 2488]
........
[ 342 2488]
....
[ 411 2213]
................
[ 480 2020]
........
[ 391 2219]
.....
Data Dump...
......
[ 398 2116]
.
[ 514 1899]
...
[ 475 2123]
......
Data Dump...
..................
Data Dump...
..
Data Dump...
..................................
[ 23 239]

Data Dump...
...
Data Dump...
............
[2681   52]
....
[ 585 1832]
.......................
[ 40 253]

Data Dump...

[ 755 1389]
.........
[ 23 156]

Data Dump...
...........................
[ 33 286]

Data Dump...
..
[ 29 232]

Data Dump...
...
[ 941 1199]
......
[1099 1014]
.
[1081 1090]
.....
[ 33 286]

Data Dump...
.................
[ 25 201]

Data Dump...
.
[1128 1050]
..
[ 36 172]

Data Dump...
.
[ 41 262]

Data Dump...
....................
[1647  709]
............
[1316  837]
............
[ 28 313]

Data Dump...
....
[1748  572]
........
[ 26 291]

Data Dump...
.
[ 27 137]
...
[ 41 185]

Data Dump...
.
[1376  891]
..
Data Dump...
...
[ 38 275]

Data Dump...
.......
[2064  330]
....
[ 38 123]

Data Dump...
..........
[ 29 114]
.
[ 43 201]
...
Data Dump...
..
Data Dump...
......
[ 45 116]
..
Data Dump...
.................
[ 29 143]
........
[ 40 164]
.
Data Dump...
...
[ 39 114]
..
[ 41 162]
..
Data Dump...
...
Data Dump...
..
[ 47 181]
.....
Data Dump...
........
Data Dump...
.....
[ 43 133]
........
Data Dump...

[ 41 213]
...........
Data Dump...
..........
[45 70]
...
[51 88]
........
[43 89]
...
[ 45 182]
....
Data Dump...

Data Dump...
.........
[ 39 239]
.
Data Dump...
.
Data Dump...
..........
Data Dump...

[52 70]
...
[46 65]
.
[ 50 174]
.
[46 23]
....
[ 33 119]
.....
[38 46]
.....
Data Dump...
....
Data Dump...

Data Dump...
.
[42 34]
...
[ 43 123]
..
Data Dump...

Data Dump...
.
[47 70]
...
Data Dump...
...
[50 76]
.........
Data Dump...
..
[61 88]
.
Data Dump...
..
Data Dump...
..
[52 43]
....
Data Dump...
....
[58 36]
.
[44 62]
..
Data Dump...
..
[42 43]
........
[58 58]
.
[65 35]
..
Data Dump...

Data Dump...

Data Dump...
........
Data Dump...
...
Data Dump...

Data Dump...
.....
[128   7]
......
[52 31]
...........
Data Dump...

[48 13]
.....
Data Dump...
......
[65 22]
.
[61 20]
.
[64 20]
..
Data Dump...
..
[103  19]
.
[90 13]
..........
Data Dump...

Data Dump...
..
[90 18]
.
[76 19]
.
Data Dump...
...
Data Dump...

Data Dump...
..
[74 12]
.
[98 12]
...
Data Dump...

Data Dump...
....
Data Dump...

Data Dump...
Low 1 5
Done
slurmstepd-phcompute008: error: Detected 19 oom-kill event(s) in StepId=824570.batch. Some of your processes may have been killed by the cgroup out-of-memory handler.
