Unable to init server: Could not connect: Connection refused
Unable to init server: Could not connect: Connection refused

(DataCollector_Deterministic.py:3825613): Gdk-CRITICAL **: 08:46:57.730: gdk_cursor_new_for_display: assertion 'GDK_IS_DISPLAY (display)' failed
Unable to init server: Could not connect: Connection refused
Unable to init server: Could not connect: Connection refused
Unable to init server: Could not connect: Connection refused

(DataCollector_Deterministic.py:3825402): Gdk-CRITICAL **: 08:47:00.039: gdk_cursor_new_for_display: assertion 'GDK_IS_DISPLAY (display)' failed
Unable to init server: Could not connect: Connection refused

(DataCollector_Deterministic.py:3825655): Gdk-CRITICAL **: 08:47:00.057: gdk_cursor_new_for_display: assertion 'GDK_IS_DISPLAY (display)' failed
Unable to init server: Could not connect: Connection refused
Unable to init server: Could not connect: Connection refused
Unable to init server: Could not connect: Connection refused
Unable to init server: Could not connect: Connection refused
Unable to init server: Could not connect: Connection refused
Unable to init server: Could not connect: Connection refused
Unable to init server: Could not connect: Connection refused

(DataCollector_Deterministic.py:3825639): Gdk-CRITICAL **: 08:47:00.828: gdk_cursor_new_for_display: assertion 'GDK_IS_DISPLAY (display)' failed
Unable to init server: Could not connect: Connection refused

(DataCollector_Deterministic.py:3825607): Gdk-CRITICAL **: 08:47:00.831: gdk_cursor_new_for_display: assertion 'GDK_IS_DISPLAY (display)' failed
Unable to init server: Could not connect: Connection refused

(DataCollector_Deterministic.py:3825491): Gdk-CRITICAL **: 08:47:00.835: gdk_cursor_new_for_display: assertion 'GDK_IS_DISPLAY (display)' failed
Unable to init server: Could not connect: Connection refused

(DataCollector_Deterministic.py:3825393): Gdk-CRITICAL **: 08:47:00.839: gdk_cursor_new_for_display: assertion 'GDK_IS_DISPLAY (display)' failed
Unable to init server: Could not connect: Connection refused

(DataCollector_Deterministic.py:3825710): Gdk-CRITICAL **: 08:47:00.851: gdk_cursor_new_for_display: assertion 'GDK_IS_DISPLAY (display)' failed
Unable to init server: Could not connect: Connection refused

(DataCollector_Deterministic.py:3825643): Gdk-CRITICAL **: 08:47:00.855: gdk_cursor_new_for_display: assertion 'GDK_IS_DISPLAY (display)' failed
Unable to init server: Could not connect: Connection refused
Unable to init server: Could not connect: Connection refused
Unable to init server: Could not connect: Connection refused
Unable to init server: Could not connect: Connection refused
Unable to init server: Could not connect: Connection refused
Unable to init server: Could not connect: Connection refused
Unable to init server: Could not connect: Connection refused
Unable to init server: Could not connect: Connection refused

(DataCollector_Deterministic.py:3825441): Gdk-CRITICAL **: 08:47:10.508: gdk_cursor_new_for_display: assertion 'GDK_IS_DISPLAY (display)' failed
Unable to init server: Could not connect: Connection refused

(DataCollector_Deterministic.py:3825706): Gdk-CRITICAL **: 08:47:10.522: gdk_cursor_new_for_display: assertion 'GDK_IS_DISPLAY (display)' failed
Unable to init server: Could not connect: Connection refused

(DataCollector_Deterministic.py:3825684): Gdk-CRITICAL **: 08:47:10.550: gdk_cursor_new_for_display: assertion 'GDK_IS_DISPLAY (display)' failed
Unable to init server: Could not connect: Connection refused

(DataCollector_Deterministic.py:3825532): Gdk-CRITICAL **: 08:47:10.556: gdk_cursor_new_for_display: assertion 'GDK_IS_DISPLAY (display)' failed
Unable to init server: Could not connect: Connection refused

(DataCollector_Deterministic.py:3825398): Gdk-CRITICAL **: 08:47:10.564: gdk_cursor_new_for_display: assertion 'GDK_IS_DISPLAY (display)' failed
Unable to init server: Could not connect: Connection refused

(DataCollector_Deterministic.py:3825388): Gdk-CRITICAL **: 08:47:10.573: gdk_cursor_new_for_display: assertion 'GDK_IS_DISPLAY (display)' failed
Unable to init server: Could not connect: Connection refused

(DataCollector_Deterministic.py:3825701): Gdk-CRITICAL **: 08:47:10.715: gdk_cursor_new_for_display: assertion 'GDK_IS_DISPLAY (display)' failed
Unable to init server: Could not connect: Connection refused
Unable to init server: Could not connect: Connection refused
Unable to init server: Could not connect: Connection refused
Unable to init server: Could not connect: Connection refused
Unable to init server: Could not connect: Connection refused
Unable to init server: Could not connect: Connection refused
Unable to init server: Could not connect: Connection refused
Unable to init server: Could not connect: Connection refused
Unable to init server: Could not connect: Connection refused
Unable to init server: Could not connect: Connection refused
Unable to init server: Could not connect: Connection refused
Unable to init server: Could not connect: Connection refused
Unable to init server: Could not connect: Connection refused
Unable to init server: Could not connect: Connection refused
Unable to init server: Could not connect: Connection refused
Unable to init server: Could not connect: Connection refused
Unable to init server: Could not connect: Connection refused
Unable to init server: Could not connect: Connection refused
Unable to init server: Could not connect: Connection refused
Unable to init server: Could not connect: Connection refused
Unable to init server: Could not connect: Connection refused
Unable to init server: Could not connect: Connection refused
Unable to init server: Could not connect: Connection refused
Unable to init server: Could not connect: Connection refused
Unable to init server: Could not connect: Connection refused
Unable to init server: Could not connect: Connection refused
Unable to init server: Could not connect: Connection refused
Unable to init server: Could not connect: Connection refused
Unable to init server: Could not connect: Connection refused
Unable to init server: Could not connect: Connection refused
Unable to init server: Could not connect: Connection refused
Unable to init server: Could not connect: Connection refused
Unable to init server: Could not connect: Connection refused
Unable to init server: Could not connect: Connection refused
Unable to init server: Could not connect: Connection refused
Unable to init server: Could not connect: Connection refused
Unable to init server: Could not connect: Connection refused
Unable to init server: Could not connect: Connection refused
Unable to init server: Could not connect: Connection refused
Unable to init server: Could not connect: Connection refused
Unable to init server: Could not connect: Connection refused
Unable to init server: Could not connect: Connection refused
Unable to init server: Could not connect: Connection refused
Unable to init server: Could not connect: Connection refused
Unable to init server: Could not connect: Connection refused
Unable to init server: Could not connect: Connection refused
Unable to init server: Could not connect: Connection refused
Unable to init server: Could not connect: Connection refused
Unable to init server: Could not connect: Connection refused
Unable to init server: Could not connect: Connection refused
Unable to init server: Could not connect: Connection refused
Unable to init server: Could not connect: Connection refused
Unable to init server: Could not connect: Connection refused
Unable to init server: Could not connect: Connection refused
Unable to init server: Could not connect: Connection refused
Unable to init server: Could not connect: Connection refused
Unable to init server: Could not connect: Connection refused
Unable to init server: Could not connect: Connection refused
Unable to init server: Could not connect: Connection refused
Unable to init server: Could not connect: Connection refused
Unable to init server: Could not connect: Connection refused
Unable to init server: Could not connect: Connection refused
Unable to init server: Could not connect: Connection refused
Unable to init server: Could not connect: Connection refused
Unable to init server: Could not connect: Connection refused
Unable to init server: Could not connect: Connection refused
Unable to init server: Could not connect: Connection refused
Unable to init server: Could not connect: Connection refused
Unable to init server: Could not connect: Connection refused
Unable to init server: Could not connect: Connection refused
Unable to init server: Could not connect: Connection refused
Unable to init server: Could not connect: Connection refused
Unable to init server: Could not connect: Connection refused
Unable to init server: Could not connect: Connection refused
Unable to init server: Could not connect: Connection refused
Unable to init server: Could not connect: Connection refused
Unable to init server: Could not connect: Connection refused
Unable to init server: Could not connect: Connection refused
Unable to init server: Could not connect: Connection refused
Unable to init server: Could not connect: Connection refused
Unable to init server: Could not connect: Connection refused
Unable to init server: Could not connect: Connection refused
Unable to init server: Could not connect: Connection refused
Unable to init server: Could not connect: Connection refused
Unable to init server: Could not connect: Connection refused
Unable to init server: Could not connect: Connection refused

(DataCollector_Deterministic.py:3825609): Gdk-CRITICAL **: 08:47:14.254: gdk_cursor_new_for_display: assertion 'GDK_IS_DISPLAY (display)' failed
Unable to init server: Could not connect: Connection refused

(DataCollector_Deterministic.py:3825601): Gdk-CRITICAL **: 08:47:14.258: gdk_cursor_new_for_display: assertion 'GDK_IS_DISPLAY (display)' failed
Unable to init server: Could not connect: Connection refused

(DataCollector_Deterministic.py:3825451): Gdk-CRITICAL **: 08:47:14.263: gdk_cursor_new_for_display: assertion 'GDK_IS_DISPLAY (display)' failed
Unable to init server: Could not connect: Connection refused

(DataCollector_Deterministic.py:3825617): Gdk-CRITICAL **: 08:47:14.266: gdk_cursor_new_for_display: assertion 'GDK_IS_DISPLAY (display)' failed
Unable to init server: Could not connect: Connection refused

(DataCollector_Deterministic.py:3825682): Gdk-CRITICAL **: 08:47:14.270: gdk_cursor_new_for_display: assertion 'GDK_IS_DISPLAY (display)' failed
Unable to init server: Could not connect: Connection refused

(DataCollector_Deterministic.py:3825661): Gdk-CRITICAL **: 08:47:14.273: gdk_cursor_new_for_display: assertion 'GDK_IS_DISPLAY (display)' failed
Unable to init server: Could not connect: Connection refused

(DataCollector_Deterministic.py:3825560): Gdk-CRITICAL **: 08:47:14.277: gdk_cursor_new_for_display: assertion 'GDK_IS_DISPLAY (display)' failed
Unable to init server: Could not connect: Connection refused

(DataCollector_Deterministic.py:3825582): Gdk-CRITICAL **: 08:47:14.281: gdk_cursor_new_for_display: assertion 'GDK_IS_DISPLAY (display)' failed
Unable to init server: Could not connect: Connection refused

(DataCollector_Deterministic.py:3825481): Gdk-CRITICAL **: 08:47:14.285: gdk_cursor_new_for_display: assertion 'GDK_IS_DISPLAY (display)' failed
Unable to init server: Could not connect: Connection refused

(DataCollector_Deterministic.py:3825587): Gdk-CRITICAL **: 08:47:14.289: gdk_cursor_new_for_display: assertion 'GDK_IS_DISPLAY (display)' failed
Unable to init server: Could not connect: Connection refused

(DataCollector_Deterministic.py:3825502): Gdk-CRITICAL **: 08:47:14.293: gdk_cursor_new_for_display: assertion 'GDK_IS_DISPLAY (display)' failed
Unable to init server: Could not connect: Connection refused

(DataCollector_Deterministic.py:3825344): Gdk-CRITICAL **: 08:47:14.297: gdk_cursor_new_for_display: assertion 'GDK_IS_DISPLAY (display)' failed
Unable to init server: Could not connect: Connection refused

(DataCollector_Deterministic.py:3825579): Gdk-CRITICAL **: 08:47:14.301: gdk_cursor_new_for_display: assertion 'GDK_IS_DISPLAY (display)' failed
Unable to init server: Could not connect: Connection refused

(DataCollector_Deterministic.py:3825340): Gdk-CRITICAL **: 08:47:14.305: gdk_cursor_new_for_display: assertion 'GDK_IS_DISPLAY (display)' failed
Unable to init server: Could not connect: Connection refused

(DataCollector_Deterministic.py:3825589): Gdk-CRITICAL **: 08:47:14.310: gdk_cursor_new_for_display: assertion 'GDK_IS_DISPLAY (display)' failed
Unable to init server: Could not connect: Connection refused

(DataCollector_Deterministic.py:3825443): Gdk-CRITICAL **: 08:47:14.313: gdk_cursor_new_for_display: assertion 'GDK_IS_DISPLAY (display)' failed
Unable to init server: Could not connect: Connection refused

(DataCollector_Deterministic.py:3825342): Gdk-CRITICAL **: 08:47:14.317: gdk_cursor_new_for_display: assertion 'GDK_IS_DISPLAY (display)' failed
Unable to init server: Could not connect: Connection refused

(DataCollector_Deterministic.py:3825669): Gdk-CRITICAL **: 08:47:14.322: gdk_cursor_new_for_display: assertion 'GDK_IS_DISPLAY (display)' failed
Unable to init server: Could not connect: Connection refused

(DataCollector_Deterministic.py:3825547): Gdk-CRITICAL **: 08:47:14.325: gdk_cursor_new_for_display: assertion 'GDK_IS_DISPLAY (display)' failed
Unable to init server: Could not connect: Connection refused

(DataCollector_Deterministic.py:3825688): Gdk-CRITICAL **: 08:47:14.329: gdk_cursor_new_for_display: assertion 'GDK_IS_DISPLAY (display)' failed
Unable to init server: Could not connect: Connection refused

(DataCollector_Deterministic.py:3825693): Gdk-CRITICAL **: 08:47:14.333: gdk_cursor_new_for_display: assertion 'GDK_IS_DISPLAY (display)' failed
Unable to init server: Could not connect: Connection refused

(DataCollector_Deterministic.py:3825495): Gdk-CRITICAL **: 08:47:14.345: gdk_cursor_new_for_display: assertion 'GDK_IS_DISPLAY (display)' failed
Unable to init server: Could not connect: Connection refused

(DataCollector_Deterministic.py:3825517): Gdk-CRITICAL **: 08:47:14.350: gdk_cursor_new_for_display: assertion 'GDK_IS_DISPLAY (display)' failed
Unable to init server: Could not connect: Connection refused

(DataCollector_Deterministic.py:3825459): Gdk-CRITICAL **: 08:47:14.354: gdk_cursor_new_for_display: assertion 'GDK_IS_DISPLAY (display)' failed
Unable to init server: Could not connect: Connection refused

(DataCollector_Deterministic.py:3825418): Gdk-CRITICAL **: 08:47:14.357: gdk_cursor_new_for_display: assertion 'GDK_IS_DISPLAY (display)' failed
Unable to init server: Could not connect: Connection refused

(DataCollector_Deterministic.py:3825377): Gdk-CRITICAL **: 08:47:14.362: gdk_cursor_new_for_display: assertion 'GDK_IS_DISPLAY (display)' failed
Unable to init server: Could not connect: Connection refused

(DataCollector_Deterministic.py:3825651): Gdk-CRITICAL **: 08:47:14.365: gdk_cursor_new_for_display: assertion 'GDK_IS_DISPLAY (display)' failed
Unable to init server: Could not connect: Connection refused

(DataCollector_Deterministic.py:3825525): Gdk-CRITICAL **: 08:47:14.373: gdk_cursor_new_for_display: assertion 'GDK_IS_DISPLAY (display)' failed
Unable to init server: Could not connect: Connection refused

(DataCollector_Deterministic.py:3825346): Gdk-CRITICAL **: 08:47:14.377: gdk_cursor_new_for_display: assertion 'GDK_IS_DISPLAY (display)' failed
Unable to init server: Could not connect: Connection refused

(DataCollector_Deterministic.py:3825386): Gdk-CRITICAL **: 08:47:14.381: gdk_cursor_new_for_display: assertion 'GDK_IS_DISPLAY (display)' failed
Unable to init server: Could not connect: Connection refused

(DataCollector_Deterministic.py:3825330): Gdk-CRITICAL **: 08:47:14.385: gdk_cursor_new_for_display: assertion 'GDK_IS_DISPLAY (display)' failed
Unable to init server: Could not connect: Connection refused

(DataCollector_Deterministic.py:3825657): Gdk-CRITICAL **: 08:47:14.390: gdk_cursor_new_for_display: assertion 'GDK_IS_DISPLAY (display)' failed
Unable to init server: Could not connect: Connection refused

(DataCollector_Deterministic.py:3825708): Gdk-CRITICAL **: 08:47:14.427: gdk_cursor_new_for_display: assertion 'GDK_IS_DISPLAY (display)' failed

(DataCollector_Deterministic.py:3825717): Gdk-CRITICAL **: 08:47:14.429: gdk_cursor_new_for_display: assertion 'GDK_IS_DISPLAY (display)' failed
Unable to init server: Could not connect: Connection refused

(DataCollector_Deterministic.py:3825449): Gdk-CRITICAL **: 08:47:14.442: gdk_cursor_new_for_display: assertion 'GDK_IS_DISPLAY (display)' failed
Unable to init server: Could not connect: Connection refused

(DataCollector_Deterministic.py:3825627): Gdk-CRITICAL **: 08:47:14.446: gdk_cursor_new_for_display: assertion 'GDK_IS_DISPLAY (display)' failed
Unable to init server: Could not connect: Connection refused

(DataCollector_Deterministic.py:3825410): Gdk-CRITICAL **: 08:47:14.450: gdk_cursor_new_for_display: assertion 'GDK_IS_DISPLAY (display)' failed
Unable to init server: Could not connect: Connection refused

(DataCollector_Deterministic.py:3825328): Gdk-CRITICAL **: 08:47:14.453: gdk_cursor_new_for_display: assertion 'GDK_IS_DISPLAY (display)' failed
Unable to init server: Could not connect: Connection refused

(DataCollector_Deterministic.py:3825567): Gdk-CRITICAL **: 08:47:14.458: gdk_cursor_new_for_display: assertion 'GDK_IS_DISPLAY (display)' failed
Unable to init server: Could not connect: Connection refused

(DataCollector_Deterministic.py:3825555): Gdk-CRITICAL **: 08:47:14.461: gdk_cursor_new_for_display: assertion 'GDK_IS_DISPLAY (display)' failed
Unable to init server: Could not connect: Connection refused

(DataCollector_Deterministic.py:3825615): Gdk-CRITICAL **: 08:47:14.466: gdk_cursor_new_for_display: assertion 'GDK_IS_DISPLAY (display)' failed
Unable to init server: Could not connect: Connection refused

(DataCollector_Deterministic.py:3825597): Gdk-CRITICAL **: 08:47:14.470: gdk_cursor_new_for_display: assertion 'GDK_IS_DISPLAY (display)' failed
Unable to init server: Could not connect: Connection refused

(DataCollector_Deterministic.py:3825621): Gdk-CRITICAL **: 08:47:14.473: gdk_cursor_new_for_display: assertion 'GDK_IS_DISPLAY (display)' failed
Unable to init server: Could not connect: Connection refused

(DataCollector_Deterministic.py:3825679): Gdk-CRITICAL **: 08:47:14.477: gdk_cursor_new_for_display: assertion 'GDK_IS_DISPLAY (display)' failed
Unable to init server: Could not connect: Connection refused

(DataCollector_Deterministic.py:3825563): Gdk-CRITICAL **: 08:47:14.482: gdk_cursor_new_for_display: assertion 'GDK_IS_DISPLAY (display)' failed
Unable to init server: Could not connect: Connection refused

(DataCollector_Deterministic.py:3825355): Gdk-CRITICAL **: 08:47:14.485: gdk_cursor_new_for_display: assertion 'GDK_IS_DISPLAY (display)' failed
Unable to init server: Could not connect: Connection refused

(DataCollector_Deterministic.py:3825697): Gdk-CRITICAL **: 08:47:14.490: gdk_cursor_new_for_display: assertion 'GDK_IS_DISPLAY (display)' failed
Unable to init server: Could not connect: Connection refused

(DataCollector_Deterministic.py:3825507): Gdk-CRITICAL **: 08:47:14.493: gdk_cursor_new_for_display: assertion 'GDK_IS_DISPLAY (display)' failed
Unable to init server: Could not connect: Connection refused

(DataCollector_Deterministic.py:3825571): Gdk-CRITICAL **: 08:47:14.497: gdk_cursor_new_for_display: assertion 'GDK_IS_DISPLAY (display)' failed
Unable to init server: Could not connect: Connection refused

(DataCollector_Deterministic.py:3825336): Gdk-CRITICAL **: 08:47:14.501: gdk_cursor_new_for_display: assertion 'GDK_IS_DISPLAY (display)' failed
Unable to init server: Could not connect: Connection refused

(DataCollector_Deterministic.py:3825476): Gdk-CRITICAL **: 08:47:14.506: gdk_cursor_new_for_display: assertion 'GDK_IS_DISPLAY (display)' failed
Unable to init server: Could not connect: Connection refused

(DataCollector_Deterministic.py:3825711): Gdk-CRITICAL **: 08:47:14.510: gdk_cursor_new_for_display: assertion 'GDK_IS_DISPLAY (display)' failed
Unable to init server: Could not connect: Connection refused

(DataCollector_Deterministic.py:3825463): Gdk-CRITICAL **: 08:47:14.513: gdk_cursor_new_for_display: assertion 'GDK_IS_DISPLAY (display)' failed
Unable to init server: Could not connect: Connection refused

(DataCollector_Deterministic.py:3825349): Gdk-CRITICAL **: 08:47:14.518: gdk_cursor_new_for_display: assertion 'GDK_IS_DISPLAY (display)' failed
Unable to init server: Could not connect: Connection refused

(DataCollector_Deterministic.py:3825362): Gdk-CRITICAL **: 08:47:14.522: gdk_cursor_new_for_display: assertion 'GDK_IS_DISPLAY (display)' failed
Unable to init server: Could not connect: Connection refused

(DataCollector_Deterministic.py:3825521): Gdk-CRITICAL **: 08:47:14.525: gdk_cursor_new_for_display: assertion 'GDK_IS_DISPLAY (display)' failed
Unable to init server: Could not connect: Connection refused

(DataCollector_Deterministic.py:3825469): Gdk-CRITICAL **: 08:47:14.530: gdk_cursor_new_for_display: assertion 'GDK_IS_DISPLAY (display)' failed
Unable to init server: Could not connect: Connection refused

(DataCollector_Deterministic.py:3825432): Gdk-CRITICAL **: 08:47:14.534: gdk_cursor_new_for_display: assertion 'GDK_IS_DISPLAY (display)' failed
Unable to init server: Could not connect: Connection refused

(DataCollector_Deterministic.py:3825603): Gdk-CRITICAL **: 08:47:14.538: gdk_cursor_new_for_display: assertion 'GDK_IS_DISPLAY (display)' failed
Unable to init server: Could not connect: Connection refused

(DataCollector_Deterministic.py:3825479): Gdk-CRITICAL **: 08:47:14.541: gdk_cursor_new_for_display: assertion 'GDK_IS_DISPLAY (display)' failed
Unable to init server: Could not connect: Connection refused

(DataCollector_Deterministic.py:3825513): Gdk-CRITICAL **: 08:47:14.546: gdk_cursor_new_for_display: assertion 'GDK_IS_DISPLAY (display)' failed
Unable to init server: Could not connect: Connection refused

(DataCollector_Deterministic.py:3825575): Gdk-CRITICAL **: 08:47:14.550: gdk_cursor_new_for_display: assertion 'GDK_IS_DISPLAY (display)' failed
Unable to init server: Could not connect: Connection refused

(DataCollector_Deterministic.py:3825703): Gdk-CRITICAL **: 08:47:14.554: gdk_cursor_new_for_display: assertion 'GDK_IS_DISPLAY (display)' failed
Unable to init server: Could not connect: Connection refused

(DataCollector_Deterministic.py:3825694): Gdk-CRITICAL **: 08:47:14.558: gdk_cursor_new_for_display: assertion 'GDK_IS_DISPLAY (display)' failed
Unable to init server: Could not connect: Connection refused

(DataCollector_Deterministic.py:3825667): Gdk-CRITICAL **: 08:47:14.562: gdk_cursor_new_for_display: assertion 'GDK_IS_DISPLAY (display)' failed
Unable to init server: Could not connect: Connection refused

(DataCollector_Deterministic.py:3825453): Gdk-CRITICAL **: 08:47:14.565: gdk_cursor_new_for_display: assertion 'GDK_IS_DISPLAY (display)' failed
Unable to init server: Could not connect: Connection refused

(DataCollector_Deterministic.py:3825414): Gdk-CRITICAL **: 08:47:14.570: gdk_cursor_new_for_display: assertion 'GDK_IS_DISPLAY (display)' failed
Unable to init server: Could not connect: Connection refused

(DataCollector_Deterministic.py:3825422): Gdk-CRITICAL **: 08:47:14.573: gdk_cursor_new_for_display: assertion 'GDK_IS_DISPLAY (display)' failed
Unable to init server: Could not connect: Connection refused

(DataCollector_Deterministic.py:3825485): Gdk-CRITICAL **: 08:47:14.578: gdk_cursor_new_for_display: assertion 'GDK_IS_DISPLAY (display)' failed
Unable to init server: Could not connect: Connection refused

(DataCollector_Deterministic.py:3825499): Gdk-CRITICAL **: 08:47:14.586: gdk_cursor_new_for_display: assertion 'GDK_IS_DISPLAY (display)' failed
Unable to init server: Could not connect: Connection refused

(DataCollector_Deterministic.py:3825645): Gdk-CRITICAL **: 08:47:14.590: gdk_cursor_new_for_display: assertion 'GDK_IS_DISPLAY (display)' failed
Unable to init server: Could not connect: Connection refused

(DataCollector_Deterministic.py:3825529): Gdk-CRITICAL **: 08:47:14.594: gdk_cursor_new_for_display: assertion 'GDK_IS_DISPLAY (display)' failed
Unable to init server: Could not connect: Connection refused

(DataCollector_Deterministic.py:3825437): Gdk-CRITICAL **: 08:47:14.597: gdk_cursor_new_for_display: assertion 'GDK_IS_DISPLAY (display)' failed
Unable to init server: Could not connect: Connection refused

(DataCollector_Deterministic.py:3825702): Gdk-CRITICAL **: 08:47:14.602: gdk_cursor_new_for_display: assertion 'GDK_IS_DISPLAY (display)' failed
Unable to init server: Could not connect: Connection refused

(DataCollector_Deterministic.py:3825665): Gdk-CRITICAL **: 08:47:14.605: gdk_cursor_new_for_display: assertion 'GDK_IS_DISPLAY (display)' failed
Unable to init server: Could not connect: Connection refused

(DataCollector_Deterministic.py:3825543): Gdk-CRITICAL **: 08:47:14.610: gdk_cursor_new_for_display: assertion 'GDK_IS_DISPLAY (display)' failed
Unable to init server: Could not connect: Connection refused

(DataCollector_Deterministic.py:3825539): Gdk-CRITICAL **: 08:47:14.613: gdk_cursor_new_for_display: assertion 'GDK_IS_DISPLAY (display)' failed
Unable to init server: Could not connect: Connection refused

(DataCollector_Deterministic.py:3825457): Gdk-CRITICAL **: 08:47:14.618: gdk_cursor_new_for_display: assertion 'GDK_IS_DISPLAY (display)' failed
Unable to init server: Could not connect: Connection refused

(DataCollector_Deterministic.py:3825332): Gdk-CRITICAL **: 08:47:14.622: gdk_cursor_new_for_display: assertion 'GDK_IS_DISPLAY (display)' failed
Unable to init server: Could not connect: Connection refused

(DataCollector_Deterministic.py:3825334): Gdk-CRITICAL **: 08:47:14.626: gdk_cursor_new_for_display: assertion 'GDK_IS_DISPLAY (display)' failed
Unable to init server: Could not connect: Connection refused

(DataCollector_Deterministic.py:3825551): Gdk-CRITICAL **: 08:47:14.630: gdk_cursor_new_for_display: assertion 'GDK_IS_DISPLAY (display)' failed
Unable to init server: Could not connect: Connection refused

(DataCollector_Deterministic.py:3825407): Gdk-CRITICAL **: 08:47:14.642: gdk_cursor_new_for_display: assertion 'GDK_IS_DISPLAY (display)' failed
Unable to init server: Could not connect: Connection refused

(DataCollector_Deterministic.py:3825535): Gdk-CRITICAL **: 08:47:14.743: gdk_cursor_new_for_display: assertion 'GDK_IS_DISPLAY (display)' failed
Unable to init server: Could not connect: Connection refused

(DataCollector_Deterministic.py:3825338): Gdk-CRITICAL **: 08:47:14.798: gdk_cursor_new_for_display: assertion 'GDK_IS_DISPLAY (display)' failed
Initalising...
Running Sim...

Data Dump...
Initalising...
Running Sim...
.Initalising...
Running Sim...
.Initalising...
Running Sim...
.Initalising...
Running Sim...
.Initalising...
Running Sim...

Data Dump...
Initalising...
Running Sim...
.Initalising...
Running Sim...

Data Dump...
Initalising...
Running Sim...

Data Dump...
Initalising...
Running Sim...
.Initalising...
Running Sim...

Data Dump...
Initalising...
Running Sim...

Data Dump...
Initalising...
Running Sim...

Data Dump...
Initalising...
Running Sim...

Data Dump...
Initalising...
Running Sim...

Data Dump...
Initalising...
Running Sim...

Data Dump...
Initalising...
Running Sim...
.Initalising...
Running Sim...
.Initalising...
Running Sim...
.Initalising...
Running Sim...
.Initalising...
Running Sim...
.Initalising...
Running Sim...
.Initalising...
Running Sim...
.Initalising...
Running Sim...
.Initalising...
Running Sim...
.Initalising...
Running Sim...
.Initalising...
Running Sim...
.Initalising...
Running Sim...
.Initalising...
Running Sim...
.Initalising...
Running Sim...
.Initalising...
Running Sim...
.Initalising...
Running Sim...
.Initalising...
Running Sim...
.Initalising...
Running Sim...
.Initalising...
Running Sim...
.Initalising...
Running Sim...
.Initalising...
Running Sim...
.Initalising...
Running Sim...
.Initalising...
Running Sim...
.Initalising...
Running Sim...
.Initalising...
Running Sim...
.Initalising...
Running Sim...
.Initalising...
Running Sim...
.Initalising...
Running Sim...
.Initalising...
Running Sim...
.Initalising...
Running Sim...
.Initalising...
Running Sim...
.Initalising...
Running Sim...
.Initalising...
Running Sim...
.Initalising...
Running Sim...
.Initalising...
Running Sim...
.Initalising...
Running Sim...
.Initalising...
Running Sim...
.Initalising...
Running Sim...
.Initalising...
Running Sim...
.Initalising...
Running Sim...
.Initalising...
Running Sim...
.Initalising...
Running Sim...
.Initalising...
Running Sim...
.Initalising...
Running Sim...
.Initalising...
Running Sim...
.Initalising...
Running Sim...
.Initalising...
Running Sim...
.Initalising...
Running Sim...
.Initalising...
Running Sim...
.Initalising...
Running Sim...
.Initalising...
Running Sim...
.Initalising...
Running Sim...
.Initalising...
Running Sim...
.Initalising...
Running Sim...
.Initalising...
Running Sim...
.Initalising...
Running Sim...
.Initalising...
Running Sim...
.Initalising...
Running Sim...
.Initalising...
Running Sim...
.Initalising...
Running Sim...
.Initalising...
Running Sim...
.Initalising...
Running Sim...
.Initalising...
Running Sim...
.Initalising...
Running Sim...
..Initalising...
Running Sim...
.Initalising...
Running Sim...
.Initalising...
Running Sim...
....................................................................................................................................................................................................................................................................................................................................................................................................................................................................................................................................................................................................................................................................
[1738 9814]
.
[1740 9815]
.
[1759 9808]
.
[1683 9804]
.
[1715 9822]
.
[1743 9806]
.
[1737 9796]
.
[1712 9789]
.
[1699 9806]
.
[1662 9831]
.
[1763 9755]
.
[1682 9809]
.
[1706 9784]
.
[1726 9787]
.
[1731 9777]
.
[1754 9807]
.
[1818 9731]
.
[1722 9823]
.
[1771 9779]
.
[1799 9735]
.
[1875 9612]
.
[1768 9737]
.
[1744 9773]
.
[1779 9709]
.
[1919 9511]
..
[1724 9794]
.
[1804 9669]
.
[1795 9767]
.
[1843 9676]
.
[1851 9581]
.
[1746 9760]
.
[1754 9833]
.
[1914 9528]
.
[1759 9706]
.
[1740 9750]
.
[1804 9726]
.
[1851 9667]
.
[1879 9626]
.
[1859 9606]
.
[1717 9816]
.
[2092 9286]
.
[1905 9565]
.
[1711 9800]
.
[1749 9783]
.
[1755 9758]
.
[1956 9525]
.
[1692 9800]
.
[1740 9718]
..
[1723 9798]
.
[1858 9587]
.
[1714 9784]
.
[2211 9125]
.
[1965 9419]
.
[1749 9778]
.
[1717 9810]
.
[1794 9691]
.
[2299 9025]
..
[2651 8539]
..
[2084 9255]
.
[2685 8506]
.
[2309 8952]
.
[2515 8679]
.
[2463 8793]
..
[2436 8787]
...
[2815 8310]
.
[2649 8538]
....
[3024 8153]
..............
[3210 7861]
..................................................
[4448 6416]
.............
[5552 5204]
............................
[4809 5947]
...
[5001 5759]
.......................................................................................................................................................................................................................
Data Dump...

Data Dump...
...
Data Dump...
....
Data Dump...
....
Data Dump...
...
Data Dump...
..........................................................................
[  48 7799]
............................................................
[  73 6790]
...................................
[  64 6197]
.
[  66 6116]
.........
[  66 6068]
.....
[  65 5950]
...............
[  83 6111]
.
[  78 5748]
.
[  99 5733]
.....
[ 101 5812]
...
[  94 5569]
.......
[ 101 5722]
..
[  96 5754]
..............
[ 115 5396]
..
[  81 5386]
.............
[ 114 5238]
......
[ 124 5249]
..
[ 152 4973]
...............
[ 175 4769]
..
[ 159 5173]
.......
[ 163 4833]
.
[ 126 4901]
.
[ 164 4652]
..
[ 169 4788]
....
[ 126 4896]
...........
[ 210 4149]
....
[ 207 4466]
....
[ 172 4467]
....
[ 209 4426]
.
[ 202 4197]
....
[ 182 4451]
........
[ 234 4194]
.........
[ 243 4167]
..
[ 253 3819]
..
[ 235 4279]
.
[ 261 4161]
.
[ 240 4127]
.................
[ 271 4000]
..
[ 348 3550]
...
[ 320 3535]
.....................
[ 358 3386]
........
[ 435 3186]
.
[ 443 3371]
..
[ 380 3181]
......................
[ 509 2913]
.
[ 456 2897]
...........
[ 431 3322]
......
[ 498 3142]
........
[ 652 2469]
.
[ 613 2651]
..............................
[ 710 2240]
...
[ 576 3011]
.....
[ 858 2034]
........
[ 636 2642]
.
[ 689 2488]
...
[ 808 2250]
.............................
[ 806 2290]
..
[ 852 2380]
..
[ 48 997]
.
[1135 1608]
...
[ 978 2082]
.............
[ 992 1730]
.
[1181 1506]
.....................................................................................
[2222  542]
......
[1919  635]
..............
[2042  515]
.
[ 57 764]
.......
[2072  493]
....................................................
[ 43 610]
..........
[ 43 542]
......................
[ 32 525]
.
[ 41 549]
..............
Data Dump...
........
[ 48 600]
........
[ 70 476]
.
[ 49 415]
........
[ 59 424]
....
[ 58 566]
...........
[ 48 398]
...........
[ 51 437]
........................
[ 63 458]
..................
[ 57 393]
.................
[ 60 370]
..
[ 40 193]
...........
[ 63 285]
....
[ 67 533]
........................
[ 57 300]
....
Data Dump...
.
[ 41 295]
..
[ 62 186]
.
[ 72 153]
............
[ 51 205]
..........................
[ 54 192]
....
[70 46]
......
[ 69 231]
..
[ 51 221]
.........................
Data Dump...
......
[ 61 166]
..
[56 78]
.
[ 65 222]
..
Data Dump...
........
[ 83 126]
.
[ 63 185]
..
[ 69 174]
.....
[ 65 241]
.....
[ 77 165]
.........
[ 85 139]
............
Data Dump...
.
[69 24]
.
Data Dump...
..............
[82 38]
......
Data Dump...

[74 48]
...
Data Dump...
.............
Data Dump...
...
Data Dump...
......
Data Dump...
...........
[82 36]
...
[80 43]
.....
Data Dump...

[87 56]
....
Data Dump...
.
[78 22]
...........................
Data Dump...
.
[80 21]
.
[78 19]
..........
[81 91]
......
[79 93]
...
Data Dump...
................
[96 13]
.............
Data Dump...

[92 19]
....
Data Dump...
..
Data Dump...
..
Data Dump...
..............
[96 11]
.............
Data Dump...
.
[98  8]
.......
[81 83]
...
[111  40]
....
Data Dump...
...
Data Dump...
.
[80 51]
....
Data Dump...
......
[89 38]
...
Data Dump...
.................
Data Dump...
.
[86 96]
....
Data Dump...
..
Data Dump...
...
Data Dump...
.
[119  10]
....
[112  24]
......
[88 32]
....
[123  12]
..............
[117  11]
.
Data Dump...
.
Data Dump...
.
Data Dump...
.......
Data Dump...

Data Dump...
.
Data Dump...
.
Data Dump...
.......
Data Dump...
.........
Data Dump...
..........
Data Dump...
....
Data Dump...
.........
Data Dump...
....
[144  24]
.......
[133   9]
..........
Data Dump...
.
Data Dump...

Data Dump...
......
Data Dump...

[151  11]
...
[120   9]
...........
Data Dump...
......
Data Dump...

Data Dump...
.
Data Dump...
........
Data Dump...
.....
Data Dump...
................
Data Dump...

Data Dump...
.....
Data Dump...

Data Dump...
.....
Data Dump...
..
Data Dump...
.....
Data Dump...
.....
Data Dump...
..
Data Dump...
.
Data Dump...

Data Dump...

Data Dump...
...........
Data Dump...
.
Data Dump...
..
Data Dump...

Data Dump...
Low 1 1
Done
slurmstepd-phcompute025: error: Detected 18 oom-kill event(s) in StepId=824566.batch. Some of your processes may have been killed by the cgroup out-of-memory handler.
