Unable to init server: Could not connect: Connection refused
Unable to init server: Could not connect: Connection refused

(DataCollector_Deterministic.py:110521): Gdk-CRITICAL **: 08:14:14.961: gdk_cursor_new_for_display: assertion 'GDK_IS_DISPLAY (display)' failed
Unable to init server: Could not connect: Connection refused
Unable to init server: Could not connect: Connection refused
Unable to init server: Could not connect: Connection refused

(DataCollector_Deterministic.py:111083): Gdk-CRITICAL **: 08:14:42.454: gdk_cursor_new_for_display: assertion 'GDK_IS_DISPLAY (display)' failed
Unable to init server: Could not connect: Connection refused
Unable to init server: Could not connect: Connection refused

(DataCollector_Deterministic.py:110799): Gdk-CRITICAL **: 08:14:42.716: gdk_cursor_new_for_display: assertion 'GDK_IS_DISPLAY (display)' failed
Unable to init server: Could not connect: Connection refused
Unable to init server: Could not connect: Connection refused
Unable to init server: Could not connect: Connection refused
Unable to init server: Could not connect: Connection refused
Unable to init server: Could not connect: Connection refused
Unable to init server: Could not connect: Connection refused
Unable to init server: Could not connect: Connection refused
Unable to init server: Could not connect: Connection refused
Unable to init server: Could not connect: Connection refused
Unable to init server: Could not connect: Connection refused
Unable to init server: Could not connect: Connection refused
Unable to init server: Could not connect: Connection refused
Unable to init server: Could not connect: Connection refused
Unable to init server: Could not connect: Connection refused
Unable to init server: Could not connect: Connection refused
Unable to init server: Could not connect: Connection refused
Unable to init server: Could not connect: Connection refused
Unable to init server: Could not connect: Connection refused
Unable to init server: Could not connect: Connection refused

(DataCollector_Deterministic.py:110990): Gdk-CRITICAL **: 08:14:44.045: gdk_cursor_new_for_display: assertion 'GDK_IS_DISPLAY (display)' failed

(DataCollector_Deterministic.py:111567): Gdk-CRITICAL **: 08:14:44.047: gdk_cursor_new_for_display: assertion 'GDK_IS_DISPLAY (display)' failed
Unable to init server: Could not connect: Connection refused

(DataCollector_Deterministic.py:110930): Gdk-CRITICAL **: 08:14:44.088: gdk_cursor_new_for_display: assertion 'GDK_IS_DISPLAY (display)' failed
Unable to init server: Could not connect: Connection refused

(DataCollector_Deterministic.py:111861): Gdk-CRITICAL **: 08:14:44.111: gdk_cursor_new_for_display: assertion 'GDK_IS_DISPLAY (display)' failed
Unable to init server: Could not connect: Connection refused

(DataCollector_Deterministic.py:111912): Gdk-CRITICAL **: 08:14:44.130: gdk_cursor_new_for_display: assertion 'GDK_IS_DISPLAY (display)' failed
Unable to init server: Could not connect: Connection refused
Unable to init server: Could not connect: Connection refused
Unable to init server: Could not connect: Connection refused
Unable to init server: Could not connect: Connection refused
Unable to init server: Could not connect: Connection refused

(DataCollector_Deterministic.py:111895): Gdk-CRITICAL **: 08:14:44.560: gdk_cursor_new_for_display: assertion 'GDK_IS_DISPLAY (display)' failed

(DataCollector_Deterministic.py:111731): Gdk-CRITICAL **: 08:14:44.574: gdk_cursor_new_for_display: assertion 'GDK_IS_DISPLAY (display)' failed
Unable to init server: Could not connect: Connection refused

(DataCollector_Deterministic.py:111469): Gdk-CRITICAL **: 08:14:44.591: gdk_cursor_new_for_display: assertion 'GDK_IS_DISPLAY (display)' failed

(DataCollector_Deterministic.py:111201): Gdk-CRITICAL **: 08:14:44.581: gdk_cursor_new_for_display: assertion 'GDK_IS_DISPLAY (display)' failed
Unable to init server: Could not connect: Connection refused

(DataCollector_Deterministic.py:111183): Gdk-CRITICAL **: 08:14:44.595: gdk_cursor_new_for_display: assertion 'GDK_IS_DISPLAY (display)' failed

(DataCollector_Deterministic.py:111453): Gdk-CRITICAL **: 08:14:44.598: gdk_cursor_new_for_display: assertion 'GDK_IS_DISPLAY (display)' failed

(DataCollector_Deterministic.py:111765): Gdk-CRITICAL **: 08:14:44.603: gdk_cursor_new_for_display: assertion 'GDK_IS_DISPLAY (display)' failed
Unable to init server: Could not connect: Connection refused

(DataCollector_Deterministic.py:111118): Gdk-CRITICAL **: 08:14:44.610: gdk_cursor_new_for_display: assertion 'GDK_IS_DISPLAY (display)' failed
Unable to init server: Could not connect: Connection refused

(DataCollector_Deterministic.py:111815): Gdk-CRITICAL **: 08:14:44.614: gdk_cursor_new_for_display: assertion 'GDK_IS_DISPLAY (display)' failed
Unable to init server: Could not connect: Connection refused

(DataCollector_Deterministic.py:111554): Gdk-CRITICAL **: 08:14:44.629: gdk_cursor_new_for_display: assertion 'GDK_IS_DISPLAY (display)' failed
Unable to init server: Could not connect: Connection refused

(DataCollector_Deterministic.py:110506): Gdk-CRITICAL **: 08:14:44.672: gdk_cursor_new_for_display: assertion 'GDK_IS_DISPLAY (display)' failed
Unable to init server: Could not connect: Connection refused

(DataCollector_Deterministic.py:110131): Gdk-CRITICAL **: 08:14:44.722: gdk_cursor_new_for_display: assertion 'GDK_IS_DISPLAY (display)' failed
Unable to init server: Could not connect: Connection refused
Unable to init server: Could not connect: Connection refused

(DataCollector_Deterministic.py:111093): Gdk-CRITICAL **: 08:14:44.814: gdk_cursor_new_for_display: assertion 'GDK_IS_DISPLAY (display)' failed
Traceback (most recent call last):
  File "/usr/lib/python3.8/runpy.py", line 194, in _run_module_as_main
    return _run_code(code, main_globals, None,
  File "/usr/lib/python3.8/runpy.py", line 87, in _run_code
    exec(code, run_globals)
  File "/home/s1932078/Documents/MPhys_Project/SRI/src/data_extraction/DataCollector_Deterministic.py", line 24, in <module>
    execute = SIR(config_file=config_file_path)
  File "/home/s1932078/Documents/MPhys_Project/SRI/src/simulation/SIR_system.py", line 101, in __init__
    self.all_current_nbs = self.network_matrix()
  File "/home/s1932078/Documents/MPhys_Project/SRI/src/simulation/SIR_system.py", line 124, in network_matrix
    sparse = nx.to_scipy_sparse_array(self.G, format='csr')
  File "/home/s1932078/.local/lib/python3.8/site-packages/networkx/convert_matrix.py", line 593, in to_scipy_sparse_array
    A = sp.sparse.coo_array((d, (r, c)), shape=(nlen, nlen), dtype=dtype)
AttributeError: module 'scipy.sparse' has no attribute 'coo_array'
Initalising...
Traceback (most recent call last):
  File "/usr/lib/python3.8/runpy.py", line 194, in _run_module_as_main
    return _run_code(code, main_globals, None,
  File "/usr/lib/python3.8/runpy.py", line 87, in _run_code
    exec(code, run_globals)
  File "/home/s1932078/Documents/MPhys_Project/SRI/src/data_extraction/DataCollector_Deterministic.py", line 24, in <module>
    execute = SIR(config_file=config_file_path)
  File "/home/s1932078/Documents/MPhys_Project/SRI/src/simulation/SIR_system.py", line 101, in __init__
    self.all_current_nbs = self.network_matrix()
  File "/home/s1932078/Documents/MPhys_Project/SRI/src/simulation/SIR_system.py", line 124, in network_matrix
    sparse = nx.to_scipy_sparse_array(self.G, format='csr')
  File "/home/s1932078/.local/lib/python3.8/site-packages/networkx/convert_matrix.py", line 593, in to_scipy_sparse_array
    A = sp.sparse.coo_array((d, (r, c)), shape=(nlen, nlen), dtype=dtype)
AttributeError: module 'scipy.sparse' has no attribute 'coo_array'
Initalising...
Traceback (most recent call last):
  File "/usr/lib/python3.8/runpy.py", line 194, in _run_module_as_main
    return _run_code(code, main_globals, None,
  File "/usr/lib/python3.8/runpy.py", line 87, in _run_code
    exec(code, run_globals)
  File "/home/s1932078/Documents/MPhys_Project/SRI/src/data_extraction/DataCollector_Deterministic.py", line 24, in <module>
    execute = SIR(config_file=config_file_path)
  File "/home/s1932078/Documents/MPhys_Project/SRI/src/simulation/SIR_system.py", line 101, in __init__
    self.all_current_nbs = self.network_matrix()
  File "/home/s1932078/Documents/MPhys_Project/SRI/src/simulation/SIR_system.py", line 124, in network_matrix
    sparse = nx.to_scipy_sparse_array(self.G, format='csr')
  File "/home/s1932078/.local/lib/python3.8/site-packages/networkx/convert_matrix.py", line 593, in to_scipy_sparse_array
    A = sp.sparse.coo_array((d, (r, c)), shape=(nlen, nlen), dtype=dtype)
AttributeError: module 'scipy.sparse' has no attribute 'coo_array'
Initalising...
Traceback (most recent call last):
  File "/usr/lib/python3.8/runpy.py", line 194, in _run_module_as_main
    return _run_code(code, main_globals, None,
  File "/usr/lib/python3.8/runpy.py", line 87, in _run_code
    exec(code, run_globals)
  File "/home/s1932078/Documents/MPhys_Project/SRI/src/data_extraction/DataCollector_Deterministic.py", line 24, in <module>
    execute = SIR(config_file=config_file_path)
  File "/home/s1932078/Documents/MPhys_Project/SRI/src/simulation/SIR_system.py", line 101, in __init__
    self.all_current_nbs = self.network_matrix()
  File "/home/s1932078/Documents/MPhys_Project/SRI/src/simulation/SIR_system.py", line 124, in network_matrix
    sparse = nx.to_scipy_sparse_array(self.G, format='csr')
  File "/home/s1932078/.local/lib/python3.8/site-packages/networkx/convert_matrix.py", line 593, in to_scipy_sparse_array
    A = sp.sparse.coo_array((d, (r, c)), shape=(nlen, nlen), dtype=dtype)
AttributeError: module 'scipy.sparse' has no attribute 'coo_array'
Initalising...
Traceback (most recent call last):
  File "/usr/lib/python3.8/runpy.py", line 194, in _run_module_as_main
    return _run_code(code, main_globals, None,
  File "/usr/lib/python3.8/runpy.py", line 87, in _run_code
    exec(code, run_globals)
  File "/home/s1932078/Documents/MPhys_Project/SRI/src/data_extraction/DataCollector_Deterministic.py", line 24, in <module>
    execute = SIR(config_file=config_file_path)
  File "/home/s1932078/Documents/MPhys_Project/SRI/src/simulation/SIR_system.py", line 101, in __init__
    self.all_current_nbs = self.network_matrix()
  File "/home/s1932078/Documents/MPhys_Project/SRI/src/simulation/SIR_system.py", line 124, in network_matrix
    sparse = nx.to_scipy_sparse_array(self.G, format='csr')
  File "/home/s1932078/.local/lib/python3.8/site-packages/networkx/convert_matrix.py", line 593, in to_scipy_sparse_array
    A = sp.sparse.coo_array((d, (r, c)), shape=(nlen, nlen), dtype=dtype)
AttributeError: module 'scipy.sparse' has no attribute 'coo_array'
Initalising...
Traceback (most recent call last):
  File "/usr/lib/python3.8/runpy.py", line 194, in _run_module_as_main
    return _run_code(code, main_globals, None,
  File "/usr/lib/python3.8/runpy.py", line 87, in _run_code
    exec(code, run_globals)
  File "/home/s1932078/Documents/MPhys_Project/SRI/src/data_extraction/DataCollector_Deterministic.py", line 24, in <module>
    execute = SIR(config_file=config_file_path)
  File "/home/s1932078/Documents/MPhys_Project/SRI/src/simulation/SIR_system.py", line 101, in __init__
    self.all_current_nbs = self.network_matrix()
  File "/home/s1932078/Documents/MPhys_Project/SRI/src/simulation/SIR_system.py", line 124, in network_matrix
    sparse = nx.to_scipy_sparse_array(self.G, format='csr')
  File "/home/s1932078/.local/lib/python3.8/site-packages/networkx/convert_matrix.py", line 593, in to_scipy_sparse_array
    A = sp.sparse.coo_array((d, (r, c)), shape=(nlen, nlen), dtype=dtype)
AttributeError: module 'scipy.sparse' has no attribute 'coo_array'
Initalising...
Traceback (most recent call last):
  File "/usr/lib/python3.8/runpy.py", line 194, in _run_module_as_main
    return _run_code(code, main_globals, None,
  File "/usr/lib/python3.8/runpy.py", line 87, in _run_code
    exec(code, run_globals)
  File "/home/s1932078/Documents/MPhys_Project/SRI/src/data_extraction/DataCollector_Deterministic.py", line 24, in <module>
    execute = SIR(config_file=config_file_path)
  File "/home/s1932078/Documents/MPhys_Project/SRI/src/simulation/SIR_system.py", line 101, in __init__
    self.all_current_nbs = self.network_matrix()
  File "/home/s1932078/Documents/MPhys_Project/SRI/src/simulation/SIR_system.py", line 124, in network_matrix
    sparse = nx.to_scipy_sparse_array(self.G, format='csr')
  File "/home/s1932078/.local/lib/python3.8/site-packages/networkx/convert_matrix.py", line 593, in to_scipy_sparse_array
    A = sp.sparse.coo_array((d, (r, c)), shape=(nlen, nlen), dtype=dtype)
AttributeError: module 'scipy.sparse' has no attribute 'coo_array'
Initalising...
Traceback (most recent call last):
  File "/usr/lib/python3.8/runpy.py", line 194, in _run_module_as_main
    return _run_code(code, main_globals, None,
  File "/usr/lib/python3.8/runpy.py", line 87, in _run_code
    exec(code, run_globals)
  File "/home/s1932078/Documents/MPhys_Project/SRI/src/data_extraction/DataCollector_Deterministic.py", line 24, in <module>
    execute = SIR(config_file=config_file_path)
  File "/home/s1932078/Documents/MPhys_Project/SRI/src/simulation/SIR_system.py", line 101, in __init__
    self.all_current_nbs = self.network_matrix()
  File "/home/s1932078/Documents/MPhys_Project/SRI/src/simulation/SIR_system.py", line 124, in network_matrix
    sparse = nx.to_scipy_sparse_array(self.G, format='csr')
  File "/home/s1932078/.local/lib/python3.8/site-packages/networkx/convert_matrix.py", line 593, in to_scipy_sparse_array
    A = sp.sparse.coo_array((d, (r, c)), shape=(nlen, nlen), dtype=dtype)
AttributeError: module 'scipy.sparse' has no attribute 'coo_array'
Initalising...
Traceback (most recent call last):
  File "/usr/lib/python3.8/runpy.py", line 194, in _run_module_as_main
    return _run_code(code, main_globals, None,
  File "/usr/lib/python3.8/runpy.py", line 87, in _run_code
    exec(code, run_globals)
  File "/home/s1932078/Documents/MPhys_Project/SRI/src/data_extraction/DataCollector_Deterministic.py", line 24, in <module>
    execute = SIR(config_file=config_file_path)
  File "/home/s1932078/Documents/MPhys_Project/SRI/src/simulation/SIR_system.py", line 101, in __init__
    self.all_current_nbs = self.network_matrix()
  File "/home/s1932078/Documents/MPhys_Project/SRI/src/simulation/SIR_system.py", line 124, in network_matrix
    sparse = nx.to_scipy_sparse_array(self.G, format='csr')
  File "/home/s1932078/.local/lib/python3.8/site-packages/networkx/convert_matrix.py", line 593, in to_scipy_sparse_array
    A = sp.sparse.coo_array((d, (r, c)), shape=(nlen, nlen), dtype=dtype)
AttributeError: module 'scipy.sparse' has no attribute 'coo_array'
Initalising...
High 1 9
Done
slurmstepd-phcompute007: error: Detected 91 oom-kill event(s) in StepId=824514.batch. Some of your processes may have been killed by the cgroup out-of-memory handler.
