Unable to init server: Could not connect: Connection refused
Unable to init server: Could not connect: Connection refused
Unable to init server: Could not connect: Connection refused
Unable to init server: Could not connect: Connection refused
Unable to init server: Could not connect: Connection refused
Unable to init server: Could not connect: Connection refused
Unable to init server: Could not connect: Connection refused
Unable to init server: Could not connect: Connection refused
Unable to init server: Could not connect: Connection refused
Unable to init server: Could not connect: Connection refused
Unable to init server: Could not connect: Connection refused
Unable to init server: Could not connect: Connection refused
Unable to init server: Could not connect: Connection refused
Unable to init server: Could not connect: Connection refused
Unable to init server: Could not connect: Connection refused
Unable to init server: Could not connect: Connection refused
Unable to init server: Could not connect: Connection refused
Unable to init server: Could not connect: Connection refused
Unable to init server: Could not connect: Connection refused
Unable to init server: Could not connect: Connection refused
Unable to init server: Could not connect: Connection refused
Unable to init server: Could not connect: Connection refused
Unable to init server: Could not connect: Connection refused
Unable to init server: Could not connect: Connection refused
Unable to init server: Could not connect: Connection refused
Unable to init server: Could not connect: Connection refused
Unable to init server: Could not connect: Connection refused
Unable to init server: Could not connect: Connection refused
Unable to init server: Could not connect: Connection refused
Unable to init server: Could not connect: Connection refused
Unable to init server: Could not connect: Connection refused
Unable to init server: Could not connect: Connection refused
Unable to init server: Could not connect: Connection refused
Unable to init server: Could not connect: Connection refused
Unable to init server: Could not connect: Connection refused
Unable to init server: Could not connect: Connection refused
Unable to init server: Could not connect: Connection refused

(DataCollector_Deterministic.py:3824439): Gdk-CRITICAL **: 08:47:05.971: gdk_cursor_new_for_display: assertion 'GDK_IS_DISPLAY (display)' failed
Unable to init server: Could not connect: Connection refused
Unable to init server: Could not connect: Connection refused
Unable to init server: Could not connect: Connection refused
Unable to init server: Could not connect: Connection refused
Unable to init server: Could not connect: Connection refused

(DataCollector_Deterministic.py:3825077): Gdk-CRITICAL **: 08:47:06.155: gdk_cursor_new_for_display: assertion 'GDK_IS_DISPLAY (display)' failed
Unable to init server: Could not connect: Connection refused
Unable to init server: Could not connect: Connection refused

(DataCollector_Deterministic.py:3825033): Gdk-CRITICAL **: 08:47:06.163: gdk_cursor_new_for_display: assertion 'GDK_IS_DISPLAY (display)' failed
Unable to init server: Could not connect: Connection refused

(DataCollector_Deterministic.py:3825200): Gdk-CRITICAL **: 08:47:06.179: gdk_cursor_new_for_display: assertion 'GDK_IS_DISPLAY (display)' failed
Unable to init server: Could not connect: Connection refused

(DataCollector_Deterministic.py:3824244): Gdk-CRITICAL **: 08:47:06.215: gdk_cursor_new_for_display: assertion 'GDK_IS_DISPLAY (display)' failed
Unable to init server: Could not connect: Connection refused

(DataCollector_Deterministic.py:3824875): Gdk-CRITICAL **: 08:47:06.242: gdk_cursor_new_for_display: assertion 'GDK_IS_DISPLAY (display)' failed
Unable to init server: Could not connect: Connection refused

(DataCollector_Deterministic.py:3824268): Gdk-CRITICAL **: 08:47:06.250: gdk_cursor_new_for_display: assertion 'GDK_IS_DISPLAY (display)' failed
Unable to init server: Could not connect: Connection refused

(DataCollector_Deterministic.py:3824479): Gdk-CRITICAL **: 08:47:06.266: gdk_cursor_new_for_display: assertion 'GDK_IS_DISPLAY (display)' failed
Unable to init server: Could not connect: Connection refused

(DataCollector_Deterministic.py:3824840): Gdk-CRITICAL **: 08:47:06.270: gdk_cursor_new_for_display: assertion 'GDK_IS_DISPLAY (display)' failed
Unable to init server: Could not connect: Connection refused
Unable to init server: Could not connect: Connection refused
Unable to init server: Could not connect: Connection refused

(DataCollector_Deterministic.py:3824320): Gdk-CRITICAL **: 08:47:06.310: gdk_cursor_new_for_display: assertion 'GDK_IS_DISPLAY (display)' failed
Unable to init server: Could not connect: Connection refused

(DataCollector_Deterministic.py:3823877): Gdk-CRITICAL **: 08:47:06.318: gdk_cursor_new_for_display: assertion 'GDK_IS_DISPLAY (display)' failed
Unable to init server: Could not connect: Connection refused

(DataCollector_Deterministic.py:3824051): Gdk-CRITICAL **: 08:47:06.326: gdk_cursor_new_for_display: assertion 'GDK_IS_DISPLAY (display)' failed
Unable to init server: Could not connect: Connection refused

(DataCollector_Deterministic.py:3824176): Gdk-CRITICAL **: 08:47:06.363: gdk_cursor_new_for_display: assertion 'GDK_IS_DISPLAY (display)' failed
Unable to init server: Could not connect: Connection refused

(DataCollector_Deterministic.py:3824472): Gdk-CRITICAL **: 08:47:06.386: gdk_cursor_new_for_display: assertion 'GDK_IS_DISPLAY (display)' failed
Unable to init server: Could not connect: Connection refused

(DataCollector_Deterministic.py:3824496): Gdk-CRITICAL **: 08:47:06.399: gdk_cursor_new_for_display: assertion 'GDK_IS_DISPLAY (display)' failed
Unable to init server: Could not connect: Connection refused

(DataCollector_Deterministic.py:3823240): Gdk-CRITICAL **: 08:47:06.407: gdk_cursor_new_for_display: assertion 'GDK_IS_DISPLAY (display)' failed

(DataCollector_Deterministic.py:3823753): Gdk-CRITICAL **: 08:47:06.412: gdk_cursor_new_for_display: assertion 'GDK_IS_DISPLAY (display)' failed
Unable to init server: Could not connect: Connection refused

(DataCollector_Deterministic.py:3825013): Gdk-CRITICAL **: 08:47:06.418: gdk_cursor_new_for_display: assertion 'GDK_IS_DISPLAY (display)' failed

(DataCollector_Deterministic.py:3824003): Gdk-CRITICAL **: 08:47:06.425: gdk_cursor_new_for_display: assertion 'GDK_IS_DISPLAY (display)' failed
Unable to init server: Could not connect: Connection refused

(DataCollector_Deterministic.py:3824518): Gdk-CRITICAL **: 08:47:06.434: gdk_cursor_new_for_display: assertion 'GDK_IS_DISPLAY (display)' failed

(DataCollector_Deterministic.py:3823516): Gdk-CRITICAL **: 08:47:06.441: gdk_cursor_new_for_display: assertion 'GDK_IS_DISPLAY (display)' failed
Unable to init server: Could not connect: Connection refused

(DataCollector_Deterministic.py:3824659): Gdk-CRITICAL **: 08:47:06.497: gdk_cursor_new_for_display: assertion 'GDK_IS_DISPLAY (display)' failed

(DataCollector_Deterministic.py:3823920): Gdk-CRITICAL **: 08:47:06.504: gdk_cursor_new_for_display: assertion 'GDK_IS_DISPLAY (display)' failed
Unable to init server: Could not connect: Connection refused

(DataCollector_Deterministic.py:3824696): Gdk-CRITICAL **: 08:47:06.545: gdk_cursor_new_for_display: assertion 'GDK_IS_DISPLAY (display)' failed
Unable to init server: Could not connect: Connection refused

(DataCollector_Deterministic.py:3823901): Gdk-CRITICAL **: 08:47:06.557: gdk_cursor_new_for_display: assertion 'GDK_IS_DISPLAY (display)' failed
Unable to init server: Could not connect: Connection refused

(DataCollector_Deterministic.py:3824071): Gdk-CRITICAL **: 08:47:06.569: gdk_cursor_new_for_display: assertion 'GDK_IS_DISPLAY (display)' failed
Unable to init server: Could not connect: Connection refused

(DataCollector_Deterministic.py:3824020): Gdk-CRITICAL **: 08:47:06.581: gdk_cursor_new_for_display: assertion 'GDK_IS_DISPLAY (display)' failed
Unable to init server: Could not connect: Connection refused

(DataCollector_Deterministic.py:3824718): Gdk-CRITICAL **: 08:47:06.601: gdk_cursor_new_for_display: assertion 'GDK_IS_DISPLAY (display)' failed
Unable to init server: Could not connect: Connection refused

(DataCollector_Deterministic.py:3825181): Gdk-CRITICAL **: 08:47:06.609: gdk_cursor_new_for_display: assertion 'GDK_IS_DISPLAY (display)' failed

(DataCollector_Deterministic.py:3825205): Gdk-CRITICAL **: 08:47:06.612: gdk_cursor_new_for_display: assertion 'GDK_IS_DISPLAY (display)' failed

(DataCollector_Deterministic.py:3825203): Gdk-CRITICAL **: 08:47:06.616: gdk_cursor_new_for_display: assertion 'GDK_IS_DISPLAY (display)' failed
Unable to init server: Could not connect: Connection refused

(DataCollector_Deterministic.py:3824253): Gdk-CRITICAL **: 08:47:06.669: gdk_cursor_new_for_display: assertion 'GDK_IS_DISPLAY (display)' failed
Unable to init server: Could not connect: Connection refused

(DataCollector_Deterministic.py:3824277): Gdk-CRITICAL **: 08:47:06.673: gdk_cursor_new_for_display: assertion 'GDK_IS_DISPLAY (display)' failed
Unable to init server: Could not connect: Connection refused
Unable to init server: Could not connect: Connection refused

(DataCollector_Deterministic.py:3824908): Gdk-CRITICAL **: 08:47:06.766: gdk_cursor_new_for_display: assertion 'GDK_IS_DISPLAY (display)' failed
Unable to init server: Could not connect: Connection refused

(DataCollector_Deterministic.py:3824459): Gdk-CRITICAL **: 08:47:06.806: gdk_cursor_new_for_display: assertion 'GDK_IS_DISPLAY (display)' failed
Unable to init server: Could not connect: Connection refused

(DataCollector_Deterministic.py:3823676): Gdk-CRITICAL **: 08:47:07.158: gdk_cursor_new_for_display: assertion 'GDK_IS_DISPLAY (display)' failed
Unable to init server: Could not connect: Connection refused
Unable to init server: Could not connect: Connection refused
Unable to init server: Could not connect: Connection refused

(DataCollector_Deterministic.py:3824632): Gdk-CRITICAL **: 08:47:07.390: gdk_cursor_new_for_display: assertion 'GDK_IS_DISPLAY (display)' failed
Unable to init server: Could not connect: Connection refused

(DataCollector_Deterministic.py:3825112): Gdk-CRITICAL **: 08:47:08.042: gdk_cursor_new_for_display: assertion 'GDK_IS_DISPLAY (display)' failed
Unable to init server: Could not connect: Connection refused
Unable to init server: Could not connect: Connection refused

(DataCollector_Deterministic.py:3825046): Gdk-CRITICAL **: 08:47:09.029: gdk_cursor_new_for_display: assertion 'GDK_IS_DISPLAY (display)' failed
Unable to init server: Could not connect: Connection refused

(DataCollector_Deterministic.py:3824329): Gdk-CRITICAL **: 08:47:09.041: gdk_cursor_new_for_display: assertion 'GDK_IS_DISPLAY (display)' failed
Unable to init server: Could not connect: Connection refused
Unable to init server: Could not connect: Connection refused
Unable to init server: Could not connect: Connection refused
Unable to init server: Could not connect: Connection refused
Unable to init server: Could not connect: Connection refused
Unable to init server: Could not connect: Connection refused
Unable to init server: Could not connect: Connection refused
Unable to init server: Could not connect: Connection refused
Unable to init server: Could not connect: Connection refused
Unable to init server: Could not connect: Connection refused
Unable to init server: Could not connect: Connection refused
Unable to init server: Could not connect: Connection refused

(DataCollector_Deterministic.py:3824451): Gdk-CRITICAL **: 08:47:10.607: gdk_cursor_new_for_display: assertion 'GDK_IS_DISPLAY (display)' failed
Unable to init server: Could not connect: Connection refused

(DataCollector_Deterministic.py:3823238): Gdk-CRITICAL **: 08:47:10.659: gdk_cursor_new_for_display: assertion 'GDK_IS_DISPLAY (display)' failed
Unable to init server: Could not connect: Connection refused

(DataCollector_Deterministic.py:3823912): Gdk-CRITICAL **: 08:47:10.751: gdk_cursor_new_for_display: assertion 'GDK_IS_DISPLAY (display)' failed
Unable to init server: Could not connect: Connection refused

(DataCollector_Deterministic.py:3823243): Gdk-CRITICAL **: 08:47:10.762: gdk_cursor_new_for_display: assertion 'GDK_IS_DISPLAY (display)' failed
Unable to init server: Could not connect: Connection refused

(DataCollector_Deterministic.py:3824297): Gdk-CRITICAL **: 08:47:10.782: gdk_cursor_new_for_display: assertion 'GDK_IS_DISPLAY (display)' failed
Unable to init server: Could not connect: Connection refused

(DataCollector_Deterministic.py:3823789): Gdk-CRITICAL **: 08:47:10.822: gdk_cursor_new_for_display: assertion 'GDK_IS_DISPLAY (display)' failed
Unable to init server: Could not connect: Connection refused

(DataCollector_Deterministic.py:3823952): Gdk-CRITICAL **: 08:47:10.913: gdk_cursor_new_for_display: assertion 'GDK_IS_DISPLAY (display)' failed
Unable to init server: Could not connect: Connection refused

(DataCollector_Deterministic.py:3825190): Gdk-CRITICAL **: 08:47:10.986: gdk_cursor_new_for_display: assertion 'GDK_IS_DISPLAY (display)' failed
Unable to init server: Could not connect: Connection refused

(DataCollector_Deterministic.py:3824881): Gdk-CRITICAL **: 08:47:11.059: gdk_cursor_new_for_display: assertion 'GDK_IS_DISPLAY (display)' failed
Unable to init server: Could not connect: Connection refused

(DataCollector_Deterministic.py:3823852): Gdk-CRITICAL **: 08:47:11.115: gdk_cursor_new_for_display: assertion 'GDK_IS_DISPLAY (display)' failed
Unable to init server: Could not connect: Connection refused

(DataCollector_Deterministic.py:3823729): Gdk-CRITICAL **: 08:47:11.119: gdk_cursor_new_for_display: assertion 'GDK_IS_DISPLAY (display)' failed
Unable to init server: Could not connect: Connection refused
Unable to init server: Could not connect: Connection refused

(DataCollector_Deterministic.py:3824490): Gdk-CRITICAL **: 08:47:11.551: gdk_cursor_new_for_display: assertion 'GDK_IS_DISPLAY (display)' failed
Unable to init server: Could not connect: Connection refused
Unable to init server: Could not connect: Connection refused
Unable to init server: Could not connect: Connection refused
Unable to init server: Could not connect: Connection refused
Unable to init server: Could not connect: Connection refused
Unable to init server: Could not connect: Connection refused
Unable to init server: Could not connect: Connection refused
Unable to init server: Could not connect: Connection refused
Unable to init server: Could not connect: Connection refused
Unable to init server: Could not connect: Connection refused
Unable to init server: Could not connect: Connection refused
Unable to init server: Could not connect: Connection refused
Unable to init server: Could not connect: Connection refused
Unable to init server: Could not connect: Connection refused
Unable to init server: Could not connect: Connection refused
Unable to init server: Could not connect: Connection refused
Unable to init server: Could not connect: Connection refused
Unable to init server: Could not connect: Connection refused
Unable to init server: Could not connect: Connection refused
Unable to init server: Could not connect: Connection refused
Unable to init server: Could not connect: Connection refused
Unable to init server: Could not connect: Connection refused
Unable to init server: Could not connect: Connection refused
Unable to init server: Could not connect: Connection refused
Unable to init server: Could not connect: Connection refused
Unable to init server: Could not connect: Connection refused
Unable to init server: Could not connect: Connection refused
Unable to init server: Could not connect: Connection refused
Unable to init server: Could not connect: Connection refused
Unable to init server: Could not connect: Connection refused
Unable to init server: Could not connect: Connection refused
Unable to init server: Could not connect: Connection refused
Unable to init server: Could not connect: Connection refused

(DataCollector_Deterministic.py:3823644): Gdk-CRITICAL **: 08:47:12.948: gdk_cursor_new_for_display: assertion 'GDK_IS_DISPLAY (display)' failed
Unable to init server: Could not connect: Connection refused

(DataCollector_Deterministic.py:3823574): Gdk-CRITICAL **: 08:47:12.955: gdk_cursor_new_for_display: assertion 'GDK_IS_DISPLAY (display)' failed
Unable to init server: Could not connect: Connection refused

(DataCollector_Deterministic.py:3823572): Gdk-CRITICAL **: 08:47:12.979: gdk_cursor_new_for_display: assertion 'GDK_IS_DISPLAY (display)' failed
Unable to init server: Could not connect: Connection refused

(DataCollector_Deterministic.py:3824259): Gdk-CRITICAL **: 08:47:13.003: gdk_cursor_new_for_display: assertion 'GDK_IS_DISPLAY (display)' failed
Unable to init server: Could not connect: Connection refused

(DataCollector_Deterministic.py:3823562): Gdk-CRITICAL **: 08:47:13.034: gdk_cursor_new_for_display: assertion 'GDK_IS_DISPLAY (display)' failed
Unable to init server: Could not connect: Connection refused

(DataCollector_Deterministic.py:3823984): Gdk-CRITICAL **: 08:47:13.043: gdk_cursor_new_for_display: assertion 'GDK_IS_DISPLAY (display)' failed
Unable to init server: Could not connect: Connection refused

(DataCollector_Deterministic.py:3823246): Gdk-CRITICAL **: 08:47:13.069: gdk_cursor_new_for_display: assertion 'GDK_IS_DISPLAY (display)' failed
Unable to init server: Could not connect: Connection refused

(DataCollector_Deterministic.py:3825084): Gdk-CRITICAL **: 08:47:13.087: gdk_cursor_new_for_display: assertion 'GDK_IS_DISPLAY (display)' failed
Unable to init server: Could not connect: Connection refused

(DataCollector_Deterministic.py:3823586): Gdk-CRITICAL **: 08:47:13.119: gdk_cursor_new_for_display: assertion 'GDK_IS_DISPLAY (display)' failed
Unable to init server: Could not connect: Connection refused

(DataCollector_Deterministic.py:3824892): Gdk-CRITICAL **: 08:47:13.127: gdk_cursor_new_for_display: assertion 'GDK_IS_DISPLAY (display)' failed
Unable to init server: Could not connect: Connection refused

(DataCollector_Deterministic.py:3824039): Gdk-CRITICAL **: 08:47:13.139: gdk_cursor_new_for_display: assertion 'GDK_IS_DISPLAY (display)' failed
Unable to init server: Could not connect: Connection refused

(DataCollector_Deterministic.py:3824680): Gdk-CRITICAL **: 08:47:13.159: gdk_cursor_new_for_display: assertion 'GDK_IS_DISPLAY (display)' failed
Unable to init server: Could not connect: Connection refused

(DataCollector_Deterministic.py:3824722): Gdk-CRITICAL **: 08:47:13.163: gdk_cursor_new_for_display: assertion 'GDK_IS_DISPLAY (display)' failed
Unable to init server: Could not connect: Connection refused

(DataCollector_Deterministic.py:3824714): Gdk-CRITICAL **: 08:47:13.167: gdk_cursor_new_for_display: assertion 'GDK_IS_DISPLAY (display)' failed
Unable to init server: Could not connect: Connection refused

(DataCollector_Deterministic.py:3824382): Gdk-CRITICAL **: 08:47:13.183: gdk_cursor_new_for_display: assertion 'GDK_IS_DISPLAY (display)' failed
Unable to init server: Could not connect: Connection refused

(DataCollector_Deterministic.py:3824079): Gdk-CRITICAL **: 08:47:13.195: gdk_cursor_new_for_display: assertion 'GDK_IS_DISPLAY (display)' failed
Unable to init server: Could not connect: Connection refused

(DataCollector_Deterministic.py:3823888): Gdk-CRITICAL **: 08:47:13.203: gdk_cursor_new_for_display: assertion 'GDK_IS_DISPLAY (display)' failed
Unable to init server: Could not connect: Connection refused

(DataCollector_Deterministic.py:3823867): Gdk-CRITICAL **: 08:47:13.219: gdk_cursor_new_for_display: assertion 'GDK_IS_DISPLAY (display)' failed
Unable to init server: Could not connect: Connection refused
Unable to init server: Could not connect: Connection refused

(DataCollector_Deterministic.py:3823820): Gdk-CRITICAL **: 08:47:13.227: gdk_cursor_new_for_display: assertion 'GDK_IS_DISPLAY (display)' failed
Unable to init server: Could not connect: Connection refused

(DataCollector_Deterministic.py:3824465): Gdk-CRITICAL **: 08:47:13.235: gdk_cursor_new_for_display: assertion 'GDK_IS_DISPLAY (display)' failed
Unable to init server: Could not connect: Connection refused

(DataCollector_Deterministic.py:3824898): Gdk-CRITICAL **: 08:47:13.239: gdk_cursor_new_for_display: assertion 'GDK_IS_DISPLAY (display)' failed
Unable to init server: Could not connect: Connection refused

(DataCollector_Deterministic.py:3823565): Gdk-CRITICAL **: 08:47:13.247: gdk_cursor_new_for_display: assertion 'GDK_IS_DISPLAY (display)' failed
Unable to init server: Could not connect: Connection refused

(DataCollector_Deterministic.py:3823802): Gdk-CRITICAL **: 08:47:13.251: gdk_cursor_new_for_display: assertion 'GDK_IS_DISPLAY (display)' failed
Unable to init server: Could not connect: Connection refused

(DataCollector_Deterministic.py:3823548): Gdk-CRITICAL **: 08:47:13.291: gdk_cursor_new_for_display: assertion 'GDK_IS_DISPLAY (display)' failed
Unable to init server: Could not connect: Connection refused

(DataCollector_Deterministic.py:3823569): Gdk-CRITICAL **: 08:47:13.567: gdk_cursor_new_for_display: assertion 'GDK_IS_DISPLAY (display)' failed

(DataCollector_Deterministic.py:3824862): Gdk-CRITICAL **: 08:47:13.613: gdk_cursor_new_for_display: assertion 'GDK_IS_DISPLAY (display)' failed
Unable to init server: Could not connect: Connection refused

(DataCollector_Deterministic.py:3824930): Gdk-CRITICAL **: 08:47:13.782: gdk_cursor_new_for_display: assertion 'GDK_IS_DISPLAY (display)' failed
Unable to init server: Could not connect: Connection refused
Unable to init server: Could not connect: Connection refused

(DataCollector_Deterministic.py:3825193): Gdk-CRITICAL **: 08:47:13.817: gdk_cursor_new_for_display: assertion 'GDK_IS_DISPLAY (display)' failed
Unable to init server: Could not connect: Connection refused

(DataCollector_Deterministic.py:3824420): Gdk-CRITICAL **: 08:47:13.874: gdk_cursor_new_for_display: assertion 'GDK_IS_DISPLAY (display)' failed
Unable to init server: Could not connect: Connection refused

(DataCollector_Deterministic.py:3824646): Gdk-CRITICAL **: 08:47:13.898: gdk_cursor_new_for_display: assertion 'GDK_IS_DISPLAY (display)' failed
Unable to init server: Could not connect: Connection refused

(DataCollector_Deterministic.py:3825026): Gdk-CRITICAL **: 08:47:13.986: gdk_cursor_new_for_display: assertion 'GDK_IS_DISPLAY (display)' failed
Unable to init server: Could not connect: Connection refused

(DataCollector_Deterministic.py:3824766): Gdk-CRITICAL **: 08:47:14.090: gdk_cursor_new_for_display: assertion 'GDK_IS_DISPLAY (display)' failed

(DataCollector_Deterministic.py:3825050): Gdk-CRITICAL **: 08:47:14.225: gdk_cursor_new_for_display: assertion 'GDK_IS_DISPLAY (display)' failed
Unable to init server: Could not connect: Connection refused
Unable to init server: Could not connect: Connection refused
Unable to init server: Could not connect: Connection refused
Unable to init server: Could not connect: Connection refused
Unable to init server: Could not connect: Connection refused
Unable to init server: Could not connect: Connection refused
Unable to init server: Could not connect: Connection refused
Unable to init server: Could not connect: Connection refused
Unable to init server: Could not connect: Connection refused
Unable to init server: Could not connect: Connection refused
Unable to init server: Could not connect: Connection refused
Unable to init server: Could not connect: Connection refused
Unable to init server: Could not connect: Connection refused
Unable to init server: Could not connect: Connection refused
Unable to init server: Could not connect: Connection refused
Unable to init server: Could not connect: Connection refused

(DataCollector_Deterministic.py:3823479): Gdk-CRITICAL **: 08:47:19.390: gdk_cursor_new_for_display: assertion 'GDK_IS_DISPLAY (display)' failed
Unable to init server: Could not connect: Connection refused

(DataCollector_Deterministic.py:3824901): Gdk-CRITICAL **: 08:47:19.436: gdk_cursor_new_for_display: assertion 'GDK_IS_DISPLAY (display)' failed
Unable to init server: Could not connect: Connection refused
Unable to init server: Could not connect: Connection refused

(DataCollector_Deterministic.py:3823775): Gdk-CRITICAL **: 08:47:19.472: gdk_cursor_new_for_display: assertion 'GDK_IS_DISPLAY (display)' failed
Unable to init server: Could not connect: Connection refused

(DataCollector_Deterministic.py:3824285): Gdk-CRITICAL **: 08:47:19.514: gdk_cursor_new_for_display: assertion 'GDK_IS_DISPLAY (display)' failed
Unable to init server: Could not connect: Connection refused
Unable to init server: Could not connect: Connection refused

(DataCollector_Deterministic.py:3823630): Gdk-CRITICAL **: 08:47:19.630: gdk_cursor_new_for_display: assertion 'GDK_IS_DISPLAY (display)' failed
Unable to init server: Could not connect: Connection refused
Unable to init server: Could not connect: Connection refused

(DataCollector_Deterministic.py:3823559): Gdk-CRITICAL **: 08:47:19.740: gdk_cursor_new_for_display: assertion 'GDK_IS_DISPLAY (display)' failed
Unable to init server: Could not connect: Connection refused

(DataCollector_Deterministic.py:3823499): Gdk-CRITICAL **: 08:47:19.751: gdk_cursor_new_for_display: assertion 'GDK_IS_DISPLAY (display)' failed
Unable to init server: Could not connect: Connection refused

(DataCollector_Deterministic.py:3823835): Gdk-CRITICAL **: 08:47:19.783: gdk_cursor_new_for_display: assertion 'GDK_IS_DISPLAY (display)' failed
Unable to init server: Could not connect: Connection refused

(DataCollector_Deterministic.py:3824705): Gdk-CRITICAL **: 08:47:19.821: gdk_cursor_new_for_display: assertion 'GDK_IS_DISPLAY (display)' failed

(DataCollector_Deterministic.py:3825198): Gdk-CRITICAL **: 08:47:19.841: gdk_cursor_new_for_display: assertion 'GDK_IS_DISPLAY (display)' failed
Unable to init server: Could not connect: Connection refused

(DataCollector_Deterministic.py:3824845): Gdk-CRITICAL **: 08:47:19.859: gdk_cursor_new_for_display: assertion 'GDK_IS_DISPLAY (display)' failed
Unable to init server: Could not connect: Connection refused

(DataCollector_Deterministic.py:3825214): Gdk-CRITICAL **: 08:47:19.861: gdk_cursor_new_for_display: assertion 'GDK_IS_DISPLAY (display)' failed

(DataCollector_Deterministic.py:3824109): Gdk-CRITICAL **: 08:47:19.944: gdk_cursor_new_for_display: assertion 'GDK_IS_DISPLAY (display)' failed
Unable to init server: Could not connect: Connection refused

(DataCollector_Deterministic.py:3823694): Gdk-CRITICAL **: 08:47:19.954: gdk_cursor_new_for_display: assertion 'GDK_IS_DISPLAY (display)' failed

(DataCollector_Deterministic.py:3824060): Gdk-CRITICAL **: 08:47:20.096: gdk_cursor_new_for_display: assertion 'GDK_IS_DISPLAY (display)' failed
Initalising...
Running Sim...

Data Dump...
Initalising...
Running Sim...

Data Dump...
Initalising...
Running Sim...
.Initalising...
Running Sim...
.Initalising...
Running Sim...
.Initalising...
Running Sim...
.Initalising...
Running Sim...
.Initalising...
Running Sim...
.Initalising...
Running Sim...
.Initalising...
Running Sim...
.Initalising...
Running Sim...
.Initalising...
Running Sim...
.Initalising...
Running Sim...
.Initalising...
Running Sim...
.Initalising...
Running Sim...
.Initalising...
Running Sim...
.Initalising...
Running Sim...
.Initalising...
Running Sim...
.Initalising...
Running Sim...
.Initalising...
Running Sim...
.Initalising...
Running Sim...
.Initalising...
Running Sim...
.Initalising...
Running Sim...
.Initalising...
Running Sim...
.Initalising...
Running Sim...
.Initalising...
Running Sim...
.Initalising...
Running Sim...
.Initalising...
Running Sim...
.Initalising...
Running Sim...
.Initalising...
Running Sim...
.Initalising...
Running Sim...
.Initalising...
Running Sim...
.Initalising...
Running Sim...
.Initalising...
Running Sim...
.Initalising...
Running Sim...
.Initalising...
Running Sim...
.Initalising...
Running Sim...
.Initalising...
Running Sim...
.Initalising...
Running Sim...
.Initalising...
Running Sim...
.Initalising...
Running Sim...
.Initalising...
Running Sim...
.Initalising...
Running Sim...
.Initalising...
Running Sim...
.Initalising...
Running Sim...
.Initalising...
Running Sim...
.Initalising...
Running Sim...
.Initalising...
Running Sim...
.Initalising...
Running Sim...
.Initalising...
Running Sim...
.Initalising...
Running Sim...
.Initalising...
Running Sim...
.Initalising...
Running Sim...
.Initalising...
Running Sim...
.Initalising...
Running Sim...
.Initalising...
Running Sim...
.Initalising...
Running Sim...
.Initalising...
Running Sim...
.Initalising...
Running Sim...
.Initalising...
Running Sim...
.Initalising...
Running Sim...
.Initalising...
Running Sim...
.Initalising...
Running Sim...
.Initalising...
Running Sim...
.Initalising...
Running Sim...
.Initalising...
Running Sim...
.Initalising...
Running Sim...
.Initalising...
Running Sim...
.Initalising...
Running Sim...
.Initalising...
Running Sim...
.Initalising...
Running Sim...
.Initalising...
Running Sim...
.Initalising...
Running Sim...
.Initalising...
Running Sim...
.Initalising...
Running Sim...
.Initalising...
Running Sim...
.Initalising...
Running Sim...
.Initalising...
Running Sim...
.Initalising...
Running Sim...
.Initalising...
Running Sim...
.Initalising...
Running Sim...
.Initalising...
Running Sim...
...........................................................................................................................................................................................................................................................................................................................................................................................................................................................................................................................................................................................................................................................................................
[9999 1944]
...........
[1687 9999]
..
[1742 9999]
..
[1756 9998]
.
[1731 9999]
.
[9999 1814]
...
[1714 9999]
..
[1700 9999]
........
[1704 9999]
..........
[9999 1636]
..
[9999 1695]
...........
[9999 1465]
....
[1730 9921]
....
[9205 2324]
...
[9999 1118]
....
[9633 1756]
..
[2717 8744]
.
[9899 1413]
.
[9999  946]
..
[9998  962]
.
[9998 1201]
.
[9972 1213]
.
[2431 9004]
.
[9866 1354]
...
[9555 1699]
...
[9990 1086]
....
[9626 1509]
.
[9773 1348]
.
[9942 1131]
.
[9150 1998]
..
[9728 1432]
.
[9518 1448]
.
[9698 1436]
.
[9891 1147]
.
[9983  955]
.
[8753 2380]
.
[9722 1403]
.
[9698 1195]
..
[9632 1272]
..
[9598 1526]
.
[9259 1798]
.
[2881 8486]
.
[9820 1196]
.
[9811 1186]
.
[8519 2778]
.
[3305 8001]
.
[9866 1042]
..
[9189 1961]
.
[9901 1032]
.
[9503 1317]
.
[9717 1183]
..
[8526 2599]
..
[8978 2100]
.
[3717 7556]
.
[8216 2848]
..
[8178 2850]
..
[7324 3815]
.
[7813 3279]
...
[3831 7336]
....
[8325 2795]
.
[3891 7315]
.
[3736 7454]
.....
[4047 7192]
..
[4113 7032]
.....
[7124 3975]
...
[5472 5654]
.
[6207 4962]
..
[4635 6551]
.
[6829 4299]
.....
[5367 5753]
.....
[4822 6304]
...
[7460 3516]
.
[6194 4936]
.
[4907 6170]
......
[6228 4796]
...
[6785 4225]
.
[4658 6447]
........
[6342 4696]
.
[7088 3877]
.
[5634 5437]
........................................................................................................................................................................................................................................
Data Dump...
................
Data Dump...
...
Data Dump...

Data Dump...
...
Data Dump...
...
Data Dump...
.
Data Dump...
...
Data Dump...

Data Dump...
..
Data Dump...
..
Data Dump...
.........
Data Dump...
..
Data Dump...
.....
Data Dump...
.....
Data Dump...
.....................................................................................................................................
[7112    9]
.....................................................................................
[ 148 5536]
....
[5778   16]
.
[5655   24]
......................
[5465   14]
...................
[5020   44]
......
[5078   15]
..............
[4916   31]
...
[4913   36]
.............
[4990   14]
.....
[4616   50]
...
[4428  147]
...
[4608   24]
.
[4693   21]
..
[4716   17]
...
[4561   58]
...
[4538   68]
..
[4555   42]
..
[4450   16]
.......
[4388   72]
..
[4266   41]
..
[4384   73]
.
[4273   22]
..
[4283  116]
......
[3848  464]
.....
[4429   23]
.....
[ 380 4071]
....
[ 446 3932]
...
[4053   91]
.
[3948  157]
..
[4091   30]
.........................
[3979  146]
....
[3578  227]
.......
[ 514 3700]
..........
[3726  178]
...........
[ 623 3406]
.
[3424  365]
...........
[3313  562]
..........
[3163  425]
......
[3253  294]
........
[3034  593]
..........
[3343  376]
..........
[ 874 2969]
...
[ 772 2997]
....
[2650  906]
.....
[2633  797]
..
[ 933 2709]
.
[ 955 2700]
.....
[1510 2033]
...
[1123 2364]
.
[2953  464]
..
[1233 2112]
..
[1917 1604]
........
[1134 2597]
..
[2386 1122]
....
[1296 2242]
.....
[2538  779]
.
[1687 1732]
.........
[1403 2087]
.
[2165 1158]
...
[2628  668]
....
[1909 1557]
.........
[2249 1124]
..
[1317 2197]
......
[1819 1577]
..............................................................................................................
[707   8]
...................................................................................................................................
[ 67 519]
.......
[427  12]
.......
[384  13]
......................................
[361  10]
.........
[342  16]
.....................
[321   6]
.......
[305  11]
......................
[318  11]
...................
[247  28]
.
[305  24]
.....
[281   6]
............
[283  19]
.
[255   8]
...
[245   8]
..
[285   3]
..
[233  97]
.
[304  14]
.
[270  18]
..
[273   7]
.
[258   6]
.....
[264  18]
.
[282  12]
...
[265   5]
.....
[254  27]
.....
[ 86 347]
.....
[ 78 386]
........
[245  36]
.
[236  17]
..........
[269   9]
....
[259   8]
.......................
Data Dump...
......
[189  30]
........
[ 97 362]
...................
[224  25]
....
[ 92 329]
......................
[205  23]
...
[195  48]
........................
[183  91]
.......
[172  38]
..........
[168  31]
.........
[182  62]
......................
[ 97 311]
............
[172 110]
...
[120 206]
..
[183  66]
....
[122 178]
...
[198  45]
.....
Data Dump...
.....
[ 88 219]
..
[108 180]
..
[141 188]
....
[110 103]
........
Data Dump...
.......
Data Dump...
..
[120  93]
..
[186  31]
...
[182 116]
........
[103 189]
.....
[147 117]
....
[112 277]
......
[153  85]
.
[132 148]
.....
[153  52]
...............
Data Dump...
.........
Data Dump...
.
[155  46]
........
[150 145]
......................
[139  94]
.
Data Dump...
.....
[129 151]
......
Data Dump...
..
[156 113]
.............................
Data Dump...
.........................
Data Dump...
.
Data Dump...
...........................
Data Dump...

Data Dump...

Data Dump...
...
Data Dump...
...
Data Dump...
.
Data Dump...
..
Data Dump...
...
Data Dump...
..
Data Dump...

Data Dump...

Data Dump...

Data Dump...

Data Dump...
..
Data Dump...

Data Dump...
..
Data Dump...
.................
Data Dump...
....
Data Dump...
...........
Data Dump...
..
Data Dump...
...........
Data Dump...
...
Data Dump...
......................
Data Dump...
........
Data Dump...
.............
Data Dump...
.
Data Dump...
...............
Data Dump...
.
Data Dump...
.........
Data Dump...
.......
Data Dump...
......
Data Dump...
.......
Data Dump...
.
Data Dump...
......
Data Dump...
..
Data Dump...
..
Data Dump...
.
Data Dump...
..
Data Dump...

Data Dump...
.
Data Dump...
..........
Data Dump...

Data Dump...
.
Data Dump...

Data Dump...

Data Dump...

Data Dump...

Data Dump...
..
Data Dump...
.
Data Dump...
..
Data Dump...
..
Data Dump...
.
Data Dump...

Data Dump...

Data Dump...
No 1 0
Done
slurmstepd-phcompute025: error: Detected 18 oom-kill event(s) in StepId=824555.batch. Some of your processes may have been killed by the cgroup out-of-memory handler.
