Unable to init server: Could not connect: Connection refused
Unable to init server: Could not connect: Connection refused

(DataCollector_Deterministic.py:1642398): Gdk-CRITICAL **: 18:14:36.079: gdk_cursor_new_for_display: assertion 'GDK_IS_DISPLAY (display)' failed
Unable to init server: Could not connect: Connection refused
Unable to init server: Could not connect: Connection refused

(DataCollector_Deterministic.py:1641864): Gdk-CRITICAL **: 18:14:38.992: gdk_cursor_new_for_display: assertion 'GDK_IS_DISPLAY (display)' failed
Unable to init server: Could not connect: Connection refused
Unable to init server: Could not connect: Connection refused
Unable to init server: Could not connect: Connection refused
Unable to init server: Could not connect: Connection refused

(DataCollector_Deterministic.py:1642241): Gdk-CRITICAL **: 18:14:41.500: gdk_cursor_new_for_display: assertion 'GDK_IS_DISPLAY (display)' failed
Unable to init server: Could not connect: Connection refused
Unable to init server: Could not connect: Connection refused
Unable to init server: Could not connect: Connection refused

(DataCollector_Deterministic.py:1642610): Gdk-CRITICAL **: 18:14:41.863: gdk_cursor_new_for_display: assertion 'GDK_IS_DISPLAY (display)' failed
Unable to init server: Could not connect: Connection refused
Unable to init server: Could not connect: Connection refused

(DataCollector_Deterministic.py:1642046): Gdk-CRITICAL **: 18:14:42.401: gdk_cursor_new_for_display: assertion 'GDK_IS_DISPLAY (display)' failed
Unable to init server: Could not connect: Connection refused
Unable to init server: Could not connect: Connection refused
Unable to init server: Could not connect: Connection refused
Unable to init server: Could not connect: Connection refused

(DataCollector_Deterministic.py:1642271): Gdk-CRITICAL **: 18:14:43.006: gdk_cursor_new_for_display: assertion 'GDK_IS_DISPLAY (display)' failed
Unable to init server: Could not connect: Connection refused
Unable to init server: Could not connect: Connection refused
Unable to init server: Could not connect: Connection refused
Unable to init server: Could not connect: Connection refused
Unable to init server: Could not connect: Connection refused
Unable to init server: Could not connect: Connection refused
Unable to init server: Could not connect: Connection refused
Unable to init server: Could not connect: Connection refused

(DataCollector_Deterministic.py:1641085): Gdk-CRITICAL **: 18:14:43.424: gdk_cursor_new_for_display: assertion 'GDK_IS_DISPLAY (display)' failed
Unable to init server: Could not connect: Connection refused
Unable to init server: Could not connect: Connection refused
Unable to init server: Could not connect: Connection refused

(DataCollector_Deterministic.py:1640627): Gdk-CRITICAL **: 18:14:43.474: gdk_cursor_new_for_display: assertion 'GDK_IS_DISPLAY (display)' failed
Unable to init server: Could not connect: Connection refused
Unable to init server: Could not connect: Connection refused
Unable to init server: Could not connect: Connection refused
Unable to init server: Could not connect: Connection refused
Unable to init server: Could not connect: Connection refused
Unable to init server: Could not connect: Connection refused
Unable to init server: Could not connect: Connection refused
Unable to init server: Could not connect: Connection refused
Unable to init server: Could not connect: Connection refused
Unable to init server: Could not connect: Connection refused
Unable to init server: Could not connect: Connection refused

(DataCollector_Deterministic.py:1642870): Gdk-CRITICAL **: 18:14:44.339: gdk_cursor_new_for_display: assertion 'GDK_IS_DISPLAY (display)' failed
Unable to init server: Could not connect: Connection refused
Unable to init server: Could not connect: Connection refused
Unable to init server: Could not connect: Connection refused
Unable to init server: Could not connect: Connection refused

(DataCollector_Deterministic.py:1641868): Gdk-CRITICAL **: 18:14:44.800: gdk_cursor_new_for_display: assertion 'GDK_IS_DISPLAY (display)' failed
Unable to init server: Could not connect: Connection refused

(DataCollector_Deterministic.py:1640614): Gdk-CRITICAL **: 18:14:44.912: gdk_cursor_new_for_display: assertion 'GDK_IS_DISPLAY (display)' failed
Unable to init server: Could not connect: Connection refused
Unable to init server: Could not connect: Connection refused

(DataCollector_Deterministic.py:1642632): Gdk-CRITICAL **: 18:14:44.954: gdk_cursor_new_for_display: assertion 'GDK_IS_DISPLAY (display)' failed
Unable to init server: Could not connect: Connection refused

(DataCollector_Deterministic.py:1642217): Gdk-CRITICAL **: 18:14:44.922: gdk_cursor_new_for_display: assertion 'GDK_IS_DISPLAY (display)' failed
Unable to init server: Could not connect: Connection refused

(DataCollector_Deterministic.py:1641373): Gdk-CRITICAL **: 18:14:45.099: gdk_cursor_new_for_display: assertion 'GDK_IS_DISPLAY (display)' failed
Unable to init server: Could not connect: Connection refused

(DataCollector_Deterministic.py:1640723): Gdk-CRITICAL **: 18:14:45.106: gdk_cursor_new_for_display: assertion 'GDK_IS_DISPLAY (display)' failed
Unable to init server: Could not connect: Connection refused

(DataCollector_Deterministic.py:1642750): Gdk-CRITICAL **: 18:14:45.123: gdk_cursor_new_for_display: assertion 'GDK_IS_DISPLAY (display)' failed
Unable to init server: Could not connect: Connection refused

(DataCollector_Deterministic.py:1641720): Gdk-CRITICAL **: 18:14:45.133: gdk_cursor_new_for_display: assertion 'GDK_IS_DISPLAY (display)' failed
Unable to init server: Could not connect: Connection refused

(DataCollector_Deterministic.py:1641092): Gdk-CRITICAL **: 18:14:45.228: gdk_cursor_new_for_display: assertion 'GDK_IS_DISPLAY (display)' failed

(DataCollector_Deterministic.py:1642192): Gdk-CRITICAL **: 18:14:44.959: gdk_cursor_new_for_display: assertion 'GDK_IS_DISPLAY (display)' failed
Unable to init server: Could not connect: Connection refused

(DataCollector_Deterministic.py:1640649): Gdk-CRITICAL **: 18:14:45.314: gdk_cursor_new_for_display: assertion 'GDK_IS_DISPLAY (display)' failed
Unable to init server: Could not connect: Connection refused

(DataCollector_Deterministic.py:1641259): Gdk-CRITICAL **: 18:14:45.361: gdk_cursor_new_for_display: assertion 'GDK_IS_DISPLAY (display)' failed
Unable to init server: Could not connect: Connection refused

(DataCollector_Deterministic.py:1641641): Gdk-CRITICAL **: 18:14:45.782: gdk_cursor_new_for_display: assertion 'GDK_IS_DISPLAY (display)' failed
Unable to init server: Could not connect: Connection refused

(DataCollector_Deterministic.py:1642746): Gdk-CRITICAL **: 18:14:45.850: gdk_cursor_new_for_display: assertion 'GDK_IS_DISPLAY (display)' failed
Unable to init server: Could not connect: Connection refused

(DataCollector_Deterministic.py:1640806): Gdk-CRITICAL **: 18:14:45.854: gdk_cursor_new_for_display: assertion 'GDK_IS_DISPLAY (display)' failed
Unable to init server: Could not connect: Connection refused

(DataCollector_Deterministic.py:1642536): Gdk-CRITICAL **: 18:14:45.957: gdk_cursor_new_for_display: assertion 'GDK_IS_DISPLAY (display)' failed
Unable to init server: Could not connect: Connection refused

(DataCollector_Deterministic.py:1642582): Gdk-CRITICAL **: 18:14:45.989: gdk_cursor_new_for_display: assertion 'GDK_IS_DISPLAY (display)' failed
Unable to init server: Could not connect: Connection refused

(DataCollector_Deterministic.py:1640569): Gdk-CRITICAL **: 18:14:46.092: gdk_cursor_new_for_display: assertion 'GDK_IS_DISPLAY (display)' failed
Unable to init server: Could not connect: Connection refused

(DataCollector_Deterministic.py:1640860): Gdk-CRITICAL **: 18:14:46.229: gdk_cursor_new_for_display: assertion 'GDK_IS_DISPLAY (display)' failed
Unable to init server: Could not connect: Connection refused

(DataCollector_Deterministic.py:1641318): Gdk-CRITICAL **: 18:14:46.342: gdk_cursor_new_for_display: assertion 'GDK_IS_DISPLAY (display)' failed
Unable to init server: Could not connect: Connection refused
Unable to init server: Could not connect: Connection refused

(DataCollector_Deterministic.py:1642603): Gdk-CRITICAL **: 18:14:46.397: gdk_cursor_new_for_display: assertion 'GDK_IS_DISPLAY (display)' failed

(DataCollector_Deterministic.py:1642128): Gdk-CRITICAL **: 18:14:46.385: gdk_cursor_new_for_display: assertion 'GDK_IS_DISPLAY (display)' failed
Unable to init server: Could not connect: Connection refused

(DataCollector_Deterministic.py:1640602): Gdk-CRITICAL **: 18:14:46.582: gdk_cursor_new_for_display: assertion 'GDK_IS_DISPLAY (display)' failed
Unable to init server: Could not connect: Connection refused
Unable to init server: Could not connect: Connection refused
Unable to init server: Could not connect: Connection refused

(DataCollector_Deterministic.py:1641315): Gdk-CRITICAL **: 18:14:46.941: gdk_cursor_new_for_display: assertion 'GDK_IS_DISPLAY (display)' failed
Unable to init server: Could not connect: Connection refused
Unable to init server: Could not connect: Connection refused
Unable to init server: Could not connect: Connection refused
Unable to init server: Could not connect: Connection refused
Unable to init server: Could not connect: Connection refused
Unable to init server: Could not connect: Connection refused
Unable to init server: Could not connect: Connection refused
Unable to init server: Could not connect: Connection refused
Unable to init server: Could not connect: Connection refused

(DataCollector_Deterministic.py:1641452): Gdk-CRITICAL **: 18:14:48.526: gdk_cursor_new_for_display: assertion 'GDK_IS_DISPLAY (display)' failed

(DataCollector_Deterministic.py:1642377): Gdk-CRITICAL **: 18:14:48.433: gdk_cursor_new_for_display: assertion 'GDK_IS_DISPLAY (display)' failed
Unable to init server: Could not connect: Connection refused
Unable to init server: Could not connect: Connection refused

(DataCollector_Deterministic.py:1641726): Gdk-CRITICAL **: 18:14:48.874: gdk_cursor_new_for_display: assertion 'GDK_IS_DISPLAY (display)' failed
Unable to init server: Could not connect: Connection refused
Unable to init server: Could not connect: Connection refused
Unable to init server: Could not connect: Connection refused

(DataCollector_Deterministic.py:1641049): Gdk-CRITICAL **: 18:14:49.294: gdk_cursor_new_for_display: assertion 'GDK_IS_DISPLAY (display)' failed
Unable to init server: Could not connect: Connection refused
Unable to init server: Could not connect: Connection refused
Unable to init server: Could not connect: Connection refused

(DataCollector_Deterministic.py:1640977): Gdk-CRITICAL **: 18:14:49.555: gdk_cursor_new_for_display: assertion 'GDK_IS_DISPLAY (display)' failed
Unable to init server: Could not connect: Connection refused
Unable to init server: Could not connect: Connection refused

(DataCollector_Deterministic.py:1642155): Gdk-CRITICAL **: 18:14:49.713: gdk_cursor_new_for_display: assertion 'GDK_IS_DISPLAY (display)' failed
Unable to init server: Could not connect: Connection refused
Unable to init server: Could not connect: Connection refused

(DataCollector_Deterministic.py:1641150): Gdk-CRITICAL **: 18:14:49.832: gdk_cursor_new_for_display: assertion 'GDK_IS_DISPLAY (display)' failed
Unable to init server: Could not connect: Connection refused

(DataCollector_Deterministic.py:1642845): Gdk-CRITICAL **: 18:14:49.865: gdk_cursor_new_for_display: assertion 'GDK_IS_DISPLAY (display)' failed
Unable to init server: Could not connect: Connection refused
Unable to init server: Could not connect: Connection refused

(DataCollector_Deterministic.py:1641681): Gdk-CRITICAL **: 18:14:49.997: gdk_cursor_new_for_display: assertion 'GDK_IS_DISPLAY (display)' failed
Unable to init server: Could not connect: Connection refused
Unable to init server: Could not connect: Connection refused
Unable to init server: Could not connect: Connection refused
Unable to init server: Could not connect: Connection refused

(DataCollector_Deterministic.py:1641912): Gdk-CRITICAL **: 18:14:50.893: gdk_cursor_new_for_display: assertion 'GDK_IS_DISPLAY (display)' failed
Unable to init server: Could not connect: Connection refused
Unable to init server: Could not connect: Connection refused

(DataCollector_Deterministic.py:1641221): Gdk-CRITICAL **: 18:14:50.937: gdk_cursor_new_for_display: assertion 'GDK_IS_DISPLAY (display)' failed
Unable to init server: Could not connect: Connection refused

(DataCollector_Deterministic.py:1642105): Gdk-CRITICAL **: 18:14:51.078: gdk_cursor_new_for_display: assertion 'GDK_IS_DISPLAY (display)' failed
Unable to init server: Could not connect: Connection refused

(DataCollector_Deterministic.py:1640588): Gdk-CRITICAL **: 18:14:51.108: gdk_cursor_new_for_display: assertion 'GDK_IS_DISPLAY (display)' failed
Unable to init server: Could not connect: Connection refused

(DataCollector_Deterministic.py:1642862): Gdk-CRITICAL **: 18:14:51.297: gdk_cursor_new_for_display: assertion 'GDK_IS_DISPLAY (display)' failed
Unable to init server: Could not connect: Connection refused

(DataCollector_Deterministic.py:1640988): Gdk-CRITICAL **: 18:14:51.646: gdk_cursor_new_for_display: assertion 'GDK_IS_DISPLAY (display)' failed
Unable to init server: Could not connect: Connection refused

(DataCollector_Deterministic.py:1642362): Gdk-CRITICAL **: 18:14:51.661: gdk_cursor_new_for_display: assertion 'GDK_IS_DISPLAY (display)' failed
Unable to init server: Could not connect: Connection refused

(DataCollector_Deterministic.py:1642119): Gdk-CRITICAL **: 18:14:51.665: gdk_cursor_new_for_display: assertion 'GDK_IS_DISPLAY (display)' failed
Unable to init server: Could not connect: Connection refused

(DataCollector_Deterministic.py:1640829): Gdk-CRITICAL **: 18:14:52.255: gdk_cursor_new_for_display: assertion 'GDK_IS_DISPLAY (display)' failed
Unable to init server: Could not connect: Connection refused

(DataCollector_Deterministic.py:1641992): Gdk-CRITICAL **: 18:14:52.307: gdk_cursor_new_for_display: assertion 'GDK_IS_DISPLAY (display)' failed
Unable to init server: Could not connect: Connection refused

(DataCollector_Deterministic.py:1642842): Gdk-CRITICAL **: 18:14:52.318: gdk_cursor_new_for_display: assertion 'GDK_IS_DISPLAY (display)' failed
Unable to init server: Could not connect: Connection refused

(DataCollector_Deterministic.py:1641953): Gdk-CRITICAL **: 18:14:52.348: gdk_cursor_new_for_display: assertion 'GDK_IS_DISPLAY (display)' failed
Unable to init server: Could not connect: Connection refused
Unable to init server: Could not connect: Connection refused
Unable to init server: Could not connect: Connection refused
Unable to init server: Could not connect: Connection refused
Unable to init server: Could not connect: Connection refused
Unable to init server: Could not connect: Connection refused

(DataCollector_Deterministic.py:1641556): Gdk-CRITICAL **: 18:14:53.770: gdk_cursor_new_for_display: assertion 'GDK_IS_DISPLAY (display)' failed
Unable to init server: Could not connect: Connection refused
Unable to init server: Could not connect: Connection refused
Unable to init server: Could not connect: Connection refused
Unable to init server: Could not connect: Connection refused
Unable to init server: Could not connect: Connection refused
Unable to init server: Could not connect: Connection refused
Unable to init server: Could not connect: Connection refused
Unable to init server: Could not connect: Connection refused

(DataCollector_Deterministic.py:1642757): Gdk-CRITICAL **: 18:14:54.371: gdk_cursor_new_for_display: assertion 'GDK_IS_DISPLAY (display)' failed
Unable to init server: Could not connect: Connection refused

(DataCollector_Deterministic.py:1642744): Gdk-CRITICAL **: 18:14:54.602: gdk_cursor_new_for_display: assertion 'GDK_IS_DISPLAY (display)' failed
Unable to init server: Could not connect: Connection refused

(DataCollector_Deterministic.py:1642690): Gdk-CRITICAL **: 18:14:54.686: gdk_cursor_new_for_display: assertion 'GDK_IS_DISPLAY (display)' failed
Unable to init server: Could not connect: Connection refused

(DataCollector_Deterministic.py:1642772): Gdk-CRITICAL **: 18:14:54.898: gdk_cursor_new_for_display: assertion 'GDK_IS_DISPLAY (display)' failed
Unable to init server: Could not connect: Connection refused

(DataCollector_Deterministic.py:1641757): Gdk-CRITICAL **: 18:14:55.026: gdk_cursor_new_for_display: assertion 'GDK_IS_DISPLAY (display)' failed
Unable to init server: Could not connect: Connection refused

(DataCollector_Deterministic.py:1642462): Gdk-CRITICAL **: 18:14:55.227: gdk_cursor_new_for_display: assertion 'GDK_IS_DISPLAY (display)' failed
Unable to init server: Could not connect: Connection refused
Unable to init server: Could not connect: Connection refused
Unable to init server: Could not connect: Connection refused

(DataCollector_Deterministic.py:1641506): Gdk-CRITICAL **: 18:14:55.444: gdk_cursor_new_for_display: assertion 'GDK_IS_DISPLAY (display)' failed
Unable to init server: Could not connect: Connection refused

(DataCollector_Deterministic.py:1640637): Gdk-CRITICAL **: 18:14:55.468: gdk_cursor_new_for_display: assertion 'GDK_IS_DISPLAY (display)' failed
Unable to init server: Could not connect: Connection refused

(DataCollector_Deterministic.py:1642753): Gdk-CRITICAL **: 18:14:55.478: gdk_cursor_new_for_display: assertion 'GDK_IS_DISPLAY (display)' failed
Unable to init server: Could not connect: Connection refused

(DataCollector_Deterministic.py:1642564): Gdk-CRITICAL **: 18:14:55.621: gdk_cursor_new_for_display: assertion 'GDK_IS_DISPLAY (display)' failed
Unable to init server: Could not connect: Connection refused
Unable to init server: Could not connect: Connection refused

(DataCollector_Deterministic.py:1641848): Gdk-CRITICAL **: 18:14:55.754: gdk_cursor_new_for_display: assertion 'GDK_IS_DISPLAY (display)' failed
Unable to init server: Could not connect: Connection refused
Unable to init server: Could not connect: Connection refused
Unable to init server: Could not connect: Connection refused
Unable to init server: Could not connect: Connection refused

(DataCollector_Deterministic.py:1640900): Gdk-CRITICAL **: 18:14:56.689: gdk_cursor_new_for_display: assertion 'GDK_IS_DISPLAY (display)' failed
Unable to init server: Could not connect: Connection refused

(DataCollector_Deterministic.py:1641671): Gdk-CRITICAL **: 18:14:56.818: gdk_cursor_new_for_display: assertion 'GDK_IS_DISPLAY (display)' failed
Unable to init server: Could not connect: Connection refused

(DataCollector_Deterministic.py:1640739): Gdk-CRITICAL **: 18:14:56.870: gdk_cursor_new_for_display: assertion 'GDK_IS_DISPLAY (display)' failed
Unable to init server: Could not connect: Connection refused

(DataCollector_Deterministic.py:1642085): Gdk-CRITICAL **: 18:14:57.804: gdk_cursor_new_for_display: assertion 'GDK_IS_DISPLAY (display)' failed
Unable to init server: Could not connect: Connection refused

(DataCollector_Deterministic.py:1640577): Gdk-CRITICAL **: 18:14:58.069: gdk_cursor_new_for_display: assertion 'GDK_IS_DISPLAY (display)' failed
Unable to init server: Could not connect: Connection refused
Unable to init server: Could not connect: Connection refused
Unable to init server: Could not connect: Connection refused
Unable to init server: Could not connect: Connection refused

(DataCollector_Deterministic.py:1641486): Gdk-CRITICAL **: 18:14:58.669: gdk_cursor_new_for_display: assertion 'GDK_IS_DISPLAY (display)' failed
Unable to init server: Could not connect: Connection refused
Unable to init server: Could not connect: Connection refused

(DataCollector_Deterministic.py:1642669): Gdk-CRITICAL **: 18:14:59.952: gdk_cursor_new_for_display: assertion 'GDK_IS_DISPLAY (display)' failed
Unable to init server: Could not connect: Connection refused

(DataCollector_Deterministic.py:1642344): Gdk-CRITICAL **: 18:15:00.089: gdk_cursor_new_for_display: assertion 'GDK_IS_DISPLAY (display)' failed
Unable to init server: Could not connect: Connection refused
Unable to init server: Could not connect: Connection refused
Unable to init server: Could not connect: Connection refused

(DataCollector_Deterministic.py:1640545): Gdk-CRITICAL **: 18:15:00.835: gdk_cursor_new_for_display: assertion 'GDK_IS_DISPLAY (display)' failed
Unable to init server: Could not connect: Connection refused
Unable to init server: Could not connect: Connection refused

(DataCollector_Deterministic.py:1640925): Gdk-CRITICAL **: 18:15:01.178: gdk_cursor_new_for_display: assertion 'GDK_IS_DISPLAY (display)' failed
Unable to init server: Could not connect: Connection refused
Unable to init server: Could not connect: Connection refused
Unable to init server: Could not connect: Connection refused
Unable to init server: Could not connect: Connection refused
Unable to init server: Could not connect: Connection refused

(DataCollector_Deterministic.py:1641120): Gdk-CRITICAL **: 18:15:02.537: gdk_cursor_new_for_display: assertion 'GDK_IS_DISPLAY (display)' failed
Unable to init server: Could not connect: Connection refused

(DataCollector_Deterministic.py:1642455): Gdk-CRITICAL **: 18:15:02.608: gdk_cursor_new_for_display: assertion 'GDK_IS_DISPLAY (display)' failed
Unable to init server: Could not connect: Connection refused

(DataCollector_Deterministic.py:1641284): Gdk-CRITICAL **: 18:15:02.910: gdk_cursor_new_for_display: assertion 'GDK_IS_DISPLAY (display)' failed
Unable to init server: Could not connect: Connection refused

(DataCollector_Deterministic.py:1642654): Gdk-CRITICAL **: 18:15:02.951: gdk_cursor_new_for_display: assertion 'GDK_IS_DISPLAY (display)' failed
Unable to init server: Could not connect: Connection refused
Unable to init server: Could not connect: Connection refused
Unable to init server: Could not connect: Connection refused
Unable to init server: Could not connect: Connection refused
Unable to init server: Could not connect: Connection refused
Unable to init server: Could not connect: Connection refused
Unable to init server: Could not connect: Connection refused
Unable to init server: Could not connect: Connection refused
Unable to init server: Could not connect: Connection refused

(DataCollector_Deterministic.py:1640950): Gdk-CRITICAL **: 18:15:04.096: gdk_cursor_new_for_display: assertion 'GDK_IS_DISPLAY (display)' failed
Unable to init server: Could not connect: Connection refused
Unable to init server: Could not connect: Connection refused

(DataCollector_Deterministic.py:1641016): Gdk-CRITICAL **: 18:15:04.322: gdk_cursor_new_for_display: assertion 'GDK_IS_DISPLAY (display)' failed
Unable to init server: Could not connect: Connection refused

(DataCollector_Deterministic.py:1641247): Gdk-CRITICAL **: 18:15:04.426: gdk_cursor_new_for_display: assertion 'GDK_IS_DISPLAY (display)' failed
Unable to init server: Could not connect: Connection refused
Unable to init server: Could not connect: Connection refused
Unable to init server: Could not connect: Connection refused
Unable to init server: Could not connect: Connection refused
Unable to init server: Could not connect: Connection refused
Unable to init server: Could not connect: Connection refused

(DataCollector_Deterministic.py:1641436): Gdk-CRITICAL **: 18:15:05.161: gdk_cursor_new_for_display: assertion 'GDK_IS_DISPLAY (display)' failed
Unable to init server: Could not connect: Connection refused

(DataCollector_Deterministic.py:1641300): Gdk-CRITICAL **: 18:15:05.169: gdk_cursor_new_for_display: assertion 'GDK_IS_DISPLAY (display)' failed
Unable to init server: Could not connect: Connection refused

(DataCollector_Deterministic.py:1642417): Gdk-CRITICAL **: 18:15:05.328: gdk_cursor_new_for_display: assertion 'GDK_IS_DISPLAY (display)' failed
Unable to init server: Could not connect: Connection refused

(DataCollector_Deterministic.py:1642727): Gdk-CRITICAL **: 18:15:05.345: gdk_cursor_new_for_display: assertion 'GDK_IS_DISPLAY (display)' failed
Unable to init server: Could not connect: Connection refused

(DataCollector_Deterministic.py:1642025): Gdk-CRITICAL **: 18:15:05.465: gdk_cursor_new_for_display: assertion 'GDK_IS_DISPLAY (display)' failed
Unable to init server: Could not connect: Connection refused

(DataCollector_Deterministic.py:1641832): Gdk-CRITICAL **: 18:15:05.469: gdk_cursor_new_for_display: assertion 'GDK_IS_DISPLAY (display)' failed
Unable to init server: Could not connect: Connection refused

(DataCollector_Deterministic.py:1642329): Gdk-CRITICAL **: 18:15:05.589: gdk_cursor_new_for_display: assertion 'GDK_IS_DISPLAY (display)' failed
Unable to init server: Could not connect: Connection refused
Unable to init server: Could not connect: Connection refused

(DataCollector_Deterministic.py:1642683): Gdk-CRITICAL **: 18:15:05.833: gdk_cursor_new_for_display: assertion 'GDK_IS_DISPLAY (display)' failed
Unable to init server: Could not connect: Connection refused

(DataCollector_Deterministic.py:1641274): Gdk-CRITICAL **: 18:15:05.924: gdk_cursor_new_for_display: assertion 'GDK_IS_DISPLAY (display)' failed
Unable to init server: Could not connect: Connection refused
Unable to init server: Could not connect: Connection refused

(DataCollector_Deterministic.py:1641055): Gdk-CRITICAL **: 18:15:06.112: gdk_cursor_new_for_display: assertion 'GDK_IS_DISPLAY (display)' failed
Unable to init server: Could not connect: Connection refused

(DataCollector_Deterministic.py:1641357): Gdk-CRITICAL **: 18:15:06.427: gdk_cursor_new_for_display: assertion 'GDK_IS_DISPLAY (display)' failed
Unable to init server: Could not connect: Connection refused
Unable to init server: Could not connect: Connection refused

(DataCollector_Deterministic.py:1641594): Gdk-CRITICAL **: 18:15:06.552: gdk_cursor_new_for_display: assertion 'GDK_IS_DISPLAY (display)' failed
Unable to init server: Could not connect: Connection refused

(DataCollector_Deterministic.py:1642174): Gdk-CRITICAL **: 18:15:06.690: gdk_cursor_new_for_display: assertion 'GDK_IS_DISPLAY (display)' failed
Unable to init server: Could not connect: Connection refused

(DataCollector_Deterministic.py:1641623): Gdk-CRITICAL **: 18:15:06.954: gdk_cursor_new_for_display: assertion 'GDK_IS_DISPLAY (display)' failed
Unable to init server: Could not connect: Connection refused

(DataCollector_Deterministic.py:1642011): Gdk-CRITICAL **: 18:15:07.766: gdk_cursor_new_for_display: assertion 'GDK_IS_DISPLAY (display)' failed
Unable to init server: Could not connect: Connection refused

(DataCollector_Deterministic.py:1641893): Gdk-CRITICAL **: 18:15:07.986: gdk_cursor_new_for_display: assertion 'GDK_IS_DISPLAY (display)' failed
Unable to init server: Could not connect: Connection refused

(DataCollector_Deterministic.py:1642432): Gdk-CRITICAL **: 18:15:08.325: gdk_cursor_new_for_display: assertion 'GDK_IS_DISPLAY (display)' failed
Initalising...
Running Sim...

Data Dump...
Initalising...
Running Sim...

Data Dump...
Initalising...
Running Sim...

Data Dump...
Initalising...
Running Sim...

Data Dump...
Initalising...
Running Sim...

Data Dump...
Initalising...
Running Sim...

Data Dump...
Initalising...
Running Sim...

Data Dump...
Initalising...
Running Sim...

Data Dump...
Initalising...
Running Sim...

Data Dump...
Initalising...
Running Sim...

Data Dump...
Initalising...
Running Sim...

Data Dump...
Initalising...
Running Sim...

Data Dump...
Initalising...
Running Sim...
.Initalising...
Running Sim...
.Initalising...
Running Sim...
.Initalising...
Running Sim...
.Initalising...
Running Sim...
.Initalising...
Running Sim...
.Initalising...
Running Sim...
.Initalising...
Running Sim...
.Initalising...
Running Sim...
.Initalising...
Running Sim...
.Initalising...
Running Sim...
.Initalising...
Running Sim...
.Initalising...
Running Sim...
.Initalising...
Running Sim...
.Initalising...
Running Sim...
.Initalising...
Running Sim...
.Initalising...
Running Sim...
.Initalising...
Running Sim...
.Initalising...
Running Sim...
.Initalising...
Running Sim...
.Initalising...
Running Sim...
.Initalising...
Running Sim...
.Initalising...
Running Sim...
.Initalising...
Running Sim...
.Initalising...
Running Sim...
.Initalising...
Running Sim...
.Initalising...
Running Sim...
.Initalising...
Running Sim...
.Initalising...
Running Sim...
.Initalising...
Running Sim...
.Initalising...
Running Sim...
.Initalising...
Running Sim...
.Initalising...
Running Sim...
.Initalising...
Running Sim...
.Initalising...
Running Sim...
.Initalising...
Running Sim...
.Initalising...
Running Sim...
.Initalising...
Running Sim...
.Initalising...
Running Sim...
.Initalising...
Running Sim...
.Initalising...
Running Sim...
.Initalising...
Running Sim...
.Initalising...
Running Sim...
.Initalising...
Running Sim...
.Initalising...
Running Sim...
.Initalising...
Running Sim...
.Initalising...
Running Sim...
.Initalising...
Running Sim...
.Initalising...
Running Sim...
.Initalising...
Running Sim...
.Initalising...
Running Sim...
.Initalising...
Running Sim...
.Initalising...
Running Sim...
.Initalising...
Running Sim...
.Initalising...
Running Sim...
.Initalising...
Running Sim...
.Initalising...
Running Sim...
.Initalising...
Running Sim...
.Initalising...
Running Sim...
.Initalising...
Running Sim...
.Initalising...
Running Sim...
.Initalising...
Running Sim...
.Initalising...
Running Sim...
.Initalising...
Running Sim...
.Initalising...
Running Sim...
.Initalising...
Running Sim...
.Initalising...
Running Sim...
.Initalising...
Running Sim...
.Initalising...
Running Sim...
.Initalising...
Running Sim...
.Initalising...
Running Sim...
.Initalising...
Running Sim...
.Initalising...
Running Sim...
.Initalising...
Running Sim...
.Initalising...
Running Sim...
.Initalising...
Running Sim...
.Initalising...
Running Sim...
.Initalising...
Running Sim...
.Initalising...
Running Sim...
.Initalising...
Running Sim...
.Initalising...
Running Sim...
.Initalising...
Running Sim...
.Initalising...
Running Sim...
.Initalising...
Running Sim...
.Initalising...
Running Sim...
.Initalising...
Running Sim...
.Initalising...
Running Sim...
.Initalising...
Running Sim...
.......................................................................................................................................................................................................................................................................................................................................................................................................................................................................................................................................................................................................................................................................................................................................................................
[1737 9150]
..............
[1726 9126]
...
[1723 9120]
...
[1873 9012]
.
[1752 9132]
..
[1735 9133]
.
[1742 9135]
...
[1716 9149]
...
[1824 8999]
.
[1733 9138]
.
[1733 9136]
.
[1683 9180]
..
[1729 9125]
.
[1785 9061]
...
[1717 9143]
.
[1679 9184]
..
[1705 9123]
.
[1728 9148]
..
[1694 9092]
...
[1836 9011]
.
[1807 9051]
.
[1784 9045]
.
[1753 9098]
..
[1821 9031]
.
[1826 9016]
.
[1809 9071]
.
[1843 8966]
.
[1804 9052]
..
[2203 8639]
.
[1928 8876]
.
[1711 9106]
.
[1774 9031]
.
[1726 9128]
.
[1823 9038]
....
[9318 1332]
.
[1745 9104]
.
[1710 9113]
......
[2070 8765]
.......
[9213 1491]
.
[2080 8721]
....
[2279 8481]
...
[2150 8705]
.
[9297 1321]
...
[9034 1589]
.
[9145 1498]
..
[9202 1484]
..
[8707 1952]
.
[2697 8017]
....
[2931 7818]
..
[2418 8331]
....
[9069 1541]
....
[8669 1937]
..
[9258 1423]
..
[2842 7860]
..
[8957 1659]
...
[8692 1923]
........
[2948 7736]
.........
[8425 2191]
....
[8210 2372]
..
[6325 4234]
.
[3952 6702]
.
[3598 7121]
.
[7840 2726]
..
[3213 7414]
...
[3440 7213]
...
[7741 2799]
.
[5026 5613]
.
[4155 6515]
..
[4303 6308]
..
[6407 4137]
..
[6372 4202]
.......
[7061 3524]
......
[7656 2926]
...
[4606 6017]
..
[5060 5548]
.
[6425 4148]
.
[6516 4103]
....
[7022 3542]
.
[5764 4801]
.
[5341 5244]
.........
[5929 4653]
...
[6543 4032]
.....
[5950 4665]
.
[6243 4291]
..
[6197 4382]
..
[6292 4328]
............
[5227 5370]
.
[5856 4723]
.......................................................................................................................................................................................................................................................
Data Dump...
..
Data Dump...
......
Data Dump...
.................
Data Dump...
..........................................................................................
[ 100 3692]
..............................................................................
[  50 3960]
......
[  57 3801]
........
[  73 3856]
................................
[  65 3692]
......................
[  77 3674]
........
[  89 3573]
.....................................
[ 113 3276]
...
[ 137 3264]
.
[  88 3380]
...................
[ 131 3227]
.....
[ 174 3037]
................
[3574   24]
..........
[ 126 3182]
..
[ 165 3019]
..
[ 147 3049]
..
[ 183 2915]
..
[ 291 2725]
....
[ 235 2786]
.....
[ 231 2824]
.
[ 181 2922]
..
[ 189 3015]
.
[ 231 2829]
....
[ 159 2950]
....
[3446   52]
......
[ 209 2932]
..
[ 232 2832]
...
[3479   36]
................
[ 228 2758]
.....
[ 207 2812]
...
[ 246 2760]
.
[ 232 2832]
.....
[ 259 2741]
........
[3235   62]
.
[ 244 2772]
...
[3359   66]
...............
[3242   77]
...
[3347   55]
....................
[ 303 2535]
..
[ 420 2397]
......
[3157   80]
...
[2982  115]
.
[ 415 2424]
....
[ 340 2559]
..
[ 496 2270]
................
[3084  123]
..
[3019  102]
........
[ 386 2425]
...............................
[2922  124]
.............
[2789  160]
......
[2085  561]
......................
[ 49 117]
..
[ 530 2252]
.....
[ 663 1957]
..
[2685  223]
...
Data Dump...
............
[ 705 1901]
.....
[2122  541]
...
[ 694 1900]
................
[2591  253]
........
[2393  377]
..
[2084  595]
...
[2591  263]
..
[1108 1453]
........
[ 716 1836]
.......
[ 841 1682]
......
[1008 1576]
.
[2206  494]
.
[2332  398]
.......
[ 938 1613]
....
[2171  506]
.
[1285 1220]
...........
[1910  752]
....
[1656  944]
..
[1246 1325]
..........
[2176  473]
.
[2006  576]
...
[1478 1088]
........
[1694  921]
...
[1920  666]
.
[2098  566]
....
[1965  721]
...
[1627  964]
......
[ 24 139]

Data Dump...

[2041  549]
.......
[ 24 122]
.
[1892  709]
......
Data Dump...
...............................
[ 32 126]
....
[1672  886]
..................
Data Dump...
...........................
[ 34 117]
......................
Data Dump...
......................
[ 34 116]
......
[ 25 108]
.............
Data Dump...
..................
Data Dump...
...............................
[49 86]
...........
[40 82]
.................
[210  13]
...
[40 91]
.......................
Data Dump...
...
Data Dump...
...
[39 69]
.
Data Dump...
..............
[34 81]
...
[29 99]
.....
Data Dump...
......................
[179  17]
.
Data Dump...
......
[45 95]
...........
[42 77]
.
Data Dump...

Data Dump...
.............
[40 71]
......
[42 90]
......
[53 77]
....
[48 73]
....
[44 86]
.....
[46 81]
..
Data Dump...
....
Data Dump...

Data Dump...
.....................
[199  15]
.
[45 77]
..........
Data Dump...

Data Dump...
...
[162  21]
.
[ 39 100]
....
[41 88]
....
[41 74]
...
Data Dump...
...
[206  21]
.
[51 94]
.
[196  13]
...
Data Dump...

[44 70]
.
[48 73]
....
Data Dump...

Data Dump...
.
Data Dump...
.
[37 69]
.
[160  14]
..........
[42 81]
............
Data Dump...
........
Data Dump...

Data Dump...
..........
Data Dump...
...
Data Dump...
....
[65 63]
..
Data Dump...

[51 65]
...
Data Dump...
.
Data Dump...
.
[59 69]
.
[168  20]
...
[143  13]
.
Data Dump...

Data Dump...

[52 74]
....
Data Dump...
..
Data Dump...
....
[152  15]
.
Data Dump...
......
[44 75]
..
[168  18]
.........................
Data Dump...
.
[183  17]
.
[69 63]
...........
Data Dump...

Data Dump...
.
[148  21]
....
Data Dump...

Data Dump...
.
Data Dump...
.........
[123  27]
...
Data Dump...
.......
Data Dump...
.
Data Dump...
.............
[148  19]
...
[59 39]
...
[61 53]
....
Data Dump...
..
[56 62]
....
[67 62]
.
[78 51]
..
Data Dump...
....
Data Dump...

[146  29]
..
[119  22]
....
[132  33]
........
[80 51]
...........
[149  29]
..
[85 41]
........
[72 46]
..
Data Dump...
.....
[121  25]
....
Data Dump...

[97 41]
.
Data Dump...

[113  33]
..
Data Dump...

[145  29]
..
[92 38]
.
Data Dump...
....
[133  38]
.
Data Dump...
..
[129  24]
..
Data Dump...

[108  19]
.....
[121  27]
.
[86 39]
..
Data Dump...
..
[114  31]
...
[110  32]
.
[99 35]
..
[113  41]
.
Data Dump...

Data Dump...
...
[101  35]
...
[87 22]
..
Data Dump...
.
[101  36]
.
Data Dump...

Data Dump...
...
[102  39]
...........
[76 35]
.
Data Dump...
.....
Data Dump...

Data Dump...
..
Data Dump...

Data Dump...
..
Data Dump...
...
Data Dump...

Data Dump...
.
[115  35]
..
Data Dump...
.
Data Dump...
.
[105  44]
...
Data Dump...

Data Dump...

Data Dump...
.
Data Dump...

Data Dump...
....
Data Dump...

Data Dump...

Data Dump...
.
Data Dump...

Data Dump...
..
Data Dump...

Data Dump...
High 2 3
Done
