Unable to init server: Could not connect: Connection refused
Unable to init server: Could not connect: Connection refused
Unable to init server: Could not connect: Connection refused

(DataCollector_Deterministic.py:1641502): Gdk-CRITICAL **: 18:14:28.979: gdk_cursor_new_for_display: assertion 'GDK_IS_DISPLAY (display)' failed
Unable to init server: Could not connect: Connection refused

(DataCollector_Deterministic.py:1642633): Gdk-CRITICAL **: 18:14:28.997: gdk_cursor_new_for_display: assertion 'GDK_IS_DISPLAY (display)' failed
Unable to init server: Could not connect: Connection refused
Unable to init server: Could not connect: Connection refused
Unable to init server: Could not connect: Connection refused
Unable to init server: Could not connect: Connection refused
Unable to init server: Could not connect: Connection refused
Unable to init server: Could not connect: Connection refused
Unable to init server: Could not connect: Connection refused

(DataCollector_Deterministic.py:1642407): Gdk-CRITICAL **: 18:14:41.799: gdk_cursor_new_for_display: assertion 'GDK_IS_DISPLAY (display)' failed
Unable to init server: Could not connect: Connection refused

(DataCollector_Deterministic.py:1642801): Gdk-CRITICAL **: 18:14:41.845: gdk_cursor_new_for_display: assertion 'GDK_IS_DISPLAY (display)' failed
Unable to init server: Could not connect: Connection refused
Unable to init server: Could not connect: Connection refused

(DataCollector_Deterministic.py:1640675): Gdk-CRITICAL **: 18:14:42.031: gdk_cursor_new_for_display: assertion 'GDK_IS_DISPLAY (display)' failed
Unable to init server: Could not connect: Connection refused

(DataCollector_Deterministic.py:1642854): Gdk-CRITICAL **: 18:14:42.141: gdk_cursor_new_for_display: assertion 'GDK_IS_DISPLAY (display)' failed
Unable to init server: Could not connect: Connection refused

(DataCollector_Deterministic.py:1640930): Gdk-CRITICAL **: 18:14:42.994: gdk_cursor_new_for_display: assertion 'GDK_IS_DISPLAY (display)' failed
Unable to init server: Could not connect: Connection refused
Unable to init server: Could not connect: Connection refused
Unable to init server: Could not connect: Connection refused
Unable to init server: Could not connect: Connection refused

(DataCollector_Deterministic.py:1640838): Gdk-CRITICAL **: 18:14:43.219: gdk_cursor_new_for_display: assertion 'GDK_IS_DISPLAY (display)' failed
Unable to init server: Could not connect: Connection refused
Unable to init server: Could not connect: Connection refused

(DataCollector_Deterministic.py:1641336): Gdk-CRITICAL **: 18:14:43.372: gdk_cursor_new_for_display: assertion 'GDK_IS_DISPLAY (display)' failed
Unable to init server: Could not connect: Connection refused
Unable to init server: Could not connect: Connection refused
Unable to init server: Could not connect: Connection refused
Unable to init server: Could not connect: Connection refused
Unable to init server: Could not connect: Connection refused
Unable to init server: Could not connect: Connection refused
Unable to init server: Could not connect: Connection refused
Unable to init server: Could not connect: Connection refused
Unable to init server: Could not connect: Connection refused
Unable to init server: Could not connect: Connection refused
Unable to init server: Could not connect: Connection refused
Unable to init server: Could not connect: Connection refused
Unable to init server: Could not connect: Connection refused
Unable to init server: Could not connect: Connection refused
Unable to init server: Could not connect: Connection refused
Unable to init server: Could not connect: Connection refused
Unable to init server: Could not connect: Connection refused
Unable to init server: Could not connect: Connection refused
Unable to init server: Could not connect: Connection refused
Unable to init server: Could not connect: Connection refused
Unable to init server: Could not connect: Connection refused
Unable to init server: Could not connect: Connection refused
Unable to init server: Could not connect: Connection refused

(DataCollector_Deterministic.py:1640645): Gdk-CRITICAL **: 18:14:45.122: gdk_cursor_new_for_display: assertion 'GDK_IS_DISPLAY (display)' failed
Unable to init server: Could not connect: Connection refused

(DataCollector_Deterministic.py:1642219): Gdk-CRITICAL **: 18:14:45.126: gdk_cursor_new_for_display: assertion 'GDK_IS_DISPLAY (display)' failed
Unable to init server: Could not connect: Connection refused

(DataCollector_Deterministic.py:1641959): Gdk-CRITICAL **: 18:14:45.142: gdk_cursor_new_for_display: assertion 'GDK_IS_DISPLAY (display)' failed
Unable to init server: Could not connect: Connection refused

(DataCollector_Deterministic.py:1642650): Gdk-CRITICAL **: 18:14:45.222: gdk_cursor_new_for_display: assertion 'GDK_IS_DISPLAY (display)' failed
Unable to init server: Could not connect: Connection refused

(DataCollector_Deterministic.py:1642173): Gdk-CRITICAL **: 18:14:45.244: gdk_cursor_new_for_display: assertion 'GDK_IS_DISPLAY (display)' failed
Unable to init server: Could not connect: Connection refused

(DataCollector_Deterministic.py:1642717): Gdk-CRITICAL **: 18:14:45.270: gdk_cursor_new_for_display: assertion 'GDK_IS_DISPLAY (display)' failed
Unable to init server: Could not connect: Connection refused

(DataCollector_Deterministic.py:1642447): Gdk-CRITICAL **: 18:14:45.306: gdk_cursor_new_for_display: assertion 'GDK_IS_DISPLAY (display)' failed
Unable to init server: Could not connect: Connection refused

(DataCollector_Deterministic.py:1641406): Gdk-CRITICAL **: 18:14:45.318: gdk_cursor_new_for_display: assertion 'GDK_IS_DISPLAY (display)' failed
Unable to init server: Could not connect: Connection refused

(DataCollector_Deterministic.py:1640725): Gdk-CRITICAL **: 18:14:45.402: gdk_cursor_new_for_display: assertion 'GDK_IS_DISPLAY (display)' failed
Unable to init server: Could not connect: Connection refused
Unable to init server: Could not connect: Connection refused

(DataCollector_Deterministic.py:1641570): Gdk-CRITICAL **: 18:14:45.511: gdk_cursor_new_for_display: assertion 'GDK_IS_DISPLAY (display)' failed
Unable to init server: Could not connect: Connection refused

(DataCollector_Deterministic.py:1641887): Gdk-CRITICAL **: 18:14:45.514: gdk_cursor_new_for_display: assertion 'GDK_IS_DISPLAY (display)' failed
Unable to init server: Could not connect: Connection refused

(DataCollector_Deterministic.py:1640740): Gdk-CRITICAL **: 18:14:45.535: gdk_cursor_new_for_display: assertion 'GDK_IS_DISPLAY (display)' failed
Unable to init server: Could not connect: Connection refused

(DataCollector_Deterministic.py:1641132): Gdk-CRITICAL **: 18:14:45.558: gdk_cursor_new_for_display: assertion 'GDK_IS_DISPLAY (display)' failed
Unable to init server: Could not connect: Connection refused

(DataCollector_Deterministic.py:1640593): Gdk-CRITICAL **: 18:14:45.566: gdk_cursor_new_for_display: assertion 'GDK_IS_DISPLAY (display)' failed
Unable to init server: Could not connect: Connection refused

(DataCollector_Deterministic.py:1642667): Gdk-CRITICAL **: 18:14:45.702: gdk_cursor_new_for_display: assertion 'GDK_IS_DISPLAY (display)' failed
Unable to init server: Could not connect: Connection refused

(DataCollector_Deterministic.py:1641718): Gdk-CRITICAL **: 18:14:45.843: gdk_cursor_new_for_display: assertion 'GDK_IS_DISPLAY (display)' failed
Unable to init server: Could not connect: Connection refused

(DataCollector_Deterministic.py:1641170): Gdk-CRITICAL **: 18:14:45.859: gdk_cursor_new_for_display: assertion 'GDK_IS_DISPLAY (display)' failed
Unable to init server: Could not connect: Connection refused

(DataCollector_Deterministic.py:1642207): Gdk-CRITICAL **: 18:14:45.987: gdk_cursor_new_for_display: assertion 'GDK_IS_DISPLAY (display)' failed
Unable to init server: Could not connect: Connection refused

(DataCollector_Deterministic.py:1640659): Gdk-CRITICAL **: 18:14:46.015: gdk_cursor_new_for_display: assertion 'GDK_IS_DISPLAY (display)' failed
Unable to init server: Could not connect: Connection refused

(DataCollector_Deterministic.py:1642347): Gdk-CRITICAL **: 18:14:46.083: gdk_cursor_new_for_display: assertion 'GDK_IS_DISPLAY (display)' failed
Unable to init server: Could not connect: Connection refused

(DataCollector_Deterministic.py:1641224): Gdk-CRITICAL **: 18:14:46.162: gdk_cursor_new_for_display: assertion 'GDK_IS_DISPLAY (display)' failed
Unable to init server: Could not connect: Connection refused

(DataCollector_Deterministic.py:1642303): Gdk-CRITICAL **: 18:14:46.235: gdk_cursor_new_for_display: assertion 'GDK_IS_DISPLAY (display)' failed
Unable to init server: Could not connect: Connection refused

(DataCollector_Deterministic.py:1641188): Gdk-CRITICAL **: 18:14:46.335: gdk_cursor_new_for_display: assertion 'GDK_IS_DISPLAY (display)' failed
Unable to init server: Could not connect: Connection refused

(DataCollector_Deterministic.py:1641090): Gdk-CRITICAL **: 18:14:46.387: gdk_cursor_new_for_display: assertion 'GDK_IS_DISPLAY (display)' failed
Unable to init server: Could not connect: Connection refused

(DataCollector_Deterministic.py:1642805): Gdk-CRITICAL **: 18:14:46.627: gdk_cursor_new_for_display: assertion 'GDK_IS_DISPLAY (display)' failed
Unable to init server: Could not connect: Connection refused

(DataCollector_Deterministic.py:1642021): Gdk-CRITICAL **: 18:14:46.750: gdk_cursor_new_for_display: assertion 'GDK_IS_DISPLAY (display)' failed
Unable to init server: Could not connect: Connection refused
Unable to init server: Could not connect: Connection refused

(DataCollector_Deterministic.py:1642424): Gdk-CRITICAL **: 18:14:47.785: gdk_cursor_new_for_display: assertion 'GDK_IS_DISPLAY (display)' failed
Unable to init server: Could not connect: Connection refused
Unable to init server: Could not connect: Connection refused

(DataCollector_Deterministic.py:1641482): Gdk-CRITICAL **: 18:14:48.722: gdk_cursor_new_for_display: assertion 'GDK_IS_DISPLAY (display)' failed
Unable to init server: Could not connect: Connection refused
Unable to init server: Could not connect: Connection refused
Unable to init server: Could not connect: Connection refused

(DataCollector_Deterministic.py:1642166): Gdk-CRITICAL **: 18:14:49.919: gdk_cursor_new_for_display: assertion 'GDK_IS_DISPLAY (display)' failed
Unable to init server: Could not connect: Connection refused
Unable to init server: Could not connect: Connection refused
Unable to init server: Could not connect: Connection refused
Unable to init server: Could not connect: Connection refused
Unable to init server: Could not connect: Connection refused
Unable to init server: Could not connect: Connection refused
Unable to init server: Could not connect: Connection refused
Unable to init server: Could not connect: Connection refused
Unable to init server: Could not connect: Connection refused
Unable to init server: Could not connect: Connection refused
Unable to init server: Could not connect: Connection refused
Unable to init server: Could not connect: Connection refused
Unable to init server: Could not connect: Connection refused
Unable to init server: Could not connect: Connection refused

(DataCollector_Deterministic.py:1641432): Gdk-CRITICAL **: 18:14:51.190: gdk_cursor_new_for_display: assertion 'GDK_IS_DISPLAY (display)' failed
Unable to init server: Could not connect: Connection refused
Unable to init server: Could not connect: Connection refused
Unable to init server: Could not connect: Connection refused

(DataCollector_Deterministic.py:1641081): Gdk-CRITICAL **: 18:14:51.806: gdk_cursor_new_for_display: assertion 'GDK_IS_DISPLAY (display)' failed
Unable to init server: Could not connect: Connection refused
Unable to init server: Could not connect: Connection refused

(DataCollector_Deterministic.py:1641051): Gdk-CRITICAL **: 18:14:52.467: gdk_cursor_new_for_display: assertion 'GDK_IS_DISPLAY (display)' failed
Unable to init server: Could not connect: Connection refused

(DataCollector_Deterministic.py:1641265): Gdk-CRITICAL **: 18:14:52.545: gdk_cursor_new_for_display: assertion 'GDK_IS_DISPLAY (display)' failed
Unable to init server: Could not connect: Connection refused
Unable to init server: Could not connect: Connection refused

(DataCollector_Deterministic.py:1641186): Gdk-CRITICAL **: 18:14:52.928: gdk_cursor_new_for_display: assertion 'GDK_IS_DISPLAY (display)' failed
Unable to init server: Could not connect: Connection refused

(DataCollector_Deterministic.py:1641384): Gdk-CRITICAL **: 18:14:52.939: gdk_cursor_new_for_display: assertion 'GDK_IS_DISPLAY (display)' failed
Unable to init server: Could not connect: Connection refused

(DataCollector_Deterministic.py:1642622): Gdk-CRITICAL **: 18:14:52.952: gdk_cursor_new_for_display: assertion 'GDK_IS_DISPLAY (display)' failed
Unable to init server: Could not connect: Connection refused

(DataCollector_Deterministic.py:1640669): Gdk-CRITICAL **: 18:14:52.987: gdk_cursor_new_for_display: assertion 'GDK_IS_DISPLAY (display)' failed
Unable to init server: Could not connect: Connection refused

(DataCollector_Deterministic.py:1641567): Gdk-CRITICAL **: 18:14:52.990: gdk_cursor_new_for_display: assertion 'GDK_IS_DISPLAY (display)' failed
Unable to init server: Could not connect: Connection refused

(DataCollector_Deterministic.py:1642580): Gdk-CRITICAL **: 18:14:53.047: gdk_cursor_new_for_display: assertion 'GDK_IS_DISPLAY (display)' failed
Unable to init server: Could not connect: Connection refused
Unable to init server: Could not connect: Connection refused

(DataCollector_Deterministic.py:1642790): Gdk-CRITICAL **: 18:14:53.326: gdk_cursor_new_for_display: assertion 'GDK_IS_DISPLAY (display)' failed
Unable to init server: Could not connect: Connection refused

(DataCollector_Deterministic.py:1640631): Gdk-CRITICAL **: 18:14:53.359: gdk_cursor_new_for_display: assertion 'GDK_IS_DISPLAY (display)' failed
Unable to init server: Could not connect: Connection refused

(DataCollector_Deterministic.py:1642835): Gdk-CRITICAL **: 18:14:53.433: gdk_cursor_new_for_display: assertion 'GDK_IS_DISPLAY (display)' failed
Unable to init server: Could not connect: Connection refused

(DataCollector_Deterministic.py:1642763): Gdk-CRITICAL **: 18:14:53.435: gdk_cursor_new_for_display: assertion 'GDK_IS_DISPLAY (display)' failed
Unable to init server: Could not connect: Connection refused

(DataCollector_Deterministic.py:1642821): Gdk-CRITICAL **: 18:14:53.450: gdk_cursor_new_for_display: assertion 'GDK_IS_DISPLAY (display)' failed
Unable to init server: Could not connect: Connection refused

(DataCollector_Deterministic.py:1641545): Gdk-CRITICAL **: 18:14:53.472: gdk_cursor_new_for_display: assertion 'GDK_IS_DISPLAY (display)' failed
Unable to init server: Could not connect: Connection refused
Unable to init server: Could not connect: Connection refused

(DataCollector_Deterministic.py:1642148): Gdk-CRITICAL **: 18:14:53.878: gdk_cursor_new_for_display: assertion 'GDK_IS_DISPLAY (display)' failed
Unable to init server: Could not connect: Connection refused
Unable to init server: Could not connect: Connection refused

(DataCollector_Deterministic.py:1641778): Gdk-CRITICAL **: 18:14:54.125: gdk_cursor_new_for_display: assertion 'GDK_IS_DISPLAY (display)' failed
Unable to init server: Could not connect: Connection refused
Unable to init server: Could not connect: Connection refused

(DataCollector_Deterministic.py:1642099): Gdk-CRITICAL **: 18:14:55.121: gdk_cursor_new_for_display: assertion 'GDK_IS_DISPLAY (display)' failed
Unable to init server: Could not connect: Connection refused

(DataCollector_Deterministic.py:1642259): Gdk-CRITICAL **: 18:14:55.339: gdk_cursor_new_for_display: assertion 'GDK_IS_DISPLAY (display)' failed
Unable to init server: Could not connect: Connection refused

(DataCollector_Deterministic.py:1642379): Gdk-CRITICAL **: 18:14:55.585: gdk_cursor_new_for_display: assertion 'GDK_IS_DISPLAY (display)' failed
Unable to init server: Could not connect: Connection refused

(DataCollector_Deterministic.py:1641691): Gdk-CRITICAL **: 18:14:56.142: gdk_cursor_new_for_display: assertion 'GDK_IS_DISPLAY (display)' failed
Unable to init server: Could not connect: Connection refused

(DataCollector_Deterministic.py:1642082): Gdk-CRITICAL **: 18:14:56.261: gdk_cursor_new_for_display: assertion 'GDK_IS_DISPLAY (display)' failed
Unable to init server: Could not connect: Connection refused
Unable to init server: Could not connect: Connection refused
Unable to init server: Could not connect: Connection refused
Unable to init server: Could not connect: Connection refused
Unable to init server: Could not connect: Connection refused
Unable to init server: Could not connect: Connection refused

(DataCollector_Deterministic.py:1640824): Gdk-CRITICAL **: 18:14:58.387: gdk_cursor_new_for_display: assertion 'GDK_IS_DISPLAY (display)' failed
Unable to init server: Could not connect: Connection refused

(DataCollector_Deterministic.py:1641804): Gdk-CRITICAL **: 18:14:59.154: gdk_cursor_new_for_display: assertion 'GDK_IS_DISPLAY (display)' failed
Unable to init server: Could not connect: Connection refused
Unable to init server: Could not connect: Connection refused

(DataCollector_Deterministic.py:1641462): Gdk-CRITICAL **: 18:14:59.616: gdk_cursor_new_for_display: assertion 'GDK_IS_DISPLAY (display)' failed
Unable to init server: Could not connect: Connection refused
Unable to init server: Could not connect: Connection refused
Unable to init server: Could not connect: Connection refused

(DataCollector_Deterministic.py:1641162): Gdk-CRITICAL **: 18:15:00.130: gdk_cursor_new_for_display: assertion 'GDK_IS_DISPLAY (display)' failed
Unable to init server: Could not connect: Connection refused
Unable to init server: Could not connect: Connection refused
Unable to init server: Could not connect: Connection refused

(DataCollector_Deterministic.py:1641977): Gdk-CRITICAL **: 18:15:00.980: gdk_cursor_new_for_display: assertion 'GDK_IS_DISPLAY (display)' failed
Unable to init server: Could not connect: Connection refused
Unable to init server: Could not connect: Connection refused

(DataCollector_Deterministic.py:1640606): Gdk-CRITICAL **: 18:15:01.269: gdk_cursor_new_for_display: assertion 'GDK_IS_DISPLAY (display)' failed
Unable to init server: Could not connect: Connection refused

(DataCollector_Deterministic.py:1642598): Gdk-CRITICAL **: 18:15:01.659: gdk_cursor_new_for_display: assertion 'GDK_IS_DISPLAY (display)' failed
Unable to init server: Could not connect: Connection refused

(DataCollector_Deterministic.py:1642488): Gdk-CRITICAL **: 18:15:01.687: gdk_cursor_new_for_display: assertion 'GDK_IS_DISPLAY (display)' failed
Unable to init server: Could not connect: Connection refused
Unable to init server: Could not connect: Connection refused

(DataCollector_Deterministic.py:1642534): Gdk-CRITICAL **: 18:15:02.113: gdk_cursor_new_for_display: assertion 'GDK_IS_DISPLAY (display)' failed
Unable to init server: Could not connect: Connection refused
Unable to init server: Could not connect: Connection refused
Unable to init server: Could not connect: Connection refused
Unable to init server: Could not connect: Connection refused
Unable to init server: Could not connect: Connection refused

(DataCollector_Deterministic.py:1640861): Gdk-CRITICAL **: 18:15:03.078: gdk_cursor_new_for_display: assertion 'GDK_IS_DISPLAY (display)' failed
Unable to init server: Could not connect: Connection refused

(DataCollector_Deterministic.py:1641814): Gdk-CRITICAL **: 18:15:03.307: gdk_cursor_new_for_display: assertion 'GDK_IS_DISPLAY (display)' failed
Unable to init server: Could not connect: Connection refused
Unable to init server: Could not connect: Connection refused
Unable to init server: Could not connect: Connection refused
Unable to init server: Could not connect: Connection refused
Unable to init server: Could not connect: Connection refused

(DataCollector_Deterministic.py:1642003): Gdk-CRITICAL **: 18:15:03.671: gdk_cursor_new_for_display: assertion 'GDK_IS_DISPLAY (display)' failed
Unable to init server: Could not connect: Connection refused
Unable to init server: Could not connect: Connection refused
Unable to init server: Could not connect: Connection refused
Unable to init server: Could not connect: Connection refused

(DataCollector_Deterministic.py:1642848): Gdk-CRITICAL **: 18:15:04.203: gdk_cursor_new_for_display: assertion 'GDK_IS_DISPLAY (display)' failed
Unable to init server: Could not connect: Connection refused

(DataCollector_Deterministic.py:1642861): Gdk-CRITICAL **: 18:15:04.315: gdk_cursor_new_for_display: assertion 'GDK_IS_DISPLAY (display)' failed
Unable to init server: Could not connect: Connection refused
Unable to init server: Could not connect: Connection refused
Unable to init server: Could not connect: Connection refused

(DataCollector_Deterministic.py:1641741): Gdk-CRITICAL **: 18:15:04.715: gdk_cursor_new_for_display: assertion 'GDK_IS_DISPLAY (display)' failed
Unable to init server: Could not connect: Connection refused

(DataCollector_Deterministic.py:1642247): Gdk-CRITICAL **: 18:15:04.725: gdk_cursor_new_for_display: assertion 'GDK_IS_DISPLAY (display)' failed
Unable to init server: Could not connect: Connection refused
Unable to init server: Could not connect: Connection refused

(DataCollector_Deterministic.py:1640804): Gdk-CRITICAL **: 18:15:05.247: gdk_cursor_new_for_display: assertion 'GDK_IS_DISPLAY (display)' failed
Unable to init server: Could not connect: Connection refused

(DataCollector_Deterministic.py:1641632): Gdk-CRITICAL **: 18:15:05.379: gdk_cursor_new_for_display: assertion 'GDK_IS_DISPLAY (display)' failed
Unable to init server: Could not connect: Connection refused

(DataCollector_Deterministic.py:1641213): Gdk-CRITICAL **: 18:15:05.406: gdk_cursor_new_for_display: assertion 'GDK_IS_DISPLAY (display)' failed
Unable to init server: Could not connect: Connection refused
Unable to init server: Could not connect: Connection refused

(DataCollector_Deterministic.py:1640873): Gdk-CRITICAL **: 18:15:05.656: gdk_cursor_new_for_display: assertion 'GDK_IS_DISPLAY (display)' failed
Unable to init server: Could not connect: Connection refused

(DataCollector_Deterministic.py:1642039): Gdk-CRITICAL **: 18:15:05.707: gdk_cursor_new_for_display: assertion 'GDK_IS_DISPLAY (display)' failed
Unable to init server: Could not connect: Connection refused
Unable to init server: Could not connect: Connection refused
Unable to init server: Could not connect: Connection refused

(DataCollector_Deterministic.py:1642769): Gdk-CRITICAL **: 18:15:05.778: gdk_cursor_new_for_display: assertion 'GDK_IS_DISPLAY (display)' failed
Unable to init server: Could not connect: Connection refused
Unable to init server: Could not connect: Connection refused

(DataCollector_Deterministic.py:1640982): Gdk-CRITICAL **: 18:15:05.827: gdk_cursor_new_for_display: assertion 'GDK_IS_DISPLAY (display)' failed
Unable to init server: Could not connect: Connection refused
Unable to init server: Could not connect: Connection refused
Unable to init server: Could not connect: Connection refused

(DataCollector_Deterministic.py:1641282): Gdk-CRITICAL **: 18:15:06.086: gdk_cursor_new_for_display: assertion 'GDK_IS_DISPLAY (display)' failed
Unable to init server: Could not connect: Connection refused
Unable to init server: Could not connect: Connection refused
Unable to init server: Could not connect: Connection refused

(DataCollector_Deterministic.py:1641826): Gdk-CRITICAL **: 18:15:06.194: gdk_cursor_new_for_display: assertion 'GDK_IS_DISPLAY (display)' failed
Unable to init server: Could not connect: Connection refused
Unable to init server: Could not connect: Connection refused
Unable to init server: Could not connect: Connection refused
Unable to init server: Could not connect: Connection refused

(DataCollector_Deterministic.py:1642839): Gdk-CRITICAL **: 18:15:06.902: gdk_cursor_new_for_display: assertion 'GDK_IS_DISPLAY (display)' failed
Unable to init server: Could not connect: Connection refused
Unable to init server: Could not connect: Connection refused
Unable to init server: Could not connect: Connection refused

(DataCollector_Deterministic.py:1641573): Gdk-CRITICAL **: 18:15:07.170: gdk_cursor_new_for_display: assertion 'GDK_IS_DISPLAY (display)' failed
Unable to init server: Could not connect: Connection refused

(DataCollector_Deterministic.py:1641523): Gdk-CRITICAL **: 18:15:07.407: gdk_cursor_new_for_display: assertion 'GDK_IS_DISPLAY (display)' failed
Unable to init server: Could not connect: Connection refused

(DataCollector_Deterministic.py:1642126): Gdk-CRITICAL **: 18:15:07.495: gdk_cursor_new_for_display: assertion 'GDK_IS_DISPLAY (display)' failed
Unable to init server: Could not connect: Connection refused

(DataCollector_Deterministic.py:1642699): Gdk-CRITICAL **: 18:15:07.530: gdk_cursor_new_for_display: assertion 'GDK_IS_DISPLAY (display)' failed
Unable to init server: Could not connect: Connection refused

(DataCollector_Deterministic.py:1642677): Gdk-CRITICAL **: 18:15:07.769: gdk_cursor_new_for_display: assertion 'GDK_IS_DISPLAY (display)' failed
Unable to init server: Could not connect: Connection refused

(DataCollector_Deterministic.py:1641000): Gdk-CRITICAL **: 18:15:07.815: gdk_cursor_new_for_display: assertion 'GDK_IS_DISPLAY (display)' failed
Unable to init server: Could not connect: Connection refused

(DataCollector_Deterministic.py:1640563): Gdk-CRITICAL **: 18:15:08.083: gdk_cursor_new_for_display: assertion 'GDK_IS_DISPLAY (display)' failed
Unable to init server: Could not connect: Connection refused

(DataCollector_Deterministic.py:1640618): Gdk-CRITICAL **: 18:15:08.147: gdk_cursor_new_for_display: assertion 'GDK_IS_DISPLAY (display)' failed
Unable to init server: Could not connect: Connection refused

(DataCollector_Deterministic.py:1641302): Gdk-CRITICAL **: 18:15:08.179: gdk_cursor_new_for_display: assertion 'GDK_IS_DISPLAY (display)' failed
Unable to init server: Could not connect: Connection refused

(DataCollector_Deterministic.py:1642592): Gdk-CRITICAL **: 18:15:08.242: gdk_cursor_new_for_display: assertion 'GDK_IS_DISPLAY (display)' failed
Unable to init server: Could not connect: Connection refused

(DataCollector_Deterministic.py:1642515): Gdk-CRITICAL **: 18:15:08.286: gdk_cursor_new_for_display: assertion 'GDK_IS_DISPLAY (display)' failed
Unable to init server: Could not connect: Connection refused

(DataCollector_Deterministic.py:1642468): Gdk-CRITICAL **: 18:15:08.670: gdk_cursor_new_for_display: assertion 'GDK_IS_DISPLAY (display)' failed
Unable to init server: Could not connect: Connection refused

(DataCollector_Deterministic.py:1641927): Gdk-CRITICAL **: 18:15:08.931: gdk_cursor_new_for_display: assertion 'GDK_IS_DISPLAY (display)' failed
Initalising...
Running Sim...

Data Dump...
Initalising...
Running Sim...

Data Dump...
Initalising...
Running Sim...

Data Dump...
Initalising...
Running Sim...

Data Dump...
Initalising...
Running Sim...

Data Dump...
Initalising...
Running Sim...

Data Dump...
Initalising...
Running Sim...

Data Dump...
Initalising...
Running Sim...

Data Dump...
Initalising...
Running Sim...

Data Dump...
Initalising...
Running Sim...
.Initalising...
Running Sim...

Data Dump...
Initalising...
Running Sim...
.Initalising...
Running Sim...
.Initalising...
Running Sim...
.Initalising...
Running Sim...
.Initalising...
Running Sim...
.Initalising...
Running Sim...
.Initalising...
Running Sim...
.Initalising...
Running Sim...
.Initalising...
Running Sim...
.Initalising...
Running Sim...
.Initalising...
Running Sim...
.Initalising...
Running Sim...
.Initalising...
Running Sim...
.Initalising...
Running Sim...
.Initalising...
Running Sim...
.Initalising...
Running Sim...
.Initalising...
Running Sim...
.Initalising...
Running Sim...
.Initalising...
Running Sim...
.Initalising...
Running Sim...
.Initalising...
Running Sim...
.Initalising...
Running Sim...
.Initalising...
Running Sim...
.Initalising...
Running Sim...
.Initalising...
Running Sim...
.Initalising...
Running Sim...
.Initalising...
Running Sim...
.Initalising...
Running Sim...
.Initalising...
Running Sim...
.Initalising...
Running Sim...
.Initalising...
Running Sim...
.Initalising...
Running Sim...
.Initalising...
Running Sim...
.Initalising...
Running Sim...
.Initalising...
Running Sim...
.Initalising...
Running Sim...
.Initalising...
Running Sim...
.Initalising...
Running Sim...
.Initalising...
Running Sim...
.Initalising...
Running Sim...
.Initalising...
Running Sim...
.Initalising...
Running Sim...
.Initalising...
Running Sim...
.Initalising...
Running Sim...
.Initalising...
Running Sim...
.Initalising...
Running Sim...
.Initalising...
Running Sim...
.Initalising...
Running Sim...
.Initalising...
Running Sim...
.Initalising...
Running Sim...
.Initalising...
Running Sim...
.Initalising...
Running Sim...
.Initalising...
Running Sim...
.Initalising...
Running Sim...
.Initalising...
Running Sim...
.Initalising...
Running Sim...
.Initalising...
Running Sim...
.Initalising...
Running Sim...
.Initalising...
Running Sim...
.Initalising...
Running Sim...
.Initalising...
Running Sim...
.Initalising...
Running Sim...
.Initalising...
Running Sim...
.Initalising...
Running Sim...
.Initalising...
Running Sim...
.Initalising...
Running Sim...
.Initalising...
Running Sim...
.Initalising...
Running Sim...
.Initalising...
Running Sim...
.Initalising...
Running Sim...
.Initalising...
Running Sim...
.Initalising...
Running Sim...
.Initalising...
Running Sim...
.Initalising...
Running Sim...
.Initalising...
Running Sim...
.Initalising...
Running Sim...
.Initalising...
Running Sim...
.Initalising...
Running Sim...
.Initalising...
Running Sim...
.Initalising...
Running Sim...
.Initalising...
Running Sim...
.Initalising...
Running Sim...
.Initalising...
Running Sim...
.Initalising...
Running Sim...
.Initalising...
Running Sim...
.Initalising...
Running Sim...
.Initalising...
Running Sim...
.Initalising...
Running Sim...
.Initalising...
Running Sim...
....................................................................................................................................................................................................................................................................................................................................................................................................................................................................................................................................................................................................................................................................................................................................................
[1749 9122]
............
[9042 1899]
...........................................
[1827 9043]
...................
[1695 9155]
.
[1727 9144]
.
[1794 9094]
......
[1711 9154]
....
[1756 9131]
.
[1704 9186]
....
[1708 9134]
..
[2648 8142]
..
[2619 8175]
....
[1734 9118]
.
[1695 9144]
..
[1723 9127]
.
[1713 9124]
.
[1865 8994]
..
[1769 9121]
.
[1662 9146]
.
[1718 9173]
.
[1735 9125]
.
[1833 9074]
.
[1813 9070]
.
[1717 9130]
.
[1695 9152]
.
[1706 9149]
.
[1745 9150]
.
[1703 9125]
.
[1831 8975]
.
[1691 9155]
.
[1714 9181]
.
[1690 9171]
.
[1792 9074]
.
[1738 9096]
.
[1708 9178]
..
[1780 9122]
.
[1859 8963]
.
[1709 9126]
.
[1888 8912]
.
[1713 9109]
.
[1852 9005]
.
[1664 9151]
.
[1728 9128]
.
[1751 9088]
.
[2043 8797]
.
[1981 8827]
.
[1752 9115]
.
[1796 9016]
.
[1810 9031]
.
[2385 8481]
.
[1667 9177]
..
[1754 9121]
.
[1713 9138]
.
[1948 8924]
.
[1834 8991]
.
[7732 3151]
.
[1745 9118]
.
[1654 9168]
.....
[1974 8838]
.
[1761 9105]
.
[1744 9124]
..
[2572 8198]
..
[1811 9010]
.
[1949 8859]
..
[1743 9134]
..
[1793 9074]
.
[1782 9054]
.
[1836 9035]
.
[2154 8678]
..
[2032 8794]
..
[2426 8328]
.
[1681 9158]
..
[2947 7804]
...
[7287 3500]
..
[3191 7625]
.
[3122 7690]
.
[2762 8022]
..
[2803 7957]
.
[2753 8033]
..
[2278 8564]
.....
[3273 7475]
......
[3877 6879]
..
[2934 7856]
...
[3162 7604]
..
[2654 8157]
.......
[5038 5760]
.
[3578 7212]
..
[4242 6533]
....
[4342 6399]
.................
[4156 6603]
.......................................................................................................................................................................................................................................
Data Dump...
........................................
Data Dump...
.................................................................................................................
Data Dump...
.
Data Dump...
......
Data Dump...
.............
Data Dump...
..
Data Dump...
....
Data Dump...
.......
Data Dump...
................
Data Dump...
.......
Data Dump...
........
Data Dump...
..
Data Dump...
.................
Data Dump...
...............................
[  37 4555]
.............................................................
[  42 4446]
..........................
[  44 4326]
.
[  52 4316]
...
[  45 4461]
..
[  43 4431]
..........
[  52 4260]
.....
[  52 4357]
.
[  54 4512]
..
[  45 4408]
......
[  50 4241]
.....
[  39 4254]
.
[  48 4366]
...........
[  50 4257]
....
[  65 4223]
........
[  51 4216]
..............
[  55 4263]
.
[  45 4325]
.
[  49 4312]
....
[  45 4228]
..........
[ 105 3783]
...
[  76 4125]
....
[  74 4017]
....
[  73 4139]
................
[  67 4035]
.....
[  85 3953]
.
[  61 4131]
...
[  66 4153]
.
[  60 4131]
....
[  96 3910]
.......
[ 101 3918]
..
[ 108 3666]
..................................
[  93 3798]
....
[  88 3986]
.......
[ 100 3808]
.
[ 105 3760]
..................
[ 109 3732]
.......
[ 149 3621]
..
[  91 3786]
.
[ 109 3734]
.....
[ 135 3621]
.
[ 141 3489]
....
[  92 3742]
...
[ 296 3074]
.
[ 108 3829]
...........
[ 110 3746]
...
[ 306 3063]
...
[ 147 3441]
...
[ 165 3499]
.....
[ 149 3555]
............................
[ 175 3460]
....
[ 153 3468]
...
[ 268 3223]
......................
Data Dump...
................
[ 166 3454]
...........................
[ 207 3300]
......
[ 316 3118]
...
[ 252 3085]
........................
[ 237 3267]
...................
[ 426 2799]
........
Data Dump...
....
[ 360 3026]
..
[ 355 3015]
..
[ 351 2981]
...........
Data Dump...
.....
[ 488 2749]
....
[ 452 2846]
.......
[2388  772]
......
[ 356 3007]
...
Data Dump...

Data Dump...

[ 376 2926]
.
Data Dump...
..........
[ 474 2727]
............
[ 460 2794]
...
[ 35 374]

Data Dump...
...............
[ 586 2621]
.....
Data Dump...
.
[2141  955]
....
[ 726 2476]
.
Data Dump...
...........
[ 24 388]

Data Dump...
....
Data Dump...

[ 25 371]

Data Dump...
........
[ 32 354]

Data Dump...
......
[ 808 2292]
...............
[ 861 2187]
.......
[1158 1972]
.
[ 28 378]

Data Dump...
............
[ 36 373]

Data Dump...
.
[ 25 387]

Data Dump...

[ 21 342]

Data Dump...
.
[ 24 348]

Data Dump...
..........
[ 27 343]

Data Dump...
....
[ 807 2259]
.
[ 29 353]

Data Dump...
.........................................
[ 37 374]

Data Dump...
.............
[ 37 340]

Data Dump...
....
[ 35 307]
..
[ 42 326]

Data Dump...
.....
[ 30 376]

Data Dump...
...
Data Dump...
....
[ 32 355]

Data Dump...
....................
[ 26 314]

Data Dump...
..
[ 34 329]

Data Dump...
........
[ 40 328]

Data Dump...
.............
[ 45 346]
....
Data Dump...
.....
[ 41 306]
........
Data Dump...
.......
[ 45 267]
...............
[ 42 312]
..
Data Dump...

Data Dump...
...............
[ 32 310]
..
[ 41 296]
..........
Data Dump...
....
[ 39 296]
.....
Data Dump...

[ 43 305]
.
[ 40 316]
...
Data Dump...
..
Data Dump...
......
Data Dump...
..
[ 43 303]
..
[ 50 298]
......
[ 38 305]
..
Data Dump...

[ 45 285]
....
Data Dump...

[ 36 297]
.......
Data Dump...
.
[ 33 326]
.....
Data Dump...
..
[ 43 278]
...
Data Dump...
...
Data Dump...

[ 53 224]
...
[ 41 258]
.
[ 50 259]
....
Data Dump...
...
[ 47 270]
.......
[ 47 300]
.
[ 42 261]
...
Data Dump...
........
[ 35 299]
.
Data Dump...
.....
Data Dump...
..
[ 55 261]
.
Data Dump...
.
Data Dump...
..
Data Dump...
..
Data Dump...
.......
[ 57 260]
.......
[ 41 216]
..
Data Dump...

[ 48 278]
...........
Data Dump...
......
Data Dump...
.
Data Dump...
.
[140 107]
...
[ 40 235]
...
[ 61 230]
......
[ 53 272]
.......
[ 55 203]
.
[ 57 228]
....
Data Dump...

Data Dump...

[ 74 239]
....
Data Dump...
....
Data Dump...
.....
[ 66 223]
.
[ 60 238]
....
Data Dump...
.
[ 57 252]
.
[ 51 200]
..
[ 95 177]
.
Data Dump...

Data Dump...

[ 60 232]
.....
[ 60 212]
........
Data Dump...
.
[ 57 223]
.
[121 119]
..
Data Dump...

Data Dump...

Data Dump...

[ 64 191]
..
Data Dump...

[ 60 192]
.
Data Dump...
...
Data Dump...
.
[ 72 170]
.....
Data Dump...

Data Dump...
...
Data Dump...

[ 99 173]
.
Data Dump...
.
Data Dump...
..
Data Dump...
High 2 9
Done
