Unable to init server: Could not connect: Connection refused
Unable to init server: Could not connect: Connection refused
Unable to init server: Could not connect: Connection refused
Unable to init server: Could not connect: Connection refused
Unable to init server: Could not connect: Connection refused
Unable to init server: Could not connect: Connection refused

(DataCollector_Deterministic.py:3126839): Gdk-CRITICAL **: 18:08:50.615: gdk_cursor_new_for_display: assertion 'GDK_IS_DISPLAY (display)' failed
Unable to init server: Could not connect: Connection refused

(DataCollector_Deterministic.py:3127235): Gdk-CRITICAL **: 18:08:50.665: gdk_cursor_new_for_display: assertion 'GDK_IS_DISPLAY (display)' failed
Unable to init server: Could not connect: Connection refused

(DataCollector_Deterministic.py:3127331): Gdk-CRITICAL **: 18:08:50.812: gdk_cursor_new_for_display: assertion 'GDK_IS_DISPLAY (display)' failed
Unable to init server: Could not connect: Connection refused

(DataCollector_Deterministic.py:3127294): Gdk-CRITICAL **: 18:08:50.824: gdk_cursor_new_for_display: assertion 'GDK_IS_DISPLAY (display)' failed
Unable to init server: Could not connect: Connection refused
Unable to init server: Could not connect: Connection refused

(DataCollector_Deterministic.py:3127328): Gdk-CRITICAL **: 18:08:52.107: gdk_cursor_new_for_display: assertion 'GDK_IS_DISPLAY (display)' failed
Unable to init server: Could not connect: Connection refused
Unable to init server: Could not connect: Connection refused
Unable to init server: Could not connect: Connection refused
Unable to init server: Could not connect: Connection refused
Unable to init server: Could not connect: Connection refused

(DataCollector_Deterministic.py:3127090): Gdk-CRITICAL **: 18:08:52.888: gdk_cursor_new_for_display: assertion 'GDK_IS_DISPLAY (display)' failed
Unable to init server: Could not connect: Connection refused
Unable to init server: Could not connect: Connection refused
Unable to init server: Could not connect: Connection refused
Unable to init server: Could not connect: Connection refused
Unable to init server: Could not connect: Connection refused
Unable to init server: Could not connect: Connection refused
Unable to init server: Could not connect: Connection refused
Unable to init server: Could not connect: Connection refused

(DataCollector_Deterministic.py:3127278): Gdk-CRITICAL **: 18:08:54.033: gdk_cursor_new_for_display: assertion 'GDK_IS_DISPLAY (display)' failed
Unable to init server: Could not connect: Connection refused
Unable to init server: Could not connect: Connection refused
Unable to init server: Could not connect: Connection refused
Unable to init server: Could not connect: Connection refused
Unable to init server: Could not connect: Connection refused
Unable to init server: Could not connect: Connection refused
Unable to init server: Could not connect: Connection refused
Unable to init server: Could not connect: Connection refused
Unable to init server: Could not connect: Connection refused
Unable to init server: Could not connect: Connection refused
Unable to init server: Could not connect: Connection refused
Unable to init server: Could not connect: Connection refused
Unable to init server: Could not connect: Connection refused
Unable to init server: Could not connect: Connection refused
Unable to init server: Could not connect: Connection refused
Unable to init server: Could not connect: Connection refused
Unable to init server: Could not connect: Connection refused
Unable to init server: Could not connect: Connection refused

(DataCollector_Deterministic.py:3127254): Gdk-CRITICAL **: 18:08:54.420: gdk_cursor_new_for_display: assertion 'GDK_IS_DISPLAY (display)' failed
Unable to init server: Could not connect: Connection refused

(DataCollector_Deterministic.py:3127205): Gdk-CRITICAL **: 18:08:54.540: gdk_cursor_new_for_display: assertion 'GDK_IS_DISPLAY (display)' failed
Unable to init server: Could not connect: Connection refused
Unable to init server: Could not connect: Connection refused
Unable to init server: Could not connect: Connection refused
Unable to init server: Could not connect: Connection refused
Unable to init server: Could not connect: Connection refused
Unable to init server: Could not connect: Connection refused

(DataCollector_Deterministic.py:3126912): Gdk-CRITICAL **: 18:08:54.722: gdk_cursor_new_for_display: assertion 'GDK_IS_DISPLAY (display)' failed
Unable to init server: Could not connect: Connection refused

(DataCollector_Deterministic.py:3126792): Gdk-CRITICAL **: 18:08:54.732: gdk_cursor_new_for_display: assertion 'GDK_IS_DISPLAY (display)' failed
Unable to init server: Could not connect: Connection refused
Unable to init server: Could not connect: Connection refused
Unable to init server: Could not connect: Connection refused
Unable to init server: Could not connect: Connection refused
Unable to init server: Could not connect: Connection refused
Unable to init server: Could not connect: Connection refused
Unable to init server: Could not connect: Connection refused
Unable to init server: Could not connect: Connection refused
Unable to init server: Could not connect: Connection refused
Unable to init server: Could not connect: Connection refused
Unable to init server: Could not connect: Connection refused
Unable to init server: Could not connect: Connection refused
Unable to init server: Could not connect: Connection refused
Unable to init server: Could not connect: Connection refused
Unable to init server: Could not connect: Connection refused
Unable to init server: Could not connect: Connection refused
Unable to init server: Could not connect: Connection refused
Unable to init server: Could not connect: Connection refused

(DataCollector_Deterministic.py:3126856): Gdk-CRITICAL **: 18:08:55.560: gdk_cursor_new_for_display: assertion 'GDK_IS_DISPLAY (display)' failed
Unable to init server: Could not connect: Connection refused

(DataCollector_Deterministic.py:3126940): Gdk-CRITICAL **: 18:08:55.581: gdk_cursor_new_for_display: assertion 'GDK_IS_DISPLAY (display)' failed
Unable to init server: Could not connect: Connection refused

(DataCollector_Deterministic.py:3126992): Gdk-CRITICAL **: 18:08:55.620: gdk_cursor_new_for_display: assertion 'GDK_IS_DISPLAY (display)' failed
Unable to init server: Could not connect: Connection refused
Unable to init server: Could not connect: Connection refused

(DataCollector_Deterministic.py:3127118): Gdk-CRITICAL **: 18:08:55.681: gdk_cursor_new_for_display: assertion 'GDK_IS_DISPLAY (display)' failed
Unable to init server: Could not connect: Connection refused

(DataCollector_Deterministic.py:3126860): Gdk-CRITICAL **: 18:08:55.704: gdk_cursor_new_for_display: assertion 'GDK_IS_DISPLAY (display)' failed
Unable to init server: Could not connect: Connection refused

(DataCollector_Deterministic.py:3127232): Gdk-CRITICAL **: 18:08:55.712: gdk_cursor_new_for_display: assertion 'GDK_IS_DISPLAY (display)' failed
Unable to init server: Could not connect: Connection refused

(DataCollector_Deterministic.py:3127321): Gdk-CRITICAL **: 18:08:55.728: gdk_cursor_new_for_display: assertion 'GDK_IS_DISPLAY (display)' failed
Unable to init server: Could not connect: Connection refused

(DataCollector_Deterministic.py:3127259): Gdk-CRITICAL **: 18:08:55.737: gdk_cursor_new_for_display: assertion 'GDK_IS_DISPLAY (display)' failed
Unable to init server: Could not connect: Connection refused

(DataCollector_Deterministic.py:3127138): Gdk-CRITICAL **: 18:08:55.765: gdk_cursor_new_for_display: assertion 'GDK_IS_DISPLAY (display)' failed
Unable to init server: Could not connect: Connection refused

(DataCollector_Deterministic.py:3127155): Gdk-CRITICAL **: 18:08:55.769: gdk_cursor_new_for_display: assertion 'GDK_IS_DISPLAY (display)' failed
Unable to init server: Could not connect: Connection refused

(DataCollector_Deterministic.py:3126885): Gdk-CRITICAL **: 18:08:55.780: gdk_cursor_new_for_display: assertion 'GDK_IS_DISPLAY (display)' failed

(DataCollector_Deterministic.py:3127076): Gdk-CRITICAL **: 18:08:55.806: gdk_cursor_new_for_display: assertion 'GDK_IS_DISPLAY (display)' failed
Unable to init server: Could not connect: Connection refused
Unable to init server: Could not connect: Connection refused
Unable to init server: Could not connect: Connection refused

(DataCollector_Deterministic.py:3127335): Gdk-CRITICAL **: 18:08:55.917: gdk_cursor_new_for_display: assertion 'GDK_IS_DISPLAY (display)' failed

(DataCollector_Deterministic.py:3126935): Gdk-CRITICAL **: 18:08:55.925: gdk_cursor_new_for_display: assertion 'GDK_IS_DISPLAY (display)' failed
Unable to init server: Could not connect: Connection refused

(DataCollector_Deterministic.py:3127343): Gdk-CRITICAL **: 18:08:55.940: gdk_cursor_new_for_display: assertion 'GDK_IS_DISPLAY (display)' failed
Unable to init server: Could not connect: Connection refused
Unable to init server: Could not connect: Connection refused
Unable to init server: Could not connect: Connection refused

(DataCollector_Deterministic.py:3126982): Gdk-CRITICAL **: 18:08:56.037: gdk_cursor_new_for_display: assertion 'GDK_IS_DISPLAY (display)' failed
Unable to init server: Could not connect: Connection refused

(DataCollector_Deterministic.py:3127062): Gdk-CRITICAL **: 18:08:56.129: gdk_cursor_new_for_display: assertion 'GDK_IS_DISPLAY (display)' failed
Unable to init server: Could not connect: Connection refused
Unable to init server: Could not connect: Connection refused

(DataCollector_Deterministic.py:3126817): Gdk-CRITICAL **: 18:08:56.182: gdk_cursor_new_for_display: assertion 'GDK_IS_DISPLAY (display)' failed
Unable to init server: Could not connect: Connection refused

(DataCollector_Deterministic.py:3126998): Gdk-CRITICAL **: 18:08:56.186: gdk_cursor_new_for_display: assertion 'GDK_IS_DISPLAY (display)' failed
Unable to init server: Could not connect: Connection refused

(DataCollector_Deterministic.py:3126837): Gdk-CRITICAL **: 18:08:56.219: gdk_cursor_new_for_display: assertion 'GDK_IS_DISPLAY (display)' failed
Unable to init server: Could not connect: Connection refused
Unable to init server: Could not connect: Connection refused

(DataCollector_Deterministic.py:3126907): Gdk-CRITICAL **: 18:08:56.241: gdk_cursor_new_for_display: assertion 'GDK_IS_DISPLAY (display)' failed
Unable to init server: Could not connect: Connection refused
Unable to init server: Could not connect: Connection refused
Unable to init server: Could not connect: Connection refused

(DataCollector_Deterministic.py:3127182): Gdk-CRITICAL **: 18:08:56.273: gdk_cursor_new_for_display: assertion 'GDK_IS_DISPLAY (display)' failed
Unable to init server: Could not connect: Connection refused
Unable to init server: Could not connect: Connection refused

(DataCollector_Deterministic.py:3126852): Gdk-CRITICAL **: 18:08:56.279: gdk_cursor_new_for_display: assertion 'GDK_IS_DISPLAY (display)' failed
Unable to init server: Could not connect: Connection refused
Unable to init server: Could not connect: Connection refused

(DataCollector_Deterministic.py:3127048): Gdk-CRITICAL **: 18:08:56.300: gdk_cursor_new_for_display: assertion 'GDK_IS_DISPLAY (display)' failed
Unable to init server: Could not connect: Connection refused

(DataCollector_Deterministic.py:3126880): Gdk-CRITICAL **: 18:08:56.369: gdk_cursor_new_for_display: assertion 'GDK_IS_DISPLAY (display)' failed
Unable to init server: Could not connect: Connection refused

(DataCollector_Deterministic.py:3127148): Gdk-CRITICAL **: 18:08:56.379: gdk_cursor_new_for_display: assertion 'GDK_IS_DISPLAY (display)' failed
Unable to init server: Could not connect: Connection refused
Unable to init server: Could not connect: Connection refused
Unable to init server: Could not connect: Connection refused
Unable to init server: Could not connect: Connection refused
Unable to init server: Could not connect: Connection refused
Unable to init server: Could not connect: Connection refused
Unable to init server: Could not connect: Connection refused
Unable to init server: Could not connect: Connection refused

(DataCollector_Deterministic.py:3127262): Gdk-CRITICAL **: 18:08:56.513: gdk_cursor_new_for_display: assertion 'GDK_IS_DISPLAY (display)' failed
Unable to init server: Could not connect: Connection refused
Unable to init server: Could not connect: Connection refused
Unable to init server: Could not connect: Connection refused

(DataCollector_Deterministic.py:3127088): Gdk-CRITICAL **: 18:08:56.597: gdk_cursor_new_for_display: assertion 'GDK_IS_DISPLAY (display)' failed
Unable to init server: Could not connect: Connection refused
Unable to init server: Could not connect: Connection refused
Unable to init server: Could not connect: Connection refused

(DataCollector_Deterministic.py:3127268): Gdk-CRITICAL **: 18:08:56.616: gdk_cursor_new_for_display: assertion 'GDK_IS_DISPLAY (display)' failed
Unable to init server: Could not connect: Connection refused

(DataCollector_Deterministic.py:3127068): Gdk-CRITICAL **: 18:08:56.634: gdk_cursor_new_for_display: assertion 'GDK_IS_DISPLAY (display)' failed
Unable to init server: Could not connect: Connection refused

(DataCollector_Deterministic.py:3126972): Gdk-CRITICAL **: 18:08:56.664: gdk_cursor_new_for_display: assertion 'GDK_IS_DISPLAY (display)' failed
Unable to init server: Could not connect: Connection refused

(DataCollector_Deterministic.py:3127174): Gdk-CRITICAL **: 18:08:56.691: gdk_cursor_new_for_display: assertion 'GDK_IS_DISPLAY (display)' failed
Unable to init server: Could not connect: Connection refused

(DataCollector_Deterministic.py:3127082): Gdk-CRITICAL **: 18:08:56.697: gdk_cursor_new_for_display: assertion 'GDK_IS_DISPLAY (display)' failed
Unable to init server: Could not connect: Connection refused

(DataCollector_Deterministic.py:3127341): Gdk-CRITICAL **: 18:08:56.699: gdk_cursor_new_for_display: assertion 'GDK_IS_DISPLAY (display)' failed
Unable to init server: Could not connect: Connection refused
Unable to init server: Could not connect: Connection refused
Unable to init server: Could not connect: Connection refused
Unable to init server: Could not connect: Connection refused
Unable to init server: Could not connect: Connection refused

(DataCollector_Deterministic.py:3127034): Gdk-CRITICAL **: 18:08:56.816: gdk_cursor_new_for_display: assertion 'GDK_IS_DISPLAY (display)' failed
Unable to init server: Could not connect: Connection refused

(DataCollector_Deterministic.py:3127320): Gdk-CRITICAL **: 18:08:56.822: gdk_cursor_new_for_display: assertion 'GDK_IS_DISPLAY (display)' failed
Unable to init server: Could not connect: Connection refused
Unable to init server: Could not connect: Connection refused

(DataCollector_Deterministic.py:3127022): Gdk-CRITICAL **: 18:08:56.834: gdk_cursor_new_for_display: assertion 'GDK_IS_DISPLAY (display)' failed
Unable to init server: Could not connect: Connection refused
Unable to init server: Could not connect: Connection refused
Unable to init server: Could not connect: Connection refused
Unable to init server: Could not connect: Connection refused
Unable to init server: Could not connect: Connection refused
Unable to init server: Could not connect: Connection refused
Unable to init server: Could not connect: Connection refused
Unable to init server: Could not connect: Connection refused

(DataCollector_Deterministic.py:3126930): Gdk-CRITICAL **: 18:08:57.154: gdk_cursor_new_for_display: assertion 'GDK_IS_DISPLAY (display)' failed
Unable to init server: Could not connect: Connection refused

(DataCollector_Deterministic.py:3127007): Gdk-CRITICAL **: 18:08:57.163: gdk_cursor_new_for_display: assertion 'GDK_IS_DISPLAY (display)' failed
Unable to init server: Could not connect: Connection refused

(DataCollector_Deterministic.py:3127338): Gdk-CRITICAL **: 18:08:57.166: gdk_cursor_new_for_display: assertion 'GDK_IS_DISPLAY (display)' failed
Unable to init server: Could not connect: Connection refused
Unable to init server: Could not connect: Connection refused

(DataCollector_Deterministic.py:3126945): Gdk-CRITICAL **: 18:08:57.282: gdk_cursor_new_for_display: assertion 'GDK_IS_DISPLAY (display)' failed
Unable to init server: Could not connect: Connection refused
Unable to init server: Could not connect: Connection refused
Unable to init server: Could not connect: Connection refused
Unable to init server: Could not connect: Connection refused
Unable to init server: Could not connect: Connection refused
Unable to init server: Could not connect: Connection refused

(DataCollector_Deterministic.py:3126895): Gdk-CRITICAL **: 18:08:57.512: gdk_cursor_new_for_display: assertion 'GDK_IS_DISPLAY (display)' failed
Unable to init server: Could not connect: Connection refused
Unable to init server: Could not connect: Connection refused

(DataCollector_Deterministic.py:3126903): Gdk-CRITICAL **: 18:08:57.592: gdk_cursor_new_for_display: assertion 'GDK_IS_DISPLAY (display)' failed

(DataCollector_Deterministic.py:3126900): Gdk-CRITICAL **: 18:08:57.649: gdk_cursor_new_for_display: assertion 'GDK_IS_DISPLAY (display)' failed
Unable to init server: Could not connect: Connection refused

(DataCollector_Deterministic.py:3127054): Gdk-CRITICAL **: 18:08:57.657: gdk_cursor_new_for_display: assertion 'GDK_IS_DISPLAY (display)' failed
Unable to init server: Could not connect: Connection refused
Unable to init server: Could not connect: Connection refused

(DataCollector_Deterministic.py:3127271): Gdk-CRITICAL **: 18:08:57.756: gdk_cursor_new_for_display: assertion 'GDK_IS_DISPLAY (display)' failed
Unable to init server: Could not connect: Connection refused
Unable to init server: Could not connect: Connection refused
Unable to init server: Could not connect: Connection refused

(DataCollector_Deterministic.py:3127178): Gdk-CRITICAL **: 18:08:57.824: gdk_cursor_new_for_display: assertion 'GDK_IS_DISPLAY (display)' failed
Unable to init server: Could not connect: Connection refused

(DataCollector_Deterministic.py:3127040): Gdk-CRITICAL **: 18:08:57.832: gdk_cursor_new_for_display: assertion 'GDK_IS_DISPLAY (display)' failed

(DataCollector_Deterministic.py:3126987): Gdk-CRITICAL **: 18:08:57.841: gdk_cursor_new_for_display: assertion 'GDK_IS_DISPLAY (display)' failed

(DataCollector_Deterministic.py:3127325): Gdk-CRITICAL **: 18:08:57.845: gdk_cursor_new_for_display: assertion 'GDK_IS_DISPLAY (display)' failed
Unable to init server: Could not connect: Connection refused

(DataCollector_Deterministic.py:3127142): Gdk-CRITICAL **: 18:08:57.856: gdk_cursor_new_for_display: assertion 'GDK_IS_DISPLAY (display)' failed
Unable to init server: Could not connect: Connection refused

(DataCollector_Deterministic.py:3127225): Gdk-CRITICAL **: 18:08:57.880: gdk_cursor_new_for_display: assertion 'GDK_IS_DISPLAY (display)' failed
Unable to init server: Could not connect: Connection refused
Unable to init server: Could not connect: Connection refused
Unable to init server: Could not connect: Connection refused

(DataCollector_Deterministic.py:3126976): Gdk-CRITICAL **: 18:08:58.068: gdk_cursor_new_for_display: assertion 'GDK_IS_DISPLAY (display)' failed
Unable to init server: Could not connect: Connection refused

(DataCollector_Deterministic.py:3126918): Gdk-CRITICAL **: 18:08:58.081: gdk_cursor_new_for_display: assertion 'GDK_IS_DISPLAY (display)' failed
Unable to init server: Could not connect: Connection refused

(DataCollector_Deterministic.py:3126798): Gdk-CRITICAL **: 18:08:58.093: gdk_cursor_new_for_display: assertion 'GDK_IS_DISPLAY (display)' failed
Unable to init server: Could not connect: Connection refused

(DataCollector_Deterministic.py:3127219): Gdk-CRITICAL **: 18:08:58.121: gdk_cursor_new_for_display: assertion 'GDK_IS_DISPLAY (display)' failed
Unable to init server: Could not connect: Connection refused
Unable to init server: Could not connect: Connection refused
Unable to init server: Could not connect: Connection refused
Unable to init server: Could not connect: Connection refused

(DataCollector_Deterministic.py:3126811): Gdk-CRITICAL **: 18:08:58.259: gdk_cursor_new_for_display: assertion 'GDK_IS_DISPLAY (display)' failed
Unable to init server: Could not connect: Connection refused

(DataCollector_Deterministic.py:3127025): Gdk-CRITICAL **: 18:08:58.270: gdk_cursor_new_for_display: assertion 'GDK_IS_DISPLAY (display)' failed
Unable to init server: Could not connect: Connection refused

(DataCollector_Deterministic.py:3127248): Gdk-CRITICAL **: 18:08:58.348: gdk_cursor_new_for_display: assertion 'GDK_IS_DISPLAY (display)' failed
Unable to init server: Could not connect: Connection refused

(DataCollector_Deterministic.py:3126829): Gdk-CRITICAL **: 18:08:58.398: gdk_cursor_new_for_display: assertion 'GDK_IS_DISPLAY (display)' failed
Unable to init server: Could not connect: Connection refused

(DataCollector_Deterministic.py:3126871): Gdk-CRITICAL **: 18:08:58.419: gdk_cursor_new_for_display: assertion 'GDK_IS_DISPLAY (display)' failed
Unable to init server: Could not connect: Connection refused

(DataCollector_Deterministic.py:3126966): Gdk-CRITICAL **: 18:08:58.479: gdk_cursor_new_for_display: assertion 'GDK_IS_DISPLAY (display)' failed
Unable to init server: Could not connect: Connection refused
Unable to init server: Could not connect: Connection refused

(DataCollector_Deterministic.py:3127105): Gdk-CRITICAL **: 18:08:58.532: gdk_cursor_new_for_display: assertion 'GDK_IS_DISPLAY (display)' failed
Unable to init server: Could not connect: Connection refused

(DataCollector_Deterministic.py:3127164): Gdk-CRITICAL **: 18:08:58.552: gdk_cursor_new_for_display: assertion 'GDK_IS_DISPLAY (display)' failed
Unable to init server: Could not connect: Connection refused

(DataCollector_Deterministic.py:3127282): Gdk-CRITICAL **: 18:08:58.556: gdk_cursor_new_for_display: assertion 'GDK_IS_DISPLAY (display)' failed
Unable to init server: Could not connect: Connection refused

(DataCollector_Deterministic.py:3127208): Gdk-CRITICAL **: 18:08:58.591: gdk_cursor_new_for_display: assertion 'GDK_IS_DISPLAY (display)' failed
Unable to init server: Could not connect: Connection refused

(DataCollector_Deterministic.py:3126922): Gdk-CRITICAL **: 18:08:58.598: gdk_cursor_new_for_display: assertion 'GDK_IS_DISPLAY (display)' failed
Unable to init server: Could not connect: Connection refused

(DataCollector_Deterministic.py:3127302): Gdk-CRITICAL **: 18:08:58.618: gdk_cursor_new_for_display: assertion 'GDK_IS_DISPLAY (display)' failed
Unable to init server: Could not connect: Connection refused

(DataCollector_Deterministic.py:3127099): Gdk-CRITICAL **: 18:08:58.631: gdk_cursor_new_for_display: assertion 'GDK_IS_DISPLAY (display)' failed
Unable to init server: Could not connect: Connection refused

(DataCollector_Deterministic.py:3126833): Gdk-CRITICAL **: 18:08:58.676: gdk_cursor_new_for_display: assertion 'GDK_IS_DISPLAY (display)' failed
Unable to init server: Could not connect: Connection refused
Unable to init server: Could not connect: Connection refused

(DataCollector_Deterministic.py:3127274): Gdk-CRITICAL **: 18:08:58.755: gdk_cursor_new_for_display: assertion 'GDK_IS_DISPLAY (display)' failed
Unable to init server: Could not connect: Connection refused

(DataCollector_Deterministic.py:3126781): Gdk-CRITICAL **: 18:08:58.778: gdk_cursor_new_for_display: assertion 'GDK_IS_DISPLAY (display)' failed
Unable to init server: Could not connect: Connection refused

(DataCollector_Deterministic.py:3127230): Gdk-CRITICAL **: 18:08:58.799: gdk_cursor_new_for_display: assertion 'GDK_IS_DISPLAY (display)' failed
Unable to init server: Could not connect: Connection refused

(DataCollector_Deterministic.py:3127120): Gdk-CRITICAL **: 18:08:58.817: gdk_cursor_new_for_display: assertion 'GDK_IS_DISPLAY (display)' failed
Unable to init server: Could not connect: Connection refused

(DataCollector_Deterministic.py:3127020): Gdk-CRITICAL **: 18:08:58.850: gdk_cursor_new_for_display: assertion 'GDK_IS_DISPLAY (display)' failed

(DataCollector_Deterministic.py:3127192): Gdk-CRITICAL **: 18:08:58.898: gdk_cursor_new_for_display: assertion 'GDK_IS_DISPLAY (display)' failed
Unable to init server: Could not connect: Connection refused

(DataCollector_Deterministic.py:3127092): Gdk-CRITICAL **: 18:08:59.009: gdk_cursor_new_for_display: assertion 'GDK_IS_DISPLAY (display)' failed

(DataCollector_Deterministic.py:3126960): Gdk-CRITICAL **: 18:08:59.052: gdk_cursor_new_for_display: assertion 'GDK_IS_DISPLAY (display)' failed
Unable to init server: Could not connect: Connection refused

(DataCollector_Deterministic.py:3127242): Gdk-CRITICAL **: 18:08:59.145: gdk_cursor_new_for_display: assertion 'GDK_IS_DISPLAY (display)' failed
Unable to init server: Could not connect: Connection refused

(DataCollector_Deterministic.py:3127045): Gdk-CRITICAL **: 18:08:59.228: gdk_cursor_new_for_display: assertion 'GDK_IS_DISPLAY (display)' failed
Unable to init server: Could not connect: Connection refused

(DataCollector_Deterministic.py:3127313): Gdk-CRITICAL **: 18:08:59.280: gdk_cursor_new_for_display: assertion 'GDK_IS_DISPLAY (display)' failed
Unable to init server: Could not connect: Connection refused

(DataCollector_Deterministic.py:3127310): Gdk-CRITICAL **: 18:08:59.316: gdk_cursor_new_for_display: assertion 'GDK_IS_DISPLAY (display)' failed
Unable to init server: Could not connect: Connection refused

(DataCollector_Deterministic.py:3126823): Gdk-CRITICAL **: 18:08:59.332: gdk_cursor_new_for_display: assertion 'GDK_IS_DISPLAY (display)' failed
Unable to init server: Could not connect: Connection refused

(DataCollector_Deterministic.py:3126955): Gdk-CRITICAL **: 18:08:59.431: gdk_cursor_new_for_display: assertion 'GDK_IS_DISPLAY (display)' failed
Unable to init server: Could not connect: Connection refused

(DataCollector_Deterministic.py:3127172): Gdk-CRITICAL **: 18:08:59.460: gdk_cursor_new_for_display: assertion 'GDK_IS_DISPLAY (display)' failed
Unable to init server: Could not connect: Connection refused

(DataCollector_Deterministic.py:3127300): Gdk-CRITICAL **: 18:08:59.664: gdk_cursor_new_for_display: assertion 'GDK_IS_DISPLAY (display)' failed
Unable to init server: Could not connect: Connection refused

(DataCollector_Deterministic.py:3126805): Gdk-CRITICAL **: 18:08:59.679: gdk_cursor_new_for_display: assertion 'GDK_IS_DISPLAY (display)' failed
Unable to init server: Could not connect: Connection refused

(DataCollector_Deterministic.py:3127352): Gdk-CRITICAL **: 18:08:59.744: gdk_cursor_new_for_display: assertion 'GDK_IS_DISPLAY (display)' failed
Unable to init server: Could not connect: Connection refused

(DataCollector_Deterministic.py:3127113): Gdk-CRITICAL **: 18:08:59.992: gdk_cursor_new_for_display: assertion 'GDK_IS_DISPLAY (display)' failed
Initalising...
Running Sim...

Data Dump...
Initalising...
Running Sim...

Data Dump...
Initalising...
Running Sim...

Data Dump...
Initalising...
Running Sim...

Data Dump...
Initalising...
Running Sim...

Data Dump...
Initalising...
Running Sim...

Data Dump...
Initalising...
Running Sim...

Data Dump...
Initalising...
Running Sim...

Data Dump...
Initalising...
Running Sim...

Data Dump...
Initalising...
Running Sim...

Data Dump...
Initalising...
Running Sim...
.Initalising...
Running Sim...
.Initalising...
Running Sim...
.Initalising...
Running Sim...
.Initalising...
Running Sim...
.Initalising...
Running Sim...
.Initalising...
Running Sim...
.Initalising...
Running Sim...
.Initalising...
Running Sim...
.Initalising...
Running Sim...
.Initalising...
Running Sim...
.Initalising...
Running Sim...
.Initalising...
Running Sim...
.Initalising...
Running Sim...
.Initalising...
Running Sim...
.Initalising...
Running Sim...
.Initalising...
Running Sim...
.Initalising...
Running Sim...
.Initalising...
Running Sim...
.Initalising...
Running Sim...
.Initalising...
Running Sim...
.Initalising...
Running Sim...
.Initalising...
Running Sim...
.Initalising...
Running Sim...
.Initalising...
Running Sim...
.Initalising...
Running Sim...
.Initalising...
Running Sim...
.Initalising...
Running Sim...
.Initalising...
Running Sim...
.Initalising...
Running Sim...
.Initalising...
Running Sim...
.Initalising...
Running Sim...
.Initalising...
Running Sim...
.Initalising...
Running Sim...
.Initalising...
Running Sim...
.Initalising...
Running Sim...
.Initalising...
Running Sim...
.Initalising...
Running Sim...
.Initalising...
Running Sim...
.Initalising...
Running Sim...
.Initalising...
Running Sim...
.Initalising...
Running Sim...
.Initalising...
Running Sim...
.Initalising...
Running Sim...
.Initalising...
Running Sim...
.Initalising...
Running Sim...
.Initalising...
Running Sim...
.Initalising...
Running Sim...
.Initalising...
Running Sim...
.Initalising...
Running Sim...
.Initalising...
Running Sim...
.Initalising...
Running Sim...
.Initalising...
Running Sim...
.Initalising...
Running Sim...
.Initalising...
Running Sim...
.Initalising...
Running Sim...
.Initalising...
Running Sim...
.Initalising...
Running Sim...
.Initalising...
Running Sim...
.Initalising...
Running Sim...
.Initalising...
Running Sim...
.Initalising...
Running Sim...
.Initalising...
Running Sim...
.Initalising...
Running Sim...
.Initalising...
Running Sim...
.Initalising...
Running Sim...
.Initalising...
Running Sim...
.Initalising...
Running Sim...
.Initalising...
Running Sim...
.Initalising...
Running Sim...
.Initalising...
Running Sim...
.Initalising...
Running Sim...
.Initalising...
Running Sim...
.Initalising...
Running Sim...
.Initalising...
Running Sim...
.Initalising...
Running Sim...
.Initalising...
Running Sim...
.Initalising...
Running Sim...
.Initalising...
Running Sim...
.Initalising...
Running Sim...
.Initalising...
Running Sim...
.Initalising...
Running Sim...
.Initalising...
Running Sim...
.Initalising...
Running Sim...
.Initalising...
Running Sim...
.Initalising...
Running Sim...
.Initalising...
Running Sim...
.Initalising...
Running Sim...
.Initalising...
Running Sim...
.Initalising...
Running Sim...
................................................................................................................................................................................................................................................................................................................................................................................................................................................................................................................................................................................................................................................................................................................................................................................................
[1707 9098]
.
[1740 9162]
...
[1755 9114]
....
[1737 9084]
...
[1727 9161]
.
[1720 9110]
.
[1683 9182]
.
[1764 9129]
.....
[1703 9136]
.
[1706 9149]
..
[1731 9159]
...
[1708 9159]
..
[1702 9152]
.
[1713 9125]
.
[1773 9091]
..
[9355 1264]
.
[1765 9114]
.
[1855 9013]
.
[1903 8912]
..
[2096 8676]
.
[1729 9078]
...
[1713 9091]
.
[2073 8710]
.
[1838 8979]
.
[1739 9095]
......
[1858 8982]
.
[1865 8991]
......
[2122 8686]
...
[1913 8914]
..
[9197 1415]
...
[2263 8503]
.
[9376 1243]
....
[2404 8362]
.
[9366 1292]
.....
[2089 8676]
...
[9144 1430]
.
[9122 1501]
.
[9064 1526]
..
[2333 8422]
.
[2263 8478]
.
[2167 8570]
.
[9242 1331]
..
[9325 1285]
..
[2344 8431]
..
[8977 1615]
...
[2429 8285]
.
[9354 1261]
..
[9259 1333]
..
[9137 1417]
.
[8883 1683]
..
[2884 7793]
.
[2853 7882]
....
[2695 7996]
......
[9295 1320]
.....
[8380 2174]
..
[3055 7583]
.
[8503 2073]
.....
[3223 7473]
..
[8323 2224]
.
[3353 7316]
.
[3553 7088]
.
[8209 2355]
..
[8505 2026]
...
[7809 2748]
...
[8070 2463]
....
[8155 2388]
....
[7946 2596]
....
[7909 2612]
.....
[7915 2593]
.
[4297 6313]
..
[7107 3439]
...
[4393 6213]
......
[7245 3296]
...
[4485 6133]
.
[7146 3362]
......
[7419 3118]
.
[7207 3343]
..
[4768 5828]
...
[6860 3685]
.
[4469 6096]
..
[7245 3306]
....
[5301 5251]
.....
[6889 3668]
.
[6234 4318]
.
[5942 4632]
.
[5800 4792]
..
[5596 4937]
.
[6085 4440]
.....
[6068 4460]
...
[5771 4775]
...............................................................................................................................................................................................................................................................
Data Dump...

Data Dump...
................
Data Dump...
.....
Data Dump...
..............................
Data Dump...
......................................................................................................................................................................................
[  82 3646]
..................
[  82 3424]
....
[  93 3464]
..............
[  98 3183]
......
[ 111 3265]
.................
[  98 3361]
.......................
[ 124 3125]
..
[3700   31]
.
[3750   25]
...
[ 169 2859]
.................
[ 179 2917]
.........
[ 135 2951]
.
[ 172 2982]
............
[ 160 2783]
.....
[3388   46]
......
[3514   24]
.........................
[ 219 2771]
..
[ 216 2763]
....
[ 245 2723]
.
[3334   26]
..
[3311   39]
...
[ 242 2669]
..
[3315   27]
.
[3544   37]
...
[3267   44]
........
[3228   47]
........
[ 301 2512]
...
[ 323 2545]
..
[ 333 2464]
.
[ 348 2388]
.......
[3243   30]
.........
[ 444 2218]
.
[ 325 2502]
..
[3182   61]
.............
[3104   51]
.....
[ 457 2173]
...............
[ 344 2464]
.............
[ 466 2205]
.............................
[ 539 2069]
....
[2873   89]
.
[2889  113]
......
[ 613 1958]
.
[ 438 2168]
........
[ 528 2093]
.....
[ 472 2122]
.
[2806  119]
...........
[2896  120]
.
[ 574 2015]
...
[ 578 2027]
..
[ 593 1965]
.....
[2872   83]
...........
[2779  112]
........
[2675  177]
.
[2788  129]
....
[ 736 1797]
...
[2702  161]
.
[ 805 1715]
...
[ 819 1678]
......
[2663  155]
......
[2759  126]
.....
[ 898 1578]
......
[2475  288]
..................
[2406  264]
.
[2538  236]
...............
[2499  222]
....
[ 922 1570]
..
[2481  262]
..
[ 981 1490]
....
[1115 1353]
.....
[2335  313]
.............
[2488  252]
...
[1435 1008]
..
[2330  329]
...........
[1378 1076]
.....
[2186  455]
...
[2039  534]
...........
[1454  964]
......
[2093  490]
....
[2051  515]
....
[1437  992]
.....
[1918  580]
...
[1979  564]
...
[1784  718]
.........
[1581  916]
.......
[1977  558]
......................................................................
[31 94]
......................
Data Dump...
...........................................
[34 74]
....
[37 93]
................
[226  19]
.
Data Dump...
................
[31 56]
..
[203  14]
...
Data Dump...
..
[45 76]
...
Data Dump...
................
[26 78]
........
Data Dump...

Data Dump...
...............
Data Dump...
....
Data Dump...
................
[34 65]
..........................
[207  15]
...
[37 58]
....................
[188  10]
..........
Data Dump...
...
[41 55]
....
[47 74]
...
[39 51]
.........
Data Dump...
..............
Data Dump...

[214  16]
...
[182   6]
....
[172  12]
..
[43 65]
...
Data Dump...
.............
Data Dump...
......
[170   5]
...........
Data Dump...
...
Data Dump...
.
[47 63]
.....
Data Dump...

[163  15]
..
[39 57]
....
[48 67]
......
Data Dump...

[183  12]
........
Data Dump...

Data Dump...
..
[44 55]
.......................
[58 34]
.....
[65 50]
.
Data Dump...

[166   9]
.......
[62 59]
....
[164   8]
.
Data Dump...
.
[56 53]
.
Data Dump...
..
[61 47]
....
Data Dump...
.......
Data Dump...
.....
[57 44]
.
Data Dump...
...
[172  10]
...
Data Dump...
.........
[49 26]
.................
Data Dump...
.......
Data Dump...
.
Data Dump...
..
[48 38]
..
[64 43]
.
Data Dump...
.
Data Dump...
........
Data Dump...
.............
Data Dump...
...
[155  18]
.......
Data Dump...
..
Data Dump...
...
[143  15]
.
[74 38]
............
Data Dump...

[54 33]
...
[58 33]
.
[144  13]
....
[161  20]
.....
[57 51]
............
[54 49]
.....
[60 40]
..
[156  15]
.
Data Dump...
..
[74 49]
.
[61 39]
...
Data Dump...
..
[130  15]
..
[154  22]
..........
[133  10]
..
[127  20]
....
Data Dump...

[71 46]
...
[70 44]
.....
Data Dump...

[75 34]
...
Data Dump...
..
[133  17]
......
[164  17]
.
[138  13]
...
[62 36]
......
Data Dump...
..
[116  18]
..
Data Dump...
...
Data Dump...
.
Data Dump...

[139  17]
.......
Data Dump...
.....
Data Dump...
.
Data Dump...
....
[148  19]
...
Data Dump...
.
[136  18]
..
Data Dump...
.
[80 41]
.
Data Dump...
.
[149  21]
....
Data Dump...

[88 37]
..
[82 38]
.....
Data Dump...

[105  21]
.......
Data Dump...
...
Data Dump...

[106  18]
..
Data Dump...
..
Data Dump...

[100  27]
.
[125  21]
.
Data Dump...
..
[123  16]
...
[127  25]
.
Data Dump...
..
Data Dump...
..
[113  19]
.
Data Dump...
.
Data Dump...

[97 30]
.
Data Dump...

[111  31]
.
[112  27]
...
Data Dump...

[118  21]
...
[86 30]
.
[100  25]
........
[98 35]
..
Data Dump...
.
Data Dump...

[115  27]
.
Data Dump...

Data Dump...
.
Data Dump...
...
Data Dump...
......
Data Dump...
...
Data Dump...
..
Data Dump...
..
Data Dump...

Data Dump...
.
Data Dump...
..
Data Dump...
..
Data Dump...

Data Dump...
.
Data Dump...

Data Dump...
.
Data Dump...

Data Dump...
.
Data Dump...
.
Data Dump...
High 2 2
Done
