Unable to init server: Could not connect: Connection refused
Unable to init server: Could not connect: Connection refused

(DataCollector_Deterministic.py:1642708): Gdk-CRITICAL **: 18:14:28.843: gdk_cursor_new_for_display: assertion 'GDK_IS_DISPLAY (display)' failed
Unable to init server: Could not connect: Connection refused
Unable to init server: Could not connect: Connection refused
Unable to init server: Could not connect: Connection refused

(DataCollector_Deterministic.py:1642470): Gdk-CRITICAL **: 18:14:30.208: gdk_cursor_new_for_display: assertion 'GDK_IS_DISPLAY (display)' failed
Unable to init server: Could not connect: Connection refused

(DataCollector_Deterministic.py:1641692): Gdk-CRITICAL **: 18:14:30.219: gdk_cursor_new_for_display: assertion 'GDK_IS_DISPLAY (display)' failed
Unable to init server: Could not connect: Connection refused
Unable to init server: Could not connect: Connection refused
Unable to init server: Could not connect: Connection refused
Unable to init server: Could not connect: Connection refused
Unable to init server: Could not connect: Connection refused
Unable to init server: Could not connect: Connection refused
Unable to init server: Could not connect: Connection refused
Unable to init server: Could not connect: Connection refused
Unable to init server: Could not connect: Connection refused
Unable to init server: Could not connect: Connection refused
Unable to init server: Could not connect: Connection refused
Unable to init server: Could not connect: Connection refused
Unable to init server: Could not connect: Connection refused
Unable to init server: Could not connect: Connection refused
Unable to init server: Could not connect: Connection refused
Unable to init server: Could not connect: Connection refused
Unable to init server: Could not connect: Connection refused
Unable to init server: Could not connect: Connection refused
Unable to init server: Could not connect: Connection refused
Unable to init server: Could not connect: Connection refused
Unable to init server: Could not connect: Connection refused
Unable to init server: Could not connect: Connection refused
Unable to init server: Could not connect: Connection refused
Unable to init server: Could not connect: Connection refused
Unable to init server: Could not connect: Connection refused
Unable to init server: Could not connect: Connection refused
Unable to init server: Could not connect: Connection refused
Unable to init server: Could not connect: Connection refused
Unable to init server: Could not connect: Connection refused
Unable to init server: Could not connect: Connection refused
Unable to init server: Could not connect: Connection refused

(DataCollector_Deterministic.py:1642079): Gdk-CRITICAL **: 18:14:43.162: gdk_cursor_new_for_display: assertion 'GDK_IS_DISPLAY (display)' failed
Unable to init server: Could not connect: Connection refused

(DataCollector_Deterministic.py:1641087): Gdk-CRITICAL **: 18:14:43.380: gdk_cursor_new_for_display: assertion 'GDK_IS_DISPLAY (display)' failed
Unable to init server: Could not connect: Connection refused

(DataCollector_Deterministic.py:1642098): Gdk-CRITICAL **: 18:14:43.706: gdk_cursor_new_for_display: assertion 'GDK_IS_DISPLAY (display)' failed
Unable to init server: Could not connect: Connection refused

(DataCollector_Deterministic.py:1641951): Gdk-CRITICAL **: 18:14:43.905: gdk_cursor_new_for_display: assertion 'GDK_IS_DISPLAY (display)' failed
Unable to init server: Could not connect: Connection refused

(DataCollector_Deterministic.py:1640998): Gdk-CRITICAL **: 18:14:43.934: gdk_cursor_new_for_display: assertion 'GDK_IS_DISPLAY (display)' failed
Unable to init server: Could not connect: Connection refused

(DataCollector_Deterministic.py:1640713): Gdk-CRITICAL **: 18:14:43.941: gdk_cursor_new_for_display: assertion 'GDK_IS_DISPLAY (display)' failed
Unable to init server: Could not connect: Connection refused

(DataCollector_Deterministic.py:1642402): Gdk-CRITICAL **: 18:14:43.954: gdk_cursor_new_for_display: assertion 'GDK_IS_DISPLAY (display)' failed

(DataCollector_Deterministic.py:1642639): Gdk-CRITICAL **: 18:14:43.972: gdk_cursor_new_for_display: assertion 'GDK_IS_DISPLAY (display)' failed
Unable to init server: Could not connect: Connection refused

(DataCollector_Deterministic.py:1641304): Gdk-CRITICAL **: 18:14:43.982: gdk_cursor_new_for_display: assertion 'GDK_IS_DISPLAY (display)' failed
Unable to init server: Could not connect: Connection refused

(DataCollector_Deterministic.py:1642647): Gdk-CRITICAL **: 18:14:43.995: gdk_cursor_new_for_display: assertion 'GDK_IS_DISPLAY (display)' failed
Unable to init server: Could not connect: Connection refused

(DataCollector_Deterministic.py:1642296): Gdk-CRITICAL **: 18:14:43.999: gdk_cursor_new_for_display: assertion 'GDK_IS_DISPLAY (display)' failed
Unable to init server: Could not connect: Connection refused

(DataCollector_Deterministic.py:1641328): Gdk-CRITICAL **: 18:14:44.025: gdk_cursor_new_for_display: assertion 'GDK_IS_DISPLAY (display)' failed
Unable to init server: Could not connect: Connection refused

(DataCollector_Deterministic.py:1641663): Gdk-CRITICAL **: 18:14:44.042: gdk_cursor_new_for_display: assertion 'GDK_IS_DISPLAY (display)' failed
Unable to init server: Could not connect: Connection refused

(DataCollector_Deterministic.py:1641964): Gdk-CRITICAL **: 18:14:44.059: gdk_cursor_new_for_display: assertion 'GDK_IS_DISPLAY (display)' failed
Unable to init server: Could not connect: Connection refused

(DataCollector_Deterministic.py:1640729): Gdk-CRITICAL **: 18:14:44.131: gdk_cursor_new_for_display: assertion 'GDK_IS_DISPLAY (display)' failed
Unable to init server: Could not connect: Connection refused

(DataCollector_Deterministic.py:1640952): Gdk-CRITICAL **: 18:14:44.136: gdk_cursor_new_for_display: assertion 'GDK_IS_DISPLAY (display)' failed
Unable to init server: Could not connect: Connection refused

(DataCollector_Deterministic.py:1642798): Gdk-CRITICAL **: 18:14:44.153: gdk_cursor_new_for_display: assertion 'GDK_IS_DISPLAY (display)' failed
Unable to init server: Could not connect: Connection refused

(DataCollector_Deterministic.py:1641586): Gdk-CRITICAL **: 18:14:44.158: gdk_cursor_new_for_display: assertion 'GDK_IS_DISPLAY (display)' failed
Unable to init server: Could not connect: Connection refused

(DataCollector_Deterministic.py:1642810): Gdk-CRITICAL **: 18:14:44.182: gdk_cursor_new_for_display: assertion 'GDK_IS_DISPLAY (display)' failed
Unable to init server: Could not connect: Connection refused

(DataCollector_Deterministic.py:1642478): Gdk-CRITICAL **: 18:14:44.198: gdk_cursor_new_for_display: assertion 'GDK_IS_DISPLAY (display)' failed
Unable to init server: Could not connect: Connection refused

(DataCollector_Deterministic.py:1642457): Gdk-CRITICAL **: 18:14:44.251: gdk_cursor_new_for_display: assertion 'GDK_IS_DISPLAY (display)' failed
Unable to init server: Could not connect: Connection refused

(DataCollector_Deterministic.py:1642779): Gdk-CRITICAL **: 18:14:44.306: gdk_cursor_new_for_display: assertion 'GDK_IS_DISPLAY (display)' failed
Unable to init server: Could not connect: Connection refused

(DataCollector_Deterministic.py:1641552): Gdk-CRITICAL **: 18:14:44.314: gdk_cursor_new_for_display: assertion 'GDK_IS_DISPLAY (display)' failed
Unable to init server: Could not connect: Connection refused

(DataCollector_Deterministic.py:1640831): Gdk-CRITICAL **: 18:14:44.339: gdk_cursor_new_for_display: assertion 'GDK_IS_DISPLAY (display)' failed
Unable to init server: Could not connect: Connection refused

(DataCollector_Deterministic.py:1642163): Gdk-CRITICAL **: 18:14:44.384: gdk_cursor_new_for_display: assertion 'GDK_IS_DISPLAY (display)' failed
Unable to init server: Could not connect: Connection refused

(DataCollector_Deterministic.py:1641922): Gdk-CRITICAL **: 18:14:44.431: gdk_cursor_new_for_display: assertion 'GDK_IS_DISPLAY (display)' failed
Unable to init server: Could not connect: Connection refused

(DataCollector_Deterministic.py:1641349): Gdk-CRITICAL **: 18:14:44.450: gdk_cursor_new_for_display: assertion 'GDK_IS_DISPLAY (display)' failed
Unable to init server: Could not connect: Connection refused

(DataCollector_Deterministic.py:1642754): Gdk-CRITICAL **: 18:14:44.520: gdk_cursor_new_for_display: assertion 'GDK_IS_DISPLAY (display)' failed
Unable to init server: Could not connect: Connection refused

(DataCollector_Deterministic.py:1641854): Gdk-CRITICAL **: 18:14:44.798: gdk_cursor_new_for_display: assertion 'GDK_IS_DISPLAY (display)' failed
Unable to init server: Could not connect: Connection refused
Unable to init server: Could not connect: Connection refused
Unable to init server: Could not connect: Connection refused
Unable to init server: Could not connect: Connection refused
Unable to init server: Could not connect: Connection refused
Unable to init server: Could not connect: Connection refused
Unable to init server: Could not connect: Connection refused
Unable to init server: Could not connect: Connection refused
Unable to init server: Could not connect: Connection refused
Unable to init server: Could not connect: Connection refused
Unable to init server: Could not connect: Connection refused
Unable to init server: Could not connect: Connection refused
Unable to init server: Could not connect: Connection refused
Unable to init server: Could not connect: Connection refused
Unable to init server: Could not connect: Connection refused
Unable to init server: Could not connect: Connection refused
Unable to init server: Could not connect: Connection refused
Unable to init server: Could not connect: Connection refused
Unable to init server: Could not connect: Connection refused
Unable to init server: Could not connect: Connection refused
Unable to init server: Could not connect: Connection refused

(DataCollector_Deterministic.py:1642659): Gdk-CRITICAL **: 18:14:49.871: gdk_cursor_new_for_display: assertion 'GDK_IS_DISPLAY (display)' failed
Unable to init server: Could not connect: Connection refused

(DataCollector_Deterministic.py:1641776): Gdk-CRITICAL **: 18:14:49.903: gdk_cursor_new_for_display: assertion 'GDK_IS_DISPLAY (display)' failed
Unable to init server: Could not connect: Connection refused

(DataCollector_Deterministic.py:1642315): Gdk-CRITICAL **: 18:14:49.991: gdk_cursor_new_for_display: assertion 'GDK_IS_DISPLAY (display)' failed
Unable to init server: Could not connect: Connection refused

(DataCollector_Deterministic.py:1642354): Gdk-CRITICAL **: 18:14:49.998: gdk_cursor_new_for_display: assertion 'GDK_IS_DISPLAY (display)' failed
Unable to init server: Could not connect: Connection refused

(DataCollector_Deterministic.py:1641012): Gdk-CRITICAL **: 18:14:50.035: gdk_cursor_new_for_display: assertion 'GDK_IS_DISPLAY (display)' failed
Unable to init server: Could not connect: Connection refused

(DataCollector_Deterministic.py:1640705): Gdk-CRITICAL **: 18:14:50.090: gdk_cursor_new_for_display: assertion 'GDK_IS_DISPLAY (display)' failed
Unable to init server: Could not connect: Connection refused

(DataCollector_Deterministic.py:1642033): Gdk-CRITICAL **: 18:14:50.155: gdk_cursor_new_for_display: assertion 'GDK_IS_DISPLAY (display)' failed
Unable to init server: Could not connect: Connection refused

(DataCollector_Deterministic.py:1640893): Gdk-CRITICAL **: 18:14:50.162: gdk_cursor_new_for_display: assertion 'GDK_IS_DISPLAY (display)' failed
Unable to init server: Could not connect: Connection refused

(DataCollector_Deterministic.py:1641056): Gdk-CRITICAL **: 18:14:50.175: gdk_cursor_new_for_display: assertion 'GDK_IS_DISPLAY (display)' failed
Unable to init server: Could not connect: Connection refused

(DataCollector_Deterministic.py:1641354): Gdk-CRITICAL **: 18:14:50.178: gdk_cursor_new_for_display: assertion 'GDK_IS_DISPLAY (display)' failed
Unable to init server: Could not connect: Connection refused

(DataCollector_Deterministic.py:1640776): Gdk-CRITICAL **: 18:14:50.192: gdk_cursor_new_for_display: assertion 'GDK_IS_DISPLAY (display)' failed
Unable to init server: Could not connect: Connection refused

(DataCollector_Deterministic.py:1641273): Gdk-CRITICAL **: 18:14:50.203: gdk_cursor_new_for_display: assertion 'GDK_IS_DISPLAY (display)' failed
Unable to init server: Could not connect: Connection refused

(DataCollector_Deterministic.py:1641466): Gdk-CRITICAL **: 18:14:50.249: gdk_cursor_new_for_display: assertion 'GDK_IS_DISPLAY (display)' failed
Unable to init server: Could not connect: Connection refused

(DataCollector_Deterministic.py:1641109): Gdk-CRITICAL **: 18:14:50.303: gdk_cursor_new_for_display: assertion 'GDK_IS_DISPLAY (display)' failed
Unable to init server: Could not connect: Connection refused

(DataCollector_Deterministic.py:1641197): Gdk-CRITICAL **: 18:14:50.307: gdk_cursor_new_for_display: assertion 'GDK_IS_DISPLAY (display)' failed
Unable to init server: Could not connect: Connection refused

(DataCollector_Deterministic.py:1642060): Gdk-CRITICAL **: 18:14:50.310: gdk_cursor_new_for_display: assertion 'GDK_IS_DISPLAY (display)' failed
Unable to init server: Could not connect: Connection refused

(DataCollector_Deterministic.py:1641816): Gdk-CRITICAL **: 18:14:50.773: gdk_cursor_new_for_display: assertion 'GDK_IS_DISPLAY (display)' failed
Unable to init server: Could not connect: Connection refused

(DataCollector_Deterministic.py:1642819): Gdk-CRITICAL **: 18:14:50.917: gdk_cursor_new_for_display: assertion 'GDK_IS_DISPLAY (display)' failed
Unable to init server: Could not connect: Connection refused

(DataCollector_Deterministic.py:1642283): Gdk-CRITICAL **: 18:14:51.107: gdk_cursor_new_for_display: assertion 'GDK_IS_DISPLAY (display)' failed
Unable to init server: Could not connect: Connection refused

(DataCollector_Deterministic.py:1641792): Gdk-CRITICAL **: 18:14:51.742: gdk_cursor_new_for_display: assertion 'GDK_IS_DISPLAY (display)' failed
Unable to init server: Could not connect: Connection refused
Unable to init server: Could not connect: Connection refused

(DataCollector_Deterministic.py:1641613): Gdk-CRITICAL **: 18:14:52.693: gdk_cursor_new_for_display: assertion 'GDK_IS_DISPLAY (display)' failed
Unable to init server: Could not connect: Connection refused
Unable to init server: Could not connect: Connection refused
Unable to init server: Could not connect: Connection refused
Unable to init server: Could not connect: Connection refused
Unable to init server: Could not connect: Connection refused
Unable to init server: Could not connect: Connection refused
Unable to init server: Could not connect: Connection refused

(DataCollector_Deterministic.py:1642787): Gdk-CRITICAL **: 18:14:56.777: gdk_cursor_new_for_display: assertion 'GDK_IS_DISPLAY (display)' failed
Unable to init server: Could not connect: Connection refused

(DataCollector_Deterministic.py:1640764): Gdk-CRITICAL **: 18:14:57.012: gdk_cursor_new_for_display: assertion 'GDK_IS_DISPLAY (display)' failed
Unable to init server: Could not connect: Connection refused

(DataCollector_Deterministic.py:1640923): Gdk-CRITICAL **: 18:14:57.207: gdk_cursor_new_for_display: assertion 'GDK_IS_DISPLAY (display)' failed
Unable to init server: Could not connect: Connection refused

(DataCollector_Deterministic.py:1642203): Gdk-CRITICAL **: 18:14:57.212: gdk_cursor_new_for_display: assertion 'GDK_IS_DISPLAY (display)' failed
Unable to init server: Could not connect: Connection refused
Unable to init server: Could not connect: Connection refused

(DataCollector_Deterministic.py:1640980): Gdk-CRITICAL **: 18:14:57.957: gdk_cursor_new_for_display: assertion 'GDK_IS_DISPLAY (display)' failed
Unable to init server: Could not connect: Connection refused

(DataCollector_Deterministic.py:1641744): Gdk-CRITICAL **: 18:14:58.354: gdk_cursor_new_for_display: assertion 'GDK_IS_DISPLAY (display)' failed
Unable to init server: Could not connect: Connection refused

(DataCollector_Deterministic.py:1641398): Gdk-CRITICAL **: 18:14:59.079: gdk_cursor_new_for_display: assertion 'GDK_IS_DISPLAY (display)' failed
Unable to init server: Could not connect: Connection refused
Unable to init server: Could not connect: Connection refused
Unable to init server: Could not connect: Connection refused
Unable to init server: Could not connect: Connection refused

(DataCollector_Deterministic.py:1642357): Gdk-CRITICAL **: 18:15:02.507: gdk_cursor_new_for_display: assertion 'GDK_IS_DISPLAY (display)' failed
Unable to init server: Could not connect: Connection refused
Unable to init server: Could not connect: Connection refused
Unable to init server: Could not connect: Connection refused
Unable to init server: Could not connect: Connection refused
Unable to init server: Could not connect: Connection refused

(DataCollector_Deterministic.py:1642223): Gdk-CRITICAL **: 18:15:03.363: gdk_cursor_new_for_display: assertion 'GDK_IS_DISPLAY (display)' failed
Unable to init server: Could not connect: Connection refused

(DataCollector_Deterministic.py:1640786): Gdk-CRITICAL **: 18:15:03.495: gdk_cursor_new_for_display: assertion 'GDK_IS_DISPLAY (display)' failed
Unable to init server: Could not connect: Connection refused
Unable to init server: Could not connect: Connection refused
Unable to init server: Could not connect: Connection refused
Unable to init server: Could not connect: Connection refused
Unable to init server: Could not connect: Connection refused
Unable to init server: Could not connect: Connection refused
Unable to init server: Could not connect: Connection refused
Unable to init server: Could not connect: Connection refused
Unable to init server: Could not connect: Connection refused
Unable to init server: Could not connect: Connection refused
Unable to init server: Could not connect: Connection refused
Unable to init server: Could not connect: Connection refused

(DataCollector_Deterministic.py:1642156): Gdk-CRITICAL **: 18:15:04.554: gdk_cursor_new_for_display: assertion 'GDK_IS_DISPLAY (display)' failed
Unable to init server: Could not connect: Connection refused
Unable to init server: Could not connect: Connection refused

(DataCollector_Deterministic.py:1641780): Gdk-CRITICAL **: 18:15:04.567: gdk_cursor_new_for_display: assertion 'GDK_IS_DISPLAY (display)' failed
Unable to init server: Could not connect: Connection refused
Unable to init server: Could not connect: Connection refused

(DataCollector_Deterministic.py:1641048): Gdk-CRITICAL **: 18:15:04.635: gdk_cursor_new_for_display: assertion 'GDK_IS_DISPLAY (display)' failed
Unable to init server: Could not connect: Connection refused
Unable to init server: Could not connect: Connection refused
Unable to init server: Could not connect: Connection refused
Unable to init server: Could not connect: Connection refused

(DataCollector_Deterministic.py:1641128): Gdk-CRITICAL **: 18:15:04.830: gdk_cursor_new_for_display: assertion 'GDK_IS_DISPLAY (display)' failed
Unable to init server: Could not connect: Connection refused
Unable to init server: Could not connect: Connection refused
Unable to init server: Could not connect: Connection refused
Unable to init server: Could not connect: Connection refused
Unable to init server: Could not connect: Connection refused
Unable to init server: Could not connect: Connection refused
Unable to init server: Could not connect: Connection refused
Unable to init server: Could not connect: Connection refused

(DataCollector_Deterministic.py:1642876): Gdk-CRITICAL **: 18:15:05.631: gdk_cursor_new_for_display: assertion 'GDK_IS_DISPLAY (display)' failed
Unable to init server: Could not connect: Connection refused

(DataCollector_Deterministic.py:1641022): Gdk-CRITICAL **: 18:15:05.675: gdk_cursor_new_for_display: assertion 'GDK_IS_DISPLAY (display)' failed
Unable to init server: Could not connect: Connection refused

(DataCollector_Deterministic.py:1641375): Gdk-CRITICAL **: 18:15:05.715: gdk_cursor_new_for_display: assertion 'GDK_IS_DISPLAY (display)' failed
Unable to init server: Could not connect: Connection refused

(DataCollector_Deterministic.py:1642249): Gdk-CRITICAL **: 18:15:05.718: gdk_cursor_new_for_display: assertion 'GDK_IS_DISPLAY (display)' failed
Unable to init server: Could not connect: Connection refused
Unable to init server: Could not connect: Connection refused
Unable to init server: Could not connect: Connection refused

(DataCollector_Deterministic.py:1641424): Gdk-CRITICAL **: 18:15:05.767: gdk_cursor_new_for_display: assertion 'GDK_IS_DISPLAY (display)' failed
Unable to init server: Could not connect: Connection refused

(DataCollector_Deterministic.py:1642767): Gdk-CRITICAL **: 18:15:05.774: gdk_cursor_new_for_display: assertion 'GDK_IS_DISPLAY (display)' failed
Unable to init server: Could not connect: Connection refused

(DataCollector_Deterministic.py:1642871): Gdk-CRITICAL **: 18:15:05.843: gdk_cursor_new_for_display: assertion 'GDK_IS_DISPLAY (display)' failed
Unable to init server: Could not connect: Connection refused

(DataCollector_Deterministic.py:1642015): Gdk-CRITICAL **: 18:15:05.878: gdk_cursor_new_for_display: assertion 'GDK_IS_DISPLAY (display)' failed
Unable to init server: Could not connect: Connection refused
Unable to init server: Could not connect: Connection refused
Unable to init server: Could not connect: Connection refused

(DataCollector_Deterministic.py:1642833): Gdk-CRITICAL **: 18:15:06.111: gdk_cursor_new_for_display: assertion 'GDK_IS_DISPLAY (display)' failed
Unable to init server: Could not connect: Connection refused
Unable to init server: Could not connect: Connection refused
Unable to init server: Could not connect: Connection refused

(DataCollector_Deterministic.py:1641558): Gdk-CRITICAL **: 18:15:06.255: gdk_cursor_new_for_display: assertion 'GDK_IS_DISPLAY (display)' failed
Unable to init server: Could not connect: Connection refused

(DataCollector_Deterministic.py:1640742): Gdk-CRITICAL **: 18:15:06.407: gdk_cursor_new_for_display: assertion 'GDK_IS_DISPLAY (display)' failed
Unable to init server: Could not connect: Connection refused

(DataCollector_Deterministic.py:1642378): Gdk-CRITICAL **: 18:15:06.474: gdk_cursor_new_for_display: assertion 'GDK_IS_DISPLAY (display)' failed
Unable to init server: Could not connect: Connection refused

(DataCollector_Deterministic.py:1642645): Gdk-CRITICAL **: 18:15:06.486: gdk_cursor_new_for_display: assertion 'GDK_IS_DISPLAY (display)' failed
Unable to init server: Could not connect: Connection refused
Unable to init server: Could not connect: Connection refused

(DataCollector_Deterministic.py:1642413): Gdk-CRITICAL **: 18:15:06.559: gdk_cursor_new_for_display: assertion 'GDK_IS_DISPLAY (display)' failed
Unable to init server: Could not connect: Connection refused

(DataCollector_Deterministic.py:1641429): Gdk-CRITICAL **: 18:15:06.618: gdk_cursor_new_for_display: assertion 'GDK_IS_DISPLAY (display)' failed
Unable to init server: Could not connect: Connection refused

(DataCollector_Deterministic.py:1640759): Gdk-CRITICAL **: 18:15:06.719: gdk_cursor_new_for_display: assertion 'GDK_IS_DISPLAY (display)' failed
Unable to init server: Could not connect: Connection refused
Unable to init server: Could not connect: Connection refused

(DataCollector_Deterministic.py:1640753): Gdk-CRITICAL **: 18:15:06.895: gdk_cursor_new_for_display: assertion 'GDK_IS_DISPLAY (display)' failed
Unable to init server: Could not connect: Connection refused
Unable to init server: Could not connect: Connection refused

(DataCollector_Deterministic.py:1641094): Gdk-CRITICAL **: 18:15:06.919: gdk_cursor_new_for_display: assertion 'GDK_IS_DISPLAY (display)' failed
Unable to init server: Could not connect: Connection refused

(DataCollector_Deterministic.py:1641754): Gdk-CRITICAL **: 18:15:06.931: gdk_cursor_new_for_display: assertion 'GDK_IS_DISPLAY (display)' failed
Unable to init server: Could not connect: Connection refused
Unable to init server: Could not connect: Connection refused

(DataCollector_Deterministic.py:1642334): Gdk-CRITICAL **: 18:15:06.962: gdk_cursor_new_for_display: assertion 'GDK_IS_DISPLAY (display)' failed
Unable to init server: Could not connect: Connection refused

(DataCollector_Deterministic.py:1642187): Gdk-CRITICAL **: 18:15:06.971: gdk_cursor_new_for_display: assertion 'GDK_IS_DISPLAY (display)' failed
Unable to init server: Could not connect: Connection refused

(DataCollector_Deterministic.py:1641634): Gdk-CRITICAL **: 18:15:06.999: gdk_cursor_new_for_display: assertion 'GDK_IS_DISPLAY (display)' failed
Unable to init server: Could not connect: Connection refused

(DataCollector_Deterministic.py:1641581): Gdk-CRITICAL **: 18:15:07.167: gdk_cursor_new_for_display: assertion 'GDK_IS_DISPLAY (display)' failed
Unable to init server: Could not connect: Connection refused

(DataCollector_Deterministic.py:1640858): Gdk-CRITICAL **: 18:15:07.510: gdk_cursor_new_for_display: assertion 'GDK_IS_DISPLAY (display)' failed
Unable to init server: Could not connect: Connection refused

(DataCollector_Deterministic.py:1642770): Gdk-CRITICAL **: 18:15:07.653: gdk_cursor_new_for_display: assertion 'GDK_IS_DISPLAY (display)' failed
Unable to init server: Could not connect: Connection refused

(DataCollector_Deterministic.py:1641235): Gdk-CRITICAL **: 18:15:07.762: gdk_cursor_new_for_display: assertion 'GDK_IS_DISPLAY (display)' failed
Unable to init server: Could not connect: Connection refused

(DataCollector_Deterministic.py:1642867): Gdk-CRITICAL **: 18:15:07.906: gdk_cursor_new_for_display: assertion 'GDK_IS_DISPLAY (display)' failed
Unable to init server: Could not connect: Connection refused

(DataCollector_Deterministic.py:1641616): Gdk-CRITICAL **: 18:15:07.943: gdk_cursor_new_for_display: assertion 'GDK_IS_DISPLAY (display)' failed
Unable to init server: Could not connect: Connection refused

(DataCollector_Deterministic.py:1642497): Gdk-CRITICAL **: 18:15:08.301: gdk_cursor_new_for_display: assertion 'GDK_IS_DISPLAY (display)' failed
Unable to init server: Could not connect: Connection refused

(DataCollector_Deterministic.py:1642681): Gdk-CRITICAL **: 18:15:08.509: gdk_cursor_new_for_display: assertion 'GDK_IS_DISPLAY (display)' failed
Unable to init server: Could not connect: Connection refused

(DataCollector_Deterministic.py:1640698): Gdk-CRITICAL **: 18:15:08.546: gdk_cursor_new_for_display: assertion 'GDK_IS_DISPLAY (display)' failed
Unable to init server: Could not connect: Connection refused

(DataCollector_Deterministic.py:1642525): Gdk-CRITICAL **: 18:15:08.555: gdk_cursor_new_for_display: assertion 'GDK_IS_DISPLAY (display)' failed
Unable to init server: Could not connect: Connection refused

(DataCollector_Deterministic.py:1641512): Gdk-CRITICAL **: 18:15:08.562: gdk_cursor_new_for_display: assertion 'GDK_IS_DISPLAY (display)' failed
Initalising...
Running Sim...

Data Dump...
Initalising...
Running Sim...

Data Dump...
Initalising...
Running Sim...

Data Dump...
Initalising...
Running Sim...
.Initalising...
Running Sim...

Data Dump...
Initalising...
Running Sim...

Data Dump...
Initalising...
Running Sim...

Data Dump...
Initalising...
Running Sim...

Data Dump...
Initalising...
Running Sim...
.Initalising...
Running Sim...
.Initalising...
Running Sim...
.Initalising...
Running Sim...
.Initalising...
Running Sim...
.Initalising...
Running Sim...
.Initalising...
Running Sim...
.Initalising...
Running Sim...
.Initalising...
Running Sim...
.Initalising...
Running Sim...
.Initalising...
Running Sim...
.Initalising...
Running Sim...
.Initalising...
Running Sim...
.Initalising...
Running Sim...
.Initalising...
Running Sim...
.Initalising...
Running Sim...
.Initalising...
Running Sim...
.Initalising...
Running Sim...
.Initalising...
Running Sim...
.Initalising...
Running Sim...
.Initalising...
Running Sim...
.Initalising...
Running Sim...
.Initalising...
Running Sim...
.Initalising...
Running Sim...
.Initalising...
Running Sim...
.Initalising...
Running Sim...
.Initalising...
Running Sim...
.Initalising...
Running Sim...
.Initalising...
Running Sim...
.Initalising...
Running Sim...
.Initalising...
Running Sim...
.Initalising...
Running Sim...
.Initalising...
Running Sim...
.Initalising...
Running Sim...
.Initalising...
Running Sim...
.Initalising...
Running Sim...
.Initalising...
Running Sim...
.Initalising...
Running Sim...
.Initalising...
Running Sim...
.Initalising...
Running Sim...
.Initalising...
Running Sim...
.Initalising...
Running Sim...
.Initalising...
Running Sim...
.Initalising...
Running Sim...
.Initalising...
Running Sim...
.Initalising...
Running Sim...
.Initalising...
Running Sim...
.Initalising...
Running Sim...
.Initalising...
Running Sim...
.Initalising...
Running Sim...
.Initalising...
Running Sim...
.Initalising...
Running Sim...
.Initalising...
Running Sim...
.Initalising...
Running Sim...
.Initalising...
Running Sim...
.Initalising...
Running Sim...
.Initalising...
Running Sim...
.Initalising...
Running Sim...
.Initalising...
Running Sim...
.Initalising...
Running Sim...
.Initalising...
Running Sim...
.Initalising...
Running Sim...
.Initalising...
Running Sim...
.Initalising...
Running Sim...
.Initalising...
Running Sim...
.Initalising...
Running Sim...
.Initalising...
Running Sim...
.Initalising...
Running Sim...
.Initalising...
Running Sim...
.Initalising...
Running Sim...
.Initalising...
Running Sim...
.Initalising...
Running Sim...
.Initalising...
Running Sim...
.Initalising...
Running Sim...
.Initalising...
Running Sim...
.Initalising...
Running Sim...
.Initalising...
Running Sim...
.Initalising...
Running Sim...
.Initalising...
Running Sim...
.Initalising...
Running Sim...
.Initalising...
Running Sim...
.Initalising...
Running Sim...
.Initalising...
Running Sim...
.Initalising...
Running Sim...
.Initalising...
Running Sim...
.Initalising...
Running Sim...
.Initalising...
Running Sim...
.Initalising...
Running Sim...
.Initalising...
Running Sim...
.Initalising...
Running Sim...
.Initalising...
Running Sim...
.Initalising...
Running Sim...
............................................................................................................................................................................................................................................................................................................................................................................................................................................................................................................................................................................................................................................................................................................................................................................................................
[1708 9138]
..................
[1740 9108]
..
[2061 8814]
.......
[8989 1717]
.
[1703 9136]
.
[1738 9142]
.
[1722 9150]
.
[3693 6994]
.
[1724 9097]
.
[1745 9082]
.
[1698 9170]
.
[1720 9168]
.
[1675 9120]
..
[1791 9046]
.
[1701 9196]
.
[1701 9165]
..
[2149 8634]
..
[1720 9089]
..
[9283 1438]
..
[1750 9114]
...
[1677 9143]
....
[2022 8823]
....
[1736 9154]
...
[1786 9087]
..
[1837 9003]
..
[1720 9132]
.....
[1769 9097]
..
[1678 9144]
.
[2045 8765]
.
[1881 8951]
.
[1789 9109]
.
[1886 8950]
.
[1781 9086]
.
[1923 8891]
...
[1801 8971]
.
[9233 1493]
....
[2004 8797]
..
[1815 8982]
.
[2021 8765]
...
[1717 9119]
..
[1686 9151]
..
[1746 9110]
.
[2494 8302]
.
[1710 9122]
....
[3891 6775]
.
[1807 9065]
.
[2209 8584]
.
[1804 9058]
..
[2028 8744]
.
[2143 8637]
.
[1902 8922]
......
[2354 8445]
.
[1713 9168]
.
[2366 8399]
.
[2129 8682]
..
[1804 9016]
........
[2436 8308]
.
[2667 8039]
.
[2319 8432]
............
[7957 2710]
..
[3370 7347]
....
[2660 8077]
.
[7822 2839]
.........
[7641 2975]
...
[8184 2456]
.
[3619 7062]
......
[3804 6847]
.
[3314 7401]
.........
[7232 3372]
...
[4149 6473]
.......
[3787 6888]
.
[5072 5609]
...
[4336 6281]
.....
[7340 3276]
.
[3930 6734]
...
[6147 4468]
.....
[5231 5389]
.
[6041 4554]
.
[4350 6283]
.
[5964 4657]
..
[5494 5143]
...
[6687 3923]
.
[5146 5491]
.
[5348 5275]
.
[6503 4112]
.
[6227 4380]
.
[7326 3268]
.
[5032 5603]
.
[5215 5408]
..
[5176 5452]
.
[6062 4531]
...
[5266 5352]
......
[5356 5269]
...............................................................................................................................................................................................................................................................................
Data Dump...
..
Data Dump...
...........
Data Dump...
..
Data Dump...
......
Data Dump...
...
Data Dump...
.....
Data Dump...
.
Data Dump...
.....
Data Dump...
......................................................................................................................................................
[  68 4085]
................................
[ 101 3555]
..........................
[  73 3701]
..........
[ 123 3278]
...........................
[  74 3790]
...............
[  85 3742]
................
[ 107 3382]
........
[3250   86]
...
[  87 3606]
............
[3673   47]
.
[ 123 3239]
...
[ 172 3127]
..
[ 147 3233]
..................
[ 107 3409]
...
[  95 3474]
.........
[ 324 2701]
....
[ 130 3267]
.........
[ 158 3222]
.
[ 964 1733]
.............
[ 157 3171]
.....
[ 190 3071]
...
[ 130 3189]
...
[ 122 3308]
..............
[ 185 2974]
....
[ 197 2954]
.
[ 179 3113]
......
[ 226 2983]
...
[ 170 3064]
........
[ 256 2905]
.
[ 206 3066]
...
[ 232 2891]
..
[ 326 2740]
........
[ 259 2811]
....
[ 357 2530]
........
[ 218 2937]
..........
[ 311 2707]
..
[ 283 2695]
...
[ 306 2681]
.......
[ 246 2858]
.....
[ 322 2633]
.....
[ 366 2636]
.........
[ 347 2580]
..............
[ 419 2560]
....
[ 526 2386]
...
[ 388 2604]
................
[ 433 2455]
.......
[1030 1648]
.......
[ 441 2410]
..........
[ 400 2565]
...........
[2715  276]
.
[ 560 2244]
........
[2803  237]
..
[2651  317]
.............
[2558  318]
.............................
[ 818 1895]
..........
[2375  406]
........
[ 535 2255]
...........
[ 31 220]

Data Dump...
.......
[ 898 1801]
...........
[2453  385]
......
[1004 1635]
...
[ 762 1961]
......
[ 987 1695]
.
[1100 1510]
.......
[2003  747]
..
[2400  403]
...
[1179 1467]
.
[2095  636]
.
[1532 1136]
.
[1893  790]
..
[2110  623]
..
[2012  715]
.
[1550 1044]
......
[1048 1625]
.......
[1682  994]
...........
[1877  766]
...
[1478 1138]
...
[1592 1073]
...
[1610  993]
.......
[1906  757]
.....
[1497 1148]
..
[1247 1403]
....
[1642 1027]
..
[1631 1042]
...........
[1528 1130]
........................
[ 35 126]
.......................
[ 26 130]
.
Data Dump...
...........
Data Dump...
..............................
[ 34 119]
......
[ 28 139]
............
Data Dump...
..............
[ 41 164]
..............
Data Dump...
.
Data Dump...
...................
[ 36 137]
...............
Data Dump...
............................
[171  22]
..
[206  19]
..
[ 34 120]
......
[84 63]
.......................
Data Dump...
.
[ 35 111]
.........
[ 32 131]
....
Data Dump...
..
[ 42 115]
..
[ 45 115]
..........
Data Dump...
.......
Data Dump...

[37 98]
.........
Data Dump...
................
[44 94]
...
Data Dump...
.
Data Dump...
.
[ 38 122]
.......
Data Dump...
............
[ 41 114]
...
Data Dump...
..................
[47 88]
....
Data Dump...
..
[ 38 101]
.........
[ 38 106]
.
Data Dump...
................
[51 97]
.
Data Dump...
...................
[ 47 108]
...
Data Dump...

Data Dump...
.
[44 98]
........
Data Dump...
.
[ 39 117]
.
[44 99]
........
[51 85]
.
[63 92]
...
[ 48 138]
..
[ 48 108]
..
[ 69 110]
.....
[44 86]
..........
Data Dump...
.....
[ 59 114]
......
Data Dump...

Data Dump...
...
[52 79]
....
[38 97]
........
Data Dump...

Data Dump...
...........
[54 94]
..
Data Dump...
...
Data Dump...

Data Dump...
.
Data Dump...
...
[59 74]
.
[48 86]
.......
Data Dump...

[53 91]
...
Data Dump...
...
[99 77]
..
Data Dump...
.......
[44 73]
.
Data Dump...
.
[74 83]
.
[39 83]
..........
Data Dump...
.
[70 97]
....
Data Dump...
.
[46 94]
......
[61 92]
..........
[ 59 102]
.......
Data Dump...

Data Dump...
.....
Data Dump...
.....
[146  30]
.
Data Dump...
........
Data Dump...
........
[ 57 102]
.
Data Dump...

[62 73]
...
[145  21]
.
Data Dump...
...
[140  37]
..
[145  39]
...
Data Dump...
..
Data Dump...
....
Data Dump...
........
[105  41]
..
Data Dump...
.
[117  35]
.......
[84 65]
....
Data Dump...
.......................
Data Dump...

Data Dump...
....
Data Dump...
.
Data Dump...
..
[69 63]
...
Data Dump...
...
[50 88]
...
[149  34]
.
[107  51]
.
[84 59]
.
[73 76]
...
Data Dump...
.
[79 61]
.
Data Dump...

[94 64]
.
[109  42]
.
[94 56]
.
[108  47]
....
[90 64]
.
[86 66]
.
[109  48]
..
Data Dump...
.
[103  37]
....
[151  42]
....
[114  42]
...
[114  70]
....
[96 43]
.
[101  71]
.........
[110  50]
....
[82 53]
..
[96 48]
.
Data Dump...

[93 34]
...
[106  36]
..
Data Dump...
..
Data Dump...
..
[92 57]
..
Data Dump...
.
[108  37]
.
Data Dump...
..
Data Dump...
..
Data Dump...
....
Data Dump...
.
Data Dump...

Data Dump...

Data Dump...
..
Data Dump...
.
Data Dump...
....
Data Dump...

Data Dump...
.
Data Dump...

Data Dump...
.....
Data Dump...

Data Dump...

Data Dump...
..
Data Dump...

Data Dump...

Data Dump...

Data Dump...

Data Dump...

Data Dump...

Data Dump...
Low 2 4
Done
