Unable to init server: Could not connect: Connection refused
Unable to init server: Could not connect: Connection refused
Unable to init server: Could not connect: Connection refused
Unable to init server: Could not connect: Connection refused
Unable to init server: Could not connect: Connection refused
Unable to init server: Could not connect: Connection refused
Unable to init server: Could not connect: Connection refused
Unable to init server: Could not connect: Connection refused
Unable to init server: Could not connect: Connection refused
Unable to init server: Could not connect: Connection refused
Unable to init server: Could not connect: Connection refused
Unable to init server: Could not connect: Connection refused

(DataCollector_Deterministic.py:1642584): Gdk-CRITICAL **: 18:14:39.143: gdk_cursor_new_for_display: assertion 'GDK_IS_DISPLAY (display)' failed
Unable to init server: Could not connect: Connection refused

(DataCollector_Deterministic.py:1642781): Gdk-CRITICAL **: 18:14:39.185: gdk_cursor_new_for_display: assertion 'GDK_IS_DISPLAY (display)' failed
Unable to init server: Could not connect: Connection refused

(DataCollector_Deterministic.py:1642804): Gdk-CRITICAL **: 18:14:39.207: gdk_cursor_new_for_display: assertion 'GDK_IS_DISPLAY (display)' failed
Unable to init server: Could not connect: Connection refused

(DataCollector_Deterministic.py:1642297): Gdk-CRITICAL **: 18:14:39.225: gdk_cursor_new_for_display: assertion 'GDK_IS_DISPLAY (display)' failed
Unable to init server: Could not connect: Connection refused

(DataCollector_Deterministic.py:1641208): Gdk-CRITICAL **: 18:14:39.237: gdk_cursor_new_for_display: assertion 'GDK_IS_DISPLAY (display)' failed
Unable to init server: Could not connect: Connection refused

(DataCollector_Deterministic.py:1642244): Gdk-CRITICAL **: 18:14:39.249: gdk_cursor_new_for_display: assertion 'GDK_IS_DISPLAY (display)' failed
Unable to init server: Could not connect: Connection refused

(DataCollector_Deterministic.py:1641603): Gdk-CRITICAL **: 18:14:39.253: gdk_cursor_new_for_display: assertion 'GDK_IS_DISPLAY (display)' failed

(DataCollector_Deterministic.py:1642275): Gdk-CRITICAL **: 18:14:39.256: gdk_cursor_new_for_display: assertion 'GDK_IS_DISPLAY (display)' failed
Unable to init server: Could not connect: Connection refused

(DataCollector_Deterministic.py:1641851): Gdk-CRITICAL **: 18:14:39.307: gdk_cursor_new_for_display: assertion 'GDK_IS_DISPLAY (display)' failed
Unable to init server: Could not connect: Connection refused

(DataCollector_Deterministic.py:1642715): Gdk-CRITICAL **: 18:14:39.342: gdk_cursor_new_for_display: assertion 'GDK_IS_DISPLAY (display)' failed
Unable to init server: Could not connect: Connection refused
Unable to init server: Could not connect: Connection refused
Unable to init server: Could not connect: Connection refused
Unable to init server: Could not connect: Connection refused
Unable to init server: Could not connect: Connection refused
Unable to init server: Could not connect: Connection refused
Unable to init server: Could not connect: Connection refused
Unable to init server: Could not connect: Connection refused
Unable to init server: Could not connect: Connection refused
Unable to init server: Could not connect: Connection refused
Unable to init server: Could not connect: Connection refused
Unable to init server: Could not connect: Connection refused
Unable to init server: Could not connect: Connection refused
Unable to init server: Could not connect: Connection refused
Unable to init server: Could not connect: Connection refused
Unable to init server: Could not connect: Connection refused
Unable to init server: Could not connect: Connection refused
Unable to init server: Could not connect: Connection refused
Unable to init server: Could not connect: Connection refused
Unable to init server: Could not connect: Connection refused

(DataCollector_Deterministic.py:1641296): Gdk-CRITICAL **: 18:14:40.231: gdk_cursor_new_for_display: assertion 'GDK_IS_DISPLAY (display)' failed
Unable to init server: Could not connect: Connection refused
Unable to init server: Could not connect: Connection refused

(DataCollector_Deterministic.py:1640726): Gdk-CRITICAL **: 18:14:40.266: gdk_cursor_new_for_display: assertion 'GDK_IS_DISPLAY (display)' failed
Unable to init server: Could not connect: Connection refused

(DataCollector_Deterministic.py:1641151): Gdk-CRITICAL **: 18:14:40.465: gdk_cursor_new_for_display: assertion 'GDK_IS_DISPLAY (display)' failed
Unable to init server: Could not connect: Connection refused

(DataCollector_Deterministic.py:1640628): Gdk-CRITICAL **: 18:14:40.469: gdk_cursor_new_for_display: assertion 'GDK_IS_DISPLAY (display)' failed
Unable to init server: Could not connect: Connection refused

(DataCollector_Deterministic.py:1641275): Gdk-CRITICAL **: 18:14:40.473: gdk_cursor_new_for_display: assertion 'GDK_IS_DISPLAY (display)' failed
Unable to init server: Could not connect: Connection refused

(DataCollector_Deterministic.py:1640869): Gdk-CRITICAL **: 18:14:40.481: gdk_cursor_new_for_display: assertion 'GDK_IS_DISPLAY (display)' failed
Unable to init server: Could not connect: Connection refused

(DataCollector_Deterministic.py:1641254): Gdk-CRITICAL **: 18:14:40.487: gdk_cursor_new_for_display: assertion 'GDK_IS_DISPLAY (display)' failed
Unable to init server: Could not connect: Connection refused

(DataCollector_Deterministic.py:1642195): Gdk-CRITICAL **: 18:14:40.498: gdk_cursor_new_for_display: assertion 'GDK_IS_DISPLAY (display)' failed
Unable to init server: Could not connect: Connection refused
Unable to init server: Could not connect: Connection refused

(DataCollector_Deterministic.py:1641923): Gdk-CRITICAL **: 18:14:40.517: gdk_cursor_new_for_display: assertion 'GDK_IS_DISPLAY (display)' failed
Unable to init server: Could not connect: Connection refused

(DataCollector_Deterministic.py:1641382): Gdk-CRITICAL **: 18:14:40.525: gdk_cursor_new_for_display: assertion 'GDK_IS_DISPLAY (display)' failed
Unable to init server: Could not connect: Connection refused

(DataCollector_Deterministic.py:1642545): Gdk-CRITICAL **: 18:14:40.541: gdk_cursor_new_for_display: assertion 'GDK_IS_DISPLAY (display)' failed
Unable to init server: Could not connect: Connection refused

(DataCollector_Deterministic.py:1641547): Gdk-CRITICAL **: 18:14:40.559: gdk_cursor_new_for_display: assertion 'GDK_IS_DISPLAY (display)' failed
Unable to init server: Could not connect: Connection refused
Unable to init server: Could not connect: Connection refused
Unable to init server: Could not connect: Connection refused
Unable to init server: Could not connect: Connection refused
Unable to init server: Could not connect: Connection refused

(DataCollector_Deterministic.py:1642234): Gdk-CRITICAL **: 18:14:40.574: gdk_cursor_new_for_display: assertion 'GDK_IS_DISPLAY (display)' failed
Unable to init server: Could not connect: Connection refused

(DataCollector_Deterministic.py:1642433): Gdk-CRITICAL **: 18:14:40.606: gdk_cursor_new_for_display: assertion 'GDK_IS_DISPLAY (display)' failed
Unable to init server: Could not connect: Connection refused

(DataCollector_Deterministic.py:1640560): Gdk-CRITICAL **: 18:14:40.621: gdk_cursor_new_for_display: assertion 'GDK_IS_DISPLAY (display)' failed
Unable to init server: Could not connect: Connection refused

(DataCollector_Deterministic.py:1641708): Gdk-CRITICAL **: 18:14:40.625: gdk_cursor_new_for_display: assertion 'GDK_IS_DISPLAY (display)' failed

(DataCollector_Deterministic.py:1642139): Gdk-CRITICAL **: 18:14:40.455: gdk_cursor_new_for_display: assertion 'GDK_IS_DISPLAY (display)' failed
Unable to init server: Could not connect: Connection refused

(DataCollector_Deterministic.py:1640650): Gdk-CRITICAL **: 18:14:40.757: gdk_cursor_new_for_display: assertion 'GDK_IS_DISPLAY (display)' failed
Unable to init server: Could not connect: Connection refused

(DataCollector_Deterministic.py:1640578): Gdk-CRITICAL **: 18:14:41.761: gdk_cursor_new_for_display: assertion 'GDK_IS_DISPLAY (display)' failed
Unable to init server: Could not connect: Connection refused
Unable to init server: Could not connect: Connection refused

(DataCollector_Deterministic.py:1640976): Gdk-CRITICAL **: 18:14:42.057: gdk_cursor_new_for_display: assertion 'GDK_IS_DISPLAY (display)' failed

(DataCollector_Deterministic.py:1641314): Gdk-CRITICAL **: 18:14:42.340: gdk_cursor_new_for_display: assertion 'GDK_IS_DISPLAY (display)' failed
Unable to init server: Could not connect: Connection refused

(DataCollector_Deterministic.py:1642589): Gdk-CRITICAL **: 18:14:42.549: gdk_cursor_new_for_display: assertion 'GDK_IS_DISPLAY (display)' failed
Unable to init server: Could not connect: Connection refused

(DataCollector_Deterministic.py:1642054): Gdk-CRITICAL **: 18:14:42.653: gdk_cursor_new_for_display: assertion 'GDK_IS_DISPLAY (display)' failed
Unable to init server: Could not connect: Connection refused

(DataCollector_Deterministic.py:1642224): Gdk-CRITICAL **: 18:14:42.669: gdk_cursor_new_for_display: assertion 'GDK_IS_DISPLAY (display)' failed
Unable to init server: Could not connect: Connection refused
Unable to init server: Could not connect: Connection refused
Unable to init server: Could not connect: Connection refused
Unable to init server: Could not connect: Connection refused

(DataCollector_Deterministic.py:1642507): Gdk-CRITICAL **: 18:14:44.937: gdk_cursor_new_for_display: assertion 'GDK_IS_DISPLAY (display)' failed
Unable to init server: Could not connect: Connection refused

(DataCollector_Deterministic.py:1641939): Gdk-CRITICAL **: 18:14:45.892: gdk_cursor_new_for_display: assertion 'GDK_IS_DISPLAY (display)' failed
Unable to init server: Could not connect: Connection refused

(DataCollector_Deterministic.py:1642866): Gdk-CRITICAL **: 18:14:46.007: gdk_cursor_new_for_display: assertion 'GDK_IS_DISPLAY (display)' failed
Unable to init server: Could not connect: Connection refused
Unable to init server: Could not connect: Connection refused
Unable to init server: Could not connect: Connection refused
Unable to init server: Could not connect: Connection refused

(DataCollector_Deterministic.py:1642019): Gdk-CRITICAL **: 18:14:49.363: gdk_cursor_new_for_display: assertion 'GDK_IS_DISPLAY (display)' failed
Unable to init server: Could not connect: Connection refused

(DataCollector_Deterministic.py:1641335): Gdk-CRITICAL **: 18:14:49.438: gdk_cursor_new_for_display: assertion 'GDK_IS_DISPLAY (display)' failed
Unable to init server: Could not connect: Connection refused

(DataCollector_Deterministic.py:1642390): Gdk-CRITICAL **: 18:14:49.707: gdk_cursor_new_for_display: assertion 'GDK_IS_DISPLAY (display)' failed
Unable to init server: Could not connect: Connection refused
Unable to init server: Could not connect: Connection refused
Unable to init server: Could not connect: Connection refused
Unable to init server: Could not connect: Connection refused
Unable to init server: Could not connect: Connection refused
Unable to init server: Could not connect: Connection refused
Unable to init server: Could not connect: Connection refused
Unable to init server: Could not connect: Connection refused
Unable to init server: Could not connect: Connection refused

(DataCollector_Deterministic.py:1640615): Gdk-CRITICAL **: 18:14:52.973: gdk_cursor_new_for_display: assertion 'GDK_IS_DISPLAY (display)' failed
Unable to init server: Could not connect: Connection refused
Unable to init server: Could not connect: Connection refused
Unable to init server: Could not connect: Connection refused

(DataCollector_Deterministic.py:1642692): Gdk-CRITICAL **: 18:14:53.032: gdk_cursor_new_for_display: assertion 'GDK_IS_DISPLAY (display)' failed
Unable to init server: Could not connect: Connection refused
Unable to init server: Could not connect: Connection refused

(DataCollector_Deterministic.py:1641439): Gdk-CRITICAL **: 18:14:53.049: gdk_cursor_new_for_display: assertion 'GDK_IS_DISPLAY (display)' failed
Unable to init server: Could not connect: Connection refused
Unable to init server: Could not connect: Connection refused
Unable to init server: Could not connect: Connection refused
Unable to init server: Could not connect: Connection refused
Unable to init server: Could not connect: Connection refused
Unable to init server: Could not connect: Connection refused
Unable to init server: Could not connect: Connection refused
Unable to init server: Could not connect: Connection refused
Unable to init server: Could not connect: Connection refused
Unable to init server: Could not connect: Connection refused
Unable to init server: Could not connect: Connection refused
Unable to init server: Could not connect: Connection refused
Unable to init server: Could not connect: Connection refused
Unable to init server: Could not connect: Connection refused
Unable to init server: Could not connect: Connection refused
Unable to init server: Could not connect: Connection refused
Unable to init server: Could not connect: Connection refused
Unable to init server: Could not connect: Connection refused

(DataCollector_Deterministic.py:1642846): Gdk-CRITICAL **: 18:14:53.625: gdk_cursor_new_for_display: assertion 'GDK_IS_DISPLAY (display)' failed
Unable to init server: Could not connect: Connection refused
Unable to init server: Could not connect: Connection refused

(DataCollector_Deterministic.py:1641454): Gdk-CRITICAL **: 18:14:53.633: gdk_cursor_new_for_display: assertion 'GDK_IS_DISPLAY (display)' failed
Unable to init server: Could not connect: Connection refused
Unable to init server: Could not connect: Connection refused
Unable to init server: Could not connect: Connection refused
Unable to init server: Could not connect: Connection refused
Unable to init server: Could not connect: Connection refused
Unable to init server: Could not connect: Connection refused

(DataCollector_Deterministic.py:1641126): Gdk-CRITICAL **: 18:14:53.657: gdk_cursor_new_for_display: assertion 'GDK_IS_DISPLAY (display)' failed
Unable to init server: Could not connect: Connection refused
Unable to init server: Could not connect: Connection refused
Unable to init server: Could not connect: Connection refused
Unable to init server: Could not connect: Connection refused
Unable to init server: Could not connect: Connection refused
Unable to init server: Could not connect: Connection refused
Unable to init server: Could not connect: Connection refused
Unable to init server: Could not connect: Connection refused
Unable to init server: Could not connect: Connection refused
Unable to init server: Could not connect: Connection refused
Unable to init server: Could not connect: Connection refused
Unable to init server: Could not connect: Connection refused
Unable to init server: Could not connect: Connection refused
Unable to init server: Could not connect: Connection refused
Unable to init server: Could not connect: Connection refused
Unable to init server: Could not connect: Connection refused
Unable to init server: Could not connect: Connection refused
Unable to init server: Could not connect: Connection refused
Unable to init server: Could not connect: Connection refused
Unable to init server: Could not connect: Connection refused
Unable to init server: Could not connect: Connection refused
Unable to init server: Could not connect: Connection refused
Unable to init server: Could not connect: Connection refused

(DataCollector_Deterministic.py:1641782): Gdk-CRITICAL **: 18:14:54.111: gdk_cursor_new_for_display: assertion 'GDK_IS_DISPLAY (display)' failed
Unable to init server: Could not connect: Connection refused
Unable to init server: Could not connect: Connection refused
Unable to init server: Could not connect: Connection refused
Unable to init server: Could not connect: Connection refused

(DataCollector_Deterministic.py:1642830): Gdk-CRITICAL **: 18:14:54.456: gdk_cursor_new_for_display: assertion 'GDK_IS_DISPLAY (display)' failed
Unable to init server: Could not connect: Connection refused
Unable to init server: Could not connect: Connection refused

(DataCollector_Deterministic.py:1641518): Gdk-CRITICAL **: 18:14:54.625: gdk_cursor_new_for_display: assertion 'GDK_IS_DISPLAY (display)' failed
Unable to init server: Could not connect: Connection refused

(DataCollector_Deterministic.py:1641039): Gdk-CRITICAL **: 18:14:54.673: gdk_cursor_new_for_display: assertion 'GDK_IS_DISPLAY (display)' failed
Unable to init server: Could not connect: Connection refused

(DataCollector_Deterministic.py:1641403): Gdk-CRITICAL **: 18:14:54.703: gdk_cursor_new_for_display: assertion 'GDK_IS_DISPLAY (display)' failed
Unable to init server: Could not connect: Connection refused

(DataCollector_Deterministic.py:1640987): Gdk-CRITICAL **: 18:14:54.712: gdk_cursor_new_for_display: assertion 'GDK_IS_DISPLAY (display)' failed
Unable to init server: Could not connect: Connection refused

(DataCollector_Deterministic.py:1642346): Gdk-CRITICAL **: 18:14:54.771: gdk_cursor_new_for_display: assertion 'GDK_IS_DISPLAY (display)' failed
Unable to init server: Could not connect: Connection refused

(DataCollector_Deterministic.py:1642799): Gdk-CRITICAL **: 18:14:54.791: gdk_cursor_new_for_display: assertion 'GDK_IS_DISPLAY (display)' failed
Unable to init server: Could not connect: Connection refused

(DataCollector_Deterministic.py:1641975): Gdk-CRITICAL **: 18:14:54.793: gdk_cursor_new_for_display: assertion 'GDK_IS_DISPLAY (display)' failed
Unable to init server: Could not connect: Connection refused

(DataCollector_Deterministic.py:1640772): Gdk-CRITICAL **: 18:14:54.810: gdk_cursor_new_for_display: assertion 'GDK_IS_DISPLAY (display)' failed
Unable to init server: Could not connect: Connection refused

(DataCollector_Deterministic.py:1642738): Gdk-CRITICAL **: 18:14:54.837: gdk_cursor_new_for_display: assertion 'GDK_IS_DISPLAY (display)' failed
Unable to init server: Could not connect: Connection refused

(DataCollector_Deterministic.py:1642679): Gdk-CRITICAL **: 18:14:54.847: gdk_cursor_new_for_display: assertion 'GDK_IS_DISPLAY (display)' failed
Unable to init server: Could not connect: Connection refused

(DataCollector_Deterministic.py:1641579): Gdk-CRITICAL **: 18:14:54.854: gdk_cursor_new_for_display: assertion 'GDK_IS_DISPLAY (display)' failed
Unable to init server: Could not connect: Connection refused

(DataCollector_Deterministic.py:1641497): Gdk-CRITICAL **: 18:14:54.870: gdk_cursor_new_for_display: assertion 'GDK_IS_DISPLAY (display)' failed
Unable to init server: Could not connect: Connection refused
Unable to init server: Could not connect: Connection refused

(DataCollector_Deterministic.py:1640641): Gdk-CRITICAL **: 18:14:54.889: gdk_cursor_new_for_display: assertion 'GDK_IS_DISPLAY (display)' failed
Unable to init server: Could not connect: Connection refused

(DataCollector_Deterministic.py:1642533): Gdk-CRITICAL **: 18:14:54.910: gdk_cursor_new_for_display: assertion 'GDK_IS_DISPLAY (display)' failed
Unable to init server: Could not connect: Connection refused

(DataCollector_Deterministic.py:1642086): Gdk-CRITICAL **: 18:14:54.930: gdk_cursor_new_for_display: assertion 'GDK_IS_DISPLAY (display)' failed
Unable to init server: Could not connect: Connection refused

(DataCollector_Deterministic.py:1642324): Gdk-CRITICAL **: 18:14:54.940: gdk_cursor_new_for_display: assertion 'GDK_IS_DISPLAY (display)' failed
Unable to init server: Could not connect: Connection refused

(DataCollector_Deterministic.py:1641963): Gdk-CRITICAL **: 18:14:54.961: gdk_cursor_new_for_display: assertion 'GDK_IS_DISPLAY (display)' failed
Unable to init server: Could not connect: Connection refused

(DataCollector_Deterministic.py:1641106): Gdk-CRITICAL **: 18:14:55.026: gdk_cursor_new_for_display: assertion 'GDK_IS_DISPLAY (display)' failed
Unable to init server: Could not connect: Connection refused

(DataCollector_Deterministic.py:1642037): Gdk-CRITICAL **: 18:14:55.039: gdk_cursor_new_for_display: assertion 'GDK_IS_DISPLAY (display)' failed
Unable to init server: Could not connect: Connection refused

(DataCollector_Deterministic.py:1640552): Gdk-CRITICAL **: 18:14:55.046: gdk_cursor_new_for_display: assertion 'GDK_IS_DISPLAY (display)' failed
Unable to init server: Could not connect: Connection refused

(DataCollector_Deterministic.py:1641825): Gdk-CRITICAL **: 18:14:55.057: gdk_cursor_new_for_display: assertion 'GDK_IS_DISPLAY (display)' failed
Unable to init server: Could not connect: Connection refused

(DataCollector_Deterministic.py:1641069): Gdk-CRITICAL **: 18:14:55.061: gdk_cursor_new_for_display: assertion 'GDK_IS_DISPLAY (display)' failed
Unable to init server: Could not connect: Connection refused

(DataCollector_Deterministic.py:1642731): Gdk-CRITICAL **: 18:14:55.074: gdk_cursor_new_for_display: assertion 'GDK_IS_DISPLAY (display)' failed
Unable to init server: Could not connect: Connection refused

(DataCollector_Deterministic.py:1642169): Gdk-CRITICAL **: 18:14:55.113: gdk_cursor_new_for_display: assertion 'GDK_IS_DISPLAY (display)' failed
Unable to init server: Could not connect: Connection refused

(DataCollector_Deterministic.py:1640803): Gdk-CRITICAL **: 18:14:55.117: gdk_cursor_new_for_display: assertion 'GDK_IS_DISPLAY (display)' failed
Unable to init server: Could not connect: Connection refused

(DataCollector_Deterministic.py:1642840): Gdk-CRITICAL **: 18:14:55.141: gdk_cursor_new_for_display: assertion 'GDK_IS_DISPLAY (display)' failed
Unable to init server: Could not connect: Connection refused

(DataCollector_Deterministic.py:1642643): Gdk-CRITICAL **: 18:14:55.146: gdk_cursor_new_for_display: assertion 'GDK_IS_DISPLAY (display)' failed
Unable to init server: Could not connect: Connection refused

(DataCollector_Deterministic.py:1641880): Gdk-CRITICAL **: 18:14:55.177: gdk_cursor_new_for_display: assertion 'GDK_IS_DISPLAY (display)' failed
Unable to init server: Could not connect: Connection refused

(DataCollector_Deterministic.py:1641890): Gdk-CRITICAL **: 18:14:55.181: gdk_cursor_new_for_display: assertion 'GDK_IS_DISPLAY (display)' failed
Unable to init server: Could not connect: Connection refused

(DataCollector_Deterministic.py:1642618): Gdk-CRITICAL **: 18:14:55.214: gdk_cursor_new_for_display: assertion 'GDK_IS_DISPLAY (display)' failed
Unable to init server: Could not connect: Connection refused

(DataCollector_Deterministic.py:1642860): Gdk-CRITICAL **: 18:14:55.221: gdk_cursor_new_for_display: assertion 'GDK_IS_DISPLAY (display)' failed
Unable to init server: Could not connect: Connection refused

(DataCollector_Deterministic.py:1641371): Gdk-CRITICAL **: 18:14:55.229: gdk_cursor_new_for_display: assertion 'GDK_IS_DISPLAY (display)' failed
Unable to init server: Could not connect: Connection refused

(DataCollector_Deterministic.py:1640856): Gdk-CRITICAL **: 18:14:55.233: gdk_cursor_new_for_display: assertion 'GDK_IS_DISPLAY (display)' failed
Unable to init server: Could not connect: Connection refused

(DataCollector_Deterministic.py:1640603): Gdk-CRITICAL **: 18:14:55.261: gdk_cursor_new_for_display: assertion 'GDK_IS_DISPLAY (display)' failed

(DataCollector_Deterministic.py:1640571): Gdk-CRITICAL **: 18:14:54.880: gdk_cursor_new_for_display: assertion 'GDK_IS_DISPLAY (display)' failed
Unable to init server: Could not connect: Connection refused

(DataCollector_Deterministic.py:1642031): Gdk-CRITICAL **: 18:14:55.290: gdk_cursor_new_for_display: assertion 'GDK_IS_DISPLAY (display)' failed
Unable to init server: Could not connect: Connection refused

(DataCollector_Deterministic.py:1641532): Gdk-CRITICAL **: 18:14:55.310: gdk_cursor_new_for_display: assertion 'GDK_IS_DISPLAY (display)' failed
Unable to init server: Could not connect: Connection refused

(DataCollector_Deterministic.py:1641031): Gdk-CRITICAL **: 18:14:55.341: gdk_cursor_new_for_display: assertion 'GDK_IS_DISPLAY (display)' failed
Unable to init server: Could not connect: Connection refused

(DataCollector_Deterministic.py:1642265): Gdk-CRITICAL **: 18:14:55.389: gdk_cursor_new_for_display: assertion 'GDK_IS_DISPLAY (display)' failed
Unable to init server: Could not connect: Connection refused

(DataCollector_Deterministic.py:1642489): Gdk-CRITICAL **: 18:14:55.410: gdk_cursor_new_for_display: assertion 'GDK_IS_DISPLAY (display)' failed
Unable to init server: Could not connect: Connection refused

(DataCollector_Deterministic.py:1641652): Gdk-CRITICAL **: 18:14:55.413: gdk_cursor_new_for_display: assertion 'GDK_IS_DISPLAY (display)' failed
Unable to init server: Could not connect: Connection refused

(DataCollector_Deterministic.py:1641640): Gdk-CRITICAL **: 18:14:55.443: gdk_cursor_new_for_display: assertion 'GDK_IS_DISPLAY (display)' failed
Unable to init server: Could not connect: Connection refused

(DataCollector_Deterministic.py:1641749): Gdk-CRITICAL **: 18:14:55.449: gdk_cursor_new_for_display: assertion 'GDK_IS_DISPLAY (display)' failed
Unable to init server: Could not connect: Connection refused

(DataCollector_Deterministic.py:1641791): Gdk-CRITICAL **: 18:14:55.459: gdk_cursor_new_for_display: assertion 'GDK_IS_DISPLAY (display)' failed
Unable to init server: Could not connect: Connection refused

(DataCollector_Deterministic.py:1642771): Gdk-CRITICAL **: 18:14:55.470: gdk_cursor_new_for_display: assertion 'GDK_IS_DISPLAY (display)' failed
Unable to init server: Could not connect: Connection refused

(DataCollector_Deterministic.py:1640826): Gdk-CRITICAL **: 18:14:55.481: gdk_cursor_new_for_display: assertion 'GDK_IS_DISPLAY (display)' failed
Unable to init server: Could not connect: Connection refused

(DataCollector_Deterministic.py:1641672): Gdk-CRITICAL **: 18:14:55.562: gdk_cursor_new_for_display: assertion 'GDK_IS_DISPLAY (display)' failed
Unable to init server: Could not connect: Connection refused

(DataCollector_Deterministic.py:1640589): Gdk-CRITICAL **: 18:14:55.569: gdk_cursor_new_for_display: assertion 'GDK_IS_DISPLAY (display)' failed
Unable to init server: Could not connect: Connection refused

(DataCollector_Deterministic.py:1640929): Gdk-CRITICAL **: 18:14:55.656: gdk_cursor_new_for_display: assertion 'GDK_IS_DISPLAY (display)' failed
Unable to init server: Could not connect: Connection refused

(DataCollector_Deterministic.py:1641244): Gdk-CRITICAL **: 18:14:55.787: gdk_cursor_new_for_display: assertion 'GDK_IS_DISPLAY (display)' failed
Unable to init server: Could not connect: Connection refused

(DataCollector_Deterministic.py:1642023): Gdk-CRITICAL **: 18:14:56.193: gdk_cursor_new_for_display: assertion 'GDK_IS_DISPLAY (display)' failed
Unable to init server: Could not connect: Connection refused

(DataCollector_Deterministic.py:1641362): Gdk-CRITICAL **: 18:14:56.202: gdk_cursor_new_for_display: assertion 'GDK_IS_DISPLAY (display)' failed
Initalising...
Running Sim...

Data Dump...
Initalising...
Running Sim...

Data Dump...
Initalising...
Running Sim...

Data Dump...
Initalising...
Running Sim...

Data Dump...
Initalising...
Running Sim...

Data Dump...
Initalising...
Running Sim...

Data Dump...
Initalising...
Running Sim...

Data Dump...
Initalising...
Running Sim...

Data Dump...
Initalising...
Running Sim...

Data Dump...
Initalising...
Running Sim...

Data Dump...
Initalising...
Running Sim...

Data Dump...
Initalising...
Running Sim...

Data Dump...
Initalising...
Running Sim...
.Initalising...
Running Sim...
.Initalising...
Running Sim...
.Initalising...
Running Sim...
.Initalising...
Running Sim...
.Initalising...
Running Sim...
.Initalising...
Running Sim...
.Initalising...
Running Sim...
.Initalising...
Running Sim...
.Initalising...
Running Sim...
.Initalising...
Running Sim...
.Initalising...
Running Sim...
.Initalising...
Running Sim...
.Initalising...
Running Sim...
.Initalising...
Running Sim...
.Initalising...
Running Sim...
.Initalising...
Running Sim...
.Initalising...
Running Sim...
.Initalising...
Running Sim...
.Initalising...
Running Sim...
.Initalising...
Running Sim...
.Initalising...
Running Sim...
.Initalising...
Running Sim...
.Initalising...
Running Sim...
.Initalising...
Running Sim...
.Initalising...
Running Sim...
.Initalising...
Running Sim...
.Initalising...
Running Sim...
.Initalising...
Running Sim...
.Initalising...
Running Sim...
.Initalising...
Running Sim...
.Initalising...
Running Sim...
.Initalising...
Running Sim...
.Initalising...
Running Sim...
.Initalising...
Running Sim...
.Initalising...
Running Sim...
.Initalising...
Running Sim...
.Initalising...
Running Sim...
.Initalising...
Running Sim...
.Initalising...
Running Sim...
.Initalising...
Running Sim...
.Initalising...
Running Sim...
.Initalising...
Running Sim...
.Initalising...
Running Sim...
.Initalising...
Running Sim...
.Initalising...
Running Sim...
.Initalising...
Running Sim...
.Initalising...
Running Sim...
.Initalising...
Running Sim...
.Initalising...
Running Sim...
.Initalising...
Running Sim...
.Initalising...
Running Sim...
.Initalising...
Running Sim...
.Initalising...
Running Sim...
.Initalising...
Running Sim...
.Initalising...
Running Sim...
.Initalising...
Running Sim...
.Initalising...
Running Sim...
.Initalising...
Running Sim...
.Initalising...
Running Sim...
.Initalising...
Running Sim...
.Initalising...
Running Sim...
.Initalising...
Running Sim...
.Initalising...
Running Sim...
.Initalising...
Running Sim...
.Initalising...
Running Sim...
.Initalising...
Running Sim...
.Initalising...
Running Sim...
.Initalising...
Running Sim...
.Initalising...
Running Sim...
.Initalising...
Running Sim...
.Initalising...
Running Sim...
.Initalising...
Running Sim...
.Initalising...
Running Sim...
.Initalising...
Running Sim...
.Initalising...
Running Sim...
.Initalising...
Running Sim...
.Initalising...
Running Sim...
.Initalising...
Running Sim...
.Initalising...
Running Sim...
.Initalising...
Running Sim...
.Initalising...
Running Sim...
.Initalising...
Running Sim...
.Initalising...
Running Sim...
.Initalising...
Running Sim...
.Initalising...
Running Sim...
.Initalising...
Running Sim...
.Initalising...
Running Sim...
..........................................................................................................................................................................................................................................................................................................................................................................................................................................................................................................................................................................................................................................................................................................................................................................................
[1759 9105]
..
[1729 9148]
..
[1714 9166]
.....
[1718 9148]
.
[1738 9161]
.
[1747 9116]
.
[9176 1659]
...
[1679 9155]
.
[1708 9147]
.
[1663 9170]
....
[1695 9158]
.
[1762 9120]
.
[1752 9120]
.
[1709 9150]
...
[1784 9098]
.
[1675 9154]
.
[1740 9116]
..
[1680 9131]
.
[1737 9137]
.
[1757 9087]
...
[1792 9037]
....
[1689 9149]
.....
[1733 9141]
..
[1748 9123]
.
[1708 9119]
.
[1724 9120]
.
[1733 9133]
..
[1686 9179]
.
[1735 9102]
..
[1751 9113]
...
[1763 9093]
..
[1723 9136]
.
[1867 9002]
.
[1705 9125]
.
[1993 8898]
.
[1774 9122]
.
[1769 9080]
.
[1832 9009]
.
[1672 9167]
.
[1916 8908]
.
[2106 8698]
.
[1838 9027]
...
[1724 9144]
.
[1961 8922]
..
[2014 8800]
.
[1690 9155]
.
[1831 8997]
.
[2097 8723]
.
[1922 8901]
.
[2013 8783]
.
[1814 9040]
.
[1763 9088]
.
[2163 8660]
...
[2399 8375]
.
[1993 8785]
.....
[2577 8180]
..
[2729 8048]
...
[2988 7781]
...........
[2490 8267]
.
[2817 7914]
.
[2736 7980]
..
[2612 8127]
..
[3031 7692]
................
[3193 7485]
....
[3570 7153]
....
[2985 7750]
.
[7296 3470]
.......
[7533 3182]
.
[4234 6460]
...
[6718 3969]
....
[7394 3335]
..
[6639 4117]
...
[7023 3704]
..
[3411 7322]
.
[3529 7152]
.
[7013 3680]
....
[4063 6617]
.
[5312 5423]
.
[5058 5653]
.
[3745 6922]
.
[5907 4767]
.
[6162 4512]
....
[4219 6476]
.
[4100 6576]
.
[4213 6480]
....
[6183 4489]
........
[5020 5635]
...
[4523 6178]
.......................................................................................................................................................................................................................................................................
Data Dump...
................................
Data Dump...

Data Dump...
......
Data Dump...
..
Data Dump...
...
Data Dump...
...
Data Dump...
................
Data Dump...
...................................................................................................................
[  54 4538]
.......................................
[  55 4317]
.........
[  49 4091]
...
[  57 4242]
....
[  65 4106]
.......
[  72 4077]
.......
[  76 4110]
.............
[  63 4048]
.
[  74 3884]
......
[  88 3886]
........
[  66 4005]
......
[  57 4026]
.
[  61 3913]
..........
[  68 3849]
...............
[  74 3924]
.
[  69 3928]
..........
[  87 3789]
.....
[  74 3714]
.
[  84 3664]
...
[  64 3796]
.
[  98 3761]
..
[  82 3739]
....
[  87 3661]
......
[  82 3731]
.
[  71 3760]
............
[  96 3628]
....
[ 103 3600]
..............
[  84 3738]
...............
[ 156 3370]
....
[ 110 3604]
..............................................
[ 158 3369]
...
[ 167 3271]
...
[ 123 3408]
.....
[ 149 3373]
.....
[ 168 3229]
...
[ 185 3200]
.........
[ 155 3288]
...
[ 185 3186]
....................
[ 181 3181]
.........
[ 186 3165]
..........
[ 281 2979]
....
[ 222 3048]
.......
[ 244 3053]
............
[ 299 2955]
....
[ 245 2963]
.............
[ 217 2999]
......................................
Data Dump...
.
[ 345 2842]
..........................................
[ 477 2610]
...........
[ 398 2663]
.........
[ 393 2641]
..
[ 523 2534]
......
[ 423 2595]
..........
[ 473 2535]
.
[ 488 2550]
............
[ 34 261]

Data Dump...

[ 565 2349]
..................
[ 37 248]

Data Dump...
.............................
[ 38 257]

Data Dump...

[ 26 257]

Data Dump...
..
[ 564 2471]
..
[ 638 2250]
....
[2405  615]
.
[2413  526]
............
[ 763 2129]
...............
[ 41 220]

Data Dump...

[2090  861]
..
[ 41 222]

Data Dump...
...
[ 996 1825]
...
[2029  823]
....
[ 713 2199]
......
[2196  717]
...
[ 748 2105]
.
[2371  630]
...
[2193  740]
............
[ 846 1951]
..
[ 971 1869]
..
[1694 1108]
...
[ 945 1897]
.......
[ 21 208]

Data Dump...
.
[1434 1394]
.
[1021 1851]
....
[1012 1829]
......
[ 36 182]
..
[1332 1488]
...
[ 27 236]

Data Dump...
.
[1741 1019]
.
Data Dump...
...
[1772 1048]
..
[1308 1475]
.....
[ 34 197]
.......
Data Dump...
.
[ 43 180]
.
[ 31 238]

Data Dump...
.
[ 31 183]
..
[1126 1736]
..
Data Dump...
.....
Data Dump...
......
[ 35 254]

Data Dump...
........
[ 33 198]
...
Data Dump...
.........................
[ 38 175]
...............
[ 31 210]
...
[ 27 176]
....
Data Dump...

Data Dump...
..
[ 33 196]
........
Data Dump...
.
[ 33 187]
.
[ 42 185]
....
[ 36 191]
.
Data Dump...
....
[ 33 171]
.
[ 20 206]
.......
[ 45 175]
.
Data Dump...
..
Data Dump...
.....
Data Dump...
....
Data Dump...

Data Dump...

[ 49 167]
...
Data Dump...
..................
Data Dump...
...
[ 30 194]
....................
Data Dump...
.
[ 28 195]
...
[ 45 184]
..................
Data Dump...
.........
Data Dump...
..........................
[ 41 175]
....
[ 53 195]
.........
[ 42 189]
...
[ 37 160]
......
[ 47 188]
.....
Data Dump...
.
[ 42 152]
.......
Data Dump...
...
[ 36 163]
.......
[ 45 152]
..
Data Dump...
...........
Data Dump...
......
[ 50 181]
.
Data Dump...
..
[ 46 157]
....
Data Dump...
.....
Data Dump...
....
[ 48 167]
...
[ 62 159]
.....
Data Dump...
..........
Data Dump...
...
[ 64 170]
.....
[ 53 151]
..
Data Dump...
.....
[ 59 154]
....
[ 38 159]
....
Data Dump...
........
Data Dump...
.................
Data Dump...

Data Dump...
....
[ 57 132]
...
Data Dump...

Data Dump...
.........
[ 65 147]
.............
[ 55 129]
........
[ 55 155]
...
[ 50 113]
...
Data Dump...
...
[ 66 149]
..
[ 63 143]
.
[ 51 124]
....
[ 71 145]
.................
Data Dump...
.......
Data Dump...
.......
[ 59 115]
......
Data Dump...

[139  77]
.
[110  63]
.....
Data Dump...

Data Dump...

[ 60 114]
.....
[ 70 114]
..
Data Dump...
....
Data Dump...

Data Dump...

[132  67]
....
[87 84]
.....
[150  63]
.
[121  54]
.....
[69 95]
..
[131  56]
.
[ 69 104]
..
[126  60]
...
[ 95 109]
..
[99 82]
.
[ 78 117]
....
[ 65 107]
.
Data Dump...
....
[90 78]
.
[ 95 106]
.
Data Dump...
..
Data Dump...
.
Data Dump...
..
Data Dump...

[87 91]
.
[74 91]
.
[113  79]
...
[98 81]
....
[115  85]
....
Data Dump...
...
Data Dump...
...
Data Dump...
....
[93 92]
.
Data Dump...
..
Data Dump...

Data Dump...
.
Data Dump...

Data Dump...
..
Data Dump...
..
Data Dump...

Data Dump...

Data Dump...
.....
Data Dump...

Data Dump...
.
Data Dump...

Data Dump...

Data Dump...

Data Dump...

Data Dump...
.
Data Dump...
High 2 6
Done
