Unable to init server: Could not connect: Connection refused
Unable to init server: Could not connect: Connection refused
Unable to init server: Could not connect: Connection refused
Unable to init server: Could not connect: Connection refused
Unable to init server: Could not connect: Connection refused
Unable to init server: Could not connect: Connection refused
Unable to init server: Could not connect: Connection refused
Unable to init server: Could not connect: Connection refused
Unable to init server: Could not connect: Connection refused
Unable to init server: Could not connect: Connection refused
Unable to init server: Could not connect: Connection refused
Unable to init server: Could not connect: Connection refused
Unable to init server: Could not connect: Connection refused
Unable to init server: Could not connect: Connection refused
Unable to init server: Could not connect: Connection refused
Unable to init server: Could not connect: Connection refused
Unable to init server: Could not connect: Connection refused
Unable to init server: Could not connect: Connection refused
Unable to init server: Could not connect: Connection refused
Unable to init server: Could not connect: Connection refused
Unable to init server: Could not connect: Connection refused
Unable to init server: Could not connect: Connection refused
Unable to init server: Could not connect: Connection refused
Unable to init server: Could not connect: Connection refused
Unable to init server: Could not connect: Connection refused
Unable to init server: Could not connect: Connection refused
Unable to init server: Could not connect: Connection refused
Unable to init server: Could not connect: Connection refused
Unable to init server: Could not connect: Connection refused
Unable to init server: Could not connect: Connection refused
Unable to init server: Could not connect: Connection refused
Unable to init server: Could not connect: Connection refused
Unable to init server: Could not connect: Connection refused
Unable to init server: Could not connect: Connection refused
Unable to init server: Could not connect: Connection refused
Unable to init server: Could not connect: Connection refused
Unable to init server: Could not connect: Connection refused
Unable to init server: Could not connect: Connection refused
Unable to init server: Could not connect: Connection refused
Unable to init server: Could not connect: Connection refused
Unable to init server: Could not connect: Connection refused
Unable to init server: Could not connect: Connection refused
Unable to init server: Could not connect: Connection refused
Unable to init server: Could not connect: Connection refused
Unable to init server: Could not connect: Connection refused
Unable to init server: Could not connect: Connection refused
Unable to init server: Could not connect: Connection refused
Unable to init server: Could not connect: Connection refused
Unable to init server: Could not connect: Connection refused
Unable to init server: Could not connect: Connection refused
Unable to init server: Could not connect: Connection refused
Unable to init server: Could not connect: Connection refused
Unable to init server: Could not connect: Connection refused
Unable to init server: Could not connect: Connection refused
Unable to init server: Could not connect: Connection refused
Unable to init server: Could not connect: Connection refused
Unable to init server: Could not connect: Connection refused
Unable to init server: Could not connect: Connection refused

(DataCollector_Deterministic.py:1954742): Gdk-CRITICAL **: 18:23:02.077: gdk_cursor_new_for_display: assertion 'GDK_IS_DISPLAY (display)' failed
Unable to init server: Could not connect: Connection refused
Unable to init server: Could not connect: Connection refused
Unable to init server: Could not connect: Connection refused
Unable to init server: Could not connect: Connection refused
Unable to init server: Could not connect: Connection refused
Unable to init server: Could not connect: Connection refused
Unable to init server: Could not connect: Connection refused
Unable to init server: Could not connect: Connection refused
Unable to init server: Could not connect: Connection refused
Unable to init server: Could not connect: Connection refused
Unable to init server: Could not connect: Connection refused
Unable to init server: Could not connect: Connection refused
Unable to init server: Could not connect: Connection refused
Unable to init server: Could not connect: Connection refused
Unable to init server: Could not connect: Connection refused

(DataCollector_Deterministic.py:1954803): Gdk-CRITICAL **: 18:23:02.344: gdk_cursor_new_for_display: assertion 'GDK_IS_DISPLAY (display)' failed
Unable to init server: Could not connect: Connection refused
Unable to init server: Could not connect: Connection refused
Unable to init server: Could not connect: Connection refused
Unable to init server: Could not connect: Connection refused
Unable to init server: Could not connect: Connection refused
Unable to init server: Could not connect: Connection refused

(DataCollector_Deterministic.py:1954764): Gdk-CRITICAL **: 18:23:02.461: gdk_cursor_new_for_display: assertion 'GDK_IS_DISPLAY (display)' failed
Unable to init server: Could not connect: Connection refused

(DataCollector_Deterministic.py:1954697): Gdk-CRITICAL **: 18:23:02.477: gdk_cursor_new_for_display: assertion 'GDK_IS_DISPLAY (display)' failed
Unable to init server: Could not connect: Connection refused
Unable to init server: Could not connect: Connection refused
Unable to init server: Could not connect: Connection refused
Unable to init server: Could not connect: Connection refused
Unable to init server: Could not connect: Connection refused
Unable to init server: Could not connect: Connection refused
Unable to init server: Could not connect: Connection refused
Unable to init server: Could not connect: Connection refused
Unable to init server: Could not connect: Connection refused
Unable to init server: Could not connect: Connection refused
Unable to init server: Could not connect: Connection refused
Unable to init server: Could not connect: Connection refused
Unable to init server: Could not connect: Connection refused
Unable to init server: Could not connect: Connection refused
Unable to init server: Could not connect: Connection refused
Unable to init server: Could not connect: Connection refused
Unable to init server: Could not connect: Connection refused
Unable to init server: Could not connect: Connection refused
Unable to init server: Could not connect: Connection refused

(DataCollector_Deterministic.py:1954809): Gdk-CRITICAL **: 18:23:02.780: gdk_cursor_new_for_display: assertion 'GDK_IS_DISPLAY (display)' failed
Unable to init server: Could not connect: Connection refused

(DataCollector_Deterministic.py:1954787): Gdk-CRITICAL **: 18:23:02.820: gdk_cursor_new_for_display: assertion 'GDK_IS_DISPLAY (display)' failed
Unable to init server: Could not connect: Connection refused

(DataCollector_Deterministic.py:1954779): Gdk-CRITICAL **: 18:23:02.831: gdk_cursor_new_for_display: assertion 'GDK_IS_DISPLAY (display)' failed
Unable to init server: Could not connect: Connection refused
Unable to init server: Could not connect: Connection refused

(DataCollector_Deterministic.py:1954760): Gdk-CRITICAL **: 18:23:02.876: gdk_cursor_new_for_display: assertion 'GDK_IS_DISPLAY (display)' failed
Unable to init server: Could not connect: Connection refused

(DataCollector_Deterministic.py:1954881): Gdk-CRITICAL **: 18:23:02.924: gdk_cursor_new_for_display: assertion 'GDK_IS_DISPLAY (display)' failed
Unable to init server: Could not connect: Connection refused
Unable to init server: Could not connect: Connection refused
Unable to init server: Could not connect: Connection refused
Unable to init server: Could not connect: Connection refused
Unable to init server: Could not connect: Connection refused

(DataCollector_Deterministic.py:1954838): Gdk-CRITICAL **: 18:23:02.983: gdk_cursor_new_for_display: assertion 'GDK_IS_DISPLAY (display)' failed
Unable to init server: Could not connect: Connection refused

(DataCollector_Deterministic.py:1954691): Gdk-CRITICAL **: 18:23:03.026: gdk_cursor_new_for_display: assertion 'GDK_IS_DISPLAY (display)' failed
Unable to init server: Could not connect: Connection refused

(DataCollector_Deterministic.py:1954775): Gdk-CRITICAL **: 18:23:03.046: gdk_cursor_new_for_display: assertion 'GDK_IS_DISPLAY (display)' failed
Unable to init server: Could not connect: Connection refused

(DataCollector_Deterministic.py:1954722): Gdk-CRITICAL **: 18:23:03.063: gdk_cursor_new_for_display: assertion 'GDK_IS_DISPLAY (display)' failed
Unable to init server: Could not connect: Connection refused
Unable to init server: Could not connect: Connection refused

(DataCollector_Deterministic.py:1954746): Gdk-CRITICAL **: 18:23:03.079: gdk_cursor_new_for_display: assertion 'GDK_IS_DISPLAY (display)' failed
Unable to init server: Could not connect: Connection refused
Unable to init server: Could not connect: Connection refused

(DataCollector_Deterministic.py:1954734): Gdk-CRITICAL **: 18:23:03.122: gdk_cursor_new_for_display: assertion 'GDK_IS_DISPLAY (display)' failed
Unable to init server: Could not connect: Connection refused

(DataCollector_Deterministic.py:1954858): Gdk-CRITICAL **: 18:23:03.126: gdk_cursor_new_for_display: assertion 'GDK_IS_DISPLAY (display)' failed
Unable to init server: Could not connect: Connection refused

(DataCollector_Deterministic.py:1954853): Gdk-CRITICAL **: 18:23:03.175: gdk_cursor_new_for_display: assertion 'GDK_IS_DISPLAY (display)' failed
Unable to init server: Could not connect: Connection refused

(DataCollector_Deterministic.py:1954820): Gdk-CRITICAL **: 18:23:03.185: gdk_cursor_new_for_display: assertion 'GDK_IS_DISPLAY (display)' failed
Unable to init server: Could not connect: Connection refused
Unable to init server: Could not connect: Connection refused

(DataCollector_Deterministic.py:1954681): Gdk-CRITICAL **: 18:23:03.267: gdk_cursor_new_for_display: assertion 'GDK_IS_DISPLAY (display)' failed
Unable to init server: Could not connect: Connection refused

(DataCollector_Deterministic.py:1954766): Gdk-CRITICAL **: 18:23:03.299: gdk_cursor_new_for_display: assertion 'GDK_IS_DISPLAY (display)' failed
Unable to init server: Could not connect: Connection refused

(DataCollector_Deterministic.py:1954813): Gdk-CRITICAL **: 18:23:03.307: gdk_cursor_new_for_display: assertion 'GDK_IS_DISPLAY (display)' failed
Unable to init server: Could not connect: Connection refused

(DataCollector_Deterministic.py:1954754): Gdk-CRITICAL **: 18:23:03.310: gdk_cursor_new_for_display: assertion 'GDK_IS_DISPLAY (display)' failed
Unable to init server: Could not connect: Connection refused

(DataCollector_Deterministic.py:1954777): Gdk-CRITICAL **: 18:23:03.323: gdk_cursor_new_for_display: assertion 'GDK_IS_DISPLAY (display)' failed
Unable to init server: Could not connect: Connection refused

(DataCollector_Deterministic.py:1954740): Gdk-CRITICAL **: 18:23:03.330: gdk_cursor_new_for_display: assertion 'GDK_IS_DISPLAY (display)' failed
Unable to init server: Could not connect: Connection refused

(DataCollector_Deterministic.py:1954762): Gdk-CRITICAL **: 18:23:03.334: gdk_cursor_new_for_display: assertion 'GDK_IS_DISPLAY (display)' failed

(DataCollector_Deterministic.py:1954849): Gdk-CRITICAL **: 18:23:03.342: gdk_cursor_new_for_display: assertion 'GDK_IS_DISPLAY (display)' failed
Unable to init server: Could not connect: Connection refused

(DataCollector_Deterministic.py:1954801): Gdk-CRITICAL **: 18:23:03.363: gdk_cursor_new_for_display: assertion 'GDK_IS_DISPLAY (display)' failed
Unable to init server: Could not connect: Connection refused
Unable to init server: Could not connect: Connection refused

(DataCollector_Deterministic.py:1954724): Gdk-CRITICAL **: 18:23:03.378: gdk_cursor_new_for_display: assertion 'GDK_IS_DISPLAY (display)' failed
Unable to init server: Could not connect: Connection refused
Unable to init server: Could not connect: Connection refused

(DataCollector_Deterministic.py:1954874): Gdk-CRITICAL **: 18:23:03.391: gdk_cursor_new_for_display: assertion 'GDK_IS_DISPLAY (display)' failed

(DataCollector_Deterministic.py:1954836): Gdk-CRITICAL **: 18:23:03.394: gdk_cursor_new_for_display: assertion 'GDK_IS_DISPLAY (display)' failed
Unable to init server: Could not connect: Connection refused

(DataCollector_Deterministic.py:1954864): Gdk-CRITICAL **: 18:23:03.407: gdk_cursor_new_for_display: assertion 'GDK_IS_DISPLAY (display)' failed
Unable to init server: Could not connect: Connection refused

(DataCollector_Deterministic.py:1954716): Gdk-CRITICAL **: 18:23:03.414: gdk_cursor_new_for_display: assertion 'GDK_IS_DISPLAY (display)' failed
Unable to init server: Could not connect: Connection refused

(DataCollector_Deterministic.py:1954851): Gdk-CRITICAL **: 18:23:03.418: gdk_cursor_new_for_display: assertion 'GDK_IS_DISPLAY (display)' failed
Unable to init server: Could not connect: Connection refused

(DataCollector_Deterministic.py:1954699): Gdk-CRITICAL **: 18:23:03.422: gdk_cursor_new_for_display: assertion 'GDK_IS_DISPLAY (display)' failed
Unable to init server: Could not connect: Connection refused

(DataCollector_Deterministic.py:1954756): Gdk-CRITICAL **: 18:23:03.430: gdk_cursor_new_for_display: assertion 'GDK_IS_DISPLAY (display)' failed
Unable to init server: Could not connect: Connection refused

(DataCollector_Deterministic.py:1954710): Gdk-CRITICAL **: 18:23:03.434: gdk_cursor_new_for_display: assertion 'GDK_IS_DISPLAY (display)' failed
Unable to init server: Could not connect: Connection refused

(DataCollector_Deterministic.py:1954847): Gdk-CRITICAL **: 18:23:03.442: gdk_cursor_new_for_display: assertion 'GDK_IS_DISPLAY (display)' failed
Unable to init server: Could not connect: Connection refused

(DataCollector_Deterministic.py:1954807): Gdk-CRITICAL **: 18:23:03.460: gdk_cursor_new_for_display: assertion 'GDK_IS_DISPLAY (display)' failed

(DataCollector_Deterministic.py:1954752): Gdk-CRITICAL **: 18:23:03.470: gdk_cursor_new_for_display: assertion 'GDK_IS_DISPLAY (display)' failed
Unable to init server: Could not connect: Connection refused

(DataCollector_Deterministic.py:1954880): Gdk-CRITICAL **: 18:23:03.475: gdk_cursor_new_for_display: assertion 'GDK_IS_DISPLAY (display)' failed
Unable to init server: Could not connect: Connection refused

(DataCollector_Deterministic.py:1954730): Gdk-CRITICAL **: 18:23:03.483: gdk_cursor_new_for_display: assertion 'GDK_IS_DISPLAY (display)' failed
Unable to init server: Could not connect: Connection refused

(DataCollector_Deterministic.py:1954689): Gdk-CRITICAL **: 18:23:03.490: gdk_cursor_new_for_display: assertion 'GDK_IS_DISPLAY (display)' failed
Unable to init server: Could not connect: Connection refused

(DataCollector_Deterministic.py:1954845): Gdk-CRITICAL **: 18:23:03.494: gdk_cursor_new_for_display: assertion 'GDK_IS_DISPLAY (display)' failed
Unable to init server: Could not connect: Connection refused

(DataCollector_Deterministic.py:1954728): Gdk-CRITICAL **: 18:23:03.498: gdk_cursor_new_for_display: assertion 'GDK_IS_DISPLAY (display)' failed
Unable to init server: Could not connect: Connection refused

(DataCollector_Deterministic.py:1954795): Gdk-CRITICAL **: 18:23:03.513: gdk_cursor_new_for_display: assertion 'GDK_IS_DISPLAY (display)' failed
Unable to init server: Could not connect: Connection refused

(DataCollector_Deterministic.py:1954883): Gdk-CRITICAL **: 18:23:03.531: gdk_cursor_new_for_display: assertion 'GDK_IS_DISPLAY (display)' failed
Unable to init server: Could not connect: Connection refused

(DataCollector_Deterministic.py:1954770): Gdk-CRITICAL **: 18:23:03.534: gdk_cursor_new_for_display: assertion 'GDK_IS_DISPLAY (display)' failed
Unable to init server: Could not connect: Connection refused

(DataCollector_Deterministic.py:1954736): Gdk-CRITICAL **: 18:23:03.538: gdk_cursor_new_for_display: assertion 'GDK_IS_DISPLAY (display)' failed
Unable to init server: Could not connect: Connection refused

(DataCollector_Deterministic.py:1954695): Gdk-CRITICAL **: 18:23:03.543: gdk_cursor_new_for_display: assertion 'GDK_IS_DISPLAY (display)' failed
Unable to init server: Could not connect: Connection refused

(DataCollector_Deterministic.py:1954758): Gdk-CRITICAL **: 18:23:03.548: gdk_cursor_new_for_display: assertion 'GDK_IS_DISPLAY (display)' failed
Unable to init server: Could not connect: Connection refused

(DataCollector_Deterministic.py:1954799): Gdk-CRITICAL **: 18:23:03.550: gdk_cursor_new_for_display: assertion 'GDK_IS_DISPLAY (display)' failed
Unable to init server: Could not connect: Connection refused

(DataCollector_Deterministic.py:1954826): Gdk-CRITICAL **: 18:23:03.554: gdk_cursor_new_for_display: assertion 'GDK_IS_DISPLAY (display)' failed
Unable to init server: Could not connect: Connection refused

(DataCollector_Deterministic.py:1954822): Gdk-CRITICAL **: 18:23:03.562: gdk_cursor_new_for_display: assertion 'GDK_IS_DISPLAY (display)' failed
Unable to init server: Could not connect: Connection refused

(DataCollector_Deterministic.py:1954705): Gdk-CRITICAL **: 18:23:03.569: gdk_cursor_new_for_display: assertion 'GDK_IS_DISPLAY (display)' failed
Unable to init server: Could not connect: Connection refused

(DataCollector_Deterministic.py:1954772): Gdk-CRITICAL **: 18:23:03.575: gdk_cursor_new_for_display: assertion 'GDK_IS_DISPLAY (display)' failed
Unable to init server: Could not connect: Connection refused

(DataCollector_Deterministic.py:1954797): Gdk-CRITICAL **: 18:23:03.579: gdk_cursor_new_for_display: assertion 'GDK_IS_DISPLAY (display)' failed
Unable to init server: Could not connect: Connection refused

(DataCollector_Deterministic.py:1954732): Gdk-CRITICAL **: 18:23:03.583: gdk_cursor_new_for_display: assertion 'GDK_IS_DISPLAY (display)' failed
Unable to init server: Could not connect: Connection refused

(DataCollector_Deterministic.py:1954875): Gdk-CRITICAL **: 18:23:03.593: gdk_cursor_new_for_display: assertion 'GDK_IS_DISPLAY (display)' failed
Unable to init server: Could not connect: Connection refused

(DataCollector_Deterministic.py:1954834): Gdk-CRITICAL **: 18:23:03.607: gdk_cursor_new_for_display: assertion 'GDK_IS_DISPLAY (display)' failed
Unable to init server: Could not connect: Connection refused

(DataCollector_Deterministic.py:1954744): Gdk-CRITICAL **: 18:23:03.627: gdk_cursor_new_for_display: assertion 'GDK_IS_DISPLAY (display)' failed
Unable to init server: Could not connect: Connection refused

(DataCollector_Deterministic.py:1954768): Gdk-CRITICAL **: 18:23:03.631: gdk_cursor_new_for_display: assertion 'GDK_IS_DISPLAY (display)' failed
Unable to init server: Could not connect: Connection refused

(DataCollector_Deterministic.py:1954882): Gdk-CRITICAL **: 18:23:03.635: gdk_cursor_new_for_display: assertion 'GDK_IS_DISPLAY (display)' failed
Unable to init server: Could not connect: Connection refused

(DataCollector_Deterministic.py:1954703): Gdk-CRITICAL **: 18:23:03.639: gdk_cursor_new_for_display: assertion 'GDK_IS_DISPLAY (display)' failed
Unable to init server: Could not connect: Connection refused

(DataCollector_Deterministic.py:1954791): Gdk-CRITICAL **: 18:23:03.647: gdk_cursor_new_for_display: assertion 'GDK_IS_DISPLAY (display)' failed
Unable to init server: Could not connect: Connection refused

(DataCollector_Deterministic.py:1954828): Gdk-CRITICAL **: 18:23:03.654: gdk_cursor_new_for_display: assertion 'GDK_IS_DISPLAY (display)' failed
Unable to init server: Could not connect: Connection refused

(DataCollector_Deterministic.py:1954804): Gdk-CRITICAL **: 18:23:03.660: gdk_cursor_new_for_display: assertion 'GDK_IS_DISPLAY (display)' failed
Unable to init server: Could not connect: Connection refused
Unable to init server: Could not connect: Connection refused

(DataCollector_Deterministic.py:1954701): Gdk-CRITICAL **: 18:23:03.696: gdk_cursor_new_for_display: assertion 'GDK_IS_DISPLAY (display)' failed
Unable to init server: Could not connect: Connection refused

(DataCollector_Deterministic.py:1954884): Gdk-CRITICAL **: 18:23:03.699: gdk_cursor_new_for_display: assertion 'GDK_IS_DISPLAY (display)' failed
Unable to init server: Could not connect: Connection refused

(DataCollector_Deterministic.py:1954789): Gdk-CRITICAL **: 18:23:03.709: gdk_cursor_new_for_display: assertion 'GDK_IS_DISPLAY (display)' failed
Unable to init server: Could not connect: Connection refused

(DataCollector_Deterministic.py:1954718): Gdk-CRITICAL **: 18:23:03.763: gdk_cursor_new_for_display: assertion 'GDK_IS_DISPLAY (display)' failed
Unable to init server: Could not connect: Connection refused

(DataCollector_Deterministic.py:1954793): Gdk-CRITICAL **: 18:23:03.773: gdk_cursor_new_for_display: assertion 'GDK_IS_DISPLAY (display)' failed
Unable to init server: Could not connect: Connection refused

(DataCollector_Deterministic.py:1954707): Gdk-CRITICAL **: 18:23:03.790: gdk_cursor_new_for_display: assertion 'GDK_IS_DISPLAY (display)' failed
Unable to init server: Could not connect: Connection refused

(DataCollector_Deterministic.py:1954840): Gdk-CRITICAL **: 18:23:03.805: gdk_cursor_new_for_display: assertion 'GDK_IS_DISPLAY (display)' failed
Unable to init server: Could not connect: Connection refused
Unable to init server: Could not connect: Connection refused

(DataCollector_Deterministic.py:1954811): Gdk-CRITICAL **: 18:23:03.813: gdk_cursor_new_for_display: assertion 'GDK_IS_DISPLAY (display)' failed
Unable to init server: Could not connect: Connection refused
Unable to init server: Could not connect: Connection refused

(DataCollector_Deterministic.py:1954843): Gdk-CRITICAL **: 18:23:03.860: gdk_cursor_new_for_display: assertion 'GDK_IS_DISPLAY (display)' failed
Unable to init server: Could not connect: Connection refused

(DataCollector_Deterministic.py:1954830): Gdk-CRITICAL **: 18:23:03.862: gdk_cursor_new_for_display: assertion 'GDK_IS_DISPLAY (display)' failed
Unable to init server: Could not connect: Connection refused

(DataCollector_Deterministic.py:1954785): Gdk-CRITICAL **: 18:23:03.890: gdk_cursor_new_for_display: assertion 'GDK_IS_DISPLAY (display)' failed
Unable to init server: Could not connect: Connection refused

(DataCollector_Deterministic.py:1954783): Gdk-CRITICAL **: 18:23:03.912: gdk_cursor_new_for_display: assertion 'GDK_IS_DISPLAY (display)' failed
Unable to init server: Could not connect: Connection refused

(DataCollector_Deterministic.py:1954713): Gdk-CRITICAL **: 18:23:03.922: gdk_cursor_new_for_display: assertion 'GDK_IS_DISPLAY (display)' failed
Unable to init server: Could not connect: Connection refused

(DataCollector_Deterministic.py:1954872): Gdk-CRITICAL **: 18:23:03.998: gdk_cursor_new_for_display: assertion 'GDK_IS_DISPLAY (display)' failed
Unable to init server: Could not connect: Connection refused

(DataCollector_Deterministic.py:1954876): Gdk-CRITICAL **: 18:23:04.040: gdk_cursor_new_for_display: assertion 'GDK_IS_DISPLAY (display)' failed
Unable to init server: Could not connect: Connection refused

(DataCollector_Deterministic.py:1954693): Gdk-CRITICAL **: 18:23:04.047: gdk_cursor_new_for_display: assertion 'GDK_IS_DISPLAY (display)' failed
Unable to init server: Could not connect: Connection refused

(DataCollector_Deterministic.py:1954832): Gdk-CRITICAL **: 18:23:04.079: gdk_cursor_new_for_display: assertion 'GDK_IS_DISPLAY (display)' failed

(DataCollector_Deterministic.py:1954816): Gdk-CRITICAL **: 18:23:04.082: gdk_cursor_new_for_display: assertion 'GDK_IS_DISPLAY (display)' failed
Unable to init server: Could not connect: Connection refused

(DataCollector_Deterministic.py:1954870): Gdk-CRITICAL **: 18:23:04.087: gdk_cursor_new_for_display: assertion 'GDK_IS_DISPLAY (display)' failed
Unable to init server: Could not connect: Connection refused

(DataCollector_Deterministic.py:1954866): Gdk-CRITICAL **: 18:23:04.115: gdk_cursor_new_for_display: assertion 'GDK_IS_DISPLAY (display)' failed
Unable to init server: Could not connect: Connection refused

(DataCollector_Deterministic.py:1954879): Gdk-CRITICAL **: 18:23:04.141: gdk_cursor_new_for_display: assertion 'GDK_IS_DISPLAY (display)' failed
Unable to init server: Could not connect: Connection refused

(DataCollector_Deterministic.py:1954750): Gdk-CRITICAL **: 18:23:04.157: gdk_cursor_new_for_display: assertion 'GDK_IS_DISPLAY (display)' failed
Unable to init server: Could not connect: Connection refused

(DataCollector_Deterministic.py:1954877): Gdk-CRITICAL **: 18:23:04.160: gdk_cursor_new_for_display: assertion 'GDK_IS_DISPLAY (display)' failed

(DataCollector_Deterministic.py:1954857): Gdk-CRITICAL **: 18:23:04.167: gdk_cursor_new_for_display: assertion 'GDK_IS_DISPLAY (display)' failed

(DataCollector_Deterministic.py:1954824): Gdk-CRITICAL **: 18:23:04.192: gdk_cursor_new_for_display: assertion 'GDK_IS_DISPLAY (display)' failed

(DataCollector_Deterministic.py:1954818): Gdk-CRITICAL **: 18:23:04.226: gdk_cursor_new_for_display: assertion 'GDK_IS_DISPLAY (display)' failed
Unable to init server: Could not connect: Connection refused

(DataCollector_Deterministic.py:1954711): Gdk-CRITICAL **: 18:23:04.229: gdk_cursor_new_for_display: assertion 'GDK_IS_DISPLAY (display)' failed
Unable to init server: Could not connect: Connection refused

(DataCollector_Deterministic.py:1954855): Gdk-CRITICAL **: 18:23:04.291: gdk_cursor_new_for_display: assertion 'GDK_IS_DISPLAY (display)' failed
Unable to init server: Could not connect: Connection refused

(DataCollector_Deterministic.py:1954720): Gdk-CRITICAL **: 18:23:04.444: gdk_cursor_new_for_display: assertion 'GDK_IS_DISPLAY (display)' failed
Unable to init server: Could not connect: Connection refused

(DataCollector_Deterministic.py:1954748): Gdk-CRITICAL **: 18:23:04.516: gdk_cursor_new_for_display: assertion 'GDK_IS_DISPLAY (display)' failed
Unable to init server: Could not connect: Connection refused

(DataCollector_Deterministic.py:1954726): Gdk-CRITICAL **: 18:23:04.527: gdk_cursor_new_for_display: assertion 'GDK_IS_DISPLAY (display)' failed
Unable to init server: Could not connect: Connection refused

(DataCollector_Deterministic.py:1954781): Gdk-CRITICAL **: 18:23:04.692: gdk_cursor_new_for_display: assertion 'GDK_IS_DISPLAY (display)' failed
Unable to init server: Could not connect: Connection refused

(DataCollector_Deterministic.py:1954738): Gdk-CRITICAL **: 18:23:04.798: gdk_cursor_new_for_display: assertion 'GDK_IS_DISPLAY (display)' failed
Unable to init server: Could not connect: Connection refused

(DataCollector_Deterministic.py:1954868): Gdk-CRITICAL **: 18:23:05.006: gdk_cursor_new_for_display: assertion 'GDK_IS_DISPLAY (display)' failed
Initalising...
Running Sim...

Data Dump...
Initalising...
Running Sim...

Data Dump...
Initalising...
Running Sim...

Data Dump...
Initalising...
Running Sim...

Data Dump...
Initalising...
Running Sim...

Data Dump...
Initalising...
Running Sim...

Data Dump...
Initalising...
Running Sim...

Data Dump...
Initalising...
Running Sim...
.Initalising...
Running Sim...
.Initalising...
Running Sim...
.Initalising...
Running Sim...
.Initalising...
Running Sim...
.Initalising...
Running Sim...
.Initalising...
Running Sim...
.Initalising...
Running Sim...
.Initalising...
Running Sim...
.Initalising...
Running Sim...
.Initalising...
Running Sim...
.Initalising...
Running Sim...
.Initalising...
Running Sim...
.Initalising...
Running Sim...
.Initalising...
Running Sim...
.Initalising...
Running Sim...
.Initalising...
Running Sim...
.Initalising...
Running Sim...
.Initalising...
Running Sim...
.Initalising...
Running Sim...
.Initalising...
Running Sim...
.Initalising...
Running Sim...
.Initalising...
Running Sim...
.Initalising...
Running Sim...
.Initalising...
Running Sim...
.Initalising...
Running Sim...
.Initalising...
Running Sim...
.Initalising...
Running Sim...
.Initalising...
Running Sim...
.Initalising...
Running Sim...
.Initalising...
Running Sim...
.Initalising...
Running Sim...
.Initalising...
Running Sim...
.Initalising...
Running Sim...
.Initalising...
Running Sim...
.Initalising...
Running Sim...
.Initalising...
Running Sim...
.Initalising...
Running Sim...
.Initalising...
Running Sim...
.Initalising...
Running Sim...
.Initalising...
Running Sim...
.Initalising...
Running Sim...
.Initalising...
Running Sim...
.Initalising...
Running Sim...
.Initalising...
Running Sim...
.Initalising...
Running Sim...
.Initalising...
Running Sim...
.Initalising...
Running Sim...
.Initalising...
Running Sim...
.Initalising...
Running Sim...
.Initalising...
Running Sim...
.Initalising...
Running Sim...
.Initalising...
Running Sim...
.Initalising...
Running Sim...
.Initalising...
Running Sim...
.Initalising...
Running Sim...
.Initalising...
Running Sim...
.Initalising...
Running Sim...
.Initalising...
Running Sim...
.Initalising...
Running Sim...
.Initalising...
Running Sim...
.Initalising...
Running Sim...
.Initalising...
Running Sim...
.Initalising...
Running Sim...
.Initalising...
Running Sim...
.Initalising...
Running Sim...
.Initalising...
Running Sim...
.Initalising...
Running Sim...
.Initalising...
Running Sim...
.Initalising...
Running Sim...
.Initalising...
Running Sim...
.Initalising...
Running Sim...
.Initalising...
Running Sim...
.Initalising...
Running Sim...
.Initalising...
Running Sim...
.Initalising...
Running Sim...
.Initalising...
Running Sim...
.Initalising...
Running Sim...
.Initalising...
Running Sim...
.Initalising...
Running Sim...
.Initalising...
Running Sim...
.Initalising...
Running Sim...
.Initalising...
Running Sim...
.Initalising...
Running Sim...
.Initalising...
Running Sim...
.Initalising...
Running Sim...
.Initalising...
Running Sim...
.Initalising...
Running Sim...
.Initalising...
Running Sim...
.Initalising...
Running Sim...
.Initalising...
Running Sim...
.Initalising...
Running Sim...
.Initalising...
Running Sim...
.......................................................................................................................................................................................................................................................................................................................................................................................................................................................................................................................................................................................................................................................................................................................................................................................................................................................
[1750 9097]
..........
[1745 9111]
.
[1747 9116]
...
[1743 9132]
.
[1689 9153]
...
[1761 9113]
.
[1733 9099]
..
[1716 9187]
.
[1775 9104]
.
[1779 9091]
.
[1731 9111]
.
[1757 9068]
.
[1666 9135]
.
[1743 9100]
..
[1723 9124]
.
[1798 9085]
.
[1754 9084]
.
[1739 9088]
.
[1705 9167]
.
[1676 9146]
.
[1699 9167]
.
[1730 9159]
.
[1714 9132]
.
[1799 9118]
.
[1752 9126]
.
[1800 9049]
.
[1730 9136]
.
[1712 9180]
.
[1791 9088]
.
[1692 9150]
.
[1709 9146]
.
[2004 8837]
.
[1773 9088]
.
[1703 9159]
.
[1743 9130]
.
[1775 9121]
.
[1725 9162]
.
[1868 8999]
.
[1724 9131]
.
[1732 9119]
.
[1752 9090]
.
[1842 9016]
.
[1711 9077]
.
[1693 9136]
.
[1785 9094]
.
[1965 8836]
.
[1823 9045]
.
[1730 9097]
.
[1727 9148]
.
[1702 9118]
.
[1743 9131]
.
[1804 9056]
.
[1709 9139]
.
[1757 9067]
.
[1721 9104]
.
[1933 8905]
.
[1763 9102]
.
[1746 9116]
.
[2162 8625]
.
[2131 8665]
.
[1718 9098]
.
[1911 8926]
.
[2316 8512]
.
[1689 9122]
.
[2141 8691]
.
[2081 8741]
.
[2099 8748]
.
[1728 9119]
.
[2450 8364]
.
[2291 8544]
..
[2378 8394]
.
[2474 8316]
.
[2524 8268]
..
[2191 8656]
..
[2135 8693]
...
[2494 8276]
...
[2737 8048]
.
[2948 7856]
.....
[2708 8061]
....
[2963 7825]
.
[2578 8190]
.
[3023 7759]
......
[3187 7572]
.......
[2974 7779]
...
[3354 7415]
..
[3575 7193]
....
[3015 7752]
..
[4049 6723]
..........
[5607 5188]
............
[5941 4876]
..
[3410 7386]
..
[6552 4233]
.....
[3020 7700]
....................................................................................................................................................................................................................................................................................................................................................................................................
Data Dump...
...........
Data Dump...
.......
Data Dump...
.
Data Dump...
.....
Data Dump...
.....
Data Dump...
..
Data Dump...
........................
Data Dump...
.................
Data Dump...
...................................................................................................................
[  45 4373]
..................
[  47 4408]
..........
[  59 4312]
...
[  51 4413]
....
[  33 4512]
...
[  46 4359]
..
[  52 4310]
............
[  49 4384]
...
[  45 4352]
.....
[  50 4316]
....
[  52 4215]
.
[  40 4407]
.
[  44 4286]
.......
[  60 4225]
.
[  53 4297]
......
[  49 4296]
.....
[  60 4187]
.
[  67 4178]
..........
[  54 4149]
.....................
[  57 4042]
..
[  69 4076]
......
[  63 4057]
...
[  48 4200]
........
[  74 4082]
.......
[  73 4001]
.......
[  70 3925]
...
[  91 3890]
......
[  66 3907]
.
[  83 3941]
..
[  68 4002]
..
[  96 3905]
...........
[  74 3967]
...
[  94 3851]
.
[  84 3957]
..
[  87 3989]
..
[  92 3925]
......
[  80 3862]
....
[ 100 3820]
..
[  78 3876]
...........
[ 107 3815]
...
[  85 3824]
....
[  70 3774]
.
[  86 3817]
....
[  96 3758]
......
[ 103 3747]
.....
[ 107 3712]
...
[ 107 3811]
......................
[ 101 3728]
...
[ 118 3628]
...................
[ 158 3593]
..............
[ 136 3629]
..............
[ 137 3614]
...............
[ 146 3410]
................
[ 198 3345]
...
[ 186 3374]
.....
[ 151 3451]
.....
[ 209 3332]
......
[ 196 3346]
.............
[ 222 3304]
......
[ 183 3414]
............
[ 242 3333]
.....
[ 173 3385]
........
[ 231 3232]
..................................
[ 275 3160]
..
[ 269 3187]
...................
[ 282 3108]
..........
[ 270 3081]
....................
Data Dump...
...........
[ 344 2998]
...............
[ 360 2997]
......
Data Dump...
...
[ 339 2974]
.......
[ 419 2942]
.......
[ 405 2865]
.
[ 421 2907]
........
Data Dump...
.
Data Dump...
..........
Data Dump...
...........
[ 400 2803]
.....
Data Dump...
......
[ 446 2827]
..........
[ 30 362]

Data Dump...
..
[ 465 2794]
...
Data Dump...
....
[ 513 2743]
...
[ 29 343]

Data Dump...

[ 28 437]

Data Dump...
........
[ 27 369]

Data Dump...
..
[ 22 384]

Data Dump...

[ 32 374]

Data Dump...
.
[ 432 2772]
.
[ 37 374]

Data Dump...
.............
[ 643 2604]
......
[ 37 362]

Data Dump...
...
[ 526 2656]
.....
[ 29 385]

Data Dump...
....
[ 766 2366]
....................
[ 30 365]

Data Dump...
...
[ 34 347]

Data Dump...

[1836 1226]
.....................
[1429 1637]
......
[ 28 353]

Data Dump...
..............
[ 25 354]

Data Dump...
.......
[1508 1539]
..
[ 41 331]

Data Dump...
................................
[ 29 350]

Data Dump...
.
[ 30 324]

Data Dump...
...................
[ 39 352]

Data Dump...
.................
[ 26 333]

Data Dump...
....
[ 26 294]

Data Dump...
...
[ 34 306]

Data Dump...
..
[ 36 301]

Data Dump...
....
[ 33 325]
.....
[ 26 316]
.
Data Dump...
.....
[ 41 323]
..
[ 30 353]

Data Dump...
..
Data Dump...
..
Data Dump...
......
[ 31 317]

Data Dump...
........
[ 36 332]
...
[ 37 323]
.....
Data Dump...
...
Data Dump...
........
[ 28 321]
.
[ 31 297]
....
Data Dump...
.
[ 29 302]
.
[ 40 306]
.
Data Dump...
........
[ 34 325]
.
Data Dump...
.....
[ 24 285]
..
Data Dump...

[ 32 315]
.
Data Dump...
..
[ 46 312]
.....
[ 41 303]
...
Data Dump...
....
Data Dump...
.
[ 40 337]
...
Data Dump...

Data Dump...
.....
[ 39 285]
..
[ 37 274]
..
Data Dump...
...........
Data Dump...

Data Dump...
...
[ 39 284]
..........
[ 37 287]
.....
[ 47 296]
.......
Data Dump...
.........
[ 48 307]
..
Data Dump...
...
Data Dump...
..
[ 48 290]
.............
Data Dump...
...
[ 37 257]
...........
Data Dump...

[ 51 271]
......
[ 49 247]
.
[ 45 290]
.....
Data Dump...

[ 53 281]
...
[ 43 245]
.....
[ 50 285]
.........
Data Dump...

[ 67 275]
...
Data Dump...
.
Data Dump...
.....
Data Dump...

[ 31 308]
..
[ 49 244]
..
Data Dump...
..
[ 44 250]
....
Data Dump...
.........
Data Dump...
.........
Data Dump...

[ 44 252]
.
[ 50 241]
..
Data Dump...

Data Dump...
...
[ 52 252]
....
[ 43 252]
...
[ 74 254]
........
[ 60 249]
.....
Data Dump...
..
[ 55 230]
.
Data Dump...
...
[ 48 222]
.
Data Dump...

[ 45 240]
.....
[ 65 230]
.
Data Dump...
.
Data Dump...
...
[ 57 231]
...
[ 57 214]
.
Data Dump...
...
Data Dump...
..
[ 64 209]
.
[ 66 221]
...
[ 69 205]
..
Data Dump...
..
Data Dump...

[ 70 213]
..
[ 66 216]
..
Data Dump...
..
Data Dump...
.
[ 77 213]
...
[104 139]
.
Data Dump...
......
Data Dump...

[ 83 156]
..
Data Dump...

Data Dump...
...
Data Dump...

Data Dump...
...
Data Dump...

[107 138]
.
Data Dump...
..
Data Dump...
.
Data Dump...
Low 2 9
Done
