Unable to init server: Could not connect: Connection refused
Unable to init server: Could not connect: Connection refused

(DataCollector_Deterministic.py:1642723): Gdk-CRITICAL **: 18:14:28.897: gdk_cursor_new_for_display: assertion 'GDK_IS_DISPLAY (display)' failed
Unable to init server: Could not connect: Connection refused
Unable to init server: Could not connect: Connection refused
Unable to init server: Could not connect: Connection refused

(DataCollector_Deterministic.py:1642523): Gdk-CRITICAL **: 18:14:29.143: gdk_cursor_new_for_display: assertion 'GDK_IS_DISPLAY (display)' failed
Unable to init server: Could not connect: Connection refused

(DataCollector_Deterministic.py:1640966): Gdk-CRITICAL **: 18:14:29.152: gdk_cursor_new_for_display: assertion 'GDK_IS_DISPLAY (display)' failed
Unable to init server: Could not connect: Connection refused
Unable to init server: Could not connect: Connection refused
Unable to init server: Could not connect: Connection refused
Unable to init server: Could not connect: Connection refused
Unable to init server: Could not connect: Connection refused
Unable to init server: Could not connect: Connection refused
Unable to init server: Could not connect: Connection refused

(DataCollector_Deterministic.py:1641829): Gdk-CRITICAL **: 18:14:40.762: gdk_cursor_new_for_display: assertion 'GDK_IS_DISPLAY (display)' failed
Unable to init server: Could not connect: Connection refused
Unable to init server: Could not connect: Connection refused

(DataCollector_Deterministic.py:1641516): Gdk-CRITICAL **: 18:14:41.207: gdk_cursor_new_for_display: assertion 'GDK_IS_DISPLAY (display)' failed
Unable to init server: Could not connect: Connection refused
Unable to init server: Could not connect: Connection refused

(DataCollector_Deterministic.py:1642657): Gdk-CRITICAL **: 18:14:41.271: gdk_cursor_new_for_display: assertion 'GDK_IS_DISPLAY (display)' failed
Unable to init server: Could not connect: Connection refused

(DataCollector_Deterministic.py:1641965): Gdk-CRITICAL **: 18:14:41.483: gdk_cursor_new_for_display: assertion 'GDK_IS_DISPLAY (display)' failed
Unable to init server: Could not connect: Connection refused

(DataCollector_Deterministic.py:1641500): Gdk-CRITICAL **: 18:14:41.498: gdk_cursor_new_for_display: assertion 'GDK_IS_DISPLAY (display)' failed
Unable to init server: Could not connect: Connection refused

(DataCollector_Deterministic.py:1642814): Gdk-CRITICAL **: 18:14:41.562: gdk_cursor_new_for_display: assertion 'GDK_IS_DISPLAY (display)' failed
Unable to init server: Could not connect: Connection refused
Unable to init server: Could not connect: Connection refused
Unable to init server: Could not connect: Connection refused
Unable to init server: Could not connect: Connection refused
Unable to init server: Could not connect: Connection refused

(DataCollector_Deterministic.py:1641945): Gdk-CRITICAL **: 18:14:42.035: gdk_cursor_new_for_display: assertion 'GDK_IS_DISPLAY (display)' failed
Unable to init server: Could not connect: Connection refused
Unable to init server: Could not connect: Connection refused

(DataCollector_Deterministic.py:1640475): Gdk-CRITICAL **: 18:14:42.119: gdk_cursor_new_for_display: assertion 'GDK_IS_DISPLAY (display)' failed
Unable to init server: Could not connect: Connection refused
Unable to init server: Could not connect: Connection refused
Unable to init server: Could not connect: Connection refused
Unable to init server: Could not connect: Connection refused
Unable to init server: Could not connect: Connection refused
Unable to init server: Could not connect: Connection refused
Unable to init server: Could not connect: Connection refused
Unable to init server: Could not connect: Connection refused

(DataCollector_Deterministic.py:1641768): Gdk-CRITICAL **: 18:14:42.932: gdk_cursor_new_for_display: assertion 'GDK_IS_DISPLAY (display)' failed
Unable to init server: Could not connect: Connection refused

(DataCollector_Deterministic.py:1640903): Gdk-CRITICAL **: 18:14:43.028: gdk_cursor_new_for_display: assertion 'GDK_IS_DISPLAY (display)' failed
Unable to init server: Could not connect: Connection refused
Unable to init server: Could not connect: Connection refused

(DataCollector_Deterministic.py:1642535): Gdk-CRITICAL **: 18:14:43.285: gdk_cursor_new_for_display: assertion 'GDK_IS_DISPLAY (display)' failed
Unable to init server: Could not connect: Connection refused

(DataCollector_Deterministic.py:1641306): Gdk-CRITICAL **: 18:14:43.309: gdk_cursor_new_for_display: assertion 'GDK_IS_DISPLAY (display)' failed
Unable to init server: Could not connect: Connection refused

(DataCollector_Deterministic.py:1641930): Gdk-CRITICAL **: 18:14:43.375: gdk_cursor_new_for_display: assertion 'GDK_IS_DISPLAY (display)' failed
Unable to init server: Could not connect: Connection refused
Unable to init server: Could not connect: Connection refused
Unable to init server: Could not connect: Connection refused

(DataCollector_Deterministic.py:1642829): Gdk-CRITICAL **: 18:14:43.550: gdk_cursor_new_for_display: assertion 'GDK_IS_DISPLAY (display)' failed
Unable to init server: Could not connect: Connection refused

(DataCollector_Deterministic.py:1641422): Gdk-CRITICAL **: 18:14:43.651: gdk_cursor_new_for_display: assertion 'GDK_IS_DISPLAY (display)' failed
Unable to init server: Could not connect: Connection refused

(DataCollector_Deterministic.py:1642209): Gdk-CRITICAL **: 18:14:43.662: gdk_cursor_new_for_display: assertion 'GDK_IS_DISPLAY (display)' failed
Unable to init server: Could not connect: Connection refused
Unable to init server: Could not connect: Connection refused
Unable to init server: Could not connect: Connection refused

(DataCollector_Deterministic.py:1642239): Gdk-CRITICAL **: 18:14:43.874: gdk_cursor_new_for_display: assertion 'GDK_IS_DISPLAY (display)' failed
Unable to init server: Could not connect: Connection refused
Unable to init server: Could not connect: Connection refused

(DataCollector_Deterministic.py:1642716): Gdk-CRITICAL **: 18:14:43.950: gdk_cursor_new_for_display: assertion 'GDK_IS_DISPLAY (display)' failed
Unable to init server: Could not connect: Connection refused
Unable to init server: Could not connect: Connection refused
Unable to init server: Could not connect: Connection refused
Unable to init server: Could not connect: Connection refused

(DataCollector_Deterministic.py:1641980): Gdk-CRITICAL **: 18:14:44.008: gdk_cursor_new_for_display: assertion 'GDK_IS_DISPLAY (display)' failed
Unable to init server: Could not connect: Connection refused

(DataCollector_Deterministic.py:1641149): Gdk-CRITICAL **: 18:14:44.025: gdk_cursor_new_for_display: assertion 'GDK_IS_DISPLAY (display)' failed
Unable to init server: Could not connect: Connection refused
Unable to init server: Could not connect: Connection refused
Unable to init server: Could not connect: Connection refused

(DataCollector_Deterministic.py:1642263): Gdk-CRITICAL **: 18:14:44.764: gdk_cursor_new_for_display: assertion 'GDK_IS_DISPLAY (display)' failed
Unable to init server: Could not connect: Connection refused

(DataCollector_Deterministic.py:1640954): Gdk-CRITICAL **: 18:14:44.958: gdk_cursor_new_for_display: assertion 'GDK_IS_DISPLAY (display)' failed
Unable to init server: Could not connect: Connection refused
Unable to init server: Could not connect: Connection refused

(DataCollector_Deterministic.py:1642227): Gdk-CRITICAL **: 18:14:45.444: gdk_cursor_new_for_display: assertion 'GDK_IS_DISPLAY (display)' failed

(DataCollector_Deterministic.py:1641178): Gdk-CRITICAL **: 18:14:45.677: gdk_cursor_new_for_display: assertion 'GDK_IS_DISPLAY (display)' failed
Unable to init server: Could not connect: Connection refused

(DataCollector_Deterministic.py:1640958): Gdk-CRITICAL **: 18:14:45.691: gdk_cursor_new_for_display: assertion 'GDK_IS_DISPLAY (display)' failed
Unable to init server: Could not connect: Connection refused

(DataCollector_Deterministic.py:1641036): Gdk-CRITICAL **: 18:14:45.790: gdk_cursor_new_for_display: assertion 'GDK_IS_DISPLAY (display)' failed
Unable to init server: Could not connect: Connection refused

(DataCollector_Deterministic.py:1641734): Gdk-CRITICAL **: 18:14:45.875: gdk_cursor_new_for_display: assertion 'GDK_IS_DISPLAY (display)' failed
Unable to init server: Could not connect: Connection refused

(DataCollector_Deterministic.py:1641520): Gdk-CRITICAL **: 18:14:45.927: gdk_cursor_new_for_display: assertion 'GDK_IS_DISPLAY (display)' failed
Unable to init server: Could not connect: Connection refused

(DataCollector_Deterministic.py:1641599): Gdk-CRITICAL **: 18:14:45.939: gdk_cursor_new_for_display: assertion 'GDK_IS_DISPLAY (display)' failed
Unable to init server: Could not connect: Connection refused

(DataCollector_Deterministic.py:1641721): Gdk-CRITICAL **: 18:14:45.965: gdk_cursor_new_for_display: assertion 'GDK_IS_DISPLAY (display)' failed
Unable to init server: Could not connect: Connection refused

(DataCollector_Deterministic.py:1642841): Gdk-CRITICAL **: 18:14:46.232: gdk_cursor_new_for_display: assertion 'GDK_IS_DISPLAY (display)' failed
Unable to init server: Could not connect: Connection refused
Unable to init server: Could not connect: Connection refused
Unable to init server: Could not connect: Connection refused
Unable to init server: Could not connect: Connection refused

(DataCollector_Deterministic.py:1642198): Gdk-CRITICAL **: 18:14:48.690: gdk_cursor_new_for_display: assertion 'GDK_IS_DISPLAY (display)' failed
Unable to init server: Could not connect: Connection refused
Unable to init server: Could not connect: Connection refused
Unable to init server: Could not connect: Connection refused
Unable to init server: Could not connect: Connection refused
Unable to init server: Could not connect: Connection refused
Unable to init server: Could not connect: Connection refused

(DataCollector_Deterministic.py:1641352): Gdk-CRITICAL **: 18:14:49.884: gdk_cursor_new_for_display: assertion 'GDK_IS_DISPLAY (display)' failed
Unable to init server: Could not connect: Connection refused

(DataCollector_Deterministic.py:1641564): Gdk-CRITICAL **: 18:14:50.138: gdk_cursor_new_for_display: assertion 'GDK_IS_DISPLAY (display)' failed
Unable to init server: Could not connect: Connection refused
Unable to init server: Could not connect: Connection refused
Unable to init server: Could not connect: Connection refused
Unable to init server: Could not connect: Connection refused

(DataCollector_Deterministic.py:1641915): Gdk-CRITICAL **: 18:14:50.594: gdk_cursor_new_for_display: assertion 'GDK_IS_DISPLAY (display)' failed
Unable to init server: Could not connect: Connection refused
Unable to init server: Could not connect: Connection refused

(DataCollector_Deterministic.py:1641210): Gdk-CRITICAL **: 18:14:51.069: gdk_cursor_new_for_display: assertion 'GDK_IS_DISPLAY (display)' failed
Unable to init server: Could not connect: Connection refused

(DataCollector_Deterministic.py:1640477): Gdk-CRITICAL **: 18:14:51.191: gdk_cursor_new_for_display: assertion 'GDK_IS_DISPLAY (display)' failed
Unable to init server: Could not connect: Connection refused
Unable to init server: Could not connect: Connection refused

(DataCollector_Deterministic.py:1642091): Gdk-CRITICAL **: 18:14:51.555: gdk_cursor_new_for_display: assertion 'GDK_IS_DISPLAY (display)' failed
Unable to init server: Could not connect: Connection refused

(DataCollector_Deterministic.py:1641068): Gdk-CRITICAL **: 18:14:51.620: gdk_cursor_new_for_display: assertion 'GDK_IS_DISPLAY (display)' failed
Unable to init server: Could not connect: Connection refused

(DataCollector_Deterministic.py:1642317): Gdk-CRITICAL **: 18:14:51.625: gdk_cursor_new_for_display: assertion 'GDK_IS_DISPLAY (display)' failed
Unable to init server: Could not connect: Connection refused
Unable to init server: Could not connect: Connection refused

(DataCollector_Deterministic.py:1641802): Gdk-CRITICAL **: 18:14:52.079: gdk_cursor_new_for_display: assertion 'GDK_IS_DISPLAY (display)' failed
Unable to init server: Could not connect: Connection refused
Unable to init server: Could not connect: Connection refused

(DataCollector_Deterministic.py:1641895): Gdk-CRITICAL **: 18:14:52.557: gdk_cursor_new_for_display: assertion 'GDK_IS_DISPLAY (display)' failed
Unable to init server: Could not connect: Connection refused

(DataCollector_Deterministic.py:1642186): Gdk-CRITICAL **: 18:14:52.655: gdk_cursor_new_for_display: assertion 'GDK_IS_DISPLAY (display)' failed
Unable to init server: Could not connect: Connection refused
Unable to init server: Could not connect: Connection refused
Unable to init server: Could not connect: Connection refused
Unable to init server: Could not connect: Connection refused

(DataCollector_Deterministic.py:1642277): Gdk-CRITICAL **: 18:14:53.427: gdk_cursor_new_for_display: assertion 'GDK_IS_DISPLAY (display)' failed
Unable to init server: Could not connect: Connection refused
Unable to init server: Could not connect: Connection refused
Unable to init server: Could not connect: Connection refused
Unable to init server: Could not connect: Connection refused
Unable to init server: Could not connect: Connection refused
Unable to init server: Could not connect: Connection refused

(DataCollector_Deterministic.py:1641372): Gdk-CRITICAL **: 18:14:54.449: gdk_cursor_new_for_display: assertion 'GDK_IS_DISPLAY (display)' failed
Unable to init server: Could not connect: Connection refused
Unable to init server: Could not connect: Connection refused

(DataCollector_Deterministic.py:1641299): Gdk-CRITICAL **: 18:14:54.619: gdk_cursor_new_for_display: assertion 'GDK_IS_DISPLAY (display)' failed
Unable to init server: Could not connect: Connection refused
Unable to init server: Could not connect: Connection refused

(DataCollector_Deterministic.py:1640968): Gdk-CRITICAL **: 18:14:54.667: gdk_cursor_new_for_display: assertion 'GDK_IS_DISPLAY (display)' failed
Unable to init server: Could not connect: Connection refused
Unable to init server: Could not connect: Connection refused
Unable to init server: Could not connect: Connection refused
Unable to init server: Could not connect: Connection refused
Unable to init server: Could not connect: Connection refused
Unable to init server: Could not connect: Connection refused

(DataCollector_Deterministic.py:1641280): Gdk-CRITICAL **: 18:14:55.118: gdk_cursor_new_for_display: assertion 'GDK_IS_DISPLAY (display)' failed
Unable to init server: Could not connect: Connection refused
Unable to init server: Could not connect: Connection refused

(DataCollector_Deterministic.py:1642116): Gdk-CRITICAL **: 18:14:55.432: gdk_cursor_new_for_display: assertion 'GDK_IS_DISPLAY (display)' failed
Unable to init server: Could not connect: Connection refused
Unable to init server: Could not connect: Connection refused

(DataCollector_Deterministic.py:1641122): Gdk-CRITICAL **: 18:14:55.630: gdk_cursor_new_for_display: assertion 'GDK_IS_DISPLAY (display)' failed
Unable to init server: Could not connect: Connection refused
Unable to init server: Could not connect: Connection refused
Unable to init server: Could not connect: Connection refused

(DataCollector_Deterministic.py:1640961): Gdk-CRITICAL **: 18:14:55.795: gdk_cursor_new_for_display: assertion 'GDK_IS_DISPLAY (display)' failed
Unable to init server: Could not connect: Connection refused

(DataCollector_Deterministic.py:1641765): Gdk-CRITICAL **: 18:14:55.829: gdk_cursor_new_for_display: assertion 'GDK_IS_DISPLAY (display)' failed
Unable to init server: Could not connect: Connection refused

(DataCollector_Deterministic.py:1640487): Gdk-CRITICAL **: 18:14:56.010: gdk_cursor_new_for_display: assertion 'GDK_IS_DISPLAY (display)' failed
Unable to init server: Could not connect: Connection refused
Unable to init server: Could not connect: Connection refused

(DataCollector_Deterministic.py:1641238): Gdk-CRITICAL **: 18:14:56.026: gdk_cursor_new_for_display: assertion 'GDK_IS_DISPLAY (display)' failed
Unable to init server: Could not connect: Connection refused

(DataCollector_Deterministic.py:1642822): Gdk-CRITICAL **: 18:14:56.044: gdk_cursor_new_for_display: assertion 'GDK_IS_DISPLAY (display)' failed
Unable to init server: Could not connect: Connection refused

(DataCollector_Deterministic.py:1640964): Gdk-CRITICAL **: 18:14:56.081: gdk_cursor_new_for_display: assertion 'GDK_IS_DISPLAY (display)' failed
Unable to init server: Could not connect: Connection refused

(DataCollector_Deterministic.py:1640990): Gdk-CRITICAL **: 18:14:56.088: gdk_cursor_new_for_display: assertion 'GDK_IS_DISPLAY (display)' failed
Unable to init server: Could not connect: Connection refused
Unable to init server: Could not connect: Connection refused

(DataCollector_Deterministic.py:1642676): Gdk-CRITICAL **: 18:14:56.162: gdk_cursor_new_for_display: assertion 'GDK_IS_DISPLAY (display)' failed
Unable to init server: Could not connect: Connection refused

(DataCollector_Deterministic.py:1642832): Gdk-CRITICAL **: 18:14:56.315: gdk_cursor_new_for_display: assertion 'GDK_IS_DISPLAY (display)' failed
Unable to init server: Could not connect: Connection refused
Unable to init server: Could not connect: Connection refused
Unable to init server: Could not connect: Connection refused
Unable to init server: Could not connect: Connection refused
Unable to init server: Could not connect: Connection refused

(DataCollector_Deterministic.py:1641610): Gdk-CRITICAL **: 18:14:56.527: gdk_cursor_new_for_display: assertion 'GDK_IS_DISPLAY (display)' failed
Unable to init server: Could not connect: Connection refused
Unable to init server: Could not connect: Connection refused
Unable to init server: Could not connect: Connection refused
Unable to init server: Could not connect: Connection refused

(DataCollector_Deterministic.py:1642825): Gdk-CRITICAL **: 18:14:56.591: gdk_cursor_new_for_display: assertion 'GDK_IS_DISPLAY (display)' failed
Unable to init server: Could not connect: Connection refused
Unable to init server: Could not connect: Connection refused
Unable to init server: Could not connect: Connection refused

(DataCollector_Deterministic.py:1641346): Gdk-CRITICAL **: 18:14:56.786: gdk_cursor_new_for_display: assertion 'GDK_IS_DISPLAY (display)' failed
Unable to init server: Could not connect: Connection refused
Unable to init server: Could not connect: Connection refused
Unable to init server: Could not connect: Connection refused
Unable to init server: Could not connect: Connection refused
Unable to init server: Could not connect: Connection refused
Unable to init server: Could not connect: Connection refused
Unable to init server: Could not connect: Connection refused
Unable to init server: Could not connect: Connection refused
Unable to init server: Could not connect: Connection refused
Unable to init server: Could not connect: Connection refused

(DataCollector_Deterministic.py:1642666): Gdk-CRITICAL **: 18:14:57.240: gdk_cursor_new_for_display: assertion 'GDK_IS_DISPLAY (display)' failed
Unable to init server: Could not connect: Connection refused

(DataCollector_Deterministic.py:1642818): Gdk-CRITICAL **: 18:14:57.405: gdk_cursor_new_for_display: assertion 'GDK_IS_DISPLAY (display)' failed
Unable to init server: Could not connect: Connection refused

(DataCollector_Deterministic.py:1640956): Gdk-CRITICAL **: 18:14:57.491: gdk_cursor_new_for_display: assertion 'GDK_IS_DISPLAY (display)' failed
Unable to init server: Could not connect: Connection refused

(DataCollector_Deterministic.py:1642505): Gdk-CRITICAL **: 18:14:57.601: gdk_cursor_new_for_display: assertion 'GDK_IS_DISPLAY (display)' failed
Unable to init server: Could not connect: Connection refused

(DataCollector_Deterministic.py:1641484): Gdk-CRITICAL **: 18:14:57.783: gdk_cursor_new_for_display: assertion 'GDK_IS_DISPLAY (display)' failed
Unable to init server: Could not connect: Connection refused

(DataCollector_Deterministic.py:1642636): Gdk-CRITICAL **: 18:14:57.867: gdk_cursor_new_for_display: assertion 'GDK_IS_DISPLAY (display)' failed
Unable to init server: Could not connect: Connection refused

(DataCollector_Deterministic.py:1642499): Gdk-CRITICAL **: 18:14:58.000: gdk_cursor_new_for_display: assertion 'GDK_IS_DISPLAY (display)' failed
Unable to init server: Could not connect: Connection refused

(DataCollector_Deterministic.py:1642495): Gdk-CRITICAL **: 18:14:58.045: gdk_cursor_new_for_display: assertion 'GDK_IS_DISPLAY (display)' failed
Unable to init server: Could not connect: Connection refused

(DataCollector_Deterministic.py:1641256): Gdk-CRITICAL **: 18:14:58.102: gdk_cursor_new_for_display: assertion 'GDK_IS_DISPLAY (display)' failed
Unable to init server: Could not connect: Connection refused

(DataCollector_Deterministic.py:1642485): Gdk-CRITICAL **: 18:14:58.120: gdk_cursor_new_for_display: assertion 'GDK_IS_DISPLAY (display)' failed
Unable to init server: Could not connect: Connection refused

(DataCollector_Deterministic.py:1642687): Gdk-CRITICAL **: 18:14:58.171: gdk_cursor_new_for_display: assertion 'GDK_IS_DISPLAY (display)' failed
Unable to init server: Could not connect: Connection refused

(DataCollector_Deterministic.py:1640983): Gdk-CRITICAL **: 18:14:58.221: gdk_cursor_new_for_display: assertion 'GDK_IS_DISPLAY (display)' failed
Unable to init server: Could not connect: Connection refused
Unable to init server: Could not connect: Connection refused

(DataCollector_Deterministic.py:1642472): Gdk-CRITICAL **: 18:14:58.439: gdk_cursor_new_for_display: assertion 'GDK_IS_DISPLAY (display)' failed
Unable to init server: Could not connect: Connection refused
Unable to init server: Could not connect: Connection refused
Unable to init server: Could not connect: Connection refused

(DataCollector_Deterministic.py:1642837): Gdk-CRITICAL **: 18:14:58.579: gdk_cursor_new_for_display: assertion 'GDK_IS_DISPLAY (display)' failed
Unable to init server: Could not connect: Connection refused

(DataCollector_Deterministic.py:1642553): Gdk-CRITICAL **: 18:14:58.663: gdk_cursor_new_for_display: assertion 'GDK_IS_DISPLAY (display)' failed
Unable to init server: Could not connect: Connection refused

(DataCollector_Deterministic.py:1641752): Gdk-CRITICAL **: 18:14:58.681: gdk_cursor_new_for_display: assertion 'GDK_IS_DISPLAY (display)' failed
Unable to init server: Could not connect: Connection refused

(DataCollector_Deterministic.py:1642655): Gdk-CRITICAL **: 18:14:58.725: gdk_cursor_new_for_display: assertion 'GDK_IS_DISPLAY (display)' failed
Unable to init server: Could not connect: Connection refused

(DataCollector_Deterministic.py:1641587): Gdk-CRITICAL **: 18:14:58.826: gdk_cursor_new_for_display: assertion 'GDK_IS_DISPLAY (display)' failed

(DataCollector_Deterministic.py:1642836): Gdk-CRITICAL **: 18:14:58.452: gdk_cursor_new_for_display: assertion 'GDK_IS_DISPLAY (display)' failed

(DataCollector_Deterministic.py:1642704): Gdk-CRITICAL **: 18:14:58.832: gdk_cursor_new_for_display: assertion 'GDK_IS_DISPLAY (display)' failed
Unable to init server: Could not connect: Connection refused

(DataCollector_Deterministic.py:1641326): Gdk-CRITICAL **: 18:14:58.885: gdk_cursor_new_for_display: assertion 'GDK_IS_DISPLAY (display)' failed
Unable to init server: Could not connect: Connection refused

(DataCollector_Deterministic.py:1642573): Gdk-CRITICAL **: 18:14:59.009: gdk_cursor_new_for_display: assertion 'GDK_IS_DISPLAY (display)' failed
Unable to init server: Could not connect: Connection refused

(DataCollector_Deterministic.py:1641700): Gdk-CRITICAL **: 18:14:59.069: gdk_cursor_new_for_display: assertion 'GDK_IS_DISPLAY (display)' failed
Unable to init server: Could not connect: Connection refused
Unable to init server: Could not connect: Connection refused
Unable to init server: Could not connect: Connection refused

(DataCollector_Deterministic.py:1641784): Gdk-CRITICAL **: 18:14:59.993: gdk_cursor_new_for_display: assertion 'GDK_IS_DISPLAY (display)' failed
Unable to init server: Could not connect: Connection refused
Unable to init server: Could not connect: Connection refused
Unable to init server: Could not connect: Connection refused

(DataCollector_Deterministic.py:1640479): Gdk-CRITICAL **: 18:15:01.123: gdk_cursor_new_for_display: assertion 'GDK_IS_DISPLAY (display)' failed
Unable to init server: Could not connect: Connection refused

(DataCollector_Deterministic.py:1641883): Gdk-CRITICAL **: 18:15:01.998: gdk_cursor_new_for_display: assertion 'GDK_IS_DISPLAY (display)' failed
Unable to init server: Could not connect: Connection refused
Unable to init server: Could not connect: Connection refused
Unable to init server: Could not connect: Connection refused

(DataCollector_Deterministic.py:1641597): Gdk-CRITICAL **: 18:15:02.222: gdk_cursor_new_for_display: assertion 'GDK_IS_DISPLAY (display)' failed
Unable to init server: Could not connect: Connection refused
Unable to init server: Could not connect: Connection refused

(DataCollector_Deterministic.py:1642254): Gdk-CRITICAL **: 18:15:02.413: gdk_cursor_new_for_display: assertion 'GDK_IS_DISPLAY (display)' failed
Unable to init server: Could not connect: Connection refused
Unable to init server: Could not connect: Connection refused

(DataCollector_Deterministic.py:1641580): Gdk-CRITICAL **: 18:15:04.134: gdk_cursor_new_for_display: assertion 'GDK_IS_DISPLAY (display)' failed
Unable to init server: Could not connect: Connection refused

(DataCollector_Deterministic.py:1641084): Gdk-CRITICAL **: 18:15:04.218: gdk_cursor_new_for_display: assertion 'GDK_IS_DISPLAY (display)' failed
Unable to init server: Could not connect: Connection refused

(DataCollector_Deterministic.py:1641396): Gdk-CRITICAL **: 18:15:04.329: gdk_cursor_new_for_display: assertion 'GDK_IS_DISPLAY (display)' failed
Unable to init server: Could not connect: Connection refused
Unable to init server: Could not connect: Connection refused

(DataCollector_Deterministic.py:1641835): Gdk-CRITICAL **: 18:15:04.514: gdk_cursor_new_for_display: assertion 'GDK_IS_DISPLAY (display)' failed
Unable to init server: Could not connect: Connection refused
Unable to init server: Could not connect: Connection refused

(DataCollector_Deterministic.py:1641911): Gdk-CRITICAL **: 18:15:06.441: gdk_cursor_new_for_display: assertion 'GDK_IS_DISPLAY (display)' failed
Unable to init server: Could not connect: Connection refused
Unable to init server: Could not connect: Connection refused

(DataCollector_Deterministic.py:1641195): Gdk-CRITICAL **: 18:15:07.874: gdk_cursor_new_for_display: assertion 'GDK_IS_DISPLAY (display)' failed
Unable to init server: Could not connect: Connection refused

(DataCollector_Deterministic.py:1641024): Gdk-CRITICAL **: 18:15:08.443: gdk_cursor_new_for_display: assertion 'GDK_IS_DISPLAY (display)' failed
Initalising...
Running Sim...

Data Dump...
Initalising...
Running Sim...

Data Dump...
Initalising...
Running Sim...

Data Dump...
Initalising...
Running Sim...

Data Dump...
Initalising...
Running Sim...

Data Dump...
Initalising...
Running Sim...

Data Dump...
Initalising...
Running Sim...

Data Dump...
Initalising...
Running Sim...

Data Dump...
Initalising...
Running Sim...

Data Dump...
Initalising...
Running Sim...

Data Dump...
Initalising...
Running Sim...

Data Dump...
Initalising...
Running Sim...
.Initalising...
Running Sim...
.Initalising...
Running Sim...
.Initalising...
Running Sim...
.Initalising...
Running Sim...
.Initalising...
Running Sim...
.Initalising...
Running Sim...
.Initalising...
Running Sim...
.Initalising...
Running Sim...
.Initalising...
Running Sim...
.Initalising...
Running Sim...
.Initalising...
Running Sim...
.Initalising...
Running Sim...
.Initalising...
Running Sim...
.Initalising...
Running Sim...
.Initalising...
Running Sim...
.Initalising...
Running Sim...
.Initalising...
Running Sim...
.Initalising...
Running Sim...
.Initalising...
Running Sim...
.Initalising...
Running Sim...
.Initalising...
Running Sim...
.Initalising...
Running Sim...
.Initalising...
Running Sim...
.Initalising...
Running Sim...
.Initalising...
Running Sim...
.Initalising...
Running Sim...
.Initalising...
Running Sim...
.Initalising...
Running Sim...
.Initalising...
Running Sim...
.Initalising...
Running Sim...
.Initalising...
Running Sim...
.Initalising...
Running Sim...
.Initalising...
Running Sim...
.Initalising...
Running Sim...
.Initalising...
Running Sim...
.Initalising...
Running Sim...
.Initalising...
Running Sim...
.Initalising...
Running Sim...
.Initalising...
Running Sim...
.Initalising...
Running Sim...
.Initalising...
Running Sim...
.Initalising...
Running Sim...
.Initalising...
Running Sim...
.Initalising...
Running Sim...
.Initalising...
Running Sim...
.Initalising...
Running Sim...
.Initalising...
Running Sim...
.Initalising...
Running Sim...
.Initalising...
Running Sim...
.Initalising...
Running Sim...
.Initalising...
Running Sim...
.Initalising...
Running Sim...
.Initalising...
Running Sim...
.Initalising...
Running Sim...
.Initalising...
Running Sim...
.Initalising...
Running Sim...
.Initalising...
Running Sim...
.Initalising...
Running Sim...
.Initalising...
Running Sim...
.Initalising...
Running Sim...
.Initalising...
Running Sim...
.Initalising...
Running Sim...
.Initalising...
Running Sim...
.Initalising...
Running Sim...
.Initalising...
Running Sim...
.Initalising...
Running Sim...
.Initalising...
Running Sim...
.Initalising...
Running Sim...
.Initalising...
Running Sim...
.Initalising...
Running Sim...
.Initalising...
Running Sim...
.Initalising...
Running Sim...
.Initalising...
Running Sim...
.Initalising...
Running Sim...
.Initalising...
Running Sim...
.Initalising...
Running Sim...
.Initalising...
Running Sim...
.Initalising...
Running Sim...
.Initalising...
Running Sim...
.Initalising...
Running Sim...
.Initalising...
Running Sim...
.Initalising...
Running Sim...
.Initalising...
Running Sim...
.Initalising...
Running Sim...
.Initalising...
Running Sim...
.Initalising...
Running Sim...
.Initalising...
Running Sim...
.Initalising...
Running Sim...
............................................................................................................................................................................................................................................................................................................................................................................................................................................................................................................................................................................................................................................................................................................................................................................................
[1734 9154]
..
[1732 9139]
..
[1701 9131]
.
[1786 9117]
.
[1726 9141]
.
[1700 9147]
..
[1674 9153]
.
[1741 9164]
..
[1724 9168]
...
[1692 9123]
..
[1779 9138]
.
[1670 9160]
..
[1717 9132]
...
[1727 9105]
.
[1773 9071]
..
[1815 9028]
.
[1716 9164]
.
[9239 1481]
.
[1756 9119]
.
[1745 9122]
..
[1722 9123]
..
[1776 9086]
...
[1765 9099]
...
[1689 9153]
.
[1711 9124]
.....
[1789 9033]
..
[1762 9068]
.
[1737 9103]
.
[2123 8682]
.
[1980 8887]
....
[1715 9148]
.
[2002 8825]
.
[1690 9147]
..
[1750 9109]
.
[1690 9126]
..
[1750 9071]
...
[1777 9067]
.
[1761 9082]
.....
[1835 8978]
..
[2169 8642]
...
[1826 8982]
...
[2351 8443]
..
[2264 8505]
.
[2042 8708]
.
[2128 8658]
..
[2296 8489]
...
[2451 8351]
..
[8517 2155]
....
[8700 1978]
...
[2524 8254]
...
[2816 7916]
.....
[2623 8127]
.
[8298 2378]
..........
[3128 7559]
.
[2966 7787]
.
[8238 2382]
.
[3058 7621]
...
[3014 7676]
....
[3938 6738]
......
[7915 2697]
......
[3646 7054]
.
[7901 2681]
...
[7590 3025]
.
[7403 3234]
.
[3652 7074]
.
[4180 6488]
.....
[7138 3495]
.
[7692 2951]
.....
[5245 5396]
...
[3643 7049]
..
[5075 5559]
.
[6608 4021]
..
[4644 5978]
.
[6791 3777]
.....
[6619 4002]
..
[6510 4168]
.
[5566 5056]
..
[6721 3905]
......
[4687 5956]
.
[5356 5259]
...
[4636 5999]
..
[5444 5163]
..
[6178 4438]
.
[5039 5590]
....
[5491 5103]
...
[5380 5221]
.
[5465 5157]
.
[5585 5031]
...
[6277 4310]
......................................................................................................................................................................................................................................................
Data Dump...
.....................
Data Dump...
...........
Data Dump...
...........................................................................................................................................................................................................
[  63 3798]
.......
[  86 3771]
.
[  87 3646]
.
[  72 3858]
....
[  75 3772]
.......
[  83 3695]
.........
[  69 3618]
..
[  73 3645]
............
[  83 3563]
..
[  87 3579]
.
[  91 3590]
....
[ 108 3572]
..
[ 104 3400]
..............
[  78 3564]
........................
[ 124 3469]
........
[ 122 3424]
.
[ 114 3467]
..................
[ 107 3396]
....
[ 142 3251]
...........
[ 109 3252]
......
[ 154 3216]
.
[ 137 3136]
..
[ 178 3122]
...
[ 128 3284]
..........
[ 176 3045]
...
[ 154 3211]
..............
[ 145 3227]
..
[ 140 3210]
.....
[ 145 3155]
..........
[ 198 2968]
...
[ 196 3025]
.
[ 188 3094]
................................................
[ 230 2838]
.....
[ 188 2883]
.......
[ 264 2798]
.......
[ 278 2753]
..........
[ 331 2658]
.....................
[2954  187]
.....
[2996  149]
........
[ 399 2608]
....
[ 444 2460]
...............
[ 293 2567]
..
[2868  219]
..
[ 339 2579]
..
[ 391 2577]
.....
[ 426 2465]
.........................
[ 468 2421]
......
[ 421 2502]
...
[2735  220]
.............
[2716  284]
......
[ 617 2144]
........
[ 497 2342]
...........
[2616  300]
...........
[ 633 2090]
......
[ 749 1935]
.......
[2555  318]
.......
[ 663 2017]
.
[2371  464]
.
[2452  396]
.....
[2570  316]
.
[1034 1705]
....
[ 668 2086]
....................
[2217  548]
........
[2177  567]
.
[ 946 1739]
.
[1566 1131]
........
[1100 1578]
....
[2114  622]
.
[2157  616]
....
[2144  693]
....
[1761  939]
....
[1537 1134]
....
[1953  719]
.
[ 953 1721]
...
[ 941 1796]
.
[2000  703]
.......
[1329 1264]
.......
[1742  964]
............
[1639  980]
...
[1695  905]
....
[1639 1039]
........
[1601 1042]
......
[1690  974]
.....
[1454 1200]
........
[1349 1312]
...
[1316 1361]
.............
[ 37 124]
........
[ 45 161]
...
[ 32 143]
..
[ 42 166]
.
Data Dump...

Data Dump...

Data Dump...
...
Data Dump...
...
[ 30 136]
..................
[ 31 121]
..
Data Dump...
.....................
Data Dump...
...........
[ 22 138]
..........
[ 26 132]
....
Data Dump...
...
[ 23 106]
.......
Data Dump...
..............
Data Dump...
...................
[ 35 133]
...........
[ 31 144]
..
[ 28 118]
............
[ 33 111]
....
[ 32 128]
......
Data Dump...
.
Data Dump...

Data Dump...
.............
Data Dump...
........
Data Dump...
..................
[ 40 119]
.....
[ 46 127]
..................................
[ 43 106]
.
[ 35 109]
.
Data Dump...

[ 37 140]
.
Data Dump...
..............
[ 38 104]
......
[ 42 113]
.......
[39 99]
.......
Data Dump...

[36 96]
.....
Data Dump...
....
Data Dump...
..
[ 40 106]
.....
[ 42 128]
..
Data Dump...
......
[ 26 103]
..........
[ 42 113]
.
[ 48 104]
...
[ 32 108]
.
Data Dump...

Data Dump...
.........
Data Dump...
...................
[ 43 125]
.
Data Dump...

Data Dump...
......
Data Dump...
..
Data Dump...
...
Data Dump...
.............
Data Dump...
........
[49 94]
........
Data Dump...
.........
[45 86]
.........
[176  25]
...................
Data Dump...
...
[54 99]
.
[53 87]
.................
Data Dump...

[46 89]
...
[26 85]
..
[59 89]
....
[51 86]
..............
[158  18]
....
Data Dump...
....
[57 92]
..............
[ 52 104]
.....
Data Dump...
..
Data Dump...
....
[70 73]
...
[53 88]
....
[136  26]
.......
Data Dump...

Data Dump...
.
[56 95]
......
Data Dump...
..
[42 86]
.
Data Dump...
.......
[51 98]
..
[76 86]
.
[130  41]
..........
[154  28]
.
Data Dump...

[50 87]
....
Data Dump...
..
[143  29]
.
[65 65]
...........
Data Dump...
...........
Data Dump...
..
[124  43]
.....
[133  40]
....
[54 85]
.
Data Dump...

Data Dump...
.
Data Dump...
.....
[80 73]
..
Data Dump...

[136  47]
.....
[134  32]
..
[88 52]
.
[140  31]
.
[95 52]
...
Data Dump...
......
[63 54]
..
[106  50]
...
[97 42]
..
Data Dump...
..
[137  31]
.
Data Dump...

[77 87]
...
Data Dump...

Data Dump...
...
Data Dump...
.
[97 57]
.
[107  46]
.......
[111  50]
..
Data Dump...
.
[118  30]
........
Data Dump...

[107  37]
.
[107  54]
..
[72 66]
.
Data Dump...
...
[125  35]
..
[103  55]
.....
Data Dump...
..
[113  33]
....
Data Dump...

[91 55]
...
Data Dump...
.
Data Dump...

Data Dump...

[73 75]
..
[93 44]
......
[79 59]
..
Data Dump...
..
Data Dump...

Data Dump...
.
[119  51]
.
Data Dump...
.
Data Dump...

Data Dump...
..
Data Dump...
.
[99 57]
..
[108  50]
.......
Data Dump...

Data Dump...
..
[108  50]
.
Data Dump...
..
Data Dump...

Data Dump...

Data Dump...
..
Data Dump...

Data Dump...
..
Data Dump...
..
Data Dump...
..
Data Dump...

Data Dump...

Data Dump...
.
Data Dump...
.
Data Dump...
.
Data Dump...

Data Dump...

Data Dump...
High 2 4
Done
