Unable to init server: Could not connect: Connection refused
Unable to init server: Could not connect: Connection refused
Unable to init server: Could not connect: Connection refused
Unable to init server: Could not connect: Connection refused
Unable to init server: Could not connect: Connection refused
Unable to init server: Could not connect: Connection refused
Unable to init server: Could not connect: Connection refused
Unable to init server: Could not connect: Connection refused
Unable to init server: Could not connect: Connection refused

(DataCollector_Deterministic.py:3127131): Gdk-CRITICAL **: 18:08:50.568: gdk_cursor_new_for_display: assertion 'GDK_IS_DISPLAY (display)' failed
Unable to init server: Could not connect: Connection refused

(DataCollector_Deterministic.py:3127166): Gdk-CRITICAL **: 18:08:50.608: gdk_cursor_new_for_display: assertion 'GDK_IS_DISPLAY (display)' failed
Unable to init server: Could not connect: Connection refused

(DataCollector_Deterministic.py:3126958): Gdk-CRITICAL **: 18:08:50.612: gdk_cursor_new_for_display: assertion 'GDK_IS_DISPLAY (display)' failed
Unable to init server: Could not connect: Connection refused

(DataCollector_Deterministic.py:3127244): Gdk-CRITICAL **: 18:08:50.631: gdk_cursor_new_for_display: assertion 'GDK_IS_DISPLAY (display)' failed
Unable to init server: Could not connect: Connection refused
Unable to init server: Could not connect: Connection refused

(DataCollector_Deterministic.py:3126952): Gdk-CRITICAL **: 18:08:50.763: gdk_cursor_new_for_display: assertion 'GDK_IS_DISPLAY (display)' failed
Unable to init server: Could not connect: Connection refused

(DataCollector_Deterministic.py:3127296): Gdk-CRITICAL **: 18:08:50.855: gdk_cursor_new_for_display: assertion 'GDK_IS_DISPLAY (display)' failed

(DataCollector_Deterministic.py:3127264): Gdk-CRITICAL **: 18:08:51.234: gdk_cursor_new_for_display: assertion 'GDK_IS_DISPLAY (display)' failed
Unable to init server: Could not connect: Connection refused
Unable to init server: Could not connect: Connection refused

(DataCollector_Deterministic.py:3127075): Gdk-CRITICAL **: 18:08:51.840: gdk_cursor_new_for_display: assertion 'GDK_IS_DISPLAY (display)' failed
Unable to init server: Could not connect: Connection refused

(DataCollector_Deterministic.py:3127286): Gdk-CRITICAL **: 18:08:53.331: gdk_cursor_new_for_display: assertion 'GDK_IS_DISPLAY (display)' failed
Unable to init server: Could not connect: Connection refused
Unable to init server: Could not connect: Connection refused
Unable to init server: Could not connect: Connection refused
Unable to init server: Could not connect: Connection refused
Unable to init server: Could not connect: Connection refused
Unable to init server: Could not connect: Connection refused
Unable to init server: Could not connect: Connection refused
Unable to init server: Could not connect: Connection refused
Unable to init server: Could not connect: Connection refused
Unable to init server: Could not connect: Connection refused
Unable to init server: Could not connect: Connection refused
Unable to init server: Could not connect: Connection refused
Unable to init server: Could not connect: Connection refused
Unable to init server: Could not connect: Connection refused
Unable to init server: Could not connect: Connection refused
Unable to init server: Could not connect: Connection refused
Unable to init server: Could not connect: Connection refused
Unable to init server: Could not connect: Connection refused
Unable to init server: Could not connect: Connection refused
Unable to init server: Could not connect: Connection refused
Unable to init server: Could not connect: Connection refused
Unable to init server: Could not connect: Connection refused
Unable to init server: Could not connect: Connection refused
Unable to init server: Could not connect: Connection refused
Unable to init server: Could not connect: Connection refused
Unable to init server: Could not connect: Connection refused
Unable to init server: Could not connect: Connection refused
Unable to init server: Could not connect: Connection refused
Unable to init server: Could not connect: Connection refused
Unable to init server: Could not connect: Connection refused
Unable to init server: Could not connect: Connection refused
Unable to init server: Could not connect: Connection refused
Unable to init server: Could not connect: Connection refused
Unable to init server: Could not connect: Connection refused
Unable to init server: Could not connect: Connection refused
Unable to init server: Could not connect: Connection refused
Unable to init server: Could not connect: Connection refused
Unable to init server: Could not connect: Connection refused
Unable to init server: Could not connect: Connection refused
Unable to init server: Could not connect: Connection refused
Unable to init server: Could not connect: Connection refused
Unable to init server: Could not connect: Connection refused

(DataCollector_Deterministic.py:3127305): Gdk-CRITICAL **: 18:08:55.000: gdk_cursor_new_for_display: assertion 'GDK_IS_DISPLAY (display)' failed
Unable to init server: Could not connect: Connection refused

(DataCollector_Deterministic.py:3127236): Gdk-CRITICAL **: 18:08:55.075: gdk_cursor_new_for_display: assertion 'GDK_IS_DISPLAY (display)' failed
Unable to init server: Could not connect: Connection refused
Unable to init server: Could not connect: Connection refused
Unable to init server: Could not connect: Connection refused
Unable to init server: Could not connect: Connection refused
Unable to init server: Could not connect: Connection refused
Unable to init server: Could not connect: Connection refused
Unable to init server: Could not connect: Connection refused
Unable to init server: Could not connect: Connection refused
Unable to init server: Could not connect: Connection refused
Unable to init server: Could not connect: Connection refused
Unable to init server: Could not connect: Connection refused
Unable to init server: Could not connect: Connection refused
Unable to init server: Could not connect: Connection refused

(DataCollector_Deterministic.py:3127210): Gdk-CRITICAL **: 18:08:55.789: gdk_cursor_new_for_display: assertion 'GDK_IS_DISPLAY (display)' failed
Unable to init server: Could not connect: Connection refused
Unable to init server: Could not connect: Connection refused
Unable to init server: Could not connect: Connection refused

(DataCollector_Deterministic.py:3127272): Gdk-CRITICAL **: 18:08:55.840: gdk_cursor_new_for_display: assertion 'GDK_IS_DISPLAY (display)' failed

(DataCollector_Deterministic.py:3127201): Gdk-CRITICAL **: 18:08:55.841: gdk_cursor_new_for_display: assertion 'GDK_IS_DISPLAY (display)' failed
Unable to init server: Could not connect: Connection refused
Unable to init server: Could not connect: Connection refused

(DataCollector_Deterministic.py:3126994): Gdk-CRITICAL **: 18:08:55.884: gdk_cursor_new_for_display: assertion 'GDK_IS_DISPLAY (display)' failed
Unable to init server: Could not connect: Connection refused

(DataCollector_Deterministic.py:3126819): Gdk-CRITICAL **: 18:08:55.887: gdk_cursor_new_for_display: assertion 'GDK_IS_DISPLAY (display)' failed

(DataCollector_Deterministic.py:3126990): Gdk-CRITICAL **: 18:08:55.929: gdk_cursor_new_for_display: assertion 'GDK_IS_DISPLAY (display)' failed
Unable to init server: Could not connect: Connection refused

(DataCollector_Deterministic.py:3127184): Gdk-CRITICAL **: 18:08:55.939: gdk_cursor_new_for_display: assertion 'GDK_IS_DISPLAY (display)' failed
Unable to init server: Could not connect: Connection refused
Unable to init server: Could not connect: Connection refused

(DataCollector_Deterministic.py:3126851): Gdk-CRITICAL **: 18:08:55.952: gdk_cursor_new_for_display: assertion 'GDK_IS_DISPLAY (display)' failed
Unable to init server: Could not connect: Connection refused
Unable to init server: Could not connect: Connection refused

(DataCollector_Deterministic.py:3127330): Gdk-CRITICAL **: 18:08:55.993: gdk_cursor_new_for_display: assertion 'GDK_IS_DISPLAY (display)' failed
Unable to init server: Could not connect: Connection refused
Unable to init server: Could not connect: Connection refused
Unable to init server: Could not connect: Connection refused

(DataCollector_Deterministic.py:3126801): Gdk-CRITICAL **: 18:08:56.025: gdk_cursor_new_for_display: assertion 'GDK_IS_DISPLAY (display)' failed
Unable to init server: Could not connect: Connection refused

(DataCollector_Deterministic.py:3126785): Gdk-CRITICAL **: 18:08:56.036: gdk_cursor_new_for_display: assertion 'GDK_IS_DISPLAY (display)' failed

(DataCollector_Deterministic.py:3127101): Gdk-CRITICAL **: 18:08:56.069: gdk_cursor_new_for_display: assertion 'GDK_IS_DISPLAY (display)' failed
Unable to init server: Could not connect: Connection refused

(DataCollector_Deterministic.py:3127000): Gdk-CRITICAL **: 18:08:56.102: gdk_cursor_new_for_display: assertion 'GDK_IS_DISPLAY (display)' failed

(DataCollector_Deterministic.py:3126948): Gdk-CRITICAL **: 18:08:56.113: gdk_cursor_new_for_display: assertion 'GDK_IS_DISPLAY (display)' failed
Unable to init server: Could not connect: Connection refused
Unable to init server: Could not connect: Connection refused

(DataCollector_Deterministic.py:3127238): Gdk-CRITICAL **: 18:08:56.144: gdk_cursor_new_for_display: assertion 'GDK_IS_DISPLAY (display)' failed
Unable to init server: Could not connect: Connection refused

(DataCollector_Deterministic.py:3126926): Gdk-CRITICAL **: 18:08:56.179: gdk_cursor_new_for_display: assertion 'GDK_IS_DISPLAY (display)' failed

(DataCollector_Deterministic.py:3127066): Gdk-CRITICAL **: 18:08:56.185: gdk_cursor_new_for_display: assertion 'GDK_IS_DISPLAY (display)' failed
Unable to init server: Could not connect: Connection refused

(DataCollector_Deterministic.py:3127292): Gdk-CRITICAL **: 18:08:56.201: gdk_cursor_new_for_display: assertion 'GDK_IS_DISPLAY (display)' failed
Unable to init server: Could not connect: Connection refused

(DataCollector_Deterministic.py:3126886): Gdk-CRITICAL **: 18:08:56.228: gdk_cursor_new_for_display: assertion 'GDK_IS_DISPLAY (display)' failed
Unable to init server: Could not connect: Connection refused

(DataCollector_Deterministic.py:3127128): Gdk-CRITICAL **: 18:08:56.268: gdk_cursor_new_for_display: assertion 'GDK_IS_DISPLAY (display)' failed
Unable to init server: Could not connect: Connection refused

(DataCollector_Deterministic.py:3127026): Gdk-CRITICAL **: 18:08:56.278: gdk_cursor_new_for_display: assertion 'GDK_IS_DISPLAY (display)' failed
Unable to init server: Could not connect: Connection refused

(DataCollector_Deterministic.py:3127115): Gdk-CRITICAL **: 18:08:56.291: gdk_cursor_new_for_display: assertion 'GDK_IS_DISPLAY (display)' failed
Unable to init server: Could not connect: Connection refused

(DataCollector_Deterministic.py:3127348): Gdk-CRITICAL **: 18:08:56.312: gdk_cursor_new_for_display: assertion 'GDK_IS_DISPLAY (display)' failed
Unable to init server: Could not connect: Connection refused

(DataCollector_Deterministic.py:3127276): Gdk-CRITICAL **: 18:08:56.326: gdk_cursor_new_for_display: assertion 'GDK_IS_DISPLAY (display)' failed
Unable to init server: Could not connect: Connection refused
Unable to init server: Could not connect: Connection refused

(DataCollector_Deterministic.py:3126834): Gdk-CRITICAL **: 18:08:56.369: gdk_cursor_new_for_display: assertion 'GDK_IS_DISPLAY (display)' failed
Unable to init server: Could not connect: Connection refused
Unable to init server: Could not connect: Connection refused

(DataCollector_Deterministic.py:3126867): Gdk-CRITICAL **: 18:08:56.400: gdk_cursor_new_for_display: assertion 'GDK_IS_DISPLAY (display)' failed
Unable to init server: Could not connect: Connection refused

(DataCollector_Deterministic.py:3127107): Gdk-CRITICAL **: 18:08:56.432: gdk_cursor_new_for_display: assertion 'GDK_IS_DISPLAY (display)' failed
Unable to init server: Could not connect: Connection refused

(DataCollector_Deterministic.py:3126825): Gdk-CRITICAL **: 18:08:56.459: gdk_cursor_new_for_display: assertion 'GDK_IS_DISPLAY (display)' failed
Unable to init server: Could not connect: Connection refused
Unable to init server: Could not connect: Connection refused

(DataCollector_Deterministic.py:3127126): Gdk-CRITICAL **: 18:08:56.469: gdk_cursor_new_for_display: assertion 'GDK_IS_DISPLAY (display)' failed
Unable to init server: Could not connect: Connection refused
Unable to init server: Could not connect: Connection refused

(DataCollector_Deterministic.py:3126889): Gdk-CRITICAL **: 18:08:56.514: gdk_cursor_new_for_display: assertion 'GDK_IS_DISPLAY (display)' failed
Unable to init server: Could not connect: Connection refused
Unable to init server: Could not connect: Connection refused

(DataCollector_Deterministic.py:3127052): Gdk-CRITICAL **: 18:08:56.562: gdk_cursor_new_for_display: assertion 'GDK_IS_DISPLAY (display)' failed
Unable to init server: Could not connect: Connection refused

(DataCollector_Deterministic.py:3126979): Gdk-CRITICAL **: 18:08:56.567: gdk_cursor_new_for_display: assertion 'GDK_IS_DISPLAY (display)' failed
Unable to init server: Could not connect: Connection refused

(DataCollector_Deterministic.py:3127110): Gdk-CRITICAL **: 18:08:56.571: gdk_cursor_new_for_display: assertion 'GDK_IS_DISPLAY (display)' failed
Unable to init server: Could not connect: Connection refused
Unable to init server: Could not connect: Connection refused

(DataCollector_Deterministic.py:3127344): Gdk-CRITICAL **: 18:08:56.644: gdk_cursor_new_for_display: assertion 'GDK_IS_DISPLAY (display)' failed
Unable to init server: Could not connect: Connection refused
Unable to init server: Could not connect: Connection refused

(DataCollector_Deterministic.py:3127342): Gdk-CRITICAL **: 18:08:56.668: gdk_cursor_new_for_display: assertion 'GDK_IS_DISPLAY (display)' failed
Unable to init server: Could not connect: Connection refused
Unable to init server: Could not connect: Connection refused
Unable to init server: Could not connect: Connection refused
Unable to init server: Could not connect: Connection refused
Unable to init server: Could not connect: Connection refused
Unable to init server: Could not connect: Connection refused
Unable to init server: Could not connect: Connection refused
Unable to init server: Could not connect: Connection refused

(DataCollector_Deterministic.py:3126910): Gdk-CRITICAL **: 18:08:56.865: gdk_cursor_new_for_display: assertion 'GDK_IS_DISPLAY (display)' failed
Unable to init server: Could not connect: Connection refused

(DataCollector_Deterministic.py:3127032): Gdk-CRITICAL **: 18:08:56.884: gdk_cursor_new_for_display: assertion 'GDK_IS_DISPLAY (display)' failed
Unable to init server: Could not connect: Connection refused

(DataCollector_Deterministic.py:3127010): Gdk-CRITICAL **: 18:08:56.903: gdk_cursor_new_for_display: assertion 'GDK_IS_DISPLAY (display)' failed
Unable to init server: Could not connect: Connection refused
Unable to init server: Could not connect: Connection refused
Unable to init server: Could not connect: Connection refused
Unable to init server: Could not connect: Connection refused
Unable to init server: Could not connect: Connection refused

(DataCollector_Deterministic.py:3127334): Gdk-CRITICAL **: 18:08:57.005: gdk_cursor_new_for_display: assertion 'GDK_IS_DISPLAY (display)' failed
Unable to init server: Could not connect: Connection refused
Unable to init server: Could not connect: Connection refused
Unable to init server: Could not connect: Connection refused
Unable to init server: Could not connect: Connection refused
Unable to init server: Could not connect: Connection refused

(DataCollector_Deterministic.py:3127136): Gdk-CRITICAL **: 18:08:57.093: gdk_cursor_new_for_display: assertion 'GDK_IS_DISPLAY (display)' failed
Unable to init server: Could not connect: Connection refused
Unable to init server: Could not connect: Connection refused

(DataCollector_Deterministic.py:3127337): Gdk-CRITICAL **: 18:08:57.147: gdk_cursor_new_for_display: assertion 'GDK_IS_DISPLAY (display)' failed
Unable to init server: Could not connect: Connection refused

(DataCollector_Deterministic.py:3127316): Gdk-CRITICAL **: 18:08:57.155: gdk_cursor_new_for_display: assertion 'GDK_IS_DISPLAY (display)' failed
Unable to init server: Could not connect: Connection refused

(DataCollector_Deterministic.py:3126857): Gdk-CRITICAL **: 18:08:57.177: gdk_cursor_new_for_display: assertion 'GDK_IS_DISPLAY (display)' failed
Unable to init server: Could not connect: Connection refused

(DataCollector_Deterministic.py:3127008): Gdk-CRITICAL **: 18:08:57.240: gdk_cursor_new_for_display: assertion 'GDK_IS_DISPLAY (display)' failed
Unable to init server: Could not connect: Connection refused

(DataCollector_Deterministic.py:3127227): Gdk-CRITICAL **: 18:08:57.276: gdk_cursor_new_for_display: assertion 'GDK_IS_DISPLAY (display)' failed
Unable to init server: Could not connect: Connection refused

(DataCollector_Deterministic.py:3126917): Gdk-CRITICAL **: 18:08:57.283: gdk_cursor_new_for_display: assertion 'GDK_IS_DISPLAY (display)' failed
Unable to init server: Could not connect: Connection refused

(DataCollector_Deterministic.py:3126807): Gdk-CRITICAL **: 18:08:57.301: gdk_cursor_new_for_display: assertion 'GDK_IS_DISPLAY (display)' failed
Unable to init server: Could not connect: Connection refused
Unable to init server: Could not connect: Connection refused
Unable to init server: Could not connect: Connection refused
Unable to init server: Could not connect: Connection refused

(DataCollector_Deterministic.py:3126830): Gdk-CRITICAL **: 18:08:57.585: gdk_cursor_new_for_display: assertion 'GDK_IS_DISPLAY (display)' failed
Unable to init server: Could not connect: Connection refused
Unable to init server: Could not connect: Connection refused

(DataCollector_Deterministic.py:3126938): Gdk-CRITICAL **: 18:08:57.616: gdk_cursor_new_for_display: assertion 'GDK_IS_DISPLAY (display)' failed
Unable to init server: Could not connect: Connection refused

(DataCollector_Deterministic.py:3127339): Gdk-CRITICAL **: 18:08:57.620: gdk_cursor_new_for_display: assertion 'GDK_IS_DISPLAY (display)' failed
Unable to init server: Could not connect: Connection refused
Unable to init server: Could not connect: Connection refused
Unable to init server: Could not connect: Connection refused
Unable to init server: Could not connect: Connection refused
Unable to init server: Could not connect: Connection refused
Unable to init server: Could not connect: Connection refused

(DataCollector_Deterministic.py:3126970): Gdk-CRITICAL **: 18:08:57.983: gdk_cursor_new_for_display: assertion 'GDK_IS_DISPLAY (display)' failed

(DataCollector_Deterministic.py:3126904): Gdk-CRITICAL **: 18:08:57.986: gdk_cursor_new_for_display: assertion 'GDK_IS_DISPLAY (display)' failed
Unable to init server: Could not connect: Connection refused

(DataCollector_Deterministic.py:3127095): Gdk-CRITICAL **: 18:08:58.057: gdk_cursor_new_for_display: assertion 'GDK_IS_DISPLAY (display)' failed
Unable to init server: Could not connect: Connection refused
Unable to init server: Could not connect: Connection refused
Unable to init server: Could not connect: Connection refused
Unable to init server: Could not connect: Connection refused

(DataCollector_Deterministic.py:3127056): Gdk-CRITICAL **: 18:08:58.210: gdk_cursor_new_for_display: assertion 'GDK_IS_DISPLAY (display)' failed
Unable to init server: Could not connect: Connection refused

(DataCollector_Deterministic.py:3127146): Gdk-CRITICAL **: 18:08:58.228: gdk_cursor_new_for_display: assertion 'GDK_IS_DISPLAY (display)' failed
Unable to init server: Could not connect: Connection refused
Unable to init server: Could not connect: Connection refused
Unable to init server: Could not connect: Connection refused

(DataCollector_Deterministic.py:3127346): Gdk-CRITICAL **: 18:08:58.325: gdk_cursor_new_for_display: assertion 'GDK_IS_DISPLAY (display)' failed

(DataCollector_Deterministic.py:3127152): Gdk-CRITICAL **: 18:08:58.345: gdk_cursor_new_for_display: assertion 'GDK_IS_DISPLAY (display)' failed
Unable to init server: Could not connect: Connection refused
Unable to init server: Could not connect: Connection refused
Unable to init server: Could not connect: Connection refused

(DataCollector_Deterministic.py:3126790): Gdk-CRITICAL **: 18:08:58.427: gdk_cursor_new_for_display: assertion 'GDK_IS_DISPLAY (display)' failed
Unable to init server: Could not connect: Connection refused

(DataCollector_Deterministic.py:3126863): Gdk-CRITICAL **: 18:08:58.492: gdk_cursor_new_for_display: assertion 'GDK_IS_DISPLAY (display)' failed
Unable to init server: Could not connect: Connection refused

(DataCollector_Deterministic.py:3126842): Gdk-CRITICAL **: 18:08:58.527: gdk_cursor_new_for_display: assertion 'GDK_IS_DISPLAY (display)' failed
Unable to init server: Could not connect: Connection refused

(DataCollector_Deterministic.py:3127194): Gdk-CRITICAL **: 18:08:58.539: gdk_cursor_new_for_display: assertion 'GDK_IS_DISPLAY (display)' failed
Unable to init server: Could not connect: Connection refused

(DataCollector_Deterministic.py:3126795): Gdk-CRITICAL **: 18:08:58.548: gdk_cursor_new_for_display: assertion 'GDK_IS_DISPLAY (display)' failed
Unable to init server: Could not connect: Connection refused

(DataCollector_Deterministic.py:3127190): Gdk-CRITICAL **: 18:08:58.644: gdk_cursor_new_for_display: assertion 'GDK_IS_DISPLAY (display)' failed
Unable to init server: Could not connect: Connection refused

(DataCollector_Deterministic.py:3127084): Gdk-CRITICAL **: 18:08:58.648: gdk_cursor_new_for_display: assertion 'GDK_IS_DISPLAY (display)' failed
Unable to init server: Could not connect: Connection refused

(DataCollector_Deterministic.py:3126876): Gdk-CRITICAL **: 18:08:58.656: gdk_cursor_new_for_display: assertion 'GDK_IS_DISPLAY (display)' failed
Unable to init server: Could not connect: Connection refused

(DataCollector_Deterministic.py:3127046): Gdk-CRITICAL **: 18:08:58.659: gdk_cursor_new_for_display: assertion 'GDK_IS_DISPLAY (display)' failed

(DataCollector_Deterministic.py:3127349): Gdk-CRITICAL **: 18:08:58.660: gdk_cursor_new_for_display: assertion 'GDK_IS_DISPLAY (display)' failed

(DataCollector_Deterministic.py:3127016): Gdk-CRITICAL **: 18:08:58.685: gdk_cursor_new_for_display: assertion 'GDK_IS_DISPLAY (display)' failed
Unable to init server: Could not connect: Connection refused

(DataCollector_Deterministic.py:3127004): Gdk-CRITICAL **: 18:08:58.708: gdk_cursor_new_for_display: assertion 'GDK_IS_DISPLAY (display)' failed
Unable to init server: Could not connect: Connection refused

(DataCollector_Deterministic.py:3126813): Gdk-CRITICAL **: 18:08:58.751: gdk_cursor_new_for_display: assertion 'GDK_IS_DISPLAY (display)' failed
Unable to init server: Could not connect: Connection refused

(DataCollector_Deterministic.py:3127162): Gdk-CRITICAL **: 18:08:58.777: gdk_cursor_new_for_display: assertion 'GDK_IS_DISPLAY (display)' failed
Unable to init server: Could not connect: Connection refused

(DataCollector_Deterministic.py:3126932): Gdk-CRITICAL **: 18:08:58.803: gdk_cursor_new_for_display: assertion 'GDK_IS_DISPLAY (display)' failed
Unable to init server: Could not connect: Connection refused

(DataCollector_Deterministic.py:3126984): Gdk-CRITICAL **: 18:08:58.838: gdk_cursor_new_for_display: assertion 'GDK_IS_DISPLAY (display)' failed
Unable to init server: Could not connect: Connection refused

(DataCollector_Deterministic.py:3127323): Gdk-CRITICAL **: 18:08:58.846: gdk_cursor_new_for_display: assertion 'GDK_IS_DISPLAY (display)' failed
Unable to init server: Could not connect: Connection refused

(DataCollector_Deterministic.py:3126873): Gdk-CRITICAL **: 18:08:58.886: gdk_cursor_new_for_display: assertion 'GDK_IS_DISPLAY (display)' failed
Unable to init server: Could not connect: Connection refused

(DataCollector_Deterministic.py:3127223): Gdk-CRITICAL **: 18:08:58.958: gdk_cursor_new_for_display: assertion 'GDK_IS_DISPLAY (display)' failed
Unable to init server: Could not connect: Connection refused

(DataCollector_Deterministic.py:3127122): Gdk-CRITICAL **: 18:08:58.987: gdk_cursor_new_for_display: assertion 'GDK_IS_DISPLAY (display)' failed
Unable to init server: Could not connect: Connection refused

(DataCollector_Deterministic.py:3126894): Gdk-CRITICAL **: 18:08:59.044: gdk_cursor_new_for_display: assertion 'GDK_IS_DISPLAY (display)' failed
Unable to init server: Could not connect: Connection refused

(DataCollector_Deterministic.py:3127061): Gdk-CRITICAL **: 18:08:59.047: gdk_cursor_new_for_display: assertion 'GDK_IS_DISPLAY (display)' failed
Unable to init server: Could not connect: Connection refused

(DataCollector_Deterministic.py:3127308): Gdk-CRITICAL **: 18:08:59.062: gdk_cursor_new_for_display: assertion 'GDK_IS_DISPLAY (display)' failed
Unable to init server: Could not connect: Connection refused
Unable to init server: Could not connect: Connection refused

(DataCollector_Deterministic.py:3127180): Gdk-CRITICAL **: 18:08:59.604: gdk_cursor_new_for_display: assertion 'GDK_IS_DISPLAY (display)' failed
Unable to init server: Could not connect: Connection refused

(DataCollector_Deterministic.py:3127213): Gdk-CRITICAL **: 18:08:59.709: gdk_cursor_new_for_display: assertion 'GDK_IS_DISPLAY (display)' failed
Unable to init server: Could not connect: Connection refused

(DataCollector_Deterministic.py:3127078): Gdk-CRITICAL **: 18:08:59.710: gdk_cursor_new_for_display: assertion 'GDK_IS_DISPLAY (display)' failed

(DataCollector_Deterministic.py:3127038): Gdk-CRITICAL **: 18:08:59.841: gdk_cursor_new_for_display: assertion 'GDK_IS_DISPLAY (display)' failed
Unable to init server: Could not connect: Connection refused

(DataCollector_Deterministic.py:3127170): Gdk-CRITICAL **: 18:08:59.902: gdk_cursor_new_for_display: assertion 'GDK_IS_DISPLAY (display)' failed
Unable to init server: Could not connect: Connection refused

(DataCollector_Deterministic.py:3127215): Gdk-CRITICAL **: 18:08:59.960: gdk_cursor_new_for_display: assertion 'GDK_IS_DISPLAY (display)' failed
Unable to init server: Could not connect: Connection refused

(DataCollector_Deterministic.py:3127324): Gdk-CRITICAL **: 18:09:00.022: gdk_cursor_new_for_display: assertion 'GDK_IS_DISPLAY (display)' failed
Unable to init server: Could not connect: Connection refused

(DataCollector_Deterministic.py:3127256): Gdk-CRITICAL **: 18:09:00.177: gdk_cursor_new_for_display: assertion 'GDK_IS_DISPLAY (display)' failed
Unable to init server: Could not connect: Connection refused

(DataCollector_Deterministic.py:3126964): Gdk-CRITICAL **: 18:09:00.474: gdk_cursor_new_for_display: assertion 'GDK_IS_DISPLAY (display)' failed
Initalising...
Running Sim...

Data Dump...
Initalising...
Running Sim...

Data Dump...
Initalising...
Running Sim...

Data Dump...
Initalising...
Running Sim...

Data Dump...
Initalising...
Running Sim...

Data Dump...
Initalising...
Running Sim...

Data Dump...
Initalising...
Running Sim...

Data Dump...
Initalising...
Running Sim...

Data Dump...
Initalising...
Running Sim...

Data Dump...
Initalising...
Running Sim...
.Initalising...
Running Sim...
.Initalising...
Running Sim...
.Initalising...
Running Sim...
.Initalising...
Running Sim...
.Initalising...
Running Sim...
.Initalising...
Running Sim...
.Initalising...
Running Sim...
.Initalising...
Running Sim...
.Initalising...
Running Sim...
.Initalising...
Running Sim...
.Initalising...
Running Sim...
.Initalising...
Running Sim...
.Initalising...
Running Sim...
.Initalising...
Running Sim...
.Initalising...
Running Sim...
.Initalising...
Running Sim...
.Initalising...
Running Sim...
.Initalising...
Running Sim...
.Initalising...
Running Sim...
.Initalising...
Running Sim...
.Initalising...
Running Sim...
.Initalising...
Running Sim...
.Initalising...
Running Sim...
.Initalising...
Running Sim...
.Initalising...
Running Sim...
.Initalising...
Running Sim...
.Initalising...
Running Sim...
.Initalising...
Running Sim...
.Initalising...
Running Sim...
.Initalising...
Running Sim...
.Initalising...
Running Sim...
.Initalising...
Running Sim...
.Initalising...
Running Sim...
.Initalising...
Running Sim...
.Initalising...
Running Sim...
.Initalising...
Running Sim...
.Initalising...
Running Sim...
.Initalising...
Running Sim...
.Initalising...
Running Sim...
.Initalising...
Running Sim...
.Initalising...
Running Sim...
.Initalising...
Running Sim...
.Initalising...
Running Sim...
.Initalising...
Running Sim...
.Initalising...
Running Sim...
.Initalising...
Running Sim...
.Initalising...
Running Sim...
.Initalising...
Running Sim...
.Initalising...
Running Sim...
.Initalising...
Running Sim...
.Initalising...
Running Sim...
.Initalising...
Running Sim...
.Initalising...
Running Sim...
.Initalising...
Running Sim...
.Initalising...
Running Sim...
.Initalising...
Running Sim...
.Initalising...
Running Sim...
.Initalising...
Running Sim...
.Initalising...
Running Sim...
.Initalising...
Running Sim...
.Initalising...
Running Sim...
.Initalising...
Running Sim...
.Initalising...
Running Sim...
.Initalising...
Running Sim...
.Initalising...
Running Sim...
.Initalising...
Running Sim...
.Initalising...
Running Sim...
.Initalising...
Running Sim...
.Initalising...
Running Sim...
.Initalising...
Running Sim...
.Initalising...
Running Sim...
.Initalising...
Running Sim...
.Initalising...
Running Sim...
.Initalising...
Running Sim...
.Initalising...
Running Sim...
.Initalising...
Running Sim...
.Initalising...
Running Sim...
.Initalising...
Running Sim...
.Initalising...
Running Sim...
.Initalising...
Running Sim...
.Initalising...
Running Sim...
.Initalising...
Running Sim...
.Initalising...
Running Sim...
.Initalising...
Running Sim...
.Initalising...
Running Sim...
.Initalising...
Running Sim...
.Initalising...
Running Sim...
.Initalising...
Running Sim...
.Initalising...
Running Sim...
.Initalising...
Running Sim...
..........................................................................................................................................................................................................................................................................................................................................................................................................................................................................................................................................................................................................................................................................................................................................................................................
[1713 9127]
.........
[1716 9114]
........
[1744 9154]
........
[1687 9156]
.
[1678 9165]
.
[1683 9192]
...
[1723 9143]
..
[1672 9175]
.
[1720 9129]
......
[1808 9046]
.
[1803 9029]
..
[1921 8843]
.
[1750 9151]
.
[2235 8558]
.
[1752 9070]
...
[1772 9088]
.
[1768 9052]
.
[1779 9056]
..
[1712 9126]
....
[1881 8937]
.
[2225 8566]
...
[9555  912]
..
[2234 8522]
..
[2126 8670]
......
[1694 9109]
..
[9310 1133]
.
[2332 8389]
...
[9431 1032]
.
[2421 8266]
.
[9487  993]
....
[2569 8165]
.
[9450 1038]
..
[9378 1074]
.
[9455 1023]
.
[9440 1022]
..
[8906 1522]
..
[9455 1006]
....
[9262 1198]
..
[9504  960]
..
[9159 1312]
.
[9458 1018]
...
[9440 1019]
...
[9412 1058]
.
[9224 1224]
.
[9262 1202]
.
[9434 1000]
.
[9203 1249]
.
[9390 1047]
....
[8478 1951]
.
[9127 1307]
.
[9215 1242]
.
[9380 1087]
.
[9417 1059]
.
[3108 7539]
.
[3169 7442]
.
[9129 1323]
......
[3142 7504]
....
[3277 7361]
...
[8625 1824]
..
[8857 1572]
...
[3535 7086]
.
[8632 1785]
.
[3752 6821]
.
[8711 1699]
.
[8458 1979]
.....
[3528 7052]
.
[8283 2128]
...
[8363 2043]
....
[3710 6869]
........
[7872 2567]
..
[7901 2565]
..
[7990 2462]
......
[4218 6287]
.........
[7662 2763]
..
[7634 2779]
.
[7449 2974]
.......
[5118 5391]
..
[5865 4597]
..
[7525 2922]
..
[7225 3212]
...
[7515 2912]
.
[5193 5286]
.
[7099 3356]
........
[6245 4212]
..
[7186 3234]
..
[6345 4101]
.
[7014 3440]
....
[6313 4158]
...
[6632 3817]
.....
[6383 4067]
.......
[6236 4209]
..........................................................................................................................................................................................................................
Data Dump...
............
Data Dump...
...........
Data Dump...
.....
Data Dump...
..................
Data Dump...
..................................................................................................................................................................................................................................................................................
[3864    2]
.....
[3662   12]
............
[ 102 2987]
.........................
[3525    8]
..
[ 155 2838]
....
[3608   12]
.
[3472   16]
..
[ 200 2673]
......
[3522    6]
..
[3498   13]
......
[3485    9]
....
[3518   12]
.
[ 175 2601]
.....................
[ 221 2596]
........
[3473   10]
....
[3313   10]
..
[3558    6]
.........
[3344    9]
.
[3386    7]
....
[3343    6]
.....
[3291   11]
...
[3436   11]
..........
[ 305 2370]
...
[3261   15]
.
[ 250 2384]
......
[ 288 2269]
.....
[3194   14]
.
[3208   17]
.
[3190   19]
.........
[3058   20]
.........
[ 417 2058]
.
[3125   23]
.
[ 386 2151]
........
[2941   29]
..
[3189   16]
..
[ 440 2004]
..
[ 436 1991]
.
[3218   18]
.
[ 392 2073]
.
[ 411 2076]
..........
[ 501 1832]
...............
[ 494 1984]
....................
[2919   26]
...
[ 698 1634]
.
[ 741 1507]
...
[3000   25]
.......
[2924   25]
.
[3015   34]
......
[2981   39]
...
[ 693 1623]
.......
[2844   39]
.......
[ 663 1605]
...............
[2777   53]
.......
[ 769 1440]
....
[ 812 1395]
....
[ 893 1339]
.......
[2793   48]
....
[2805   63]
....
[2757   63]
.....
[2781   70]
............
[2584   73]
...
[2652   59]
................
[1182 1035]
.............
[2721   65]
..
[1138  997]
......
[2577  112]
.
[2579   96]
......
[1188  988]
........
[1196  975]
..
[2497  108]
.
[2488  128]
.....
[2131  257]
.
[1398  776]
................
[1308  868]
..
[2435  130]
....
[1339  829]
....
[2299  153]
...............
[2362  131]
...
[2314  187]
...
[2405  183]
.....
[1400  771]
..
[1600  604]
...
[2259  181]
.
[1886  389]
........
[2256  192]
......
[1939  364]
......................................................................................................................
[196  11]
..
[208   2]
.....................
Data Dump...
........
Data Dump...
.....................................................................................
[222   7]
.......
[177   4]
............
[216   9]
..
[200  12]
.....
[22 36]
.......
[193   4]
.........
Data Dump...
.....
[192   6]
.............
Data Dump...
.
[171   4]
.....
Data Dump...
...
Data Dump...
............
Data Dump...
.....
Data Dump...
..............
Data Dump...
..........
[156   7]
....
[193   5]
...........
[160   2]
..
Data Dump...
....
[39 31]
.......
[36 20]
.........
[45 36]
..
[153   5]
.......
[207   4]
.....
[162   3]
.
[183   3]
..
Data Dump...
...
Data Dump...
.................
[50 32]
....
[220   5]
.........
[182   6]
........
Data Dump...
............
Data Dump...
.
Data Dump...
.
Data Dump...
..
[143   7]
.
Data Dump...

Data Dump...
...
[165   9]
.
[173   7]
..
Data Dump...

[161   6]
.
[149   3]
.....
[52 17]
..
Data Dump...
..........
[180   8]
.....
[51 25]
......
Data Dump...
.
Data Dump...
..
[162   6]
.....
[40 16]
...
[58 20]
....
Data Dump...

[158   7]
...............
[49 16]
.....
[62 26]
........
[40 16]
...
Data Dump...
...
Data Dump...
..
Data Dump...
......
Data Dump...
.
[53 24]
.
[63 26]
..........
[68 11]
.
Data Dump...
..
Data Dump...
........
Data Dump...

[150   7]
....
Data Dump...
..
[149   6]
.
[63 21]
...
Data Dump...
......
Data Dump...

Data Dump...
....
[70 12]
...
[167   8]
.
[138   4]
.
Data Dump...
.
[71 20]
.....
[147   8]
...
[139   8]
...
Data Dump...
.........
[59 12]
......
Data Dump...
....
[54 16]
........
Data Dump...
..
Data Dump...
.
Data Dump...
....
[127   7]
......
Data Dump...
.....
[57 13]
..
[75 20]
...
Data Dump...

[133  11]
..
Data Dump...

Data Dump...
.
[84 12]
.
[154   9]
.........
[148   5]
.....
Data Dump...
..
[133   6]
.
[121   7]
...
Data Dump...

[134   6]
....
Data Dump...

Data Dump...
.
Data Dump...
.
Data Dump...
.......
[87 14]
..
[144   3]
.........
Data Dump...
..
[138  10]
..
Data Dump...

[144  11]
.....
[85 10]
......
Data Dump...
.
[82 18]
........
[114  16]
..
[138  10]
.
Data Dump...
..
[126   7]
..
Data Dump...

Data Dump...

[86 12]
.
Data Dump...
...
[74 17]
...
Data Dump...

[138   9]
..
Data Dump...

[86 14]
.
[103   6]
.
Data Dump...
..
[87 14]
..
Data Dump...
.
[118   9]
.
Data Dump...
.
[75 13]
.
[113   9]
...
[131  17]
.
[95 14]
....
[122   5]
.
Data Dump...
..
[97 10]
.
Data Dump...
.
[139   6]
........
Data Dump...
..
[96  6]
.
Data Dump...
......
Data Dump...
..
Data Dump...
...
Data Dump...
...
Data Dump...

Data Dump...
...
Data Dump...

Data Dump...
.....
Data Dump...

Data Dump...
.
Data Dump...
.
Data Dump...

Data Dump...
..
Data Dump...

Data Dump...
...
Data Dump...
.
Data Dump...

Data Dump...
.
Data Dump...
.
Data Dump...

Data Dump...
High 2 0
Done
