Unable to init server: Could not connect: Connection refused
Unable to init server: Could not connect: Connection refused
Unable to init server: Could not connect: Connection refused
Unable to init server: Could not connect: Connection refused
Unable to init server: Could not connect: Connection refused
Unable to init server: Could not connect: Connection refused
Unable to init server: Could not connect: Connection refused
Unable to init server: Could not connect: Connection refused
Unable to init server: Could not connect: Connection refused
Unable to init server: Could not connect: Connection refused
Unable to init server: Could not connect: Connection refused
Unable to init server: Could not connect: Connection refused
Unable to init server: Could not connect: Connection refused
Unable to init server: Could not connect: Connection refused
Unable to init server: Could not connect: Connection refused
Unable to init server: Could not connect: Connection refused
Unable to init server: Could not connect: Connection refused
Unable to init server: Could not connect: Connection refused
Unable to init server: Could not connect: Connection refused
Unable to init server: Could not connect: Connection refused
Unable to init server: Could not connect: Connection refused
Unable to init server: Could not connect: Connection refused
Unable to init server: Could not connect: Connection refused
Unable to init server: Could not connect: Connection refused
Unable to init server: Could not connect: Connection refused
Unable to init server: Could not connect: Connection refused
Unable to init server: Could not connect: Connection refused
Unable to init server: Could not connect: Connection refused
Unable to init server: Could not connect: Connection refused
Unable to init server: Could not connect: Connection refused
Unable to init server: Could not connect: Connection refused
Unable to init server: Could not connect: Connection refused
Unable to init server: Could not connect: Connection refused
Unable to init server: Could not connect: Connection refused
Unable to init server: Could not connect: Connection refused
Unable to init server: Could not connect: Connection refused
Unable to init server: Could not connect: Connection refused
Unable to init server: Could not connect: Connection refused
Unable to init server: Could not connect: Connection refused
Unable to init server: Could not connect: Connection refused
Unable to init server: Could not connect: Connection refused
Unable to init server: Could not connect: Connection refused
Unable to init server: Could not connect: Connection refused
Unable to init server: Could not connect: Connection refused
Unable to init server: Could not connect: Connection refused
Unable to init server: Could not connect: Connection refused
Unable to init server: Could not connect: Connection refused
Unable to init server: Could not connect: Connection refused
Unable to init server: Could not connect: Connection refused
Unable to init server: Could not connect: Connection refused
Unable to init server: Could not connect: Connection refused
Unable to init server: Could not connect: Connection refused
Unable to init server: Could not connect: Connection refused
Unable to init server: Could not connect: Connection refused
Unable to init server: Could not connect: Connection refused
Unable to init server: Could not connect: Connection refused
Unable to init server: Could not connect: Connection refused
Unable to init server: Could not connect: Connection refused
Unable to init server: Could not connect: Connection refused
Unable to init server: Could not connect: Connection refused
Unable to init server: Could not connect: Connection refused
Unable to init server: Could not connect: Connection refused
Unable to init server: Could not connect: Connection refused
Unable to init server: Could not connect: Connection refused
Unable to init server: Could not connect: Connection refused
Unable to init server: Could not connect: Connection refused
Unable to init server: Could not connect: Connection refused
Unable to init server: Could not connect: Connection refused
Unable to init server: Could not connect: Connection refused
Unable to init server: Could not connect: Connection refused
Unable to init server: Could not connect: Connection refused
Unable to init server: Could not connect: Connection refused
Unable to init server: Could not connect: Connection refused
Unable to init server: Could not connect: Connection refused
Unable to init server: Could not connect: Connection refused
Unable to init server: Could not connect: Connection refused
Unable to init server: Could not connect: Connection refused
Unable to init server: Could not connect: Connection refused
Unable to init server: Could not connect: Connection refused
Unable to init server: Could not connect: Connection refused
Unable to init server: Could not connect: Connection refused
Unable to init server: Could not connect: Connection refused
Unable to init server: Could not connect: Connection refused
Unable to init server: Could not connect: Connection refused
Unable to init server: Could not connect: Connection refused
Unable to init server: Could not connect: Connection refused
Unable to init server: Could not connect: Connection refused
Unable to init server: Could not connect: Connection refused
Unable to init server: Could not connect: Connection refused
Unable to init server: Could not connect: Connection refused
Unable to init server: Could not connect: Connection refused
Unable to init server: Could not connect: Connection refused
Unable to init server: Could not connect: Connection refused
Unable to init server: Could not connect: Connection refused

(DataCollector_Deterministic.py:2376337): Gdk-CRITICAL **: 18:17:02.352: gdk_cursor_new_for_display: assertion 'GDK_IS_DISPLAY (display)' failed
Unable to init server: Could not connect: Connection refused
Unable to init server: Could not connect: Connection refused
Unable to init server: Could not connect: Connection refused

(DataCollector_Deterministic.py:2376357): Gdk-CRITICAL **: 18:17:02.368: gdk_cursor_new_for_display: assertion 'GDK_IS_DISPLAY (display)' failed
Unable to init server: Could not connect: Connection refused
Unable to init server: Could not connect: Connection refused

(DataCollector_Deterministic.py:2376347): Gdk-CRITICAL **: 18:17:02.384: gdk_cursor_new_for_display: assertion 'GDK_IS_DISPLAY (display)' failed
Unable to init server: Could not connect: Connection refused

(DataCollector_Deterministic.py:2376412): Gdk-CRITICAL **: 18:17:02.392: gdk_cursor_new_for_display: assertion 'GDK_IS_DISPLAY (display)' failed
Unable to init server: Could not connect: Connection refused
Unable to init server: Could not connect: Connection refused

(DataCollector_Deterministic.py:2376279): Gdk-CRITICAL **: 18:17:02.412: gdk_cursor_new_for_display: assertion 'GDK_IS_DISPLAY (display)' failed
Unable to init server: Could not connect: Connection refused

(DataCollector_Deterministic.py:2376343): Gdk-CRITICAL **: 18:17:02.428: gdk_cursor_new_for_display: assertion 'GDK_IS_DISPLAY (display)' failed
Unable to init server: Could not connect: Connection refused
Unable to init server: Could not connect: Connection refused
Unable to init server: Could not connect: Connection refused
Unable to init server: Could not connect: Connection refused

(DataCollector_Deterministic.py:2376422): Gdk-CRITICAL **: 18:17:02.483: gdk_cursor_new_for_display: assertion 'GDK_IS_DISPLAY (display)' failed
Unable to init server: Could not connect: Connection refused
Unable to init server: Could not connect: Connection refused
Unable to init server: Could not connect: Connection refused

(DataCollector_Deterministic.py:2376315): Gdk-CRITICAL **: 18:17:02.496: gdk_cursor_new_for_display: assertion 'GDK_IS_DISPLAY (display)' failed
Unable to init server: Could not connect: Connection refused

(DataCollector_Deterministic.py:2376307): Gdk-CRITICAL **: 18:17:02.512: gdk_cursor_new_for_display: assertion 'GDK_IS_DISPLAY (display)' failed
Unable to init server: Could not connect: Connection refused

(DataCollector_Deterministic.py:2376297): Gdk-CRITICAL **: 18:17:02.532: gdk_cursor_new_for_display: assertion 'GDK_IS_DISPLAY (display)' failed
Unable to init server: Could not connect: Connection refused

(DataCollector_Deterministic.py:2376339): Gdk-CRITICAL **: 18:17:02.540: gdk_cursor_new_for_display: assertion 'GDK_IS_DISPLAY (display)' failed
Unable to init server: Could not connect: Connection refused
Unable to init server: Could not connect: Connection refused

(DataCollector_Deterministic.py:2376393): Gdk-CRITICAL **: 18:17:02.548: gdk_cursor_new_for_display: assertion 'GDK_IS_DISPLAY (display)' failed
Unable to init server: Could not connect: Connection refused

(DataCollector_Deterministic.py:2376445): Gdk-CRITICAL **: 18:17:02.552: gdk_cursor_new_for_display: assertion 'GDK_IS_DISPLAY (display)' failed
Unable to init server: Could not connect: Connection refused
Unable to init server: Could not connect: Connection refused

(DataCollector_Deterministic.py:2376385): Gdk-CRITICAL **: 18:17:02.563: gdk_cursor_new_for_display: assertion 'GDK_IS_DISPLAY (display)' failed
Unable to init server: Could not connect: Connection refused

(DataCollector_Deterministic.py:2376443): Gdk-CRITICAL **: 18:17:02.568: gdk_cursor_new_for_display: assertion 'GDK_IS_DISPLAY (display)' failed
Unable to init server: Could not connect: Connection refused
Unable to init server: Could not connect: Connection refused

(DataCollector_Deterministic.py:2376387): Gdk-CRITICAL **: 18:17:02.588: gdk_cursor_new_for_display: assertion 'GDK_IS_DISPLAY (display)' failed
Unable to init server: Could not connect: Connection refused
Unable to init server: Could not connect: Connection refused

(DataCollector_Deterministic.py:2376323): Gdk-CRITICAL **: 18:17:02.596: gdk_cursor_new_for_display: assertion 'GDK_IS_DISPLAY (display)' failed
Unable to init server: Could not connect: Connection refused

(DataCollector_Deterministic.py:2376410): Gdk-CRITICAL **: 18:17:02.600: gdk_cursor_new_for_display: assertion 'GDK_IS_DISPLAY (display)' failed
Unable to init server: Could not connect: Connection refused

(DataCollector_Deterministic.py:2376365): Gdk-CRITICAL **: 18:17:02.604: gdk_cursor_new_for_display: assertion 'GDK_IS_DISPLAY (display)' failed
Unable to init server: Could not connect: Connection refused
Unable to init server: Could not connect: Connection refused

(DataCollector_Deterministic.py:2376444): Gdk-CRITICAL **: 18:17:02.644: gdk_cursor_new_for_display: assertion 'GDK_IS_DISPLAY (display)' failed
Unable to init server: Could not connect: Connection refused

(DataCollector_Deterministic.py:2376329): Gdk-CRITICAL **: 18:17:02.674: gdk_cursor_new_for_display: assertion 'GDK_IS_DISPLAY (display)' failed
Unable to init server: Could not connect: Connection refused

(DataCollector_Deterministic.py:2376389): Gdk-CRITICAL **: 18:17:02.677: gdk_cursor_new_for_display: assertion 'GDK_IS_DISPLAY (display)' failed
Unable to init server: Could not connect: Connection refused

(DataCollector_Deterministic.py:2376420): Gdk-CRITICAL **: 18:17:02.682: gdk_cursor_new_for_display: assertion 'GDK_IS_DISPLAY (display)' failed
Unable to init server: Could not connect: Connection refused

(DataCollector_Deterministic.py:2376341): Gdk-CRITICAL **: 18:17:02.689: gdk_cursor_new_for_display: assertion 'GDK_IS_DISPLAY (display)' failed
Unable to init server: Could not connect: Connection refused
Unable to init server: Could not connect: Connection refused
Unable to init server: Could not connect: Connection refused

(DataCollector_Deterministic.py:2376260): Gdk-CRITICAL **: 18:17:02.712: gdk_cursor_new_for_display: assertion 'GDK_IS_DISPLAY (display)' failed
Unable to init server: Could not connect: Connection refused
Unable to init server: Could not connect: Connection refused

(DataCollector_Deterministic.py:2376424): Gdk-CRITICAL **: 18:17:02.719: gdk_cursor_new_for_display: assertion 'GDK_IS_DISPLAY (display)' failed
Unable to init server: Could not connect: Connection refused

(DataCollector_Deterministic.py:2376319): Gdk-CRITICAL **: 18:17:02.733: gdk_cursor_new_for_display: assertion 'GDK_IS_DISPLAY (display)' failed

(DataCollector_Deterministic.py:2376418): Gdk-CRITICAL **: 18:17:02.735: gdk_cursor_new_for_display: assertion 'GDK_IS_DISPLAY (display)' failed
Unable to init server: Could not connect: Connection refused

(DataCollector_Deterministic.py:2376291): Gdk-CRITICAL **: 18:17:02.737: gdk_cursor_new_for_display: assertion 'GDK_IS_DISPLAY (display)' failed

(DataCollector_Deterministic.py:2376432): Gdk-CRITICAL **: 18:17:02.360: gdk_cursor_new_for_display: assertion 'GDK_IS_DISPLAY (display)' failed

(DataCollector_Deterministic.py:2376311): Gdk-CRITICAL **: 18:17:02.745: gdk_cursor_new_for_display: assertion 'GDK_IS_DISPLAY (display)' failed

(DataCollector_Deterministic.py:2376349): Gdk-CRITICAL **: 18:17:02.747: gdk_cursor_new_for_display: assertion 'GDK_IS_DISPLAY (display)' failed
Unable to init server: Could not connect: Connection refused

(DataCollector_Deterministic.py:2376434): Gdk-CRITICAL **: 18:17:02.752: gdk_cursor_new_for_display: assertion 'GDK_IS_DISPLAY (display)' failed
Unable to init server: Could not connect: Connection refused

(DataCollector_Deterministic.py:2376399): Gdk-CRITICAL **: 18:17:02.755: gdk_cursor_new_for_display: assertion 'GDK_IS_DISPLAY (display)' failed
Unable to init server: Could not connect: Connection refused
Unable to init server: Could not connect: Connection refused

(DataCollector_Deterministic.py:2376397): Gdk-CRITICAL **: 18:17:02.763: gdk_cursor_new_for_display: assertion 'GDK_IS_DISPLAY (display)' failed
Unable to init server: Could not connect: Connection refused

(DataCollector_Deterministic.py:2376282): Gdk-CRITICAL **: 18:17:02.766: gdk_cursor_new_for_display: assertion 'GDK_IS_DISPLAY (display)' failed
Unable to init server: Could not connect: Connection refused

(DataCollector_Deterministic.py:2376392): Gdk-CRITICAL **: 18:17:02.770: gdk_cursor_new_for_display: assertion 'GDK_IS_DISPLAY (display)' failed

(DataCollector_Deterministic.py:2376325): Gdk-CRITICAL **: 18:17:02.771: gdk_cursor_new_for_display: assertion 'GDK_IS_DISPLAY (display)' failed
Unable to init server: Could not connect: Connection refused

(DataCollector_Deterministic.py:2376266): Gdk-CRITICAL **: 18:17:02.776: gdk_cursor_new_for_display: assertion 'GDK_IS_DISPLAY (display)' failed
Unable to init server: Could not connect: Connection refused

(DataCollector_Deterministic.py:2376369): Gdk-CRITICAL **: 18:17:02.784: gdk_cursor_new_for_display: assertion 'GDK_IS_DISPLAY (display)' failed
Unable to init server: Could not connect: Connection refused

(DataCollector_Deterministic.py:2376442): Gdk-CRITICAL **: 18:17:02.787: gdk_cursor_new_for_display: assertion 'GDK_IS_DISPLAY (display)' failed
Unable to init server: Could not connect: Connection refused

(DataCollector_Deterministic.py:2376403): Gdk-CRITICAL **: 18:17:02.791: gdk_cursor_new_for_display: assertion 'GDK_IS_DISPLAY (display)' failed
Unable to init server: Could not connect: Connection refused

(DataCollector_Deterministic.py:2376313): Gdk-CRITICAL **: 18:17:02.792: gdk_cursor_new_for_display: assertion 'GDK_IS_DISPLAY (display)' failed

(DataCollector_Deterministic.py:2376436): Gdk-CRITICAL **: 18:17:02.794: gdk_cursor_new_for_display: assertion 'GDK_IS_DISPLAY (display)' failed
Unable to init server: Could not connect: Connection refused

(DataCollector_Deterministic.py:2376377): Gdk-CRITICAL **: 18:17:02.801: gdk_cursor_new_for_display: assertion 'GDK_IS_DISPLAY (display)' failed
Unable to init server: Could not connect: Connection refused

(DataCollector_Deterministic.py:2376353): Gdk-CRITICAL **: 18:17:02.804: gdk_cursor_new_for_display: assertion 'GDK_IS_DISPLAY (display)' failed
Unable to init server: Could not connect: Connection refused

(DataCollector_Deterministic.py:2376303): Gdk-CRITICAL **: 18:17:02.806: gdk_cursor_new_for_display: assertion 'GDK_IS_DISPLAY (display)' failed
Unable to init server: Could not connect: Connection refused

(DataCollector_Deterministic.py:2376383): Gdk-CRITICAL **: 18:17:02.810: gdk_cursor_new_for_display: assertion 'GDK_IS_DISPLAY (display)' failed
Unable to init server: Could not connect: Connection refused

(DataCollector_Deterministic.py:2376345): Gdk-CRITICAL **: 18:17:02.812: gdk_cursor_new_for_display: assertion 'GDK_IS_DISPLAY (display)' failed
Unable to init server: Could not connect: Connection refused

(DataCollector_Deterministic.py:2376375): Gdk-CRITICAL **: 18:17:02.817: gdk_cursor_new_for_display: assertion 'GDK_IS_DISPLAY (display)' failed
Unable to init server: Could not connect: Connection refused

(DataCollector_Deterministic.py:2376335): Gdk-CRITICAL **: 18:17:02.823: gdk_cursor_new_for_display: assertion 'GDK_IS_DISPLAY (display)' failed

(DataCollector_Deterministic.py:2376305): Gdk-CRITICAL **: 18:17:02.829: gdk_cursor_new_for_display: assertion 'GDK_IS_DISPLAY (display)' failed
Unable to init server: Could not connect: Connection refused

(DataCollector_Deterministic.py:2376438): Gdk-CRITICAL **: 18:17:02.832: gdk_cursor_new_for_display: assertion 'GDK_IS_DISPLAY (display)' failed
Unable to init server: Could not connect: Connection refused

(DataCollector_Deterministic.py:2376274): Gdk-CRITICAL **: 18:17:02.838: gdk_cursor_new_for_display: assertion 'GDK_IS_DISPLAY (display)' failed
Unable to init server: Could not connect: Connection refused

(DataCollector_Deterministic.py:2376321): Gdk-CRITICAL **: 18:17:02.843: gdk_cursor_new_for_display: assertion 'GDK_IS_DISPLAY (display)' failed
Unable to init server: Could not connect: Connection refused

(DataCollector_Deterministic.py:2376441): Gdk-CRITICAL **: 18:17:02.848: gdk_cursor_new_for_display: assertion 'GDK_IS_DISPLAY (display)' failed
Unable to init server: Could not connect: Connection refused

(DataCollector_Deterministic.py:2376317): Gdk-CRITICAL **: 18:17:02.849: gdk_cursor_new_for_display: assertion 'GDK_IS_DISPLAY (display)' failed
Unable to init server: Could not connect: Connection refused

(DataCollector_Deterministic.py:2376285): Gdk-CRITICAL **: 18:17:02.852: gdk_cursor_new_for_display: assertion 'GDK_IS_DISPLAY (display)' failed
Unable to init server: Could not connect: Connection refused

(DataCollector_Deterministic.py:2376414): Gdk-CRITICAL **: 18:17:02.861: gdk_cursor_new_for_display: assertion 'GDK_IS_DISPLAY (display)' failed
Unable to init server: Could not connect: Connection refused

(DataCollector_Deterministic.py:2376301): Gdk-CRITICAL **: 18:17:02.871: gdk_cursor_new_for_display: assertion 'GDK_IS_DISPLAY (display)' failed

(DataCollector_Deterministic.py:2376351): Gdk-CRITICAL **: 18:17:02.891: gdk_cursor_new_for_display: assertion 'GDK_IS_DISPLAY (display)' failed
Unable to init server: Could not connect: Connection refused

(DataCollector_Deterministic.py:2376309): Gdk-CRITICAL **: 18:17:02.898: gdk_cursor_new_for_display: assertion 'GDK_IS_DISPLAY (display)' failed
Unable to init server: Could not connect: Connection refused

(DataCollector_Deterministic.py:2376272): Gdk-CRITICAL **: 18:17:02.907: gdk_cursor_new_for_display: assertion 'GDK_IS_DISPLAY (display)' failed

(DataCollector_Deterministic.py:2376331): Gdk-CRITICAL **: 18:17:02.909: gdk_cursor_new_for_display: assertion 'GDK_IS_DISPLAY (display)' failed
Unable to init server: Could not connect: Connection refused

(DataCollector_Deterministic.py:2376292): Gdk-CRITICAL **: 18:17:02.913: gdk_cursor_new_for_display: assertion 'GDK_IS_DISPLAY (display)' failed
Unable to init server: Could not connect: Connection refused

(DataCollector_Deterministic.py:2376367): Gdk-CRITICAL **: 18:17:02.919: gdk_cursor_new_for_display: assertion 'GDK_IS_DISPLAY (display)' failed

(DataCollector_Deterministic.py:2376446): Gdk-CRITICAL **: 18:17:02.932: gdk_cursor_new_for_display: assertion 'GDK_IS_DISPLAY (display)' failed

(DataCollector_Deterministic.py:2376379): Gdk-CRITICAL **: 18:17:02.944: gdk_cursor_new_for_display: assertion 'GDK_IS_DISPLAY (display)' failed
Unable to init server: Could not connect: Connection refused

(DataCollector_Deterministic.py:2376428): Gdk-CRITICAL **: 18:17:02.950: gdk_cursor_new_for_display: assertion 'GDK_IS_DISPLAY (display)' failed
Unable to init server: Could not connect: Connection refused
Unable to init server: Could not connect: Connection refused

(DataCollector_Deterministic.py:2376440): Gdk-CRITICAL **: 18:17:02.964: gdk_cursor_new_for_display: assertion 'GDK_IS_DISPLAY (display)' failed
Unable to init server: Could not connect: Connection refused

(DataCollector_Deterministic.py:2376416): Gdk-CRITICAL **: 18:17:02.982: gdk_cursor_new_for_display: assertion 'GDK_IS_DISPLAY (display)' failed
Unable to init server: Could not connect: Connection refused

(DataCollector_Deterministic.py:2376299): Gdk-CRITICAL **: 18:17:02.985: gdk_cursor_new_for_display: assertion 'GDK_IS_DISPLAY (display)' failed
Unable to init server: Could not connect: Connection refused

(DataCollector_Deterministic.py:2376371): Gdk-CRITICAL **: 18:17:02.990: gdk_cursor_new_for_display: assertion 'GDK_IS_DISPLAY (display)' failed
Unable to init server: Could not connect: Connection refused

(DataCollector_Deterministic.py:2376406): Gdk-CRITICAL **: 18:17:02.996: gdk_cursor_new_for_display: assertion 'GDK_IS_DISPLAY (display)' failed
Unable to init server: Could not connect: Connection refused
Unable to init server: Could not connect: Connection refused

(DataCollector_Deterministic.py:2376361): Gdk-CRITICAL **: 18:17:03.039: gdk_cursor_new_for_display: assertion 'GDK_IS_DISPLAY (display)' failed
Unable to init server: Could not connect: Connection refused

(DataCollector_Deterministic.py:2376359): Gdk-CRITICAL **: 18:17:03.046: gdk_cursor_new_for_display: assertion 'GDK_IS_DISPLAY (display)' failed
Unable to init server: Could not connect: Connection refused

(DataCollector_Deterministic.py:2376276): Gdk-CRITICAL **: 18:17:03.053: gdk_cursor_new_for_display: assertion 'GDK_IS_DISPLAY (display)' failed
Unable to init server: Could not connect: Connection refused

(DataCollector_Deterministic.py:2376258): Gdk-CRITICAL **: 18:17:03.065: gdk_cursor_new_for_display: assertion 'GDK_IS_DISPLAY (display)' failed
Unable to init server: Could not connect: Connection refused
Unable to init server: Could not connect: Connection refused

(DataCollector_Deterministic.py:2376426): Gdk-CRITICAL **: 18:17:03.115: gdk_cursor_new_for_display: assertion 'GDK_IS_DISPLAY (display)' failed
Unable to init server: Could not connect: Connection refused

(DataCollector_Deterministic.py:2376281): Gdk-CRITICAL **: 18:17:03.126: gdk_cursor_new_for_display: assertion 'GDK_IS_DISPLAY (display)' failed
Unable to init server: Could not connect: Connection refused

(DataCollector_Deterministic.py:2376268): Gdk-CRITICAL **: 18:17:03.170: gdk_cursor_new_for_display: assertion 'GDK_IS_DISPLAY (display)' failed
Unable to init server: Could not connect: Connection refused

(DataCollector_Deterministic.py:2376401): Gdk-CRITICAL **: 18:17:03.253: gdk_cursor_new_for_display: assertion 'GDK_IS_DISPLAY (display)' failed
Unable to init server: Could not connect: Connection refused

(DataCollector_Deterministic.py:2376373): Gdk-CRITICAL **: 18:17:03.382: gdk_cursor_new_for_display: assertion 'GDK_IS_DISPLAY (display)' failed
Unable to init server: Could not connect: Connection refused

(DataCollector_Deterministic.py:2376327): Gdk-CRITICAL **: 18:17:03.403: gdk_cursor_new_for_display: assertion 'GDK_IS_DISPLAY (display)' failed
Unable to init server: Could not connect: Connection refused

(DataCollector_Deterministic.py:2376381): Gdk-CRITICAL **: 18:17:03.449: gdk_cursor_new_for_display: assertion 'GDK_IS_DISPLAY (display)' failed

(DataCollector_Deterministic.py:2376270): Gdk-CRITICAL **: 18:17:03.501: gdk_cursor_new_for_display: assertion 'GDK_IS_DISPLAY (display)' failed

(DataCollector_Deterministic.py:2376430): Gdk-CRITICAL **: 18:17:03.733: gdk_cursor_new_for_display: assertion 'GDK_IS_DISPLAY (display)' failed

(DataCollector_Deterministic.py:2376447): Gdk-CRITICAL **: 18:17:03.792: gdk_cursor_new_for_display: assertion 'GDK_IS_DISPLAY (display)' failed
Unable to init server: Could not connect: Connection refused

(DataCollector_Deterministic.py:2376262): Gdk-CRITICAL **: 18:17:03.857: gdk_cursor_new_for_display: assertion 'GDK_IS_DISPLAY (display)' failed
Unable to init server: Could not connect: Connection refused

(DataCollector_Deterministic.py:2376363): Gdk-CRITICAL **: 18:17:03.884: gdk_cursor_new_for_display: assertion 'GDK_IS_DISPLAY (display)' failed
Unable to init server: Could not connect: Connection refused
Unable to init server: Could not connect: Connection refused

(DataCollector_Deterministic.py:2376287): Gdk-CRITICAL **: 18:17:04.049: gdk_cursor_new_for_display: assertion 'GDK_IS_DISPLAY (display)' failed
Unable to init server: Could not connect: Connection refused

(DataCollector_Deterministic.py:2376355): Gdk-CRITICAL **: 18:17:04.113: gdk_cursor_new_for_display: assertion 'GDK_IS_DISPLAY (display)' failed
Unable to init server: Could not connect: Connection refused

(DataCollector_Deterministic.py:2376408): Gdk-CRITICAL **: 18:17:04.135: gdk_cursor_new_for_display: assertion 'GDK_IS_DISPLAY (display)' failed
Unable to init server: Could not connect: Connection refused

(DataCollector_Deterministic.py:2376333): Gdk-CRITICAL **: 18:17:04.276: gdk_cursor_new_for_display: assertion 'GDK_IS_DISPLAY (display)' failed
Unable to init server: Could not connect: Connection refused

(DataCollector_Deterministic.py:2376439): Gdk-CRITICAL **: 18:17:04.312: gdk_cursor_new_for_display: assertion 'GDK_IS_DISPLAY (display)' failed
Unable to init server: Could not connect: Connection refused

(DataCollector_Deterministic.py:2376289): Gdk-CRITICAL **: 18:17:04.407: gdk_cursor_new_for_display: assertion 'GDK_IS_DISPLAY (display)' failed
Unable to init server: Could not connect: Connection refused

(DataCollector_Deterministic.py:2376448): Gdk-CRITICAL **: 18:17:04.556: gdk_cursor_new_for_display: assertion 'GDK_IS_DISPLAY (display)' failed
Unable to init server: Could not connect: Connection refused

(DataCollector_Deterministic.py:2376264): Gdk-CRITICAL **: 18:17:04.686: gdk_cursor_new_for_display: assertion 'GDK_IS_DISPLAY (display)' failed

(DataCollector_Deterministic.py:2376295): Gdk-CRITICAL **: 18:17:04.717: gdk_cursor_new_for_display: assertion 'GDK_IS_DISPLAY (display)' failed
Unable to init server: Could not connect: Connection refused

(DataCollector_Deterministic.py:2376395): Gdk-CRITICAL **: 18:17:04.839: gdk_cursor_new_for_display: assertion 'GDK_IS_DISPLAY (display)' failed
Initalising...
Running Sim...

Data Dump...
Initalising...
Running Sim...

Data Dump...
Initalising...
Running Sim...

Data Dump...
Initalising...
Running Sim...

Data Dump...
Initalising...
Running Sim...

Data Dump...
Initalising...
Running Sim...

Data Dump...
Initalising...
Running Sim...

Data Dump...
Initalising...
Running Sim...

Data Dump...
Initalising...
Running Sim...

Data Dump...
Initalising...
Running Sim...

Data Dump...
Initalising...
Running Sim...

Data Dump...
Initalising...
Running Sim...

Data Dump...
Initalising...
Running Sim...
.Initalising...
Running Sim...
.Initalising...
Running Sim...
.Initalising...
Running Sim...
.Initalising...
Running Sim...
.Initalising...
Running Sim...
.Initalising...
Running Sim...
.Initalising...
Running Sim...
.Initalising...
Running Sim...
.Initalising...
Running Sim...
.Initalising...
Running Sim...
.Initalising...
Running Sim...
.Initalising...
Running Sim...
.Initalising...
Running Sim...
.Initalising...
Running Sim...
.Initalising...
Running Sim...
.Initalising...
Running Sim...
.Initalising...
Running Sim...
.Initalising...
Running Sim...
.Initalising...
Running Sim...
.Initalising...
Running Sim...
.Initalising...
Running Sim...
.Initalising...
Running Sim...
.Initalising...
Running Sim...
.Initalising...
Running Sim...
.Initalising...
Running Sim...
.Initalising...
Running Sim...
.Initalising...
Running Sim...
.Initalising...
Running Sim...
.Initalising...
Running Sim...
.Initalising...
Running Sim...
.Initalising...
Running Sim...
.Initalising...
Running Sim...
.Initalising...
Running Sim...
.Initalising...
Running Sim...
.Initalising...
Running Sim...
.Initalising...
Running Sim...
.Initalising...
Running Sim...
.Initalising...
Running Sim...
.Initalising...
Running Sim...
.Initalising...
Running Sim...
.Initalising...
Running Sim...
.Initalising...
Running Sim...
.Initalising...
Running Sim...
.Initalising...
Running Sim...
.Initalising...
Running Sim...
.Initalising...
Running Sim...
.Initalising...
Running Sim...
.Initalising...
Running Sim...
.Initalising...
Running Sim...
.Initalising...
Running Sim...
.Initalising...
Running Sim...
.Initalising...
Running Sim...
.Initalising...
Running Sim...
.Initalising...
Running Sim...
.Initalising...
Running Sim...
.Initalising...
Running Sim...
.Initalising...
Running Sim...
.Initalising...
Running Sim...
.Initalising...
Running Sim...
.Initalising...
Running Sim...
.Initalising...
Running Sim...
.Initalising...
Running Sim...
.Initalising...
Running Sim...
.Initalising...
Running Sim...
.Initalising...
Running Sim...
.Initalising...
Running Sim...
.Initalising...
Running Sim...
.Initalising...
Running Sim...
.Initalising...
Running Sim...
.Initalising...
Running Sim...
.Initalising...
Running Sim...
.Initalising...
Running Sim...
.Initalising...
Running Sim...
.Initalising...
Running Sim...
.Initalising...
Running Sim...
.Initalising...
Running Sim...
.Initalising...
Running Sim...
.Initalising...
Running Sim...
.Initalising...
Running Sim...
.Initalising...
Running Sim...
.Initalising...
Running Sim...
.Initalising...
Running Sim...
.Initalising...
Running Sim...
.Initalising...
Running Sim...
.Initalising...
Running Sim...
.Initalising...
Running Sim...
.Initalising...
Running Sim...
......................................................................................................................................................................................................................................................................................................................................................................................................................................................................................................................................................................................................................................................................................................................................................................................................
[9123 1731]
...
[1693 9131]
.
[1760 9140]
.
[1740 9124]
.
[1716 9116]
.
[1702 9129]
..
[1725 9134]
.
[1672 9169]
.
[1691 9180]
.
[9118 1775]
..
[1693 9176]
..
[1740 9112]
..
[1715 9125]
...
[1679 9186]
.
[1736 9127]
...
[1747 9124]
.
[1728 9160]
..
[1704 9111]
.
[1763 9146]
.
[1728 9122]
.
[1671 9204]
.
[1752 9116]
.
[1734 9115]
.
[1753 9116]
..
[1678 9177]
...
[1843 8979]
..
[1802 9116]
..
[1848 9017]
.
[1777 9095]
.
[1840 9043]
...
[1757 9101]
.
[1739 9129]
.
[1773 9116]
.
[1709 9126]
.
[9044 1807]
.
[1711 9148]
.
[1698 9142]
.
[1725 9123]
.
[1808 9039]
.
[1773 9042]
.
[1933 8858]
.
[1739 9132]
.
[1736 9116]
.
[1751 9085]
.
[1750 9085]
.
[1748 9137]
.
[1900 8946]
.
[2012 8797]
.
[1882 9006]
.
[2117 8719]
.
[2250 8586]
.
[1955 8926]
.
[1914 8911]
..
[1928 8904]
.
[2090 8719]
.
[2044 8744]
.
[2271 8531]
.
[1723 9138]
.
[1766 9035]
.
[2067 8713]
.
[2298 8497]
.
[2247 8535]
.
[1906 8897]
.
[1705 9142]
....
[1935 8860]
.
[2125 8685]
.........
[2743 8022]
.
[2704 8086]
...
[3079 7675]
............
[2985 7716]
..........
[3482 7305]
.........
[3390 7371]
......
[3536 7164]
........
[6827 3894]
..
[6562 4155]
......
[4128 6651]
.
[6498 4224]
......
[3894 6799]
....
[5859 4861]
...
[5691 4998]
...
[3875 6825]
...
[4022 6715]
..
[4341 6362]
.
[5020 5698]
...
[5073 5592]
.
[4783 5912]
.
[5550 5169]
.................
[4534 6099]
...........................................................................................................................................................................................................................................................................................................................
Data Dump...
........
Data Dump...

Data Dump...

Data Dump...
...
Data Dump...
....
Data Dump...
.
Data Dump...
..
Data Dump...
.....
Data Dump...
...............
Data Dump...
.....
Data Dump...
.........................................................................................
[  43 4552]
..........
[  36 4507]
.
[  41 4378]
..........................
[  68 4238]
.....................
[  59 4225]
..........................
[  65 4141]
..
[  51 4208]
...........
[  62 4073]
.
[  59 4083]
...
[  70 4124]
...
[  73 4022]
...........
[  62 4084]
.
[  55 3978]
.
[  71 4003]
............
[  91 3900]
..
[  63 3981]
...............
[  92 3939]
.........
[  83 3901]
..
[ 102 3862]
.....
[  84 3799]
..
[  75 3837]
....
[  71 3851]
...
[  61 3968]
...
[  83 3841]
...........
[  93 3789]
.
[  98 3661]
...
[ 119 3702]
...
[ 125 3663]
.......
[ 113 3647]
........
[ 102 3643]
....
[  96 3643]
......
[ 107 3603]
......
[3502  150]
........
[ 131 3521]
..............
[ 130 3436]
.......
[ 135 3504]
..................
[ 124 3469]
.................
[ 144 3392]
....
[ 214 3198]
..
[ 149 3352]
..
[ 162 3402]
...
[ 208 3263]
...
[ 183 3331]
.........
[ 165 3333]
...........
[ 239 3121]
...
[ 210 3247]
..............
[ 280 3069]
.....
[ 183 3297]
.......
[ 255 3151]
..
[ 224 3078]
..........
[ 221 3037]
.....
Data Dump...

[ 268 2990]
...........
[ 284 2979]
.........
[ 260 2997]
.............
[ 253 3056]
...................
Data Dump...

Data Dump...
..................................
[ 397 2789]
.
[ 439 2740]
...................................
[ 32 315]

Data Dump...
......
[ 544 2579]
...................
[ 36 277]

Data Dump...

[ 521 2536]
...........
[ 693 2345]
.............
[ 640 2412]
..................................
[ 681 2254]
................
[2068  938]
......
[ 38 266]

Data Dump...
..
[ 24 290]

Data Dump...
...
[ 31 261]

Data Dump...

[ 840 2083]
.
[ 782 2157]
..............
[1868 1032]
....
[1992 1015]
......
[ 892 2091]
.
[ 987 1948]
.
[ 37 272]

Data Dump...
......
[ 40 274]

Data Dump...

[ 29 261]

Data Dump...
.
[ 948 2057]
.......
[1555 1301]
...
[1571 1349]
...
[ 37 273]

Data Dump...
.
[1187 1729]
.
[ 25 272]

Data Dump...
..........
[ 31 256]

Data Dump...

[1247 1625]
.
[1251 1577]
..........
[1470 1438]
.......
[1102 1737]
...
[ 34 264]

Data Dump...

[ 34 255]
......
Data Dump...
......................................
[ 37 250]
...
[ 29 237]

Data Dump...
.
[ 33 276]
.....
Data Dump...

[ 41 235]
.
[ 31 237]
.
[ 42 223]
..
Data Dump...
.
[ 39 222]
..
Data Dump...
....
Data Dump...

Data Dump...

[ 32 226]
......
Data Dump...
..
Data Dump...
........................
[ 37 232]
.....
[ 45 186]
.....
[ 42 239]
.....
Data Dump...
.
[ 34 222]
....
Data Dump...
.......
Data Dump...

[ 40 226]
....
[ 41 242]
......
Data Dump...
............
Data Dump...
..
[ 31 196]
..
Data Dump...

[ 32 219]
.......
[ 39 230]
..
[210  49]
.........
Data Dump...
.
Data Dump...
......
[ 38 209]
.....
Data Dump...
.......
Data Dump...
.
[ 26 227]
........
Data Dump...
...
[ 41 204]
..........
Data Dump...
...................
[ 35 216]
....
[ 35 178]
.
[ 44 195]
..
Data Dump...
..
[ 39 186]
.
[ 45 222]
.....
[ 42 202]
....
[ 46 164]
.........
Data Dump...
.
[ 56 199]
.......
[ 46 204]
.....
Data Dump...

Data Dump...
...
Data Dump...
....
[ 57 171]
.
[ 51 216]
.
Data Dump...
...
Data Dump...

Data Dump...

[ 53 225]
..
[ 50 205]
.......
[ 72 195]
.......
Data Dump...

Data Dump...

[ 53 163]
.....
Data Dump...
......
[ 59 168]
..
Data Dump...
.....
Data Dump...

[ 53 164]
.
Data Dump...
..
[ 46 191]
......
Data Dump...
..
Data Dump...
.............
Data Dump...
..
[ 67 181]
.
Data Dump...
....
Data Dump...
.
[ 53 151]
...............
[ 61 173]
.....
[ 78 137]
..
[ 78 163]
....
Data Dump...
......
[ 64 175]
..
Data Dump...
..............
[ 73 144]
..
[121  84]
..
Data Dump...
....
[ 78 130]
.
Data Dump...
..
[ 87 150]
...
Data Dump...

[122  96]
...
[131  95]
...
[ 72 123]
.
Data Dump...

[124 104]
.
[ 79 150]
..
[109  94]
...
[ 99 113]
.
[ 90 125]
..
[ 86 114]
....
[ 99 115]
....
[114 112]
.
Data Dump...
..
Data Dump...
.
[ 74 120]
...
Data Dump...
..
Data Dump...
.....
Data Dump...
..
Data Dump...

Data Dump...

Data Dump...
.
Data Dump...
...
Data Dump...
..
Data Dump...

Data Dump...

Data Dump...
.
Data Dump...

Data Dump...

Data Dump...
Low 2 7
Done
