Unable to init server: Could not connect: Connection refused
Unable to init server: Could not connect: Connection refused

(DataCollector_Deterministic.py:3127203): Gdk-CRITICAL **: 18:08:51.856: gdk_cursor_new_for_display: assertion 'GDK_IS_DISPLAY (display)' failed
Unable to init server: Could not connect: Connection refused
Unable to init server: Could not connect: Connection refused
Unable to init server: Could not connect: Connection refused
Unable to init server: Could not connect: Connection refused
Unable to init server: Could not connect: Connection refused
Unable to init server: Could not connect: Connection refused
Unable to init server: Could not connect: Connection refused
Unable to init server: Could not connect: Connection refused
Unable to init server: Could not connect: Connection refused
Unable to init server: Could not connect: Connection refused
Unable to init server: Could not connect: Connection refused
Unable to init server: Could not connect: Connection refused
Unable to init server: Could not connect: Connection refused
Unable to init server: Could not connect: Connection refused
Unable to init server: Could not connect: Connection refused
Unable to init server: Could not connect: Connection refused
Unable to init server: Could not connect: Connection refused

(DataCollector_Deterministic.py:3127207): Gdk-CRITICAL **: 18:08:53.793: gdk_cursor_new_for_display: assertion 'GDK_IS_DISPLAY (display)' failed
Unable to init server: Could not connect: Connection refused
Unable to init server: Could not connect: Connection refused
Unable to init server: Could not connect: Connection refused
Unable to init server: Could not connect: Connection refused
Unable to init server: Could not connect: Connection refused
Unable to init server: Could not connect: Connection refused

(DataCollector_Deterministic.py:3126794): Gdk-CRITICAL **: 18:08:53.985: gdk_cursor_new_for_display: assertion 'GDK_IS_DISPLAY (display)' failed
Unable to init server: Could not connect: Connection refused
Unable to init server: Could not connect: Connection refused

(DataCollector_Deterministic.py:3127228): Gdk-CRITICAL **: 18:08:54.048: gdk_cursor_new_for_display: assertion 'GDK_IS_DISPLAY (display)' failed
Unable to init server: Could not connect: Connection refused

(DataCollector_Deterministic.py:3126924): Gdk-CRITICAL **: 18:08:54.094: gdk_cursor_new_for_display: assertion 'GDK_IS_DISPLAY (display)' failed
Unable to init server: Could not connect: Connection refused

(DataCollector_Deterministic.py:3126866): Gdk-CRITICAL **: 18:08:54.178: gdk_cursor_new_for_display: assertion 'GDK_IS_DISPLAY (display)' failed
Unable to init server: Could not connect: Connection refused

(DataCollector_Deterministic.py:3126778): Gdk-CRITICAL **: 18:08:54.201: gdk_cursor_new_for_display: assertion 'GDK_IS_DISPLAY (display)' failed
Unable to init server: Could not connect: Connection refused

(DataCollector_Deterministic.py:3126847): Gdk-CRITICAL **: 18:08:54.231: gdk_cursor_new_for_display: assertion 'GDK_IS_DISPLAY (display)' failed
Unable to init server: Could not connect: Connection refused

(DataCollector_Deterministic.py:3127252): Gdk-CRITICAL **: 18:08:54.247: gdk_cursor_new_for_display: assertion 'GDK_IS_DISPLAY (display)' failed
Unable to init server: Could not connect: Connection refused
Unable to init server: Could not connect: Connection refused
Unable to init server: Could not connect: Connection refused
Unable to init server: Could not connect: Connection refused
Unable to init server: Could not connect: Connection refused
Unable to init server: Could not connect: Connection refused
Unable to init server: Could not connect: Connection refused
Unable to init server: Could not connect: Connection refused
Unable to init server: Could not connect: Connection refused
Unable to init server: Could not connect: Connection refused
Unable to init server: Could not connect: Connection refused
Unable to init server: Could not connect: Connection refused

(DataCollector_Deterministic.py:3126914): Gdk-CRITICAL **: 18:08:54.900: gdk_cursor_new_for_display: assertion 'GDK_IS_DISPLAY (display)' failed
Unable to init server: Could not connect: Connection refused

(DataCollector_Deterministic.py:3127250): Gdk-CRITICAL **: 18:08:54.923: gdk_cursor_new_for_display: assertion 'GDK_IS_DISPLAY (display)' failed
Unable to init server: Could not connect: Connection refused
Unable to init server: Could not connect: Connection refused

(DataCollector_Deterministic.py:3127241): Gdk-CRITICAL **: 18:08:55.098: gdk_cursor_new_for_display: assertion 'GDK_IS_DISPLAY (display)' failed
Unable to init server: Could not connect: Connection refused

(DataCollector_Deterministic.py:3127290): Gdk-CRITICAL **: 18:08:55.145: gdk_cursor_new_for_display: assertion 'GDK_IS_DISPLAY (display)' failed
Unable to init server: Could not connect: Connection refused

(DataCollector_Deterministic.py:3127247): Gdk-CRITICAL **: 18:08:55.195: gdk_cursor_new_for_display: assertion 'GDK_IS_DISPLAY (display)' failed
Unable to init server: Could not connect: Connection refused
Unable to init server: Could not connect: Connection refused

(DataCollector_Deterministic.py:3127260): Gdk-CRITICAL **: 18:08:55.269: gdk_cursor_new_for_display: assertion 'GDK_IS_DISPLAY (display)' failed
Unable to init server: Could not connect: Connection refused

(DataCollector_Deterministic.py:3127266): Gdk-CRITICAL **: 18:08:55.313: gdk_cursor_new_for_display: assertion 'GDK_IS_DISPLAY (display)' failed
Unable to init server: Could not connect: Connection refused

(DataCollector_Deterministic.py:3127199): Gdk-CRITICAL **: 18:08:55.331: gdk_cursor_new_for_display: assertion 'GDK_IS_DISPLAY (display)' failed
Unable to init server: Could not connect: Connection refused
Unable to init server: Could not connect: Connection refused
Unable to init server: Could not connect: Connection refused

(DataCollector_Deterministic.py:3127288): Gdk-CRITICAL **: 18:08:55.556: gdk_cursor_new_for_display: assertion 'GDK_IS_DISPLAY (display)' failed
Unable to init server: Could not connect: Connection refused

(DataCollector_Deterministic.py:3127280): Gdk-CRITICAL **: 18:08:55.560: gdk_cursor_new_for_display: assertion 'GDK_IS_DISPLAY (display)' failed
Unable to init server: Could not connect: Connection refused
Unable to init server: Could not connect: Connection refused
Unable to init server: Could not connect: Connection refused

(DataCollector_Deterministic.py:3127285): Gdk-CRITICAL **: 18:08:55.617: gdk_cursor_new_for_display: assertion 'GDK_IS_DISPLAY (display)' failed
Unable to init server: Could not connect: Connection refused
Unable to init server: Could not connect: Connection refused
Unable to init server: Could not connect: Connection refused
Unable to init server: Could not connect: Connection refused

(DataCollector_Deterministic.py:3127314): Gdk-CRITICAL **: 18:08:55.818: gdk_cursor_new_for_display: assertion 'GDK_IS_DISPLAY (display)' failed
Unable to init server: Could not connect: Connection refused

(DataCollector_Deterministic.py:3127221): Gdk-CRITICAL **: 18:08:55.830: gdk_cursor_new_for_display: assertion 'GDK_IS_DISPLAY (display)' failed
Unable to init server: Could not connect: Connection refused

(DataCollector_Deterministic.py:3127333): Gdk-CRITICAL **: 18:08:55.924: gdk_cursor_new_for_display: assertion 'GDK_IS_DISPLAY (display)' failed
Unable to init server: Could not connect: Connection refused

(DataCollector_Deterministic.py:3127312): Gdk-CRITICAL **: 18:08:55.939: gdk_cursor_new_for_display: assertion 'GDK_IS_DISPLAY (display)' failed
Unable to init server: Could not connect: Connection refused

(DataCollector_Deterministic.py:3127327): Gdk-CRITICAL **: 18:08:55.949: gdk_cursor_new_for_display: assertion 'GDK_IS_DISPLAY (display)' failed
Unable to init server: Could not connect: Connection refused
Unable to init server: Could not connect: Connection refused
Unable to init server: Could not connect: Connection refused
Unable to init server: Could not connect: Connection refused
Unable to init server: Could not connect: Connection refused
Unable to init server: Could not connect: Connection refused

(DataCollector_Deterministic.py:3127332): Gdk-CRITICAL **: 18:08:56.080: gdk_cursor_new_for_display: assertion 'GDK_IS_DISPLAY (display)' failed
Unable to init server: Could not connect: Connection refused

(DataCollector_Deterministic.py:3127318): Gdk-CRITICAL **: 18:08:56.104: gdk_cursor_new_for_display: assertion 'GDK_IS_DISPLAY (display)' failed
Unable to init server: Could not connect: Connection refused

(DataCollector_Deterministic.py:3127340): Gdk-CRITICAL **: 18:08:56.170: gdk_cursor_new_for_display: assertion 'GDK_IS_DISPLAY (display)' failed
Unable to init server: Could not connect: Connection refused

(DataCollector_Deterministic.py:3127329): Gdk-CRITICAL **: 18:08:56.187: gdk_cursor_new_for_display: assertion 'GDK_IS_DISPLAY (display)' failed
Unable to init server: Could not connect: Connection refused

(DataCollector_Deterministic.py:3127298): Gdk-CRITICAL **: 18:08:56.196: gdk_cursor_new_for_display: assertion 'GDK_IS_DISPLAY (display)' failed
Unable to init server: Could not connect: Connection refused
Unable to init server: Could not connect: Connection refused

(DataCollector_Deterministic.py:3127347): Gdk-CRITICAL **: 18:08:56.295: gdk_cursor_new_for_display: assertion 'GDK_IS_DISPLAY (display)' failed
Unable to init server: Could not connect: Connection refused
Unable to init server: Could not connect: Connection refused
Unable to init server: Could not connect: Connection refused

(DataCollector_Deterministic.py:3127306): Gdk-CRITICAL **: 18:08:56.340: gdk_cursor_new_for_display: assertion 'GDK_IS_DISPLAY (display)' failed
Unable to init server: Could not connect: Connection refused
Unable to init server: Could not connect: Connection refused

(DataCollector_Deterministic.py:3127336): Gdk-CRITICAL **: 18:08:56.555: gdk_cursor_new_for_display: assertion 'GDK_IS_DISPLAY (display)' failed
Unable to init server: Could not connect: Connection refused
Unable to init server: Could not connect: Connection refused

(DataCollector_Deterministic.py:3127345): Gdk-CRITICAL **: 18:08:56.566: gdk_cursor_new_for_display: assertion 'GDK_IS_DISPLAY (display)' failed
Unable to init server: Could not connect: Connection refused
Unable to init server: Could not connect: Connection refused
Unable to init server: Could not connect: Connection refused
Unable to init server: Could not connect: Connection refused
Unable to init server: Could not connect: Connection refused
Unable to init server: Could not connect: Connection refused
Unable to init server: Could not connect: Connection refused
Unable to init server: Could not connect: Connection refused
Unable to init server: Could not connect: Connection refused
Unable to init server: Could not connect: Connection refused
Unable to init server: Could not connect: Connection refused
Unable to init server: Could not connect: Connection refused
Unable to init server: Could not connect: Connection refused
Unable to init server: Could not connect: Connection refused
Unable to init server: Could not connect: Connection refused
Unable to init server: Could not connect: Connection refused
Unable to init server: Could not connect: Connection refused
Unable to init server: Could not connect: Connection refused

(DataCollector_Deterministic.py:3126920): Gdk-CRITICAL **: 18:08:57.113: gdk_cursor_new_for_display: assertion 'GDK_IS_DISPLAY (display)' failed
Unable to init server: Could not connect: Connection refused

(DataCollector_Deterministic.py:3127012): Gdk-CRITICAL **: 18:08:57.138: gdk_cursor_new_for_display: assertion 'GDK_IS_DISPLAY (display)' failed
Unable to init server: Could not connect: Connection refused
Unable to init server: Could not connect: Connection refused
Unable to init server: Could not connect: Connection refused

(DataCollector_Deterministic.py:3126962): Gdk-CRITICAL **: 18:08:57.197: gdk_cursor_new_for_display: assertion 'GDK_IS_DISPLAY (display)' failed
Unable to init server: Could not connect: Connection refused
Unable to init server: Could not connect: Connection refused
Unable to init server: Could not connect: Connection refused
Unable to init server: Could not connect: Connection refused

(DataCollector_Deterministic.py:3126942): Gdk-CRITICAL **: 18:08:57.348: gdk_cursor_new_for_display: assertion 'GDK_IS_DISPLAY (display)' failed
Unable to init server: Could not connect: Connection refused

(DataCollector_Deterministic.py:3127070): Gdk-CRITICAL **: 18:08:57.452: gdk_cursor_new_for_display: assertion 'GDK_IS_DISPLAY (display)' failed
Unable to init server: Could not connect: Connection refused

(DataCollector_Deterministic.py:3126950): Gdk-CRITICAL **: 18:08:57.503: gdk_cursor_new_for_display: assertion 'GDK_IS_DISPLAY (display)' failed

(DataCollector_Deterministic.py:3127050): Gdk-CRITICAL **: 18:08:57.521: gdk_cursor_new_for_display: assertion 'GDK_IS_DISPLAY (display)' failed
Unable to init server: Could not connect: Connection refused

(DataCollector_Deterministic.py:3126845): Gdk-CRITICAL **: 18:08:57.588: gdk_cursor_new_for_display: assertion 'GDK_IS_DISPLAY (display)' failed
Unable to init server: Could not connect: Connection refused

(DataCollector_Deterministic.py:3126898): Gdk-CRITICAL **: 18:08:57.592: gdk_cursor_new_for_display: assertion 'GDK_IS_DISPLAY (display)' failed
Unable to init server: Could not connect: Connection refused

(DataCollector_Deterministic.py:3127116): Gdk-CRITICAL **: 18:08:57.608: gdk_cursor_new_for_display: assertion 'GDK_IS_DISPLAY (display)' failed
Unable to init server: Could not connect: Connection refused

(DataCollector_Deterministic.py:3127134): Gdk-CRITICAL **: 18:08:57.632: gdk_cursor_new_for_display: assertion 'GDK_IS_DISPLAY (display)' failed
Unable to init server: Could not connect: Connection refused
Unable to init server: Could not connect: Connection refused
Unable to init server: Could not connect: Connection refused
Unable to init server: Could not connect: Connection refused
Unable to init server: Could not connect: Connection refused

(DataCollector_Deterministic.py:3127028): Gdk-CRITICAL **: 18:08:57.737: gdk_cursor_new_for_display: assertion 'GDK_IS_DISPLAY (display)' failed
Unable to init server: Could not connect: Connection refused
Unable to init server: Could not connect: Connection refused

(DataCollector_Deterministic.py:3127140): Gdk-CRITICAL **: 18:08:57.754: gdk_cursor_new_for_display: assertion 'GDK_IS_DISPLAY (display)' failed
Unable to init server: Could not connect: Connection refused
Unable to init server: Could not connect: Connection refused

(DataCollector_Deterministic.py:3126855): Gdk-CRITICAL **: 18:08:57.798: gdk_cursor_new_for_display: assertion 'GDK_IS_DISPLAY (display)' failed
Unable to init server: Could not connect: Connection refused
Unable to init server: Could not connect: Connection refused
Unable to init server: Could not connect: Connection refused
Unable to init server: Could not connect: Connection refused

(DataCollector_Deterministic.py:3127111): Gdk-CRITICAL **: 18:08:57.940: gdk_cursor_new_for_display: assertion 'GDK_IS_DISPLAY (display)' failed
Unable to init server: Could not connect: Connection refused

(DataCollector_Deterministic.py:3126988): Gdk-CRITICAL **: 18:08:57.980: gdk_cursor_new_for_display: assertion 'GDK_IS_DISPLAY (display)' failed
Unable to init server: Could not connect: Connection refused
Unable to init server: Could not connect: Connection refused
Unable to init server: Could not connect: Connection refused
Unable to init server: Could not connect: Connection refused
Unable to init server: Could not connect: Connection refused
Unable to init server: Could not connect: Connection refused
Unable to init server: Could not connect: Connection refused

(DataCollector_Deterministic.py:3126879): Gdk-CRITICAL **: 18:08:58.267: gdk_cursor_new_for_display: assertion 'GDK_IS_DISPLAY (display)' failed
Unable to init server: Could not connect: Connection refused

(DataCollector_Deterministic.py:3127080): Gdk-CRITICAL **: 18:08:58.270: gdk_cursor_new_for_display: assertion 'GDK_IS_DISPLAY (display)' failed
Unable to init server: Could not connect: Connection refused

(DataCollector_Deterministic.py:3126824): Gdk-CRITICAL **: 18:08:58.294: gdk_cursor_new_for_display: assertion 'GDK_IS_DISPLAY (display)' failed
Unable to init server: Could not connect: Connection refused

(DataCollector_Deterministic.py:3127018): Gdk-CRITICAL **: 18:08:58.339: gdk_cursor_new_for_display: assertion 'GDK_IS_DISPLAY (display)' failed
Unable to init server: Could not connect: Connection refused

(DataCollector_Deterministic.py:3127150): Gdk-CRITICAL **: 18:08:58.409: gdk_cursor_new_for_display: assertion 'GDK_IS_DISPLAY (display)' failed
Unable to init server: Could not connect: Connection refused
Unable to init server: Could not connect: Connection refused
Unable to init server: Could not connect: Connection refused
Unable to init server: Could not connect: Connection refused
Unable to init server: Could not connect: Connection refused

(DataCollector_Deterministic.py:3126909): Gdk-CRITICAL **: 18:08:58.564: gdk_cursor_new_for_display: assertion 'GDK_IS_DISPLAY (display)' failed
Unable to init server: Could not connect: Connection refused

(DataCollector_Deterministic.py:3127042): Gdk-CRITICAL **: 18:08:58.588: gdk_cursor_new_for_display: assertion 'GDK_IS_DISPLAY (display)' failed
Unable to init server: Could not connect: Connection refused

(DataCollector_Deterministic.py:3127072): Gdk-CRITICAL **: 18:08:58.592: gdk_cursor_new_for_display: assertion 'GDK_IS_DISPLAY (display)' failed
Unable to init server: Could not connect: Connection refused
Unable to init server: Could not connect: Connection refused
Unable to init server: Could not connect: Connection refused
Unable to init server: Could not connect: Connection refused

(DataCollector_Deterministic.py:3126999): Gdk-CRITICAL **: 18:08:58.643: gdk_cursor_new_for_display: assertion 'GDK_IS_DISPLAY (display)' failed
Unable to init server: Could not connect: Connection refused

(DataCollector_Deterministic.py:3126928): Gdk-CRITICAL **: 18:08:58.645: gdk_cursor_new_for_display: assertion 'GDK_IS_DISPLAY (display)' failed
Unable to init server: Could not connect: Connection refused

(DataCollector_Deterministic.py:3127086): Gdk-CRITICAL **: 18:08:58.649: gdk_cursor_new_for_display: assertion 'GDK_IS_DISPLAY (display)' failed
Unable to init server: Could not connect: Connection refused

(DataCollector_Deterministic.py:3127132): Gdk-CRITICAL **: 18:08:58.684: gdk_cursor_new_for_display: assertion 'GDK_IS_DISPLAY (display)' failed
Unable to init server: Could not connect: Connection refused
Unable to init server: Could not connect: Connection refused

(DataCollector_Deterministic.py:3127015): Gdk-CRITICAL **: 18:08:58.740: gdk_cursor_new_for_display: assertion 'GDK_IS_DISPLAY (display)' failed
Unable to init server: Could not connect: Connection refused
Unable to init server: Could not connect: Connection refused

(DataCollector_Deterministic.py:3127161): Gdk-CRITICAL **: 18:08:58.802: gdk_cursor_new_for_display: assertion 'GDK_IS_DISPLAY (display)' failed
Unable to init server: Could not connect: Connection refused

(DataCollector_Deterministic.py:3126956): Gdk-CRITICAL **: 18:08:58.811: gdk_cursor_new_for_display: assertion 'GDK_IS_DISPLAY (display)' failed
Unable to init server: Could not connect: Connection refused
Unable to init server: Could not connect: Connection refused
Unable to init server: Could not connect: Connection refused

(DataCollector_Deterministic.py:3126818): Gdk-CRITICAL **: 18:08:58.863: gdk_cursor_new_for_display: assertion 'GDK_IS_DISPLAY (display)' failed
Unable to init server: Could not connect: Connection refused

(DataCollector_Deterministic.py:3126974): Gdk-CRITICAL **: 18:08:58.879: gdk_cursor_new_for_display: assertion 'GDK_IS_DISPLAY (display)' failed
Unable to init server: Could not connect: Connection refused

(DataCollector_Deterministic.py:3127144): Gdk-CRITICAL **: 18:08:58.889: gdk_cursor_new_for_display: assertion 'GDK_IS_DISPLAY (display)' failed
Unable to init server: Could not connect: Connection refused

(DataCollector_Deterministic.py:3127036): Gdk-CRITICAL **: 18:08:58.898: gdk_cursor_new_for_display: assertion 'GDK_IS_DISPLAY (display)' failed

(DataCollector_Deterministic.py:3127103): Gdk-CRITICAL **: 18:08:58.929: gdk_cursor_new_for_display: assertion 'GDK_IS_DISPLAY (display)' failed
Unable to init server: Could not connect: Connection refused

(DataCollector_Deterministic.py:3126862): Gdk-CRITICAL **: 18:08:59.005: gdk_cursor_new_for_display: assertion 'GDK_IS_DISPLAY (display)' failed

(DataCollector_Deterministic.py:3127030): Gdk-CRITICAL **: 18:08:59.065: gdk_cursor_new_for_display: assertion 'GDK_IS_DISPLAY (display)' failed
Unable to init server: Could not connect: Connection refused

(DataCollector_Deterministic.py:3126812): Gdk-CRITICAL **: 18:08:59.107: gdk_cursor_new_for_display: assertion 'GDK_IS_DISPLAY (display)' failed
Unable to init server: Could not connect: Connection refused

(DataCollector_Deterministic.py:3126806): Gdk-CRITICAL **: 18:08:59.258: gdk_cursor_new_for_display: assertion 'GDK_IS_DISPLAY (display)' failed
Unable to init server: Could not connect: Connection refused
Unable to init server: Could not connect: Connection refused

(DataCollector_Deterministic.py:3126872): Gdk-CRITICAL **: 18:08:59.314: gdk_cursor_new_for_display: assertion 'GDK_IS_DISPLAY (display)' failed
Unable to init server: Could not connect: Connection refused

(DataCollector_Deterministic.py:3127060): Gdk-CRITICAL **: 18:08:59.337: gdk_cursor_new_for_display: assertion 'GDK_IS_DISPLAY (display)' failed
Unable to init server: Could not connect: Connection refused
Unable to init server: Could not connect: Connection refused

(DataCollector_Deterministic.py:3126980): Gdk-CRITICAL **: 18:08:59.425: gdk_cursor_new_for_display: assertion 'GDK_IS_DISPLAY (display)' failed
Unable to init server: Could not connect: Connection refused
Unable to init server: Could not connect: Connection refused

(DataCollector_Deterministic.py:3127168): Gdk-CRITICAL **: 18:08:59.539: gdk_cursor_new_for_display: assertion 'GDK_IS_DISPLAY (display)' failed
Unable to init server: Could not connect: Connection refused

(DataCollector_Deterministic.py:3126800): Gdk-CRITICAL **: 18:08:59.608: gdk_cursor_new_for_display: assertion 'GDK_IS_DISPLAY (display)' failed
Unable to init server: Could not connect: Connection refused

(DataCollector_Deterministic.py:3127188): Gdk-CRITICAL **: 18:08:59.616: gdk_cursor_new_for_display: assertion 'GDK_IS_DISPLAY (display)' failed
Unable to init server: Could not connect: Connection refused

(DataCollector_Deterministic.py:3127158): Gdk-CRITICAL **: 18:08:59.632: gdk_cursor_new_for_display: assertion 'GDK_IS_DISPLAY (display)' failed
Unable to init server: Could not connect: Connection refused

(DataCollector_Deterministic.py:3127002): Gdk-CRITICAL **: 18:08:59.648: gdk_cursor_new_for_display: assertion 'GDK_IS_DISPLAY (display)' failed
Unable to init server: Could not connect: Connection refused

(DataCollector_Deterministic.py:3127156): Gdk-CRITICAL **: 18:08:59.656: gdk_cursor_new_for_display: assertion 'GDK_IS_DISPLAY (display)' failed

(DataCollector_Deterministic.py:3127125): Gdk-CRITICAL **: 18:08:59.657: gdk_cursor_new_for_display: assertion 'GDK_IS_DISPLAY (display)' failed
Unable to init server: Could not connect: Connection refused

(DataCollector_Deterministic.py:3127097): Gdk-CRITICAL **: 18:08:59.702: gdk_cursor_new_for_display: assertion 'GDK_IS_DISPLAY (display)' failed
Unable to init server: Could not connect: Connection refused

(DataCollector_Deterministic.py:3127064): Gdk-CRITICAL **: 18:08:59.720: gdk_cursor_new_for_display: assertion 'GDK_IS_DISPLAY (display)' failed
Unable to init server: Could not connect: Connection refused

(DataCollector_Deterministic.py:3126969): Gdk-CRITICAL **: 18:08:59.783: gdk_cursor_new_for_display: assertion 'GDK_IS_DISPLAY (display)' failed
Unable to init server: Could not connect: Connection refused

(DataCollector_Deterministic.py:3126841): Gdk-CRITICAL **: 18:09:00.047: gdk_cursor_new_for_display: assertion 'GDK_IS_DISPLAY (display)' failed
Unable to init server: Could not connect: Connection refused

(DataCollector_Deterministic.py:3126946): Gdk-CRITICAL **: 18:09:00.164: gdk_cursor_new_for_display: assertion 'GDK_IS_DISPLAY (display)' failed
Unable to init server: Could not connect: Connection refused

(DataCollector_Deterministic.py:3127196): Gdk-CRITICAL **: 18:09:00.207: gdk_cursor_new_for_display: assertion 'GDK_IS_DISPLAY (display)' failed
Unable to init server: Could not connect: Connection refused

(DataCollector_Deterministic.py:3126890): Gdk-CRITICAL **: 18:09:00.211: gdk_cursor_new_for_display: assertion 'GDK_IS_DISPLAY (display)' failed
Unable to init server: Could not connect: Connection refused

(DataCollector_Deterministic.py:3127186): Gdk-CRITICAL **: 18:09:00.331: gdk_cursor_new_for_display: assertion 'GDK_IS_DISPLAY (display)' failed
Unable to init server: Could not connect: Connection refused

(DataCollector_Deterministic.py:3126936): Gdk-CRITICAL **: 18:09:00.548: gdk_cursor_new_for_display: assertion 'GDK_IS_DISPLAY (display)' failed
Unable to init server: Could not connect: Connection refused

(DataCollector_Deterministic.py:3126896): Gdk-CRITICAL **: 18:09:00.592: gdk_cursor_new_for_display: assertion 'GDK_IS_DISPLAY (display)' failed
Unable to init server: Could not connect: Connection refused

(DataCollector_Deterministic.py:3126882): Gdk-CRITICAL **: 18:09:00.744: gdk_cursor_new_for_display: assertion 'GDK_IS_DISPLAY (display)' failed
Unable to init server: Could not connect: Connection refused

(DataCollector_Deterministic.py:3127176): Gdk-CRITICAL **: 18:09:00.751: gdk_cursor_new_for_display: assertion 'GDK_IS_DISPLAY (display)' failed
Unable to init server: Could not connect: Connection refused

(DataCollector_Deterministic.py:3127218): Gdk-CRITICAL **: 18:09:00.843: gdk_cursor_new_for_display: assertion 'GDK_IS_DISPLAY (display)' failed
Unable to init server: Could not connect: Connection refused

(DataCollector_Deterministic.py:3127351): Gdk-CRITICAL **: 18:09:00.966: gdk_cursor_new_for_display: assertion 'GDK_IS_DISPLAY (display)' failed
Unable to init server: Could not connect: Connection refused

(DataCollector_Deterministic.py:3126788): Gdk-CRITICAL **: 18:09:01.044: gdk_cursor_new_for_display: assertion 'GDK_IS_DISPLAY (display)' failed
Unable to init server: Could not connect: Connection refused

(DataCollector_Deterministic.py:3127350): Gdk-CRITICAL **: 18:09:01.141: gdk_cursor_new_for_display: assertion 'GDK_IS_DISPLAY (display)' failed
Initalising...
Running Sim...

Data Dump...
Initalising...
Running Sim...

Data Dump...
Initalising...
Running Sim...

Data Dump...
Initalising...
Running Sim...

Data Dump...
Initalising...
Running Sim...

Data Dump...
Initalising...
Running Sim...

Data Dump...
Initalising...
Running Sim...

Data Dump...
Initalising...
Running Sim...
.Initalising...
Running Sim...
.Initalising...
Running Sim...
.Initalising...
Running Sim...
.Initalising...
Running Sim...
.Initalising...
Running Sim...
.Initalising...
Running Sim...
.Initalising...
Running Sim...
.Initalising...
Running Sim...
.Initalising...
Running Sim...
.Initalising...
Running Sim...
.Initalising...
Running Sim...
.Initalising...
Running Sim...
.Initalising...
Running Sim...
.Initalising...
Running Sim...
.Initalising...
Running Sim...
.Initalising...
Running Sim...
.Initalising...
Running Sim...
.Initalising...
Running Sim...
.Initalising...
Running Sim...
.Initalising...
Running Sim...
.Initalising...
Running Sim...
.Initalising...
Running Sim...
.Initalising...
Running Sim...
.Initalising...
Running Sim...
.Initalising...
Running Sim...
.Initalising...
Running Sim...
.Initalising...
Running Sim...
.Initalising...
Running Sim...
.Initalising...
Running Sim...
.Initalising...
Running Sim...
.Initalising...
Running Sim...
.Initalising...
Running Sim...
.Initalising...
Running Sim...
.Initalising...
Running Sim...
.Initalising...
Running Sim...
.Initalising...
Running Sim...
.Initalising...
Running Sim...
.Initalising...
Running Sim...
.Initalising...
Running Sim...
.Initalising...
Running Sim...
.Initalising...
Running Sim...
.Initalising...
Running Sim...
.Initalising...
Running Sim...
.Initalising...
Running Sim...
.Initalising...
Running Sim...
.Initalising...
Running Sim...
.Initalising...
Running Sim...
.Initalising...
Running Sim...
.Initalising...
Running Sim...
.Initalising...
Running Sim...
.Initalising...
Running Sim...
.Initalising...
Running Sim...
.Initalising...
Running Sim...
.Initalising...
Running Sim...
.Initalising...
Running Sim...
.Initalising...
Running Sim...
.Initalising...
Running Sim...
.Initalising...
Running Sim...
.Initalising...
Running Sim...
.Initalising...
Running Sim...
.Initalising...
Running Sim...
.Initalising...
Running Sim...
.Initalising...
Running Sim...
.Initalising...
Running Sim...
.Initalising...
Running Sim...
.Initalising...
Running Sim...
.Initalising...
Running Sim...
.Initalising...
Running Sim...
.Initalising...
Running Sim...
.Initalising...
Running Sim...
.Initalising...
Running Sim...
.Initalising...
Running Sim...
.Initalising...
Running Sim...
.Initalising...
Running Sim...
.Initalising...
Running Sim...
.Initalising...
Running Sim...
.Initalising...
Running Sim...
.Initalising...
Running Sim...
.Initalising...
Running Sim...
.Initalising...
Running Sim...
.Initalising...
Running Sim...
.Initalising...
Running Sim...
.Initalising...
Running Sim...
.Initalising...
Running Sim...
.Initalising...
Running Sim...
.Initalising...
Running Sim...
.Initalising...
Running Sim...
.Initalising...
Running Sim...
.Initalising...
Running Sim...
.Initalising...
Running Sim...
.Initalising...
Running Sim...
.Initalising...
Running Sim...
.............................................................................................................................................................................................................................................................................................................................................................................................................................................................................................................................................................................................................................................................................................................................................................................................................
[1776 9102]
..
[1712 9126]
.........
[1738 9138]
.
[1683 9202]
.
[1683 9163]
.......
[1695 9213]
.
[1697 9154]
...
[1706 9120]
..
[1699 9131]
.....
[1733 9093]
.
[1721 9104]
...
[1749 9070]
...
[1697 9123]
..
[1665 9149]
.
[1677 9191]
.
[1709 9132]
.
[1719 9131]
.
[1756 9094]
...
[1761 9146]
.
[1743 9127]
.
[1741 9103]
...
[1741 9095]
.
[1687 9161]
..
[1772 9040]
..
[1860 8985]
.
[1738 9109]
...
[9422 1109]
..
[1949 8856]
...
[2078 8696]
....
[9483 1067]
..
[2394 8364]
.
[9430 1115]
....
[2367 8371]
...
[9434 1115]
.........
[2510 8214]
...
[2365 8361]
.
[9271 1257]
.....
[9246 1294]
..
[9189 1343]
..
[9246 1289]
..
[2586 8091]
..
[9118 1377]
.
[9377 1154]
.
[9396 1174]
...
[9088 1423]
.
[8815 1710]
..
[9217 1287]
...
[9194 1319]
..
[9122 1407]
.
[9036 1476]
.
[8829 1669]
.....
[8764 1748]
....
[3109 7501]
..
[3504 7116]
..
[8417 2100]
..
[2823 7881]
..
[3269 7382]
...
[8427 2047]
.
[8254 2234]
.
[3534 7075]
.......
[8351 2139]
.
[4110 6479]
..
[4018 6557]
.
[5387 5168]
.....
[3896 6697]
..
[3917 6653]
...
[3919 6676]
.
[4145 6422]
...
[4210 6368]
..........
[4667 5894]
.
[7529 2996]
.
[7395 3089]
...
[7445 3050]
..
[5506 5043]
..
[5140 5431]
.............
[5425 5138]
...
[7255 3175]
.
[7107 3369]
......
[7030 3456]
.
[5174 5370]
...
[7134 3340]
....
[6525 3972]
.
[6419 4078]
..
[5269 5269]
..
[6658 3806]
.
[7130 3338]
.
[6430 4071]
.
[5739 4737]
.
[6757 3721]
.
[6318 4218]
.
[5738 4785]
.
[6043 4464]
..
[6145 4367]
........................................................................................................................................................................................................................................
Data Dump...
............
Data Dump...
.............
Data Dump...
...
Data Dump...
......
Data Dump...
........
Data Dump...
....
Data Dump...
................
Data Dump...
..........................................................................................................................................................................................................
[3734    7]
......................................................
[ 116 3050]
.........
[ 124 3109]
....
[ 148 2988]
....
[3657   16]
....
[ 159 2887]
............
[ 169 2836]
....
[3563   11]
........
[ 157 2795]
............
[ 170 2862]
......
[ 182 2857]
......
[ 183 2810]
.
[3575   20]
................
[ 203 2693]
...
[3471   22]
......
[3485   19]
......
[ 217 2663]
...
[3359   20]
...
[ 208 2621]
...
[ 303 2406]
..
[3307   23]
......
[3378   32]
.
[ 265 2481]
.
[ 281 2438]
..
[ 289 2492]
...
[ 281 2422]
.........
[3309   28]
....
[3285   30]
...
[3193   37]
........
[ 293 2432]
..
[3134   27]
..........
[ 403 2196]
..............
[3280   30]
..
[3198   22]
.........
[3111   45]
.........
[3052   44]
........
[ 453 2118]
.....
[3060   54]
...................
[2855   66]
.........
[2906   57]
..
[ 517 1923]
..............
[2822   79]
.........
[ 726 1769]
..............
[2924   68]
...
[ 717 1666]
.......
[ 761 1648]
.
[ 669 1739]
...........
[ 781 1619]
.............................
[2620  136]
..........
[2600  142]
..
[1163 1142]
.
[ 996 1288]
..............
[1934  488]
.
[ 910 1431]
..
[2555  163]
.....
[2541  128]
.
[1101 1265]
.......
[2520  179]
....
[1196 1123]
........
[2450  172]
........
[2497  165]
....
[1454  882]
...
[1365  916]
.
[2358  235]
.
[2539  176]
....
[2353  227]
.
[1362  972]
...
[1311  996]
..
[2242  295]
....
[2365  198]
.
[1969  458]
.
[1334  986]
.
[1437  888]
...
[1667  694]
..
[2327  248]
.
[1474  870]
....
[2241  304]
.........
[1926  492]
.
[1836  605]
.....
[2205  332]
.....
[2196  311]
.
[2061  371]
.......
[2051  432]
................
[1853  552]
............
[1932  484]
....
[214   4]
..............
Data Dump...
........................................................................................................................
[225  12]
..........................
Data Dump...
.................
[201   6]
........................................
[23 53]
............
[37 46]
......
Data Dump...

[30 38]
....
[35 50]
...............................
[216  14]
......
Data Dump...
....
Data Dump...
..
Data Dump...
....
[37 49]
................
[198   9]
...
Data Dump...
..
[31 47]
..........
[177   7]
...
[185   8]
...
[40 41]
.
Data Dump...
............
[45 52]
........
[43 38]
................
Data Dump...
..
[165  10]
..........
[188  12]
.
Data Dump...
.......
Data Dump...

Data Dump...
..
[38 35]
...
[55 41]
..
Data Dump...
......
[42 38]
.
[203  13]
...
[191  13]
...
Data Dump...
....
[163   9]
.
[37 37]
...
[202   8]
..
Data Dump...

[41 36]
.......
[54 31]
.........
Data Dump...
.....
[49 37]
....
Data Dump...

[39 33]
...........
Data Dump...
................
Data Dump...

Data Dump...
...
[158   5]
.
[55 45]
.
Data Dump...

[51 39]
.
Data Dump...
..
[177  10]
.
Data Dump...

[166   7]
.
Data Dump...
.......
Data Dump...
...
Data Dump...
....
[160   9]
.
Data Dump...
......
Data Dump...
.............
Data Dump...
.........
[183  11]
....
Data Dump...
.......
[155   8]
..
[61 32]
..
[156   4]
.......
Data Dump...
...
Data Dump...
.
Data Dump...
...
[153  11]
.
Data Dump...
..
Data Dump...
............
[58 31]
...
Data Dump...
.................
[75 32]
...
[148   8]
......
Data Dump...
........
[61 33]
...
[53 27]
......
Data Dump...
..
Data Dump...

Data Dump...

[71 29]
...........
[59 26]
....
[135   8]
...........
Data Dump...

[68 20]
..
Data Dump...
..
[111  16]
.
[130  13]
..
[92 24]
......
[120  11]
...........
Data Dump...

[127   7]
....
Data Dump...
.........
[59 28]
.
[73 19]
....
[143  14]
.
[82 22]
......
[131  14]
...
Data Dump...

Data Dump...
.
[121  11]
.
[107  21]
...
[129  16]
..
[82 22]
.
[93 16]
..
Data Dump...
..
[114  12]
.
[106  12]
.
[119  16]
.
[108  22]
....
[98 21]
...
Data Dump...
..
[89 14]
.
[119  11]
..
Data Dump...

[80 17]
.
[73 17]
...
[104  15]
.
[142  12]
.
[96 22]
..
[123  18]
....
[110  16]
.
Data Dump...
..
Data Dump...

Data Dump...
.
[112  12]
..
Data Dump...
.
Data Dump...
..
[124  15]
.........
[130  14]
.......
[94  9]
.
Data Dump...
.......
[101  17]
.
Data Dump...

[121  23]
..
Data Dump...

Data Dump...

Data Dump...
.
Data Dump...
....
Data Dump...
.....
Data Dump...
...
Data Dump...
..
Data Dump...
..
Data Dump...
..
Data Dump...

Data Dump...
....
Data Dump...

Data Dump...
..
Data Dump...

Data Dump...
.
Data Dump...

Data Dump...
...
Data Dump...

Data Dump...
..
Data Dump...

Data Dump...

Data Dump...

Data Dump...
..
Data Dump...
..
Data Dump...
.
Data Dump...
.
Data Dump...
.
Data Dump...

Data Dump...
High 2 1
Done
