Unable to init server: Could not connect: Connection refused
Unable to init server: Could not connect: Connection refused
Unable to init server: Could not connect: Connection refused
Unable to init server: Could not connect: Connection refused

(DataCollector_Deterministic.py:1641786): Gdk-CRITICAL **: 18:14:30.291: gdk_cursor_new_for_display: assertion 'GDK_IS_DISPLAY (display)' failed
Unable to init server: Could not connect: Connection refused

(DataCollector_Deterministic.py:1642616): Gdk-CRITICAL **: 18:14:30.357: gdk_cursor_new_for_display: assertion 'GDK_IS_DISPLAY (display)' failed
Unable to init server: Could not connect: Connection refused

(DataCollector_Deterministic.py:1642225): Gdk-CRITICAL **: 18:14:30.369: gdk_cursor_new_for_display: assertion 'GDK_IS_DISPLAY (display)' failed
Unable to init server: Could not connect: Connection refused
Unable to init server: Could not connect: Connection refused
Unable to init server: Could not connect: Connection refused

(DataCollector_Deterministic.py:1640704): Gdk-CRITICAL **: 18:14:41.826: gdk_cursor_new_for_display: assertion 'GDK_IS_DISPLAY (display)' failed
Unable to init server: Could not connect: Connection refused

(DataCollector_Deterministic.py:1641872): Gdk-CRITICAL **: 18:14:41.847: gdk_cursor_new_for_display: assertion 'GDK_IS_DISPLAY (display)' failed
Unable to init server: Could not connect: Connection refused
Unable to init server: Could not connect: Connection refused
Unable to init server: Could not connect: Connection refused
Unable to init server: Could not connect: Connection refused
Unable to init server: Could not connect: Connection refused
Unable to init server: Could not connect: Connection refused
Unable to init server: Could not connect: Connection refused
Unable to init server: Could not connect: Connection refused
Unable to init server: Could not connect: Connection refused
Unable to init server: Could not connect: Connection refused
Unable to init server: Could not connect: Connection refused
Unable to init server: Could not connect: Connection refused
Unable to init server: Could not connect: Connection refused
Unable to init server: Could not connect: Connection refused
Unable to init server: Could not connect: Connection refused
Unable to init server: Could not connect: Connection refused
Unable to init server: Could not connect: Connection refused
Unable to init server: Could not connect: Connection refused
Unable to init server: Could not connect: Connection refused
Unable to init server: Could not connect: Connection refused
Unable to init server: Could not connect: Connection refused
Unable to init server: Could not connect: Connection refused
Unable to init server: Could not connect: Connection refused
Unable to init server: Could not connect: Connection refused
Unable to init server: Could not connect: Connection refused
Unable to init server: Could not connect: Connection refused
Unable to init server: Could not connect: Connection refused
Unable to init server: Could not connect: Connection refused

(DataCollector_Deterministic.py:1642733): Gdk-CRITICAL **: 18:14:43.569: gdk_cursor_new_for_display: assertion 'GDK_IS_DISPLAY (display)' failed
Unable to init server: Could not connect: Connection refused

(DataCollector_Deterministic.py:1640712): Gdk-CRITICAL **: 18:14:43.907: gdk_cursor_new_for_display: assertion 'GDK_IS_DISPLAY (display)' failed
Unable to init server: Could not connect: Connection refused

(DataCollector_Deterministic.py:1642782): Gdk-CRITICAL **: 18:14:44.365: gdk_cursor_new_for_display: assertion 'GDK_IS_DISPLAY (display)' failed
Unable to init server: Could not connect: Connection refused

(DataCollector_Deterministic.py:1641232): Gdk-CRITICAL **: 18:14:44.367: gdk_cursor_new_for_display: assertion 'GDK_IS_DISPLAY (display)' failed
Unable to init server: Could not connect: Connection refused

(DataCollector_Deterministic.py:1641944): Gdk-CRITICAL **: 18:14:44.386: gdk_cursor_new_for_display: assertion 'GDK_IS_DISPLAY (display)' failed
Unable to init server: Could not connect: Connection refused

(DataCollector_Deterministic.py:1641629): Gdk-CRITICAL **: 18:14:44.415: gdk_cursor_new_for_display: assertion 'GDK_IS_DISPLAY (display)' failed
Unable to init server: Could not connect: Connection refused
Unable to init server: Could not connect: Connection refused

(DataCollector_Deterministic.py:1641014): Gdk-CRITICAL **: 18:14:44.445: gdk_cursor_new_for_display: assertion 'GDK_IS_DISPLAY (display)' failed
Unable to init server: Could not connect: Connection refused

(DataCollector_Deterministic.py:1641124): Gdk-CRITICAL **: 18:14:44.448: gdk_cursor_new_for_display: assertion 'GDK_IS_DISPLAY (display)' failed
Unable to init server: Could not connect: Connection refused

(DataCollector_Deterministic.py:1641935): Gdk-CRITICAL **: 18:14:44.450: gdk_cursor_new_for_display: assertion 'GDK_IS_DISPLAY (display)' failed
Unable to init server: Could not connect: Connection refused

(DataCollector_Deterministic.py:1641303): Gdk-CRITICAL **: 18:14:44.453: gdk_cursor_new_for_display: assertion 'GDK_IS_DISPLAY (display)' failed
Unable to init server: Could not connect: Connection refused

(DataCollector_Deterministic.py:1642009): Gdk-CRITICAL **: 18:14:44.455: gdk_cursor_new_for_display: assertion 'GDK_IS_DISPLAY (display)' failed
Unable to init server: Could not connect: Connection refused

(DataCollector_Deterministic.py:1642355): Gdk-CRITICAL **: 18:14:44.458: gdk_cursor_new_for_display: assertion 'GDK_IS_DISPLAY (display)' failed
Unable to init server: Could not connect: Connection refused

(DataCollector_Deterministic.py:1641269): Gdk-CRITICAL **: 18:14:44.461: gdk_cursor_new_for_display: assertion 'GDK_IS_DISPLAY (display)' failed
Unable to init server: Could not connect: Connection refused

(DataCollector_Deterministic.py:1642301): Gdk-CRITICAL **: 18:14:44.463: gdk_cursor_new_for_display: assertion 'GDK_IS_DISPLAY (display)' failed
Unable to init server: Could not connect: Connection refused

(DataCollector_Deterministic.py:1641842): Gdk-CRITICAL **: 18:14:44.466: gdk_cursor_new_for_display: assertion 'GDK_IS_DISPLAY (display)' failed
Unable to init server: Could not connect: Connection refused

(DataCollector_Deterministic.py:1641857): Gdk-CRITICAL **: 18:14:44.469: gdk_cursor_new_for_display: assertion 'GDK_IS_DISPLAY (display)' failed
Unable to init server: Could not connect: Connection refused

(DataCollector_Deterministic.py:1642475): Gdk-CRITICAL **: 18:14:44.471: gdk_cursor_new_for_display: assertion 'GDK_IS_DISPLAY (display)' failed
Unable to init server: Could not connect: Connection refused

(DataCollector_Deterministic.py:1641248): Gdk-CRITICAL **: 18:14:44.474: gdk_cursor_new_for_display: assertion 'GDK_IS_DISPLAY (display)' failed
Unable to init server: Could not connect: Connection refused

(DataCollector_Deterministic.py:1641442): Gdk-CRITICAL **: 18:14:44.477: gdk_cursor_new_for_display: assertion 'GDK_IS_DISPLAY (display)' failed
Unable to init server: Could not connect: Connection refused

(DataCollector_Deterministic.py:1642055): Gdk-CRITICAL **: 18:14:44.485: gdk_cursor_new_for_display: assertion 'GDK_IS_DISPLAY (display)' failed
Unable to init server: Could not connect: Connection refused

(DataCollector_Deterministic.py:1642570): Gdk-CRITICAL **: 18:14:44.493: gdk_cursor_new_for_display: assertion 'GDK_IS_DISPLAY (display)' failed
Unable to init server: Could not connect: Connection refused

(DataCollector_Deterministic.py:1641987): Gdk-CRITICAL **: 18:14:44.497: gdk_cursor_new_for_display: assertion 'GDK_IS_DISPLAY (display)' failed
Unable to init server: Could not connect: Connection refused

(DataCollector_Deterministic.py:1642041): Gdk-CRITICAL **: 18:14:44.501: gdk_cursor_new_for_display: assertion 'GDK_IS_DISPLAY (display)' failed
Unable to init server: Could not connect: Connection refused

(DataCollector_Deterministic.py:1641115): Gdk-CRITICAL **: 18:14:44.505: gdk_cursor_new_for_display: assertion 'GDK_IS_DISPLAY (display)' failed
Unable to init server: Could not connect: Connection refused

(DataCollector_Deterministic.py:1642465): Gdk-CRITICAL **: 18:14:44.509: gdk_cursor_new_for_display: assertion 'GDK_IS_DISPLAY (display)' failed
Unable to init server: Could not connect: Connection refused

(DataCollector_Deterministic.py:1641200): Gdk-CRITICAL **: 18:14:44.513: gdk_cursor_new_for_display: assertion 'GDK_IS_DISPLAY (display)' failed
Unable to init server: Could not connect: Connection refused

(DataCollector_Deterministic.py:1641064): Gdk-CRITICAL **: 18:14:44.526: gdk_cursor_new_for_display: assertion 'GDK_IS_DISPLAY (display)' failed
Unable to init server: Could not connect: Connection refused

(DataCollector_Deterministic.py:1642280): Gdk-CRITICAL **: 18:14:46.094: gdk_cursor_new_for_display: assertion 'GDK_IS_DISPLAY (display)' failed
Unable to init server: Could not connect: Connection refused
Unable to init server: Could not connect: Connection refused
Unable to init server: Could not connect: Connection refused
Unable to init server: Could not connect: Connection refused
Unable to init server: Could not connect: Connection refused
Unable to init server: Could not connect: Connection refused
Unable to init server: Could not connect: Connection refused
Unable to init server: Could not connect: Connection refused
Unable to init server: Could not connect: Connection refused
Unable to init server: Could not connect: Connection refused
Unable to init server: Could not connect: Connection refused
Unable to init server: Could not connect: Connection refused
Unable to init server: Could not connect: Connection refused
Unable to init server: Could not connect: Connection refused
Unable to init server: Could not connect: Connection refused
Unable to init server: Could not connect: Connection refused
Unable to init server: Could not connect: Connection refused
Unable to init server: Could not connect: Connection refused

(DataCollector_Deterministic.py:1640939): Gdk-CRITICAL **: 18:14:49.728: gdk_cursor_new_for_display: assertion 'GDK_IS_DISPLAY (display)' failed
Unable to init server: Could not connect: Connection refused
Unable to init server: Could not connect: Connection refused

(DataCollector_Deterministic.py:1641510): Gdk-CRITICAL **: 18:14:50.243: gdk_cursor_new_for_display: assertion 'GDK_IS_DISPLAY (display)' failed
Unable to init server: Could not connect: Connection refused
Unable to init server: Could not connect: Connection refused

(DataCollector_Deterministic.py:1641467): Gdk-CRITICAL **: 18:14:50.450: gdk_cursor_new_for_display: assertion 'GDK_IS_DISPLAY (display)' failed
Unable to init server: Could not connect: Connection refused

(DataCollector_Deterministic.py:1641364): Gdk-CRITICAL **: 18:14:50.774: gdk_cursor_new_for_display: assertion 'GDK_IS_DISPLAY (display)' failed
Unable to init server: Could not connect: Connection refused
Unable to init server: Could not connect: Connection refused

(DataCollector_Deterministic.py:1642726): Gdk-CRITICAL **: 18:14:50.879: gdk_cursor_new_for_display: assertion 'GDK_IS_DISPLAY (display)' failed
Unable to init server: Could not connect: Connection refused

(DataCollector_Deterministic.py:1641020): Gdk-CRITICAL **: 18:14:50.972: gdk_cursor_new_for_display: assertion 'GDK_IS_DISPLAY (display)' failed
Unable to init server: Could not connect: Connection refused

(DataCollector_Deterministic.py:1640924): Gdk-CRITICAL **: 18:14:50.981: gdk_cursor_new_for_display: assertion 'GDK_IS_DISPLAY (display)' failed
Unable to init server: Could not connect: Connection refused

(DataCollector_Deterministic.py:1641888): Gdk-CRITICAL **: 18:14:51.088: gdk_cursor_new_for_display: assertion 'GDK_IS_DISPLAY (display)' failed
Unable to init server: Could not connect: Connection refused

(DataCollector_Deterministic.py:1642807): Gdk-CRITICAL **: 18:14:51.103: gdk_cursor_new_for_display: assertion 'GDK_IS_DISPLAY (display)' failed
Unable to init server: Could not connect: Connection refused

(DataCollector_Deterministic.py:1642873): Gdk-CRITICAL **: 18:14:51.272: gdk_cursor_new_for_display: assertion 'GDK_IS_DISPLAY (display)' failed
Unable to init server: Could not connect: Connection refused

(DataCollector_Deterministic.py:1640758): Gdk-CRITICAL **: 18:14:51.303: gdk_cursor_new_for_display: assertion 'GDK_IS_DISPLAY (display)' failed
Unable to init server: Could not connect: Connection refused

(DataCollector_Deterministic.py:1642285): Gdk-CRITICAL **: 18:14:51.351: gdk_cursor_new_for_display: assertion 'GDK_IS_DISPLAY (display)' failed
Unable to init server: Could not connect: Connection refused

(DataCollector_Deterministic.py:1640777): Gdk-CRITICAL **: 18:14:51.365: gdk_cursor_new_for_display: assertion 'GDK_IS_DISPLAY (display)' failed
Unable to init server: Could not connect: Connection refused

(DataCollector_Deterministic.py:1640697): Gdk-CRITICAL **: 18:14:51.464: gdk_cursor_new_for_display: assertion 'GDK_IS_DISPLAY (display)' failed
Unable to init server: Could not connect: Connection refused

(DataCollector_Deterministic.py:1642235): Gdk-CRITICAL **: 18:14:51.519: gdk_cursor_new_for_display: assertion 'GDK_IS_DISPLAY (display)' failed
Unable to init server: Could not connect: Connection refused

(DataCollector_Deterministic.py:1642696): Gdk-CRITICAL **: 18:14:51.544: gdk_cursor_new_for_display: assertion 'GDK_IS_DISPLAY (display)' failed
Unable to init server: Could not connect: Connection refused
Unable to init server: Could not connect: Connection refused
Unable to init server: Could not connect: Connection refused

(DataCollector_Deterministic.py:1642611): Gdk-CRITICAL **: 18:14:51.783: gdk_cursor_new_for_display: assertion 'GDK_IS_DISPLAY (display)' failed
Unable to init server: Could not connect: Connection refused

(DataCollector_Deterministic.py:1640741): Gdk-CRITICAL **: 18:14:51.800: gdk_cursor_new_for_display: assertion 'GDK_IS_DISPLAY (display)' failed
Unable to init server: Could not connect: Connection refused

(DataCollector_Deterministic.py:1641198): Gdk-CRITICAL **: 18:14:52.057: gdk_cursor_new_for_display: assertion 'GDK_IS_DISPLAY (display)' failed
Unable to init server: Could not connect: Connection refused

(DataCollector_Deterministic.py:1640897): Gdk-CRITICAL **: 18:14:53.220: gdk_cursor_new_for_display: assertion 'GDK_IS_DISPLAY (display)' failed
Unable to init server: Could not connect: Connection refused

(DataCollector_Deterministic.py:1641775): Gdk-CRITICAL **: 18:14:53.251: gdk_cursor_new_for_display: assertion 'GDK_IS_DISPLAY (display)' failed
Unable to init server: Could not connect: Connection refused

(DataCollector_Deterministic.py:1642602): Gdk-CRITICAL **: 18:14:53.476: gdk_cursor_new_for_display: assertion 'GDK_IS_DISPLAY (display)' failed
Unable to init server: Could not connect: Connection refused
Unable to init server: Could not connect: Connection refused
Unable to init server: Could not connect: Connection refused
Unable to init server: Could not connect: Connection refused
Unable to init server: Could not connect: Connection refused
Unable to init server: Could not connect: Connection refused

(DataCollector_Deterministic.py:1642145): Gdk-CRITICAL **: 18:14:55.619: gdk_cursor_new_for_display: assertion 'GDK_IS_DISPLAY (display)' failed
Unable to init server: Could not connect: Connection refused

(DataCollector_Deterministic.py:1641414): Gdk-CRITICAL **: 18:14:56.193: gdk_cursor_new_for_display: assertion 'GDK_IS_DISPLAY (display)' failed
Unable to init server: Could not connect: Connection refused
Unable to init server: Could not connect: Connection refused
Unable to init server: Could not connect: Connection refused
Unable to init server: Could not connect: Connection refused

(DataCollector_Deterministic.py:1641176): Gdk-CRITICAL **: 18:14:57.263: gdk_cursor_new_for_display: assertion 'GDK_IS_DISPLAY (display)' failed
Unable to init server: Could not connect: Connection refused
Unable to init server: Could not connect: Connection refused

(DataCollector_Deterministic.py:1642028): Gdk-CRITICAL **: 18:14:57.451: gdk_cursor_new_for_display: assertion 'GDK_IS_DISPLAY (display)' failed
Unable to init server: Could not connect: Connection refused
Unable to init server: Could not connect: Connection refused

(DataCollector_Deterministic.py:1640795): Gdk-CRITICAL **: 18:14:57.962: gdk_cursor_new_for_display: assertion 'GDK_IS_DISPLAY (display)' failed
Unable to init server: Could not connect: Connection refused

(DataCollector_Deterministic.py:1641694): Gdk-CRITICAL **: 18:14:58.050: gdk_cursor_new_for_display: assertion 'GDK_IS_DISPLAY (display)' failed
Unable to init server: Could not connect: Connection refused
Unable to init server: Could not connect: Connection refused

(DataCollector_Deterministic.py:1641385): Gdk-CRITICAL **: 18:14:58.419: gdk_cursor_new_for_display: assertion 'GDK_IS_DISPLAY (display)' failed
Unable to init server: Could not connect: Connection refused

(DataCollector_Deterministic.py:1640765): Gdk-CRITICAL **: 18:14:58.762: gdk_cursor_new_for_display: assertion 'GDK_IS_DISPLAY (display)' failed
Unable to init server: Could not connect: Connection refused

(DataCollector_Deterministic.py:1641494): Gdk-CRITICAL **: 18:14:59.312: gdk_cursor_new_for_display: assertion 'GDK_IS_DISPLAY (display)' failed
Unable to init server: Could not connect: Connection refused

(DataCollector_Deterministic.py:1642179): Gdk-CRITICAL **: 18:14:59.758: gdk_cursor_new_for_display: assertion 'GDK_IS_DISPLAY (display)' failed
Unable to init server: Could not connect: Connection refused

(DataCollector_Deterministic.py:1642114): Gdk-CRITICAL **: 18:15:00.029: gdk_cursor_new_for_display: assertion 'GDK_IS_DISPLAY (display)' failed
Unable to init server: Could not connect: Connection refused
Unable to init server: Could not connect: Connection refused

(DataCollector_Deterministic.py:1641601): Gdk-CRITICAL **: 18:15:02.120: gdk_cursor_new_for_display: assertion 'GDK_IS_DISPLAY (display)' failed
Unable to init server: Could not connect: Connection refused
Unable to init server: Could not connect: Connection refused
Unable to init server: Could not connect: Connection refused
Unable to init server: Could not connect: Connection refused
Unable to init server: Could not connect: Connection refused
Unable to init server: Could not connect: Connection refused
Unable to init server: Could not connect: Connection refused
Unable to init server: Could not connect: Connection refused
Unable to init server: Could not connect: Connection refused
Unable to init server: Could not connect: Connection refused

(DataCollector_Deterministic.py:1641535): Gdk-CRITICAL **: 18:15:04.835: gdk_cursor_new_for_display: assertion 'GDK_IS_DISPLAY (display)' failed
Unable to init server: Could not connect: Connection refused
Unable to init server: Could not connect: Connection refused
Unable to init server: Could not connect: Connection refused
Unable to init server: Could not connect: Connection refused
Unable to init server: Could not connect: Connection refused
Unable to init server: Could not connect: Connection refused
Unable to init server: Could not connect: Connection refused
Unable to init server: Could not connect: Connection refused
Unable to init server: Could not connect: Connection refused

(DataCollector_Deterministic.py:1640785): Gdk-CRITICAL **: 18:15:05.126: gdk_cursor_new_for_display: assertion 'GDK_IS_DISPLAY (display)' failed
Unable to init server: Could not connect: Connection refused
Unable to init server: Could not connect: Connection refused
Unable to init server: Could not connect: Connection refused
Unable to init server: Could not connect: Connection refused
Unable to init server: Could not connect: Connection refused

(DataCollector_Deterministic.py:1642791): Gdk-CRITICAL **: 18:15:05.203: gdk_cursor_new_for_display: assertion 'GDK_IS_DISPLAY (display)' failed
Unable to init server: Could not connect: Connection refused
Unable to init server: Could not connect: Connection refused
Unable to init server: Could not connect: Connection refused
Unable to init server: Could not connect: Connection refused

(DataCollector_Deterministic.py:1641764): Gdk-CRITICAL **: 18:15:05.399: gdk_cursor_new_for_display: assertion 'GDK_IS_DISPLAY (display)' failed
Unable to init server: Could not connect: Connection refused
Unable to init server: Could not connect: Connection refused
Unable to init server: Could not connect: Connection refused
Unable to init server: Could not connect: Connection refused

(DataCollector_Deterministic.py:1642800): Gdk-CRITICAL **: 18:15:05.647: gdk_cursor_new_for_display: assertion 'GDK_IS_DISPLAY (display)' failed
Unable to init server: Could not connect: Connection refused

(DataCollector_Deterministic.py:1642868): Gdk-CRITICAL **: 18:15:05.735: gdk_cursor_new_for_display: assertion 'GDK_IS_DISPLAY (display)' failed
Unable to init server: Could not connect: Connection refused

(DataCollector_Deterministic.py:1641551): Gdk-CRITICAL **: 18:15:05.771: gdk_cursor_new_for_display: assertion 'GDK_IS_DISPLAY (display)' failed
Unable to init server: Could not connect: Connection refused
Unable to init server: Could not connect: Connection refused
Unable to init server: Could not connect: Connection refused
Unable to init server: Could not connect: Connection refused
Unable to init server: Could not connect: Connection refused

(DataCollector_Deterministic.py:1642813): Gdk-CRITICAL **: 18:15:06.711: gdk_cursor_new_for_display: assertion 'GDK_IS_DISPLAY (display)' failed
Unable to init server: Could not connect: Connection refused

(DataCollector_Deterministic.py:1640830): Gdk-CRITICAL **: 18:15:06.743: gdk_cursor_new_for_display: assertion 'GDK_IS_DISPLAY (display)' failed
Unable to init server: Could not connect: Connection refused

(DataCollector_Deterministic.py:1640842): Gdk-CRITICAL **: 18:15:06.815: gdk_cursor_new_for_display: assertion 'GDK_IS_DISPLAY (display)' failed
Unable to init server: Could not connect: Connection refused

(DataCollector_Deterministic.py:1642853): Gdk-CRITICAL **: 18:15:06.839: gdk_cursor_new_for_display: assertion 'GDK_IS_DISPLAY (display)' failed
Unable to init server: Could not connect: Connection refused

(DataCollector_Deterministic.py:1641152): Gdk-CRITICAL **: 18:15:06.882: gdk_cursor_new_for_display: assertion 'GDK_IS_DISPLAY (display)' failed
Unable to init server: Could not connect: Connection refused

(DataCollector_Deterministic.py:1642762): Gdk-CRITICAL **: 18:15:06.930: gdk_cursor_new_for_display: assertion 'GDK_IS_DISPLAY (display)' failed
Unable to init server: Could not connect: Connection refused

(DataCollector_Deterministic.py:1642339): Gdk-CRITICAL **: 18:15:06.934: gdk_cursor_new_for_display: assertion 'GDK_IS_DISPLAY (display)' failed
Unable to init server: Could not connect: Connection refused
Unable to init server: Could not connect: Connection refused

(DataCollector_Deterministic.py:1641320): Gdk-CRITICAL **: 18:15:06.965: gdk_cursor_new_for_display: assertion 'GDK_IS_DISPLAY (display)' failed
Unable to init server: Could not connect: Connection refused

(DataCollector_Deterministic.py:1642335): Gdk-CRITICAL **: 18:15:07.026: gdk_cursor_new_for_display: assertion 'GDK_IS_DISPLAY (display)' failed
Unable to init server: Could not connect: Connection refused

(DataCollector_Deterministic.py:1642596): Gdk-CRITICAL **: 18:15:07.079: gdk_cursor_new_for_display: assertion 'GDK_IS_DISPLAY (display)' failed
Unable to init server: Could not connect: Connection refused

(DataCollector_Deterministic.py:1642067): Gdk-CRITICAL **: 18:15:07.082: gdk_cursor_new_for_display: assertion 'GDK_IS_DISPLAY (display)' failed
Unable to init server: Could not connect: Connection refused

(DataCollector_Deterministic.py:1640728): Gdk-CRITICAL **: 18:15:07.104: gdk_cursor_new_for_display: assertion 'GDK_IS_DISPLAY (display)' failed
Unable to init server: Could not connect: Connection refused

(DataCollector_Deterministic.py:1642437): Gdk-CRITICAL **: 18:15:07.118: gdk_cursor_new_for_display: assertion 'GDK_IS_DISPLAY (display)' failed
Unable to init server: Could not connect: Connection refused

(DataCollector_Deterministic.py:1641103): Gdk-CRITICAL **: 18:15:07.131: gdk_cursor_new_for_display: assertion 'GDK_IS_DISPLAY (display)' failed
Unable to init server: Could not connect: Connection refused

(DataCollector_Deterministic.py:1641658): Gdk-CRITICAL **: 18:15:07.159: gdk_cursor_new_for_display: assertion 'GDK_IS_DISPLAY (display)' failed
Unable to init server: Could not connect: Connection refused

(DataCollector_Deterministic.py:1641673): Gdk-CRITICAL **: 18:15:07.191: gdk_cursor_new_for_display: assertion 'GDK_IS_DISPLAY (display)' failed
Unable to init server: Could not connect: Connection refused

(DataCollector_Deterministic.py:1642851): Gdk-CRITICAL **: 18:15:07.215: gdk_cursor_new_for_display: assertion 'GDK_IS_DISPLAY (display)' failed
Unable to init server: Could not connect: Connection refused

(DataCollector_Deterministic.py:1641655): Gdk-CRITICAL **: 18:15:07.326: gdk_cursor_new_for_display: assertion 'GDK_IS_DISPLAY (display)' failed
Unable to init server: Could not connect: Connection refused

(DataCollector_Deterministic.py:1642245): Gdk-CRITICAL **: 18:15:07.353: gdk_cursor_new_for_display: assertion 'GDK_IS_DISPLAY (display)' failed
Unable to init server: Could not connect: Connection refused

(DataCollector_Deterministic.py:1640752): Gdk-CRITICAL **: 18:15:07.474: gdk_cursor_new_for_display: assertion 'GDK_IS_DISPLAY (display)' failed
Unable to init server: Could not connect: Connection refused

(DataCollector_Deterministic.py:1642162): Gdk-CRITICAL **: 18:15:07.571: gdk_cursor_new_for_display: assertion 'GDK_IS_DISPLAY (display)' failed
Unable to init server: Could not connect: Connection refused
Unable to init server: Could not connect: Connection refused

(DataCollector_Deterministic.py:1642365): Gdk-CRITICAL **: 18:15:07.783: gdk_cursor_new_for_display: assertion 'GDK_IS_DISPLAY (display)' failed
Unable to init server: Could not connect: Connection refused

(DataCollector_Deterministic.py:1642421): Gdk-CRITICAL **: 18:15:08.419: gdk_cursor_new_for_display: assertion 'GDK_IS_DISPLAY (display)' failed
Unable to init server: Could not connect: Connection refused

(DataCollector_Deterministic.py:1641903): Gdk-CRITICAL **: 18:15:08.541: gdk_cursor_new_for_display: assertion 'GDK_IS_DISPLAY (display)' failed
Unable to init server: Could not connect: Connection refused

(DataCollector_Deterministic.py:1642792): Gdk-CRITICAL **: 18:15:08.977: gdk_cursor_new_for_display: assertion 'GDK_IS_DISPLAY (display)' failed
Unable to init server: Could not connect: Connection refused

(DataCollector_Deterministic.py:1642552): Gdk-CRITICAL **: 18:15:09.280: gdk_cursor_new_for_display: assertion 'GDK_IS_DISPLAY (display)' failed
Initalising...
Running Sim...

Data Dump...
Initalising...
Running Sim...

Data Dump...
Initalising...
Running Sim...

Data Dump...
Initalising...
Running Sim...
.Initalising...
Running Sim...
.Initalising...
Running Sim...
.Initalising...
Running Sim...
.Initalising...
Running Sim...
.Initalising...
Running Sim...
.Initalising...
Running Sim...
.Initalising...
Running Sim...
.Initalising...
Running Sim...
.Initalising...
Running Sim...
.Initalising...
Running Sim...
.Initalising...
Running Sim...
.Initalising...
Running Sim...
.Initalising...
Running Sim...
.Initalising...
Running Sim...
.Initalising...
Running Sim...
.Initalising...
Running Sim...
.Initalising...
Running Sim...
.Initalising...
Running Sim...
.Initalising...
Running Sim...
.Initalising...
Running Sim...
.Initalising...
Running Sim...
.Initalising...
Running Sim...
.Initalising...
Running Sim...
.Initalising...
Running Sim...
.Initalising...
Running Sim...
.Initalising...
Running Sim...
.Initalising...
Running Sim...
.Initalising...
Running Sim...
.Initalising...
Running Sim...
.Initalising...
Running Sim...
.Initalising...
Running Sim...
.Initalising...
Running Sim...
.Initalising...
Running Sim...
.Initalising...
Running Sim...
.Initalising...
Running Sim...
.Initalising...
Running Sim...
.Initalising...
Running Sim...
.Initalising...
Running Sim...
.Initalising...
Running Sim...
.Initalising...
Running Sim...
.Initalising...
Running Sim...
.Initalising...
Running Sim...
.Initalising...
Running Sim...
.Initalising...
Running Sim...
.Initalising...
Running Sim...
.Initalising...
Running Sim...
.Initalising...
Running Sim...
.Initalising...
Running Sim...
.Initalising...
Running Sim...
.Initalising...
Running Sim...
.Initalising...
Running Sim...
.Initalising...
Running Sim...
.Initalising...
Running Sim...
.Initalising...
Running Sim...
.Initalising...
Running Sim...
.Initalising...
Running Sim...
.Initalising...
Running Sim...
.Initalising...
Running Sim...
.Initalising...
Running Sim...
.Initalising...
Running Sim...
.Initalising...
Running Sim...
.Initalising...
Running Sim...
.Initalising...
Running Sim...
.Initalising...
Running Sim...
.Initalising...
Running Sim...
.Initalising...
Running Sim...
.Initalising...
Running Sim...
.Initalising...
Running Sim...
.Initalising...
Running Sim...
.Initalising...
Running Sim...
.Initalising...
Running Sim...
.Initalising...
Running Sim...
.Initalising...
Running Sim...
.Initalising...
Running Sim...
.Initalising...
Running Sim...
.Initalising...
Running Sim...
.Initalising...
Running Sim...
.Initalising...
Running Sim...
.Initalising...
Running Sim...
.Initalising...
Running Sim...
.Initalising...
Running Sim...
.Initalising...
Running Sim...
.Initalising...
Running Sim...
.Initalising...
Running Sim...
.Initalising...
Running Sim...
.Initalising...
Running Sim...
.Initalising...
Running Sim...
.Initalising...
Running Sim...
.Initalising...
Running Sim...
.Initalising...
Running Sim...
.Initalising...
Running Sim...
.Initalising...
Running Sim...
.Initalising...
Running Sim...
.Initalising...
Running Sim...
.Initalising...
Running Sim...
.Initalising...
Running Sim...
......................................................................................................................................................................................................................................................................................................................................................................................................................................................................................................................................................................................................................................................................................................................................................................................................
[1772 9071]
.....................
[1734 9131]
.......
[1868 8959]
................
[1797 9053]
.......
[1761 9146]
....
[2376 8331]
.
[1768 9100]
....
[1733 9124]
.
[1698 9134]
.........
[1752 9089]
.....
[1775 9082]
.
[1683 9157]
..
[1693 9164]
...
[1758 9085]
..
[1720 9126]
..
[9308 1324]
..
[1721 9106]
.........
[2531 8255]
....
[1721 9123]
..
[1751 9086]
.
[1744 9097]
.
[1700 9160]
.
[1692 9107]
.
[1681 9157]
..
[1741 9122]
.
[1860 8956]
..
[1704 9149]
..
[1958 8810]
....
[1751 9135]
..
[1810 9022]
.
[1826 9038]
..
[9231 1420]
.
[9304 1378]
...
[1744 9132]
..
[1919 8912]
.....
[1857 8960]
...
[1819 9023]
.
[1750 9121]
.
[1786 9087]
..
[2552 8181]
........
[2080 8723]
.
[8861 1782]
.
[2711 8012]
.
[9237 1435]
.
[2367 8393]
..
[2575 8143]
...
[8888 1770]
..
[9024 1624]
.
[3751 6895]
...
[2694 8021]
..
[1999 8820]
....
[8556 2064]
.
[2911 7869]
.
[9045 1605]
..
[9157 1523]
.
[2479 8237]
.
[2723 7995]
..
[8670 1948]
....
[9342 1326]
....
[3211 7509]
.
[3111 7616]
....
[2998 7695]
.
[8347 2253]
.
[8183 2471]
.
[8143 2415]
..
[8451 2161]
..
[8167 2452]
.
[3465 7231]
....
[8095 2525]
.
[7685 2944]
...
[3196 7485]
...
[7854 2789]
...
[3087 7664]
....
[3777 6899]
..
[3317 7372]
.
[3823 6801]
...
[4695 5967]
.....
[7457 3097]
....
[8089 2534]
..........
[7868 2700]
..
[5868 4763]
.
[4778 5803]
...
[4214 6371]
..
[6910 3650]
.
[6744 3841]
..
[7525 3049]
.
[7014 3544]
...
[6884 3733]
.
[5330 5254]
..
[5348 5258]
...
[4388 6246]
..
[4664 5931]
..........
[6084 4490]
....
[5038 5558]
..
[5460 5101]
.........
[6610 3959]
.
[6654 3923]
..........................................................................................................................................................................................
Data Dump...
.................................................
Data Dump...
.................
Data Dump...
........................
Data Dump...
....
Data Dump...
........
Data Dump...

Data Dump...
.....................
Data Dump...
......
Data Dump...
..............
Data Dump...
..
Data Dump...
.........................................................................................................................................................
[ 208 2931]
.......................................................
[  92 3583]
..........................
[  91 3563]
..........................
[ 105 3425]
...
[ 237 2824]
...
[ 122 3292]
......
[ 222 2896]
.........
[ 112 3307]
..
[ 166 3044]
.....
[ 125 3242]
...
[3616   31]
....
[ 477 2264]
.
[ 119 3264]
........
[3865   24]
...
[3568   38]
...
[ 138 3103]
.........
[ 186 3012]
........
[ 129 3287]
.............
[ 150 3161]
................
[3451   37]
.............
[ 156 3124]
.......................
[3236   67]
.
[ 232 2779]
..
[ 212 2799]
....
[ 285 2698]
.....
[3396   43]
..
[ 222 2804]
...
[ 229 2824]
.......
[3122   73]
.....
[ 565 2161]
.
[ 339 2520]
...
[3152   98]
........
[3312   48]
....
[ 271 2724]
.........
[ 323 2612]
....................
[3000  116]
....
[3067   97]
.....
[ 566 2096]
.............
[ 394 2482]
...............
[2869  134]
..
[2900  131]
....
[ 328 2581]
.
[ 556 2144]
....
[2822  167]
.........
[2824  189]
..
[ 541 2219]
........
[2731  185]
..
[ 647 1981]
..
[2635  261]
...
[2752  213]
......
[ 649 2027]
..
[2653  215]
....
[ 738 1963]
.
[1088 1506]
...............
[ 646 1987]
...
[2594  304]
.
[ 598 2113]
..
[2760  214]
........
[ 854 1815]
..
[ 787 1822]
........
[ 769 1843]
................
[ 822 1741]
...
[ 895 1664]
....
[2692  244]
..........
[ 806 1863]
..
[2290  472]
......
[2350  386]
.
[2548  285]
....
[1130 1444]
....
[1076 1505]
.....
[ 888 1694]
...
[1476 1100]
.
[2374  423]
.....
[2295  424]
..............
[1952  709]
............
[2037  629]
.
[1413 1080]
........
[1737  853]
......
[1659  924]
.
[2203  537]
.........
[1775  783]
.........
[1270 1221]
.
[1366 1216]
..
[1406 1112]
..........
[1621  892]
.
[2240  484]
.......
[ 45 109]
..............................................
Data Dump...
.....................................................................
[37 89]
...........
[ 32 108]
.............
Data Dump...
.....
Data Dump...
.................................
[34 93]
........................
Data Dump...
......
[205   9]
...
[56 64]
..
[ 46 104]
.....
[47 68]
......
[222  13]
....
Data Dump...
............
[42 99]
...
[44 86]
..
Data Dump...
.......
[ 34 101]
.
Data Dump...
.......
[33 93]
............
[173  10]
.
[ 36 104]
........
Data Dump...
..................
Data Dump...
......
Data Dump...

Data Dump...

Data Dump...

Data Dump...
...
[45 98]
........
Data Dump...

Data Dump...
.
[ 30 100]
..........
[43 90]
.
[33 86]
.............
[196   8]
.................
Data Dump...
....
Data Dump...
...........
Data Dump...
..........
Data Dump...
....
Data Dump...

[38 70]
..................
[182  18]
......
[158  17]
...........
[46 81]
.....
[53 68]
...........
[47 76]
.....
[49 71]
..
[162  16]
.
Data Dump...
..
Data Dump...

[43 79]
....
[209  17]
......
[185  11]
....
[48 77]
..
[50 67]
.............
Data Dump...
....
Data Dump...
..............
[178  20]
.........
Data Dump...
.......
[59 85]
..
[46 61]
..
Data Dump...
..
Data Dump...

Data Dump...

Data Dump...
...
Data Dump...
.
Data Dump...
..
Data Dump...

[155  25]
...
[147  16]
.......
[73 61]
......
Data Dump...
............
Data Dump...
.
[66 58]
......
[85 42]
................
[59 67]
...
[157  15]
.
Data Dump...
.
[124  26]
...
[54 66]
..
Data Dump...
.
[129  13]
.
Data Dump...
.
[143  25]
...........
[114  27]
..
Data Dump...

[138  21]
..
[154  23]
..
[53 71]
.
[55 66]
.....
[47 55]
...
[164  17]
...
Data Dump...
............
[62 51]
.
Data Dump...
.......
[131  29]
...
Data Dump...
.
[59 58]
.
[139  19]
.................
Data Dump...

Data Dump...

[112  18]
....
[66 57]
...
[66 78]
.
Data Dump...
..
[74 47]
..
Data Dump...
.
Data Dump...
...
Data Dump...
....
Data Dump...

Data Dump...
.
[76 50]
....
[68 48]
.
[81 62]
..
Data Dump...

[75 41]
.
Data Dump...
..
Data Dump...
.
[114  24]
...
Data Dump...
..
[102  55]
.
Data Dump...

[64 35]
......
[141  18]
....
Data Dump...

[135  29]
..
[105  45]
..
[75 53]
....
[145  20]
.
Data Dump...
....
Data Dump...
..
[138  42]
...
Data Dump...

[100  34]
....
Data Dump...
...
Data Dump...
..
[94 48]
.........
Data Dump...

Data Dump...

[101  26]
..
[104  36]
.
Data Dump...

[101  27]
....
Data Dump...
..
Data Dump...

[112  31]
.
Data Dump...

[97 38]
..
Data Dump...
..
[105  44]
...
Data Dump...

Data Dump...
.
Data Dump...

Data Dump...
..
[80 41]
....
[97 33]
.
Data Dump...

[129  33]
.
Data Dump...
...
Data Dump...
.
Data Dump...
..
Data Dump...
.......
Data Dump...
.
Data Dump...

Data Dump...

Data Dump...

Data Dump...
.
Data Dump...
..
Data Dump...

Data Dump...

Data Dump...

Data Dump...
Low 2 3
Done
