Unable to init server: Could not connect: Connection refused
Unable to init server: Could not connect: Connection refused

(DataCollector_Deterministic.py:1642214): Gdk-CRITICAL **: 18:14:28.843: gdk_cursor_new_for_display: assertion 'GDK_IS_DISPLAY (display)' failed
Unable to init server: Could not connect: Connection refused
Unable to init server: Could not connect: Connection refused

(DataCollector_Deterministic.py:1642852): Gdk-CRITICAL **: 18:14:36.562: gdk_cursor_new_for_display: assertion 'GDK_IS_DISPLAY (display)' failed
Unable to init server: Could not connect: Connection refused
Unable to init server: Could not connect: Connection refused

(DataCollector_Deterministic.py:1642321): Gdk-CRITICAL **: 18:14:40.663: gdk_cursor_new_for_display: assertion 'GDK_IS_DISPLAY (display)' failed
Unable to init server: Could not connect: Connection refused
Unable to init server: Could not connect: Connection refused
Unable to init server: Could not connect: Connection refused

(DataCollector_Deterministic.py:1641324): Gdk-CRITICAL **: 18:14:41.723: gdk_cursor_new_for_display: assertion 'GDK_IS_DISPLAY (display)' failed
Unable to init server: Could not connect: Connection refused

(DataCollector_Deterministic.py:1642333): Gdk-CRITICAL **: 18:14:42.738: gdk_cursor_new_for_display: assertion 'GDK_IS_DISPLAY (display)' failed
Unable to init server: Could not connect: Connection refused
Unable to init server: Could not connect: Connection refused
Unable to init server: Could not connect: Connection refused
Unable to init server: Could not connect: Connection refused
Unable to init server: Could not connect: Connection refused
Unable to init server: Could not connect: Connection refused
Unable to init server: Could not connect: Connection refused
Unable to init server: Could not connect: Connection refused

(DataCollector_Deterministic.py:1642737): Gdk-CRITICAL **: 18:14:44.610: gdk_cursor_new_for_display: assertion 'GDK_IS_DISPLAY (display)' failed
Unable to init server: Could not connect: Connection refused
Unable to init server: Could not connect: Connection refused
Unable to init server: Could not connect: Connection refused
Unable to init server: Could not connect: Connection refused
Unable to init server: Could not connect: Connection refused
Unable to init server: Could not connect: Connection refused
Unable to init server: Could not connect: Connection refused
Unable to init server: Could not connect: Connection refused
Unable to init server: Could not connect: Connection refused
Unable to init server: Could not connect: Connection refused
Unable to init server: Could not connect: Connection refused
Unable to init server: Could not connect: Connection refused
Unable to init server: Could not connect: Connection refused
Unable to init server: Could not connect: Connection refused
Unable to init server: Could not connect: Connection refused
Unable to init server: Could not connect: Connection refused
Unable to init server: Could not connect: Connection refused
Unable to init server: Could not connect: Connection refused

(DataCollector_Deterministic.py:1642686): Gdk-CRITICAL **: 18:14:45.442: gdk_cursor_new_for_display: assertion 'GDK_IS_DISPLAY (display)' failed
Unable to init server: Could not connect: Connection refused

(DataCollector_Deterministic.py:1642784): Gdk-CRITICAL **: 18:14:45.479: gdk_cursor_new_for_display: assertion 'GDK_IS_DISPLAY (display)' failed
Unable to init server: Could not connect: Connection refused
Unable to init server: Could not connect: Connection refused
Unable to init server: Could not connect: Connection refused
Unable to init server: Could not connect: Connection refused
Unable to init server: Could not connect: Connection refused

(DataCollector_Deterministic.py:1641070): Gdk-CRITICAL **: 18:14:45.732: gdk_cursor_new_for_display: assertion 'GDK_IS_DISPLAY (display)' failed
Unable to init server: Could not connect: Connection refused
Unable to init server: Could not connect: Connection refused
Unable to init server: Could not connect: Connection refused
Unable to init server: Could not connect: Connection refused

(DataCollector_Deterministic.py:1642359): Gdk-CRITICAL **: 18:14:46.455: gdk_cursor_new_for_display: assertion 'GDK_IS_DISPLAY (display)' failed
Unable to init server: Could not connect: Connection refused

(DataCollector_Deterministic.py:1642178): Gdk-CRITICAL **: 18:14:46.599: gdk_cursor_new_for_display: assertion 'GDK_IS_DISPLAY (display)' failed
Unable to init server: Could not connect: Connection refused

(DataCollector_Deterministic.py:1640676): Gdk-CRITICAL **: 18:14:46.623: gdk_cursor_new_for_display: assertion 'GDK_IS_DISPLAY (display)' failed
Unable to init server: Could not connect: Connection refused

(DataCollector_Deterministic.py:1642144): Gdk-CRITICAL **: 18:14:46.655: gdk_cursor_new_for_display: assertion 'GDK_IS_DISPLAY (display)' failed
Unable to init server: Could not connect: Connection refused

(DataCollector_Deterministic.py:1641110): Gdk-CRITICAL **: 18:14:46.666: gdk_cursor_new_for_display: assertion 'GDK_IS_DISPLAY (display)' failed
Unable to init server: Could not connect: Connection refused

(DataCollector_Deterministic.py:1641400): Gdk-CRITICAL **: 18:14:46.699: gdk_cursor_new_for_display: assertion 'GDK_IS_DISPLAY (display)' failed
Unable to init server: Could not connect: Connection refused

(DataCollector_Deterministic.py:1640644): Gdk-CRITICAL **: 18:14:46.719: gdk_cursor_new_for_display: assertion 'GDK_IS_DISPLAY (display)' failed
Unable to init server: Could not connect: Connection refused

(DataCollector_Deterministic.py:1642062): Gdk-CRITICAL **: 18:14:46.722: gdk_cursor_new_for_display: assertion 'GDK_IS_DISPLAY (display)' failed
Unable to init server: Could not connect: Connection refused

(DataCollector_Deterministic.py:1641919): Gdk-CRITICAL **: 18:14:46.733: gdk_cursor_new_for_display: assertion 'GDK_IS_DISPLAY (display)' failed
Unable to init server: Could not connect: Connection refused

(DataCollector_Deterministic.py:1640828): Gdk-CRITICAL **: 18:14:46.748: gdk_cursor_new_for_display: assertion 'GDK_IS_DISPLAY (display)' failed
Unable to init server: Could not connect: Connection refused

(DataCollector_Deterministic.py:1640605): Gdk-CRITICAL **: 18:14:46.760: gdk_cursor_new_for_display: assertion 'GDK_IS_DISPLAY (display)' failed
Unable to init server: Could not connect: Connection refused

(DataCollector_Deterministic.py:1641017): Gdk-CRITICAL **: 18:14:46.835: gdk_cursor_new_for_display: assertion 'GDK_IS_DISPLAY (display)' failed
Unable to init server: Could not connect: Connection refused

(DataCollector_Deterministic.py:1642135): Gdk-CRITICAL **: 18:14:46.974: gdk_cursor_new_for_display: assertion 'GDK_IS_DISPLAY (display)' failed
Unable to init server: Could not connect: Connection refused

(DataCollector_Deterministic.py:1641642): Gdk-CRITICAL **: 18:14:46.985: gdk_cursor_new_for_display: assertion 'GDK_IS_DISPLAY (display)' failed
Unable to init server: Could not connect: Connection refused

(DataCollector_Deterministic.py:1642745): Gdk-CRITICAL **: 18:14:47.014: gdk_cursor_new_for_display: assertion 'GDK_IS_DISPLAY (display)' failed
Unable to init server: Could not connect: Connection refused

(DataCollector_Deterministic.py:1641608): Gdk-CRITICAL **: 18:14:47.075: gdk_cursor_new_for_display: assertion 'GDK_IS_DISPLAY (display)' failed
Unable to init server: Could not connect: Connection refused

(DataCollector_Deterministic.py:1642380): Gdk-CRITICAL **: 18:14:47.103: gdk_cursor_new_for_display: assertion 'GDK_IS_DISPLAY (display)' failed
Unable to init server: Could not connect: Connection refused

(DataCollector_Deterministic.py:1642441): Gdk-CRITICAL **: 18:14:47.186: gdk_cursor_new_for_display: assertion 'GDK_IS_DISPLAY (display)' failed
Unable to init server: Could not connect: Connection refused

(DataCollector_Deterministic.py:1642875): Gdk-CRITICAL **: 18:14:47.239: gdk_cursor_new_for_display: assertion 'GDK_IS_DISPLAY (display)' failed
Unable to init server: Could not connect: Connection refused

(DataCollector_Deterministic.py:1640908): Gdk-CRITICAL **: 18:14:47.359: gdk_cursor_new_for_display: assertion 'GDK_IS_DISPLAY (display)' failed
Unable to init server: Could not connect: Connection refused

(DataCollector_Deterministic.py:1641684): Gdk-CRITICAL **: 18:14:47.647: gdk_cursor_new_for_display: assertion 'GDK_IS_DISPLAY (display)' failed
Unable to init server: Could not connect: Connection refused

(DataCollector_Deterministic.py:1640658): Gdk-CRITICAL **: 18:14:47.654: gdk_cursor_new_for_display: assertion 'GDK_IS_DISPLAY (display)' failed
Unable to init server: Could not connect: Connection refused

(DataCollector_Deterministic.py:1642087): Gdk-CRITICAL **: 18:14:47.698: gdk_cursor_new_for_display: assertion 'GDK_IS_DISPLAY (display)' failed
Unable to init server: Could not connect: Connection refused

(DataCollector_Deterministic.py:1641222): Gdk-CRITICAL **: 18:14:47.714: gdk_cursor_new_for_display: assertion 'GDK_IS_DISPLAY (display)' failed
Unable to init server: Could not connect: Connection refused

(DataCollector_Deterministic.py:1641989): Gdk-CRITICAL **: 18:14:47.844: gdk_cursor_new_for_display: assertion 'GDK_IS_DISPLAY (display)' failed
Unable to init server: Could not connect: Connection refused
Unable to init server: Could not connect: Connection refused
Unable to init server: Could not connect: Connection refused

(DataCollector_Deterministic.py:1641425): Gdk-CRITICAL **: 18:14:47.938: gdk_cursor_new_for_display: assertion 'GDK_IS_DISPLAY (display)' failed
Unable to init server: Could not connect: Connection refused

(DataCollector_Deterministic.py:1640630): Gdk-CRITICAL **: 18:14:47.983: gdk_cursor_new_for_display: assertion 'GDK_IS_DISPLAY (display)' failed
Unable to init server: Could not connect: Connection refused
Unable to init server: Could not connect: Connection refused
Unable to init server: Could not connect: Connection refused
Unable to init server: Could not connect: Connection refused
Unable to init server: Could not connect: Connection refused
Unable to init server: Could not connect: Connection refused
Unable to init server: Could not connect: Connection refused
Unable to init server: Could not connect: Connection refused

(DataCollector_Deterministic.py:1642029): Gdk-CRITICAL **: 18:14:49.951: gdk_cursor_new_for_display: assertion 'GDK_IS_DISPLAY (display)' failed
Unable to init server: Could not connect: Connection refused

(DataCollector_Deterministic.py:1642047): Gdk-CRITICAL **: 18:14:49.955: gdk_cursor_new_for_display: assertion 'GDK_IS_DISPLAY (display)' failed
Unable to init server: Could not connect: Connection refused

(DataCollector_Deterministic.py:1641666): Gdk-CRITICAL **: 18:14:50.015: gdk_cursor_new_for_display: assertion 'GDK_IS_DISPLAY (display)' failed
Unable to init server: Could not connect: Connection refused
Unable to init server: Could not connect: Connection refused

(DataCollector_Deterministic.py:1641489): Gdk-CRITICAL **: 18:14:50.167: gdk_cursor_new_for_display: assertion 'GDK_IS_DISPLAY (display)' failed
Unable to init server: Could not connect: Connection refused
Unable to init server: Could not connect: Connection refused

(DataCollector_Deterministic.py:1642863): Gdk-CRITICAL **: 18:14:50.408: gdk_cursor_new_for_display: assertion 'GDK_IS_DISPLAY (display)' failed
Unable to init server: Could not connect: Connection refused

(DataCollector_Deterministic.py:1642661): Gdk-CRITICAL **: 18:14:50.427: gdk_cursor_new_for_display: assertion 'GDK_IS_DISPLAY (display)' failed
Unable to init server: Could not connect: Connection refused

(DataCollector_Deterministic.py:1642576): Gdk-CRITICAL **: 18:14:50.451: gdk_cursor_new_for_display: assertion 'GDK_IS_DISPLAY (display)' failed
Unable to init server: Could not connect: Connection refused
Unable to init server: Could not connect: Connection refused
Unable to init server: Could not connect: Connection refused
Unable to init server: Could not connect: Connection refused
Unable to init server: Could not connect: Connection refused
Unable to init server: Could not connect: Connection refused

(DataCollector_Deterministic.py:1642758): Gdk-CRITICAL **: 18:14:51.240: gdk_cursor_new_for_display: assertion 'GDK_IS_DISPLAY (display)' failed
Unable to init server: Could not connect: Connection refused
Unable to init server: Could not connect: Connection refused
Unable to init server: Could not connect: Connection refused
Unable to init server: Could not connect: Connection refused

(DataCollector_Deterministic.py:1642765): Gdk-CRITICAL **: 18:14:51.743: gdk_cursor_new_for_display: assertion 'GDK_IS_DISPLAY (display)' failed
Unable to init server: Could not connect: Connection refused
Unable to init server: Could not connect: Connection refused

(DataCollector_Deterministic.py:1641830): Gdk-CRITICAL **: 18:14:52.521: gdk_cursor_new_for_display: assertion 'GDK_IS_DISPLAY (display)' failed

(DataCollector_Deterministic.py:1641858): Gdk-CRITICAL **: 18:14:52.524: gdk_cursor_new_for_display: assertion 'GDK_IS_DISPLAY (display)' failed
Unable to init server: Could not connect: Connection refused

(DataCollector_Deterministic.py:1641821): Gdk-CRITICAL **: 18:14:52.555: gdk_cursor_new_for_display: assertion 'GDK_IS_DISPLAY (display)' failed
Unable to init server: Could not connect: Connection refused
Unable to init server: Could not connect: Connection refused

(DataCollector_Deterministic.py:1642808): Gdk-CRITICAL **: 18:14:52.790: gdk_cursor_new_for_display: assertion 'GDK_IS_DISPLAY (display)' failed
Unable to init server: Could not connect: Connection refused

(DataCollector_Deterministic.py:1642231): Gdk-CRITICAL **: 18:14:52.933: gdk_cursor_new_for_display: assertion 'GDK_IS_DISPLAY (display)' failed
Unable to init server: Could not connect: Connection refused

(DataCollector_Deterministic.py:1640668): Gdk-CRITICAL **: 18:14:53.195: gdk_cursor_new_for_display: assertion 'GDK_IS_DISPLAY (display)' failed
Unable to init server: Could not connect: Connection refused

(DataCollector_Deterministic.py:1640592): Gdk-CRITICAL **: 18:14:53.253: gdk_cursor_new_for_display: assertion 'GDK_IS_DISPLAY (display)' failed
Unable to init server: Could not connect: Connection refused

(DataCollector_Deterministic.py:1640805): Gdk-CRITICAL **: 18:14:53.294: gdk_cursor_new_for_display: assertion 'GDK_IS_DISPLAY (display)' failed
Unable to init server: Could not connect: Connection refused

(DataCollector_Deterministic.py:1641376): Gdk-CRITICAL **: 18:14:53.629: gdk_cursor_new_for_display: assertion 'GDK_IS_DISPLAY (display)' failed
Unable to init server: Could not connect: Connection refused

(DataCollector_Deterministic.py:1641040): Gdk-CRITICAL **: 18:14:54.102: gdk_cursor_new_for_display: assertion 'GDK_IS_DISPLAY (display)' failed
Unable to init server: Could not connect: Connection refused

(DataCollector_Deterministic.py:1641505): Gdk-CRITICAL **: 18:14:54.316: gdk_cursor_new_for_display: assertion 'GDK_IS_DISPLAY (display)' failed
Unable to init server: Could not connect: Connection refused
Unable to init server: Could not connect: Connection refused

(DataCollector_Deterministic.py:1642720): Gdk-CRITICAL **: 18:14:56.117: gdk_cursor_new_for_display: assertion 'GDK_IS_DISPLAY (display)' failed
Unable to init server: Could not connect: Connection refused
Unable to init server: Could not connect: Connection refused

(DataCollector_Deterministic.py:1641001): Gdk-CRITICAL **: 18:15:00.319: gdk_cursor_new_for_display: assertion 'GDK_IS_DISPLAY (display)' failed
Unable to init server: Could not connect: Connection refused
Unable to init server: Could not connect: Connection refused
Unable to init server: Could not connect: Connection refused
Unable to init server: Could not connect: Connection refused

(DataCollector_Deterministic.py:1642164): Gdk-CRITICAL **: 18:15:04.827: gdk_cursor_new_for_display: assertion 'GDK_IS_DISPLAY (display)' failed
Unable to init server: Could not connect: Connection refused
Unable to init server: Could not connect: Connection refused
Unable to init server: Could not connect: Connection refused
Unable to init server: Could not connect: Connection refused

(DataCollector_Deterministic.py:1641192): Gdk-CRITICAL **: 18:15:05.182: gdk_cursor_new_for_display: assertion 'GDK_IS_DISPLAY (display)' failed
Unable to init server: Could not connect: Connection refused
Unable to init server: Could not connect: Connection refused
Unable to init server: Could not connect: Connection refused
Unable to init server: Could not connect: Connection refused
Unable to init server: Could not connect: Connection refused
Unable to init server: Could not connect: Connection refused
Unable to init server: Could not connect: Connection refused
Unable to init server: Could not connect: Connection refused
Unable to init server: Could not connect: Connection refused
Unable to init server: Could not connect: Connection refused
Unable to init server: Could not connect: Connection refused
Unable to init server: Could not connect: Connection refused
Unable to init server: Could not connect: Connection refused
Unable to init server: Could not connect: Connection refused

(DataCollector_Deterministic.py:1642387): Gdk-CRITICAL **: 18:15:06.347: gdk_cursor_new_for_display: assertion 'GDK_IS_DISPLAY (display)' failed
Unable to init server: Could not connect: Connection refused
Unable to init server: Could not connect: Connection refused
Unable to init server: Could not connect: Connection refused
Unable to init server: Could not connect: Connection refused
Unable to init server: Could not connect: Connection refused
Unable to init server: Could not connect: Connection refused
Unable to init server: Could not connect: Connection refused
Unable to init server: Could not connect: Connection refused
Unable to init server: Could not connect: Connection refused
Unable to init server: Could not connect: Connection refused
Unable to init server: Could not connect: Connection refused
Unable to init server: Could not connect: Connection refused
Unable to init server: Could not connect: Connection refused
Unable to init server: Could not connect: Connection refused

(DataCollector_Deterministic.py:1642641): Gdk-CRITICAL **: 18:15:06.879: gdk_cursor_new_for_display: assertion 'GDK_IS_DISPLAY (display)' failed
Unable to init server: Could not connect: Connection refused
Unable to init server: Could not connect: Connection refused
Unable to init server: Could not connect: Connection refused
Unable to init server: Could not connect: Connection refused

(DataCollector_Deterministic.py:1641266): Gdk-CRITICAL **: 18:15:06.983: gdk_cursor_new_for_display: assertion 'GDK_IS_DISPLAY (display)' failed
Unable to init server: Could not connect: Connection refused
Unable to init server: Could not connect: Connection refused
Unable to init server: Could not connect: Connection refused
Unable to init server: Could not connect: Connection refused
Unable to init server: Could not connect: Connection refused

(DataCollector_Deterministic.py:1642614): Gdk-CRITICAL **: 18:15:07.167: gdk_cursor_new_for_display: assertion 'GDK_IS_DISPLAY (display)' failed
Unable to init server: Could not connect: Connection refused
Unable to init server: Could not connect: Connection refused
Unable to init server: Could not connect: Connection refused

(DataCollector_Deterministic.py:1641169): Gdk-CRITICAL **: 18:15:07.263: gdk_cursor_new_for_display: assertion 'GDK_IS_DISPLAY (display)' failed
Unable to init server: Could not connect: Connection refused

(DataCollector_Deterministic.py:1641950): Gdk-CRITICAL **: 18:15:07.343: gdk_cursor_new_for_display: assertion 'GDK_IS_DISPLAY (display)' failed
Unable to init server: Could not connect: Connection refused

(DataCollector_Deterministic.py:1642299): Gdk-CRITICAL **: 18:15:07.549: gdk_cursor_new_for_display: assertion 'GDK_IS_DISPLAY (display)' failed
Unable to init server: Could not connect: Connection refused

(DataCollector_Deterministic.py:1640581): Gdk-CRITICAL **: 18:15:07.558: gdk_cursor_new_for_display: assertion 'GDK_IS_DISPLAY (display)' failed
Unable to init server: Could not connect: Connection refused
Unable to init server: Could not connect: Connection refused

(DataCollector_Deterministic.py:1641350): Gdk-CRITICAL **: 18:15:07.647: gdk_cursor_new_for_display: assertion 'GDK_IS_DISPLAY (display)' failed
Unable to init server: Could not connect: Connection refused

(DataCollector_Deterministic.py:1642001): Gdk-CRITICAL **: 18:15:07.687: gdk_cursor_new_for_display: assertion 'GDK_IS_DISPLAY (display)' failed
Unable to init server: Could not connect: Connection refused

(DataCollector_Deterministic.py:1640617): Gdk-CRITICAL **: 18:15:07.706: gdk_cursor_new_for_display: assertion 'GDK_IS_DISPLAY (display)' failed
Unable to init server: Could not connect: Connection refused

(DataCollector_Deterministic.py:1640894): Gdk-CRITICAL **: 18:15:07.851: gdk_cursor_new_for_display: assertion 'GDK_IS_DISPLAY (display)' failed
Unable to init server: Could not connect: Connection refused

(DataCollector_Deterministic.py:1641876): Gdk-CRITICAL **: 18:15:07.916: gdk_cursor_new_for_display: assertion 'GDK_IS_DISPLAY (display)' failed
Unable to init server: Could not connect: Connection refused

(DataCollector_Deterministic.py:1641456): Gdk-CRITICAL **: 18:15:07.928: gdk_cursor_new_for_display: assertion 'GDK_IS_DISPLAY (display)' failed
Unable to init server: Could not connect: Connection refused

(DataCollector_Deterministic.py:1641583): Gdk-CRITICAL **: 18:15:08.105: gdk_cursor_new_for_display: assertion 'GDK_IS_DISPLAY (display)' failed
Unable to init server: Could not connect: Connection refused

(DataCollector_Deterministic.py:1641897): Gdk-CRITICAL **: 18:15:08.109: gdk_cursor_new_for_display: assertion 'GDK_IS_DISPLAY (display)' failed
Unable to init server: Could not connect: Connection refused

(DataCollector_Deterministic.py:1640953): Gdk-CRITICAL **: 18:15:08.196: gdk_cursor_new_for_display: assertion 'GDK_IS_DISPLAY (display)' failed
Unable to init server: Could not connect: Connection refused

(DataCollector_Deterministic.py:1641034): Gdk-CRITICAL **: 18:15:08.223: gdk_cursor_new_for_display: assertion 'GDK_IS_DISPLAY (display)' failed
Unable to init server: Could not connect: Connection refused

(DataCollector_Deterministic.py:1641722): Gdk-CRITICAL **: 18:15:08.299: gdk_cursor_new_for_display: assertion 'GDK_IS_DISPLAY (display)' failed
Unable to init server: Could not connect: Connection refused

(DataCollector_Deterministic.py:1641739): Gdk-CRITICAL **: 18:15:08.329: gdk_cursor_new_for_display: assertion 'GDK_IS_DISPLAY (display)' failed
Unable to init server: Could not connect: Connection refused

(DataCollector_Deterministic.py:1642627): Gdk-CRITICAL **: 18:15:08.342: gdk_cursor_new_for_display: assertion 'GDK_IS_DISPLAY (display)' failed
Unable to init server: Could not connect: Connection refused

(DataCollector_Deterministic.py:1641910): Gdk-CRITICAL **: 18:15:08.367: gdk_cursor_new_for_display: assertion 'GDK_IS_DISPLAY (display)' failed
Unable to init server: Could not connect: Connection refused

(DataCollector_Deterministic.py:1642747): Gdk-CRITICAL **: 18:15:08.378: gdk_cursor_new_for_display: assertion 'GDK_IS_DISPLAY (display)' failed
Unable to init server: Could not connect: Connection refused

(DataCollector_Deterministic.py:1641624): Gdk-CRITICAL **: 18:15:08.425: gdk_cursor_new_for_display: assertion 'GDK_IS_DISPLAY (display)' failed
Unable to init server: Could not connect: Connection refused

(DataCollector_Deterministic.py:1641159): Gdk-CRITICAL **: 18:15:08.455: gdk_cursor_new_for_display: assertion 'GDK_IS_DISPLAY (display)' failed
Unable to init server: Could not connect: Connection refused

(DataCollector_Deterministic.py:1641287): Gdk-CRITICAL **: 18:15:08.462: gdk_cursor_new_for_display: assertion 'GDK_IS_DISPLAY (display)' failed
Unable to init server: Could not connect: Connection refused

(DataCollector_Deterministic.py:1641557): Gdk-CRITICAL **: 18:15:08.474: gdk_cursor_new_for_display: assertion 'GDK_IS_DISPLAY (display)' failed
Unable to init server: Could not connect: Connection refused

(DataCollector_Deterministic.py:1642557): Gdk-CRITICAL **: 18:15:08.487: gdk_cursor_new_for_display: assertion 'GDK_IS_DISPLAY (display)' failed
Unable to init server: Could not connect: Connection refused

(DataCollector_Deterministic.py:1642591): Gdk-CRITICAL **: 18:15:08.542: gdk_cursor_new_for_display: assertion 'GDK_IS_DISPLAY (display)' failed
Unable to init server: Could not connect: Connection refused

(DataCollector_Deterministic.py:1641253): Gdk-CRITICAL **: 18:15:08.546: gdk_cursor_new_for_display: assertion 'GDK_IS_DISPLAY (display)' failed
Unable to init server: Could not connect: Connection refused

(DataCollector_Deterministic.py:1642703): Gdk-CRITICAL **: 18:15:08.579: gdk_cursor_new_for_display: assertion 'GDK_IS_DISPLAY (display)' failed
Unable to init server: Could not connect: Connection refused

(DataCollector_Deterministic.py:1642443): Gdk-CRITICAL **: 18:15:08.582: gdk_cursor_new_for_display: assertion 'GDK_IS_DISPLAY (display)' failed
Unable to init server: Could not connect: Connection refused

(DataCollector_Deterministic.py:1640773): Gdk-CRITICAL **: 18:15:08.619: gdk_cursor_new_for_display: assertion 'GDK_IS_DISPLAY (display)' failed
Unable to init server: Could not connect: Connection refused

(DataCollector_Deterministic.py:1640685): Gdk-CRITICAL **: 18:15:08.659: gdk_cursor_new_for_display: assertion 'GDK_IS_DISPLAY (display)' failed
Unable to init server: Could not connect: Connection refused

(DataCollector_Deterministic.py:1642399): Gdk-CRITICAL **: 18:15:08.668: gdk_cursor_new_for_display: assertion 'GDK_IS_DISPLAY (display)' failed
Unable to init server: Could not connect: Connection refused

(DataCollector_Deterministic.py:1641290): Gdk-CRITICAL **: 18:15:08.707: gdk_cursor_new_for_display: assertion 'GDK_IS_DISPLAY (display)' failed
Unable to init server: Could not connect: Connection refused

(DataCollector_Deterministic.py:1641541): Gdk-CRITICAL **: 18:15:08.748: gdk_cursor_new_for_display: assertion 'GDK_IS_DISPLAY (display)' failed
Unable to init server: Could not connect: Connection refused

(DataCollector_Deterministic.py:1642314): Gdk-CRITICAL **: 18:15:08.959: gdk_cursor_new_for_display: assertion 'GDK_IS_DISPLAY (display)' failed
Unable to init server: Could not connect: Connection refused

(DataCollector_Deterministic.py:1642606): Gdk-CRITICAL **: 18:15:09.119: gdk_cursor_new_for_display: assertion 'GDK_IS_DISPLAY (display)' failed
Unable to init server: Could not connect: Connection refused

(DataCollector_Deterministic.py:1640855): Gdk-CRITICAL **: 18:15:09.223: gdk_cursor_new_for_display: assertion 'GDK_IS_DISPLAY (display)' failed
Initalising...
Running Sim...
.Initalising...
Running Sim...

Data Dump...
Initalising...
Running Sim...

Data Dump...
Initalising...
Running Sim...

Data Dump...
Initalising...
Running Sim...

Data Dump...
Initalising...
Running Sim...

Data Dump...
Initalising...
Running Sim...

Data Dump...
Initalising...
Running Sim...

Data Dump...
Initalising...
Running Sim...

Data Dump...
Initalising...
Running Sim...

Data Dump...
Initalising...
Running Sim...

Data Dump...
Initalising...
Running Sim...

Data Dump...
Initalising...
Running Sim...

Data Dump...
Initalising...
Running Sim...

Data Dump...
Initalising...
Running Sim...

Data Dump...
Initalising...
Running Sim...

Data Dump...
Initalising...
Running Sim...
.Initalising...
Running Sim...
.Initalising...
Running Sim...
.Initalising...
Running Sim...
.Initalising...
Running Sim...
.Initalising...
Running Sim...
.Initalising...
Running Sim...
.Initalising...
Running Sim...
.Initalising...
Running Sim...
.Initalising...
Running Sim...
.Initalising...
Running Sim...
.Initalising...
Running Sim...
.Initalising...
Running Sim...
.Initalising...
Running Sim...
.Initalising...
Running Sim...
.Initalising...
Running Sim...
.Initalising...
Running Sim...
.Initalising...
Running Sim...
.Initalising...
Running Sim...
.Initalising...
Running Sim...
.Initalising...
Running Sim...
.Initalising...
Running Sim...
.Initalising...
Running Sim...
.Initalising...
Running Sim...
.Initalising...
Running Sim...
.Initalising...
Running Sim...
.Initalising...
Running Sim...
.Initalising...
Running Sim...
.Initalising...
Running Sim...
.Initalising...
Running Sim...
.Initalising...
Running Sim...
.Initalising...
Running Sim...
.Initalising...
Running Sim...
.Initalising...
Running Sim...
.Initalising...
Running Sim...
.Initalising...
Running Sim...
.Initalising...
Running Sim...
.Initalising...
Running Sim...
.Initalising...
Running Sim...
.Initalising...
Running Sim...
.Initalising...
Running Sim...
.Initalising...
Running Sim...
.Initalising...
Running Sim...
.Initalising...
Running Sim...
.Initalising...
Running Sim...
.Initalising...
Running Sim...
.Initalising...
Running Sim...
.Initalising...
Running Sim...
.Initalising...
Running Sim...
.Initalising...
Running Sim...
.Initalising...
Running Sim...
.Initalising...
Running Sim...
.Initalising...
Running Sim...
.Initalising...
Running Sim...
.Initalising...
Running Sim...
.Initalising...
Running Sim...
.Initalising...
Running Sim...
.Initalising...
Running Sim...
.Initalising...
Running Sim...
.Initalising...
Running Sim...
.Initalising...
Running Sim...
.Initalising...
Running Sim...
.Initalising...
Running Sim...
.Initalising...
Running Sim...
.Initalising...
Running Sim...
.Initalising...
Running Sim...
.Initalising...
Running Sim...
.Initalising...
Running Sim...
.Initalising...
Running Sim...
.Initalising...
Running Sim...
.Initalising...
Running Sim...
.Initalising...
Running Sim...
.Initalising...
Running Sim...
.Initalising...
Running Sim...
.Initalising...
Running Sim...
.Initalising...
Running Sim...
.Initalising...
Running Sim...
.Initalising...
Running Sim...
.Initalising...
Running Sim...
.Initalising...
Running Sim...
.Initalising...
Running Sim...
.Initalising...
Running Sim...
.Initalising...
Running Sim...
.Initalising...
Running Sim...
......................................................................................................................................................................................................................................................................................................................................................................................................................................................................................................................................................................................................................................................................................................................
[1705 9137]
....
[1710 9141]
.......................
[1784 9074]
..
[1737 9111]
............................
[9044 1874]
.
[1752 9150]
..
[1728 9141]
.....
[1699 9166]
.
[7933 2918]
...
[9037 1852]
.
[1693 9168]
.
[1758 9110]
........
[1739 9126]
..
[1768 9112]
.
[1696 9131]
....
[2628 8149]
..
[1728 9080]
.
[9101 1859]
...
[1702 9181]
.
[1729 9110]
.
[1715 9150]
..
[1716 9141]
.
[2606 8210]
..
[1758 9146]
.
[1760 9116]
.
[1913 8974]
.
[1739 9137]
.
[1667 9153]
.
[1636 9160]
.
[1769 9089]
.
[1736 9153]
.
[1748 9085]
.
[1703 9126]
.
[1828 9099]
.
[1706 9167]
.
[1681 9159]
.
[1702 9119]
.
[1679 9172]
.
[1998 8832]
.
[1786 9111]
.
[1738 9113]
.
[1734 9104]
.
[1783 9043]
.
[1751 9109]
.
[1945 8909]
.
[1759 9083]
.
[2556 8262]
.
[1704 9124]
.
[1750 9153]
.
[1632 9184]
..
[1971 8894]
.
[3438 7299]
..
[1789 9022]
.
[1797 9043]
.
[1891 8968]
.
[1880 8932]
.
[1737 9077]
.
[1745 9146]
.
[1715 9111]
.
[1722 9108]
...
[1686 9160]
..
[2114 8719]
..
[2366 8459]
.
[2148 8641]
..
[2768 8039]
...
[2086 8723]
..
[2015 8805]
.
[1945 8897]
......
[2883 7892]
.
[3280 7496]
...
[2940 7830]
..
[7279 3526]
....
[2640 8155]
..
[3224 7585]
....
[6682 4039]
.
[7284 3485]
...
[3125 7638]
..
[2701 8078]
.......
[3682 7081]
....
[2894 7874]
.................
[7327 3438]
...
[3142 7607]
...
[3904 6828]
....
[4530 6203]
.........
[5920 4805]
......................................................................................................................................................................................................................................
Data Dump...
........................................................................................
Data Dump...
.............
Data Dump...
.
Data Dump...
........
Data Dump...
.................................
Data Dump...
....
Data Dump...
.....
Data Dump...
.........
Data Dump...
.................
Data Dump...

Data Dump...
.........
Data Dump...
..
Data Dump...
.....................
Data Dump...
.
Data Dump...
..........
[  53 4120]
...............................................
[  45 4296]
.................
[  48 4173]
................
[  46 4406]
..
[  77 3915]
........
[  89 3840]
..
[  53 4374]
.....
[  61 4203]
......
[  56 4297]
...
[  50 4292]
.....
[  59 4324]
....................
[  47 4244]
.
[  53 4278]
.
[  35 4359]
....................
[  63 4210]
....
[  60 4269]
..
[  81 4027]
.
[  70 4092]
....
[  59 4122]
.
[  64 4026]
.......
[  73 4047]
.
[  73 3925]
...
[  82 4051]
.........
[  78 3949]
...
[  88 3663]
.
[  78 3954]
..
[  76 3824]
........
[  65 3909]
...
[  73 3999]
...........
[  91 3752]
.
[  64 3905]
...
[  87 3832]
......................................
[ 113 3630]
...
[ 118 3633]
................
[ 129 3572]
.........
[ 126 3635]
.......
[ 175 3496]
.....
[ 143 3525]
....
[ 138 3496]
.....
[ 181 3357]
....
[ 360 2918]
.........
[ 163 3438]
...
[2573  599]
.
[ 352 2887]
.......................
[ 216 3314]
......
[ 177 3389]
..
[ 162 3475]
..
[ 322 2946]
.........
[ 223 3244]
..........
[ 226 3293]
...................
[ 257 3108]
.....
[ 603 2470]
........................
[ 397 2870]
.......................
[ 24 301]

Data Dump...
..........
[ 425 2863]
...............
[ 327 2957]
.....
[ 428 2813]
...
[ 523 2664]
..............
[ 524 2730]
..
Data Dump...
..
[ 404 2842]
..
[ 22 317]

Data Dump...
....
[ 417 2807]
....
[ 509 2654]
......................
[ 28 307]

Data Dump...
..............
[ 657 2481]
.......
[ 34 318]

Data Dump...

[2254  802]
..
[ 530 2617]
..
[2251  795]
........
[ 26 350]

Data Dump...
....
[ 29 313]

Data Dump...
....................
[ 23 342]

Data Dump...
..
[ 32 330]

Data Dump...
.
[ 27 314]

Data Dump...
.
[ 27 336]

Data Dump...
...
[ 36 286]

Data Dump...

[2258  792]
.....
[ 758 2287]
..
[1890 1083]
.....
[ 22 321]

Data Dump...
......
[1641 1333]
.....................
[ 946 2020]
........
[ 31 339]

Data Dump...
..
[ 32 271]
.
[ 29 340]

Data Dump...
.......
Data Dump...
.......
[ 36 289]

Data Dump...
....................
[ 31 313]

Data Dump...
...
[ 24 343]

Data Dump...
......
[ 39 278]
..
Data Dump...
......
[ 33 316]

Data Dump...
.........
[ 30 242]
.
[ 35 244]
...
Data Dump...
..
Data Dump...
....
[ 43 294]

Data Dump...
....
[ 46 268]
.
Data Dump...
...
[ 33 295]

Data Dump...
....
[ 34 293]
......
[ 41 314]

Data Dump...
....
Data Dump...
................
[ 34 283]

Data Dump...
................
[ 28 265]
...
[ 27 284]
.
Data Dump...
....
Data Dump...
..
[ 42 234]
......
[ 39 295]
..........
Data Dump...

[ 39 230]
..
Data Dump...
.........
Data Dump...
....
[ 43 265]
......................
Data Dump...
......
[ 53 192]
...
[ 50 180]
.
[158  94]
..
[ 48 239]
.................
[ 64 233]
..
[ 38 250]
.....
Data Dump...
.........
Data Dump...

Data Dump...
....
[ 39 249]
...
[ 50 244]
.
Data Dump...
.
Data Dump...
..
[ 41 242]
.
[ 38 244]
.....
[ 38 250]
...
Data Dump...
.....
Data Dump...
...
Data Dump...
....
Data Dump...
...
Data Dump...

[ 77 184]
.....
Data Dump...
.
[ 40 210]
.
[ 39 211]
..
[ 45 198]
.......
[ 59 194]
.......
[ 48 211]
...
[ 55 199]
.......
Data Dump...

Data Dump...
..
[ 73 195]
..
Data Dump...
.
Data Dump...

[ 39 234]
.....
[168 103]
.
[ 50 251]
...
Data Dump...
....
Data Dump...

[ 55 181]
.....
Data Dump...
......
Data Dump...

[ 63 217]
.
Data Dump...
..
Data Dump...
...
Data Dump...
..
[108 129]
.....
Data Dump...
.
[ 61 196]
.......
Data Dump...
..
[ 56 185]
....
[146  99]
.
[ 58 196]
.
Data Dump...
....
Data Dump...
...
[ 51 191]
..
[ 74 161]
...
Data Dump...

Data Dump...

[ 66 181]
..
Data Dump...
.
[129  94]
...
[138 100]
.
Data Dump...
...
[ 70 166]
.
Data Dump...
...
Data Dump...
.
Data Dump...
.
Data Dump...
.
Data Dump...
High 2 8
Done
