Unable to init server: Could not connect: Connection refused
Unable to init server: Could not connect: Connection refused
Unable to init server: Could not connect: Connection refused
Unable to init server: Could not connect: Connection refused
Unable to init server: Could not connect: Connection refused
Unable to init server: Could not connect: Connection refused
Unable to init server: Could not connect: Connection refused
Unable to init server: Could not connect: Connection refused
Unable to init server: Could not connect: Connection refused
Unable to init server: Could not connect: Connection refused
Unable to init server: Could not connect: Connection refused
Unable to init server: Could not connect: Connection refused
Unable to init server: Could not connect: Connection refused
Unable to init server: Could not connect: Connection refused
Unable to init server: Could not connect: Connection refused
Unable to init server: Could not connect: Connection refused
Unable to init server: Could not connect: Connection refused
Unable to init server: Could not connect: Connection refused
Unable to init server: Could not connect: Connection refused
Unable to init server: Could not connect: Connection refused
Unable to init server: Could not connect: Connection refused
Unable to init server: Could not connect: Connection refused
Unable to init server: Could not connect: Connection refused
Unable to init server: Could not connect: Connection refused
Unable to init server: Could not connect: Connection refused
Unable to init server: Could not connect: Connection refused
Unable to init server: Could not connect: Connection refused
Unable to init server: Could not connect: Connection refused
Unable to init server: Could not connect: Connection refused
Unable to init server: Could not connect: Connection refused
Unable to init server: Could not connect: Connection refused
Unable to init server: Could not connect: Connection refused
Unable to init server: Could not connect: Connection refused
Unable to init server: Could not connect: Connection refused
Unable to init server: Could not connect: Connection refused
Unable to init server: Could not connect: Connection refused
Unable to init server: Could not connect: Connection refused
Unable to init server: Could not connect: Connection refused
Unable to init server: Could not connect: Connection refused
Unable to init server: Could not connect: Connection refused
Unable to init server: Could not connect: Connection refused
Unable to init server: Could not connect: Connection refused
Unable to init server: Could not connect: Connection refused
Unable to init server: Could not connect: Connection refused
Unable to init server: Could not connect: Connection refused
Unable to init server: Could not connect: Connection refused
Unable to init server: Could not connect: Connection refused
Unable to init server: Could not connect: Connection refused
Unable to init server: Could not connect: Connection refused
Unable to init server: Could not connect: Connection refused
Unable to init server: Could not connect: Connection refused
Unable to init server: Could not connect: Connection refused
Unable to init server: Could not connect: Connection refused
Unable to init server: Could not connect: Connection refused
Unable to init server: Could not connect: Connection refused
Unable to init server: Could not connect: Connection refused
Unable to init server: Could not connect: Connection refused
Unable to init server: Could not connect: Connection refused
Unable to init server: Could not connect: Connection refused
Unable to init server: Could not connect: Connection refused
Unable to init server: Could not connect: Connection refused
Unable to init server: Could not connect: Connection refused
Unable to init server: Could not connect: Connection refused
Unable to init server: Could not connect: Connection refused
Unable to init server: Could not connect: Connection refused
Unable to init server: Could not connect: Connection refused
Unable to init server: Could not connect: Connection refused
Unable to init server: Could not connect: Connection refused

(DataCollector_Deterministic.py:3127792): Gdk-CRITICAL **: 18:09:23.028: gdk_cursor_new_for_display: assertion 'GDK_IS_DISPLAY (display)' failed
Unable to init server: Could not connect: Connection refused

(DataCollector_Deterministic.py:3127782): Gdk-CRITICAL **: 18:09:23.045: gdk_cursor_new_for_display: assertion 'GDK_IS_DISPLAY (display)' failed
Unable to init server: Could not connect: Connection refused
Unable to init server: Could not connect: Connection refused
Unable to init server: Could not connect: Connection refused
Unable to init server: Could not connect: Connection refused
Unable to init server: Could not connect: Connection refused
Unable to init server: Could not connect: Connection refused
Unable to init server: Could not connect: Connection refused
Unable to init server: Could not connect: Connection refused
Unable to init server: Could not connect: Connection refused

(DataCollector_Deterministic.py:3127806): Gdk-CRITICAL **: 18:09:23.192: gdk_cursor_new_for_display: assertion 'GDK_IS_DISPLAY (display)' failed
Unable to init server: Could not connect: Connection refused

(DataCollector_Deterministic.py:3127850): Gdk-CRITICAL **: 18:09:23.198: gdk_cursor_new_for_display: assertion 'GDK_IS_DISPLAY (display)' failed
Unable to init server: Could not connect: Connection refused

(DataCollector_Deterministic.py:3127813): Gdk-CRITICAL **: 18:09:23.203: gdk_cursor_new_for_display: assertion 'GDK_IS_DISPLAY (display)' failed
Unable to init server: Could not connect: Connection refused
Unable to init server: Could not connect: Connection refused

(DataCollector_Deterministic.py:3127790): Gdk-CRITICAL **: 18:09:23.247: gdk_cursor_new_for_display: assertion 'GDK_IS_DISPLAY (display)' failed
Unable to init server: Could not connect: Connection refused
Unable to init server: Could not connect: Connection refused

(DataCollector_Deterministic.py:3127783): Gdk-CRITICAL **: 18:09:23.266: gdk_cursor_new_for_display: assertion 'GDK_IS_DISPLAY (display)' failed
Unable to init server: Could not connect: Connection refused

(DataCollector_Deterministic.py:3127818): Gdk-CRITICAL **: 18:09:23.284: gdk_cursor_new_for_display: assertion 'GDK_IS_DISPLAY (display)' failed
Unable to init server: Could not connect: Connection refused
Unable to init server: Could not connect: Connection refused
Unable to init server: Could not connect: Connection refused
Unable to init server: Could not connect: Connection refused
Unable to init server: Could not connect: Connection refused

(DataCollector_Deterministic.py:3127854): Gdk-CRITICAL **: 18:09:23.354: gdk_cursor_new_for_display: assertion 'GDK_IS_DISPLAY (display)' failed
Unable to init server: Could not connect: Connection refused

(DataCollector_Deterministic.py:3127851): Gdk-CRITICAL **: 18:09:23.363: gdk_cursor_new_for_display: assertion 'GDK_IS_DISPLAY (display)' failed
Unable to init server: Could not connect: Connection refused

(DataCollector_Deterministic.py:3127805): Gdk-CRITICAL **: 18:09:23.375: gdk_cursor_new_for_display: assertion 'GDK_IS_DISPLAY (display)' failed
Unable to init server: Could not connect: Connection refused

(DataCollector_Deterministic.py:3127788): Gdk-CRITICAL **: 18:09:23.382: gdk_cursor_new_for_display: assertion 'GDK_IS_DISPLAY (display)' failed
Unable to init server: Could not connect: Connection refused
Unable to init server: Could not connect: Connection refused

(DataCollector_Deterministic.py:3127838): Gdk-CRITICAL **: 18:09:23.425: gdk_cursor_new_for_display: assertion 'GDK_IS_DISPLAY (display)' failed
Unable to init server: Could not connect: Connection refused
Unable to init server: Could not connect: Connection refused

(DataCollector_Deterministic.py:3127835): Gdk-CRITICAL **: 18:09:23.468: gdk_cursor_new_for_display: assertion 'GDK_IS_DISPLAY (display)' failed
Unable to init server: Could not connect: Connection refused
Unable to init server: Could not connect: Connection refused
Unable to init server: Could not connect: Connection refused

(DataCollector_Deterministic.py:3127839): Gdk-CRITICAL **: 18:09:23.480: gdk_cursor_new_for_display: assertion 'GDK_IS_DISPLAY (display)' failed
Unable to init server: Could not connect: Connection refused
Unable to init server: Could not connect: Connection refused
Unable to init server: Could not connect: Connection refused
Unable to init server: Could not connect: Connection refused
Unable to init server: Could not connect: Connection refused
Unable to init server: Could not connect: Connection refused

(DataCollector_Deterministic.py:3127897): Gdk-CRITICAL **: 18:09:23.592: gdk_cursor_new_for_display: assertion 'GDK_IS_DISPLAY (display)' failed
Unable to init server: Could not connect: Connection refused

(DataCollector_Deterministic.py:3127791): Gdk-CRITICAL **: 18:09:23.596: gdk_cursor_new_for_display: assertion 'GDK_IS_DISPLAY (display)' failed
Unable to init server: Could not connect: Connection refused
Unable to init server: Could not connect: Connection refused

(DataCollector_Deterministic.py:3127798): Gdk-CRITICAL **: 18:09:23.625: gdk_cursor_new_for_display: assertion 'GDK_IS_DISPLAY (display)' failed
Unable to init server: Could not connect: Connection refused
Unable to init server: Could not connect: Connection refused
Unable to init server: Could not connect: Connection refused

(DataCollector_Deterministic.py:3127885): Gdk-CRITICAL **: 18:09:23.656: gdk_cursor_new_for_display: assertion 'GDK_IS_DISPLAY (display)' failed
Unable to init server: Could not connect: Connection refused
Unable to init server: Could not connect: Connection refused

(DataCollector_Deterministic.py:3127905): Gdk-CRITICAL **: 18:09:23.695: gdk_cursor_new_for_display: assertion 'GDK_IS_DISPLAY (display)' failed
Unable to init server: Could not connect: Connection refused

(DataCollector_Deterministic.py:3127815): Gdk-CRITICAL **: 18:09:23.712: gdk_cursor_new_for_display: assertion 'GDK_IS_DISPLAY (display)' failed
Unable to init server: Could not connect: Connection refused

(DataCollector_Deterministic.py:3127785): Gdk-CRITICAL **: 18:09:23.722: gdk_cursor_new_for_display: assertion 'GDK_IS_DISPLAY (display)' failed
Unable to init server: Could not connect: Connection refused

(DataCollector_Deterministic.py:3127870): Gdk-CRITICAL **: 18:09:23.727: gdk_cursor_new_for_display: assertion 'GDK_IS_DISPLAY (display)' failed
Unable to init server: Could not connect: Connection refused

(DataCollector_Deterministic.py:3127809): Gdk-CRITICAL **: 18:09:23.741: gdk_cursor_new_for_display: assertion 'GDK_IS_DISPLAY (display)' failed
Unable to init server: Could not connect: Connection refused

(DataCollector_Deterministic.py:3127819): Gdk-CRITICAL **: 18:09:23.754: gdk_cursor_new_for_display: assertion 'GDK_IS_DISPLAY (display)' failed

(DataCollector_Deterministic.py:3127803): Gdk-CRITICAL **: 18:09:23.769: gdk_cursor_new_for_display: assertion 'GDK_IS_DISPLAY (display)' failed
Unable to init server: Could not connect: Connection refused
Unable to init server: Could not connect: Connection refused
Unable to init server: Could not connect: Connection refused

(DataCollector_Deterministic.py:3127860): Gdk-CRITICAL **: 18:09:23.808: gdk_cursor_new_for_display: assertion 'GDK_IS_DISPLAY (display)' failed
Unable to init server: Could not connect: Connection refused
Unable to init server: Could not connect: Connection refused

(DataCollector_Deterministic.py:3127871): Gdk-CRITICAL **: 18:09:23.836: gdk_cursor_new_for_display: assertion 'GDK_IS_DISPLAY (display)' failed
Unable to init server: Could not connect: Connection refused
Unable to init server: Could not connect: Connection refused

(DataCollector_Deterministic.py:3127900): Gdk-CRITICAL **: 18:09:23.848: gdk_cursor_new_for_display: assertion 'GDK_IS_DISPLAY (display)' failed
Unable to init server: Could not connect: Connection refused

(DataCollector_Deterministic.py:3127814): Gdk-CRITICAL **: 18:09:23.871: gdk_cursor_new_for_display: assertion 'GDK_IS_DISPLAY (display)' failed
Unable to init server: Could not connect: Connection refused

(DataCollector_Deterministic.py:3127858): Gdk-CRITICAL **: 18:09:23.895: gdk_cursor_new_for_display: assertion 'GDK_IS_DISPLAY (display)' failed
Unable to init server: Could not connect: Connection refused
Unable to init server: Could not connect: Connection refused

(DataCollector_Deterministic.py:3127801): Gdk-CRITICAL **: 18:09:23.934: gdk_cursor_new_for_display: assertion 'GDK_IS_DISPLAY (display)' failed
Unable to init server: Could not connect: Connection refused
Unable to init server: Could not connect: Connection refused

(DataCollector_Deterministic.py:3127873): Gdk-CRITICAL **: 18:09:23.957: gdk_cursor_new_for_display: assertion 'GDK_IS_DISPLAY (display)' failed
Unable to init server: Could not connect: Connection refused
Unable to init server: Could not connect: Connection refused

(DataCollector_Deterministic.py:3127825): Gdk-CRITICAL **: 18:09:23.966: gdk_cursor_new_for_display: assertion 'GDK_IS_DISPLAY (display)' failed
Unable to init server: Could not connect: Connection refused
Unable to init server: Could not connect: Connection refused

(DataCollector_Deterministic.py:3127884): Gdk-CRITICAL **: 18:09:24.021: gdk_cursor_new_for_display: assertion 'GDK_IS_DISPLAY (display)' failed
Unable to init server: Could not connect: Connection refused

(DataCollector_Deterministic.py:3127824): Gdk-CRITICAL **: 18:09:24.050: gdk_cursor_new_for_display: assertion 'GDK_IS_DISPLAY (display)' failed
Unable to init server: Could not connect: Connection refused

(DataCollector_Deterministic.py:3127856): Gdk-CRITICAL **: 18:09:24.075: gdk_cursor_new_for_display: assertion 'GDK_IS_DISPLAY (display)' failed
Unable to init server: Could not connect: Connection refused

(DataCollector_Deterministic.py:3127883): Gdk-CRITICAL **: 18:09:24.177: gdk_cursor_new_for_display: assertion 'GDK_IS_DISPLAY (display)' failed

(DataCollector_Deterministic.py:3127865): Gdk-CRITICAL **: 18:09:24.185: gdk_cursor_new_for_display: assertion 'GDK_IS_DISPLAY (display)' failed
Unable to init server: Could not connect: Connection refused

(DataCollector_Deterministic.py:3127844): Gdk-CRITICAL **: 18:09:24.193: gdk_cursor_new_for_display: assertion 'GDK_IS_DISPLAY (display)' failed
Unable to init server: Could not connect: Connection refused

(DataCollector_Deterministic.py:3127830): Gdk-CRITICAL **: 18:09:24.213: gdk_cursor_new_for_display: assertion 'GDK_IS_DISPLAY (display)' failed
Unable to init server: Could not connect: Connection refused

(DataCollector_Deterministic.py:3127877): Gdk-CRITICAL **: 18:09:24.227: gdk_cursor_new_for_display: assertion 'GDK_IS_DISPLAY (display)' failed
Unable to init server: Could not connect: Connection refused
Unable to init server: Could not connect: Connection refused

(DataCollector_Deterministic.py:3127872): Gdk-CRITICAL **: 18:09:24.276: gdk_cursor_new_for_display: assertion 'GDK_IS_DISPLAY (display)' failed

(DataCollector_Deterministic.py:3127864): Gdk-CRITICAL **: 18:09:24.309: gdk_cursor_new_for_display: assertion 'GDK_IS_DISPLAY (display)' failed
Unable to init server: Could not connect: Connection refused
Unable to init server: Could not connect: Connection refused

(DataCollector_Deterministic.py:3127855): Gdk-CRITICAL **: 18:09:24.320: gdk_cursor_new_for_display: assertion 'GDK_IS_DISPLAY (display)' failed
Unable to init server: Could not connect: Connection refused

(DataCollector_Deterministic.py:3127845): Gdk-CRITICAL **: 18:09:24.322: gdk_cursor_new_for_display: assertion 'GDK_IS_DISPLAY (display)' failed
Unable to init server: Could not connect: Connection refused

(DataCollector_Deterministic.py:3127876): Gdk-CRITICAL **: 18:09:24.343: gdk_cursor_new_for_display: assertion 'GDK_IS_DISPLAY (display)' failed
Unable to init server: Could not connect: Connection refused

(DataCollector_Deterministic.py:3127943): Gdk-CRITICAL **: 18:09:24.365: gdk_cursor_new_for_display: assertion 'GDK_IS_DISPLAY (display)' failed
Unable to init server: Could not connect: Connection refused

(DataCollector_Deterministic.py:3127896): Gdk-CRITICAL **: 18:09:24.381: gdk_cursor_new_for_display: assertion 'GDK_IS_DISPLAY (display)' failed
Unable to init server: Could not connect: Connection refused

(DataCollector_Deterministic.py:3127863): Gdk-CRITICAL **: 18:09:24.387: gdk_cursor_new_for_display: assertion 'GDK_IS_DISPLAY (display)' failed
Unable to init server: Could not connect: Connection refused

(DataCollector_Deterministic.py:3127821): Gdk-CRITICAL **: 18:09:24.411: gdk_cursor_new_for_display: assertion 'GDK_IS_DISPLAY (display)' failed
Unable to init server: Could not connect: Connection refused

(DataCollector_Deterministic.py:3127834): Gdk-CRITICAL **: 18:09:24.420: gdk_cursor_new_for_display: assertion 'GDK_IS_DISPLAY (display)' failed
Unable to init server: Could not connect: Connection refused
Unable to init server: Could not connect: Connection refused

(DataCollector_Deterministic.py:3127951): Gdk-CRITICAL **: 18:09:24.444: gdk_cursor_new_for_display: assertion 'GDK_IS_DISPLAY (display)' failed
Unable to init server: Could not connect: Connection refused

(DataCollector_Deterministic.py:3127922): Gdk-CRITICAL **: 18:09:24.449: gdk_cursor_new_for_display: assertion 'GDK_IS_DISPLAY (display)' failed
Unable to init server: Could not connect: Connection refused

(DataCollector_Deterministic.py:3127911): Gdk-CRITICAL **: 18:09:24.457: gdk_cursor_new_for_display: assertion 'GDK_IS_DISPLAY (display)' failed
Unable to init server: Could not connect: Connection refused
Unable to init server: Could not connect: Connection refused

(DataCollector_Deterministic.py:3127890): Gdk-CRITICAL **: 18:09:24.472: gdk_cursor_new_for_display: assertion 'GDK_IS_DISPLAY (display)' failed
Unable to init server: Could not connect: Connection refused

(DataCollector_Deterministic.py:3127832): Gdk-CRITICAL **: 18:09:24.484: gdk_cursor_new_for_display: assertion 'GDK_IS_DISPLAY (display)' failed
Unable to init server: Could not connect: Connection refused
Unable to init server: Could not connect: Connection refused

(DataCollector_Deterministic.py:3127947): Gdk-CRITICAL **: 18:09:24.509: gdk_cursor_new_for_display: assertion 'GDK_IS_DISPLAY (display)' failed
Unable to init server: Could not connect: Connection refused

(DataCollector_Deterministic.py:3127842): Gdk-CRITICAL **: 18:09:24.516: gdk_cursor_new_for_display: assertion 'GDK_IS_DISPLAY (display)' failed
Unable to init server: Could not connect: Connection refused

(DataCollector_Deterministic.py:3127916): Gdk-CRITICAL **: 18:09:24.524: gdk_cursor_new_for_display: assertion 'GDK_IS_DISPLAY (display)' failed
Unable to init server: Could not connect: Connection refused
Unable to init server: Could not connect: Connection refused

(DataCollector_Deterministic.py:3127895): Gdk-CRITICAL **: 18:09:24.544: gdk_cursor_new_for_display: assertion 'GDK_IS_DISPLAY (display)' failed

(DataCollector_Deterministic.py:3127833): Gdk-CRITICAL **: 18:09:24.553: gdk_cursor_new_for_display: assertion 'GDK_IS_DISPLAY (display)' failed
Unable to init server: Could not connect: Connection refused

(DataCollector_Deterministic.py:3127909): Gdk-CRITICAL **: 18:09:24.561: gdk_cursor_new_for_display: assertion 'GDK_IS_DISPLAY (display)' failed
Unable to init server: Could not connect: Connection refused

(DataCollector_Deterministic.py:3127913): Gdk-CRITICAL **: 18:09:24.597: gdk_cursor_new_for_display: assertion 'GDK_IS_DISPLAY (display)' failed
Unable to init server: Could not connect: Connection refused

(DataCollector_Deterministic.py:3127930): Gdk-CRITICAL **: 18:09:24.600: gdk_cursor_new_for_display: assertion 'GDK_IS_DISPLAY (display)' failed
Unable to init server: Could not connect: Connection refused

(DataCollector_Deterministic.py:3127923): Gdk-CRITICAL **: 18:09:24.680: gdk_cursor_new_for_display: assertion 'GDK_IS_DISPLAY (display)' failed

(DataCollector_Deterministic.py:3127893): Gdk-CRITICAL **: 18:09:24.713: gdk_cursor_new_for_display: assertion 'GDK_IS_DISPLAY (display)' failed
Unable to init server: Could not connect: Connection refused
Unable to init server: Could not connect: Connection refused

(DataCollector_Deterministic.py:3127925): Gdk-CRITICAL **: 18:09:24.869: gdk_cursor_new_for_display: assertion 'GDK_IS_DISPLAY (display)' failed

(DataCollector_Deterministic.py:3127912): Gdk-CRITICAL **: 18:09:24.905: gdk_cursor_new_for_display: assertion 'GDK_IS_DISPLAY (display)' failed

(DataCollector_Deterministic.py:3127945): Gdk-CRITICAL **: 18:09:24.929: gdk_cursor_new_for_display: assertion 'GDK_IS_DISPLAY (display)' failed
Unable to init server: Could not connect: Connection refused

(DataCollector_Deterministic.py:3127957): Gdk-CRITICAL **: 18:09:24.951: gdk_cursor_new_for_display: assertion 'GDK_IS_DISPLAY (display)' failed
Unable to init server: Could not connect: Connection refused

(DataCollector_Deterministic.py:3127904): Gdk-CRITICAL **: 18:09:24.967: gdk_cursor_new_for_display: assertion 'GDK_IS_DISPLAY (display)' failed
Unable to init server: Could not connect: Connection refused
Unable to init server: Could not connect: Connection refused

(DataCollector_Deterministic.py:3127924): Gdk-CRITICAL **: 18:09:25.060: gdk_cursor_new_for_display: assertion 'GDK_IS_DISPLAY (display)' failed
Unable to init server: Could not connect: Connection refused

(DataCollector_Deterministic.py:3127931): Gdk-CRITICAL **: 18:09:25.063: gdk_cursor_new_for_display: assertion 'GDK_IS_DISPLAY (display)' failed
Unable to init server: Could not connect: Connection refused

(DataCollector_Deterministic.py:3127879): Gdk-CRITICAL **: 18:09:25.070: gdk_cursor_new_for_display: assertion 'GDK_IS_DISPLAY (display)' failed
Unable to init server: Could not connect: Connection refused

(DataCollector_Deterministic.py:3127961): Gdk-CRITICAL **: 18:09:25.083: gdk_cursor_new_for_display: assertion 'GDK_IS_DISPLAY (display)' failed
Unable to init server: Could not connect: Connection refused

(DataCollector_Deterministic.py:3127944): Gdk-CRITICAL **: 18:09:25.098: gdk_cursor_new_for_display: assertion 'GDK_IS_DISPLAY (display)' failed
Unable to init server: Could not connect: Connection refused

(DataCollector_Deterministic.py:3127891): Gdk-CRITICAL **: 18:09:25.106: gdk_cursor_new_for_display: assertion 'GDK_IS_DISPLAY (display)' failed
Unable to init server: Could not connect: Connection refused

(DataCollector_Deterministic.py:3127962): Gdk-CRITICAL **: 18:09:25.136: gdk_cursor_new_for_display: assertion 'GDK_IS_DISPLAY (display)' failed
Unable to init server: Could not connect: Connection refused

(DataCollector_Deterministic.py:3127959): Gdk-CRITICAL **: 18:09:25.145: gdk_cursor_new_for_display: assertion 'GDK_IS_DISPLAY (display)' failed
Unable to init server: Could not connect: Connection refused

(DataCollector_Deterministic.py:3127968): Gdk-CRITICAL **: 18:09:25.166: gdk_cursor_new_for_display: assertion 'GDK_IS_DISPLAY (display)' failed
Unable to init server: Could not connect: Connection refused

(DataCollector_Deterministic.py:3127955): Gdk-CRITICAL **: 18:09:25.187: gdk_cursor_new_for_display: assertion 'GDK_IS_DISPLAY (display)' failed
Unable to init server: Could not connect: Connection refused

(DataCollector_Deterministic.py:3127933): Gdk-CRITICAL **: 18:09:25.192: gdk_cursor_new_for_display: assertion 'GDK_IS_DISPLAY (display)' failed
Unable to init server: Could not connect: Connection refused

(DataCollector_Deterministic.py:3127936): Gdk-CRITICAL **: 18:09:25.228: gdk_cursor_new_for_display: assertion 'GDK_IS_DISPLAY (display)' failed

(DataCollector_Deterministic.py:3127903): Gdk-CRITICAL **: 18:09:25.253: gdk_cursor_new_for_display: assertion 'GDK_IS_DISPLAY (display)' failed
Unable to init server: Could not connect: Connection refused

(DataCollector_Deterministic.py:3127917): Gdk-CRITICAL **: 18:09:25.286: gdk_cursor_new_for_display: assertion 'GDK_IS_DISPLAY (display)' failed
Unable to init server: Could not connect: Connection refused

(DataCollector_Deterministic.py:3127963): Gdk-CRITICAL **: 18:09:25.426: gdk_cursor_new_for_display: assertion 'GDK_IS_DISPLAY (display)' failed

(DataCollector_Deterministic.py:3127949): Gdk-CRITICAL **: 18:09:25.057: gdk_cursor_new_for_display: assertion 'GDK_IS_DISPLAY (display)' failed
Unable to init server: Could not connect: Connection refused

(DataCollector_Deterministic.py:3127960): Gdk-CRITICAL **: 18:09:25.527: gdk_cursor_new_for_display: assertion 'GDK_IS_DISPLAY (display)' failed

(DataCollector_Deterministic.py:3127937): Gdk-CRITICAL **: 18:09:25.541: gdk_cursor_new_for_display: assertion 'GDK_IS_DISPLAY (display)' failed
Unable to init server: Could not connect: Connection refused

(DataCollector_Deterministic.py:3127972): Gdk-CRITICAL **: 18:09:25.557: gdk_cursor_new_for_display: assertion 'GDK_IS_DISPLAY (display)' failed
Unable to init server: Could not connect: Connection refused

(DataCollector_Deterministic.py:3127964): Gdk-CRITICAL **: 18:09:25.576: gdk_cursor_new_for_display: assertion 'GDK_IS_DISPLAY (display)' failed
Unable to init server: Could not connect: Connection refused

(DataCollector_Deterministic.py:3127967): Gdk-CRITICAL **: 18:09:25.663: gdk_cursor_new_for_display: assertion 'GDK_IS_DISPLAY (display)' failed
Unable to init server: Could not connect: Connection refused

(DataCollector_Deterministic.py:3127942): Gdk-CRITICAL **: 18:09:25.682: gdk_cursor_new_for_display: assertion 'GDK_IS_DISPLAY (display)' failed
Unable to init server: Could not connect: Connection refused

(DataCollector_Deterministic.py:3127932): Gdk-CRITICAL **: 18:09:25.815: gdk_cursor_new_for_display: assertion 'GDK_IS_DISPLAY (display)' failed
Unable to init server: Could not connect: Connection refused

(DataCollector_Deterministic.py:3127970): Gdk-CRITICAL **: 18:09:25.848: gdk_cursor_new_for_display: assertion 'GDK_IS_DISPLAY (display)' failed
Unable to init server: Could not connect: Connection refused

(DataCollector_Deterministic.py:3127974): Gdk-CRITICAL **: 18:09:25.934: gdk_cursor_new_for_display: assertion 'GDK_IS_DISPLAY (display)' failed
Unable to init server: Could not connect: Connection refused

(DataCollector_Deterministic.py:3127953): Gdk-CRITICAL **: 18:09:25.971: gdk_cursor_new_for_display: assertion 'GDK_IS_DISPLAY (display)' failed
Unable to init server: Could not connect: Connection refused

(DataCollector_Deterministic.py:3127971): Gdk-CRITICAL **: 18:09:26.044: gdk_cursor_new_for_display: assertion 'GDK_IS_DISPLAY (display)' failed
Unable to init server: Could not connect: Connection refused

(DataCollector_Deterministic.py:3127966): Gdk-CRITICAL **: 18:09:26.268: gdk_cursor_new_for_display: assertion 'GDK_IS_DISPLAY (display)' failed
Initalising...
Running Sim...

Data Dump...
Initalising...
Running Sim...

Data Dump...
Initalising...
Running Sim...

Data Dump...
Initalising...
Running Sim...

Data Dump...
Initalising...
Running Sim...

Data Dump...
Initalising...
Running Sim...

Data Dump...
Initalising...
Running Sim...

Data Dump...
Initalising...
Running Sim...

Data Dump...
Initalising...
Running Sim...
.Initalising...
Running Sim...
.Initalising...
Running Sim...
.Initalising...
Running Sim...
.Initalising...
Running Sim...
.Initalising...
Running Sim...
.Initalising...
Running Sim...
.Initalising...
Running Sim...
.Initalising...
Running Sim...
.Initalising...
Running Sim...
.Initalising...
Running Sim...
.Initalising...
Running Sim...
.Initalising...
Running Sim...
.Initalising...
Running Sim...
.Initalising...
Running Sim...
.Initalising...
Running Sim...
.Initalising...
Running Sim...
.Initalising...
Running Sim...
.Initalising...
Running Sim...
.Initalising...
Running Sim...
.Initalising...
Running Sim...
.Initalising...
Running Sim...
.Initalising...
Running Sim...
.Initalising...
Running Sim...
.Initalising...
Running Sim...
.Initalising...
Running Sim...
.Initalising...
Running Sim...
.Initalising...
Running Sim...
.Initalising...
Running Sim...
.Initalising...
Running Sim...
.Initalising...
Running Sim...
.Initalising...
Running Sim...
.Initalising...
Running Sim...
.Initalising...
Running Sim...
.Initalising...
Running Sim...
.Initalising...
Running Sim...
.Initalising...
Running Sim...
.Initalising...
Running Sim...
.Initalising...
Running Sim...
.Initalising...
Running Sim...
.Initalising...
Running Sim...
.Initalising...
Running Sim...
.Initalising...
Running Sim...
.Initalising...
Running Sim...
.Initalising...
Running Sim...
.Initalising...
Running Sim...
.Initalising...
Running Sim...
.Initalising...
Running Sim...
.Initalising...
Running Sim...
.Initalising...
Running Sim...
.Initalising...
Running Sim...
.Initalising...
Running Sim...
.Initalising...
Running Sim...
.Initalising...
Running Sim...
.Initalising...
Running Sim...
.Initalising...
Running Sim...
.Initalising...
Running Sim...
.Initalising...
Running Sim...
.Initalising...
Running Sim...
.Initalising...
Running Sim...
.Initalising...
Running Sim...
.Initalising...
Running Sim...
.Initalising...
Running Sim...
.Initalising...
Running Sim...
.Initalising...
Running Sim...
.Initalising...
Running Sim...
.Initalising...
Running Sim...
.Initalising...
Running Sim...
.Initalising...
Running Sim...
.Initalising...
Running Sim...
.Initalising...
Running Sim...
.Initalising...
Running Sim...
.Initalising...
Running Sim...
.Initalising...
Running Sim...
.Initalising...
Running Sim...
.Initalising...
Running Sim...
.Initalising...
Running Sim...
.Initalising...
Running Sim...
.Initalising...
Running Sim...
.Initalising...
Running Sim...
.Initalising...
Running Sim...
.Initalising...
Running Sim...
.Initalising...
Running Sim...
.Initalising...
Running Sim...
.Initalising...
Running Sim...
.Initalising...
Running Sim...
.Initalising...
Running Sim...
.Initalising...
Running Sim...
.Initalising...
Running Sim...
.Initalising...
Running Sim...
.Initalising...
Running Sim...
.Initalising...
Running Sim...
...........................................................................................................................................................................................................................................................................................................................................................................................................................................................................................................................................................................................................................................................................................................................................................................................................................
[1751 9119]
.
[1712 9166]
..
[1704 9123]
.
[1769 9102]
.
[1690 9137]
...
[1699 9167]
.
[1742 9122]
..
[1683 9168]
.
[1715 9147]
..
[1703 9137]
..
[1683 9147]
.
[1727 9147]
.
[9202 1529]
..
[1713 9145]
..
[1711 9151]
.
[1762 9110]
.
[9177 1585]
..
[1755 9117]
.
[1761 9122]
..
[1733 9115]
.....
[1917 8970]
.
[1673 9186]
.
[1738 9122]
.
[1723 9143]
.
[1821 9046]
..
[1766 9119]
.
[1743 9113]
.
[9063 1750]
..
[1784 9074]
....
[1895 8981]
.
[1799 9043]
.
[1698 9145]
.
[2046 8756]
..
[1710 9158]
..
[1742 9111]
...
[1692 9160]
.
[1751 9129]
.
[1768 9110]
....
[1765 9070]
.
[1876 8927]
.
[1879 8961]
..
[1794 9088]
...
[1720 9171]
.
[1804 9036]
..
[1772 9069]
.
[2123 8668]
..
[2047 8705]
.
[2341 8421]
.
[1949 8918]
.
[1765 9108]
.....
[8651 2067]
.
[2562 8208]
...
[2603 8147]
.
[2420 8300]
.....
[2414 8358]
.
[2572 8202]
.
[2632 8138]
...
[2312 8458]
..
[2705 8028]
..........................
[7570 3069]
...
[3177 7596]
.....
[7719 2947]
.......
[4100 6599]
.
[3759 6938]
.
[3968 6719]
.....
[3605 7063]
...
[6048 4602]
.
[4467 6232]
..
[3907 6741]
.
[7570 3111]
.
[4889 5801]
.
[7410 3220]
...
[5299 5387]
.
[4070 6616]
...
[4386 6311]
...
[4140 6524]
.
[5367 5279]
.
[4295 6368]
..
[5656 5030]
.
[4084 6553]
.
[5119 5569]
...
[4394 6261]
..
[4279 6362]
...
[6890 3748]
..
[5297 5383]
...
[4203 6485]
.
[6130 4459]
....
[5469 5202]
......
[5443 5209]
............
[5467 5169]
.....
[6097 4555]
.................
[5915 4721]
.............................................................................................................................................................................................................................................................
Data Dump...
......
Data Dump...
.......
Data Dump...
...........
Data Dump...
.......
Data Dump...
.............
Data Dump...
.........
Data Dump...
.......................................................................................................
[  48 4372]
....................................................
[  62 4204]
........
[  65 4052]
.
[  68 3944]
..........
[  74 3824]
..............
[  82 4030]
.......
[  75 3915]
......
[  65 3843]
.
[  66 3872]
.....
[  78 3854]
.
[  53 3948]
.................
[  66 3735]
.............
[  64 3828]
............
[  82 3681]
...
[  79 3555]
........
[ 124 3409]
.
[  93 3700]
........
[  86 3647]
......
[ 106 3516]
.....
[  85 3667]
......
[ 102 3583]
.
[  83 3503]
......
[ 134 3410]
...
[  98 3502]
....
[ 133 3443]
..
[ 127 3421]
..........................
[ 137 3413]
....
[3331  104]
..........
[ 194 3281]
..
[ 143 3314]
........
[ 178 3204]
............
[ 135 3363]
....
[ 153 3250]
....
[ 168 3213]
............
[ 205 3100]
......
[ 225 3044]
.......
[ 189 3007]
..............
[ 209 2980]
...
[ 293 2840]
.
[ 214 3017]
...............................
[3074  171]
.......
[ 317 2810]
...............
[ 297 2805]
..................
[ 378 2654]
......................................
[ 478 2497]
..
[ 415 2534]
.
[ 479 2475]
.......
[ 426 2566]
...................
[ 27 271]

Data Dump...
..
[ 366 2693]
...
[ 500 2528]
.
[ 469 2546]
............
[2489  422]
........
[ 514 2430]
.......................
[2547  385]
..........................................
[2425  478]
.
[ 667 2192]
...................
[2536  436]
...
[1001 1832]
......
[1026 1755]
....
[1851  885]
.
[ 939 1861]
......
[ 37 207]

Data Dump...
........
[ 960 1739]
...
[ 893 1871]
..
[1229 1569]
..
[1174 1670]
....
[1361 1366]
..
[2223  639]
.....
[1631 1167]
....
[1894  861]
..
[1537 1236]
.....
[ 36 186]

Data Dump...

[ 37 212]

Data Dump...
...
[ 952 1716]
......
[1180 1605]
..
[1037 1752]
...
[1211 1547]
.
[1116 1668]
..
[1707 1080]
...
[ 989 1725]
.....
[1460 1299]
.........
[1539 1232]
....
[1096 1670]
............
[1905  885]
..
[ 29 187]
...
[1529 1210]
.
Data Dump...
.
[ 44 181]

Data Dump...
.
[1543 1183]
..........
[ 36 168]
.....
[ 37 193]

Data Dump...
....
[1588 1164]
.
Data Dump...

[ 31 189]
.....
[ 35 170]
..........
[ 25 176]
..
Data Dump...
..
Data Dump...
.......
[1746 1008]
.
Data Dump...
...................
[ 28 183]
.......
[ 33 156]
...
Data Dump...
...................
Data Dump...
.......................
[ 28 159]
.........
[ 30 149]
.......
Data Dump...
........
[ 44 156]
....
Data Dump...
.
[ 40 167]
.........
[ 37 155]
......
[ 39 166]
...
[ 48 161]
.........
[ 28 174]
...
Data Dump...
.
Data Dump...
.
Data Dump...
....
[ 29 137]
..
Data Dump...
.
[ 31 133]
...
Data Dump...
...........
[ 54 166]
..
Data Dump...
....
[ 34 156]
.....
[ 40 136]
.......
Data Dump...

Data Dump...
...
Data Dump...
........
[188  24]
.............
Data Dump...
....
[ 45 172]
....
Data Dump...
...........................
Data Dump...

[ 38 148]
.
[ 52 140]
.
Data Dump...
..
[ 46 135]
.............
[ 30 152]
.
[ 39 138]
.................
[ 45 136]
....
Data Dump...
....
Data Dump...
...
Data Dump...
........
[ 41 111]
.....
Data Dump...
...
[ 44 114]
.......
Data Dump...
..
[ 54 142]
.
[ 36 129]
....
Data Dump...
.....
[ 46 135]
.
[ 29 122]
..........................
Data Dump...
.
[167  32]
........
[ 65 131]
...
Data Dump...
....
Data Dump...
...
Data Dump...
...
Data Dump...

[ 42 107]
..
[ 55 110]
...
Data Dump...
.......................
Data Dump...
........
Data Dump...
.......
[67 98]
..
[66 99]
..
[ 51 111]
.....
[ 63 125]
....
Data Dump...
..
[152  44]
........
Data Dump...
....
[ 75 117]
..
[48 94]
.
[ 49 111]
..............
[ 58 103]
....
[134  47]
................
Data Dump...

Data Dump...
.
Data Dump...
...
Data Dump...
.............
[136  52]
..
Data Dump...
.........
[104  62]
..
[100  73]
...
Data Dump...
.
[ 69 108]
.
Data Dump...
.
Data Dump...

[100  84]
..
[134  44]
...
[82 85]
..
[74 80]
.
Data Dump...
....
Data Dump...
..
[108  92]
.
[95 72]
.
[87 92]
.
[104  75]
......
[93 74]
...
[116  47]
.
[110  61]
....
[90 70]
........
[67 77]
..
Data Dump...
.
[99 78]
.
[92 69]
..
[91 84]
..
[ 90 109]
...
[92 84]
....
[91 71]
....
[102  71]
.
Data Dump...
..
[85 54]
.
Data Dump...
.
[126  63]
.
Data Dump...
.
Data Dump...

[98 83]
....
Data Dump...
..
[101  71]
....
Data Dump...
.
[101  65]
.....
Data Dump...
..
Data Dump...
..
Data Dump...

Data Dump...
..
Data Dump...

[97 72]
.
Data Dump...

Data Dump...

Data Dump...
.........
Data Dump...

[95 63]
.....
Data Dump...

Data Dump...

Data Dump...

Data Dump...

Data Dump...

Data Dump...
.
Data Dump...
..
Data Dump...

Data Dump...
.
Data Dump...
.
Data Dump...

Data Dump...
.
Data Dump...
.
Data Dump...

Data Dump...
Low 2 5
Done
