Unable to init server: Could not connect: Connection refused
Unable to init server: Could not connect: Connection refused

(DataCollector_Deterministic.py:1641348): Gdk-CRITICAL **: 18:14:28.843: gdk_cursor_new_for_display: assertion 'GDK_IS_DISPLAY (display)' failed
Unable to init server: Could not connect: Connection refused
Unable to init server: Could not connect: Connection refused
Unable to init server: Could not connect: Connection refused

(DataCollector_Deterministic.py:1642305): Gdk-CRITICAL **: 18:14:36.699: gdk_cursor_new_for_display: assertion 'GDK_IS_DISPLAY (display)' failed
Unable to init server: Could not connect: Connection refused

(DataCollector_Deterministic.py:1641184): Gdk-CRITICAL **: 18:14:36.855: gdk_cursor_new_for_display: assertion 'GDK_IS_DISPLAY (display)' failed
Unable to init server: Could not connect: Connection refused
Unable to init server: Could not connect: Connection refused
Unable to init server: Could not connect: Connection refused
Unable to init server: Could not connect: Connection refused

(DataCollector_Deterministic.py:1642749): Gdk-CRITICAL **: 18:14:41.066: gdk_cursor_new_for_display: assertion 'GDK_IS_DISPLAY (display)' failed
Unable to init server: Could not connect: Connection refused

(DataCollector_Deterministic.py:1640865): Gdk-CRITICAL **: 18:14:41.487: gdk_cursor_new_for_display: assertion 'GDK_IS_DISPLAY (display)' failed
Unable to init server: Could not connect: Connection refused

(DataCollector_Deterministic.py:1642466): Gdk-CRITICAL **: 18:14:41.553: gdk_cursor_new_for_display: assertion 'GDK_IS_DISPLAY (display)' failed
Unable to init server: Could not connect: Connection refused
Unable to init server: Could not connect: Connection refused
Unable to init server: Could not connect: Connection refused
Unable to init server: Could not connect: Connection refused
Unable to init server: Could not connect: Connection refused
Unable to init server: Could not connect: Connection refused
Unable to init server: Could not connect: Connection refused
Unable to init server: Could not connect: Connection refused
Unable to init server: Could not connect: Connection refused
Unable to init server: Could not connect: Connection refused
Unable to init server: Could not connect: Connection refused
Unable to init server: Could not connect: Connection refused
Unable to init server: Could not connect: Connection refused
Unable to init server: Could not connect: Connection refused
Unable to init server: Could not connect: Connection refused
Unable to init server: Could not connect: Connection refused
Unable to init server: Could not connect: Connection refused
Unable to init server: Could not connect: Connection refused

(DataCollector_Deterministic.py:1642776): Gdk-CRITICAL **: 18:14:42.769: gdk_cursor_new_for_display: assertion 'GDK_IS_DISPLAY (display)' failed
Unable to init server: Could not connect: Connection refused

(DataCollector_Deterministic.py:1642255): Gdk-CRITICAL **: 18:14:42.773: gdk_cursor_new_for_display: assertion 'GDK_IS_DISPLAY (display)' failed
Unable to init server: Could not connect: Connection refused

(DataCollector_Deterministic.py:1640904): Gdk-CRITICAL **: 18:14:42.810: gdk_cursor_new_for_display: assertion 'GDK_IS_DISPLAY (display)' failed
Unable to init server: Could not connect: Connection refused

(DataCollector_Deterministic.py:1642543): Gdk-CRITICAL **: 18:14:42.813: gdk_cursor_new_for_display: assertion 'GDK_IS_DISPLAY (display)' failed
Unable to init server: Could not connect: Connection refused

(DataCollector_Deterministic.py:1641943): Gdk-CRITICAL **: 18:14:42.817: gdk_cursor_new_for_display: assertion 'GDK_IS_DISPLAY (display)' failed
Unable to init server: Could not connect: Connection refused

(DataCollector_Deterministic.py:1641813): Gdk-CRITICAL **: 18:14:42.825: gdk_cursor_new_for_display: assertion 'GDK_IS_DISPLAY (display)' failed
Unable to init server: Could not connect: Connection refused

(DataCollector_Deterministic.py:1642859): Gdk-CRITICAL **: 18:14:42.843: gdk_cursor_new_for_display: assertion 'GDK_IS_DISPLAY (display)' failed
Unable to init server: Could not connect: Connection refused

(DataCollector_Deterministic.py:1641981): Gdk-CRITICAL **: 18:14:42.846: gdk_cursor_new_for_display: assertion 'GDK_IS_DISPLAY (display)' failed
Unable to init server: Could not connect: Connection refused

(DataCollector_Deterministic.py:1642855): Gdk-CRITICAL **: 18:14:42.857: gdk_cursor_new_for_display: assertion 'GDK_IS_DISPLAY (display)' failed
Unable to init server: Could not connect: Connection refused

(DataCollector_Deterministic.py:1641279): Gdk-CRITICAL **: 18:14:42.874: gdk_cursor_new_for_display: assertion 'GDK_IS_DISPLAY (display)' failed
Unable to init server: Could not connect: Connection refused

(DataCollector_Deterministic.py:1642205): Gdk-CRITICAL **: 18:14:42.878: gdk_cursor_new_for_display: assertion 'GDK_IS_DISPLAY (display)' failed
Unable to init server: Could not connect: Connection refused

(DataCollector_Deterministic.py:1642857): Gdk-CRITICAL **: 18:14:42.893: gdk_cursor_new_for_display: assertion 'GDK_IS_DISPLAY (display)' failed
Unable to init server: Could not connect: Connection refused

(DataCollector_Deterministic.py:1641165): Gdk-CRITICAL **: 18:14:42.897: gdk_cursor_new_for_display: assertion 'GDK_IS_DISPLAY (display)' failed
Unable to init server: Could not connect: Connection refused

(DataCollector_Deterministic.py:1642281): Gdk-CRITICAL **: 18:14:42.938: gdk_cursor_new_for_display: assertion 'GDK_IS_DISPLAY (display)' failed
Unable to init server: Could not connect: Connection refused

(DataCollector_Deterministic.py:1641774): Gdk-CRITICAL **: 18:14:42.955: gdk_cursor_new_for_display: assertion 'GDK_IS_DISPLAY (display)' failed
Unable to init server: Could not connect: Connection refused

(DataCollector_Deterministic.py:1641088): Gdk-CRITICAL **: 18:14:42.958: gdk_cursor_new_for_display: assertion 'GDK_IS_DISPLAY (display)' failed
Unable to init server: Could not connect: Connection refused

(DataCollector_Deterministic.py:1642581): Gdk-CRITICAL **: 18:14:42.966: gdk_cursor_new_for_display: assertion 'GDK_IS_DISPLAY (display)' failed
Unable to init server: Could not connect: Connection refused
Unable to init server: Could not connect: Connection refused
Unable to init server: Could not connect: Connection refused
Unable to init server: Could not connect: Connection refused
Unable to init server: Could not connect: Connection refused
Unable to init server: Could not connect: Connection refused
Unable to init server: Could not connect: Connection refused
Unable to init server: Could not connect: Connection refused
Unable to init server: Could not connect: Connection refused
Unable to init server: Could not connect: Connection refused
Unable to init server: Could not connect: Connection refused
Unable to init server: Could not connect: Connection refused
Unable to init server: Could not connect: Connection refused
Unable to init server: Could not connect: Connection refused
Unable to init server: Could not connect: Connection refused
Unable to init server: Could not connect: Connection refused
Unable to init server: Could not connect: Connection refused
Unable to init server: Could not connect: Connection refused

(DataCollector_Deterministic.py:1642504): Gdk-CRITICAL **: 18:14:46.003: gdk_cursor_new_for_display: assertion 'GDK_IS_DISPLAY (display)' failed
Unable to init server: Could not connect: Connection refused

(DataCollector_Deterministic.py:1642626): Gdk-CRITICAL **: 18:14:46.007: gdk_cursor_new_for_display: assertion 'GDK_IS_DISPLAY (display)' failed
Unable to init server: Could not connect: Connection refused

(DataCollector_Deterministic.py:1641448): Gdk-CRITICAL **: 18:14:46.074: gdk_cursor_new_for_display: assertion 'GDK_IS_DISPLAY (display)' failed
Unable to init server: Could not connect: Connection refused

(DataCollector_Deterministic.py:1642287): Gdk-CRITICAL **: 18:14:46.150: gdk_cursor_new_for_display: assertion 'GDK_IS_DISPLAY (display)' failed
Unable to init server: Could not connect: Connection refused

(DataCollector_Deterministic.py:1641801): Gdk-CRITICAL **: 18:14:46.159: gdk_cursor_new_for_display: assertion 'GDK_IS_DISPLAY (display)' failed
Unable to init server: Could not connect: Connection refused

(DataCollector_Deterministic.py:1641957): Gdk-CRITICAL **: 18:14:46.179: gdk_cursor_new_for_display: assertion 'GDK_IS_DISPLAY (display)' failed
Unable to init server: Could not connect: Connection refused

(DataCollector_Deterministic.py:1642612): Gdk-CRITICAL **: 18:14:46.218: gdk_cursor_new_for_display: assertion 'GDK_IS_DISPLAY (display)' failed
Unable to init server: Could not connect: Connection refused

(DataCollector_Deterministic.py:1642188): Gdk-CRITICAL **: 18:14:46.245: gdk_cursor_new_for_display: assertion 'GDK_IS_DISPLAY (display)' failed
Unable to init server: Could not connect: Connection refused

(DataCollector_Deterministic.py:1641540): Gdk-CRITICAL **: 18:14:46.266: gdk_cursor_new_for_display: assertion 'GDK_IS_DISPLAY (display)' failed
Unable to init server: Could not connect: Connection refused

(DataCollector_Deterministic.py:1641308): Gdk-CRITICAL **: 18:14:46.274: gdk_cursor_new_for_display: assertion 'GDK_IS_DISPLAY (display)' failed
Unable to init server: Could not connect: Connection refused

(DataCollector_Deterministic.py:1641931): Gdk-CRITICAL **: 18:14:46.282: gdk_cursor_new_for_display: assertion 'GDK_IS_DISPLAY (display)' failed
Unable to init server: Could not connect: Connection refused

(DataCollector_Deterministic.py:1641135): Gdk-CRITICAL **: 18:14:46.562: gdk_cursor_new_for_display: assertion 'GDK_IS_DISPLAY (display)' failed
Unable to init server: Could not connect: Connection refused

(DataCollector_Deterministic.py:1641846): Gdk-CRITICAL **: 18:14:46.575: gdk_cursor_new_for_display: assertion 'GDK_IS_DISPLAY (display)' failed
Unable to init server: Could not connect: Connection refused

(DataCollector_Deterministic.py:1640850): Gdk-CRITICAL **: 18:14:46.581: gdk_cursor_new_for_display: assertion 'GDK_IS_DISPLAY (display)' failed
Unable to init server: Could not connect: Connection refused

(DataCollector_Deterministic.py:1641838): Gdk-CRITICAL **: 18:14:46.701: gdk_cursor_new_for_display: assertion 'GDK_IS_DISPLAY (display)' failed
Unable to init server: Could not connect: Connection refused

(DataCollector_Deterministic.py:1641267): Gdk-CRITICAL **: 18:14:47.098: gdk_cursor_new_for_display: assertion 'GDK_IS_DISPLAY (display)' failed
Unable to init server: Could not connect: Connection refused

(DataCollector_Deterministic.py:1641483): Gdk-CRITICAL **: 18:14:47.237: gdk_cursor_new_for_display: assertion 'GDK_IS_DISPLAY (display)' failed
Unable to init server: Could not connect: Connection refused
Unable to init server: Could not connect: Connection refused
Unable to init server: Could not connect: Connection refused
Unable to init server: Could not connect: Connection refused
Unable to init server: Could not connect: Connection refused
Unable to init server: Could not connect: Connection refused
Unable to init server: Could not connect: Connection refused

(DataCollector_Deterministic.py:1641405): Gdk-CRITICAL **: 18:14:51.366: gdk_cursor_new_for_display: assertion 'GDK_IS_DISPLAY (display)' failed
Unable to init server: Could not connect: Connection refused
Unable to init server: Could not connect: Connection refused
Unable to init server: Could not connect: Connection refused

(DataCollector_Deterministic.py:1640868): Gdk-CRITICAL **: 18:14:51.820: gdk_cursor_new_for_display: assertion 'GDK_IS_DISPLAY (display)' failed
Unable to init server: Could not connect: Connection refused

(DataCollector_Deterministic.py:1641018): Gdk-CRITICAL **: 18:14:52.026: gdk_cursor_new_for_display: assertion 'GDK_IS_DISPLAY (display)' failed
Unable to init server: Could not connect: Connection refused
Unable to init server: Could not connect: Connection refused

(DataCollector_Deterministic.py:1642710): Gdk-CRITICAL **: 18:14:52.969: gdk_cursor_new_for_display: assertion 'GDK_IS_DISPLAY (display)' failed
Unable to init server: Could not connect: Connection refused

(DataCollector_Deterministic.py:1640724): Gdk-CRITICAL **: 18:14:53.011: gdk_cursor_new_for_display: assertion 'GDK_IS_DISPLAY (display)' failed
Unable to init server: Could not connect: Connection refused

(DataCollector_Deterministic.py:1641325): Gdk-CRITICAL **: 18:14:53.359: gdk_cursor_new_for_display: assertion 'GDK_IS_DISPLAY (display)' failed
Unable to init server: Could not connect: Connection refused

(DataCollector_Deterministic.py:1641052): Gdk-CRITICAL **: 18:14:53.632: gdk_cursor_new_for_display: assertion 'GDK_IS_DISPLAY (display)' failed
Unable to init server: Could not connect: Connection refused

(DataCollector_Deterministic.py:1640493): Gdk-CRITICAL **: 18:14:53.638: gdk_cursor_new_for_display: assertion 'GDK_IS_DISPLAY (display)' failed
Unable to init server: Could not connect: Connection refused
Unable to init server: Could not connect: Connection refused

(DataCollector_Deterministic.py:1641524): Gdk-CRITICAL **: 18:14:54.741: gdk_cursor_new_for_display: assertion 'GDK_IS_DISPLAY (display)' failed
Unable to init server: Could not connect: Connection refused

(DataCollector_Deterministic.py:1641582): Gdk-CRITICAL **: 18:14:55.112: gdk_cursor_new_for_display: assertion 'GDK_IS_DISPLAY (display)' failed
Unable to init server: Could not connect: Connection refused
Unable to init server: Could not connect: Connection refused
Unable to init server: Could not connect: Connection refused

(DataCollector_Deterministic.py:1641234): Gdk-CRITICAL **: 18:15:01.332: gdk_cursor_new_for_display: assertion 'GDK_IS_DISPLAY (display)' failed
Unable to init server: Could not connect: Connection refused
Unable to init server: Could not connect: Connection refused

(DataCollector_Deterministic.py:1641397): Gdk-CRITICAL **: 18:15:02.858: gdk_cursor_new_for_display: assertion 'GDK_IS_DISPLAY (display)' failed
Unable to init server: Could not connect: Connection refused

(DataCollector_Deterministic.py:1640496): Gdk-CRITICAL **: 18:15:04.235: gdk_cursor_new_for_display: assertion 'GDK_IS_DISPLAY (display)' failed
Unable to init server: Could not connect: Connection refused
Unable to init server: Could not connect: Connection refused
Unable to init server: Could not connect: Connection refused
Unable to init server: Could not connect: Connection refused
Unable to init server: Could not connect: Connection refused
Unable to init server: Could not connect: Connection refused
Unable to init server: Could not connect: Connection refused
Unable to init server: Could not connect: Connection refused
Unable to init server: Could not connect: Connection refused
Unable to init server: Could not connect: Connection refused
Unable to init server: Could not connect: Connection refused
Unable to init server: Could not connect: Connection refused
Unable to init server: Could not connect: Connection refused
Unable to init server: Could not connect: Connection refused
Unable to init server: Could not connect: Connection refused
Unable to init server: Could not connect: Connection refused
Unable to init server: Could not connect: Connection refused
Unable to init server: Could not connect: Connection refused
Unable to init server: Could not connect: Connection refused
Unable to init server: Could not connect: Connection refused
Unable to init server: Could not connect: Connection refused
Unable to init server: Could not connect: Connection refused
Unable to init server: Could not connect: Connection refused
Unable to init server: Could not connect: Connection refused
Unable to init server: Could not connect: Connection refused
Unable to init server: Could not connect: Connection refused
Unable to init server: Could not connect: Connection refused
Unable to init server: Could not connect: Connection refused
Unable to init server: Could not connect: Connection refused
Unable to init server: Could not connect: Connection refused
Unable to init server: Could not connect: Connection refused
Unable to init server: Could not connect: Connection refused

(DataCollector_Deterministic.py:1640811): Gdk-CRITICAL **: 18:15:06.594: gdk_cursor_new_for_display: assertion 'GDK_IS_DISPLAY (display)' failed
Unable to init server: Could not connect: Connection refused
Unable to init server: Could not connect: Connection refused
Unable to init server: Could not connect: Connection refused
Unable to init server: Could not connect: Connection refused
Unable to init server: Could not connect: Connection refused

(DataCollector_Deterministic.py:1642238): Gdk-CRITICAL **: 18:15:06.755: gdk_cursor_new_for_display: assertion 'GDK_IS_DISPLAY (display)' failed
Unable to init server: Could not connect: Connection refused

(DataCollector_Deterministic.py:1640874): Gdk-CRITICAL **: 18:15:06.807: gdk_cursor_new_for_display: assertion 'GDK_IS_DISPLAY (display)' failed
Unable to init server: Could not connect: Connection refused
Unable to init server: Could not connect: Connection refused
Unable to init server: Could not connect: Connection refused
Unable to init server: Could not connect: Connection refused
Unable to init server: Could not connect: Connection refused

(DataCollector_Deterministic.py:1640490): Gdk-CRITICAL **: 18:15:06.979: gdk_cursor_new_for_display: assertion 'GDK_IS_DISPLAY (display)' failed
Unable to init server: Could not connect: Connection refused
Unable to init server: Could not connect: Connection refused
Unable to init server: Could not connect: Connection refused

(DataCollector_Deterministic.py:1641374): Gdk-CRITICAL **: 18:15:07.010: gdk_cursor_new_for_display: assertion 'GDK_IS_DISPLAY (display)' failed
Unable to init server: Could not connect: Connection refused

(DataCollector_Deterministic.py:1641758): Gdk-CRITICAL **: 18:15:07.047: gdk_cursor_new_for_display: assertion 'GDK_IS_DISPLAY (display)' failed
Unable to init server: Could not connect: Connection refused

(DataCollector_Deterministic.py:1641654): Gdk-CRITICAL **: 18:15:07.051: gdk_cursor_new_for_display: assertion 'GDK_IS_DISPLAY (display)' failed
Unable to init server: Could not connect: Connection refused
Unable to init server: Could not connect: Connection refused

(DataCollector_Deterministic.py:1640884): Gdk-CRITICAL **: 18:15:07.082: gdk_cursor_new_for_display: assertion 'GDK_IS_DISPLAY (display)' failed
Unable to init server: Could not connect: Connection refused

(DataCollector_Deterministic.py:1640984): Gdk-CRITICAL **: 18:15:07.094: gdk_cursor_new_for_display: assertion 'GDK_IS_DISPLAY (display)' failed
Unable to init server: Could not connect: Connection refused
Unable to init server: Could not connect: Connection refused

(DataCollector_Deterministic.py:1641984): Gdk-CRITICAL **: 18:15:07.146: gdk_cursor_new_for_display: assertion 'GDK_IS_DISPLAY (display)' failed
Unable to init server: Could not connect: Connection refused

(DataCollector_Deterministic.py:1642847): Gdk-CRITICAL **: 18:15:07.183: gdk_cursor_new_for_display: assertion 'GDK_IS_DISPLAY (display)' failed
Unable to init server: Could not connect: Connection refused

(DataCollector_Deterministic.py:1642274): Gdk-CRITICAL **: 18:15:07.238: gdk_cursor_new_for_display: assertion 'GDK_IS_DISPLAY (display)' failed
Unable to init server: Could not connect: Connection refused
Unable to init server: Could not connect: Connection refused

(DataCollector_Deterministic.py:1641636): Gdk-CRITICAL **: 18:15:07.322: gdk_cursor_new_for_display: assertion 'GDK_IS_DISPLAY (display)' failed
Unable to init server: Could not connect: Connection refused

(DataCollector_Deterministic.py:1641501): Gdk-CRITICAL **: 18:15:07.358: gdk_cursor_new_for_display: assertion 'GDK_IS_DISPLAY (display)' failed
Unable to init server: Could not connect: Connection refused

(DataCollector_Deterministic.py:1641212): Gdk-CRITICAL **: 18:15:07.431: gdk_cursor_new_for_display: assertion 'GDK_IS_DISPLAY (display)' failed
Unable to init server: Could not connect: Connection refused

(DataCollector_Deterministic.py:1641565): Gdk-CRITICAL **: 18:15:07.453: gdk_cursor_new_for_display: assertion 'GDK_IS_DISPLAY (display)' failed
Unable to init server: Could not connect: Connection refused
Unable to init server: Could not connect: Connection refused

(DataCollector_Deterministic.py:1641913): Gdk-CRITICAL **: 18:15:07.490: gdk_cursor_new_for_display: assertion 'GDK_IS_DISPLAY (display)' failed
Unable to init server: Could not connect: Connection refused

(DataCollector_Deterministic.py:1641899): Gdk-CRITICAL **: 18:15:07.502: gdk_cursor_new_for_display: assertion 'GDK_IS_DISPLAY (display)' failed
Unable to init server: Could not connect: Connection refused

(DataCollector_Deterministic.py:1641614): Gdk-CRITICAL **: 18:15:07.577: gdk_cursor_new_for_display: assertion 'GDK_IS_DISPLAY (display)' failed
Unable to init server: Could not connect: Connection refused

(DataCollector_Deterministic.py:1641712): Gdk-CRITICAL **: 18:15:07.582: gdk_cursor_new_for_display: assertion 'GDK_IS_DISPLAY (display)' failed
Unable to init server: Could not connect: Connection refused
Unable to init server: Could not connect: Connection refused

(DataCollector_Deterministic.py:1640743): Gdk-CRITICAL **: 18:15:07.635: gdk_cursor_new_for_display: assertion 'GDK_IS_DISPLAY (display)' failed
Unable to init server: Could not connect: Connection refused
Unable to init server: Could not connect: Connection refused

(DataCollector_Deterministic.py:1641947): Gdk-CRITICAL **: 18:15:07.767: gdk_cursor_new_for_display: assertion 'GDK_IS_DISPLAY (display)' failed
Unable to init server: Could not connect: Connection refused

(DataCollector_Deterministic.py:1642519): Gdk-CRITICAL **: 18:15:07.815: gdk_cursor_new_for_display: assertion 'GDK_IS_DISPLAY (display)' failed
Unable to init server: Could not connect: Connection refused

(DataCollector_Deterministic.py:1640486): Gdk-CRITICAL **: 18:15:07.867: gdk_cursor_new_for_display: assertion 'GDK_IS_DISPLAY (display)' failed
Unable to init server: Could not connect: Connection refused

(DataCollector_Deterministic.py:1642736): Gdk-CRITICAL **: 18:15:08.157: gdk_cursor_new_for_display: assertion 'GDK_IS_DISPLAY (display)' failed
Unable to init server: Could not connect: Connection refused

(DataCollector_Deterministic.py:1641531): Gdk-CRITICAL **: 18:15:08.161: gdk_cursor_new_for_display: assertion 'GDK_IS_DISPLAY (display)' failed
Unable to init server: Could not connect: Connection refused

(DataCollector_Deterministic.py:1641730): Gdk-CRITICAL **: 18:15:08.175: gdk_cursor_new_for_display: assertion 'GDK_IS_DISPLAY (display)' failed
Unable to init server: Could not connect: Connection refused

(DataCollector_Deterministic.py:1642760): Gdk-CRITICAL **: 18:15:08.219: gdk_cursor_new_for_display: assertion 'GDK_IS_DISPLAY (display)' failed
Unable to init server: Could not connect: Connection refused

(DataCollector_Deterministic.py:1642005): Gdk-CRITICAL **: 18:15:08.313: gdk_cursor_new_for_display: assertion 'GDK_IS_DISPLAY (display)' failed
Unable to init server: Could not connect: Connection refused

(DataCollector_Deterministic.py:1641423): Gdk-CRITICAL **: 18:15:08.335: gdk_cursor_new_for_display: assertion 'GDK_IS_DISPLAY (display)' failed
Unable to init server: Could not connect: Connection refused

(DataCollector_Deterministic.py:1641969): Gdk-CRITICAL **: 18:15:08.429: gdk_cursor_new_for_display: assertion 'GDK_IS_DISPLAY (display)' failed
Unable to init server: Could not connect: Connection refused

(DataCollector_Deterministic.py:1641108): Gdk-CRITICAL **: 18:15:08.466: gdk_cursor_new_for_display: assertion 'GDK_IS_DISPLAY (display)' failed
Unable to init server: Could not connect: Connection refused

(DataCollector_Deterministic.py:1640881): Gdk-CRITICAL **: 18:15:08.481: gdk_cursor_new_for_display: assertion 'GDK_IS_DISPLAY (display)' failed
Unable to init server: Could not connect: Connection refused

(DataCollector_Deterministic.py:1641740): Gdk-CRITICAL **: 18:15:08.527: gdk_cursor_new_for_display: assertion 'GDK_IS_DISPLAY (display)' failed
Unable to init server: Could not connect: Connection refused

(DataCollector_Deterministic.py:1642229): Gdk-CRITICAL **: 18:15:08.539: gdk_cursor_new_for_display: assertion 'GDK_IS_DISPLAY (display)' failed
Unable to init server: Could not connect: Connection refused

(DataCollector_Deterministic.py:1642843): Gdk-CRITICAL **: 18:15:08.570: gdk_cursor_new_for_display: assertion 'GDK_IS_DISPLAY (display)' failed
Unable to init server: Could not connect: Connection refused

(DataCollector_Deterministic.py:1642264): Gdk-CRITICAL **: 18:15:08.624: gdk_cursor_new_for_display: assertion 'GDK_IS_DISPLAY (display)' failed
Unable to init server: Could not connect: Connection refused

(DataCollector_Deterministic.py:1642688): Gdk-CRITICAL **: 18:15:08.630: gdk_cursor_new_for_display: assertion 'GDK_IS_DISPLAY (display)' failed
Unable to init server: Could not connect: Connection refused

(DataCollector_Deterministic.py:1642850): Gdk-CRITICAL **: 18:15:08.667: gdk_cursor_new_for_display: assertion 'GDK_IS_DISPLAY (display)' failed
Unable to init server: Could not connect: Connection refused

(DataCollector_Deterministic.py:1642740): Gdk-CRITICAL **: 18:15:08.677: gdk_cursor_new_for_display: assertion 'GDK_IS_DISPLAY (display)' failed
Unable to init server: Could not connect: Connection refused

(DataCollector_Deterministic.py:1642562): Gdk-CRITICAL **: 18:15:08.835: gdk_cursor_new_for_display: assertion 'GDK_IS_DISPLAY (display)' failed
Unable to init server: Could not connect: Connection refused

(DataCollector_Deterministic.py:1642865): Gdk-CRITICAL **: 18:15:08.859: gdk_cursor_new_for_display: assertion 'GDK_IS_DISPLAY (display)' failed
Unable to init server: Could not connect: Connection refused

(DataCollector_Deterministic.py:1642516): Gdk-CRITICAL **: 18:15:08.907: gdk_cursor_new_for_display: assertion 'GDK_IS_DISPLAY (display)' failed
Unable to init server: Could not connect: Connection refused

(DataCollector_Deterministic.py:1641788): Gdk-CRITICAL **: 18:15:09.198: gdk_cursor_new_for_display: assertion 'GDK_IS_DISPLAY (display)' failed
Unable to init server: Could not connect: Connection refused

(DataCollector_Deterministic.py:1642729): Gdk-CRITICAL **: 18:15:09.280: gdk_cursor_new_for_display: assertion 'GDK_IS_DISPLAY (display)' failed
Unable to init server: Could not connect: Connection refused

(DataCollector_Deterministic.py:1642452): Gdk-CRITICAL **: 18:15:09.471: gdk_cursor_new_for_display: assertion 'GDK_IS_DISPLAY (display)' failed
Unable to init server: Could not connect: Connection refused

(DataCollector_Deterministic.py:1640877): Gdk-CRITICAL **: 18:15:09.474: gdk_cursor_new_for_display: assertion 'GDK_IS_DISPLAY (display)' failed
Initalising...
Running Sim...

Data Dump...
Initalising...
Running Sim...

Data Dump...
Initalising...
Running Sim...

Data Dump...
Initalising...
Running Sim...

Data Dump...
Initalising...
Running Sim...
.Initalising...
Running Sim...

Data Dump...
Initalising...
Running Sim...

Data Dump...
Initalising...
Running Sim...

Data Dump...
Initalising...
Running Sim...

Data Dump...
Initalising...
Running Sim...

Data Dump...
Initalising...
Running Sim...

Data Dump...
Initalising...
Running Sim...
.Initalising...
Running Sim...
.Initalising...
Running Sim...
.Initalising...
Running Sim...
.Initalising...
Running Sim...
.Initalising...
Running Sim...
.Initalising...
Running Sim...
.Initalising...
Running Sim...
.Initalising...
Running Sim...
.Initalising...
Running Sim...
.Initalising...
Running Sim...
.Initalising...
Running Sim...
.Initalising...
Running Sim...
.Initalising...
Running Sim...
.Initalising...
Running Sim...
.Initalising...
Running Sim...
.Initalising...
Running Sim...
.Initalising...
Running Sim...
.Initalising...
Running Sim...
.Initalising...
Running Sim...
.Initalising...
Running Sim...
.Initalising...
Running Sim...
.Initalising...
Running Sim...
.Initalising...
Running Sim...
.Initalising...
Running Sim...
.Initalising...
Running Sim...
.Initalising...
Running Sim...
.Initalising...
Running Sim...
.Initalising...
Running Sim...
.Initalising...
Running Sim...
.Initalising...
Running Sim...
.Initalising...
Running Sim...
.Initalising...
Running Sim...
.Initalising...
Running Sim...
.Initalising...
Running Sim...
.Initalising...
Running Sim...
.Initalising...
Running Sim...
.Initalising...
Running Sim...
.Initalising...
Running Sim...
.Initalising...
Running Sim...
.Initalising...
Running Sim...
.Initalising...
Running Sim...
.Initalising...
Running Sim...
.Initalising...
Running Sim...
.Initalising...
Running Sim...
.Initalising...
Running Sim...
.Initalising...
Running Sim...
.Initalising...
Running Sim...
.Initalising...
Running Sim...
.Initalising...
Running Sim...
.Initalising...
Running Sim...
.Initalising...
Running Sim...
.Initalising...
Running Sim...
.Initalising...
Running Sim...
.Initalising...
Running Sim...
.Initalising...
Running Sim...
.Initalising...
Running Sim...
.Initalising...
Running Sim...
.Initalising...
Running Sim...
.Initalising...
Running Sim...
.Initalising...
Running Sim...
.Initalising...
Running Sim...
.Initalising...
Running Sim...
.Initalising...
Running Sim...
.Initalising...
Running Sim...
.Initalising...
Running Sim...
.Initalising...
Running Sim...
.Initalising...
Running Sim...
.Initalising...
Running Sim...
.Initalising...
Running Sim...
.Initalising...
Running Sim...
.Initalising...
Running Sim...
.Initalising...
Running Sim...
.Initalising...
Running Sim...
.Initalising...
Running Sim...
.Initalising...
Running Sim...
.Initalising...
Running Sim...
.Initalising...
Running Sim...
.Initalising...
Running Sim...
.Initalising...
Running Sim...
.Initalising...
Running Sim...
.Initalising...
Running Sim...
.Initalising...
Running Sim...
.Initalising...
Running Sim...
.Initalising...
Running Sim...
.Initalising...
Running Sim...
.Initalising...
Running Sim...
.Initalising...
Running Sim...
.Initalising...
Running Sim...
................................................................................................................................................................................................................................................................................................................................................................................................................................................................................................................................................................................................................................................................................................................................................
[1708 9180]
............................
[9370 1257]
.....................
[1697 9148]
......
[1674 9170]
....
[1714 9161]
.
[1715 9157]
..
[1695 9159]
...
[1702 9157]
..
[1757 9108]
...
[1733 9126]
.
[1711 9133]
.
[1796 9044]
.
[1739 9112]
..
[1755 9153]
.
[1747 9103]
.
[1707 9124]
....
[1791 9066]
..
[2095 8738]
....
[1737 9109]
...
[2026 8784]
..
[1804 9049]
..
[1785 9018]
.
[1684 9156]
...
[1705 9148]
.......
[1919 8888]
..
[9309 1306]
.
[1800 9054]
...
[9082 1499]
.
[2229 8567]
.
[2114 8666]
.
[9136 1475]
.
[9239 1364]
..
[9324 1315]
.
[2390 8406]
....
[2605 8159]
.
[8920 1635]
..
[2587 8150]
....
[8962 1599]
....
[8933 1660]
.
[2225 8561]
.
[2575 8162]
..
[1965 8869]
.
[8865 1710]
.
[2187 8577]
...
[2521 8198]
...
[8627 1931]
..
[6930 3626]
.....
[2837 7884]
..
[2412 8268]
...
[9010 1568]
...
[3201 7515]
..
[7469 3070]
.
[8759 1812]
.
[2388 8358]
.
[8325 2260]
.
[3847 6743]
......
[8712 1851]
....
[8418 2164]
.
[3884 6756]
.
[7872 2689]
.
[7901 2612]
.
[3642 7043]
..
[4053 6592]
..
[7395 3119]
......
[7947 2607]
...
[4283 6349]
..
[7504 3049]
..
[4116 6471]
..
[4760 5825]
...
[4691 5923]
.
[4968 5596]
....
[7212 3317]
....
[4135 6449]
..
[7075 3458]
..
[4208 6391]
...
[4647 5944]
......
[6693 3887]
.
[5914 4604]
...
[5431 5140]
.
[5056 5517]
..
[4419 6189]
........
[7232 3303]
.
[7122 3404]
..
[5695 4855]
..
[5971 4537]
...
[6111 4396]
.
[6159 4372]
...
[6172 4395]
......................
[6016 4561]
...
[5742 4806]
...........................................................................................................................................................
Data Dump...
.........................................................
Data Dump...
................
Data Dump...
.......
Data Dump...
........
Data Dump...
....................................................................................................................
[  92 3589]
.........................................................................................
[  83 3584]
.......................
[  72 3569]
.........................
[  88 3493]
.........................
[ 127 3277]
..
[ 121 3241]
................
[ 128 3214]
..
[ 141 3025]
.............................
[ 203 2864]
..
[ 146 2949]
.......
[3467   32]
...........
[3557   24]
...........
[ 169 2976]
.......
[ 200 2911]
......
[ 223 2751]
..
[3373   30]
...
[ 145 2982]
........
[ 228 2668]
......
[3222   44]
......
[3231   45]
............
[ 273 2521]
........
[3185   65]
...
[ 312 2550]
.........
[ 450 2292]
......
[3144   51]
........
[3153   54]
........
[ 255 2603]
....
[ 407 2268]
..
[3167   58]
..
[ 357 2375]
...
[3218   52]
.........
[2995   91]
......................
[3041   72]
...
[ 435 2181]
.......
[ 504 2108]
.....
[2891  101]
.........
[3012   97]
.
[2388  289]
.....
[ 584 2055]
..
[2970   89]
......
[ 508 2087]
..
[ 424 2299]
.
[2589  234]
...
[ 664 1866]
........
[ 675 1853]
.
[ 478 2139]
....
[2712  157]
....
[2742  181]
...
[2494  240]
..
[ 711 1858]
.
[2704  182]
...
[ 756 1815]
..........
[ 665 1937]
.......
[2622  214]
..
[ 585 1903]
.......
[1178 1267]
..........
[2450  275]
.....
[ 934 1615]
.........
[ 587 2022]
.
[2477  253]
.....................
[1182 1199]
..........
[2338  377]
.......
[1281 1165]
.....
[1306 1115]
...
[2462  278]
.
[1709  776]
.
[1134 1334]
....
[1603  878]
.
[1402 1108]
.....
[2404  264]
..
[2002  534]
...
[1528  917]
.........
[1280 1109]
....
[2094  496]
.
[1853  661]
.
[1710  786]
.....
[1917  565]
.
[2050  491]
....
[2106  475]
.
[40 73]
....
[1328 1126]
..
[1521  909]
..........
[2117  464]
......
Data Dump...
........
[1444 1005]
........................................
[2072  521]
.................................
[ 38 109]
.
[1931  614]
........
Data Dump...
......................
[31 76]
..............
Data Dump...
.........................................
[42 84]
.........................
Data Dump...
.............
[43 91]
...............................
[45 74]
............
Data Dump...
.....
[34 60]
.........
[43 73]
..
[186  12]
................
Data Dump...
................
[176  14]
...
Data Dump...
.........
Data Dump...
...
Data Dump...
....................
[45 60]
................
Data Dump...
.
[158   7]
..
[33 79]
......................
[39 85]
.......
[58 63]
........
[184  14]
......
[48 45]
.......
[181  10]
..
Data Dump...
.....
Data Dump...
....
Data Dump...
.
[31 74]
................
[177  13]
.
[113  19]
........
Data Dump...
....
[44 43]
...
Data Dump...
......
[62 42]
...
Data Dump...

[36 47]
........
Data Dump...
.
Data Dump...
.........
[144  10]
......
Data Dump...
...
[178  12]
.
[56 54]
.............
Data Dump...
....
[169  15]
.............
[51 61]
.
[67 52]
.
Data Dump...
.
Data Dump...
...
[134  14]
....
[158  12]
..............
Data Dump...
.....
[173  15]
.
Data Dump...

Data Dump...
..
[51 39]
.....
Data Dump...
............
Data Dump...
.......
[160   9]
..
[155  13]
..
Data Dump...
.
[135  15]
.
[56 36]
.....
[48 49]
...........
Data Dump...
.....
Data Dump...
.
[147   8]
..
Data Dump...
...
Data Dump...

[144  15]
.
[55 46]
.
Data Dump...
......
[65 40]
...
[142  14]
...
[57 43]
.....
[135  15]
....
Data Dump...
....
[149  24]
.
[149  25]
...
[60 50]
..
[75 34]
.....
[123  18]
......
[93 27]
..
[87 47]
......
Data Dump...
.....
Data Dump...
...
[49 36]
.
Data Dump...
...
[134  18]
..
[70 33]
..
Data Dump...
...
Data Dump...
......
[56 38]
.....
Data Dump...
.
Data Dump...
.
Data Dump...
.
[73 42]
.............
[94 33]
..
Data Dump...
....
Data Dump...
...
Data Dump...
.
[113  21]
.
Data Dump...
..
Data Dump...
.
Data Dump...
....
[149  24]
..
Data Dump...
..
[87 39]
....
Data Dump...

[72 40]
....
[51 36]
.
Data Dump...
..
[131  26]
.
Data Dump...
.....
Data Dump...

[101  47]
.
[110  25]
.
Data Dump...
.
[114  23]
.
[81 29]
.
[83 24]
.
[136  21]
..
Data Dump...
.
[117  21]
...
Data Dump...
.
[136  20]
.
[92 25]
.
Data Dump...
.
[81 27]
.....
Data Dump...
.
[105  27]
..
[103  29]
....
[95 21]
.....
[105  17]
...
[84 32]
..
Data Dump...

Data Dump...
.....
[115  20]
...
Data Dump...

Data Dump...
..
[110  25]
...
Data Dump...
.....
Data Dump...
..
[99 35]
..
Data Dump...
.....
Data Dump...

Data Dump...
.
Data Dump...

Data Dump...

Data Dump...

Data Dump...
...
Data Dump...
...
Data Dump...

Data Dump...

[107  21]
...
Data Dump...
.
Data Dump...

Data Dump...

[117  20]
.
Data Dump...
..
Data Dump...

Data Dump...
..
Data Dump...

Data Dump...
..
Data Dump...
..
Data Dump...
.
Data Dump...
Low 2 2
Done
