Unable to init server: Could not connect: Connection refused
Unable to init server: Could not connect: Connection refused
Unable to init server: Could not connect: Connection refused
Unable to init server: Could not connect: Connection refused
Unable to init server: Could not connect: Connection refused
Unable to init server: Could not connect: Connection refused
Unable to init server: Could not connect: Connection refused
Unable to init server: Could not connect: Connection refused
Unable to init server: Could not connect: Connection refused
Unable to init server: Could not connect: Connection refused
Unable to init server: Could not connect: Connection refused
Unable to init server: Could not connect: Connection refused
Unable to init server: Could not connect: Connection refused
Unable to init server: Could not connect: Connection refused
Unable to init server: Could not connect: Connection refused
Unable to init server: Could not connect: Connection refused
Unable to init server: Could not connect: Connection refused
Unable to init server: Could not connect: Connection refused
Unable to init server: Could not connect: Connection refused
Unable to init server: Could not connect: Connection refused
Unable to init server: Could not connect: Connection refused
Unable to init server: Could not connect: Connection refused
Unable to init server: Could not connect: Connection refused
Unable to init server: Could not connect: Connection refused
Unable to init server: Could not connect: Connection refused
Unable to init server: Could not connect: Connection refused
Unable to init server: Could not connect: Connection refused
Unable to init server: Could not connect: Connection refused
Unable to init server: Could not connect: Connection refused
Unable to init server: Could not connect: Connection refused
Unable to init server: Could not connect: Connection refused
Unable to init server: Could not connect: Connection refused
Unable to init server: Could not connect: Connection refused
Unable to init server: Could not connect: Connection refused
Unable to init server: Could not connect: Connection refused
Unable to init server: Could not connect: Connection refused
Unable to init server: Could not connect: Connection refused
Unable to init server: Could not connect: Connection refused
Unable to init server: Could not connect: Connection refused
Unable to init server: Could not connect: Connection refused
Unable to init server: Could not connect: Connection refused
Unable to init server: Could not connect: Connection refused
Unable to init server: Could not connect: Connection refused
Unable to init server: Could not connect: Connection refused
Unable to init server: Could not connect: Connection refused
Unable to init server: Could not connect: Connection refused
Unable to init server: Could not connect: Connection refused
Unable to init server: Could not connect: Connection refused
Unable to init server: Could not connect: Connection refused
Unable to init server: Could not connect: Connection refused
Unable to init server: Could not connect: Connection refused
Unable to init server: Could not connect: Connection refused
Unable to init server: Could not connect: Connection refused
Unable to init server: Could not connect: Connection refused
Unable to init server: Could not connect: Connection refused
Unable to init server: Could not connect: Connection refused
Unable to init server: Could not connect: Connection refused
Unable to init server: Could not connect: Connection refused
Unable to init server: Could not connect: Connection refused
Unable to init server: Could not connect: Connection refused
Unable to init server: Could not connect: Connection refused
Unable to init server: Could not connect: Connection refused
Unable to init server: Could not connect: Connection refused
Unable to init server: Could not connect: Connection refused
Unable to init server: Could not connect: Connection refused
Unable to init server: Could not connect: Connection refused
Unable to init server: Could not connect: Connection refused
Unable to init server: Could not connect: Connection refused
Unable to init server: Could not connect: Connection refused
Unable to init server: Could not connect: Connection refused
Unable to init server: Could not connect: Connection refused
Unable to init server: Could not connect: Connection refused
Unable to init server: Could not connect: Connection refused
Unable to init server: Could not connect: Connection refused
Unable to init server: Could not connect: Connection refused
Unable to init server: Could not connect: Connection refused
Unable to init server: Could not connect: Connection refused
Unable to init server: Could not connect: Connection refused
Unable to init server: Could not connect: Connection refused
Unable to init server: Could not connect: Connection refused
Unable to init server: Could not connect: Connection refused
Unable to init server: Could not connect: Connection refused
Unable to init server: Could not connect: Connection refused
Unable to init server: Could not connect: Connection refused
Unable to init server: Could not connect: Connection refused
Unable to init server: Could not connect: Connection refused
Unable to init server: Could not connect: Connection refused
Unable to init server: Could not connect: Connection refused
Unable to init server: Could not connect: Connection refused
Unable to init server: Could not connect: Connection refused
Unable to init server: Could not connect: Connection refused
Unable to init server: Could not connect: Connection refused
Unable to init server: Could not connect: Connection refused
Unable to init server: Could not connect: Connection refused
Unable to init server: Could not connect: Connection refused

(DataCollector_Deterministic.py:1952835): Gdk-CRITICAL **: 18:12:20.273: gdk_cursor_new_for_display: assertion 'GDK_IS_DISPLAY (display)' failed
Unable to init server: Could not connect: Connection refused

(DataCollector_Deterministic.py:1952724): Gdk-CRITICAL **: 18:12:20.277: gdk_cursor_new_for_display: assertion 'GDK_IS_DISPLAY (display)' failed
Unable to init server: Could not connect: Connection refused

(DataCollector_Deterministic.py:1952698): Gdk-CRITICAL **: 18:12:20.281: gdk_cursor_new_for_display: assertion 'GDK_IS_DISPLAY (display)' failed
Unable to init server: Could not connect: Connection refused

(DataCollector_Deterministic.py:1952686): Gdk-CRITICAL **: 18:12:20.284: gdk_cursor_new_for_display: assertion 'GDK_IS_DISPLAY (display)' failed
Unable to init server: Could not connect: Connection refused

(DataCollector_Deterministic.py:1952680): Gdk-CRITICAL **: 18:12:20.288: gdk_cursor_new_for_display: assertion 'GDK_IS_DISPLAY (display)' failed
Unable to init server: Could not connect: Connection refused

(DataCollector_Deterministic.py:1952841): Gdk-CRITICAL **: 18:12:20.292: gdk_cursor_new_for_display: assertion 'GDK_IS_DISPLAY (display)' failed
Unable to init server: Could not connect: Connection refused

(DataCollector_Deterministic.py:1952767): Gdk-CRITICAL **: 18:12:20.297: gdk_cursor_new_for_display: assertion 'GDK_IS_DISPLAY (display)' failed
Unable to init server: Could not connect: Connection refused

(DataCollector_Deterministic.py:1952758): Gdk-CRITICAL **: 18:12:20.300: gdk_cursor_new_for_display: assertion 'GDK_IS_DISPLAY (display)' failed
Unable to init server: Could not connect: Connection refused

(DataCollector_Deterministic.py:1952702): Gdk-CRITICAL **: 18:12:20.304: gdk_cursor_new_for_display: assertion 'GDK_IS_DISPLAY (display)' failed
Unable to init server: Could not connect: Connection refused

(DataCollector_Deterministic.py:1952706): Gdk-CRITICAL **: 18:12:20.308: gdk_cursor_new_for_display: assertion 'GDK_IS_DISPLAY (display)' failed
Unable to init server: Could not connect: Connection refused

(DataCollector_Deterministic.py:1952833): Gdk-CRITICAL **: 18:12:20.312: gdk_cursor_new_for_display: assertion 'GDK_IS_DISPLAY (display)' failed
Unable to init server: Could not connect: Connection refused

(DataCollector_Deterministic.py:1952665): Gdk-CRITICAL **: 18:12:20.321: gdk_cursor_new_for_display: assertion 'GDK_IS_DISPLAY (display)' failed
Unable to init server: Could not connect: Connection refused

(DataCollector_Deterministic.py:1952840): Gdk-CRITICAL **: 18:12:20.324: gdk_cursor_new_for_display: assertion 'GDK_IS_DISPLAY (display)' failed
Unable to init server: Could not connect: Connection refused

(DataCollector_Deterministic.py:1952762): Gdk-CRITICAL **: 18:12:20.328: gdk_cursor_new_for_display: assertion 'GDK_IS_DISPLAY (display)' failed
Unable to init server: Could not connect: Connection refused

(DataCollector_Deterministic.py:1952813): Gdk-CRITICAL **: 18:12:20.332: gdk_cursor_new_for_display: assertion 'GDK_IS_DISPLAY (display)' failed
Unable to init server: Could not connect: Connection refused
Unable to init server: Could not connect: Connection refused

(DataCollector_Deterministic.py:1952657): Gdk-CRITICAL **: 18:12:20.344: gdk_cursor_new_for_display: assertion 'GDK_IS_DISPLAY (display)' failed
Unable to init server: Could not connect: Connection refused

(DataCollector_Deterministic.py:1952676): Gdk-CRITICAL **: 18:12:20.348: gdk_cursor_new_for_display: assertion 'GDK_IS_DISPLAY (display)' failed
Unable to init server: Could not connect: Connection refused

(DataCollector_Deterministic.py:1952740): Gdk-CRITICAL **: 18:12:20.353: gdk_cursor_new_for_display: assertion 'GDK_IS_DISPLAY (display)' failed
Unable to init server: Could not connect: Connection refused

(DataCollector_Deterministic.py:1952783): Gdk-CRITICAL **: 18:12:20.357: gdk_cursor_new_for_display: assertion 'GDK_IS_DISPLAY (display)' failed
Unable to init server: Could not connect: Connection refused

(DataCollector_Deterministic.py:1952742): Gdk-CRITICAL **: 18:12:20.360: gdk_cursor_new_for_display: assertion 'GDK_IS_DISPLAY (display)' failed
Unable to init server: Could not connect: Connection refused

(DataCollector_Deterministic.py:1952795): Gdk-CRITICAL **: 18:12:20.368: gdk_cursor_new_for_display: assertion 'GDK_IS_DISPLAY (display)' failed
Unable to init server: Could not connect: Connection refused

(DataCollector_Deterministic.py:1952732): Gdk-CRITICAL **: 18:12:20.372: gdk_cursor_new_for_display: assertion 'GDK_IS_DISPLAY (display)' failed
Unable to init server: Could not connect: Connection refused

(DataCollector_Deterministic.py:1952692): Gdk-CRITICAL **: 18:12:20.375: gdk_cursor_new_for_display: assertion 'GDK_IS_DISPLAY (display)' failed
Unable to init server: Could not connect: Connection refused

(DataCollector_Deterministic.py:1952837): Gdk-CRITICAL **: 18:12:20.379: gdk_cursor_new_for_display: assertion 'GDK_IS_DISPLAY (display)' failed
Unable to init server: Could not connect: Connection refused

(DataCollector_Deterministic.py:1952799): Gdk-CRITICAL **: 18:12:20.383: gdk_cursor_new_for_display: assertion 'GDK_IS_DISPLAY (display)' failed
Unable to init server: Could not connect: Connection refused

(DataCollector_Deterministic.py:1952661): Gdk-CRITICAL **: 18:12:20.386: gdk_cursor_new_for_display: assertion 'GDK_IS_DISPLAY (display)' failed
Unable to init server: Could not connect: Connection refused
Unable to init server: Could not connect: Connection refused

(DataCollector_Deterministic.py:1952838): Gdk-CRITICAL **: 18:12:20.396: gdk_cursor_new_for_display: assertion 'GDK_IS_DISPLAY (display)' failed
Unable to init server: Could not connect: Connection refused

(DataCollector_Deterministic.py:1952718): Gdk-CRITICAL **: 18:12:20.399: gdk_cursor_new_for_display: assertion 'GDK_IS_DISPLAY (display)' failed
Unable to init server: Could not connect: Connection refused

(DataCollector_Deterministic.py:1952734): Gdk-CRITICAL **: 18:12:20.408: gdk_cursor_new_for_display: assertion 'GDK_IS_DISPLAY (display)' failed
Unable to init server: Could not connect: Connection refused

(DataCollector_Deterministic.py:1952696): Gdk-CRITICAL **: 18:12:20.412: gdk_cursor_new_for_display: assertion 'GDK_IS_DISPLAY (display)' failed
Unable to init server: Could not connect: Connection refused
Unable to init server: Could not connect: Connection refused

(DataCollector_Deterministic.py:1952694): Gdk-CRITICAL **: 18:12:20.420: gdk_cursor_new_for_display: assertion 'GDK_IS_DISPLAY (display)' failed
Unable to init server: Could not connect: Connection refused

(DataCollector_Deterministic.py:1952779): Gdk-CRITICAL **: 18:12:20.427: gdk_cursor_new_for_display: assertion 'GDK_IS_DISPLAY (display)' failed
Unable to init server: Could not connect: Connection refused

(DataCollector_Deterministic.py:1952817): Gdk-CRITICAL **: 18:12:20.431: gdk_cursor_new_for_display: assertion 'GDK_IS_DISPLAY (display)' failed
Unable to init server: Could not connect: Connection refused

(DataCollector_Deterministic.py:1952836): Gdk-CRITICAL **: 18:12:20.434: gdk_cursor_new_for_display: assertion 'GDK_IS_DISPLAY (display)' failed
Unable to init server: Could not connect: Connection refused

(DataCollector_Deterministic.py:1952730): Gdk-CRITICAL **: 18:12:20.438: gdk_cursor_new_for_display: assertion 'GDK_IS_DISPLAY (display)' failed
Unable to init server: Could not connect: Connection refused

(DataCollector_Deterministic.py:1952672): Gdk-CRITICAL **: 18:12:20.441: gdk_cursor_new_for_display: assertion 'GDK_IS_DISPLAY (display)' failed
Unable to init server: Could not connect: Connection refused

(DataCollector_Deterministic.py:1952700): Gdk-CRITICAL **: 18:12:20.448: gdk_cursor_new_for_display: assertion 'GDK_IS_DISPLAY (display)' failed
Unable to init server: Could not connect: Connection refused

(DataCollector_Deterministic.py:1952726): Gdk-CRITICAL **: 18:12:20.456: gdk_cursor_new_for_display: assertion 'GDK_IS_DISPLAY (display)' failed
Unable to init server: Could not connect: Connection refused

(DataCollector_Deterministic.py:1952651): Gdk-CRITICAL **: 18:12:20.460: gdk_cursor_new_for_display: assertion 'GDK_IS_DISPLAY (display)' failed
Unable to init server: Could not connect: Connection refused

(DataCollector_Deterministic.py:1952789): Gdk-CRITICAL **: 18:12:20.464: gdk_cursor_new_for_display: assertion 'GDK_IS_DISPLAY (display)' failed
Unable to init server: Could not connect: Connection refused

(DataCollector_Deterministic.py:1952775): Gdk-CRITICAL **: 18:12:20.468: gdk_cursor_new_for_display: assertion 'GDK_IS_DISPLAY (display)' failed
Unable to init server: Could not connect: Connection refused

(DataCollector_Deterministic.py:1952669): Gdk-CRITICAL **: 18:12:20.472: gdk_cursor_new_for_display: assertion 'GDK_IS_DISPLAY (display)' failed
Unable to init server: Could not connect: Connection refused

(DataCollector_Deterministic.py:1952714): Gdk-CRITICAL **: 18:12:20.480: gdk_cursor_new_for_display: assertion 'GDK_IS_DISPLAY (display)' failed
Unable to init server: Could not connect: Connection refused

(DataCollector_Deterministic.py:1952801): Gdk-CRITICAL **: 18:12:20.492: gdk_cursor_new_for_display: assertion 'GDK_IS_DISPLAY (display)' failed
Unable to init server: Could not connect: Connection refused

(DataCollector_Deterministic.py:1952655): Gdk-CRITICAL **: 18:12:20.496: gdk_cursor_new_for_display: assertion 'GDK_IS_DISPLAY (display)' failed
Unable to init server: Could not connect: Connection refused

(DataCollector_Deterministic.py:1952748): Gdk-CRITICAL **: 18:12:20.499: gdk_cursor_new_for_display: assertion 'GDK_IS_DISPLAY (display)' failed
Unable to init server: Could not connect: Connection refused

(DataCollector_Deterministic.py:1952678): Gdk-CRITICAL **: 18:12:20.509: gdk_cursor_new_for_display: assertion 'GDK_IS_DISPLAY (display)' failed
Unable to init server: Could not connect: Connection refused

(DataCollector_Deterministic.py:1952777): Gdk-CRITICAL **: 18:12:20.513: gdk_cursor_new_for_display: assertion 'GDK_IS_DISPLAY (display)' failed
Unable to init server: Could not connect: Connection refused

(DataCollector_Deterministic.py:1952684): Gdk-CRITICAL **: 18:12:20.516: gdk_cursor_new_for_display: assertion 'GDK_IS_DISPLAY (display)' failed
Unable to init server: Could not connect: Connection refused
Unable to init server: Could not connect: Connection refused

(DataCollector_Deterministic.py:1952704): Gdk-CRITICAL **: 18:12:20.529: gdk_cursor_new_for_display: assertion 'GDK_IS_DISPLAY (display)' failed
Unable to init server: Could not connect: Connection refused

(DataCollector_Deterministic.py:1952754): Gdk-CRITICAL **: 18:12:20.533: gdk_cursor_new_for_display: assertion 'GDK_IS_DISPLAY (display)' failed
Unable to init server: Could not connect: Connection refused

(DataCollector_Deterministic.py:1952690): Gdk-CRITICAL **: 18:12:20.541: gdk_cursor_new_for_display: assertion 'GDK_IS_DISPLAY (display)' failed
Unable to init server: Could not connect: Connection refused

(DataCollector_Deterministic.py:1952823): Gdk-CRITICAL **: 18:12:20.548: gdk_cursor_new_for_display: assertion 'GDK_IS_DISPLAY (display)' failed
Unable to init server: Could not connect: Connection refused

(DataCollector_Deterministic.py:1952811): Gdk-CRITICAL **: 18:12:20.555: gdk_cursor_new_for_display: assertion 'GDK_IS_DISPLAY (display)' failed
Unable to init server: Could not connect: Connection refused

(DataCollector_Deterministic.py:1952663): Gdk-CRITICAL **: 18:12:20.560: gdk_cursor_new_for_display: assertion 'GDK_IS_DISPLAY (display)' failed
Unable to init server: Could not connect: Connection refused

(DataCollector_Deterministic.py:1952744): Gdk-CRITICAL **: 18:12:20.564: gdk_cursor_new_for_display: assertion 'GDK_IS_DISPLAY (display)' failed
Unable to init server: Could not connect: Connection refused

(DataCollector_Deterministic.py:1952769): Gdk-CRITICAL **: 18:12:20.579: gdk_cursor_new_for_display: assertion 'GDK_IS_DISPLAY (display)' failed
Unable to init server: Could not connect: Connection refused

(DataCollector_Deterministic.py:1952797): Gdk-CRITICAL **: 18:12:20.583: gdk_cursor_new_for_display: assertion 'GDK_IS_DISPLAY (display)' failed
Unable to init server: Could not connect: Connection refused

(DataCollector_Deterministic.py:1952674): Gdk-CRITICAL **: 18:12:20.587: gdk_cursor_new_for_display: assertion 'GDK_IS_DISPLAY (display)' failed
Unable to init server: Could not connect: Connection refused

(DataCollector_Deterministic.py:1952688): Gdk-CRITICAL **: 18:12:20.589: gdk_cursor_new_for_display: assertion 'GDK_IS_DISPLAY (display)' failed
Unable to init server: Could not connect: Connection refused

(DataCollector_Deterministic.py:1952791): Gdk-CRITICAL **: 18:12:20.591: gdk_cursor_new_for_display: assertion 'GDK_IS_DISPLAY (display)' failed
Unable to init server: Could not connect: Connection refused

(DataCollector_Deterministic.py:1952809): Gdk-CRITICAL **: 18:12:20.595: gdk_cursor_new_for_display: assertion 'GDK_IS_DISPLAY (display)' failed
Unable to init server: Could not connect: Connection refused
Unable to init server: Could not connect: Connection refused

(DataCollector_Deterministic.py:1952659): Gdk-CRITICAL **: 18:12:20.605: gdk_cursor_new_for_display: assertion 'GDK_IS_DISPLAY (display)' failed
Unable to init server: Could not connect: Connection refused

(DataCollector_Deterministic.py:1952839): Gdk-CRITICAL **: 18:12:20.613: gdk_cursor_new_for_display: assertion 'GDK_IS_DISPLAY (display)' failed
Unable to init server: Could not connect: Connection refused

(DataCollector_Deterministic.py:1952825): Gdk-CRITICAL **: 18:12:20.617: gdk_cursor_new_for_display: assertion 'GDK_IS_DISPLAY (display)' failed
Unable to init server: Could not connect: Connection refused

(DataCollector_Deterministic.py:1952843): Gdk-CRITICAL **: 18:12:20.618: gdk_cursor_new_for_display: assertion 'GDK_IS_DISPLAY (display)' failed
Unable to init server: Could not connect: Connection refused

(DataCollector_Deterministic.py:1952819): Gdk-CRITICAL **: 18:12:20.621: gdk_cursor_new_for_display: assertion 'GDK_IS_DISPLAY (display)' failed
Unable to init server: Could not connect: Connection refused

(DataCollector_Deterministic.py:1952834): Gdk-CRITICAL **: 18:12:20.622: gdk_cursor_new_for_display: assertion 'GDK_IS_DISPLAY (display)' failed
Unable to init server: Could not connect: Connection refused

(DataCollector_Deterministic.py:1952781): Gdk-CRITICAL **: 18:12:20.624: gdk_cursor_new_for_display: assertion 'GDK_IS_DISPLAY (display)' failed
Unable to init server: Could not connect: Connection refused

(DataCollector_Deterministic.py:1952720): Gdk-CRITICAL **: 18:12:20.625: gdk_cursor_new_for_display: assertion 'GDK_IS_DISPLAY (display)' failed
Unable to init server: Could not connect: Connection refused
Unable to init server: Could not connect: Connection refused
Unable to init server: Could not connect: Connection refused
Unable to init server: Could not connect: Connection refused

(DataCollector_Deterministic.py:1952803): Gdk-CRITICAL **: 18:12:20.652: gdk_cursor_new_for_display: assertion 'GDK_IS_DISPLAY (display)' failed

(DataCollector_Deterministic.py:1952716): Gdk-CRITICAL **: 18:12:20.700: gdk_cursor_new_for_display: assertion 'GDK_IS_DISPLAY (display)' failed
Unable to init server: Could not connect: Connection refused

(DataCollector_Deterministic.py:1952667): Gdk-CRITICAL **: 18:12:20.723: gdk_cursor_new_for_display: assertion 'GDK_IS_DISPLAY (display)' failed
Unable to init server: Could not connect: Connection refused

(DataCollector_Deterministic.py:1952821): Gdk-CRITICAL **: 18:12:20.749: gdk_cursor_new_for_display: assertion 'GDK_IS_DISPLAY (display)' failed
Unable to init server: Could not connect: Connection refused

(DataCollector_Deterministic.py:1952787): Gdk-CRITICAL **: 18:12:20.774: gdk_cursor_new_for_display: assertion 'GDK_IS_DISPLAY (display)' failed
Unable to init server: Could not connect: Connection refused

(DataCollector_Deterministic.py:1952712): Gdk-CRITICAL **: 18:12:20.786: gdk_cursor_new_for_display: assertion 'GDK_IS_DISPLAY (display)' failed
Unable to init server: Could not connect: Connection refused

(DataCollector_Deterministic.py:1952793): Gdk-CRITICAL **: 18:12:20.796: gdk_cursor_new_for_display: assertion 'GDK_IS_DISPLAY (display)' failed
Unable to init server: Could not connect: Connection refused

(DataCollector_Deterministic.py:1952771): Gdk-CRITICAL **: 18:12:20.801: gdk_cursor_new_for_display: assertion 'GDK_IS_DISPLAY (display)' failed

(DataCollector_Deterministic.py:1952805): Gdk-CRITICAL **: 18:12:20.810: gdk_cursor_new_for_display: assertion 'GDK_IS_DISPLAY (display)' failed
Unable to init server: Could not connect: Connection refused

(DataCollector_Deterministic.py:1952728): Gdk-CRITICAL **: 18:12:20.825: gdk_cursor_new_for_display: assertion 'GDK_IS_DISPLAY (display)' failed
Unable to init server: Could not connect: Connection refused

(DataCollector_Deterministic.py:1952708): Gdk-CRITICAL **: 18:12:20.875: gdk_cursor_new_for_display: assertion 'GDK_IS_DISPLAY (display)' failed
Unable to init server: Could not connect: Connection refused

(DataCollector_Deterministic.py:1952752): Gdk-CRITICAL **: 18:12:20.930: gdk_cursor_new_for_display: assertion 'GDK_IS_DISPLAY (display)' failed
Unable to init server: Could not connect: Connection refused

(DataCollector_Deterministic.py:1952807): Gdk-CRITICAL **: 18:12:20.984: gdk_cursor_new_for_display: assertion 'GDK_IS_DISPLAY (display)' failed
Unable to init server: Could not connect: Connection refused

(DataCollector_Deterministic.py:1952653): Gdk-CRITICAL **: 18:12:21.110: gdk_cursor_new_for_display: assertion 'GDK_IS_DISPLAY (display)' failed
Unable to init server: Could not connect: Connection refused

(DataCollector_Deterministic.py:1952746): Gdk-CRITICAL **: 18:12:21.181: gdk_cursor_new_for_display: assertion 'GDK_IS_DISPLAY (display)' failed
Unable to init server: Could not connect: Connection refused

(DataCollector_Deterministic.py:1952738): Gdk-CRITICAL **: 18:12:21.200: gdk_cursor_new_for_display: assertion 'GDK_IS_DISPLAY (display)' failed
Unable to init server: Could not connect: Connection refused

(DataCollector_Deterministic.py:1952773): Gdk-CRITICAL **: 18:12:21.273: gdk_cursor_new_for_display: assertion 'GDK_IS_DISPLAY (display)' failed
Unable to init server: Could not connect: Connection refused

(DataCollector_Deterministic.py:1952682): Gdk-CRITICAL **: 18:12:21.292: gdk_cursor_new_for_display: assertion 'GDK_IS_DISPLAY (display)' failed
Unable to init server: Could not connect: Connection refused

(DataCollector_Deterministic.py:1952710): Gdk-CRITICAL **: 18:12:21.308: gdk_cursor_new_for_display: assertion 'GDK_IS_DISPLAY (display)' failed
Unable to init server: Could not connect: Connection refused

(DataCollector_Deterministic.py:1952722): Gdk-CRITICAL **: 18:12:21.336: gdk_cursor_new_for_display: assertion 'GDK_IS_DISPLAY (display)' failed
Unable to init server: Could not connect: Connection refused

(DataCollector_Deterministic.py:1952815): Gdk-CRITICAL **: 18:12:21.349: gdk_cursor_new_for_display: assertion 'GDK_IS_DISPLAY (display)' failed
Unable to init server: Could not connect: Connection refused

(DataCollector_Deterministic.py:1952750): Gdk-CRITICAL **: 18:12:21.599: gdk_cursor_new_for_display: assertion 'GDK_IS_DISPLAY (display)' failed
Unable to init server: Could not connect: Connection refused

(DataCollector_Deterministic.py:1952830): Gdk-CRITICAL **: 18:12:21.621: gdk_cursor_new_for_display: assertion 'GDK_IS_DISPLAY (display)' failed
Unable to init server: Could not connect: Connection refused

(DataCollector_Deterministic.py:1952760): Gdk-CRITICAL **: 18:12:21.687: gdk_cursor_new_for_display: assertion 'GDK_IS_DISPLAY (display)' failed
Unable to init server: Could not connect: Connection refused

(DataCollector_Deterministic.py:1952828): Gdk-CRITICAL **: 18:12:21.899: gdk_cursor_new_for_display: assertion 'GDK_IS_DISPLAY (display)' failed
Unable to init server: Could not connect: Connection refused
Unable to init server: Could not connect: Connection refused

(DataCollector_Deterministic.py:1952832): Gdk-CRITICAL **: 18:12:22.019: gdk_cursor_new_for_display: assertion 'GDK_IS_DISPLAY (display)' failed
Unable to init server: Could not connect: Connection refused
Unable to init server: Could not connect: Connection refused

(DataCollector_Deterministic.py:1952785): Gdk-CRITICAL **: 18:12:22.502: gdk_cursor_new_for_display: assertion 'GDK_IS_DISPLAY (display)' failed

(DataCollector_Deterministic.py:1952756): Gdk-CRITICAL **: 18:12:22.542: gdk_cursor_new_for_display: assertion 'GDK_IS_DISPLAY (display)' failed

(DataCollector_Deterministic.py:1952736): Gdk-CRITICAL **: 18:12:22.570: gdk_cursor_new_for_display: assertion 'GDK_IS_DISPLAY (display)' failed
Unable to init server: Could not connect: Connection refused

(DataCollector_Deterministic.py:1952764): Gdk-CRITICAL **: 18:12:22.603: gdk_cursor_new_for_display: assertion 'GDK_IS_DISPLAY (display)' failed
Initalising...
Running Sim...

Data Dump...
Initalising...
Running Sim...

Data Dump...
Initalising...
Running Sim...

Data Dump...
Initalising...
Running Sim...

Data Dump...
Initalising...
Running Sim...

Data Dump...
Initalising...
Running Sim...
.Initalising...
Running Sim...
.Initalising...
Running Sim...
.Initalising...
Running Sim...
.Initalising...
Running Sim...
.Initalising...
Running Sim...
.Initalising...
Running Sim...
.Initalising...
Running Sim...
.Initalising...
Running Sim...
.Initalising...
Running Sim...
.Initalising...
Running Sim...
.Initalising...
Running Sim...
.Initalising...
Running Sim...
.Initalising...
Running Sim...
.Initalising...
Running Sim...
.Initalising...
Running Sim...
.Initalising...
Running Sim...
.Initalising...
Running Sim...
.Initalising...
Running Sim...
.Initalising...
Running Sim...
.Initalising...
Running Sim...
.Initalising...
Running Sim...
.Initalising...
Running Sim...
.Initalising...
Running Sim...
.Initalising...
Running Sim...
.Initalising...
Running Sim...
.Initalising...
Running Sim...
.Initalising...
Running Sim...
.Initalising...
Running Sim...
.Initalising...
Running Sim...
.Initalising...
Running Sim...
.Initalising...
Running Sim...
.Initalising...
Running Sim...
.Initalising...
Running Sim...
.Initalising...
Running Sim...
.Initalising...
Running Sim...
.Initalising...
Running Sim...
.Initalising...
Running Sim...
.Initalising...
Running Sim...
.Initalising...
Running Sim...
.Initalising...
Running Sim...
.Initalising...
Running Sim...
.Initalising...
Running Sim...
.Initalising...
Running Sim...
.Initalising...
Running Sim...
.Initalising...
Running Sim...
.Initalising...
Running Sim...
.Initalising...
Running Sim...
.Initalising...
Running Sim...
.Initalising...
Running Sim...
.Initalising...
Running Sim...
.Initalising...
Running Sim...
.Initalising...
Running Sim...
.Initalising...
Running Sim...
.Initalising...
Running Sim...
.Initalising...
Running Sim...
.Initalising...
Running Sim...
.Initalising...
Running Sim...
.Initalising...
Running Sim...
.Initalising...
Running Sim...
.Initalising...
Running Sim...
.Initalising...
Running Sim...
.Initalising...
Running Sim...
.Initalising...
Running Sim...
.Initalising...
Running Sim...
.Initalising...
Running Sim...
.Initalising...
Running Sim...
.Initalising...
Running Sim...
.Initalising...
Running Sim...
.Initalising...
Running Sim...
.Initalising...
Running Sim...
.Initalising...
Running Sim...
.Initalising...
Running Sim...
.Initalising...
Running Sim...
.Initalising...
Running Sim...
.Initalising...
Running Sim...
.Initalising...
Running Sim...
.Initalising...
Running Sim...
.Initalising...
Running Sim...
.Initalising...
Running Sim...
.Initalising...
Running Sim...
.Initalising...
Running Sim...
.Initalising...
Running Sim...
.Initalising...
Running Sim...
.Initalising...
Running Sim...
.Initalising...
Running Sim...
.Initalising...
Running Sim...
.Initalising...
Running Sim...
.Initalising...
Running Sim...
.Initalising...
Running Sim...
.Initalising...
Running Sim...
.Initalising...
Running Sim...
.Initalising...
Running Sim...
.Initalising...
Running Sim...
.Initalising...
Running Sim...
................................................................................................................................................................................................................................................................................................................................................................................................................................................................................................................................................................................................................................................................................................................................................................................................................................................................
[1735 9139]
.
[1779 9087]
.....
[1740 9127]
.
[1702 9132]
.
[1712 9153]
.
[1700 9154]
..
[1682 9156]
.
[1697 9147]
.
[1640 9165]
..
[9139 1689]
..
[1711 9159]
..
[9185 1684]
.
[1750 9090]
.
[9212 1682]
.
[1737 9154]
.
[1700 9133]
.
[1717 9120]
..
[1738 9151]
..
[1701 9178]
.
[1694 9147]
.
[1705 9117]
.
[1714 9095]
.
[1736 9155]
....
[1719 9130]
..
[1772 9121]
..
[1768 9102]
.
[1706 9136]
.
[1736 9143]
.
[1667 9169]
..
[1749 9106]
...
[1754 9080]
.
[1742 9107]
....
[1809 9061]
..
[1716 9139]
.
[1698 9153]
.
[1714 9148]
.
[1711 9154]
.
[1738 9113]
.
[1699 9149]
.
[1717 9115]
.
[1759 9121]
.
[1732 9135]
.
[1894 8951]
.
[1698 9156]
.
[1736 9113]
.
[1735 9092]
.
[1720 9085]
..
[1676 9159]
.
[1972 8848]
.
[1847 9016]
.
[1853 8960]
.
[1777 9067]
..
[1789 9090]
.
[1714 9119]
.
[1830 8995]
.
[1990 8837]
.
[1929 8924]
.
[1908 8936]
.
[2234 8572]
.
[2149 8677]
.
[1999 8855]
.
[2192 8631]
.
[2382 8384]
...
[2291 8492]
.
[8429 2311]
.........
[2433 8312]
.
[2159 8686]
....
[2755 8026]
.
[8300 2459]
...
[2707 8074]
.....
[2753 7985]
....
[2771 7991]
..
[3118 7622]
..
[3287 7478]
.....
[2859 7927]
........
[2910 7814]
............
[7750 3001]
.
[3223 7516]
........
[3485 7196]
........
[3536 7160]
........
[4140 6548]
..
[6626 4058]
..
[3981 6743]
...
[4377 6336]
..
[4904 5801]
.
[3713 7010]
.
[5138 5594]
......
[6544 4096]
.
[5207 5508]
.
[5115 5601]
..
[4815 5881]
.
[5852 4854]
...
[5546 5083]
.......
[6063 4643]
...
[4544 6122]
..................................................................................................................................................................................................................................................................................................................................................
Data Dump...
....
Data Dump...
..........................
Data Dump...
.
Data Dump...
..
Data Dump...

Data Dump...

Data Dump...
.
Data Dump...

Data Dump...

Data Dump...

Data Dump...

Data Dump...
..
Data Dump...
..
Data Dump...
..
Data Dump...
.......................................................................................................................
[  54 4261]
............................................................
[  64 4087]
..............
[  60 4038]
.......
[  57 4012]
........
[  62 4020]
..
[  63 3886]
...
[  67 4018]
.
[  75 3868]
...
[  65 3910]
..
[  50 3937]
.
[  69 3946]
....
[  90 3848]
.......
[  89 3803]
......
[  88 3785]
..........
[  87 3786]
....
[  71 3816]
.....
[  72 3755]
.
[  73 3798]
..
[  58 3795]
......
[  94 3798]
.
[ 101 3718]
....
[ 103 3712]
.
[  73 3788]
...
[  71 3707]
.........
[ 101 3631]
............
[  91 3587]
........
[  96 3606]
.....
[  96 3532]
........
[ 117 3542]
...
[ 122 3518]
.........
[ 147 3399]
....
[ 126 3482]
.......
[ 136 3443]
......
[ 115 3442]
......................
[ 153 3293]
.
[ 159 3342]
......
[ 142 3367]
.
[ 165 3270]
....
[ 177 3221]
..........................
[ 191 3090]
........
[ 170 3109]
...
[ 213 3137]
.....
[ 212 3159]
..........................
[ 217 3036]
.............
[ 265 2935]
..........
[ 322 2850]
....
[ 278 2915]
.......................
[ 417 2705]
........
[2887  264]
.........
[ 344 2840]
..
[ 292 2940]
..................................
[2803  322]
.....
[ 398 2671]
.....
[ 28 283]

Data Dump...
..................
[ 471 2568]
..
[ 475 2632]
......
[ 462 2509]
.........
[ 615 2395]
...............
[ 475 2533]
..........
[ 645 2307]
......
[ 499 2594]
..
[ 533 2462]
......
[2555  482]
.............
[ 676 2322]
........................
[ 28 243]

Data Dump...
...
[ 728 2140]
..............
[ 748 2163]
................
[2032  884]
....................
[ 27 220]

Data Dump...
....
[ 997 1921]
..
[1947  850]
.........
[ 922 1950]
.........
[ 25 226]

Data Dump...
.
[1399 1485]
.....
[ 790 2107]
..
[1047 1732]
...
[ 34 216]

Data Dump...
..
[1147 1679]
.
[ 32 246]

Data Dump...

[1284 1513]
..
[ 28 235]

Data Dump...
..
[1566 1222]
..
[1431 1398]
.
[1283 1603]
....
[ 25 222]

Data Dump...
.
[ 32 233]

Data Dump...
......
[1369 1484]
.....
[1718 1130]
...
[ 23 216]
.....
[1858 1060]
..
[ 38 262]

Data Dump...
..
Data Dump...
...
[ 36 194]

Data Dump...
.................
[ 45 192]
....
[ 42 217]
.....
Data Dump...

Data Dump...
...................
[ 33 226]
..........
[ 29 209]
.
[ 32 204]
.
[ 29 213]
..
[ 37 208]
..
Data Dump...
...
[ 26 202]
...
[ 36 219]
.........
Data Dump...
.
Data Dump...
...
Data Dump...

Data Dump...

Data Dump...
.
[ 32 193]
...
Data Dump...

[ 24 192]
.....
[ 35 183]
..
Data Dump...
......
Data Dump...
.
Data Dump...
....
[ 39 189]
................
[ 33 185]
..........
Data Dump...
..
Data Dump...
..........
[ 39 164]
..............
[ 34 195]
............
Data Dump...
....
[ 39 209]
.
[ 48 204]
.
Data Dump...
....
[ 48 181]
....
[ 41 205]
.
[ 41 178]
...
[ 41 193]
........
Data Dump...

Data Dump...
.........
Data Dump...
.
Data Dump...
........
Data Dump...
......
Data Dump...

[ 48 161]
...
[ 44 192]
..........
[ 36 164]
..
[ 47 171]
...
[ 47 177]
.........
Data Dump...
..
Data Dump...
.........................
[ 32 153]
.
Data Dump...

Data Dump...

[ 47 176]
...
Data Dump...
...
[ 44 137]
.............
[ 50 153]
................
Data Dump...
....
[ 46 155]
.
[ 36 163]
.
Data Dump...
..
[ 55 145]
...
Data Dump...
......
[ 48 140]
........
[ 72 132]
.....
Data Dump...
..............
Data Dump...

[150  26]
..
Data Dump...
.....
Data Dump...
...
[ 55 140]
....
Data Dump...
........
[ 45 119]
......
Data Dump...
.
[ 67 115]
.
[152  46]
...
[ 67 115]
......
[ 65 164]
......
[ 71 126]
..
[ 71 117]
..
Data Dump...
.........
Data Dump...
.......
Data Dump...

[ 66 122]
.
[ 70 112]
........
Data Dump...

Data Dump...
.
[ 65 121]
.....
[ 70 128]
.
[ 63 125]
....
[129  60]
..
Data Dump...

[ 74 130]
.........
Data Dump...

Data Dump...
.....
Data Dump...
...
[82 93]
....
[127  79]
........
Data Dump...
...
[108  62]
.
Data Dump...
....
Data Dump...

[ 78 115]
.....
Data Dump...

Data Dump...

[ 88 105]
..
Data Dump...

[98 90]
.
[ 76 115]
.
Data Dump...

[ 85 128]
.
[83 92]
.
[ 98 105]
.
[95 82]
..
[ 99 103]
.
[101  83]
...
[103  90]
..
[103  92]
..
[138  70]
...
Data Dump...
...
Data Dump...
............
Data Dump...
..
Data Dump...
.
Data Dump...
.
Data Dump...

Data Dump...
.
Data Dump...
.
Data Dump...
.
Data Dump...
.
Data Dump...

Data Dump...

Data Dump...

Data Dump...

Data Dump...

Data Dump...
Low 2 6
Done
