Unable to init server: Could not connect: Connection refused
Unable to init server: Could not connect: Connection refused
Unable to init server: Could not connect: Connection refused
Unable to init server: Could not connect: Connection refused
Unable to init server: Could not connect: Connection refused
Unable to init server: Could not connect: Connection refused

(DataCollector_Deterministic.py:1954469): Gdk-CRITICAL **: 18:22:35.585: gdk_cursor_new_for_display: assertion 'GDK_IS_DISPLAY (display)' failed
Unable to init server: Could not connect: Connection refused

(DataCollector_Deterministic.py:1954429): Gdk-CRITICAL **: 18:22:35.593: gdk_cursor_new_for_display: assertion 'GDK_IS_DISPLAY (display)' failed
Unable to init server: Could not connect: Connection refused

(DataCollector_Deterministic.py:1954417): Gdk-CRITICAL **: 18:22:35.595: gdk_cursor_new_for_display: assertion 'GDK_IS_DISPLAY (display)' failed
Unable to init server: Could not connect: Connection refused

(DataCollector_Deterministic.py:1954367): Gdk-CRITICAL **: 18:22:35.728: gdk_cursor_new_for_display: assertion 'GDK_IS_DISPLAY (display)' failed
Unable to init server: Could not connect: Connection refused
Unable to init server: Could not connect: Connection refused

(DataCollector_Deterministic.py:1954328): Gdk-CRITICAL **: 18:22:36.466: gdk_cursor_new_for_display: assertion 'GDK_IS_DISPLAY (display)' failed
Unable to init server: Could not connect: Connection refused
Unable to init server: Could not connect: Connection refused

(DataCollector_Deterministic.py:1954382): Gdk-CRITICAL **: 18:22:37.082: gdk_cursor_new_for_display: assertion 'GDK_IS_DISPLAY (display)' failed
Unable to init server: Could not connect: Connection refused

(DataCollector_Deterministic.py:1954415): Gdk-CRITICAL **: 18:22:37.896: gdk_cursor_new_for_display: assertion 'GDK_IS_DISPLAY (display)' failed
Unable to init server: Could not connect: Connection refused
Unable to init server: Could not connect: Connection refused
Unable to init server: Could not connect: Connection refused
Unable to init server: Could not connect: Connection refused
Unable to init server: Could not connect: Connection refused

(DataCollector_Deterministic.py:1954459): Gdk-CRITICAL **: 18:22:40.441: gdk_cursor_new_for_display: assertion 'GDK_IS_DISPLAY (display)' failed
Unable to init server: Could not connect: Connection refused

(DataCollector_Deterministic.py:1954449): Gdk-CRITICAL **: 18:22:40.647: gdk_cursor_new_for_display: assertion 'GDK_IS_DISPLAY (display)' failed
Unable to init server: Could not connect: Connection refused
Unable to init server: Could not connect: Connection refused

(DataCollector_Deterministic.py:1954295): Gdk-CRITICAL **: 18:22:41.514: gdk_cursor_new_for_display: assertion 'GDK_IS_DISPLAY (display)' failed
Unable to init server: Could not connect: Connection refused
Unable to init server: Could not connect: Connection refused
Unable to init server: Could not connect: Connection refused

(DataCollector_Deterministic.py:1954287): Gdk-CRITICAL **: 18:22:41.891: gdk_cursor_new_for_display: assertion 'GDK_IS_DISPLAY (display)' failed
Unable to init server: Could not connect: Connection refused
Unable to init server: Could not connect: Connection refused

(DataCollector_Deterministic.py:1954400): Gdk-CRITICAL **: 18:22:42.446: gdk_cursor_new_for_display: assertion 'GDK_IS_DISPLAY (display)' failed
Unable to init server: Could not connect: Connection refused
Unable to init server: Could not connect: Connection refused
Unable to init server: Could not connect: Connection refused
Unable to init server: Could not connect: Connection refused

(DataCollector_Deterministic.py:1954423): Gdk-CRITICAL **: 18:22:43.148: gdk_cursor_new_for_display: assertion 'GDK_IS_DISPLAY (display)' failed
Unable to init server: Could not connect: Connection refused
Unable to init server: Could not connect: Connection refused

(DataCollector_Deterministic.py:1954285): Gdk-CRITICAL **: 18:22:43.479: gdk_cursor_new_for_display: assertion 'GDK_IS_DISPLAY (display)' failed
Unable to init server: Could not connect: Connection refused

(DataCollector_Deterministic.py:1954360): Gdk-CRITICAL **: 18:22:44.115: gdk_cursor_new_for_display: assertion 'GDK_IS_DISPLAY (display)' failed
Unable to init server: Could not connect: Connection refused
Unable to init server: Could not connect: Connection refused

(DataCollector_Deterministic.py:1954460): Gdk-CRITICAL **: 18:22:44.367: gdk_cursor_new_for_display: assertion 'GDK_IS_DISPLAY (display)' failed
Unable to init server: Could not connect: Connection refused
Unable to init server: Could not connect: Connection refused

(DataCollector_Deterministic.py:1954384): Gdk-CRITICAL **: 18:22:44.614: gdk_cursor_new_for_display: assertion 'GDK_IS_DISPLAY (display)' failed
Unable to init server: Could not connect: Connection refused

(DataCollector_Deterministic.py:1954326): Gdk-CRITICAL **: 18:22:44.807: gdk_cursor_new_for_display: assertion 'GDK_IS_DISPLAY (display)' failed
Unable to init server: Could not connect: Connection refused
Unable to init server: Could not connect: Connection refused

(DataCollector_Deterministic.py:1954316): Gdk-CRITICAL **: 18:22:45.184: gdk_cursor_new_for_display: assertion 'GDK_IS_DISPLAY (display)' failed
Unable to init server: Could not connect: Connection refused

(DataCollector_Deterministic.py:1954439): Gdk-CRITICAL **: 18:22:45.836: gdk_cursor_new_for_display: assertion 'GDK_IS_DISPLAY (display)' failed
Unable to init server: Could not connect: Connection refused
Unable to init server: Could not connect: Connection refused

(DataCollector_Deterministic.py:1954358): Gdk-CRITICAL **: 18:22:46.175: gdk_cursor_new_for_display: assertion 'GDK_IS_DISPLAY (display)' failed
Unable to init server: Could not connect: Connection refused
Unable to init server: Could not connect: Connection refused
Unable to init server: Could not connect: Connection refused
Unable to init server: Could not connect: Connection refused

(DataCollector_Deterministic.py:1954277): Gdk-CRITICAL **: 18:22:46.776: gdk_cursor_new_for_display: assertion 'GDK_IS_DISPLAY (display)' failed
Unable to init server: Could not connect: Connection refused
Unable to init server: Could not connect: Connection refused
Unable to init server: Could not connect: Connection refused

(DataCollector_Deterministic.py:1954376): Gdk-CRITICAL **: 18:22:47.353: gdk_cursor_new_for_display: assertion 'GDK_IS_DISPLAY (display)' failed
Unable to init server: Could not connect: Connection refused

(DataCollector_Deterministic.py:1954455): Gdk-CRITICAL **: 18:22:47.933: gdk_cursor_new_for_display: assertion 'GDK_IS_DISPLAY (display)' failed
Unable to init server: Could not connect: Connection refused
Unable to init server: Could not connect: Connection refused

(DataCollector_Deterministic.py:1954437): Gdk-CRITICAL **: 18:22:48.024: gdk_cursor_new_for_display: assertion 'GDK_IS_DISPLAY (display)' failed
Unable to init server: Could not connect: Connection refused

(DataCollector_Deterministic.py:1954445): Gdk-CRITICAL **: 18:22:48.177: gdk_cursor_new_for_display: assertion 'GDK_IS_DISPLAY (display)' failed
Unable to init server: Could not connect: Connection refused
Unable to init server: Could not connect: Connection refused
Unable to init server: Could not connect: Connection refused
Unable to init server: Could not connect: Connection refused

(DataCollector_Deterministic.py:1954283): Gdk-CRITICAL **: 18:22:48.488: gdk_cursor_new_for_display: assertion 'GDK_IS_DISPLAY (display)' failed
Unable to init server: Could not connect: Connection refused
Unable to init server: Could not connect: Connection refused
Unable to init server: Could not connect: Connection refused

(DataCollector_Deterministic.py:1954356): Gdk-CRITICAL **: 18:22:48.929: gdk_cursor_new_for_display: assertion 'GDK_IS_DISPLAY (display)' failed
Unable to init server: Could not connect: Connection refused
Unable to init server: Could not connect: Connection refused
Unable to init server: Could not connect: Connection refused
Unable to init server: Could not connect: Connection refused

(DataCollector_Deterministic.py:1954281): Gdk-CRITICAL **: 18:22:49.574: gdk_cursor_new_for_display: assertion 'GDK_IS_DISPLAY (display)' failed
Unable to init server: Could not connect: Connection refused
Unable to init server: Could not connect: Connection refused

(DataCollector_Deterministic.py:1954451): Gdk-CRITICAL **: 18:22:49.876: gdk_cursor_new_for_display: assertion 'GDK_IS_DISPLAY (display)' failed
Unable to init server: Could not connect: Connection refused

(DataCollector_Deterministic.py:1954314): Gdk-CRITICAL **: 18:22:49.880: gdk_cursor_new_for_display: assertion 'GDK_IS_DISPLAY (display)' failed
Unable to init server: Could not connect: Connection refused
Unable to init server: Could not connect: Connection refused

(DataCollector_Deterministic.py:1954372): Gdk-CRITICAL **: 18:22:49.924: gdk_cursor_new_for_display: assertion 'GDK_IS_DISPLAY (display)' failed
Unable to init server: Could not connect: Connection refused

(DataCollector_Deterministic.py:1954346): Gdk-CRITICAL **: 18:22:50.204: gdk_cursor_new_for_display: assertion 'GDK_IS_DISPLAY (display)' failed
Unable to init server: Could not connect: Connection refused
Unable to init server: Could not connect: Connection refused
Unable to init server: Could not connect: Connection refused

(DataCollector_Deterministic.py:1954441): Gdk-CRITICAL **: 18:22:50.623: gdk_cursor_new_for_display: assertion 'GDK_IS_DISPLAY (display)' failed
Unable to init server: Could not connect: Connection refused

(DataCollector_Deterministic.py:1954378): Gdk-CRITICAL **: 18:22:50.840: gdk_cursor_new_for_display: assertion 'GDK_IS_DISPLAY (display)' failed
Unable to init server: Could not connect: Connection refused

(DataCollector_Deterministic.py:1954435): Gdk-CRITICAL **: 18:22:50.854: gdk_cursor_new_for_display: assertion 'GDK_IS_DISPLAY (display)' failed

(DataCollector_Deterministic.py:1954308): Gdk-CRITICAL **: 18:22:50.870: gdk_cursor_new_for_display: assertion 'GDK_IS_DISPLAY (display)' failed
Unable to init server: Could not connect: Connection refused
Unable to init server: Could not connect: Connection refused
Unable to init server: Could not connect: Connection refused
Unable to init server: Could not connect: Connection refused
Unable to init server: Could not connect: Connection refused
Unable to init server: Could not connect: Connection refused
Unable to init server: Could not connect: Connection refused

(DataCollector_Deterministic.py:1954298): Gdk-CRITICAL **: 18:22:51.400: gdk_cursor_new_for_display: assertion 'GDK_IS_DISPLAY (display)' failed
Unable to init server: Could not connect: Connection refused

(DataCollector_Deterministic.py:1954324): Gdk-CRITICAL **: 18:22:51.507: gdk_cursor_new_for_display: assertion 'GDK_IS_DISPLAY (display)' failed
Unable to init server: Could not connect: Connection refused
Unable to init server: Could not connect: Connection refused
Unable to init server: Could not connect: Connection refused
Unable to init server: Could not connect: Connection refused

(DataCollector_Deterministic.py:1954302): Gdk-CRITICAL **: 18:22:52.072: gdk_cursor_new_for_display: assertion 'GDK_IS_DISPLAY (display)' failed
Unable to init server: Could not connect: Connection refused
Unable to init server: Could not connect: Connection refused
Unable to init server: Could not connect: Connection refused
Unable to init server: Could not connect: Connection refused
Unable to init server: Could not connect: Connection refused

(DataCollector_Deterministic.py:1954306): Gdk-CRITICAL **: 18:22:52.567: gdk_cursor_new_for_display: assertion 'GDK_IS_DISPLAY (display)' failed
Unable to init server: Could not connect: Connection refused

(DataCollector_Deterministic.py:1954421): Gdk-CRITICAL **: 18:22:52.620: gdk_cursor_new_for_display: assertion 'GDK_IS_DISPLAY (display)' failed
Unable to init server: Could not connect: Connection refused

(DataCollector_Deterministic.py:1954466): Gdk-CRITICAL **: 18:22:52.644: gdk_cursor_new_for_display: assertion 'GDK_IS_DISPLAY (display)' failed
Unable to init server: Could not connect: Connection refused

(DataCollector_Deterministic.py:1954320): Gdk-CRITICAL **: 18:22:52.793: gdk_cursor_new_for_display: assertion 'GDK_IS_DISPLAY (display)' failed
Unable to init server: Could not connect: Connection refused
Unable to init server: Could not connect: Connection refused
Unable to init server: Could not connect: Connection refused
Unable to init server: Could not connect: Connection refused
Unable to init server: Could not connect: Connection refused

(DataCollector_Deterministic.py:1954461): Gdk-CRITICAL **: 18:22:52.886: gdk_cursor_new_for_display: assertion 'GDK_IS_DISPLAY (display)' failed
Unable to init server: Could not connect: Connection refused

(DataCollector_Deterministic.py:1954348): Gdk-CRITICAL **: 18:22:52.897: gdk_cursor_new_for_display: assertion 'GDK_IS_DISPLAY (display)' failed
Unable to init server: Could not connect: Connection refused
Unable to init server: Could not connect: Connection refused
Unable to init server: Could not connect: Connection refused
Unable to init server: Could not connect: Connection refused

(DataCollector_Deterministic.py:1954352): Gdk-CRITICAL **: 18:22:53.416: gdk_cursor_new_for_display: assertion 'GDK_IS_DISPLAY (display)' failed
Unable to init server: Could not connect: Connection refused

(DataCollector_Deterministic.py:1954380): Gdk-CRITICAL **: 18:22:53.429: gdk_cursor_new_for_display: assertion 'GDK_IS_DISPLAY (display)' failed
Unable to init server: Could not connect: Connection refused
Unable to init server: Could not connect: Connection refused
Unable to init server: Could not connect: Connection refused
Unable to init server: Could not connect: Connection refused

(DataCollector_Deterministic.py:1954433): Gdk-CRITICAL **: 18:22:53.556: gdk_cursor_new_for_display: assertion 'GDK_IS_DISPLAY (display)' failed
Unable to init server: Could not connect: Connection refused

(DataCollector_Deterministic.py:1954419): Gdk-CRITICAL **: 18:22:53.691: gdk_cursor_new_for_display: assertion 'GDK_IS_DISPLAY (display)' failed
Unable to init server: Could not connect: Connection refused

(DataCollector_Deterministic.py:1954404): Gdk-CRITICAL **: 18:22:53.736: gdk_cursor_new_for_display: assertion 'GDK_IS_DISPLAY (display)' failed
Unable to init server: Could not connect: Connection refused
Unable to init server: Could not connect: Connection refused
Unable to init server: Could not connect: Connection refused
Unable to init server: Could not connect: Connection refused

(DataCollector_Deterministic.py:1954388): Gdk-CRITICAL **: 18:22:53.971: gdk_cursor_new_for_display: assertion 'GDK_IS_DISPLAY (display)' failed
Unable to init server: Could not connect: Connection refused
Unable to init server: Could not connect: Connection refused
Unable to init server: Could not connect: Connection refused

(DataCollector_Deterministic.py:1954342): Gdk-CRITICAL **: 18:22:54.021: gdk_cursor_new_for_display: assertion 'GDK_IS_DISPLAY (display)' failed
Unable to init server: Could not connect: Connection refused
Unable to init server: Could not connect: Connection refused
Unable to init server: Could not connect: Connection refused

(DataCollector_Deterministic.py:1954427): Gdk-CRITICAL **: 18:22:54.132: gdk_cursor_new_for_display: assertion 'GDK_IS_DISPLAY (display)' failed
Unable to init server: Could not connect: Connection refused

(DataCollector_Deterministic.py:1954398): Gdk-CRITICAL **: 18:22:54.410: gdk_cursor_new_for_display: assertion 'GDK_IS_DISPLAY (display)' failed
Unable to init server: Could not connect: Connection refused

(DataCollector_Deterministic.py:1954392): Gdk-CRITICAL **: 18:22:54.428: gdk_cursor_new_for_display: assertion 'GDK_IS_DISPLAY (display)' failed
Unable to init server: Could not connect: Connection refused

(DataCollector_Deterministic.py:1954386): Gdk-CRITICAL **: 18:22:54.454: gdk_cursor_new_for_display: assertion 'GDK_IS_DISPLAY (display)' failed
Unable to init server: Could not connect: Connection refused
Unable to init server: Could not connect: Connection refused
Unable to init server: Could not connect: Connection refused

(DataCollector_Deterministic.py:1954457): Gdk-CRITICAL **: 18:22:54.794: gdk_cursor_new_for_display: assertion 'GDK_IS_DISPLAY (display)' failed
Unable to init server: Could not connect: Connection refused

(DataCollector_Deterministic.py:1954354): Gdk-CRITICAL **: 18:22:54.808: gdk_cursor_new_for_display: assertion 'GDK_IS_DISPLAY (display)' failed
Unable to init server: Could not connect: Connection refused
Unable to init server: Could not connect: Connection refused
Unable to init server: Could not connect: Connection refused
Unable to init server: Could not connect: Connection refused

(DataCollector_Deterministic.py:1954293): Gdk-CRITICAL **: 18:22:54.978: gdk_cursor_new_for_display: assertion 'GDK_IS_DISPLAY (display)' failed
Unable to init server: Could not connect: Connection refused

(DataCollector_Deterministic.py:1954410): Gdk-CRITICAL **: 18:22:55.039: gdk_cursor_new_for_display: assertion 'GDK_IS_DISPLAY (display)' failed
Unable to init server: Could not connect: Connection refused

(DataCollector_Deterministic.py:1954394): Gdk-CRITICAL **: 18:22:55.054: gdk_cursor_new_for_display: assertion 'GDK_IS_DISPLAY (display)' failed
Unable to init server: Could not connect: Connection refused
Unable to init server: Could not connect: Connection refused

(DataCollector_Deterministic.py:1954368): Gdk-CRITICAL **: 18:22:55.112: gdk_cursor_new_for_display: assertion 'GDK_IS_DISPLAY (display)' failed
Unable to init server: Could not connect: Connection refused
Unable to init server: Could not connect: Connection refused
Unable to init server: Could not connect: Connection refused

(DataCollector_Deterministic.py:1954467): Gdk-CRITICAL **: 18:22:55.397: gdk_cursor_new_for_display: assertion 'GDK_IS_DISPLAY (display)' failed
Unable to init server: Could not connect: Connection refused

(DataCollector_Deterministic.py:1954408): Gdk-CRITICAL **: 18:22:55.400: gdk_cursor_new_for_display: assertion 'GDK_IS_DISPLAY (display)' failed
Unable to init server: Could not connect: Connection refused
Unable to init server: Could not connect: Connection refused
Unable to init server: Could not connect: Connection refused
Unable to init server: Could not connect: Connection refused
Unable to init server: Could not connect: Connection refused
Unable to init server: Could not connect: Connection refused

(DataCollector_Deterministic.py:1954310): Gdk-CRITICAL **: 18:22:55.617: gdk_cursor_new_for_display: assertion 'GDK_IS_DISPLAY (display)' failed
Unable to init server: Could not connect: Connection refused

(DataCollector_Deterministic.py:1954374): Gdk-CRITICAL **: 18:22:55.660: gdk_cursor_new_for_display: assertion 'GDK_IS_DISPLAY (display)' failed
Unable to init server: Could not connect: Connection refused

(DataCollector_Deterministic.py:1954425): Gdk-CRITICAL **: 18:22:55.704: gdk_cursor_new_for_display: assertion 'GDK_IS_DISPLAY (display)' failed
Unable to init server: Could not connect: Connection refused

(DataCollector_Deterministic.py:1954402): Gdk-CRITICAL **: 18:22:55.801: gdk_cursor_new_for_display: assertion 'GDK_IS_DISPLAY (display)' failed

(DataCollector_Deterministic.py:1954412): Gdk-CRITICAL **: 18:22:55.862: gdk_cursor_new_for_display: assertion 'GDK_IS_DISPLAY (display)' failed
Unable to init server: Could not connect: Connection refused
Unable to init server: Could not connect: Connection refused
Unable to init server: Could not connect: Connection refused
Unable to init server: Could not connect: Connection refused
Unable to init server: Could not connect: Connection refused
Unable to init server: Could not connect: Connection refused
Unable to init server: Could not connect: Connection refused
Unable to init server: Could not connect: Connection refused
Unable to init server: Could not connect: Connection refused
Unable to init server: Could not connect: Connection refused
Unable to init server: Could not connect: Connection refused

(DataCollector_Deterministic.py:1954464): Gdk-CRITICAL **: 18:22:56.338: gdk_cursor_new_for_display: assertion 'GDK_IS_DISPLAY (display)' failed
Unable to init server: Could not connect: Connection refused

(DataCollector_Deterministic.py:1954344): Gdk-CRITICAL **: 18:22:56.366: gdk_cursor_new_for_display: assertion 'GDK_IS_DISPLAY (display)' failed
Unable to init server: Could not connect: Connection refused
Unable to init server: Could not connect: Connection refused
Unable to init server: Could not connect: Connection refused
Unable to init server: Could not connect: Connection refused

(DataCollector_Deterministic.py:1954465): Gdk-CRITICAL **: 18:22:56.466: gdk_cursor_new_for_display: assertion 'GDK_IS_DISPLAY (display)' failed
Unable to init server: Could not connect: Connection refused

(DataCollector_Deterministic.py:1954463): Gdk-CRITICAL **: 18:22:56.548: gdk_cursor_new_for_display: assertion 'GDK_IS_DISPLAY (display)' failed
Unable to init server: Could not connect: Connection refused

(DataCollector_Deterministic.py:1954468): Gdk-CRITICAL **: 18:22:56.562: gdk_cursor_new_for_display: assertion 'GDK_IS_DISPLAY (display)' failed
Unable to init server: Could not connect: Connection refused
Unable to init server: Could not connect: Connection refused

(DataCollector_Deterministic.py:1954338): Gdk-CRITICAL **: 18:22:56.682: gdk_cursor_new_for_display: assertion 'GDK_IS_DISPLAY (display)' failed
Unable to init server: Could not connect: Connection refused
Unable to init server: Could not connect: Connection refused

(DataCollector_Deterministic.py:1954312): Gdk-CRITICAL **: 18:22:56.968: gdk_cursor_new_for_display: assertion 'GDK_IS_DISPLAY (display)' failed
Unable to init server: Could not connect: Connection refused

(DataCollector_Deterministic.py:1954322): Gdk-CRITICAL **: 18:22:57.003: gdk_cursor_new_for_display: assertion 'GDK_IS_DISPLAY (display)' failed
Unable to init server: Could not connect: Connection refused
Unable to init server: Could not connect: Connection refused
Unable to init server: Could not connect: Connection refused
Unable to init server: Could not connect: Connection refused
Unable to init server: Could not connect: Connection refused

(DataCollector_Deterministic.py:1954365): Gdk-CRITICAL **: 18:22:57.105: gdk_cursor_new_for_display: assertion 'GDK_IS_DISPLAY (display)' failed
Unable to init server: Could not connect: Connection refused

(DataCollector_Deterministic.py:1954340): Gdk-CRITICAL **: 18:22:57.156: gdk_cursor_new_for_display: assertion 'GDK_IS_DISPLAY (display)' failed
Unable to init server: Could not connect: Connection refused

(DataCollector_Deterministic.py:1954334): Gdk-CRITICAL **: 18:22:57.193: gdk_cursor_new_for_display: assertion 'GDK_IS_DISPLAY (display)' failed

(DataCollector_Deterministic.py:1954291): Gdk-CRITICAL **: 18:22:57.198: gdk_cursor_new_for_display: assertion 'GDK_IS_DISPLAY (display)' failed
Unable to init server: Could not connect: Connection refused

(DataCollector_Deterministic.py:1954336): Gdk-CRITICAL **: 18:22:57.285: gdk_cursor_new_for_display: assertion 'GDK_IS_DISPLAY (display)' failed
Unable to init server: Could not connect: Connection refused

(DataCollector_Deterministic.py:1954362): Gdk-CRITICAL **: 18:22:57.345: gdk_cursor_new_for_display: assertion 'GDK_IS_DISPLAY (display)' failed
Unable to init server: Could not connect: Connection refused

(DataCollector_Deterministic.py:1954289): Gdk-CRITICAL **: 18:22:57.401: gdk_cursor_new_for_display: assertion 'GDK_IS_DISPLAY (display)' failed
Unable to init server: Could not connect: Connection refused

(DataCollector_Deterministic.py:1954318): Gdk-CRITICAL **: 18:22:57.551: gdk_cursor_new_for_display: assertion 'GDK_IS_DISPLAY (display)' failed
Unable to init server: Could not connect: Connection refused

(DataCollector_Deterministic.py:1954350): Gdk-CRITICAL **: 18:22:57.684: gdk_cursor_new_for_display: assertion 'GDK_IS_DISPLAY (display)' failed
Unable to init server: Could not connect: Connection refused
Unable to init server: Could not connect: Connection refused

(DataCollector_Deterministic.py:1954431): Gdk-CRITICAL **: 18:22:57.876: gdk_cursor_new_for_display: assertion 'GDK_IS_DISPLAY (display)' failed
Unable to init server: Could not connect: Connection refused

(DataCollector_Deterministic.py:1954443): Gdk-CRITICAL **: 18:22:57.904: gdk_cursor_new_for_display: assertion 'GDK_IS_DISPLAY (display)' failed
Unable to init server: Could not connect: Connection refused

(DataCollector_Deterministic.py:1954406): Gdk-CRITICAL **: 18:22:57.923: gdk_cursor_new_for_display: assertion 'GDK_IS_DISPLAY (display)' failed
Unable to init server: Could not connect: Connection refused

(DataCollector_Deterministic.py:1954396): Gdk-CRITICAL **: 18:22:57.977: gdk_cursor_new_for_display: assertion 'GDK_IS_DISPLAY (display)' failed
Unable to init server: Could not connect: Connection refused

(DataCollector_Deterministic.py:1954332): Gdk-CRITICAL **: 18:22:57.991: gdk_cursor_new_for_display: assertion 'GDK_IS_DISPLAY (display)' failed
Unable to init server: Could not connect: Connection refused

(DataCollector_Deterministic.py:1954279): Gdk-CRITICAL **: 18:22:58.019: gdk_cursor_new_for_display: assertion 'GDK_IS_DISPLAY (display)' failed

(DataCollector_Deterministic.py:1954447): Gdk-CRITICAL **: 18:22:58.122: gdk_cursor_new_for_display: assertion 'GDK_IS_DISPLAY (display)' failed
Unable to init server: Could not connect: Connection refused

(DataCollector_Deterministic.py:1954300): Gdk-CRITICAL **: 18:22:58.239: gdk_cursor_new_for_display: assertion 'GDK_IS_DISPLAY (display)' failed
Unable to init server: Could not connect: Connection refused

(DataCollector_Deterministic.py:1954462): Gdk-CRITICAL **: 18:22:58.472: gdk_cursor_new_for_display: assertion 'GDK_IS_DISPLAY (display)' failed
Unable to init server: Could not connect: Connection refused

(DataCollector_Deterministic.py:1954390): Gdk-CRITICAL **: 18:22:58.601: gdk_cursor_new_for_display: assertion 'GDK_IS_DISPLAY (display)' failed
Unable to init server: Could not connect: Connection refused

(DataCollector_Deterministic.py:1954304): Gdk-CRITICAL **: 18:22:58.645: gdk_cursor_new_for_display: assertion 'GDK_IS_DISPLAY (display)' failed
Unable to init server: Could not connect: Connection refused

(DataCollector_Deterministic.py:1954330): Gdk-CRITICAL **: 18:22:58.652: gdk_cursor_new_for_display: assertion 'GDK_IS_DISPLAY (display)' failed
Unable to init server: Could not connect: Connection refused

(DataCollector_Deterministic.py:1954370): Gdk-CRITICAL **: 18:22:58.695: gdk_cursor_new_for_display: assertion 'GDK_IS_DISPLAY (display)' failed
Initalising...
Running Sim...

Data Dump...
Initalising...
Running Sim...

Data Dump...
Initalising...
Running Sim...

Data Dump...
Initalising...
Running Sim...

Data Dump...
Initalising...
Running Sim...

Data Dump...
Initalising...
Running Sim...

Data Dump...
Initalising...
Running Sim...

Data Dump...
Initalising...
Running Sim...

Data Dump...
Initalising...
Running Sim...

Data Dump...
Initalising...
Running Sim...

Data Dump...
Initalising...
Running Sim...

Data Dump...
Initalising...
Running Sim...
.Initalising...
Running Sim...
.Initalising...
Running Sim...
.Initalising...
Running Sim...
.Initalising...
Running Sim...
.Initalising...
Running Sim...
.Initalising...
Running Sim...
.Initalising...
Running Sim...
.Initalising...
Running Sim...
.Initalising...
Running Sim...
.Initalising...
Running Sim...
.Initalising...
Running Sim...
.Initalising...
Running Sim...
.Initalising...
Running Sim...
.Initalising...
Running Sim...
.Initalising...
Running Sim...
.Initalising...
Running Sim...
.Initalising...
Running Sim...
.Initalising...
Running Sim...
.Initalising...
Running Sim...
.Initalising...
Running Sim...
.Initalising...
Running Sim...
.Initalising...
Running Sim...
.Initalising...
Running Sim...
.Initalising...
Running Sim...
.Initalising...
Running Sim...
.Initalising...
Running Sim...
.Initalising...
Running Sim...
.Initalising...
Running Sim...
.Initalising...
Running Sim...
.Initalising...
Running Sim...
.Initalising...
Running Sim...
.Initalising...
Running Sim...
.Initalising...
Running Sim...
.Initalising...
Running Sim...
.Initalising...
Running Sim...
.Initalising...
Running Sim...
.Initalising...
Running Sim...
.Initalising...
Running Sim...
.Initalising...
Running Sim...
.Initalising...
Running Sim...
.Initalising...
Running Sim...
.Initalising...
Running Sim...
.Initalising...
Running Sim...
.Initalising...
Running Sim...
.Initalising...
Running Sim...
.Initalising...
Running Sim...
.Initalising...
Running Sim...
.Initalising...
Running Sim...
.Initalising...
Running Sim...
.Initalising...
Running Sim...
.Initalising...
Running Sim...
.Initalising...
Running Sim...
.Initalising...
Running Sim...
.Initalising...
Running Sim...
.Initalising...
Running Sim...
.Initalising...
Running Sim...
.Initalising...
Running Sim...
.Initalising...
Running Sim...
.Initalising...
Running Sim...
.Initalising...
Running Sim...
.Initalising...
Running Sim...
.Initalising...
Running Sim...
.Initalising...
Running Sim...
.Initalising...
Running Sim...
.Initalising...
Running Sim...
.Initalising...
Running Sim...
.Initalising...
Running Sim...
.Initalising...
Running Sim...
.Initalising...
Running Sim...
.Initalising...
Running Sim...
.Initalising...
Running Sim...
.Initalising...
Running Sim...
.Initalising...
Running Sim...
.Initalising...
Running Sim...
.Initalising...
Running Sim...
.Initalising...
Running Sim...
.Initalising...
Running Sim...
.Initalising...
Running Sim...
.Initalising...
Running Sim...
.Initalising...
Running Sim...
.Initalising...
Running Sim...
.Initalising...
Running Sim...
.Initalising...
Running Sim...
.Initalising...
Running Sim...
.Initalising...
Running Sim...
.Initalising...
Running Sim...
.Initalising...
Running Sim...
.Initalising...
Running Sim...
..............................................................................................................................................................................................................................................................................................................................................................................................................................................................................................................................................................................................................................................................................................................................................................................................................
[9035 1874]
...
[1773 9107]
..........
[1791 9113]
.
[1723 9115]
.
[1726 9166]
..
[1673 9179]
..
[1692 9107]
...
[1751 9136]
.
[1711 9141]
.
[1728 9112]
.
[1742 9128]
.
[1727 9166]
..
[1709 9123]
.
[1671 9175]
..
[1661 9174]
.
[1721 9118]
..
[1749 9160]
.
[1760 9093]
.
[1733 9104]
.
[1714 9135]
.
[1737 9143]
.
[1735 9149]
.
[1744 9150]
..
[1707 9158]
.
[1731 9092]
..
[1706 9132]
.
[1735 9153]
.
[1874 9026]
.
[1739 9111]
.
[1757 9089]
.
[1724 9153]
.
[1791 9091]
.
[1805 9043]
.
[1765 9095]
.
[1734 9147]
.
[1820 9056]
.
[1716 9141]
.
[1763 9079]
.
[1802 9096]
.
[1714 9136]
.
[1921 8905]
.
[1709 9107]
.
[1842 9011]
.
[1733 9145]
.
[1756 9080]
.
[1835 8958]
.
[1817 8989]
.
[2086 8733]
.
[1915 8935]
.
[2060 8759]
.
[1773 9083]
.
[1945 8909]
..
[2155 8649]
.
[2010 8802]
.
[1759 9141]
.
[2136 8696]
.
[2194 8631]
.
[2306 8499]
.
[1990 8805]
..
[1949 8892]
.
[1904 8872]
.
[2161 8623]
.
[2319 8458]
.
[2326 8504]
.
[2234 8525]
....
[2861 7918]
.
[2625 8183]
..
[2620 8175]
.
[7822 2990]
..
[2743 8023]
..
[2682 8095]
.....
[2709 8067]
.
[2690 8057]
..
[2829 7921]
..
[2606 8154]
.
[2665 8065]
.
[2783 8000]
..
[2874 7856]
...
[2769 7994]
............
[3665 7116]
.........
[3679 7132]
..........
[3561 7183]
..
[3495 7247]
.....
[3676 6990]
..........
[6139 4596]
....
[4616 6119]
......
[6054 4688]
.
[4344 6369]
.......
[5143 5582]
......................................................................................................................................................................................................................................................................................................................................
Data Dump...
..........
Data Dump...
..........
Data Dump...
.....
Data Dump...
.
Data Dump...
....
Data Dump...
..............
Data Dump...
.
Data Dump...
..
Data Dump...
..............................................................................................................................
[  47 4536]
...
[  45 4489]
....................
[  59 4334]
..........................
[  59 4232]
..
[  57 4231]
...
[  59 4157]
...
[  56 4237]
.....
[  69 4330]
...
[  47 4220]
.
[  51 4289]
.......
[  58 4171]
..
[  56 4107]
....
[  65 4126]
.......
[  61 4159]
.
[  52 4141]
..
[  62 4092]
...........
[  57 4134]
........
[  65 4027]
..
[  70 4050]
.......
[  46 4084]
...
[  68 4126]
.............
[  81 3980]
......
[  71 3944]
......
[  70 3874]
.
[  67 3921]
...
[  87 3923]
....
[  62 3915]
.........
[  87 3892]
..............
[  89 3818]
......
[  97 3862]
...........
[  85 3907]
........
[  97 3772]
..........
[  93 3781]
........
[ 125 3687]
..........
[ 122 3631]
..............
[ 125 3542]
..........
[ 146 3494]
.
[ 137 3569]
..........
[ 139 3481]
..........
[ 164 3473]
......
[ 132 3594]
............
[ 147 3460]
............................
[ 185 3426]
..
[ 216 3320]
.............
[ 186 3359]
.
[ 221 3275]
.
[ 190 3237]
......
[ 218 3283]
.
[ 154 3302]
....
[ 179 3248]
................
[ 216 3186]
..
[ 212 3137]
........................
[ 270 3046]
.............
[ 267 3098]
..
[ 266 3129]
..........
Data Dump...

[ 298 3093]
..
Data Dump...
....................
[ 357 2976]
.......
[ 363 2986]
.....................
[ 420 2765]
.....
[ 378 2908]
..
[ 379 2894]
.....
[ 391 2907]
...
[ 353 2804]
....
[ 365 2876]
...
[ 338 2893]
..
Data Dump...
.
[ 382 2851]
..........
[2556  612]
.........
[ 381 2924]
.........
[ 422 2778]
.
[ 435 2774]
......................................
[ 31 313]

Data Dump...
....
[ 34 332]

Data Dump...
.....
[ 32 339]

Data Dump...
...................
[ 39 328]

Data Dump...

[ 698 2466]
..
[ 21 337]

Data Dump...
....
[ 37 322]

Data Dump...
...
[ 29 319]

Data Dump...
.....
[ 644 2428]
.
[ 646 2377]
.
[ 35 360]

Data Dump...
......
[ 631 2478]
.......
[ 30 341]

Data Dump...

[ 34 305]

Data Dump...
.
[ 669 2335]
............
[ 38 286]

Data Dump...
....
[ 33 292]

Data Dump...
..........
[ 28 298]

Data Dump...
......
[1054 1899]
.
[ 933 2097]
......
[ 24 305]

Data Dump...
...
[ 28 295]

Data Dump...
.......
[1651 1344]
..............
[ 39 299]

Data Dump...

[ 18 301]

Data Dump...

[1712 1263]
...................
[1224 1695]
...
[ 29 331]

Data Dump...
.........
[ 29 303]

Data Dump...
...................
[ 34 279]

Data Dump...
....
[ 24 266]
...
[ 38 273]
.
Data Dump...
.
Data Dump...
..........
[ 29 258]
..
[ 40 295]
.
Data Dump...
......
Data Dump...
.......
[ 39 304]
......
Data Dump...
..............
[ 39 250]
...
[ 41 274]
..
[ 31 244]
.
Data Dump...
..
Data Dump...
...........
Data Dump...
....
[ 35 249]
...................
[ 31 221]
.
Data Dump...
..
[ 44 258]
...............
Data Dump...
..
Data Dump...
.....
[ 40 279]
..............
[ 38 258]
.......
Data Dump...
...
[ 54 219]
....
[ 46 267]
..
[ 38 269]
.......
Data Dump...
..........
[ 42 245]
...
[ 42 242]
.
Data Dump...

Data Dump...

Data Dump...
...........
[ 37 211]
.............
Data Dump...
.
Data Dump...
.............
[ 46 252]
........
Data Dump...
....
[ 51 219]
...
[ 48 246]
....
[ 45 254]
....
[ 39 199]
..
[ 42 236]
....
[ 29 239]
...
[ 36 207]
.
Data Dump...
........
[ 34 231]
.....
[ 35 221]
....
Data Dump...

Data Dump...
....
Data Dump...
........
Data Dump...

[ 54 186]
..
Data Dump...
.
Data Dump...

Data Dump...
.
[ 46 215]
.
[ 50 226]
...........
Data Dump...

Data Dump...
.....
[ 57 196]
......
[ 61 232]
......
[ 47 201]
...
Data Dump...
...
Data Dump...

[ 62 197]
.
Data Dump...
..
[ 62 209]
.....
[ 62 196]
..
[ 48 188]
..
[ 58 192]
....
Data Dump...

[ 53 187]
....
[166  80]
.
[ 44 202]
..
[ 56 219]
..
Data Dump...
.
[ 64 197]
.
Data Dump...
...
[ 63 198]
.
[ 54 203]
.....
Data Dump...
.......
Data Dump...
.
Data Dump...
..
Data Dump...
..
Data Dump...
....
Data Dump...

Data Dump...

Data Dump...
..
Data Dump...

[ 56 165]
..
[ 56 178]
...
Data Dump...

Data Dump...
.
Data Dump...
.
[ 59 174]
.
[ 76 176]
.
[ 81 158]
........
[ 93 176]
..
[ 84 142]
....
[100 134]
...
Data Dump...

Data Dump...
.
[128 126]
...
Data Dump...

Data Dump...

Data Dump...
.
[ 95 132]
.....
Data Dump...

Data Dump...
..
Data Dump...
.
Data Dump...

Data Dump...
Low 2 8
Done
