Unable to init server: Could not connect: Connection refused
Unable to init server: Could not connect: Connection refused

(DataCollector_Deterministic.py:1641710): Gdk-CRITICAL **: 18:14:28.843: gdk_cursor_new_for_display: assertion 'GDK_IS_DISPLAY (display)' failed
Unable to init server: Could not connect: Connection refused
Unable to init server: Could not connect: Connection refused
Unable to init server: Could not connect: Connection refused

(DataCollector_Deterministic.py:1642561): Gdk-CRITICAL **: 18:14:39.947: gdk_cursor_new_for_display: assertion 'GDK_IS_DISPLAY (display)' failed
Unable to init server: Could not connect: Connection refused

(DataCollector_Deterministic.py:1641751): Gdk-CRITICAL **: 18:14:40.706: gdk_cursor_new_for_display: assertion 'GDK_IS_DISPLAY (display)' failed
Unable to init server: Could not connect: Connection refused
Unable to init server: Could not connect: Connection refused
Unable to init server: Could not connect: Connection refused

(DataCollector_Deterministic.py:1642827): Gdk-CRITICAL **: 18:14:42.171: gdk_cursor_new_for_display: assertion 'GDK_IS_DISPLAY (display)' failed
Unable to init server: Could not connect: Connection refused
Unable to init server: Could not connect: Connection refused

(DataCollector_Deterministic.py:1641185): Gdk-CRITICAL **: 18:14:42.922: gdk_cursor_new_for_display: assertion 'GDK_IS_DISPLAY (display)' failed
Unable to init server: Could not connect: Connection refused
Unable to init server: Could not connect: Connection refused
Unable to init server: Could not connect: Connection refused
Unable to init server: Could not connect: Connection refused

(DataCollector_Deterministic.py:1642604): Gdk-CRITICAL **: 18:14:44.382: gdk_cursor_new_for_display: assertion 'GDK_IS_DISPLAY (display)' failed
Unable to init server: Could not connect: Connection refused
Unable to init server: Could not connect: Connection refused
Unable to init server: Could not connect: Connection refused
Unable to init server: Could not connect: Connection refused
Unable to init server: Could not connect: Connection refused
Unable to init server: Could not connect: Connection refused
Unable to init server: Could not connect: Connection refused
Unable to init server: Could not connect: Connection refused
Unable to init server: Could not connect: Connection refused
Unable to init server: Could not connect: Connection refused

(DataCollector_Deterministic.py:1641358): Gdk-CRITICAL **: 18:14:45.201: gdk_cursor_new_for_display: assertion 'GDK_IS_DISPLAY (display)' failed
Unable to init server: Could not connect: Connection refused
Unable to init server: Could not connect: Connection refused

(DataCollector_Deterministic.py:1641973): Gdk-CRITICAL **: 18:14:45.294: gdk_cursor_new_for_display: assertion 'GDK_IS_DISPLAY (display)' failed
Unable to init server: Could not connect: Connection refused
Unable to init server: Could not connect: Connection refused

(DataCollector_Deterministic.py:1642595): Gdk-CRITICAL **: 18:14:45.374: gdk_cursor_new_for_display: assertion 'GDK_IS_DISPLAY (display)' failed
Unable to init server: Could not connect: Connection refused
Unable to init server: Could not connect: Connection refused
Unable to init server: Could not connect: Connection refused
Unable to init server: Could not connect: Connection refused
Unable to init server: Could not connect: Connection refused
Unable to init server: Could not connect: Connection refused
Unable to init server: Could not connect: Connection refused
Unable to init server: Could not connect: Connection refused
Unable to init server: Could not connect: Connection refused
Unable to init server: Could not connect: Connection refused
Unable to init server: Could not connect: Connection refused
Unable to init server: Could not connect: Connection refused
Unable to init server: Could not connect: Connection refused
Unable to init server: Could not connect: Connection refused
Unable to init server: Could not connect: Connection refused
Unable to init server: Could not connect: Connection refused

(DataCollector_Deterministic.py:1641571): Gdk-CRITICAL **: 18:14:46.515: gdk_cursor_new_for_display: assertion 'GDK_IS_DISPLAY (display)' failed
Unable to init server: Could not connect: Connection refused
Unable to init server: Could not connect: Connection refused
Unable to init server: Could not connect: Connection refused
Unable to init server: Could not connect: Connection refused

(DataCollector_Deterministic.py:1641653): Gdk-CRITICAL **: 18:14:46.713: gdk_cursor_new_for_display: assertion 'GDK_IS_DISPLAY (display)' failed
Unable to init server: Could not connect: Connection refused

(DataCollector_Deterministic.py:1641347): Gdk-CRITICAL **: 18:14:46.750: gdk_cursor_new_for_display: assertion 'GDK_IS_DISPLAY (display)' failed
Unable to init server: Could not connect: Connection refused

(DataCollector_Deterministic.py:1641693): Gdk-CRITICAL **: 18:14:46.875: gdk_cursor_new_for_display: assertion 'GDK_IS_DISPLAY (display)' failed
Unable to init server: Could not connect: Connection refused
Unable to init server: Could not connect: Connection refused

(DataCollector_Deterministic.py:1642789): Gdk-CRITICAL **: 18:14:46.901: gdk_cursor_new_for_display: assertion 'GDK_IS_DISPLAY (display)' failed
Unable to init server: Could not connect: Connection refused

(DataCollector_Deterministic.py:1641174): Gdk-CRITICAL **: 18:14:46.999: gdk_cursor_new_for_display: assertion 'GDK_IS_DISPLAY (display)' failed
Unable to init server: Could not connect: Connection refused

(DataCollector_Deterministic.py:1641217): Gdk-CRITICAL **: 18:14:47.005: gdk_cursor_new_for_display: assertion 'GDK_IS_DISPLAY (display)' failed
Unable to init server: Could not connect: Connection refused

(DataCollector_Deterministic.py:1642428): Gdk-CRITICAL **: 18:14:47.043: gdk_cursor_new_for_display: assertion 'GDK_IS_DISPLAY (display)' failed
Unable to init server: Could not connect: Connection refused

(DataCollector_Deterministic.py:1642514): Gdk-CRITICAL **: 18:14:47.063: gdk_cursor_new_for_display: assertion 'GDK_IS_DISPLAY (display)' failed
Unable to init server: Could not connect: Connection refused

(DataCollector_Deterministic.py:1642803): Gdk-CRITICAL **: 18:14:47.075: gdk_cursor_new_for_display: assertion 'GDK_IS_DISPLAY (display)' failed
Unable to init server: Could not connect: Connection refused

(DataCollector_Deterministic.py:1640951): Gdk-CRITICAL **: 18:14:47.123: gdk_cursor_new_for_display: assertion 'GDK_IS_DISPLAY (display)' failed

(DataCollector_Deterministic.py:1642363): Gdk-CRITICAL **: 18:14:47.172: gdk_cursor_new_for_display: assertion 'GDK_IS_DISPLAY (display)' failed
Unable to init server: Could not connect: Connection refused

(DataCollector_Deterministic.py:1641331): Gdk-CRITICAL **: 18:14:47.203: gdk_cursor_new_for_display: assertion 'GDK_IS_DISPLAY (display)' failed
Unable to init server: Could not connect: Connection refused

(DataCollector_Deterministic.py:1642093): Gdk-CRITICAL **: 18:14:47.310: gdk_cursor_new_for_display: assertion 'GDK_IS_DISPLAY (display)' failed
Unable to init server: Could not connect: Connection refused

(DataCollector_Deterministic.py:1641441): Gdk-CRITICAL **: 18:14:47.443: gdk_cursor_new_for_display: assertion 'GDK_IS_DISPLAY (display)' failed
Unable to init server: Could not connect: Connection refused

(DataCollector_Deterministic.py:1641595): Gdk-CRITICAL **: 18:14:47.629: gdk_cursor_new_for_display: assertion 'GDK_IS_DISPLAY (display)' failed
Unable to init server: Could not connect: Connection refused

(DataCollector_Deterministic.py:1640670): Gdk-CRITICAL **: 18:14:47.656: gdk_cursor_new_for_display: assertion 'GDK_IS_DISPLAY (display)' failed
Unable to init server: Could not connect: Connection refused

(DataCollector_Deterministic.py:1642069): Gdk-CRITICAL **: 18:14:47.708: gdk_cursor_new_for_display: assertion 'GDK_IS_DISPLAY (display)' failed
Unable to init server: Could not connect: Connection refused

(DataCollector_Deterministic.py:1641881): Gdk-CRITICAL **: 18:14:47.725: gdk_cursor_new_for_display: assertion 'GDK_IS_DISPLAY (display)' failed
Unable to init server: Could not connect: Connection refused

(DataCollector_Deterministic.py:1640678): Gdk-CRITICAL **: 18:14:47.734: gdk_cursor_new_for_display: assertion 'GDK_IS_DISPLAY (display)' failed
Unable to init server: Could not connect: Connection refused
Unable to init server: Could not connect: Connection refused

(DataCollector_Deterministic.py:1641086): Gdk-CRITICAL **: 18:14:47.787: gdk_cursor_new_for_display: assertion 'GDK_IS_DISPLAY (display)' failed
Unable to init server: Could not connect: Connection refused
Unable to init server: Could not connect: Connection refused

(DataCollector_Deterministic.py:1642824): Gdk-CRITICAL **: 18:14:47.854: gdk_cursor_new_for_display: assertion 'GDK_IS_DISPLAY (display)' failed
Unable to init server: Could not connect: Connection refused
Unable to init server: Could not connect: Connection refused

(DataCollector_Deterministic.py:1642397): Gdk-CRITICAL **: 18:14:47.939: gdk_cursor_new_for_display: assertion 'GDK_IS_DISPLAY (display)' failed
Unable to init server: Could not connect: Connection refused

(DataCollector_Deterministic.py:1642002): Gdk-CRITICAL **: 18:14:47.985: gdk_cursor_new_for_display: assertion 'GDK_IS_DISPLAY (display)' failed
Unable to init server: Could not connect: Connection refused

(DataCollector_Deterministic.py:1641363): Gdk-CRITICAL **: 18:14:48.023: gdk_cursor_new_for_display: assertion 'GDK_IS_DISPLAY (display)' failed
Unable to init server: Could not connect: Connection refused
Unable to init server: Could not connect: Connection refused
Unable to init server: Could not connect: Connection refused
Unable to init server: Could not connect: Connection refused

(DataCollector_Deterministic.py:1641240): Gdk-CRITICAL **: 18:14:48.219: gdk_cursor_new_for_display: assertion 'GDK_IS_DISPLAY (display)' failed
Unable to init server: Could not connect: Connection refused

(DataCollector_Deterministic.py:1640927): Gdk-CRITICAL **: 18:14:48.251: gdk_cursor_new_for_display: assertion 'GDK_IS_DISPLAY (display)' failed
Unable to init server: Could not connect: Connection refused

(DataCollector_Deterministic.py:1641121): Gdk-CRITICAL **: 18:14:48.275: gdk_cursor_new_for_display: assertion 'GDK_IS_DISPLAY (display)' failed
Unable to init server: Could not connect: Connection refused

(DataCollector_Deterministic.py:1641902): Gdk-CRITICAL **: 18:14:48.295: gdk_cursor_new_for_display: assertion 'GDK_IS_DISPLAY (display)' failed
Unable to init server: Could not connect: Connection refused
Unable to init server: Could not connect: Connection refused

(DataCollector_Deterministic.py:1641166): Gdk-CRITICAL **: 18:14:49.511: gdk_cursor_new_for_display: assertion 'GDK_IS_DISPLAY (display)' failed
Unable to init server: Could not connect: Connection refused

(DataCollector_Deterministic.py:1642440): Gdk-CRITICAL **: 18:14:49.643: gdk_cursor_new_for_display: assertion 'GDK_IS_DISPLAY (display)' failed
Unable to init server: Could not connect: Connection refused

(DataCollector_Deterministic.py:1640636): Gdk-CRITICAL **: 18:14:49.691: gdk_cursor_new_for_display: assertion 'GDK_IS_DISPLAY (display)' failed
Unable to init server: Could not connect: Connection refused
Unable to init server: Could not connect: Connection refused
Unable to init server: Could not connect: Connection refused
Unable to init server: Could not connect: Connection refused
Unable to init server: Could not connect: Connection refused
Unable to init server: Could not connect: Connection refused

(DataCollector_Deterministic.py:1641985): Gdk-CRITICAL **: 18:14:50.302: gdk_cursor_new_for_display: assertion 'GDK_IS_DISPLAY (display)' failed
Unable to init server: Could not connect: Connection refused

(DataCollector_Deterministic.py:1642120): Gdk-CRITICAL **: 18:14:50.304: gdk_cursor_new_for_display: assertion 'GDK_IS_DISPLAY (display)' failed
Unable to init server: Could not connect: Connection refused
Unable to init server: Could not connect: Connection refused
Unable to init server: Could not connect: Connection refused

(DataCollector_Deterministic.py:1642381): Gdk-CRITICAL **: 18:14:50.381: gdk_cursor_new_for_display: assertion 'GDK_IS_DISPLAY (display)' failed
Unable to init server: Could not connect: Connection refused
Unable to init server: Could not connect: Connection refused

(DataCollector_Deterministic.py:1640663): Gdk-CRITICAL **: 18:14:50.484: gdk_cursor_new_for_display: assertion 'GDK_IS_DISPLAY (display)' failed
Unable to init server: Could not connect: Connection refused
Unable to init server: Could not connect: Connection refused
Unable to init server: Could not connect: Connection refused

(DataCollector_Deterministic.py:1640832): Gdk-CRITICAL **: 18:14:51.485: gdk_cursor_new_for_display: assertion 'GDK_IS_DISPLAY (display)' failed
Unable to init server: Could not connect: Connection refused

(DataCollector_Deterministic.py:1641004): Gdk-CRITICAL **: 18:14:51.838: gdk_cursor_new_for_display: assertion 'GDK_IS_DISPLAY (display)' failed
Unable to init server: Could not connect: Connection refused

(DataCollector_Deterministic.py:1640895): Gdk-CRITICAL **: 18:14:51.968: gdk_cursor_new_for_display: assertion 'GDK_IS_DISPLAY (display)' failed
Unable to init server: Could not connect: Connection refused

(DataCollector_Deterministic.py:1641236): Gdk-CRITICAL **: 18:14:52.042: gdk_cursor_new_for_display: assertion 'GDK_IS_DISPLAY (display)' failed
Unable to init server: Could not connect: Connection refused

(DataCollector_Deterministic.py:1641766): Gdk-CRITICAL **: 18:14:52.110: gdk_cursor_new_for_display: assertion 'GDK_IS_DISPLAY (display)' failed
Unable to init server: Could not connect: Connection refused

(DataCollector_Deterministic.py:1642403): Gdk-CRITICAL **: 18:14:52.182: gdk_cursor_new_for_display: assertion 'GDK_IS_DISPLAY (display)' failed
Unable to init server: Could not connect: Connection refused
Unable to init server: Could not connect: Connection refused

(DataCollector_Deterministic.py:1642168): Gdk-CRITICAL **: 18:14:52.252: gdk_cursor_new_for_display: assertion 'GDK_IS_DISPLAY (display)' failed
Unable to init server: Could not connect: Connection refused

(DataCollector_Deterministic.py:1642793): Gdk-CRITICAL **: 18:14:52.393: gdk_cursor_new_for_display: assertion 'GDK_IS_DISPLAY (display)' failed
Unable to init server: Could not connect: Connection refused

(DataCollector_Deterministic.py:1642811): Gdk-CRITICAL **: 18:14:52.675: gdk_cursor_new_for_display: assertion 'GDK_IS_DISPLAY (display)' failed
Unable to init server: Could not connect: Connection refused

(DataCollector_Deterministic.py:1642496): Gdk-CRITICAL **: 18:14:52.946: gdk_cursor_new_for_display: assertion 'GDK_IS_DISPLAY (display)' failed
Unable to init server: Could not connect: Connection refused
Unable to init server: Could not connect: Connection refused
Unable to init server: Could not connect: Connection refused
Unable to init server: Could not connect: Connection refused

(DataCollector_Deterministic.py:1642063): Gdk-CRITICAL **: 18:14:54.163: gdk_cursor_new_for_display: assertion 'GDK_IS_DISPLAY (display)' failed
Unable to init server: Could not connect: Connection refused
Unable to init server: Could not connect: Connection refused

(DataCollector_Deterministic.py:1641925): Gdk-CRITICAL **: 18:14:55.287: gdk_cursor_new_for_display: assertion 'GDK_IS_DISPLAY (display)' failed
Unable to init server: Could not connect: Connection refused

(DataCollector_Deterministic.py:1642527): Gdk-CRITICAL **: 18:14:55.494: gdk_cursor_new_for_display: assertion 'GDK_IS_DISPLAY (display)' failed
Unable to init server: Could not connect: Connection refused

(DataCollector_Deterministic.py:1640940): Gdk-CRITICAL **: 18:14:55.617: gdk_cursor_new_for_display: assertion 'GDK_IS_DISPLAY (display)' failed
Unable to init server: Could not connect: Connection refused
Unable to init server: Could not connect: Connection refused

(DataCollector_Deterministic.py:1641696): Gdk-CRITICAL **: 18:14:56.425: gdk_cursor_new_for_display: assertion 'GDK_IS_DISPLAY (display)' failed
Unable to init server: Could not connect: Connection refused
Unable to init server: Could not connect: Connection refused
Unable to init server: Could not connect: Connection refused
Unable to init server: Could not connect: Connection refused

(DataCollector_Deterministic.py:1640609): Gdk-CRITICAL **: 18:14:58.088: gdk_cursor_new_for_display: assertion 'GDK_IS_DISPLAY (display)' failed
Unable to init server: Could not connect: Connection refused
Unable to init server: Could not connect: Connection refused
Unable to init server: Could not connect: Connection refused
Unable to init server: Could not connect: Connection refused
Unable to init server: Could not connect: Connection refused
Unable to init server: Could not connect: Connection refused

(DataCollector_Deterministic.py:1640648): Gdk-CRITICAL **: 18:14:59.201: gdk_cursor_new_for_display: assertion 'GDK_IS_DISPLAY (display)' failed
Unable to init server: Could not connect: Connection refused

(DataCollector_Deterministic.py:1641412): Gdk-CRITICAL **: 18:14:59.354: gdk_cursor_new_for_display: assertion 'GDK_IS_DISPLAY (display)' failed
Unable to init server: Could not connect: Connection refused

(DataCollector_Deterministic.py:1642549): Gdk-CRITICAL **: 18:14:59.750: gdk_cursor_new_for_display: assertion 'GDK_IS_DISPLAY (display)' failed
Unable to init server: Could not connect: Connection refused

(DataCollector_Deterministic.py:1640774): Gdk-CRITICAL **: 18:15:00.130: gdk_cursor_new_for_display: assertion 'GDK_IS_DISPLAY (display)' failed
Unable to init server: Could not connect: Connection refused

(DataCollector_Deterministic.py:1640787): Gdk-CRITICAL **: 18:15:00.398: gdk_cursor_new_for_display: assertion 'GDK_IS_DISPLAY (display)' failed
Unable to init server: Could not connect: Connection refused
Unable to init server: Could not connect: Connection refused
Unable to init server: Could not connect: Connection refused

(DataCollector_Deterministic.py:1641468): Gdk-CRITICAL **: 18:15:00.610: gdk_cursor_new_for_display: assertion 'GDK_IS_DISPLAY (display)' failed
Unable to init server: Could not connect: Connection refused

(DataCollector_Deterministic.py:1642150): Gdk-CRITICAL **: 18:15:00.883: gdk_cursor_new_for_display: assertion 'GDK_IS_DISPLAY (display)' failed
Unable to init server: Could not connect: Connection refused

(DataCollector_Deterministic.py:1642449): Gdk-CRITICAL **: 18:15:01.212: gdk_cursor_new_for_display: assertion 'GDK_IS_DISPLAY (display)' failed
Unable to init server: Could not connect: Connection refused

(DataCollector_Deterministic.py:1641444): Gdk-CRITICAL **: 18:15:02.017: gdk_cursor_new_for_display: assertion 'GDK_IS_DISPLAY (display)' failed
Unable to init server: Could not connect: Connection refused
Unable to init server: Could not connect: Connection refused

(DataCollector_Deterministic.py:1641214): Gdk-CRITICAL **: 18:15:02.384: gdk_cursor_new_for_display: assertion 'GDK_IS_DISPLAY (display)' failed
Unable to init server: Could not connect: Connection refused
Unable to init server: Could not connect: Connection refused
Unable to init server: Could not connect: Connection refused
Unable to init server: Could not connect: Connection refused

(DataCollector_Deterministic.py:1642410): Gdk-CRITICAL **: 18:15:04.511: gdk_cursor_new_for_display: assertion 'GDK_IS_DISPLAY (display)' failed
Unable to init server: Could not connect: Connection refused
Unable to init server: Could not connect: Connection refused
Unable to init server: Could not connect: Connection refused
Unable to init server: Could not connect: Connection refused

(DataCollector_Deterministic.py:1641933): Gdk-CRITICAL **: 18:15:05.235: gdk_cursor_new_for_display: assertion 'GDK_IS_DISPLAY (display)' failed
Unable to init server: Could not connect: Connection refused
Unable to init server: Could not connect: Connection refused
Unable to init server: Could not connect: Connection refused

(DataCollector_Deterministic.py:1641728): Gdk-CRITICAL **: 18:15:05.498: gdk_cursor_new_for_display: assertion 'GDK_IS_DISPLAY (display)' failed
Unable to init server: Could not connect: Connection refused
Unable to init server: Could not connect: Connection refused
Unable to init server: Could not connect: Connection refused

(DataCollector_Deterministic.py:1642786): Gdk-CRITICAL **: 18:15:05.759: gdk_cursor_new_for_display: assertion 'GDK_IS_DISPLAY (display)' failed
Unable to init server: Could not connect: Connection refused
Unable to init server: Could not connect: Connection refused
Unable to init server: Could not connect: Connection refused
Unable to init server: Could not connect: Connection refused
Unable to init server: Could not connect: Connection refused
Unable to init server: Could not connect: Connection refused
Unable to init server: Could not connect: Connection refused
Unable to init server: Could not connect: Connection refused
Unable to init server: Could not connect: Connection refused
Unable to init server: Could not connect: Connection refused
Unable to init server: Could not connect: Connection refused
Unable to init server: Could not connect: Connection refused

(DataCollector_Deterministic.py:1642181): Gdk-CRITICAL **: 18:15:06.642: gdk_cursor_new_for_display: assertion 'GDK_IS_DISPLAY (display)' failed
Unable to init server: Could not connect: Connection refused
Unable to init server: Could not connect: Connection refused

(DataCollector_Deterministic.py:1642106): Gdk-CRITICAL **: 18:15:06.798: gdk_cursor_new_for_display: assertion 'GDK_IS_DISPLAY (display)' failed
Unable to init server: Could not connect: Connection refused
Unable to init server: Could not connect: Connection refused
Unable to init server: Could not connect: Connection refused
Unable to init server: Could not connect: Connection refused

(DataCollector_Deterministic.py:1640687): Gdk-CRITICAL **: 18:15:06.958: gdk_cursor_new_for_display: assertion 'GDK_IS_DISPLAY (display)' failed
Unable to init server: Could not connect: Connection refused

(DataCollector_Deterministic.py:1641870): Gdk-CRITICAL **: 18:15:07.239: gdk_cursor_new_for_display: assertion 'GDK_IS_DISPLAY (display)' failed
Unable to init server: Could not connect: Connection refused

(DataCollector_Deterministic.py:1642544): Gdk-CRITICAL **: 18:15:07.354: gdk_cursor_new_for_display: assertion 'GDK_IS_DISPLAY (display)' failed
Unable to init server: Could not connect: Connection refused
Unable to init server: Could not connect: Connection refused

(DataCollector_Deterministic.py:1642384): Gdk-CRITICAL **: 18:15:07.471: gdk_cursor_new_for_display: assertion 'GDK_IS_DISPLAY (display)' failed
Unable to init server: Could not connect: Connection refused

(DataCollector_Deterministic.py:1642815): Gdk-CRITICAL **: 18:15:07.491: gdk_cursor_new_for_display: assertion 'GDK_IS_DISPLAY (display)' failed
Unable to init server: Could not connect: Connection refused

(DataCollector_Deterministic.py:1642194): Gdk-CRITICAL **: 18:15:07.510: gdk_cursor_new_for_display: assertion 'GDK_IS_DISPLAY (display)' failed
Unable to init server: Could not connect: Connection refused
Unable to init server: Could not connect: Connection refused

(DataCollector_Deterministic.py:1641386): Gdk-CRITICAL **: 18:15:07.534: gdk_cursor_new_for_display: assertion 'GDK_IS_DISPLAY (display)' failed
Unable to init server: Could not connect: Connection refused

(DataCollector_Deterministic.py:1642007): Gdk-CRITICAL **: 18:15:07.663: gdk_cursor_new_for_display: assertion 'GDK_IS_DISPLAY (display)' failed
Unable to init server: Could not connect: Connection refused
Unable to init server: Could not connect: Connection refused

(DataCollector_Deterministic.py:1640859): Gdk-CRITICAL **: 18:15:07.807: gdk_cursor_new_for_display: assertion 'GDK_IS_DISPLAY (display)' failed
Unable to init server: Could not connect: Connection refused

(DataCollector_Deterministic.py:1641476): Gdk-CRITICAL **: 18:15:07.854: gdk_cursor_new_for_display: assertion 'GDK_IS_DISPLAY (display)' failed
Unable to init server: Could not connect: Connection refused

(DataCollector_Deterministic.py:1642018): Gdk-CRITICAL **: 18:15:08.121: gdk_cursor_new_for_display: assertion 'GDK_IS_DISPLAY (display)' failed
Unable to init server: Could not connect: Connection refused

(DataCollector_Deterministic.py:1642569): Gdk-CRITICAL **: 18:15:08.131: gdk_cursor_new_for_display: assertion 'GDK_IS_DISPLAY (display)' failed
Unable to init server: Could not connect: Connection refused

(DataCollector_Deterministic.py:1641136): Gdk-CRITICAL **: 18:15:08.233: gdk_cursor_new_for_display: assertion 'GDK_IS_DISPLAY (display)' failed
Unable to init server: Could not connect: Connection refused

(DataCollector_Deterministic.py:1642419): Gdk-CRITICAL **: 18:15:08.263: gdk_cursor_new_for_display: assertion 'GDK_IS_DISPLAY (display)' failed
Unable to init server: Could not connect: Connection refused

(DataCollector_Deterministic.py:1642132): Gdk-CRITICAL **: 18:15:08.467: gdk_cursor_new_for_display: assertion 'GDK_IS_DISPLAY (display)' failed
Unable to init server: Could not connect: Connection refused

(DataCollector_Deterministic.py:1642483): Gdk-CRITICAL **: 18:15:08.480: gdk_cursor_new_for_display: assertion 'GDK_IS_DISPLAY (display)' failed
Unable to init server: Could not connect: Connection refused

(DataCollector_Deterministic.py:1642775): Gdk-CRITICAL **: 18:15:08.535: gdk_cursor_new_for_display: assertion 'GDK_IS_DISPLAY (display)' failed
Unable to init server: Could not connect: Connection refused

(DataCollector_Deterministic.py:1640598): Gdk-CRITICAL **: 18:15:08.558: gdk_cursor_new_for_display: assertion 'GDK_IS_DISPLAY (display)' failed
Unable to init server: Could not connect: Connection refused

(DataCollector_Deterministic.py:1641674): Gdk-CRITICAL **: 18:15:08.600: gdk_cursor_new_for_display: assertion 'GDK_IS_DISPLAY (display)' failed
Unable to init server: Could not connect: Connection refused

(DataCollector_Deterministic.py:1640962): Gdk-CRITICAL **: 18:15:08.610: gdk_cursor_new_for_display: assertion 'GDK_IS_DISPLAY (display)' failed
Unable to init server: Could not connect: Connection refused
Unable to init server: Could not connect: Connection refused

(DataCollector_Deterministic.py:1640584): Gdk-CRITICAL **: 18:15:09.243: gdk_cursor_new_for_display: assertion 'GDK_IS_DISPLAY (display)' failed
Unable to init server: Could not connect: Connection refused

(DataCollector_Deterministic.py:1642834): Gdk-CRITICAL **: 18:15:09.339: gdk_cursor_new_for_display: assertion 'GDK_IS_DISPLAY (display)' failed

(DataCollector_Deterministic.py:1640622): Gdk-CRITICAL **: 18:15:09.545: gdk_cursor_new_for_display: assertion 'GDK_IS_DISPLAY (display)' failed
Initalising...
Running Sim...

Data Dump...
Initalising...
Running Sim...

Data Dump...
Initalising...
Running Sim...

Data Dump...
Initalising...
Running Sim...

Data Dump...
Initalising...
Running Sim...

Data Dump...
Initalising...
Running Sim...

Data Dump...
Initalising...
Running Sim...
.Initalising...
Running Sim...

Data Dump...
Initalising...
Running Sim...

Data Dump...
Initalising...
Running Sim...
.Initalising...
Running Sim...
.Initalising...
Running Sim...
.Initalising...
Running Sim...
.Initalising...
Running Sim...
.Initalising...
Running Sim...
.Initalising...
Running Sim...
.Initalising...
Running Sim...
.Initalising...
Running Sim...
.Initalising...
Running Sim...
.Initalising...
Running Sim...
.Initalising...
Running Sim...
.Initalising...
Running Sim...
.Initalising...
Running Sim...
.Initalising...
Running Sim...
.Initalising...
Running Sim...
.Initalising...
Running Sim...
.Initalising...
Running Sim...
.Initalising...
Running Sim...
.Initalising...
Running Sim...
.Initalising...
Running Sim...
.Initalising...
Running Sim...
.Initalising...
Running Sim...
.Initalising...
Running Sim...
.Initalising...
Running Sim...
.Initalising...
Running Sim...
.Initalising...
Running Sim...
.Initalising...
Running Sim...
.Initalising...
Running Sim...
.Initalising...
Running Sim...
.Initalising...
Running Sim...
.Initalising...
Running Sim...
.Initalising...
Running Sim...
.Initalising...
Running Sim...
.Initalising...
Running Sim...
.Initalising...
Running Sim...
.Initalising...
Running Sim...
.Initalising...
Running Sim...
.Initalising...
Running Sim...
.Initalising...
Running Sim...
.Initalising...
Running Sim...
.Initalising...
Running Sim...
.Initalising...
Running Sim...
.Initalising...
Running Sim...
.Initalising...
Running Sim...
.Initalising...
Running Sim...
.Initalising...
Running Sim...
.Initalising...
Running Sim...
.Initalising...
Running Sim...
.Initalising...
Running Sim...
.Initalising...
Running Sim...
.Initalising...
Running Sim...
.Initalising...
Running Sim...
.Initalising...
Running Sim...
.Initalising...
Running Sim...
.Initalising...
Running Sim...
.Initalising...
Running Sim...
.Initalising...
Running Sim...
.Initalising...
Running Sim...
.Initalising...
Running Sim...
.Initalising...
Running Sim...
.Initalising...
Running Sim...
.Initalising...
Running Sim...
.Initalising...
Running Sim...
.Initalising...
Running Sim...
.Initalising...
Running Sim...
.Initalising...
Running Sim...
.Initalising...
Running Sim...
.Initalising...
Running Sim...
.Initalising...
Running Sim...
.Initalising...
Running Sim...
.Initalising...
Running Sim...
.Initalising...
Running Sim...
.Initalising...
Running Sim...
.Initalising...
Running Sim...
.Initalising...
Running Sim...
.Initalising...
Running Sim...
.Initalising...
Running Sim...
.Initalising...
Running Sim...
.Initalising...
Running Sim...
.Initalising...
Running Sim...
.Initalising...
Running Sim...
.Initalising...
Running Sim...
.Initalising...
Running Sim...
.Initalising...
Running Sim...
.Initalising...
Running Sim...
.Initalising...
Running Sim...
.Initalising...
Running Sim...
.Initalising...
Running Sim...
.Initalising...
Running Sim...
.Initalising...
Running Sim...
...........................................................................................................................................................................................................................................................................................................................................................................................................................................................................................................................................................................................................................................................................................................................................................................................
[9500  983]
..............
[1733 9125]
..
[3763 6804]
...............
[1729 9131]
........
[1774 9133]
..
[1751 9119]
..
[1710 9130]
.......
[1714 9186]
...
[1719 9104]
.
[1734 9151]
....
[9531  944]
.
[1718 9119]
.
[1710 9141]
.
[1960 8898]
...
[1719 9150]
.
[1719 9089]
.
[1730 9138]
.
[9397 1086]
.
[1892 8904]
..
[1757 9100]
..
[1689 9154]
.
[2995 7701]
.
[1759 9117]
.
[9401 1083]
.
[2096 8692]
....
[2076 8704]
.
[2016 8768]
...
[9167 1244]
..
[9076 1382]
..
[9418 1018]
..
[9519  971]
.....
[9377 1075]
.
[9480  963]
.
[9517  957]
..
[1775 9055]
....
[9401 1032]
.
[1882 8945]
.
[9503  941]
.
[9255 1219]
.
[9154 1319]
.
[9473  983]
.
[9174 1280]
.
[9116 1338]
.
[9259 1198]
..
[2071 8753]
.
[9440 1013]
..
[9323 1149]
.
[9500  968]
..
[9523  966]
....
[8509 1945]
.
[8862 1588]
.
[3069 7622]
.
[6070 4391]
.
[9494 1002]
.
[1884 8920]
.
[9219 1239]
..
[3142 7521]
..
[8916 1492]
..
[3066 7578]
.
[8433 1979]
.
[5116 5414]
..
[8928 1498]
.
[7778 2686]
..
[2860 7806]
..
[8444 1997]
......
[8324 2117]
...
[7924 2463]
....
[4138 6497]
......
[3627 6992]
...
[7349 3108]
..
[7754 2672]
.
[8139 2303]
.
[4405 6161]
...
[3951 6639]
..........
[6984 3473]
...
[3127 7530]
...
[4768 5740]
.
[7696 2726]
.........
[7842 2576]
.
[7331 3110]
..
[6530 3927]
..
[6471 3991]
.
[5131 5367]
.....
[7151 3273]
.
[4984 5512]
...
[4921 5585]
..
[6419 4038]
.
[5266 5238]
.
[7258 3194]
.....
[6548 3901]
..
[5494 5003]
.....
[6190 4310]
......................................................................................................................................................................................................................................................................
Data Dump...
.......................
Data Dump...
............................................
Data Dump...
...........................................................................
[4003    6]
............................................
[4585    5]
........................................................................................
[3835   10]
.................................
[4068    7]
......................................................
[3626    5]
....
[3606   12]
..
[  96 3093]
...
[3518    7]
........
[3515   10]
....
[3426   15]
.
[3509    7]
...
[3600    8]
.......
[3708   10]
.................
[ 213 2551]
.
[ 216 2594]
........
[1424  786]
...
[3391   13]
.
[3382   12]
...
[ 185 2709]
.
[ 181 2614]
..
[ 176 2686]
.........
[3502    6]
.
[ 213 2623]
.
[3151   18]
.
[ 290 2410]
.
[ 235 2513]
.
[3157   15]
..
[ 259 2424]
..
[ 203 2558]
..........
[3384    8]
..................
[ 367 2189]
.
[3162   15]
.
[3265   14]
.
[3198   11]
...
[3142   19]
.
[3266   14]
...
[ 313 2334]
..
[3272   18]
...................
[3205   16]
..........
[2910   40]
......
[3039   23]
.....
[3041   23]
..............
[ 559 1888]
........
[ 540 1781]
...
[ 333 2102]
..
[3006   25]
..
[2822   64]
.
[2892   43]
.
[ 623 1724]
.
[2863   33]
...
[ 620 1691]
........
[1114 1124]
............
[ 596 1748]
..
[2878   36]
.......
[2631   56]
.........
[2191  210]
......
[2774   38]
.......
[2740   68]
.
[2566   93]
.............
[314   3]

Data Dump...
..
[ 505 1856]
.......
[ 514 1872]
...
[ 607 1739]
.................
[1143 1086]
........
[2635   85]
..
[2716   51]
...
[2488  115]
.
[229   3]
.
[1125 1038]
.
[1942  369]
.
Data Dump...
.....
[2518   89]
........
[1116 1046]
......
[2549  108]
..
[2388  144]
............
[2346  126]
.......
[2574  111]
....
[1016 1152]
.
[1570  651]
.............
[2338  165]
.......
[1692  565]
........
[2372  145]
........
[1897  385]
.
[1485  720]
..........
[1380  788]
...
[1750  446]
.............
[1994  342]
..
[2299  192]
.......
[2029  319]
.....
[1911  380]
....................
[1162 1028]
.....
[1881  379]
....................................................
[190   8]
...............
Data Dump...

[208   6]
.........
Data Dump...
..........................................................................................................
[223   2]
................
Data Dump...
..............
[172   7]
..................
[171   5]
...........
[191   6]
.............
[154   6]
.
Data Dump...
....
[210   4]
.............
Data Dump...

Data Dump...

[89 16]
......
[174   6]
....
[156   5]
............
Data Dump...
............
Data Dump...
......
[26 43]
.........
Data Dump...
.............
[191   6]
...............
[182   5]
.......
Data Dump...
........
Data Dump...
.
[181   2]
..................
Data Dump...
....
[33 33]
....
[60 28]
.
Data Dump...
...
[52 31]
.
[155   9]
.....
Data Dump...
...
[202   2]
........
[38 25]
..
[29 36]
.....
[175   4]
..
Data Dump...

[39 23]
.
[52 23]
............
[48 28]
......
[49 25]
....
[43 30]
..
[177   4]
......
[163   3]
..
Data Dump...
.....
[189   7]
.
[160   6]
.
[48 31]
......
Data Dump...
..
Data Dump...
...
Data Dump...

[172   5]
....
[146  10]
.
Data Dump...

Data Dump...
..
Data Dump...
........
Data Dump...
.........
[172   9]
...
Data Dump...

Data Dump...
..
[56 28]
...
[142   7]
...
Data Dump...
....
Data Dump...
............
Data Dump...

Data Dump...

Data Dump...
..
[158   5]
.
Data Dump...
..
Data Dump...
....
Data Dump...
..
[159   6]
.
[149   8]
.......
Data Dump...
......
[74 17]
....
Data Dump...
.....
Data Dump...
.....
[170   4]
.......
Data Dump...
..
[143   5]
......
[120  17]
.
[49 17]
.
Data Dump...
.......
[44 19]
....
[142   7]
....
[153   6]
..
[63 16]
.
Data Dump...

[61 22]
.......
[61 20]
.
[145   7]
...
Data Dump...
.
[165   6]
......
[62 15]
..
Data Dump...
.....
[154  10]
........
[153   6]
.......................
Data Dump...

Data Dump...
.
[108  15]
.
Data Dump...

Data Dump...
.......
Data Dump...

[131  12]
..........
Data Dump...
..
[132  12]
.
Data Dump...

Data Dump...
..
Data Dump...

[139   7]
.
[61 16]
..
[58 18]
.
[81 19]
.
[78 23]
.
Data Dump...

[123   6]
.........
[75 15]
.
Data Dump...

Data Dump...
.
Data Dump...
.
Data Dump...
..
[124   6]
..
[120   7]
..
[76 17]
..
[125  10]
..
Data Dump...
.
Data Dump...
..
[113   8]
............
[131  12]
.
[83  8]
.
[55 14]
....
[106  10]
..
Data Dump...
..
[102   9]
....
Data Dump...
...
[103  10]
......
Data Dump...

Data Dump...

Data Dump...
.
Data Dump...

Data Dump...

[92  6]
.
[97  8]
........
Data Dump...

Data Dump...
...
[93 11]
....
[97 10]
.
Data Dump...

[117   8]
.
Data Dump...

Data Dump...

[94 11]
.
Data Dump...
.
[103  13]
.....
Data Dump...
.
Data Dump...
....
[100   8]
..
Data Dump...

[80  9]
..
Data Dump...
...
Data Dump...
.
Data Dump...
.
Data Dump...
.
Data Dump...
.......
Data Dump...

Data Dump...
...
Data Dump...
..
Data Dump...

Data Dump...
....
Data Dump...

Data Dump...
.
Data Dump...

Data Dump...
Low 2 0
Done
