Unable to init server: Could not connect: Connection refused
Unable to init server: Could not connect: Connection refused
Unable to init server: Could not connect: Connection refused
Unable to init server: Could not connect: Connection refused
Unable to init server: Could not connect: Connection refused
Unable to init server: Could not connect: Connection refused
Unable to init server: Could not connect: Connection refused
Unable to init server: Could not connect: Connection refused
Unable to init server: Could not connect: Connection refused
Unable to init server: Could not connect: Connection refused
Unable to init server: Could not connect: Connection refused
Unable to init server: Could not connect: Connection refused
Unable to init server: Could not connect: Connection refused
Unable to init server: Could not connect: Connection refused
Unable to init server: Could not connect: Connection refused
Unable to init server: Could not connect: Connection refused
Unable to init server: Could not connect: Connection refused
Unable to init server: Could not connect: Connection refused
Unable to init server: Could not connect: Connection refused
Unable to init server: Could not connect: Connection refused
Unable to init server: Could not connect: Connection refused
Unable to init server: Could not connect: Connection refused
Unable to init server: Could not connect: Connection refused
Unable to init server: Could not connect: Connection refused
Unable to init server: Could not connect: Connection refused
Unable to init server: Could not connect: Connection refused
Unable to init server: Could not connect: Connection refused
Unable to init server: Could not connect: Connection refused
Unable to init server: Could not connect: Connection refused
Unable to init server: Could not connect: Connection refused
Unable to init server: Could not connect: Connection refused
Unable to init server: Could not connect: Connection refused
Unable to init server: Could not connect: Connection refused
Unable to init server: Could not connect: Connection refused
Unable to init server: Could not connect: Connection refused
Unable to init server: Could not connect: Connection refused
Unable to init server: Could not connect: Connection refused
Unable to init server: Could not connect: Connection refused
Unable to init server: Could not connect: Connection refused
Unable to init server: Could not connect: Connection refused
Unable to init server: Could not connect: Connection refused
Unable to init server: Could not connect: Connection refused
Unable to init server: Could not connect: Connection refused
Unable to init server: Could not connect: Connection refused
Unable to init server: Could not connect: Connection refused
Unable to init server: Could not connect: Connection refused
Unable to init server: Could not connect: Connection refused
Unable to init server: Could not connect: Connection refused
Unable to init server: Could not connect: Connection refused
Unable to init server: Could not connect: Connection refused
Unable to init server: Could not connect: Connection refused
Unable to init server: Could not connect: Connection refused
Unable to init server: Could not connect: Connection refused
Unable to init server: Could not connect: Connection refused
Unable to init server: Could not connect: Connection refused
Unable to init server: Could not connect: Connection refused
Unable to init server: Could not connect: Connection refused
Unable to init server: Could not connect: Connection refused
Unable to init server: Could not connect: Connection refused
Unable to init server: Could not connect: Connection refused
Unable to init server: Could not connect: Connection refused
Unable to init server: Could not connect: Connection refused
Unable to init server: Could not connect: Connection refused
Unable to init server: Could not connect: Connection refused
Unable to init server: Could not connect: Connection refused
Unable to init server: Could not connect: Connection refused
Unable to init server: Could not connect: Connection refused
Unable to init server: Could not connect: Connection refused
Unable to init server: Could not connect: Connection refused
Unable to init server: Could not connect: Connection refused
Unable to init server: Could not connect: Connection refused
Unable to init server: Could not connect: Connection refused
Unable to init server: Could not connect: Connection refused
Unable to init server: Could not connect: Connection refused
Unable to init server: Could not connect: Connection refused
Unable to init server: Could not connect: Connection refused
Unable to init server: Could not connect: Connection refused
Unable to init server: Could not connect: Connection refused
Unable to init server: Could not connect: Connection refused
Unable to init server: Could not connect: Connection refused
Unable to init server: Could not connect: Connection refused
Unable to init server: Could not connect: Connection refused
Unable to init server: Could not connect: Connection refused

(DataCollector_Deterministic.py:10607): Gdk-CRITICAL **: 15:37:47.758: gdk_cursor_new_for_display: assertion 'GDK_IS_DISPLAY (display)' failed
Unable to init server: Could not connect: Connection refused
Unable to init server: Could not connect: Connection refused
Unable to init server: Could not connect: Connection refused

(DataCollector_Deterministic.py:10406): Gdk-CRITICAL **: 15:37:48.040: gdk_cursor_new_for_display: assertion 'GDK_IS_DISPLAY (display)' failed
Unable to init server: Could not connect: Connection refused
Unable to init server: Could not connect: Connection refused
Unable to init server: Could not connect: Connection refused
Unable to init server: Could not connect: Connection refused
Unable to init server: Could not connect: Connection refused
Unable to init server: Could not connect: Connection refused
Unable to init server: Could not connect: Connection refused
Unable to init server: Could not connect: Connection refused

(DataCollector_Deterministic.py:10241): Gdk-CRITICAL **: 15:37:48.454: gdk_cursor_new_for_display: assertion 'GDK_IS_DISPLAY (display)' failed
Unable to init server: Could not connect: Connection refused

(DataCollector_Deterministic.py:10642): Gdk-CRITICAL **: 15:37:48.529: gdk_cursor_new_for_display: assertion 'GDK_IS_DISPLAY (display)' failed
Unable to init server: Could not connect: Connection refused
Unable to init server: Could not connect: Connection refused
Unable to init server: Could not connect: Connection refused
Unable to init server: Could not connect: Connection refused
Unable to init server: Could not connect: Connection refused
Unable to init server: Could not connect: Connection refused

(DataCollector_Deterministic.py:10412): Gdk-CRITICAL **: 15:37:48.734: gdk_cursor_new_for_display: assertion 'GDK_IS_DISPLAY (display)' failed
Unable to init server: Could not connect: Connection refused

(DataCollector_Deterministic.py:10016): Gdk-CRITICAL **: 15:37:48.777: gdk_cursor_new_for_display: assertion 'GDK_IS_DISPLAY (display)' failed
Unable to init server: Could not connect: Connection refused

(DataCollector_Deterministic.py:10426): Gdk-CRITICAL **: 15:37:48.976: gdk_cursor_new_for_display: assertion 'GDK_IS_DISPLAY (display)' failed
Unable to init server: Could not connect: Connection refused

(DataCollector_Deterministic.py:9293): Gdk-CRITICAL **: 15:37:49.001: gdk_cursor_new_for_display: assertion 'GDK_IS_DISPLAY (display)' failed
Unable to init server: Could not connect: Connection refused

(DataCollector_Deterministic.py:9754): Gdk-CRITICAL **: 15:37:49.065: gdk_cursor_new_for_display: assertion 'GDK_IS_DISPLAY (display)' failed
Unable to init server: Could not connect: Connection refused

(DataCollector_Deterministic.py:9383): Gdk-CRITICAL **: 15:37:49.203: gdk_cursor_new_for_display: assertion 'GDK_IS_DISPLAY (display)' failed
Unable to init server: Could not connect: Connection refused
Unable to init server: Could not connect: Connection refused

(DataCollector_Deterministic.py:10436): Gdk-CRITICAL **: 15:37:49.303: gdk_cursor_new_for_display: assertion 'GDK_IS_DISPLAY (display)' failed
Unable to init server: Could not connect: Connection refused
Unable to init server: Could not connect: Connection refused
Unable to init server: Could not connect: Connection refused
Unable to init server: Could not connect: Connection refused
Unable to init server: Could not connect: Connection refused

(DataCollector_Deterministic.py:9200): Gdk-CRITICAL **: 15:37:49.470: gdk_cursor_new_for_display: assertion 'GDK_IS_DISPLAY (display)' failed
Unable to init server: Could not connect: Connection refused
Unable to init server: Could not connect: Connection refused

(DataCollector_Deterministic.py:10133): Gdk-CRITICAL **: 15:37:49.506: gdk_cursor_new_for_display: assertion 'GDK_IS_DISPLAY (display)' failed
Unable to init server: Could not connect: Connection refused

(DataCollector_Deterministic.py:10232): Gdk-CRITICAL **: 15:37:49.617: gdk_cursor_new_for_display: assertion 'GDK_IS_DISPLAY (display)' failed

(DataCollector_Deterministic.py:9999): Gdk-CRITICAL **: 15:37:49.640: gdk_cursor_new_for_display: assertion 'GDK_IS_DISPLAY (display)' failed
Unable to init server: Could not connect: Connection refused
Unable to init server: Could not connect: Connection refused
Unable to init server: Could not connect: Connection refused
Unable to init server: Could not connect: Connection refused

(DataCollector_Deterministic.py:8989): Gdk-CRITICAL **: 15:37:49.798: gdk_cursor_new_for_display: assertion 'GDK_IS_DISPLAY (display)' failed

(DataCollector_Deterministic.py:9353): Gdk-CRITICAL **: 15:37:49.805: gdk_cursor_new_for_display: assertion 'GDK_IS_DISPLAY (display)' failed

(DataCollector_Deterministic.py:9741): Gdk-CRITICAL **: 15:37:49.816: gdk_cursor_new_for_display: assertion 'GDK_IS_DISPLAY (display)' failed

(DataCollector_Deterministic.py:10106): Gdk-CRITICAL **: 15:37:49.848: gdk_cursor_new_for_display: assertion 'GDK_IS_DISPLAY (display)' failed
Unable to init server: Could not connect: Connection refused
Unable to init server: Could not connect: Connection refused

(DataCollector_Deterministic.py:10026): Gdk-CRITICAL **: 15:37:49.861: gdk_cursor_new_for_display: assertion 'GDK_IS_DISPLAY (display)' failed
Unable to init server: Could not connect: Connection refused

(DataCollector_Deterministic.py:10604): Gdk-CRITICAL **: 15:37:49.865: gdk_cursor_new_for_display: assertion 'GDK_IS_DISPLAY (display)' failed

(DataCollector_Deterministic.py:9635): Gdk-CRITICAL **: 15:37:49.880: gdk_cursor_new_for_display: assertion 'GDK_IS_DISPLAY (display)' failed
Unable to init server: Could not connect: Connection refused
Unable to init server: Could not connect: Connection refused

(DataCollector_Deterministic.py:9960): Gdk-CRITICAL **: 15:37:49.903: gdk_cursor_new_for_display: assertion 'GDK_IS_DISPLAY (display)' failed
Unable to init server: Could not connect: Connection refused

(DataCollector_Deterministic.py:8972): Gdk-CRITICAL **: 15:37:49.938: gdk_cursor_new_for_display: assertion 'GDK_IS_DISPLAY (display)' failed
Unable to init server: Could not connect: Connection refused
Unable to init server: Could not connect: Connection refused
Unable to init server: Could not connect: Connection refused
Unable to init server: Could not connect: Connection refused

(DataCollector_Deterministic.py:10209): Gdk-CRITICAL **: 15:37:50.033: gdk_cursor_new_for_display: assertion 'GDK_IS_DISPLAY (display)' failed
Unable to init server: Could not connect: Connection refused

(DataCollector_Deterministic.py:10621): Gdk-CRITICAL **: 15:37:50.088: gdk_cursor_new_for_display: assertion 'GDK_IS_DISPLAY (display)' failed

(DataCollector_Deterministic.py:10398): Gdk-CRITICAL **: 15:37:50.096: gdk_cursor_new_for_display: assertion 'GDK_IS_DISPLAY (display)' failed

(DataCollector_Deterministic.py:9531): Gdk-CRITICAL **: 15:37:50.108: gdk_cursor_new_for_display: assertion 'GDK_IS_DISPLAY (display)' failed
Unable to init server: Could not connect: Connection refused
Unable to init server: Could not connect: Connection refused

(DataCollector_Deterministic.py:10629): Gdk-CRITICAL **: 15:37:50.141: gdk_cursor_new_for_display: assertion 'GDK_IS_DISPLAY (display)' failed
Unable to init server: Could not connect: Connection refused

(DataCollector_Deterministic.py:9613): Gdk-CRITICAL **: 15:37:50.179: gdk_cursor_new_for_display: assertion 'GDK_IS_DISPLAY (display)' failed
Unable to init server: Could not connect: Connection refused

(DataCollector_Deterministic.py:9862): Gdk-CRITICAL **: 15:37:50.190: gdk_cursor_new_for_display: assertion 'GDK_IS_DISPLAY (display)' failed
Unable to init server: Could not connect: Connection refused
Unable to init server: Could not connect: Connection refused

(DataCollector_Deterministic.py:9433): Gdk-CRITICAL **: 15:37:50.260: gdk_cursor_new_for_display: assertion 'GDK_IS_DISPLAY (display)' failed

(DataCollector_Deterministic.py:10035): Gdk-CRITICAL **: 15:37:50.287: gdk_cursor_new_for_display: assertion 'GDK_IS_DISPLAY (display)' failed
Unable to init server: Could not connect: Connection refused

(DataCollector_Deterministic.py:9068): Gdk-CRITICAL **: 15:37:50.331: gdk_cursor_new_for_display: assertion 'GDK_IS_DISPLAY (display)' failed
Unable to init server: Could not connect: Connection refused

(DataCollector_Deterministic.py:9281): Gdk-CRITICAL **: 15:37:50.333: gdk_cursor_new_for_display: assertion 'GDK_IS_DISPLAY (display)' failed

(DataCollector_Deterministic.py:9665): Gdk-CRITICAL **: 15:37:50.345: gdk_cursor_new_for_display: assertion 'GDK_IS_DISPLAY (display)' failed
Unable to init server: Could not connect: Connection refused
Unable to init server: Could not connect: Connection refused

(DataCollector_Deterministic.py:9216): Gdk-CRITICAL **: 15:37:50.386: gdk_cursor_new_for_display: assertion 'GDK_IS_DISPLAY (display)' failed
Unable to init server: Could not connect: Connection refused
Unable to init server: Could not connect: Connection refused

(DataCollector_Deterministic.py:9170): Gdk-CRITICAL **: 15:37:50.423: gdk_cursor_new_for_display: assertion 'GDK_IS_DISPLAY (display)' failed

(DataCollector_Deterministic.py:10004): Gdk-CRITICAL **: 15:37:50.425: gdk_cursor_new_for_display: assertion 'GDK_IS_DISPLAY (display)' failed

(DataCollector_Deterministic.py:10419): Gdk-CRITICAL **: 15:37:50.456: gdk_cursor_new_for_display: assertion 'GDK_IS_DISPLAY (display)' failed
Unable to init server: Could not connect: Connection refused

(DataCollector_Deterministic.py:9266): Gdk-CRITICAL **: 15:37:50.471: gdk_cursor_new_for_display: assertion 'GDK_IS_DISPLAY (display)' failed

(DataCollector_Deterministic.py:10032): Gdk-CRITICAL **: 15:37:50.525: gdk_cursor_new_for_display: assertion 'GDK_IS_DISPLAY (display)' failed

(DataCollector_Deterministic.py:10236): Gdk-CRITICAL **: 15:37:50.588: gdk_cursor_new_for_display: assertion 'GDK_IS_DISPLAY (display)' failed

(DataCollector_Deterministic.py:8954): Gdk-CRITICAL **: 15:37:50.605: gdk_cursor_new_for_display: assertion 'GDK_IS_DISPLAY (display)' failed
Unable to init server: Could not connect: Connection refused

(DataCollector_Deterministic.py:10186): Gdk-CRITICAL **: 15:37:50.626: gdk_cursor_new_for_display: assertion 'GDK_IS_DISPLAY (display)' failed
Unable to init server: Could not connect: Connection refused
Unable to init server: Could not connect: Connection refused
Unable to init server: Could not connect: Connection refused

(DataCollector_Deterministic.py:9871): Gdk-CRITICAL **: 15:37:50.761: gdk_cursor_new_for_display: assertion 'GDK_IS_DISPLAY (display)' failed
Unable to init server: Could not connect: Connection refused

(DataCollector_Deterministic.py:10204): Gdk-CRITICAL **: 15:37:50.778: gdk_cursor_new_for_display: assertion 'GDK_IS_DISPLAY (display)' failed
Unable to init server: Could not connect: Connection refused
Unable to init server: Could not connect: Connection refused
Unable to init server: Could not connect: Connection refused
Unable to init server: Could not connect: Connection refused

(DataCollector_Deterministic.py:10013): Gdk-CRITICAL **: 15:37:50.941: gdk_cursor_new_for_display: assertion 'GDK_IS_DISPLAY (display)' failed
Unable to init server: Could not connect: Connection refused
Unable to init server: Could not connect: Connection refused

(DataCollector_Deterministic.py:9686): Gdk-CRITICAL **: 15:37:51.033: gdk_cursor_new_for_display: assertion 'GDK_IS_DISPLAY (display)' failed

(DataCollector_Deterministic.py:9039): Gdk-CRITICAL **: 15:37:51.048: gdk_cursor_new_for_display: assertion 'GDK_IS_DISPLAY (display)' failed

(DataCollector_Deterministic.py:9508): Gdk-CRITICAL **: 15:37:51.093: gdk_cursor_new_for_display: assertion 'GDK_IS_DISPLAY (display)' failed
Unable to init server: Could not connect: Connection refused

(DataCollector_Deterministic.py:10336): Gdk-CRITICAL **: 15:37:51.098: gdk_cursor_new_for_display: assertion 'GDK_IS_DISPLAY (display)' failed

(DataCollector_Deterministic.py:10387): Gdk-CRITICAL **: 15:37:51.125: gdk_cursor_new_for_display: assertion 'GDK_IS_DISPLAY (display)' failed
Unable to init server: Could not connect: Connection refused

(DataCollector_Deterministic.py:9468): Gdk-CRITICAL **: 15:37:51.244: gdk_cursor_new_for_display: assertion 'GDK_IS_DISPLAY (display)' failed
Unable to init server: Could not connect: Connection refused

(DataCollector_Deterministic.py:9054): Gdk-CRITICAL **: 15:37:51.288: gdk_cursor_new_for_display: assertion 'GDK_IS_DISPLAY (display)' failed

(DataCollector_Deterministic.py:10392): Gdk-CRITICAL **: 15:37:51.304: gdk_cursor_new_for_display: assertion 'GDK_IS_DISPLAY (display)' failed
Unable to init server: Could not connect: Connection refused
Unable to init server: Could not connect: Connection refused

(DataCollector_Deterministic.py:10227): Gdk-CRITICAL **: 15:37:51.379: gdk_cursor_new_for_display: assertion 'GDK_IS_DISPLAY (display)' failed
Unable to init server: Could not connect: Connection refused
Unable to init server: Could not connect: Connection refused

(DataCollector_Deterministic.py:9299): Gdk-CRITICAL **: 15:37:51.426: gdk_cursor_new_for_display: assertion 'GDK_IS_DISPLAY (display)' failed
Unable to init server: Could not connect: Connection refused

(DataCollector_Deterministic.py:9788): Gdk-CRITICAL **: 15:37:51.498: gdk_cursor_new_for_display: assertion 'GDK_IS_DISPLAY (display)' failed
Unable to init server: Could not connect: Connection refused

(DataCollector_Deterministic.py:9724): Gdk-CRITICAL **: 15:37:51.558: gdk_cursor_new_for_display: assertion 'GDK_IS_DISPLAY (display)' failed
Unable to init server: Could not connect: Connection refused

(DataCollector_Deterministic.py:9846): Gdk-CRITICAL **: 15:37:51.565: gdk_cursor_new_for_display: assertion 'GDK_IS_DISPLAY (display)' failed

(DataCollector_Deterministic.py:9935): Gdk-CRITICAL **: 15:37:51.595: gdk_cursor_new_for_display: assertion 'GDK_IS_DISPLAY (display)' failed
Unable to init server: Could not connect: Connection refused

(DataCollector_Deterministic.py:9646): Gdk-CRITICAL **: 15:37:51.614: gdk_cursor_new_for_display: assertion 'GDK_IS_DISPLAY (display)' failed

(DataCollector_Deterministic.py:9877): Gdk-CRITICAL **: 15:37:51.653: gdk_cursor_new_for_display: assertion 'GDK_IS_DISPLAY (display)' failed
Unable to init server: Could not connect: Connection refused

(DataCollector_Deterministic.py:10153): Gdk-CRITICAL **: 15:37:51.821: gdk_cursor_new_for_display: assertion 'GDK_IS_DISPLAY (display)' failed
Unable to init server: Could not connect: Connection refused

(DataCollector_Deterministic.py:9653): Gdk-CRITICAL **: 15:37:51.831: gdk_cursor_new_for_display: assertion 'GDK_IS_DISPLAY (display)' failed
Unable to init server: Could not connect: Connection refused
Unable to init server: Could not connect: Connection refused
Unable to init server: Could not connect: Connection refused

(DataCollector_Deterministic.py:9774): Gdk-CRITICAL **: 15:37:51.898: gdk_cursor_new_for_display: assertion 'GDK_IS_DISPLAY (display)' failed
Unable to init server: Could not connect: Connection refused

(DataCollector_Deterministic.py:9804): Gdk-CRITICAL **: 15:37:51.917: gdk_cursor_new_for_display: assertion 'GDK_IS_DISPLAY (display)' failed
Unable to init server: Could not connect: Connection refused

(DataCollector_Deterministic.py:9416): Gdk-CRITICAL **: 15:37:51.927: gdk_cursor_new_for_display: assertion 'GDK_IS_DISPLAY (display)' failed
Unable to init server: Could not connect: Connection refused

(DataCollector_Deterministic.py:10246): Gdk-CRITICAL **: 15:37:51.987: gdk_cursor_new_for_display: assertion 'GDK_IS_DISPLAY (display)' failed

(DataCollector_Deterministic.py:9313): Gdk-CRITICAL **: 15:37:51.722: gdk_cursor_new_for_display: assertion 'GDK_IS_DISPLAY (display)' failed
Unable to init server: Could not connect: Connection refused

(DataCollector_Deterministic.py:9833): Gdk-CRITICAL **: 15:37:52.016: gdk_cursor_new_for_display: assertion 'GDK_IS_DISPLAY (display)' failed
Unable to init server: Could not connect: Connection refused

(DataCollector_Deterministic.py:9672): Gdk-CRITICAL **: 15:37:52.021: gdk_cursor_new_for_display: assertion 'GDK_IS_DISPLAY (display)' failed
Unable to init server: Could not connect: Connection refused

(DataCollector_Deterministic.py:10126): Gdk-CRITICAL **: 15:37:52.025: gdk_cursor_new_for_display: assertion 'GDK_IS_DISPLAY (display)' failed
Unable to init server: Could not connect: Connection refused
Unable to init server: Could not connect: Connection refused

(DataCollector_Deterministic.py:9185): Gdk-CRITICAL **: 15:37:52.130: gdk_cursor_new_for_display: assertion 'GDK_IS_DISPLAY (display)' failed
Unable to init server: Could not connect: Connection refused

(DataCollector_Deterministic.py:10610): Gdk-CRITICAL **: 15:37:52.133: gdk_cursor_new_for_display: assertion 'GDK_IS_DISPLAY (display)' failed
Unable to init server: Could not connect: Connection refused

(DataCollector_Deterministic.py:10624): Gdk-CRITICAL **: 15:37:52.145: gdk_cursor_new_for_display: assertion 'GDK_IS_DISPLAY (display)' failed
Unable to init server: Could not connect: Connection refused

(DataCollector_Deterministic.py:10129): Gdk-CRITICAL **: 15:37:52.149: gdk_cursor_new_for_display: assertion 'GDK_IS_DISPLAY (display)' failed

(DataCollector_Deterministic.py:9248): Gdk-CRITICAL **: 15:37:51.769: gdk_cursor_new_for_display: assertion 'GDK_IS_DISPLAY (display)' failed

(DataCollector_Deterministic.py:10010): Gdk-CRITICAL **: 15:37:52.220: gdk_cursor_new_for_display: assertion 'GDK_IS_DISPLAY (display)' failed
Unable to init server: Could not connect: Connection refused

(DataCollector_Deterministic.py:9588): Gdk-CRITICAL **: 15:37:52.276: gdk_cursor_new_for_display: assertion 'GDK_IS_DISPLAY (display)' failed
Unable to init server: Could not connect: Connection refused
Unable to init server: Could not connect: Connection refused

(DataCollector_Deterministic.py:9864): Gdk-CRITICAL **: 15:37:52.483: gdk_cursor_new_for_display: assertion 'GDK_IS_DISPLAY (display)' failed
Unable to init server: Could not connect: Connection refused

(DataCollector_Deterministic.py:10216): Gdk-CRITICAL **: 15:37:52.523: gdk_cursor_new_for_display: assertion 'GDK_IS_DISPLAY (display)' failed
Unable to init server: Could not connect: Connection refused
Unable to init server: Could not connect: Connection refused
Unable to init server: Could not connect: Connection refused

(DataCollector_Deterministic.py:9560): Gdk-CRITICAL **: 15:37:52.613: gdk_cursor_new_for_display: assertion 'GDK_IS_DISPLAY (display)' failed

(DataCollector_Deterministic.py:9105): Gdk-CRITICAL **: 15:37:52.684: gdk_cursor_new_for_display: assertion 'GDK_IS_DISPLAY (display)' failed
Unable to init server: Could not connect: Connection refused

(DataCollector_Deterministic.py:9083): Gdk-CRITICAL **: 15:37:52.713: gdk_cursor_new_for_display: assertion 'GDK_IS_DISPLAY (display)' failed

(DataCollector_Deterministic.py:9329): Gdk-CRITICAL **: 15:37:52.315: gdk_cursor_new_for_display: assertion 'GDK_IS_DISPLAY (display)' failed
Unable to init server: Could not connect: Connection refused
Unable to init server: Could not connect: Connection refused

(DataCollector_Deterministic.py:10447): Gdk-CRITICAL **: 15:37:52.879: gdk_cursor_new_for_display: assertion 'GDK_IS_DISPLAY (display)' failed
Unable to init server: Could not connect: Connection refused

(DataCollector_Deterministic.py:10637): Gdk-CRITICAL **: 15:37:52.964: gdk_cursor_new_for_display: assertion 'GDK_IS_DISPLAY (display)' failed

(DataCollector_Deterministic.py:9021): Gdk-CRITICAL **: 15:37:52.990: gdk_cursor_new_for_display: assertion 'GDK_IS_DISPLAY (display)' failed
Unable to init server: Could not connect: Connection refused

(DataCollector_Deterministic.py:10589): Gdk-CRITICAL **: 15:37:53.213: gdk_cursor_new_for_display: assertion 'GDK_IS_DISPLAY (display)' failed

(DataCollector_Deterministic.py:10036): Gdk-CRITICAL **: 15:37:53.220: gdk_cursor_new_for_display: assertion 'GDK_IS_DISPLAY (display)' failed
Unable to init server: Could not connect: Connection refused

(DataCollector_Deterministic.py:8962): Gdk-CRITICAL **: 15:37:53.313: gdk_cursor_new_for_display: assertion 'GDK_IS_DISPLAY (display)' failed

(DataCollector_Deterministic.py:9004): Gdk-CRITICAL **: 15:37:53.320: gdk_cursor_new_for_display: assertion 'GDK_IS_DISPLAY (display)' failed

(DataCollector_Deterministic.py:10611): Gdk-CRITICAL **: 15:37:53.468: gdk_cursor_new_for_display: assertion 'GDK_IS_DISPLAY (display)' failed
Unable to init server: Could not connect: Connection refused

(DataCollector_Deterministic.py:10355): Gdk-CRITICAL **: 15:37:53.477: gdk_cursor_new_for_display: assertion 'GDK_IS_DISPLAY (display)' failed
Unable to init server: Could not connect: Connection refused
Unable to init server: Could not connect: Connection refused

(DataCollector_Deterministic.py:9237): Gdk-CRITICAL **: 15:37:54.422: gdk_cursor_new_for_display: assertion 'GDK_IS_DISPLAY (display)' failed

(DataCollector_Deterministic.py:10597): Gdk-CRITICAL **: 15:37:54.657: gdk_cursor_new_for_display: assertion 'GDK_IS_DISPLAY (display)' failed
Unable to init server: Could not connect: Connection refused

(DataCollector_Deterministic.py:9450): Gdk-CRITICAL **: 15:37:54.758: gdk_cursor_new_for_display: assertion 'GDK_IS_DISPLAY (display)' failed
Unable to init server: Could not connect: Connection refused

(DataCollector_Deterministic.py:9821): Gdk-CRITICAL **: 15:37:55.949: gdk_cursor_new_for_display: assertion 'GDK_IS_DISPLAY (display)' failed
Initalising...
Running Sim...

Data Dump...
Initalising...
Running Sim...

Data Dump...
Initalising...
Running Sim...

Data Dump...
Initalising...
Running Sim...

Data Dump...
Initalising...
Running Sim...

Data Dump...
Initalising...
Running Sim...

Data Dump...
Initalising...
Running Sim...

Data Dump...
Initalising...
Running Sim...
.Initalising...
Running Sim...
.Initalising...
Running Sim...
.Initalising...
Running Sim...
.Initalising...
Running Sim...
.Initalising...
Running Sim...
.Initalising...
Running Sim...
.Initalising...
Running Sim...
.Initalising...
Running Sim...
.Initalising...
Running Sim...
.Initalising...
Running Sim...
.Initalising...
Running Sim...
.Initalising...
Running Sim...
.Initalising...
Running Sim...
.Initalising...
Running Sim...
.Initalising...
Running Sim...
.Initalising...
Running Sim...
.Initalising...
Running Sim...
.Initalising...
Running Sim...
.Initalising...
Running Sim...
.Initalising...
Running Sim...
.Initalising...
Running Sim...
.Initalising...
Running Sim...
.Initalising...
Running Sim...
.Initalising...
Running Sim...
.Initalising...
Running Sim...
.Initalising...
Running Sim...
.Initalising...
Running Sim...
.Initalising...
Running Sim...
.Initalising...
Running Sim...
.Initalising...
Running Sim...
.Initalising...
Running Sim...
.Initalising...
Running Sim...
.Initalising...
Running Sim...
.Initalising...
Running Sim...
.Initalising...
Running Sim...
.Initalising...
Running Sim...
.Initalising...
Running Sim...
.Initalising...
Running Sim...
.Initalising...
Running Sim...
.Initalising...
Running Sim...
.Initalising...
Running Sim...
.Initalising...
Running Sim...
.Initalising...
Running Sim...
.Initalising...
Running Sim...
.Initalising...
Running Sim...
.Initalising...
Running Sim...
.Initalising...
Running Sim...
.Initalising...
Running Sim...
.Initalising...
Running Sim...
.Initalising...
Running Sim...
.Initalising...
Running Sim...
.Initalising...
Running Sim...
.Initalising...
Running Sim...
.Initalising...
Running Sim...
.Initalising...
Running Sim...
.Initalising...
Running Sim...
.Initalising...
Running Sim...
.Initalising...
Running Sim...
.Initalising...
Running Sim...
.Initalising...
Running Sim...
.Initalising...
Running Sim...
.Initalising...
Running Sim...
.Initalising...
Running Sim...
.Initalising...
Running Sim...
.Initalising...
Running Sim...
.Initalising...
Running Sim...
.Initalising...
Running Sim...
.Initalising...
Running Sim...
.Initalising...
Running Sim...
.Initalising...
Running Sim...
.Initalising...
Running Sim...
.Initalising...
Running Sim...
.Initalising...
Running Sim...
.Initalising...
Running Sim...
.Initalising...
Running Sim...
.Initalising...
Running Sim...
.Initalising...
Running Sim...
.Initalising...
Running Sim...
.Initalising...
Running Sim...
.Initalising...
Running Sim...
.Initalising...
Running Sim...
.Initalising...
Running Sim...
.Initalising...
Running Sim...
.Initalising...
Running Sim...
.Initalising...
Running Sim...
.Initalising...
Running Sim...
.Initalising...
Running Sim...
.Initalising...
Running Sim...
.Initalising...
Running Sim...
.Initalising...
Running Sim...
.Initalising...
Running Sim...
.Initalising...
Running Sim...
...................................................................................................................................................................................................................................................................................................................................................................................................................................................................................................................................................................................................................................................................................................................................................................................................................
[1681 8318]
...
[1723 8277]
...............
[1684 8316]
.
[1683 8316]
.......
[1728 8271]
.......
[1653 8346]
.
[1808 8204]
...............
[1857 8180]
...
[1778 8224]
.
[1705 8300]
.
[2080 7998]
.
[1815 8201]
.
[1900 8146]
.
[2132 7934]
..
[1937 8088]
.
[2273 7830]
.
[1876 8153]
.
[1894 8138]
..
[2122 7969]
..
[1688 8314]
.
[1880 8145]
..
[2025 8036]
..
[2214 7873]
..
[1891 8155]
.
[2299 7794]
.
[2199 7881]
..
[2046 8021]
.
[1811 8215]
..
[2310 7787]
.
[2370 7728]
.
[1719 8303]
..
[2573 7566]
.
[2334 7802]
.
[2717 7403]
.
[2457 7673]
.
[2663 7463]
...
[3374 6883]
.
[2022 8029]
.
[3077 7129]
..
[3506 6714]
.
[8497 1561]
.
[8264 1828]
..
[1972 8092]
..
[3408 6795]
.
[3297 6915]
.
[2782 7401]
.
[4328 5910]
.
[2439 7665]
.
[3781 6435]
.
[3999 6248]
.
[3204 6940]
.
[2494 7629]
.
[3854 6382]
..
[3891 6341]
..
[3700 6564]
..
[3081 7100]
...
[5495 4779]
..
[4420 5791]
..
[3295 6916]
.
[7721 2414]
.
[4371 5856]
..
[5268 4962]
..
[3947 6267]
..
[6159 4075]
.
[3898 6338]
.
[7549 2582]
..
[7056 3131]
.
[7004 3196]
...
[7596 2567]
...
[5017 5232]
.
[5698 4529]
..
[5747 4465]
.
[7424 2739]
..
[7293 2849]
.
[6700 3498]
.
[5263 4947]
..
[6710 3487]
.
[7024 3177]
..
[4798 5412]
..
[7062 3081]
..
[5481 4745]
....
[6600 3565]
..
[6681 3543]
.
[4569 5612]
.
[3893 6324]
..
[6668 3505]
..
[7068 3122]
......
[7533 2619]
...
[6234 3982]
.
[6469 3739]
.....
[6702 3465]
...
[5466 4747]
...
[6835 3328]
......................................................................................................................................................................................................................................................................
Data Dump...
........................
Data Dump...
......
Data Dump...
............
Data Dump...
.............
Data Dump...

Data Dump...
.........................................................................................................
[ 43 235]

Data Dump...
.......................................
[ 33 874]

Data Dump...
..........
[  55 1246]
..............................
Data Dump...

[  62 1244]
........................
Data Dump...
........................................
[  55 1434]
...
[  59 1497]
.......
[  83 1610]
................
[  73 1646]
......
[  73 1585]
.......
[  81 1640]
...
Data Dump...
....
[ 100 1704]
.......
[ 106 1849]
...
[  99 1698]
......
Data Dump...
....
Data Dump...
......
[ 101 1653]
.......
[  92 1861]
..
[ 146 1760]
..................
[ 119 1888]
........
[ 153 1841]
....
Data Dump...
.
Data Dump...

[ 118 1758]
..
[ 167 1926]
..........
[  93 1830]
.
[ 168 1904]
...
Data Dump...

[ 129 1978]
............
[ 171 1739]
.....
[ 185 1560]
....
[ 242 1919]
....
[ 209 1743]
....
[ 186 1961]
.......
[ 181 1839]
.
Data Dump...
....
[ 125 1710]
..........................
Data Dump...
..
[2007   25]
..
Data Dump...
.......
Data Dump...
...
[2011   43]
.............
[ 263 1948]
.....
Data Dump...
..
[ 211 1946]
...........
[ 206 1886]
.....
[ 371 1627]
.
Data Dump...
..
[ 346 1851]
.
[ 442 1855]
...
Data Dump...
..............
[ 418 1521]
........
Data Dump...
...............
Data Dump...
...
Data Dump...

[2018   58]
.......
[2083   47]
..
[2042   41]
..
[ 546 1500]
..
Data Dump...
..
Data Dump...
.
[ 662 1398]
....
[2028   54]
..
Data Dump...

[ 599 1509]
..........
[1884  197]
....
[ 468 1602]
.
[1937  161]
..
[2002   92]
.
[1989   78]
..
[ 737 1389]
......
[ 616 1309]
..
[1820  241]
...
[ 605 1611]
..
[2079   40]
.
[ 524 1610]
.
[1909  165]
.
[ 715 1406]
.
[ 742 1297]
..
Data Dump...
.
[ 688 1413]
.
[1831  320]
...
Data Dump...
.
Data Dump...

[1994  105]
..
[1967   92]
....
[1931   92]
...
[ 964 1053]
.
Data Dump...
..
[1670  454]
.....
[1402  836]
..
[ 826 1257]
.
Data Dump...
.
Data Dump...
..
Data Dump...

[1837  292]
...
[1603  417]
.
[1985   97]
..
[1004 1064]
.
[ 801 1270]
.
[1600  404]
.
[1434  648]
....
[1081  860]
.......
[1580  478]
......
[1189  959]
.
[1875  183]
....
[1454  488]
.
[1449  508]
......
Data Dump...
.......
[1326  515]
...
Data Dump...

[ 801 1232]
......
[1956  137]
......
Data Dump...

[1720  309]
....................
Data Dump...
.
Data Dump...
..
[1634  344]
...................
Data Dump...
.............
Data Dump...
.....
Data Dump...
...............................................
Data Dump...
.........................
Data Dump...
..........................
Data Dump...
...
Data Dump...
.
Data Dump...
.....
Data Dump...
......
Data Dump...
..............
Data Dump...
.
Data Dump...
...
Data Dump...

Data Dump...
......
Data Dump...
......
Data Dump...

Data Dump...
..
Data Dump...
..
Data Dump...

Data Dump...
.........
Data Dump...
.
Data Dump...
.
Data Dump...
....
Data Dump...
.
Data Dump...

Data Dump...
....
Data Dump...
......
Data Dump...
..
Data Dump...
..
Data Dump...
.
Data Dump...

Data Dump...
....
Data Dump...
...
Data Dump...

Data Dump...
....
Data Dump...
....
Data Dump...
.
Data Dump...

Data Dump...
.
Data Dump...

Data Dump...

Data Dump...
..
Data Dump...
..
Data Dump...
.
Data Dump...
..
Data Dump...
.
Data Dump...
.
Data Dump...

Data Dump...
..
Data Dump...

Data Dump...
..
Data Dump...
Low 1 9
Done
