Unable to init server: Could not connect: Connection refused
Unable to init server: Could not connect: Connection refused
Unable to init server: Could not connect: Connection refused
Unable to init server: Could not connect: Connection refused
Unable to init server: Could not connect: Connection refused

(DataCollector_Deterministic.py:1854236): Gdk-CRITICAL **: 15:34:46.009: gdk_cursor_new_for_display: assertion 'GDK_IS_DISPLAY (display)' failed
Unable to init server: Could not connect: Connection refused

(DataCollector_Deterministic.py:1853656): Gdk-CRITICAL **: 15:34:46.023: gdk_cursor_new_for_display: assertion 'GDK_IS_DISPLAY (display)' failed

(DataCollector_Deterministic.py:1852765): Gdk-CRITICAL **: 15:34:46.035: gdk_cursor_new_for_display: assertion 'GDK_IS_DISPLAY (display)' failed
Unable to init server: Could not connect: Connection refused
Unable to init server: Could not connect: Connection refused
Unable to init server: Could not connect: Connection refused
Unable to init server: Could not connect: Connection refused
Unable to init server: Could not connect: Connection refused
Unable to init server: Could not connect: Connection refused
Unable to init server: Could not connect: Connection refused
Unable to init server: Could not connect: Connection refused
Unable to init server: Could not connect: Connection refused
Unable to init server: Could not connect: Connection refused
Unable to init server: Could not connect: Connection refused
Unable to init server: Could not connect: Connection refused

(DataCollector_Deterministic.py:1853797): Gdk-CRITICAL **: 15:34:55.400: gdk_cursor_new_for_display: assertion 'GDK_IS_DISPLAY (display)' failed
Unable to init server: Could not connect: Connection refused
Unable to init server: Could not connect: Connection refused
Unable to init server: Could not connect: Connection refused
Unable to init server: Could not connect: Connection refused
Unable to init server: Could not connect: Connection refused

(DataCollector_Deterministic.py:1854490): Gdk-CRITICAL **: 15:34:55.978: gdk_cursor_new_for_display: assertion 'GDK_IS_DISPLAY (display)' failed
Unable to init server: Could not connect: Connection refused
Unable to init server: Could not connect: Connection refused

(DataCollector_Deterministic.py:1854017): Gdk-CRITICAL **: 15:34:56.204: gdk_cursor_new_for_display: assertion 'GDK_IS_DISPLAY (display)' failed
Unable to init server: Could not connect: Connection refused

(DataCollector_Deterministic.py:1853408): Gdk-CRITICAL **: 15:34:56.252: gdk_cursor_new_for_display: assertion 'GDK_IS_DISPLAY (display)' failed
Unable to init server: Could not connect: Connection refused

(DataCollector_Deterministic.py:1853135): Gdk-CRITICAL **: 15:34:56.263: gdk_cursor_new_for_display: assertion 'GDK_IS_DISPLAY (display)' failed
Unable to init server: Could not connect: Connection refused

(DataCollector_Deterministic.py:1852599): Gdk-CRITICAL **: 15:34:56.276: gdk_cursor_new_for_display: assertion 'GDK_IS_DISPLAY (display)' failed
Unable to init server: Could not connect: Connection refused

(DataCollector_Deterministic.py:1854013): Gdk-CRITICAL **: 15:34:56.366: gdk_cursor_new_for_display: assertion 'GDK_IS_DISPLAY (display)' failed
Unable to init server: Could not connect: Connection refused

(DataCollector_Deterministic.py:1852939): Gdk-CRITICAL **: 15:34:56.426: gdk_cursor_new_for_display: assertion 'GDK_IS_DISPLAY (display)' failed
Unable to init server: Could not connect: Connection refused

(DataCollector_Deterministic.py:1853746): Gdk-CRITICAL **: 15:34:56.440: gdk_cursor_new_for_display: assertion 'GDK_IS_DISPLAY (display)' failed

(DataCollector_Deterministic.py:1852882): Gdk-CRITICAL **: 15:34:56.447: gdk_cursor_new_for_display: assertion 'GDK_IS_DISPLAY (display)' failed
Unable to init server: Could not connect: Connection refused

(DataCollector_Deterministic.py:1852640): Gdk-CRITICAL **: 15:34:56.460: gdk_cursor_new_for_display: assertion 'GDK_IS_DISPLAY (display)' failed
Unable to init server: Could not connect: Connection refused

(DataCollector_Deterministic.py:1853547): Gdk-CRITICAL **: 15:34:56.464: gdk_cursor_new_for_display: assertion 'GDK_IS_DISPLAY (display)' failed
Unable to init server: Could not connect: Connection refused

(DataCollector_Deterministic.py:1854515): Gdk-CRITICAL **: 15:34:56.497: gdk_cursor_new_for_display: assertion 'GDK_IS_DISPLAY (display)' failed
Unable to init server: Could not connect: Connection refused

(DataCollector_Deterministic.py:1852619): Gdk-CRITICAL **: 15:34:56.532: gdk_cursor_new_for_display: assertion 'GDK_IS_DISPLAY (display)' failed
Unable to init server: Could not connect: Connection refused

(DataCollector_Deterministic.py:1854309): Gdk-CRITICAL **: 15:34:56.543: gdk_cursor_new_for_display: assertion 'GDK_IS_DISPLAY (display)' failed
Unable to init server: Could not connect: Connection refused
Unable to init server: Could not connect: Connection refused
Unable to init server: Could not connect: Connection refused
Unable to init server: Could not connect: Connection refused
Unable to init server: Could not connect: Connection refused
Unable to init server: Could not connect: Connection refused
Unable to init server: Could not connect: Connection refused
Unable to init server: Could not connect: Connection refused
Unable to init server: Could not connect: Connection refused
Unable to init server: Could not connect: Connection refused
Unable to init server: Could not connect: Connection refused

(DataCollector_Deterministic.py:1853852): Gdk-CRITICAL **: 15:35:00.625: gdk_cursor_new_for_display: assertion 'GDK_IS_DISPLAY (display)' failed
Unable to init server: Could not connect: Connection refused

(DataCollector_Deterministic.py:1854471): Gdk-CRITICAL **: 15:35:00.710: gdk_cursor_new_for_display: assertion 'GDK_IS_DISPLAY (display)' failed
Unable to init server: Could not connect: Connection refused

(DataCollector_Deterministic.py:1853310): Gdk-CRITICAL **: 15:35:00.851: gdk_cursor_new_for_display: assertion 'GDK_IS_DISPLAY (display)' failed
Unable to init server: Could not connect: Connection refused
Unable to init server: Could not connect: Connection refused

(DataCollector_Deterministic.py:1854331): Gdk-CRITICAL **: 15:35:01.005: gdk_cursor_new_for_display: assertion 'GDK_IS_DISPLAY (display)' failed
Unable to init server: Could not connect: Connection refused

(DataCollector_Deterministic.py:1853497): Gdk-CRITICAL **: 15:35:01.053: gdk_cursor_new_for_display: assertion 'GDK_IS_DISPLAY (display)' failed
Unable to init server: Could not connect: Connection refused

(DataCollector_Deterministic.py:1853934): Gdk-CRITICAL **: 15:35:01.096: gdk_cursor_new_for_display: assertion 'GDK_IS_DISPLAY (display)' failed
Unable to init server: Could not connect: Connection refused
Unable to init server: Could not connect: Connection refused

(DataCollector_Deterministic.py:1854248): Gdk-CRITICAL **: 15:35:01.508: gdk_cursor_new_for_display: assertion 'GDK_IS_DISPLAY (display)' failed
Unable to init server: Could not connect: Connection refused
Unable to init server: Could not connect: Connection refused
Unable to init server: Could not connect: Connection refused

(DataCollector_Deterministic.py:1853353): Gdk-CRITICAL **: 15:35:01.636: gdk_cursor_new_for_display: assertion 'GDK_IS_DISPLAY (display)' failed

(DataCollector_Deterministic.py:1854382): Gdk-CRITICAL **: 15:35:01.639: gdk_cursor_new_for_display: assertion 'GDK_IS_DISPLAY (display)' failed
Unable to init server: Could not connect: Connection refused
Unable to init server: Could not connect: Connection refused
Unable to init server: Could not connect: Connection refused
Unable to init server: Could not connect: Connection refused
Unable to init server: Could not connect: Connection refused
Unable to init server: Could not connect: Connection refused
Unable to init server: Could not connect: Connection refused
Unable to init server: Could not connect: Connection refused
Unable to init server: Could not connect: Connection refused

(DataCollector_Deterministic.py:1853288): Gdk-CRITICAL **: 15:35:02.283: gdk_cursor_new_for_display: assertion 'GDK_IS_DISPLAY (display)' failed
Unable to init server: Could not connect: Connection refused
Unable to init server: Could not connect: Connection refused
Unable to init server: Could not connect: Connection refused

(DataCollector_Deterministic.py:1854354): Gdk-CRITICAL **: 15:35:02.976: gdk_cursor_new_for_display: assertion 'GDK_IS_DISPLAY (display)' failed
Unable to init server: Could not connect: Connection refused

(DataCollector_Deterministic.py:1852558): Gdk-CRITICAL **: 15:35:03.191: gdk_cursor_new_for_display: assertion 'GDK_IS_DISPLAY (display)' failed
Unable to init server: Could not connect: Connection refused

(DataCollector_Deterministic.py:1852948): Gdk-CRITICAL **: 15:35:03.362: gdk_cursor_new_for_display: assertion 'GDK_IS_DISPLAY (display)' failed
Unable to init server: Could not connect: Connection refused

(DataCollector_Deterministic.py:1854280): Gdk-CRITICAL **: 15:35:03.580: gdk_cursor_new_for_display: assertion 'GDK_IS_DISPLAY (display)' failed
Unable to init server: Could not connect: Connection refused
Unable to init server: Could not connect: Connection refused

(DataCollector_Deterministic.py:1854171): Gdk-CRITICAL **: 15:35:03.682: gdk_cursor_new_for_display: assertion 'GDK_IS_DISPLAY (display)' failed
Unable to init server: Could not connect: Connection refused

(DataCollector_Deterministic.py:1853587): Gdk-CRITICAL **: 15:35:03.710: gdk_cursor_new_for_display: assertion 'GDK_IS_DISPLAY (display)' failed
Unable to init server: Could not connect: Connection refused
Unable to init server: Could not connect: Connection refused

(DataCollector_Deterministic.py:1852865): Gdk-CRITICAL **: 15:35:03.802: gdk_cursor_new_for_display: assertion 'GDK_IS_DISPLAY (display)' failed
Unable to init server: Could not connect: Connection refused

(DataCollector_Deterministic.py:1853791): Gdk-CRITICAL **: 15:35:03.861: gdk_cursor_new_for_display: assertion 'GDK_IS_DISPLAY (display)' failed

(DataCollector_Deterministic.py:1853469): Gdk-CRITICAL **: 15:35:04.067: gdk_cursor_new_for_display: assertion 'GDK_IS_DISPLAY (display)' failed
Unable to init server: Could not connect: Connection refused

(DataCollector_Deterministic.py:1853297): Gdk-CRITICAL **: 15:35:04.200: gdk_cursor_new_for_display: assertion 'GDK_IS_DISPLAY (display)' failed
Unable to init server: Could not connect: Connection refused

(DataCollector_Deterministic.py:1853177): Gdk-CRITICAL **: 15:35:04.288: gdk_cursor_new_for_display: assertion 'GDK_IS_DISPLAY (display)' failed
Unable to init server: Could not connect: Connection refused

(DataCollector_Deterministic.py:1853361): Gdk-CRITICAL **: 15:35:04.296: gdk_cursor_new_for_display: assertion 'GDK_IS_DISPLAY (display)' failed
Unable to init server: Could not connect: Connection refused

(DataCollector_Deterministic.py:1853109): Gdk-CRITICAL **: 15:35:04.413: gdk_cursor_new_for_display: assertion 'GDK_IS_DISPLAY (display)' failed
Unable to init server: Could not connect: Connection refused
Unable to init server: Could not connect: Connection refused
Unable to init server: Could not connect: Connection refused
Unable to init server: Could not connect: Connection refused
Unable to init server: Could not connect: Connection refused
Unable to init server: Could not connect: Connection refused
Unable to init server: Could not connect: Connection refused
Unable to init server: Could not connect: Connection refused
Unable to init server: Could not connect: Connection refused
Unable to init server: Could not connect: Connection refused
Unable to init server: Could not connect: Connection refused
Unable to init server: Could not connect: Connection refused
Unable to init server: Could not connect: Connection refused
Unable to init server: Could not connect: Connection refused

(DataCollector_Deterministic.py:1854437): Gdk-CRITICAL **: 15:35:05.795: gdk_cursor_new_for_display: assertion 'GDK_IS_DISPLAY (display)' failed
Unable to init server: Could not connect: Connection refused
Unable to init server: Could not connect: Connection refused
Unable to init server: Could not connect: Connection refused

(DataCollector_Deterministic.py:1854518): Gdk-CRITICAL **: 15:35:06.127: gdk_cursor_new_for_display: assertion 'GDK_IS_DISPLAY (display)' failed
Unable to init server: Could not connect: Connection refused

(DataCollector_Deterministic.py:1854521): Gdk-CRITICAL **: 15:35:06.210: gdk_cursor_new_for_display: assertion 'GDK_IS_DISPLAY (display)' failed
Unable to init server: Could not connect: Connection refused
Unable to init server: Could not connect: Connection refused
Unable to init server: Could not connect: Connection refused

(DataCollector_Deterministic.py:1854299): Gdk-CRITICAL **: 15:35:06.608: gdk_cursor_new_for_display: assertion 'GDK_IS_DISPLAY (display)' failed
Unable to init server: Could not connect: Connection refused

(DataCollector_Deterministic.py:1853987): Gdk-CRITICAL **: 15:35:06.622: gdk_cursor_new_for_display: assertion 'GDK_IS_DISPLAY (display)' failed
Unable to init server: Could not connect: Connection refused
Unable to init server: Could not connect: Connection refused

(DataCollector_Deterministic.py:1853647): Gdk-CRITICAL **: 15:35:06.785: gdk_cursor_new_for_display: assertion 'GDK_IS_DISPLAY (display)' failed
Unable to init server: Could not connect: Connection refused

(DataCollector_Deterministic.py:1853217): Gdk-CRITICAL **: 15:35:06.904: gdk_cursor_new_for_display: assertion 'GDK_IS_DISPLAY (display)' failed
Unable to init server: Could not connect: Connection refused
Unable to init server: Could not connect: Connection refused

(DataCollector_Deterministic.py:1852890): Gdk-CRITICAL **: 15:35:06.944: gdk_cursor_new_for_display: assertion 'GDK_IS_DISPLAY (display)' failed
Unable to init server: Could not connect: Connection refused

(DataCollector_Deterministic.py:1854409): Gdk-CRITICAL **: 15:35:06.962: gdk_cursor_new_for_display: assertion 'GDK_IS_DISPLAY (display)' failed
Unable to init server: Could not connect: Connection refused

(DataCollector_Deterministic.py:1854050): Gdk-CRITICAL **: 15:35:07.013: gdk_cursor_new_for_display: assertion 'GDK_IS_DISPLAY (display)' failed
Unable to init server: Could not connect: Connection refused

(DataCollector_Deterministic.py:1853155): Gdk-CRITICAL **: 15:35:07.199: gdk_cursor_new_for_display: assertion 'GDK_IS_DISPLAY (display)' failed

(DataCollector_Deterministic.py:1852489): Gdk-CRITICAL **: 15:35:07.279: gdk_cursor_new_for_display: assertion 'GDK_IS_DISPLAY (display)' failed
Unable to init server: Could not connect: Connection refused
Unable to init server: Could not connect: Connection refused

(DataCollector_Deterministic.py:1852818): Gdk-CRITICAL **: 15:35:07.405: gdk_cursor_new_for_display: assertion 'GDK_IS_DISPLAY (display)' failed
Unable to init server: Could not connect: Connection refused

(DataCollector_Deterministic.py:1853613): Gdk-CRITICAL **: 15:35:07.529: gdk_cursor_new_for_display: assertion 'GDK_IS_DISPLAY (display)' failed
Unable to init server: Could not connect: Connection refused

(DataCollector_Deterministic.py:1853022): Gdk-CRITICAL **: 15:35:07.540: gdk_cursor_new_for_display: assertion 'GDK_IS_DISPLAY (display)' failed
Unable to init server: Could not connect: Connection refused

(DataCollector_Deterministic.py:1853164): Gdk-CRITICAL **: 15:35:07.572: gdk_cursor_new_for_display: assertion 'GDK_IS_DISPLAY (display)' failed
Unable to init server: Could not connect: Connection refused

(DataCollector_Deterministic.py:1853724): Gdk-CRITICAL **: 15:35:07.810: gdk_cursor_new_for_display: assertion 'GDK_IS_DISPLAY (display)' failed
Unable to init server: Could not connect: Connection refused

(DataCollector_Deterministic.py:1854561): Gdk-CRITICAL **: 15:35:07.826: gdk_cursor_new_for_display: assertion 'GDK_IS_DISPLAY (display)' failed
Unable to init server: Could not connect: Connection refused
Unable to init server: Could not connect: Connection refused
Unable to init server: Could not connect: Connection refused
Unable to init server: Could not connect: Connection refused
Unable to init server: Could not connect: Connection refused

(DataCollector_Deterministic.py:1852740): Gdk-CRITICAL **: 15:35:08.648: gdk_cursor_new_for_display: assertion 'GDK_IS_DISPLAY (display)' failed
Unable to init server: Could not connect: Connection refused
Unable to init server: Could not connect: Connection refused
Unable to init server: Could not connect: Connection refused
Unable to init server: Could not connect: Connection refused
Unable to init server: Could not connect: Connection refused
Unable to init server: Could not connect: Connection refused
Unable to init server: Could not connect: Connection refused
Unable to init server: Could not connect: Connection refused
Unable to init server: Could not connect: Connection refused
Unable to init server: Could not connect: Connection refused
Unable to init server: Could not connect: Connection refused
Unable to init server: Could not connect: Connection refused
Unable to init server: Could not connect: Connection refused
Unable to init server: Could not connect: Connection refused
Unable to init server: Could not connect: Connection refused
Unable to init server: Could not connect: Connection refused
Unable to init server: Could not connect: Connection refused
Unable to init server: Could not connect: Connection refused
Unable to init server: Could not connect: Connection refused
Unable to init server: Could not connect: Connection refused
Unable to init server: Could not connect: Connection refused
Unable to init server: Could not connect: Connection refused
Unable to init server: Could not connect: Connection refused

(DataCollector_Deterministic.py:1854557): Gdk-CRITICAL **: 15:35:09.133: gdk_cursor_new_for_display: assertion 'GDK_IS_DISPLAY (display)' failed
Unable to init server: Could not connect: Connection refused
Unable to init server: Could not connect: Connection refused
Unable to init server: Could not connect: Connection refused
Unable to init server: Could not connect: Connection refused
Unable to init server: Could not connect: Connection refused
Unable to init server: Could not connect: Connection refused
Unable to init server: Could not connect: Connection refused
Unable to init server: Could not connect: Connection refused
Unable to init server: Could not connect: Connection refused
Unable to init server: Could not connect: Connection refused
Unable to init server: Could not connect: Connection refused
Unable to init server: Could not connect: Connection refused
Unable to init server: Could not connect: Connection refused
Unable to init server: Could not connect: Connection refused

(DataCollector_Deterministic.py:1852806): Gdk-CRITICAL **: 15:35:10.002: gdk_cursor_new_for_display: assertion 'GDK_IS_DISPLAY (display)' failed
Unable to init server: Could not connect: Connection refused

(DataCollector_Deterministic.py:1852997): Gdk-CRITICAL **: 15:35:10.010: gdk_cursor_new_for_display: assertion 'GDK_IS_DISPLAY (display)' failed
Unable to init server: Could not connect: Connection refused

(DataCollector_Deterministic.py:1854502): Gdk-CRITICAL **: 15:35:10.026: gdk_cursor_new_for_display: assertion 'GDK_IS_DISPLAY (display)' failed
Unable to init server: Could not connect: Connection refused

(DataCollector_Deterministic.py:1853881): Gdk-CRITICAL **: 15:35:10.034: gdk_cursor_new_for_display: assertion 'GDK_IS_DISPLAY (display)' failed
Unable to init server: Could not connect: Connection refused

(DataCollector_Deterministic.py:1852973): Gdk-CRITICAL **: 15:35:10.074: gdk_cursor_new_for_display: assertion 'GDK_IS_DISPLAY (display)' failed
Unable to init server: Could not connect: Connection refused

(DataCollector_Deterministic.py:1853413): Gdk-CRITICAL **: 15:35:10.098: gdk_cursor_new_for_display: assertion 'GDK_IS_DISPLAY (display)' failed
Unable to init server: Could not connect: Connection refused

(DataCollector_Deterministic.py:1854253): Gdk-CRITICAL **: 15:35:10.174: gdk_cursor_new_for_display: assertion 'GDK_IS_DISPLAY (display)' failed
Unable to init server: Could not connect: Connection refused

(DataCollector_Deterministic.py:1854567): Gdk-CRITICAL **: 15:35:10.210: gdk_cursor_new_for_display: assertion 'GDK_IS_DISPLAY (display)' failed
Unable to init server: Could not connect: Connection refused

(DataCollector_Deterministic.py:1852657): Gdk-CRITICAL **: 15:35:10.230: gdk_cursor_new_for_display: assertion 'GDK_IS_DISPLAY (display)' failed
Unable to init server: Could not connect: Connection refused

(DataCollector_Deterministic.py:1853191): Gdk-CRITICAL **: 15:35:10.233: gdk_cursor_new_for_display: assertion 'GDK_IS_DISPLAY (display)' failed
Unable to init server: Could not connect: Connection refused

(DataCollector_Deterministic.py:1853662): Gdk-CRITICAL **: 15:35:10.270: gdk_cursor_new_for_display: assertion 'GDK_IS_DISPLAY (display)' failed
Unable to init server: Could not connect: Connection refused

(DataCollector_Deterministic.py:1853926): Gdk-CRITICAL **: 15:35:10.282: gdk_cursor_new_for_display: assertion 'GDK_IS_DISPLAY (display)' failed
Unable to init server: Could not connect: Connection refused

(DataCollector_Deterministic.py:1853260): Gdk-CRITICAL **: 15:35:10.415: gdk_cursor_new_for_display: assertion 'GDK_IS_DISPLAY (display)' failed
Unable to init server: Could not connect: Connection refused

(DataCollector_Deterministic.py:1853075): Gdk-CRITICAL **: 15:35:10.545: gdk_cursor_new_for_display: assertion 'GDK_IS_DISPLAY (display)' failed
Unable to init server: Could not connect: Connection refused

(DataCollector_Deterministic.py:1854510): Gdk-CRITICAL **: 15:35:10.556: gdk_cursor_new_for_display: assertion 'GDK_IS_DISPLAY (display)' failed
Unable to init server: Could not connect: Connection refused

(DataCollector_Deterministic.py:1853687): Gdk-CRITICAL **: 15:35:10.578: gdk_cursor_new_for_display: assertion 'GDK_IS_DISPLAY (display)' failed
Unable to init server: Could not connect: Connection refused

(DataCollector_Deterministic.py:1854552): Gdk-CRITICAL **: 15:35:10.592: gdk_cursor_new_for_display: assertion 'GDK_IS_DISPLAY (display)' failed
Unable to init server: Could not connect: Connection refused
Unable to init server: Could not connect: Connection refused

(DataCollector_Deterministic.py:1854340): Gdk-CRITICAL **: 15:35:10.634: gdk_cursor_new_for_display: assertion 'GDK_IS_DISPLAY (display)' failed
Unable to init server: Could not connect: Connection refused

(DataCollector_Deterministic.py:1853534): Gdk-CRITICAL **: 15:35:10.650: gdk_cursor_new_for_display: assertion 'GDK_IS_DISPLAY (display)' failed
Unable to init server: Could not connect: Connection refused

(DataCollector_Deterministic.py:1852788): Gdk-CRITICAL **: 15:35:10.669: gdk_cursor_new_for_display: assertion 'GDK_IS_DISPLAY (display)' failed
Unable to init server: Could not connect: Connection refused

(DataCollector_Deterministic.py:1852578): Gdk-CRITICAL **: 15:35:10.677: gdk_cursor_new_for_display: assertion 'GDK_IS_DISPLAY (display)' failed
Unable to init server: Could not connect: Connection refused
Unable to init server: Could not connect: Connection refused

(DataCollector_Deterministic.py:1852506): Gdk-CRITICAL **: 15:35:10.703: gdk_cursor_new_for_display: assertion 'GDK_IS_DISPLAY (display)' failed
Unable to init server: Could not connect: Connection refused

(DataCollector_Deterministic.py:1854081): Gdk-CRITICAL **: 15:35:10.758: gdk_cursor_new_for_display: assertion 'GDK_IS_DISPLAY (display)' failed
Unable to init server: Could not connect: Connection refused

(DataCollector_Deterministic.py:1853595): Gdk-CRITICAL **: 15:35:10.764: gdk_cursor_new_for_display: assertion 'GDK_IS_DISPLAY (display)' failed
Unable to init server: Could not connect: Connection refused

(DataCollector_Deterministic.py:1853889): Gdk-CRITICAL **: 15:35:10.774: gdk_cursor_new_for_display: assertion 'GDK_IS_DISPLAY (display)' failed
Unable to init server: Could not connect: Connection refused

(DataCollector_Deterministic.py:1852833): Gdk-CRITICAL **: 15:35:10.780: gdk_cursor_new_for_display: assertion 'GDK_IS_DISPLAY (display)' failed
Unable to init server: Could not connect: Connection refused

(DataCollector_Deterministic.py:1853371): Gdk-CRITICAL **: 15:35:10.790: gdk_cursor_new_for_display: assertion 'GDK_IS_DISPLAY (display)' failed
Unable to init server: Could not connect: Connection refused

(DataCollector_Deterministic.py:1854027): Gdk-CRITICAL **: 15:35:10.921: gdk_cursor_new_for_display: assertion 'GDK_IS_DISPLAY (display)' failed
Unable to init server: Could not connect: Connection refused

(DataCollector_Deterministic.py:1853733): Gdk-CRITICAL **: 15:35:11.099: gdk_cursor_new_for_display: assertion 'GDK_IS_DISPLAY (display)' failed
Unable to init server: Could not connect: Connection refused

(DataCollector_Deterministic.py:1853126): Gdk-CRITICAL **: 15:35:11.109: gdk_cursor_new_for_display: assertion 'GDK_IS_DISPLAY (display)' failed
Unable to init server: Could not connect: Connection refused

(DataCollector_Deterministic.py:1853232): Gdk-CRITICAL **: 15:35:11.128: gdk_cursor_new_for_display: assertion 'GDK_IS_DISPLAY (display)' failed
Unable to init server: Could not connect: Connection refused

(DataCollector_Deterministic.py:1852538): Gdk-CRITICAL **: 15:35:11.191: gdk_cursor_new_for_display: assertion 'GDK_IS_DISPLAY (display)' failed

(DataCollector_Deterministic.py:1853047): Gdk-CRITICAL **: 15:35:11.015: gdk_cursor_new_for_display: assertion 'GDK_IS_DISPLAY (display)' failed
Unable to init server: Could not connect: Connection refused

(DataCollector_Deterministic.py:1853979): Gdk-CRITICAL **: 15:35:11.206: gdk_cursor_new_for_display: assertion 'GDK_IS_DISPLAY (display)' failed
Unable to init server: Could not connect: Connection refused

(DataCollector_Deterministic.py:1852521): Gdk-CRITICAL **: 15:35:11.211: gdk_cursor_new_for_display: assertion 'GDK_IS_DISPLAY (display)' failed

(DataCollector_Deterministic.py:1853965): Gdk-CRITICAL **: 15:35:11.056: gdk_cursor_new_for_display: assertion 'GDK_IS_DISPLAY (display)' failed
Unable to init server: Could not connect: Connection refused

(DataCollector_Deterministic.py:1854005): Gdk-CRITICAL **: 15:35:11.372: gdk_cursor_new_for_display: assertion 'GDK_IS_DISPLAY (display)' failed
Unable to init server: Could not connect: Connection refused

(DataCollector_Deterministic.py:1854288): Gdk-CRITICAL **: 15:35:11.415: gdk_cursor_new_for_display: assertion 'GDK_IS_DISPLAY (display)' failed
Unable to init server: Could not connect: Connection refused

(DataCollector_Deterministic.py:1853438): Gdk-CRITICAL **: 15:35:11.441: gdk_cursor_new_for_display: assertion 'GDK_IS_DISPLAY (display)' failed
Initalising...
Running Sim...

Data Dump...
Initalising...
Running Sim...

Data Dump...
Initalising...
Running Sim...

Data Dump...
Initalising...
Running Sim...

Data Dump...
Initalising...
Running Sim...

Data Dump...
Initalising...
Running Sim...
.Initalising...
Running Sim...
.Initalising...
Running Sim...
.Initalising...
Running Sim...
.Initalising...
Running Sim...
.Initalising...
Running Sim...
.Initalising...
Running Sim...
.Initalising...
Running Sim...
.Initalising...
Running Sim...
.Initalising...
Running Sim...
.Initalising...
Running Sim...
.Initalising...
Running Sim...
.Initalising...
Running Sim...
.Initalising...
Running Sim...
.Initalising...
Running Sim...
.Initalising...
Running Sim...
.Initalising...
Running Sim...
.Initalising...
Running Sim...
.Initalising...
Running Sim...
.Initalising...
Running Sim...
.Initalising...
Running Sim...
.Initalising...
Running Sim...
.Initalising...
Running Sim...
.Initalising...
Running Sim...
.Initalising...
Running Sim...
.Initalising...
Running Sim...
.Initalising...
Running Sim...
.Initalising...
Running Sim...
.Initalising...
Running Sim...
.Initalising...
Running Sim...
.Initalising...
Running Sim...
.Initalising...
Running Sim...
.Initalising...
Running Sim...
.Initalising...
Running Sim...
.Initalising...
Running Sim...
.Initalising...
Running Sim...
.Initalising...
Running Sim...
.Initalising...
Running Sim...
.Initalising...
Running Sim...
.Initalising...
Running Sim...
.Initalising...
Running Sim...
.Initalising...
Running Sim...
.Initalising...
Running Sim...
.Initalising...
Running Sim...
.Initalising...
Running Sim...
.Initalising...
Running Sim...
.Initalising...
Running Sim...
.Initalising...
Running Sim...
.Initalising...
Running Sim...
.Initalising...
Running Sim...
.Initalising...
Running Sim...
.Initalising...
Running Sim...
.Initalising...
Running Sim...
.Initalising...
Running Sim...
.Initalising...
Running Sim...
.Initalising...
Running Sim...
.Initalising...
Running Sim...
.Initalising...
Running Sim...
.Initalising...
Running Sim...
.Initalising...
Running Sim...
.Initalising...
Running Sim...
.Initalising...
Running Sim...
.Initalising...
Running Sim...
.Initalising...
Running Sim...
.Initalising...
Running Sim...
.Initalising...
Running Sim...
.Initalising...
Running Sim...
.Initalising...
Running Sim...
.Initalising...
Running Sim...
.Initalising...
Running Sim...
.Initalising...
Running Sim...
.Initalising...
Running Sim...
.Initalising...
Running Sim...
.Initalising...
Running Sim...
.Initalising...
Running Sim...
.Initalising...
Running Sim...
.Initalising...
Running Sim...
.Initalising...
Running Sim...
.Initalising...
Running Sim...
.Initalising...
Running Sim...
.Initalising...
Running Sim...
.Initalising...
Running Sim...
.Initalising...
Running Sim...
.Initalising...
Running Sim...
.Initalising...
Running Sim...
.Initalising...
Running Sim...
.Initalising...
Running Sim...
.Initalising...
Running Sim...
.Initalising...
Running Sim...
.Initalising...
Running Sim...
.Initalising...
Running Sim...
.Initalising...
Running Sim...
.Initalising...
Running Sim...
.Initalising...
Running Sim...
.Initalising...
Running Sim...
...................................................................................................................................................................................................................................................................................................................................................................................................................................................................................................................................................................................................................................................................................................................................................................................................................................................................
[1727 9787]
.
[1683 9806]
..
[1707 9797]
...
[1701 9810]
.
[1699 9791]
....
[1731 9819]
..
[1769 9814]
..
[1780 9764]
.
[1727 9812]
.
[1773 9791]
.
[1691 9791]
..
[1758 9812]
..
[1806 9696]
.
[1791 9769]
.
[1716 9801]
.
[1767 9757]
.
[1744 9718]
.
[1872 9647]
.
[1774 9709]
.
[1786 9698]
..
[1763 9760]
.
[1778 9752]
.
[1817 9686]
.
[1750 9746]
.
[1805 9769]
.
[1756 9757]
.
[1753 9727]
.
[1761 9741]
..
[1793 9693]
.
[1862 9637]
.
[1734 9774]
.
[1872 9634]
.
[1886 9633]
.
[1784 9710]
.
[1732 9768]
.
[1838 9636]
.
[1791 9701]
.
[1829 9642]
.
[1893 9648]
..
[1813 9669]
.
[1777 9727]
.
[1807 9646]
.
[1765 9782]
.
[2001 9433]
..
[1793 9746]
.
[1724 9771]
.
[1998 9418]
.
[2108 9275]
.
[1824 9636]
.
[1842 9595]
.
[1849 9553]
.
[2195 9154]
.
[1811 9634]
.
[1962 9484]
.
[1794 9635]
..
[2060 9308]
..
[2227 9149]
.
[2278 9016]
..
[2306 9106]
.
[2188 9164]
.
[2330 8971]
.
[1714 9724]
.
[2170 9235]
.
[1746 9761]
..
[2332 8895]
....
[2870 8325]
.
[2279 9011]
.
[2386 8996]
..
[2405 8877]
..
[2618 8638]
....
[2671 8527]
.
[2505 8722]
....
[2963 8166]
...............
[3167 7904]
.............
[3105 8007]
.
[9113 1644]
......
[3082 8010]
..
[3225 7827]
.....
[9005 1704]
...........
[3389 7683]
...
[3627 7501]
.......
[3576 7409]
.
[3623 7408]
.
[3198 7877]
........
[8642 2027]
.
[4420 6620]
............
[4572 6294]
.
[4247 6721]
...
[4484 6392]
.....
[8071 2651]
.....
[5311 5599]
............
[4416 6518]
..................
[6771 3897]
...
[6832 3821]
.......
[7085 3607]
.............................................................................................................................................................................................................................................................
Data Dump...

Data Dump...
.........
Data Dump...
...
Data Dump...
......
Data Dump...
..........
Data Dump...
..............................................................................................................................................................................................................
[  68 6222]
..............
[  73 6217]
................................
[  93 5856]
......................
[ 119 5452]
..
[  93 5388]
...........
[ 122 5632]
......
[ 111 5105]
....
[ 125 5548]
.....
[ 144 5366]
.....
[ 109 5387]
.......
[ 111 5244]
...
[ 126 5298]
.
[ 138 5242]
....
[ 119 5225]
.
[ 133 5193]
...
[ 124 5206]
.......
[ 114 5402]
........
[ 118 5057]
..
[ 134 4887]
..
[ 142 5066]
.
[ 149 4901]
.
[ 150 5038]
..
[ 130 5114]
...............
[ 182 4513]
.........
[ 178 4623]
....
[ 141 4901]
..
[ 185 4615]
.
[ 148 4635]
...
[ 216 4528]
.
[ 217 4370]
........
[ 193 4781]
.................
[ 217 4328]
.
[ 211 4311]
...
[ 262 4030]
.
[ 242 4264]
...
[ 238 4177]
.........
[ 317 3713]
...
[ 227 4242]
...............
[ 246 4080]
.....
[ 290 3916]
......
[ 322 3839]
........
[ 306 3686]
.......
[ 263 3829]
....
[ 325 3629]
....
[ 344 3588]
......
[ 345 3616]
.....
[ 330 3881]
...
[ 325 3906]
.................
[ 455 3438]
..
[ 449 3316]
...............
[ 520 3039]
.
[ 505 2984]
....
[ 389 3817]
....
[3757   30]
......
[ 562 2741]
...
[ 430 3429]
..
[ 589 2800]
.
[ 521 3049]
......
[3670   33]
...........
[ 624 2539]
.........
[ 671 2707]
.
[ 520 3070]
...................
[ 716 2412]
..
[ 669 2714]
.
[ 808 2301]
................
[3424   43]
.........
[ 843 2293]
...........
[ 658 2688]
....................
[ 926 2060]
.
[1094 1840]
..................
[ 826 2852]
....
[3165  143]
.....
[ 935 2268]
............................
[1358 1239]
...
[1150 1686]
...........
[1246 1521]
.....
[1165 1753]
..
[1005 2126]
.
[1183 2167]
...........
[2779  149]
..........
[2743  264]
.
[2846  169]
..........
[1278 1799]
..................
[1854 1079]
.
[1860  872]
...
[1060 1874]
...
[1478 1045]
..
[1783  949]
.......
[1297 1873]
....................................................................................................................................................
[ 50 458]
.......
[ 55 663]
...........................................................
[ 51 510]
..................................................
[ 59 422]
.......
[ 67 590]
........
[ 55 242]
.
[ 66 564]
..............
[ 77 447]
...
[ 53 529]
................
[ 65 473]
...
[ 61 464]
...
[ 62 112]
.
[ 48 441]
............
[ 59 531]
.
[ 58 440]
....
[ 55 441]
...........................
[ 59 470]
.
[ 57 482]
...........
[ 63 357]
......
[ 42 413]
....
[ 64 393]
...
[ 49 449]
...........
[ 53 271]
...............................
[ 71 248]
......
[ 82 188]
....
[ 69 142]
...
[ 54 235]
......
[ 64 291]
...........
[ 46 192]
......
[ 62 388]
....
[ 65 183]
............
[ 71 214]
........
[ 75 214]
..
[ 69 111]
.....
[ 66 204]
.
[ 60 170]
.....................
[77 42]
.......
[ 65 221]
............................
Data Dump...
....
Data Dump...

[ 91 156]
...
[ 74 162]
...........
[68 95]
.
[ 83 115]
................
[ 72 237]
.....
[92 64]
......
[ 75 227]
.
[71 56]
.....
[ 59 122]
.................
[83 67]
.....
[ 78 147]
........
Data Dump...
.............
[110  75]
..................
[94 61]
......
[215   5]
......
[110  45]
..........
[ 71 226]
.......
[107  43]
..
[75 97]
..
Data Dump...
..
[ 77 158]
........
Data Dump...
.
Data Dump...
...
[93 15]
..........
Data Dump...
.
[90 23]
.
[180   7]
....
[85 48]
...........
Data Dump...
.
Data Dump...
.....
[99 72]
.......
[93 77]
...
[93 33]
.....
Data Dump...
.......
Data Dump...
..
Data Dump...

[99 18]
..............
Data Dump...
..
Data Dump...

Data Dump...
..........
Data Dump...
..............
[129  32]
........
[172   8]
.....
Data Dump...

Data Dump...
........
[96 28]
....
Data Dump...
.
[110  16]
..
[110 250]
.............
Data Dump...
.........
[107  59]
.........
Data Dump...
.
Data Dump...
......
Data Dump...
................
[159  17]
.........
[91 37]
...
Data Dump...
....
Data Dump...
...........
Data Dump...
.............
Data Dump...

Data Dump...

[107 169]
....
Data Dump...
.......
[107  12]
....
Data Dump...
...
[105  20]
.
[99 12]
...
Data Dump...

Data Dump...
...
[144   4]
....
[103  24]
......
[153  17]
.
Data Dump...

[100  68]
....
[174   4]
....
Data Dump...

Data Dump...

Data Dump...

[110  70]
...............
[126  45]
..........
Data Dump...

[122  10]
..
[125   9]
....
Data Dump...
......
Data Dump...
.
[116  13]
............
Data Dump...
....
Data Dump...
.....
[105  87]
..........
[105  36]
....
Data Dump...
......
Data Dump...
.....
Data Dump...

Data Dump...
...
Data Dump...
.....
Data Dump...
........
Data Dump...

Data Dump...
............
Data Dump...
.....................
Data Dump...
....
Data Dump...
....
Data Dump...

Data Dump...
....
Data Dump...

Data Dump...
...
Data Dump...
...............
Data Dump...

Data Dump...
..
Data Dump...
....
Data Dump...

Data Dump...
.....
Data Dump...
.
Data Dump...
........
Data Dump...
................
Data Dump...
.
Data Dump...
....
Data Dump...
.
Data Dump...
........
Data Dump...
.
Data Dump...
.................
Data Dump...
.
Data Dump...
.........
Data Dump...
.........
Data Dump...

Data Dump...
..
Data Dump...

Data Dump...
..
Data Dump...

Data Dump...

Data Dump...

Data Dump...

Data Dump...
...
Data Dump...
.
Data Dump...
.
Data Dump...
.
Data Dump...
.
Data Dump...

Data Dump...
High 1 1
Done
