Unable to init server: Could not connect: Connection refused
Unable to init server: Could not connect: Connection refused
Unable to init server: Could not connect: Connection refused

(DataCollector_Deterministic.py:1852647): Gdk-CRITICAL **: 15:34:46.362: gdk_cursor_new_for_display: assertion 'GDK_IS_DISPLAY (display)' failed
Unable to init server: Could not connect: Connection refused

(DataCollector_Deterministic.py:1853269): Gdk-CRITICAL **: 15:34:47.100: gdk_cursor_new_for_display: assertion 'GDK_IS_DISPLAY (display)' failed
Unable to init server: Could not connect: Connection refused
Unable to init server: Could not connect: Connection refused
Unable to init server: Could not connect: Connection refused
Unable to init server: Could not connect: Connection refused

(DataCollector_Deterministic.py:1853513): Gdk-CRITICAL **: 15:34:53.269: gdk_cursor_new_for_display: assertion 'GDK_IS_DISPLAY (display)' failed
Unable to init server: Could not connect: Connection refused
Unable to init server: Could not connect: Connection refused
Unable to init server: Could not connect: Connection refused
Unable to init server: Could not connect: Connection refused

(DataCollector_Deterministic.py:1853489): Gdk-CRITICAL **: 15:34:54.783: gdk_cursor_new_for_display: assertion 'GDK_IS_DISPLAY (display)' failed
Unable to init server: Could not connect: Connection refused

(DataCollector_Deterministic.py:1852941): Gdk-CRITICAL **: 15:34:55.168: gdk_cursor_new_for_display: assertion 'GDK_IS_DISPLAY (display)' failed
Unable to init server: Could not connect: Connection refused
Unable to init server: Could not connect: Connection refused

(DataCollector_Deterministic.py:1852809): Gdk-CRITICAL **: 15:34:55.322: gdk_cursor_new_for_display: assertion 'GDK_IS_DISPLAY (display)' failed
Unable to init server: Could not connect: Connection refused

(DataCollector_Deterministic.py:1852900): Gdk-CRITICAL **: 15:34:55.374: gdk_cursor_new_for_display: assertion 'GDK_IS_DISPLAY (display)' failed
Unable to init server: Could not connect: Connection refused

(DataCollector_Deterministic.py:1854544): Gdk-CRITICAL **: 15:34:55.430: gdk_cursor_new_for_display: assertion 'GDK_IS_DISPLAY (display)' failed
Unable to init server: Could not connect: Connection refused

(DataCollector_Deterministic.py:1853248): Gdk-CRITICAL **: 15:34:56.287: gdk_cursor_new_for_display: assertion 'GDK_IS_DISPLAY (display)' failed
Unable to init server: Could not connect: Connection refused
Unable to init server: Could not connect: Connection refused
Unable to init server: Could not connect: Connection refused
Unable to init server: Could not connect: Connection refused
Unable to init server: Could not connect: Connection refused
Unable to init server: Could not connect: Connection refused
Unable to init server: Could not connect: Connection refused
Unable to init server: Could not connect: Connection refused
Unable to init server: Could not connect: Connection refused
Unable to init server: Could not connect: Connection refused
Unable to init server: Could not connect: Connection refused
Unable to init server: Could not connect: Connection refused
Unable to init server: Could not connect: Connection refused

(DataCollector_Deterministic.py:1852509): Gdk-CRITICAL **: 15:34:57.523: gdk_cursor_new_for_display: assertion 'GDK_IS_DISPLAY (display)' failed
Unable to init server: Could not connect: Connection refused
Unable to init server: Could not connect: Connection refused
Unable to init server: Could not connect: Connection refused
Unable to init server: Could not connect: Connection refused

(DataCollector_Deterministic.py:1854025): Gdk-CRITICAL **: 15:34:57.674: gdk_cursor_new_for_display: assertion 'GDK_IS_DISPLAY (display)' failed

(DataCollector_Deterministic.py:1853820): Gdk-CRITICAL **: 15:34:58.387: gdk_cursor_new_for_display: assertion 'GDK_IS_DISPLAY (display)' failed

(DataCollector_Deterministic.py:1852496): Gdk-CRITICAL **: 15:34:58.555: gdk_cursor_new_for_display: assertion 'GDK_IS_DISPLAY (display)' failed

(DataCollector_Deterministic.py:1853599): Gdk-CRITICAL **: 15:34:58.735: gdk_cursor_new_for_display: assertion 'GDK_IS_DISPLAY (display)' failed
Unable to init server: Could not connect: Connection refused

(DataCollector_Deterministic.py:1852855): Gdk-CRITICAL **: 15:34:58.841: gdk_cursor_new_for_display: assertion 'GDK_IS_DISPLAY (display)' failed
Unable to init server: Could not connect: Connection refused
Unable to init server: Could not connect: Connection refused
Unable to init server: Could not connect: Connection refused

(DataCollector_Deterministic.py:1853956): Gdk-CRITICAL **: 15:34:59.048: gdk_cursor_new_for_display: assertion 'GDK_IS_DISPLAY (display)' failed
Unable to init server: Could not connect: Connection refused

(DataCollector_Deterministic.py:1853719): Gdk-CRITICAL **: 15:34:59.113: gdk_cursor_new_for_display: assertion 'GDK_IS_DISPLAY (display)' failed
Unable to init server: Could not connect: Connection refused

(DataCollector_Deterministic.py:1854459): Gdk-CRITICAL **: 15:34:59.157: gdk_cursor_new_for_display: assertion 'GDK_IS_DISPLAY (display)' failed
Unable to init server: Could not connect: Connection refused
Unable to init server: Could not connect: Connection refused
Unable to init server: Could not connect: Connection refused

(DataCollector_Deterministic.py:1854551): Gdk-CRITICAL **: 15:34:59.310: gdk_cursor_new_for_display: assertion 'GDK_IS_DISPLAY (display)' failed
Unable to init server: Could not connect: Connection refused

(DataCollector_Deterministic.py:1854365): Gdk-CRITICAL **: 15:34:59.937: gdk_cursor_new_for_display: assertion 'GDK_IS_DISPLAY (display)' failed
Unable to init server: Could not connect: Connection refused
Unable to init server: Could not connect: Connection refused

(DataCollector_Deterministic.py:1853024): Gdk-CRITICAL **: 15:35:00.229: gdk_cursor_new_for_display: assertion 'GDK_IS_DISPLAY (display)' failed
Unable to init server: Could not connect: Connection refused
Unable to init server: Could not connect: Connection refused
Unable to init server: Could not connect: Connection refused
Unable to init server: Could not connect: Connection refused

(DataCollector_Deterministic.py:1854303): Gdk-CRITICAL **: 15:35:00.470: gdk_cursor_new_for_display: assertion 'GDK_IS_DISPLAY (display)' failed
Unable to init server: Could not connect: Connection refused

(DataCollector_Deterministic.py:1854319): Gdk-CRITICAL **: 15:35:00.594: gdk_cursor_new_for_display: assertion 'GDK_IS_DISPLAY (display)' failed
Unable to init server: Could not connect: Connection refused
Unable to init server: Could not connect: Connection refused
Unable to init server: Could not connect: Connection refused
Unable to init server: Could not connect: Connection refused
Unable to init server: Could not connect: Connection refused

(DataCollector_Deterministic.py:1854489): Gdk-CRITICAL **: 15:35:01.218: gdk_cursor_new_for_display: assertion 'GDK_IS_DISPLAY (display)' failed
Unable to init server: Could not connect: Connection refused

(DataCollector_Deterministic.py:1853771): Gdk-CRITICAL **: 15:35:01.285: gdk_cursor_new_for_display: assertion 'GDK_IS_DISPLAY (display)' failed
Unable to init server: Could not connect: Connection refused

(DataCollector_Deterministic.py:1854267): Gdk-CRITICAL **: 15:35:01.574: gdk_cursor_new_for_display: assertion 'GDK_IS_DISPLAY (display)' failed
Unable to init server: Could not connect: Connection refused
Unable to init server: Could not connect: Connection refused
Unable to init server: Could not connect: Connection refused
Unable to init server: Could not connect: Connection refused

(DataCollector_Deterministic.py:1853757): Gdk-CRITICAL **: 15:35:02.026: gdk_cursor_new_for_display: assertion 'GDK_IS_DISPLAY (display)' failed
Unable to init server: Could not connect: Connection refused
Unable to init server: Could not connect: Connection refused

(DataCollector_Deterministic.py:1854530): Gdk-CRITICAL **: 15:35:02.100: gdk_cursor_new_for_display: assertion 'GDK_IS_DISPLAY (display)' failed
Unable to init server: Could not connect: Connection refused
Unable to init server: Could not connect: Connection refused

(DataCollector_Deterministic.py:1854429): Gdk-CRITICAL **: 15:35:02.226: gdk_cursor_new_for_display: assertion 'GDK_IS_DISPLAY (display)' failed

(DataCollector_Deterministic.py:1854560): Gdk-CRITICAL **: 15:35:02.415: gdk_cursor_new_for_display: assertion 'GDK_IS_DISPLAY (display)' failed
Unable to init server: Could not connect: Connection refused
Unable to init server: Could not connect: Connection refused
Unable to init server: Could not connect: Connection refused

(DataCollector_Deterministic.py:1853170): Gdk-CRITICAL **: 15:35:02.650: gdk_cursor_new_for_display: assertion 'GDK_IS_DISPLAY (display)' failed
Unable to init server: Could not connect: Connection refused
Unable to init server: Could not connect: Connection refused

(DataCollector_Deterministic.py:1853302): Gdk-CRITICAL **: 15:35:02.778: gdk_cursor_new_for_display: assertion 'GDK_IS_DISPLAY (display)' failed
Unable to init server: Could not connect: Connection refused

(DataCollector_Deterministic.py:1853359): Gdk-CRITICAL **: 15:35:02.826: gdk_cursor_new_for_display: assertion 'GDK_IS_DISPLAY (display)' failed
Unable to init server: Could not connect: Connection refused

(DataCollector_Deterministic.py:1853055): Gdk-CRITICAL **: 15:35:03.478: gdk_cursor_new_for_display: assertion 'GDK_IS_DISPLAY (display)' failed
Unable to init server: Could not connect: Connection refused

(DataCollector_Deterministic.py:1853410): Gdk-CRITICAL **: 15:35:03.732: gdk_cursor_new_for_display: assertion 'GDK_IS_DISPLAY (display)' failed
Unable to init server: Could not connect: Connection refused

(DataCollector_Deterministic.py:1854417): Gdk-CRITICAL **: 15:35:03.740: gdk_cursor_new_for_display: assertion 'GDK_IS_DISPLAY (display)' failed
Unable to init server: Could not connect: Connection refused
Unable to init server: Could not connect: Connection refused
Unable to init server: Could not connect: Connection refused

(DataCollector_Deterministic.py:1853285): Gdk-CRITICAL **: 15:35:04.002: gdk_cursor_new_for_display: assertion 'GDK_IS_DISPLAY (display)' failed
Unable to init server: Could not connect: Connection refused
Unable to init server: Could not connect: Connection refused

(DataCollector_Deterministic.py:1853862): Gdk-CRITICAL **: 15:35:04.190: gdk_cursor_new_for_display: assertion 'GDK_IS_DISPLAY (display)' failed

(DataCollector_Deterministic.py:1853624): Gdk-CRITICAL **: 15:35:04.211: gdk_cursor_new_for_display: assertion 'GDK_IS_DISPLAY (display)' failed
Unable to init server: Could not connect: Connection refused
Unable to init server: Could not connect: Connection refused
Unable to init server: Could not connect: Connection refused

(DataCollector_Deterministic.py:1853130): Gdk-CRITICAL **: 15:35:04.840: gdk_cursor_new_for_display: assertion 'GDK_IS_DISPLAY (display)' failed
Unable to init server: Could not connect: Connection refused
Unable to init server: Could not connect: Connection refused
Unable to init server: Could not connect: Connection refused
Unable to init server: Could not connect: Connection refused

(DataCollector_Deterministic.py:1853220): Gdk-CRITICAL **: 15:35:05.550: gdk_cursor_new_for_display: assertion 'GDK_IS_DISPLAY (display)' failed
Unable to init server: Could not connect: Connection refused
Unable to init server: Could not connect: Connection refused
Unable to init server: Could not connect: Connection refused
Unable to init server: Could not connect: Connection refused

(DataCollector_Deterministic.py:1854463): Gdk-CRITICAL **: 15:35:06.177: gdk_cursor_new_for_display: assertion 'GDK_IS_DISPLAY (display)' failed
Unable to init server: Could not connect: Connection refused

(DataCollector_Deterministic.py:1853830): Gdk-CRITICAL **: 15:35:06.316: gdk_cursor_new_for_display: assertion 'GDK_IS_DISPLAY (display)' failed
Unable to init server: Could not connect: Connection refused

(DataCollector_Deterministic.py:1853402): Gdk-CRITICAL **: 15:35:06.735: gdk_cursor_new_for_display: assertion 'GDK_IS_DISPLAY (display)' failed
Unable to init server: Could not connect: Connection refused

(DataCollector_Deterministic.py:1852753): Gdk-CRITICAL **: 15:35:06.960: gdk_cursor_new_for_display: assertion 'GDK_IS_DISPLAY (display)' failed
Unable to init server: Could not connect: Connection refused

(DataCollector_Deterministic.py:1854093): Gdk-CRITICAL **: 15:35:07.034: gdk_cursor_new_for_display: assertion 'GDK_IS_DISPLAY (display)' failed
Unable to init server: Could not connect: Connection refused

(DataCollector_Deterministic.py:1852791): Gdk-CRITICAL **: 15:35:07.815: gdk_cursor_new_for_display: assertion 'GDK_IS_DISPLAY (display)' failed
Unable to init server: Could not connect: Connection refused

(DataCollector_Deterministic.py:1853051): Gdk-CRITICAL **: 15:35:07.823: gdk_cursor_new_for_display: assertion 'GDK_IS_DISPLAY (display)' failed
Unable to init server: Could not connect: Connection refused

(DataCollector_Deterministic.py:1852743): Gdk-CRITICAL **: 15:35:07.827: gdk_cursor_new_for_display: assertion 'GDK_IS_DISPLAY (display)' failed
Unable to init server: Could not connect: Connection refused
Unable to init server: Could not connect: Connection refused

(DataCollector_Deterministic.py:1853563): Gdk-CRITICAL **: 15:35:07.982: gdk_cursor_new_for_display: assertion 'GDK_IS_DISPLAY (display)' failed
Unable to init server: Could not connect: Connection refused
Unable to init server: Could not connect: Connection refused
Unable to init server: Could not connect: Connection refused

(DataCollector_Deterministic.py:1854379): Gdk-CRITICAL **: 15:35:09.666: gdk_cursor_new_for_display: assertion 'GDK_IS_DISPLAY (display)' failed
Unable to init server: Could not connect: Connection refused

(DataCollector_Deterministic.py:1853589): Gdk-CRITICAL **: 15:35:09.860: gdk_cursor_new_for_display: assertion 'GDK_IS_DISPLAY (display)' failed
Unable to init server: Could not connect: Connection refused
Unable to init server: Could not connect: Connection refused
Unable to init server: Could not connect: Connection refused
Unable to init server: Could not connect: Connection refused
Unable to init server: Could not connect: Connection refused
Unable to init server: Could not connect: Connection refused
Unable to init server: Could not connect: Connection refused
Unable to init server: Could not connect: Connection refused
Unable to init server: Could not connect: Connection refused
Unable to init server: Could not connect: Connection refused
Unable to init server: Could not connect: Connection refused
Unable to init server: Could not connect: Connection refused
Unable to init server: Could not connect: Connection refused
Unable to init server: Could not connect: Connection refused
Unable to init server: Could not connect: Connection refused
Unable to init server: Could not connect: Connection refused
Unable to init server: Could not connect: Connection refused
Unable to init server: Could not connect: Connection refused
Unable to init server: Could not connect: Connection refused
Unable to init server: Could not connect: Connection refused
Unable to init server: Could not connect: Connection refused
Unable to init server: Could not connect: Connection refused
Unable to init server: Could not connect: Connection refused
Unable to init server: Could not connect: Connection refused
Unable to init server: Could not connect: Connection refused
Unable to init server: Could not connect: Connection refused
Unable to init server: Could not connect: Connection refused
Unable to init server: Could not connect: Connection refused
Unable to init server: Could not connect: Connection refused

(DataCollector_Deterministic.py:1853536): Gdk-CRITICAL **: 15:35:10.372: gdk_cursor_new_for_display: assertion 'GDK_IS_DISPLAY (display)' failed
Unable to init server: Could not connect: Connection refused
Unable to init server: Could not connect: Connection refused
Unable to init server: Could not connect: Connection refused
Unable to init server: Could not connect: Connection refused
Unable to init server: Could not connect: Connection refused
Unable to init server: Could not connect: Connection refused
Unable to init server: Could not connect: Connection refused
Unable to init server: Could not connect: Connection refused
Unable to init server: Could not connect: Connection refused
Unable to init server: Could not connect: Connection refused
Unable to init server: Could not connect: Connection refused
Unable to init server: Could not connect: Connection refused
Unable to init server: Could not connect: Connection refused
Unable to init server: Could not connect: Connection refused
Unable to init server: Could not connect: Connection refused
Unable to init server: Could not connect: Connection refused
Unable to init server: Could not connect: Connection refused
Unable to init server: Could not connect: Connection refused
Unable to init server: Could not connect: Connection refused
Unable to init server: Could not connect: Connection refused
Unable to init server: Could not connect: Connection refused

(DataCollector_Deterministic.py:1853383): Gdk-CRITICAL **: 15:35:11.694: gdk_cursor_new_for_display: assertion 'GDK_IS_DISPLAY (display)' failed
Unable to init server: Could not connect: Connection refused
Unable to init server: Could not connect: Connection refused
Unable to init server: Could not connect: Connection refused

(DataCollector_Deterministic.py:1854137): Gdk-CRITICAL **: 15:35:11.722: gdk_cursor_new_for_display: assertion 'GDK_IS_DISPLAY (display)' failed
Unable to init server: Could not connect: Connection refused
Unable to init server: Could not connect: Connection refused
Unable to init server: Could not connect: Connection refused

(DataCollector_Deterministic.py:1853976): Gdk-CRITICAL **: 15:35:11.778: gdk_cursor_new_for_display: assertion 'GDK_IS_DISPLAY (display)' failed
Unable to init server: Could not connect: Connection refused

(DataCollector_Deterministic.py:1852529): Gdk-CRITICAL **: 15:35:11.787: gdk_cursor_new_for_display: assertion 'GDK_IS_DISPLAY (display)' failed
Unable to init server: Could not connect: Connection refused
Unable to init server: Could not connect: Connection refused

(DataCollector_Deterministic.py:1853332): Gdk-CRITICAL **: 15:35:11.793: gdk_cursor_new_for_display: assertion 'GDK_IS_DISPLAY (display)' failed
Unable to init server: Could not connect: Connection refused

(DataCollector_Deterministic.py:1854532): Gdk-CRITICAL **: 15:35:11.810: gdk_cursor_new_for_display: assertion 'GDK_IS_DISPLAY (display)' failed
Unable to init server: Could not connect: Connection refused

(DataCollector_Deterministic.py:1852670): Gdk-CRITICAL **: 15:35:11.815: gdk_cursor_new_for_display: assertion 'GDK_IS_DISPLAY (display)' failed
Unable to init server: Could not connect: Connection refused

(DataCollector_Deterministic.py:1854554): Gdk-CRITICAL **: 15:35:11.836: gdk_cursor_new_for_display: assertion 'GDK_IS_DISPLAY (display)' failed
Unable to init server: Could not connect: Connection refused

(DataCollector_Deterministic.py:1852949): Gdk-CRITICAL **: 15:35:11.886: gdk_cursor_new_for_display: assertion 'GDK_IS_DISPLAY (display)' failed
Unable to init server: Could not connect: Connection refused

(DataCollector_Deterministic.py:1853428): Gdk-CRITICAL **: 15:35:11.901: gdk_cursor_new_for_display: assertion 'GDK_IS_DISPLAY (display)' failed
Unable to init server: Could not connect: Connection refused

(DataCollector_Deterministic.py:1853110): Gdk-CRITICAL **: 15:35:11.904: gdk_cursor_new_for_display: assertion 'GDK_IS_DISPLAY (display)' failed
Unable to init server: Could not connect: Connection refused

(DataCollector_Deterministic.py:1854045): Gdk-CRITICAL **: 15:35:11.913: gdk_cursor_new_for_display: assertion 'GDK_IS_DISPLAY (display)' failed
Unable to init server: Could not connect: Connection refused

(DataCollector_Deterministic.py:1854540): Gdk-CRITICAL **: 15:35:11.917: gdk_cursor_new_for_display: assertion 'GDK_IS_DISPLAY (display)' failed
Unable to init server: Could not connect: Connection refused

(DataCollector_Deterministic.py:1853727): Gdk-CRITICAL **: 15:35:11.925: gdk_cursor_new_for_display: assertion 'GDK_IS_DISPLAY (display)' failed
Unable to init server: Could not connect: Connection refused

(DataCollector_Deterministic.py:1854031): Gdk-CRITICAL **: 15:35:11.937: gdk_cursor_new_for_display: assertion 'GDK_IS_DISPLAY (display)' failed
Unable to init server: Could not connect: Connection refused

(DataCollector_Deterministic.py:1852977): Gdk-CRITICAL **: 15:35:11.942: gdk_cursor_new_for_display: assertion 'GDK_IS_DISPLAY (display)' failed
Unable to init server: Could not connect: Connection refused

(DataCollector_Deterministic.py:1854073): Gdk-CRITICAL **: 15:35:11.969: gdk_cursor_new_for_display: assertion 'GDK_IS_DISPLAY (display)' failed
Unable to init server: Could not connect: Connection refused

(DataCollector_Deterministic.py:1854572): Gdk-CRITICAL **: 15:35:11.973: gdk_cursor_new_for_display: assertion 'GDK_IS_DISPLAY (display)' failed
Unable to init server: Could not connect: Connection refused

(DataCollector_Deterministic.py:1852597): Gdk-CRITICAL **: 15:35:11.980: gdk_cursor_new_for_display: assertion 'GDK_IS_DISPLAY (display)' failed
Unable to init server: Could not connect: Connection refused

(DataCollector_Deterministic.py:1854165): Gdk-CRITICAL **: 15:35:11.988: gdk_cursor_new_for_display: assertion 'GDK_IS_DISPLAY (display)' failed
Unable to init server: Could not connect: Connection refused

(DataCollector_Deterministic.py:1853856): Gdk-CRITICAL **: 15:35:12.012: gdk_cursor_new_for_display: assertion 'GDK_IS_DISPLAY (display)' failed
Unable to init server: Could not connect: Connection refused

(DataCollector_Deterministic.py:1852913): Gdk-CRITICAL **: 15:35:12.024: gdk_cursor_new_for_display: assertion 'GDK_IS_DISPLAY (display)' failed
Unable to init server: Could not connect: Connection refused

(DataCollector_Deterministic.py:1853461): Gdk-CRITICAL **: 15:35:12.038: gdk_cursor_new_for_display: assertion 'GDK_IS_DISPLAY (display)' failed
Unable to init server: Could not connect: Connection refused

(DataCollector_Deterministic.py:1852553): Gdk-CRITICAL **: 15:35:12.048: gdk_cursor_new_for_display: assertion 'GDK_IS_DISPLAY (display)' failed

(DataCollector_Deterministic.py:1852576): Gdk-CRITICAL **: 15:35:12.051: gdk_cursor_new_for_display: assertion 'GDK_IS_DISPLAY (display)' failed
Unable to init server: Could not connect: Connection refused

(DataCollector_Deterministic.py:1853194): Gdk-CRITICAL **: 15:35:12.069: gdk_cursor_new_for_display: assertion 'GDK_IS_DISPLAY (display)' failed

(DataCollector_Deterministic.py:1852819): Gdk-CRITICAL **: 15:35:12.087: gdk_cursor_new_for_display: assertion 'GDK_IS_DISPLAY (display)' failed
Unable to init server: Could not connect: Connection refused

(DataCollector_Deterministic.py:1852715): Gdk-CRITICAL **: 15:35:12.092: gdk_cursor_new_for_display: assertion 'GDK_IS_DISPLAY (display)' failed
Unable to init server: Could not connect: Connection refused

(DataCollector_Deterministic.py:1852688): Gdk-CRITICAL **: 15:35:12.097: gdk_cursor_new_for_display: assertion 'GDK_IS_DISPLAY (display)' failed
Unable to init server: Could not connect: Connection refused

(DataCollector_Deterministic.py:1853890): Gdk-CRITICAL **: 15:35:12.099: gdk_cursor_new_for_display: assertion 'GDK_IS_DISPLAY (display)' failed

(DataCollector_Deterministic.py:1853809): Gdk-CRITICAL **: 15:35:12.107: gdk_cursor_new_for_display: assertion 'GDK_IS_DISPLAY (display)' failed
Unable to init server: Could not connect: Connection refused

(DataCollector_Deterministic.py:1854582): Gdk-CRITICAL **: 15:35:12.122: gdk_cursor_new_for_display: assertion 'GDK_IS_DISPLAY (display)' failed
Unable to init server: Could not connect: Connection refused

(DataCollector_Deterministic.py:1854241): Gdk-CRITICAL **: 15:35:12.123: gdk_cursor_new_for_display: assertion 'GDK_IS_DISPLAY (display)' failed
Unable to init server: Could not connect: Connection refused

(DataCollector_Deterministic.py:1853629): Gdk-CRITICAL **: 15:35:12.128: gdk_cursor_new_for_display: assertion 'GDK_IS_DISPLAY (display)' failed
Unable to init server: Could not connect: Connection refused

(DataCollector_Deterministic.py:1853942): Gdk-CRITICAL **: 15:35:12.136: gdk_cursor_new_for_display: assertion 'GDK_IS_DISPLAY (display)' failed

(DataCollector_Deterministic.py:1853077): Gdk-CRITICAL **: 15:35:12.151: gdk_cursor_new_for_display: assertion 'GDK_IS_DISPLAY (display)' failed
Unable to init server: Could not connect: Connection refused

(DataCollector_Deterministic.py:1852621): Gdk-CRITICAL **: 15:35:12.156: gdk_cursor_new_for_display: assertion 'GDK_IS_DISPLAY (display)' failed

(DataCollector_Deterministic.py:1853573): Gdk-CRITICAL **: 15:35:12.167: gdk_cursor_new_for_display: assertion 'GDK_IS_DISPLAY (display)' failed

(DataCollector_Deterministic.py:1853869): Gdk-CRITICAL **: 15:35:12.187: gdk_cursor_new_for_display: assertion 'GDK_IS_DISPLAY (display)' failed
Unable to init server: Could not connect: Connection refused

(DataCollector_Deterministic.py:1854335): Gdk-CRITICAL **: 15:35:12.199: gdk_cursor_new_for_display: assertion 'GDK_IS_DISPLAY (display)' failed
Unable to init server: Could not connect: Connection refused

(DataCollector_Deterministic.py:1854526): Gdk-CRITICAL **: 15:35:12.224: gdk_cursor_new_for_display: assertion 'GDK_IS_DISPLAY (display)' failed
Unable to init server: Could not connect: Connection refused

(DataCollector_Deterministic.py:1853648): Gdk-CRITICAL **: 15:35:12.260: gdk_cursor_new_for_display: assertion 'GDK_IS_DISPLAY (display)' failed
Unable to init server: Could not connect: Connection refused

(DataCollector_Deterministic.py:1854194): Gdk-CRITICAL **: 15:35:12.284: gdk_cursor_new_for_display: assertion 'GDK_IS_DISPLAY (display)' failed
Unable to init server: Could not connect: Connection refused
Unable to init server: Could not connect: Connection refused

(DataCollector_Deterministic.py:1854395): Gdk-CRITICAL **: 15:35:12.389: gdk_cursor_new_for_display: assertion 'GDK_IS_DISPLAY (display)' failed
Unable to init server: Could not connect: Connection refused

(DataCollector_Deterministic.py:1853348): Gdk-CRITICAL **: 15:35:12.592: gdk_cursor_new_for_display: assertion 'GDK_IS_DISPLAY (display)' failed
Unable to init server: Could not connect: Connection refused

(DataCollector_Deterministic.py:1853698): Gdk-CRITICAL **: 15:35:12.678: gdk_cursor_new_for_display: assertion 'GDK_IS_DISPLAY (display)' failed

(DataCollector_Deterministic.py:1853001): Gdk-CRITICAL **: 15:35:12.787: gdk_cursor_new_for_display: assertion 'GDK_IS_DISPLAY (display)' failed
Initalising...
Running Sim...

Data Dump...
Initalising...
Running Sim...

Data Dump...
Initalising...
Running Sim...

Data Dump...
Initalising...
Running Sim...

Data Dump...
Initalising...
Running Sim...

Data Dump...
Initalising...
Running Sim...

Data Dump...
Initalising...
Running Sim...

Data Dump...
Initalising...
Running Sim...

Data Dump...
Initalising...
Running Sim...

Data Dump...
Initalising...
Running Sim...

Data Dump...
Initalising...
Running Sim...
.Initalising...
Running Sim...
.Initalising...
Running Sim...
.Initalising...
Running Sim...
.Initalising...
Running Sim...
.Initalising...
Running Sim...
.Initalising...
Running Sim...
.Initalising...
Running Sim...
.Initalising...
Running Sim...
.Initalising...
Running Sim...
.Initalising...
Running Sim...
.Initalising...
Running Sim...
.Initalising...
Running Sim...
.Initalising...
Running Sim...
.Initalising...
Running Sim...
.Initalising...
Running Sim...
.Initalising...
Running Sim...
.Initalising...
Running Sim...
.Initalising...
Running Sim...
.Initalising...
Running Sim...
.Initalising...
Running Sim...
.Initalising...
Running Sim...
.Initalising...
Running Sim...
.Initalising...
Running Sim...
.Initalising...
Running Sim...
.Initalising...
Running Sim...
.Initalising...
Running Sim...
.Initalising...
Running Sim...
.Initalising...
Running Sim...
.Initalising...
Running Sim...
.Initalising...
Running Sim...
.Initalising...
Running Sim...
.Initalising...
Running Sim...
.Initalising...
Running Sim...
.Initalising...
Running Sim...
.Initalising...
Running Sim...
.Initalising...
Running Sim...
.Initalising...
Running Sim...
.Initalising...
Running Sim...
.Initalising...
Running Sim...
.Initalising...
Running Sim...
.Initalising...
Running Sim...
.Initalising...
Running Sim...
.Initalising...
Running Sim...
.Initalising...
Running Sim...
.Initalising...
Running Sim...
.Initalising...
Running Sim...
.Initalising...
Running Sim...
.Initalising...
Running Sim...
.Initalising...
Running Sim...
.Initalising...
Running Sim...
.Initalising...
Running Sim...
.Initalising...
Running Sim...
.Initalising...
Running Sim...
.Initalising...
Running Sim...
.Initalising...
Running Sim...
.Initalising...
Running Sim...
.Initalising...
Running Sim...
.Initalising...
Running Sim...
.Initalising...
Running Sim...
.Initalising...
Running Sim...
.Initalising...
Running Sim...
.Initalising...
Running Sim...
.Initalising...
Running Sim...
.Initalising...
Running Sim...
.Initalising...
Running Sim...
.Initalising...
Running Sim...
.Initalising...
Running Sim...
.Initalising...
Running Sim...
.Initalising...
Running Sim...
.Initalising...
Running Sim...
.Initalising...
Running Sim...
.Initalising...
Running Sim...
.Initalising...
Running Sim...
.Initalising...
Running Sim...
.Initalising...
Running Sim...
.Initalising...
Running Sim...
.Initalising...
Running Sim...
.Initalising...
Running Sim...
.Initalising...
Running Sim...
.Initalising...
Running Sim...
.Initalising...
Running Sim...
.Initalising...
Running Sim...
.Initalising...
Running Sim...
.Initalising...
Running Sim...
.Initalising...
Running Sim...
.Initalising...
Running Sim...
.Initalising...
Running Sim...
.Initalising...
Running Sim...
.Initalising...
Running Sim...
........................................................................................................................................................................................................................................................................................................................................................................................................................................................................................................................................................................................................................................................................................................................................................................................................................
[1733 9591]
...
[1762 9599]
..
[1699 9639]
.
[1685 9589]
..
[1686 9589]
.
[1692 9638]
.
[1706 9593]
.
[2037 9176]
...
[1694 9628]
.
[1687 9636]
.
[1881 9415]
.
[1783 9535]
.
[1766 9529]
..
[1873 9452]
.
[2150 9126]
.
[1764 9563]
.
[1751 9543]
.
[1894 9438]
..
[1745 9599]
..
[1783 9566]
.
[1796 9597]
.
[1809 9502]
.
[1760 9569]
.
[1730 9567]
.
[1684 9634]
.
[1750 9626]
.
[1880 9471]
.
[1731 9590]
.
[1776 9556]
.
[1951 9375]
.
[1811 9475]
.
[1867 9464]
.
[1815 9504]
.
[2109 9121]
..
[1754 9558]
.
[1791 9482]
.
[1878 9361]
.
[1936 9326]
.
[1782 9476]
.
[2015 9183]
.
[1745 9511]
.
[1754 9590]
.
[2223 8961]
.
[2137 9097]
.
[1789 9546]
.
[1812 9490]
..
[1873 9384]
.
[2242 8941]
.
[1771 9527]
.
[1755 9609]
..
[2537 8623]
.
[2099 9107]
...
[1809 9468]
.
[1796 9425]
.
[2352 8823]
.
[1810 9406]
.
[1819 9397]
..
[1796 9524]
..
[2070 9145]
.
[2234 8950]
..
[2235 9003]
.
[2250 8957]
.
[2339 8843]
.
[2071 9182]
......
[2583 8566]
.....
[2516 8527]
.
[2507 8586]
.
[2323 8849]
..
[3038 7943]
......
[2837 8194]
.....
[2849 8184]
.
[2400 8663]
..........
[3314 7626]
...
[2809 8215]
.......
[2928 8153]
........
[7868 2735]
........
[3167 7854]
................
[3604 7286]
..
[3831 7102]
..
[3785 7075]
.........
[3924 6901]
.............
[4149 6585]
...
[4609 6239]
......
[4502 6243]
.
[4408 6413]
.........
[4400 6318]
...
[7253 3444]
.....
[5172 5496]
..........
[6803 3804]
............
[4715 6036]
.................................................................................................................................................................................................................
Data Dump...
...........................
Data Dump...

Data Dump...
.
Data Dump...
........
Data Dump...
.......
Data Dump...
.........
Data Dump...
................
Data Dump...
.................................................................................................
[  48 6502]
...............................................................................................................................
[  68 5364]
......
[ 156 4681]
..............
[  93 4933]
...............
[ 100 4902]
........
[ 108 4882]
.
[ 122 4773]
....
[ 107 5002]
............
[ 104 4660]
.
[ 142 4678]
.....
[ 140 4372]
..
[ 111 4790]
.........
[ 179 4381]
.
[ 155 4490]
......
[ 120 4686]
..
[ 168 4235]
......
[ 158 4117]
.
[ 170 4329]
........
[ 147 4388]
....
[ 140 4521]
.....
[ 183 4312]
...
[ 148 4264]
.......
[ 164 4338]
....
[ 141 4509]
...
[ 147 4535]
..
[ 216 3865]
....
[ 222 3770]
.
[ 201 3994]
.
[ 229 4156]
..
[ 266 3789]
.....
[ 202 4358]
.
[ 311 3492]
.
[ 204 3992]
..........
[ 275 3829]
...........
[ 258 3475]
.....
[ 417 3016]
.........
[ 238 3818]
.
[ 299 3389]
.......
[ 316 3626]
....
[ 338 3388]
.............
[ 477 2929]
.........
[ 380 2948]
..........
[ 447 2986]
.
[ 414 3007]
......
[ 440 3202]
.
[ 483 2978]
............
[ 599 2782]
...
[ 532 2457]
......
[ 465 3009]
......
[ 502 3156]
.
[ 678 2322]
..
[ 448 3065]
......
[ 593 2660]
..........
[2961   75]
...
[ 663 2339]
.
[ 636 2491]
........
[ 680 2385]
.
[ 514 2769]
................
[ 476 3024]
.....................
[ 759 2179]
............................
[ 706 2310]
.....
[1071 1628]
.
[ 763 2240]
...
[ 595 2858]
...
[1034 1721]
......
[ 974 2003]
..........
[ 992 1648]
......
[ 672 2663]
...................
[1149 1391]
....
[ 40 621]
....
[2717  296]
.......
[2683  165]
.
[1166 1788]
...............
[1302 1446]
...................
[1422 1493]
...........
[1486 1075]
.........
[1388 1301]
..
[1680  704]
...........
[2088  437]
.
[1802  673]
.......
[1793  664]
.......
[1672  902]
.....................
[1799  800]
.......................................................................
Data Dump...
.............................................................
[ 45 458]
.............................................
[ 49 351]
.............................
[ 67 236]
..........
[ 50 360]
......
[ 60 377]
....................
[ 50 248]
......
[ 61 291]
.......
[ 70 339]
.......................
[ 33 371]
............
[ 37 351]
.....
[ 46 326]
..
[ 56 342]
...............
[ 52 265]
.........
[ 63 209]
.
[ 55 116]
..
[ 42 204]
........
[ 48 155]
.
[ 58 283]
................
[ 63 260]
...............
[ 56 244]
..
[ 44 248]
.
[ 51 391]
....
[ 55 322]
.
[ 48 314]
........
Data Dump...
.....
[ 62 407]
..
[ 65 235]
....
[ 55 119]
...............
[ 56 219]
....
[ 73 141]
.
[ 68 153]
........
[62 87]
.........
[ 65 230]
....
Data Dump...
.........
[ 70 104]
................................
[66 58]
.........
Data Dump...
....
[ 63 179]
.
[70 65]
...........
Data Dump...
..
Data Dump...
.
[67 73]
..
[ 63 104]
..........
[91 70]
........
[ 60 140]
......
Data Dump...
.
[68 33]
.............
Data Dump...
.
[82 36]
..
[89 63]
...
Data Dump...

[ 78 141]
......................
[80 94]
....
Data Dump...
..............
[ 90 161]
..
[ 80 107]
...
Data Dump...
......
Data Dump...
..
[79 73]
.
Data Dump...
.......
[70 42]
...
[85 16]
..
[93 33]
....
[90 36]
..........
Data Dump...
..........
[175   8]
.
[69 39]
...
[94 85]
.
Data Dump...
..
Data Dump...
....
Data Dump...
..
Data Dump...

[81 25]
....
Data Dump...
.............
Data Dump...

Data Dump...
......
Data Dump...

Data Dump...

[84 40]
............
Data Dump...
...........
Data Dump...
.
Data Dump...
..
[ 74 103]
.
[79 28]
..
Data Dump...
......
Data Dump...
.........
[88 18]
....
Data Dump...
.......
Data Dump...
.........
[97 54]
..
[100  23]
.
Data Dump...
.
[102  52]
....
[78 33]
..
Data Dump...
...
Data Dump...

[ 80 151]
.................
Data Dump...

[ 90 161]
.....
[109  11]
.....
Data Dump...
...
[83 12]
.
Data Dump...

[132  45]
....
[147  14]
.....
Data Dump...

[167  18]
......
Data Dump...
.
[132  39]
.......
Data Dump...
..........
[107  76]
....
Data Dump...

Data Dump...
......
Data Dump...
....
[96 16]
..
Data Dump...

[118   8]
...
Data Dump...

Data Dump...
.........
[129  10]
......
[127   9]
...
Data Dump...
.
Data Dump...
.
[110  11]
.
[110   9]
.....
Data Dump...
....
[124  15]
...
Data Dump...
..
Data Dump...
..........
[106  15]
....
Data Dump...

Data Dump...
.
Data Dump...
......
Data Dump...

Data Dump...
........
Data Dump...

Data Dump...
.......
Data Dump...
..............
Data Dump...
.........
Data Dump...
....
Data Dump...
........
Data Dump...
......
Data Dump...

Data Dump...
.
Data Dump...
....
Data Dump...
......
Data Dump...
.....
Data Dump...
.....
Data Dump...
..
Data Dump...
.
Data Dump...

Data Dump...
...
Data Dump...
..
Data Dump...
........
Data Dump...
..
Data Dump...
.
Data Dump...
...
Data Dump...

Data Dump...

Data Dump...
.
Data Dump...
.
Data Dump...
High 1 2
Done
