Unable to init server: Could not connect: Connection refused
Unable to init server: Could not connect: Connection refused
Unable to init server: Could not connect: Connection refused

(DataCollector_Deterministic.py:10676): Gdk-CRITICAL **: 15:37:11.317: gdk_cursor_new_for_display: assertion 'GDK_IS_DISPLAY (display)' failed
Unable to init server: Could not connect: Connection refused
Unable to init server: Could not connect: Connection refused
Unable to init server: Could not connect: Connection refused
Unable to init server: Could not connect: Connection refused
Unable to init server: Could not connect: Connection refused

(DataCollector_Deterministic.py:10029): Gdk-CRITICAL **: 15:37:13.470: gdk_cursor_new_for_display: assertion 'GDK_IS_DISPLAY (display)' failed
Unable to init server: Could not connect: Connection refused

(DataCollector_Deterministic.py:10333): Gdk-CRITICAL **: 15:37:13.626: gdk_cursor_new_for_display: assertion 'GDK_IS_DISPLAY (display)' failed
Unable to init server: Could not connect: Connection refused

(DataCollector_Deterministic.py:9564): Gdk-CRITICAL **: 15:37:14.122: gdk_cursor_new_for_display: assertion 'GDK_IS_DISPLAY (display)' failed
Unable to init server: Could not connect: Connection refused
Unable to init server: Could not connect: Connection refused

(DataCollector_Deterministic.py:10680): Gdk-CRITICAL **: 15:37:14.248: gdk_cursor_new_for_display: assertion 'GDK_IS_DISPLAY (display)' failed
Unable to init server: Could not connect: Connection refused
Unable to init server: Could not connect: Connection refused
Unable to init server: Could not connect: Connection refused
Unable to init server: Could not connect: Connection refused
Unable to init server: Could not connect: Connection refused
Unable to init server: Could not connect: Connection refused
Unable to init server: Could not connect: Connection refused
Unable to init server: Could not connect: Connection refused
Unable to init server: Could not connect: Connection refused
Unable to init server: Could not connect: Connection refused
Unable to init server: Could not connect: Connection refused
Unable to init server: Could not connect: Connection refused

(DataCollector_Deterministic.py:9159): Gdk-CRITICAL **: 15:37:15.757: gdk_cursor_new_for_display: assertion 'GDK_IS_DISPLAY (display)' failed
Unable to init server: Could not connect: Connection refused
Unable to init server: Could not connect: Connection refused
Unable to init server: Could not connect: Connection refused
Unable to init server: Could not connect: Connection refused

(DataCollector_Deterministic.py:9482): Gdk-CRITICAL **: 15:37:16.247: gdk_cursor_new_for_display: assertion 'GDK_IS_DISPLAY (display)' failed
Unable to init server: Could not connect: Connection refused
Unable to init server: Could not connect: Connection refused
Unable to init server: Could not connect: Connection refused
Unable to init server: Could not connect: Connection refused
Unable to init server: Could not connect: Connection refused
Unable to init server: Could not connect: Connection refused
Unable to init server: Could not connect: Connection refused
Unable to init server: Could not connect: Connection refused
Unable to init server: Could not connect: Connection refused
Unable to init server: Could not connect: Connection refused
Unable to init server: Could not connect: Connection refused
Unable to init server: Could not connect: Connection refused
Unable to init server: Could not connect: Connection refused
Unable to init server: Could not connect: Connection refused
Unable to init server: Could not connect: Connection refused

(DataCollector_Deterministic.py:10400): Gdk-CRITICAL **: 15:37:16.954: gdk_cursor_new_for_display: assertion 'GDK_IS_DISPLAY (display)' failed
Unable to init server: Could not connect: Connection refused
Unable to init server: Could not connect: Connection refused

(DataCollector_Deterministic.py:10042): Gdk-CRITICAL **: 15:37:16.983: gdk_cursor_new_for_display: assertion 'GDK_IS_DISPLAY (display)' failed
Unable to init server: Could not connect: Connection refused
Unable to init server: Could not connect: Connection refused
Unable to init server: Could not connect: Connection refused
Unable to init server: Could not connect: Connection refused
Unable to init server: Could not connect: Connection refused
Unable to init server: Could not connect: Connection refused

(DataCollector_Deterministic.py:10058): Gdk-CRITICAL **: 15:37:17.170: gdk_cursor_new_for_display: assertion 'GDK_IS_DISPLAY (display)' failed
Unable to init server: Could not connect: Connection refused
Unable to init server: Could not connect: Connection refused

(DataCollector_Deterministic.py:10295): Gdk-CRITICAL **: 15:37:17.202: gdk_cursor_new_for_display: assertion 'GDK_IS_DISPLAY (display)' failed
Unable to init server: Could not connect: Connection refused

(DataCollector_Deterministic.py:9387): Gdk-CRITICAL **: 15:37:17.242: gdk_cursor_new_for_display: assertion 'GDK_IS_DISPLAY (display)' failed
Unable to init server: Could not connect: Connection refused
Unable to init server: Could not connect: Connection refused
Unable to init server: Could not connect: Connection refused
Unable to init server: Could not connect: Connection refused
Unable to init server: Could not connect: Connection refused
Unable to init server: Could not connect: Connection refused
Unable to init server: Could not connect: Connection refused

(DataCollector_Deterministic.py:10440): Gdk-CRITICAL **: 15:37:17.374: gdk_cursor_new_for_display: assertion 'GDK_IS_DISPLAY (display)' failed
Unable to init server: Could not connect: Connection refused

(DataCollector_Deterministic.py:9019): Gdk-CRITICAL **: 15:37:17.423: gdk_cursor_new_for_display: assertion 'GDK_IS_DISPLAY (display)' failed
Unable to init server: Could not connect: Connection refused

(DataCollector_Deterministic.py:9949): Gdk-CRITICAL **: 15:37:17.438: gdk_cursor_new_for_display: assertion 'GDK_IS_DISPLAY (display)' failed
Unable to init server: Could not connect: Connection refused
Unable to init server: Could not connect: Connection refused

(DataCollector_Deterministic.py:10372): Gdk-CRITICAL **: 15:37:17.494: gdk_cursor_new_for_display: assertion 'GDK_IS_DISPLAY (display)' failed
Unable to init server: Could not connect: Connection refused
Unable to init server: Could not connect: Connection refused

(DataCollector_Deterministic.py:9848): Gdk-CRITICAL **: 15:37:17.574: gdk_cursor_new_for_display: assertion 'GDK_IS_DISPLAY (display)' failed
Unable to init server: Could not connect: Connection refused
Unable to init server: Could not connect: Connection refused
Unable to init server: Could not connect: Connection refused
Unable to init server: Could not connect: Connection refused
Unable to init server: Could not connect: Connection refused

(DataCollector_Deterministic.py:10685): Gdk-CRITICAL **: 15:37:17.993: gdk_cursor_new_for_display: assertion 'GDK_IS_DISPLAY (display)' failed
Unable to init server: Could not connect: Connection refused
Unable to init server: Could not connect: Connection refused
Unable to init server: Could not connect: Connection refused

(DataCollector_Deterministic.py:10180): Gdk-CRITICAL **: 15:37:18.101: gdk_cursor_new_for_display: assertion 'GDK_IS_DISPLAY (display)' failed
Unable to init server: Could not connect: Connection refused

(DataCollector_Deterministic.py:10700): Gdk-CRITICAL **: 15:37:18.213: gdk_cursor_new_for_display: assertion 'GDK_IS_DISPLAY (display)' failed
Unable to init server: Could not connect: Connection refused
Unable to init server: Could not connect: Connection refused

(DataCollector_Deterministic.py:9908): Gdk-CRITICAL **: 15:37:18.238: gdk_cursor_new_for_display: assertion 'GDK_IS_DISPLAY (display)' failed
Unable to init server: Could not connect: Connection refused

(DataCollector_Deterministic.py:10092): Gdk-CRITICAL **: 15:37:18.262: gdk_cursor_new_for_display: assertion 'GDK_IS_DISPLAY (display)' failed
Unable to init server: Could not connect: Connection refused

(DataCollector_Deterministic.py:10364): Gdk-CRITICAL **: 15:37:18.274: gdk_cursor_new_for_display: assertion 'GDK_IS_DISPLAY (display)' failed
Unable to init server: Could not connect: Connection refused
Unable to init server: Could not connect: Connection refused

(DataCollector_Deterministic.py:10381): Gdk-CRITICAL **: 15:37:18.310: gdk_cursor_new_for_display: assertion 'GDK_IS_DISPLAY (display)' failed
Unable to init server: Could not connect: Connection refused
Unable to init server: Could not connect: Connection refused
Unable to init server: Could not connect: Connection refused

(DataCollector_Deterministic.py:9616): Gdk-CRITICAL **: 15:37:18.415: gdk_cursor_new_for_display: assertion 'GDK_IS_DISPLAY (display)' failed
Unable to init server: Could not connect: Connection refused
Unable to init server: Could not connect: Connection refused
Unable to init server: Could not connect: Connection refused
Unable to init server: Could not connect: Connection refused
Unable to init server: Could not connect: Connection refused

(DataCollector_Deterministic.py:9076): Gdk-CRITICAL **: 15:37:18.561: gdk_cursor_new_for_display: assertion 'GDK_IS_DISPLAY (display)' failed
Unable to init server: Could not connect: Connection refused

(DataCollector_Deterministic.py:9434): Gdk-CRITICAL **: 15:37:18.707: gdk_cursor_new_for_display: assertion 'GDK_IS_DISPLAY (display)' failed

(DataCollector_Deterministic.py:10665): Gdk-CRITICAL **: 15:37:18.712: gdk_cursor_new_for_display: assertion 'GDK_IS_DISPLAY (display)' failed
Unable to init server: Could not connect: Connection refused
Unable to init server: Could not connect: Connection refused

(DataCollector_Deterministic.py:9417): Gdk-CRITICAL **: 15:37:18.844: gdk_cursor_new_for_display: assertion 'GDK_IS_DISPLAY (display)' failed

(DataCollector_Deterministic.py:9228): Gdk-CRITICAL **: 15:37:18.854: gdk_cursor_new_for_display: assertion 'GDK_IS_DISPLAY (display)' failed
Unable to init server: Could not connect: Connection refused

(DataCollector_Deterministic.py:10494): Gdk-CRITICAL **: 15:37:18.874: gdk_cursor_new_for_display: assertion 'GDK_IS_DISPLAY (display)' failed

(DataCollector_Deterministic.py:10080): Gdk-CRITICAL **: 15:37:18.883: gdk_cursor_new_for_display: assertion 'GDK_IS_DISPLAY (display)' failed
Unable to init server: Could not connect: Connection refused
Unable to init server: Could not connect: Connection refused

(DataCollector_Deterministic.py:9218): Gdk-CRITICAL **: 15:37:18.954: gdk_cursor_new_for_display: assertion 'GDK_IS_DISPLAY (display)' failed
Unable to init server: Could not connect: Connection refused

(DataCollector_Deterministic.py:9561): Gdk-CRITICAL **: 15:37:18.971: gdk_cursor_new_for_display: assertion 'GDK_IS_DISPLAY (display)' failed
Unable to init server: Could not connect: Connection refused

(DataCollector_Deterministic.py:9918): Gdk-CRITICAL **: 15:37:18.983: gdk_cursor_new_for_display: assertion 'GDK_IS_DISPLAY (display)' failed
Unable to init server: Could not connect: Connection refused

(DataCollector_Deterministic.py:9234): Gdk-CRITICAL **: 15:37:18.990: gdk_cursor_new_for_display: assertion 'GDK_IS_DISPLAY (display)' failed
Unable to init server: Could not connect: Connection refused

(DataCollector_Deterministic.py:10671): Gdk-CRITICAL **: 15:37:19.026: gdk_cursor_new_for_display: assertion 'GDK_IS_DISPLAY (display)' failed
Unable to init server: Could not connect: Connection refused

(DataCollector_Deterministic.py:10686): Gdk-CRITICAL **: 15:37:19.078: gdk_cursor_new_for_display: assertion 'GDK_IS_DISPLAY (display)' failed
Unable to init server: Could not connect: Connection refused
Unable to init server: Could not connect: Connection refused
Unable to init server: Could not connect: Connection refused

(DataCollector_Deterministic.py:9393): Gdk-CRITICAL **: 15:37:19.138: gdk_cursor_new_for_display: assertion 'GDK_IS_DISPLAY (display)' failed
Unable to init server: Could not connect: Connection refused
Unable to init server: Could not connect: Connection refused

(DataCollector_Deterministic.py:10688): Gdk-CRITICAL **: 15:37:19.162: gdk_cursor_new_for_display: assertion 'GDK_IS_DISPLAY (display)' failed
Unable to init server: Could not connect: Connection refused

(DataCollector_Deterministic.py:9500): Gdk-CRITICAL **: 15:37:19.239: gdk_cursor_new_for_display: assertion 'GDK_IS_DISPLAY (display)' failed
Unable to init server: Could not connect: Connection refused

(DataCollector_Deterministic.py:9843): Gdk-CRITICAL **: 15:37:19.262: gdk_cursor_new_for_display: assertion 'GDK_IS_DISPLAY (display)' failed
Unable to init server: Could not connect: Connection refused

(DataCollector_Deterministic.py:9327): Gdk-CRITICAL **: 15:37:19.271: gdk_cursor_new_for_display: assertion 'GDK_IS_DISPLAY (display)' failed
Unable to init server: Could not connect: Connection refused
Unable to init server: Could not connect: Connection refused

(DataCollector_Deterministic.py:10416): Gdk-CRITICAL **: 15:37:19.304: gdk_cursor_new_for_display: assertion 'GDK_IS_DISPLAY (display)' failed
Unable to init server: Could not connect: Connection refused

(DataCollector_Deterministic.py:9188): Gdk-CRITICAL **: 15:37:19.342: gdk_cursor_new_for_display: assertion 'GDK_IS_DISPLAY (display)' failed
Unable to init server: Could not connect: Connection refused

(DataCollector_Deterministic.py:9354): Gdk-CRITICAL **: 15:37:19.358: gdk_cursor_new_for_display: assertion 'GDK_IS_DISPLAY (display)' failed
Unable to init server: Could not connect: Connection refused
Unable to init server: Could not connect: Connection refused

(DataCollector_Deterministic.py:9397): Gdk-CRITICAL **: 15:37:19.403: gdk_cursor_new_for_display: assertion 'GDK_IS_DISPLAY (display)' failed
Unable to init server: Could not connect: Connection refused
Unable to init server: Could not connect: Connection refused
Unable to init server: Could not connect: Connection refused
Unable to init server: Could not connect: Connection refused

(DataCollector_Deterministic.py:9422): Gdk-CRITICAL **: 15:37:19.698: gdk_cursor_new_for_display: assertion 'GDK_IS_DISPLAY (display)' failed
Unable to init server: Could not connect: Connection refused

(DataCollector_Deterministic.py:9898): Gdk-CRITICAL **: 15:37:19.735: gdk_cursor_new_for_display: assertion 'GDK_IS_DISPLAY (display)' failed
Unable to init server: Could not connect: Connection refused

(DataCollector_Deterministic.py:10699): Gdk-CRITICAL **: 15:37:19.737: gdk_cursor_new_for_display: assertion 'GDK_IS_DISPLAY (display)' failed
Unable to init server: Could not connect: Connection refused
Unable to init server: Could not connect: Connection refused

(DataCollector_Deterministic.py:9732): Gdk-CRITICAL **: 15:37:19.767: gdk_cursor_new_for_display: assertion 'GDK_IS_DISPLAY (display)' failed

(DataCollector_Deterministic.py:9130): Gdk-CRITICAL **: 15:37:19.796: gdk_cursor_new_for_display: assertion 'GDK_IS_DISPLAY (display)' failed
Unable to init server: Could not connect: Connection refused
Unable to init server: Could not connect: Connection refused
Unable to init server: Could not connect: Connection refused
Unable to init server: Could not connect: Connection refused

(DataCollector_Deterministic.py:9718): Gdk-CRITICAL **: 15:37:19.926: gdk_cursor_new_for_display: assertion 'GDK_IS_DISPLAY (display)' failed
Unable to init server: Could not connect: Connection refused
Unable to init server: Could not connect: Connection refused
Unable to init server: Could not connect: Connection refused
Unable to init server: Could not connect: Connection refused
Unable to init server: Could not connect: Connection refused

(DataCollector_Deterministic.py:9866): Gdk-CRITICAL **: 15:37:20.026: gdk_cursor_new_for_display: assertion 'GDK_IS_DISPLAY (display)' failed
Unable to init server: Could not connect: Connection refused
Unable to init server: Could not connect: Connection refused
Unable to init server: Could not connect: Connection refused
Unable to init server: Could not connect: Connection refused
Unable to init server: Could not connect: Connection refused
Unable to init server: Could not connect: Connection refused
Unable to init server: Could not connect: Connection refused

(DataCollector_Deterministic.py:9258): Gdk-CRITICAL **: 15:37:20.191: gdk_cursor_new_for_display: assertion 'GDK_IS_DISPLAY (display)' failed
Unable to init server: Could not connect: Connection refused
Unable to init server: Could not connect: Connection refused
Unable to init server: Could not connect: Connection refused
Unable to init server: Could not connect: Connection refused
Unable to init server: Could not connect: Connection refused

(DataCollector_Deterministic.py:9912): Gdk-CRITICAL **: 15:37:20.297: gdk_cursor_new_for_display: assertion 'GDK_IS_DISPLAY (display)' failed

(DataCollector_Deterministic.py:9680): Gdk-CRITICAL **: 15:37:20.312: gdk_cursor_new_for_display: assertion 'GDK_IS_DISPLAY (display)' failed
Unable to init server: Could not connect: Connection refused

(DataCollector_Deterministic.py:10434): Gdk-CRITICAL **: 15:37:20.339: gdk_cursor_new_for_display: assertion 'GDK_IS_DISPLAY (display)' failed

(DataCollector_Deterministic.py:9201): Gdk-CRITICAL **: 15:37:20.348: gdk_cursor_new_for_display: assertion 'GDK_IS_DISPLAY (display)' failed
Unable to init server: Could not connect: Connection refused
Unable to init server: Could not connect: Connection refused
Unable to init server: Could not connect: Connection refused
Unable to init server: Could not connect: Connection refused
Unable to init server: Could not connect: Connection refused

(DataCollector_Deterministic.py:9000): Gdk-CRITICAL **: 15:37:20.680: gdk_cursor_new_for_display: assertion 'GDK_IS_DISPLAY (display)' failed
Unable to init server: Could not connect: Connection refused
Unable to init server: Could not connect: Connection refused
Unable to init server: Could not connect: Connection refused
Unable to init server: Could not connect: Connection refused

(DataCollector_Deterministic.py:9817): Gdk-CRITICAL **: 15:37:20.738: gdk_cursor_new_for_display: assertion 'GDK_IS_DISPLAY (display)' failed
Unable to init server: Could not connect: Connection refused
Unable to init server: Could not connect: Connection refused
Unable to init server: Could not connect: Connection refused

(DataCollector_Deterministic.py:9536): Gdk-CRITICAL **: 15:37:20.799: gdk_cursor_new_for_display: assertion 'GDK_IS_DISPLAY (display)' failed
Unable to init server: Could not connect: Connection refused
Unable to init server: Could not connect: Connection refused
Unable to init server: Could not connect: Connection refused

(DataCollector_Deterministic.py:10281): Gdk-CRITICAL **: 15:37:21.184: gdk_cursor_new_for_display: assertion 'GDK_IS_DISPLAY (display)' failed
Unable to init server: Could not connect: Connection refused

(DataCollector_Deterministic.py:9534): Gdk-CRITICAL **: 15:37:21.207: gdk_cursor_new_for_display: assertion 'GDK_IS_DISPLAY (display)' failed

(DataCollector_Deterministic.py:10184): Gdk-CRITICAL **: 15:37:21.124: gdk_cursor_new_for_display: assertion 'GDK_IS_DISPLAY (display)' failed
Unable to init server: Could not connect: Connection refused

(DataCollector_Deterministic.py:8980): Gdk-CRITICAL **: 15:37:21.263: gdk_cursor_new_for_display: assertion 'GDK_IS_DISPLAY (display)' failed
Unable to init server: Could not connect: Connection refused

(DataCollector_Deterministic.py:9114): Gdk-CRITICAL **: 15:37:21.318: gdk_cursor_new_for_display: assertion 'GDK_IS_DISPLAY (display)' failed
Unable to init server: Could not connect: Connection refused
Unable to init server: Could not connect: Connection refused

(DataCollector_Deterministic.py:9661): Gdk-CRITICAL **: 15:37:21.674: gdk_cursor_new_for_display: assertion 'GDK_IS_DISPLAY (display)' failed
Unable to init server: Could not connect: Connection refused
Unable to init server: Could not connect: Connection refused

(DataCollector_Deterministic.py:10068): Gdk-CRITICAL **: 15:37:21.685: gdk_cursor_new_for_display: assertion 'GDK_IS_DISPLAY (display)' failed
Unable to init server: Could not connect: Connection refused

(DataCollector_Deterministic.py:9789): Gdk-CRITICAL **: 15:37:21.729: gdk_cursor_new_for_display: assertion 'GDK_IS_DISPLAY (display)' failed
Unable to init server: Could not connect: Connection refused
Unable to init server: Could not connect: Connection refused

(DataCollector_Deterministic.py:10361): Gdk-CRITICAL **: 15:37:21.780: gdk_cursor_new_for_display: assertion 'GDK_IS_DISPLAY (display)' failed

(DataCollector_Deterministic.py:9250): Gdk-CRITICAL **: 15:37:21.792: gdk_cursor_new_for_display: assertion 'GDK_IS_DISPLAY (display)' failed
Unable to init server: Could not connect: Connection refused
Unable to init server: Could not connect: Connection refused

(DataCollector_Deterministic.py:10234): Gdk-CRITICAL **: 15:37:21.903: gdk_cursor_new_for_display: assertion 'GDK_IS_DISPLAY (display)' failed
Unable to init server: Could not connect: Connection refused
Unable to init server: Could not connect: Connection refused

(DataCollector_Deterministic.py:9704): Gdk-CRITICAL **: 15:37:21.954: gdk_cursor_new_for_display: assertion 'GDK_IS_DISPLAY (display)' failed
Unable to init server: Could not connect: Connection refused

(DataCollector_Deterministic.py:10693): Gdk-CRITICAL **: 15:37:21.963: gdk_cursor_new_for_display: assertion 'GDK_IS_DISPLAY (display)' failed
Unable to init server: Could not connect: Connection refused

(DataCollector_Deterministic.py:9856): Gdk-CRITICAL **: 15:37:22.056: gdk_cursor_new_for_display: assertion 'GDK_IS_DISPLAY (display)' failed
Unable to init server: Could not connect: Connection refused
Unable to init server: Could not connect: Connection refused
Unable to init server: Could not connect: Connection refused

(DataCollector_Deterministic.py:9618): Gdk-CRITICAL **: 15:37:22.119: gdk_cursor_new_for_display: assertion 'GDK_IS_DISPLAY (display)' failed
Unable to init server: Could not connect: Connection refused

(DataCollector_Deterministic.py:9038): Gdk-CRITICAL **: 15:37:22.131: gdk_cursor_new_for_display: assertion 'GDK_IS_DISPLAY (display)' failed

(DataCollector_Deterministic.py:10508): Gdk-CRITICAL **: 15:37:22.168: gdk_cursor_new_for_display: assertion 'GDK_IS_DISPLAY (display)' failed
Unable to init server: Could not connect: Connection refused

(DataCollector_Deterministic.py:10570): Gdk-CRITICAL **: 15:37:22.234: gdk_cursor_new_for_display: assertion 'GDK_IS_DISPLAY (display)' failed
Unable to init server: Could not connect: Connection refused

(DataCollector_Deterministic.py:10291): Gdk-CRITICAL **: 15:37:22.250: gdk_cursor_new_for_display: assertion 'GDK_IS_DISPLAY (display)' failed
Unable to init server: Could not connect: Connection refused

(DataCollector_Deterministic.py:9058): Gdk-CRITICAL **: 15:37:22.262: gdk_cursor_new_for_display: assertion 'GDK_IS_DISPLAY (display)' failed
Unable to init server: Could not connect: Connection refused
Unable to init server: Could not connect: Connection refused

(DataCollector_Deterministic.py:10453): Gdk-CRITICAL **: 15:37:22.376: gdk_cursor_new_for_display: assertion 'GDK_IS_DISPLAY (display)' failed
Unable to init server: Could not connect: Connection refused

(DataCollector_Deterministic.py:10424): Gdk-CRITICAL **: 15:37:22.405: gdk_cursor_new_for_display: assertion 'GDK_IS_DISPLAY (display)' failed

(DataCollector_Deterministic.py:10430): Gdk-CRITICAL **: 15:37:22.491: gdk_cursor_new_for_display: assertion 'GDK_IS_DISPLAY (display)' failed
Unable to init server: Could not connect: Connection refused

(DataCollector_Deterministic.py:9145): Gdk-CRITICAL **: 15:37:22.501: gdk_cursor_new_for_display: assertion 'GDK_IS_DISPLAY (display)' failed

(DataCollector_Deterministic.py:9510): Gdk-CRITICAL **: 15:37:22.528: gdk_cursor_new_for_display: assertion 'GDK_IS_DISPLAY (display)' failed
Unable to init server: Could not connect: Connection refused

(DataCollector_Deterministic.py:9838): Gdk-CRITICAL **: 15:37:22.615: gdk_cursor_new_for_display: assertion 'GDK_IS_DISPLAY (display)' failed
Unable to init server: Could not connect: Connection refused

(DataCollector_Deterministic.py:9943): Gdk-CRITICAL **: 15:37:22.691: gdk_cursor_new_for_display: assertion 'GDK_IS_DISPLAY (display)' failed
Unable to init server: Could not connect: Connection refused

(DataCollector_Deterministic.py:10060): Gdk-CRITICAL **: 15:37:22.695: gdk_cursor_new_for_display: assertion 'GDK_IS_DISPLAY (display)' failed
Unable to init server: Could not connect: Connection refused

(DataCollector_Deterministic.py:10457): Gdk-CRITICAL **: 15:37:22.766: gdk_cursor_new_for_display: assertion 'GDK_IS_DISPLAY (display)' failed
Unable to init server: Could not connect: Connection refused

(DataCollector_Deterministic.py:9094): Gdk-CRITICAL **: 15:37:22.777: gdk_cursor_new_for_display: assertion 'GDK_IS_DISPLAY (display)' failed
Unable to init server: Could not connect: Connection refused
Unable to init server: Could not connect: Connection refused

(DataCollector_Deterministic.py:10007): Gdk-CRITICAL **: 15:37:22.805: gdk_cursor_new_for_display: assertion 'GDK_IS_DISPLAY (display)' failed
Unable to init server: Could not connect: Connection refused

(DataCollector_Deterministic.py:9332): Gdk-CRITICAL **: 15:37:22.870: gdk_cursor_new_for_display: assertion 'GDK_IS_DISPLAY (display)' failed

(DataCollector_Deterministic.py:10046): Gdk-CRITICAL **: 15:37:23.107: gdk_cursor_new_for_display: assertion 'GDK_IS_DISPLAY (display)' failed
Unable to init server: Could not connect: Connection refused

(DataCollector_Deterministic.py:9283): Gdk-CRITICAL **: 15:37:23.187: gdk_cursor_new_for_display: assertion 'GDK_IS_DISPLAY (display)' failed
Unable to init server: Could not connect: Connection refused

(DataCollector_Deterministic.py:9589): Gdk-CRITICAL **: 15:37:23.854: gdk_cursor_new_for_display: assertion 'GDK_IS_DISPLAY (display)' failed
Unable to init server: Could not connect: Connection refused

(DataCollector_Deterministic.py:10627): Gdk-CRITICAL **: 15:37:24.026: gdk_cursor_new_for_display: assertion 'GDK_IS_DISPLAY (display)' failed
Unable to init server: Could not connect: Connection refused

(DataCollector_Deterministic.py:10104): Gdk-CRITICAL **: 15:37:24.035: gdk_cursor_new_for_display: assertion 'GDK_IS_DISPLAY (display)' failed
Unable to init server: Could not connect: Connection refused

(DataCollector_Deterministic.py:10206): Gdk-CRITICAL **: 15:37:24.443: gdk_cursor_new_for_display: assertion 'GDK_IS_DISPLAY (display)' failed
Initalising...
Running Sim...
.Initalising...
Running Sim...
.Initalising...
Running Sim...
.Initalising...
Running Sim...
.Initalising...
Running Sim...
...Initalising...
Running Sim...
...Initalising...
Running Sim...

Data Dump...
Initalising...
Running Sim...

Data Dump...
Initalising...
Running Sim...

Data Dump...
Initalising...
Running Sim...

Data Dump...
Initalising...
Running Sim...

Data Dump...
Initalising...
Running Sim...

Data Dump...
Initalising...
Running Sim...
.Initalising...
Running Sim...

Data Dump...
Initalising...
Running Sim...

Data Dump...
Initalising...
Running Sim...

Data Dump...
Initalising...
Running Sim...

Data Dump...
Initalising...
Running Sim...

Data Dump...
Initalising...
Running Sim...
.Initalising...
Running Sim...
.Initalising...
Running Sim...
.Initalising...
Running Sim...
.Initalising...
Running Sim...
.Initalising...
Running Sim...
..Initalising...
Running Sim...
.Initalising...
Running Sim...
.Initalising...
Running Sim...
.Initalising...
Running Sim...
.Initalising...
Running Sim...
.Initalising...
Running Sim...
.Initalising...
Running Sim...
.Initalising...
Running Sim...
.Initalising...
Running Sim...
.Initalising...
Running Sim...
.Initalising...
Running Sim...
.Initalising...
Running Sim...
.Initalising...
Running Sim...
.Initalising...
Running Sim...
.Initalising...
Running Sim...
.Initalising...
Running Sim...
.Initalising...
Running Sim...
.Initalising...
Running Sim...
.Initalising...
Running Sim...
.Initalising...
Running Sim...
.Initalising...
Running Sim...
.Initalising...
Running Sim...
.Initalising...
Running Sim...
.Initalising...
Running Sim...
.Initalising...
Running Sim...
.Initalising...
Running Sim...
.Initalising...
Running Sim...
.Initalising...
Running Sim...
.Initalising...
Running Sim...
.Initalising...
Running Sim...
.Initalising...
Running Sim...
.Initalising...
Running Sim...
.Initalising...
Running Sim...
.Initalising...
Running Sim...
.Initalising...
Running Sim...
.Initalising...
Running Sim...
.Initalising...
Running Sim...
.Initalising...
Running Sim...
.Initalising...
Running Sim...
.Initalising...
Running Sim...
.Initalising...
Running Sim...
.Initalising...
Running Sim...
.Initalising...
Running Sim...
.Initalising...
Running Sim...
.Initalising...
Running Sim...
.Initalising...
Running Sim...
.Initalising...
Running Sim...
.Initalising...
Running Sim...
.Initalising...
Running Sim...
.Initalising...
Running Sim...
.Initalising...
Running Sim...
.Initalising...
Running Sim...
.Initalising...
Running Sim...
.Initalising...
Running Sim...
.Initalising...
Running Sim...
.Initalising...
Running Sim...
.Initalising...
Running Sim...
.Initalising...
Running Sim...
.Initalising...
Running Sim...
.Initalising...
Running Sim...
.Initalising...
Running Sim...
.Initalising...
Running Sim...
.Initalising...
Running Sim...
.Initalising...
Running Sim...
.Initalising...
Running Sim...
.Initalising...
Running Sim...
.Initalising...
Running Sim...
.Initalising...
Running Sim...
.Initalising...
Running Sim...
.Initalising...
Running Sim...
.Initalising...
Running Sim...
.Initalising...
Running Sim...
.Initalising...
Running Sim...
.Initalising...
Running Sim...
.Initalising...
Running Sim...
.Initalising...
Running Sim...
...........................................................................................................................................................................................................................................................................................................................................................................................................................................................................................................................................................................................................................................................................................................................................................
[1709 8671]
........................
[1734 8664]
.....
[1784 8586]
..
[1687 8695]
.
[1793 8589]
...........
[1737 8634]
.....
[1763 8629]
......
[2107 8258]
.
[2104 8290]
....
[1723 8651]
.
[1738 8668]
.....
[1722 8654]
....
[1691 8703]
...
[1987 8418]
.
[1688 8674]
.
[1709 8658]
.
[2012 8371]
.
[9153 1062]
.
[1823 8522]
.....
[2287 8111]
.
[2079 8314]
...
[2252 8148]
.
[1787 8603]
.
[2142 8285]
.
[1911 8500]
.
[2035 8370]
.
[2092 8301]
...
[1970 8429]
..
[2371 8050]
.
[2826 7583]
..
[9070 1154]
..
[2020 8355]
..
[2792 7623]
.
[2965 7430]
.
[2348 8067]
.
[8440 1823]
.
[2504 7912]
.
[9088 1133]
.
[8499 1768]
...
[2857 7585]
.
[3254 7196]
.
[2379 8025]
.
[1899 8492]
.
[2008 8349]
.
[2765 7618]
.
[2422 7968]
.
[9105 1130]
.
[8817 1427]
...
[4840 5639]
.
[2859 7520]
..
[3584 6830]
.
[3898 6579]
...
[6003 4418]
.
[5489 4937]
.
[3498 6938]
.
[7767 2609]
...
[2631 7749]
.
[2564 7819]
.
[8523 1751]
.....
[3169 7259]
...
[8148 2103]
.
[8300 1924]
.
[3075 7301]
...
[3564 6882]
.
[2859 7556]
.
[3692 6733]
.
[7138 3245]
.
[4047 6338]
.
[4904 5465]
.
[5534 4782]
..
[4623 5769]
.
[3858 6517]
....
[5235 5164]
.
[4707 5663]
.
[7064 3291]
.....
[4807 5627]
.
[5371 4990]
..
[7826 2463]
.
[8080 2162]
..
[4169 6220]
..
[5154 5251]
.
[5782 4592]
..
[5251 5117]
...
[5317 5104]
...
[7217 3143]
..
[5949 4395]
.
[5202 5156]
.......
[7667 2590]
..................
[6856 3447]
...........................................................................................................................................................................................................................................................................
Data Dump...
..........
Data Dump...
........
Data Dump...
.
Data Dump...
.
Data Dump...
..............
Data Dump...
............
Data Dump...

Data Dump...
....
Data Dump...
....
Data Dump...
........
Data Dump...
..................................................................................................
[  59 2488]
.........................................................
[  56 2459]
...............................................
Data Dump...
........
[  72 2535]
....................................
[ 109 2417]
.............
[ 127 2669]
...........
[ 183 2428]
..
[ 125 2660]
......
[2576   11]
..........
[ 184 2404]
..........
[ 145 2630]
......
[  85 2631]
..
[ 119 2617]
..
[2540   12]
......
[ 145 2559]
.
[2560   11]
......
[ 154 2567]
......
[2580    7]
....
[ 199 2148]
...
[ 173 2405]
.
[ 149 2437]
.
[ 232 2232]
.......
Data Dump...
......
[ 150 2510]
..................................
[2396   42]
....
[2550   13]
........
[2550   26]
.
[ 324 1980]
.
[ 252 2403]
...
[ 297 2275]
.........
Data Dump...
.......
[ 369 2029]
......
[ 243 2349]
........
[ 436 2056]
.
[ 479 1935]
.
[ 298 2256]
.
[2487   28]
...
[ 364 2239]
...........
[ 535 1844]
............
[2325  185]
.
[ 507 2205]
.
[2445   35]
...
[2520   35]
......................
[ 346 2110]
....
[ 356 2033]
......
[ 470 2113]
.
[2340   29]
....
[ 641 1502]
..
[ 530 1792]
....
[2436   79]
......
[2224  201]
.......
[ 687 1878]
.........
[1786  636]
..........
[ 709 1704]
........
[ 564 1880]
..
[2104  343]
.
[ 986 1125]
......
Data Dump...
....
[ 985 1594]
...
[ 441 1954]
.
[1442  956]
..
[ 655 1867]
.....
[2356   57]
...
[2201  203]
.
Data Dump...
...
[ 890 1493]
.
Data Dump...
.......
Data Dump...
...............
[1776  437]
..
[1148  990]
.....
Data Dump...

[1554  781]
..
[1399  872]
...
[1787  390]
.........
Data Dump...
.
[1683  648]
.
[1225 1057]
.
[1392  757]
.
[ 987 1239]
.....
[1894  323]
.
Data Dump...
..
[2178  161]
......
[1655  576]
...
[1326  922]
..
[1494  780]
...
Data Dump...
..........
Data Dump...
..
[1441  909]
.
Data Dump...

[1146 1089]
....
[1625  578]
...............
Data Dump...
.......
Data Dump...
....
Data Dump...
.......
Data Dump...
............
Data Dump...
..
Data Dump...
.................
Data Dump...
..............................
Data Dump...
...................
Data Dump...
.................................
Data Dump...
..................
Data Dump...
...
Data Dump...
....
Data Dump...
.................
Data Dump...
................
Data Dump...
..............
Data Dump...
...
Data Dump...
...
Data Dump...
.....
Data Dump...
...
Data Dump...
..........
Data Dump...
.....
Data Dump...
............
Data Dump...
........
Data Dump...
.......
Data Dump...
....
Data Dump...
.............
Data Dump...
..
Data Dump...
...........
Data Dump...
....
Data Dump...
.................
Data Dump...
.......
Data Dump...
....
Data Dump...
.
Data Dump...
.........
Data Dump...
......
[88 16]

Data Dump...

[34 31]

Data Dump...
...
Data Dump...
..
[74 34]

Data Dump...
.
[42 60]

Data Dump...
.
Data Dump...
.
Data Dump...
.......
[69 24]

Data Dump...
......
[66 59]

Data Dump...
.....
[91  4]

Data Dump...
.
[52 40]

Data Dump...
.......
[85 15]

Data Dump...
.
[57 54]

Data Dump...
............
[55 30]

Data Dump...
........
[49 31]

Data Dump...
.
[71 16]

Data Dump...
..
[52 23]

Data Dump...

[93 33]

Data Dump...
...
[53 36]

Data Dump...

[71  9]

Data Dump...

[76 58]

Data Dump...
....
[79 14]

Data Dump...

[55 14]

Data Dump...

[73 19]

Data Dump...
.
[58 31]

Data Dump...

[72 22]

Data Dump...
.
[57 31]

Data Dump...
.
[73 48]

Data Dump...

[50 35]

Data Dump...

[65 18]

Data Dump...
Low 1 7
Done
