Unable to init server: Could not connect: Connection refused
Unable to init server: Could not connect: Connection refused
Unable to init server: Could not connect: Connection refused

(DataCollector_Deterministic.py:10074): Gdk-CRITICAL **: 15:37:07.166: gdk_cursor_new_for_display: assertion 'GDK_IS_DISPLAY (display)' failed
Unable to init server: Could not connect: Connection refused

(DataCollector_Deterministic.py:9115): Gdk-CRITICAL **: 15:37:07.274: gdk_cursor_new_for_display: assertion 'GDK_IS_DISPLAY (display)' failed
Unable to init server: Could not connect: Connection refused
Unable to init server: Could not connect: Connection refused
Unable to init server: Could not connect: Connection refused
Unable to init server: Could not connect: Connection refused

(DataCollector_Deterministic.py:9369): Gdk-CRITICAL **: 15:37:10.442: gdk_cursor_new_for_display: assertion 'GDK_IS_DISPLAY (display)' failed
Unable to init server: Could not connect: Connection refused

(DataCollector_Deterministic.py:9781): Gdk-CRITICAL **: 15:37:10.549: gdk_cursor_new_for_display: assertion 'GDK_IS_DISPLAY (display)' failed
Unable to init server: Could not connect: Connection refused

(DataCollector_Deterministic.py:10687): Gdk-CRITICAL **: 15:37:11.016: gdk_cursor_new_for_display: assertion 'GDK_IS_DISPLAY (display)' failed
Unable to init server: Could not connect: Connection refused
Unable to init server: Could not connect: Connection refused
Unable to init server: Could not connect: Connection refused
Unable to init server: Could not connect: Connection refused
Unable to init server: Could not connect: Connection refused
Unable to init server: Could not connect: Connection refused
Unable to init server: Could not connect: Connection refused
Unable to init server: Could not connect: Connection refused
Unable to init server: Could not connect: Connection refused
Unable to init server: Could not connect: Connection refused
Unable to init server: Could not connect: Connection refused
Unable to init server: Could not connect: Connection refused
Unable to init server: Could not connect: Connection refused
Unable to init server: Could not connect: Connection refused
Unable to init server: Could not connect: Connection refused
Unable to init server: Could not connect: Connection refused
Unable to init server: Could not connect: Connection refused
Unable to init server: Could not connect: Connection refused
Unable to init server: Could not connect: Connection refused
Unable to init server: Could not connect: Connection refused
Unable to init server: Could not connect: Connection refused
Unable to init server: Could not connect: Connection refused
Unable to init server: Could not connect: Connection refused
Unable to init server: Could not connect: Connection refused
Unable to init server: Could not connect: Connection refused
Unable to init server: Could not connect: Connection refused
Unable to init server: Could not connect: Connection refused
Unable to init server: Could not connect: Connection refused
Unable to init server: Could not connect: Connection refused
Unable to init server: Could not connect: Connection refused
Unable to init server: Could not connect: Connection refused
Unable to init server: Could not connect: Connection refused
Unable to init server: Could not connect: Connection refused
Unable to init server: Could not connect: Connection refused
Unable to init server: Could not connect: Connection refused
Unable to init server: Could not connect: Connection refused
Unable to init server: Could not connect: Connection refused
Unable to init server: Could not connect: Connection refused
Unable to init server: Could not connect: Connection refused

(DataCollector_Deterministic.py:9425): Gdk-CRITICAL **: 15:37:13.243: gdk_cursor_new_for_display: assertion 'GDK_IS_DISPLAY (display)' failed
Unable to init server: Could not connect: Connection refused
Unable to init server: Could not connect: Connection refused
Unable to init server: Could not connect: Connection refused

(DataCollector_Deterministic.py:9524): Gdk-CRITICAL **: 15:37:13.473: gdk_cursor_new_for_display: assertion 'GDK_IS_DISPLAY (display)' failed
Unable to init server: Could not connect: Connection refused

(DataCollector_Deterministic.py:10591): Gdk-CRITICAL **: 15:37:13.523: gdk_cursor_new_for_display: assertion 'GDK_IS_DISPLAY (display)' failed
Unable to init server: Could not connect: Connection refused

(DataCollector_Deterministic.py:10065): Gdk-CRITICAL **: 15:37:13.556: gdk_cursor_new_for_display: assertion 'GDK_IS_DISPLAY (display)' failed
Unable to init server: Could not connect: Connection refused

(DataCollector_Deterministic.py:10056): Gdk-CRITICAL **: 15:37:13.563: gdk_cursor_new_for_display: assertion 'GDK_IS_DISPLAY (display)' failed
Unable to init server: Could not connect: Connection refused
Unable to init server: Could not connect: Connection refused

(DataCollector_Deterministic.py:10682): Gdk-CRITICAL **: 15:37:13.683: gdk_cursor_new_for_display: assertion 'GDK_IS_DISPLAY (display)' failed
Unable to init server: Could not connect: Connection refused
Unable to init server: Could not connect: Connection refused

(DataCollector_Deterministic.py:9072): Gdk-CRITICAL **: 15:37:13.755: gdk_cursor_new_for_display: assertion 'GDK_IS_DISPLAY (display)' failed
Unable to init server: Could not connect: Connection refused
Unable to init server: Could not connect: Connection refused

(DataCollector_Deterministic.py:9639): Gdk-CRITICAL **: 15:37:13.917: gdk_cursor_new_for_display: assertion 'GDK_IS_DISPLAY (display)' failed
Unable to init server: Could not connect: Connection refused

(DataCollector_Deterministic.py:10596): Gdk-CRITICAL **: 15:37:13.936: gdk_cursor_new_for_display: assertion 'GDK_IS_DISPLAY (display)' failed
Unable to init server: Could not connect: Connection refused
Unable to init server: Could not connect: Connection refused
Unable to init server: Could not connect: Connection refused

(DataCollector_Deterministic.py:9014): Gdk-CRITICAL **: 15:37:14.034: gdk_cursor_new_for_display: assertion 'GDK_IS_DISPLAY (display)' failed
Unable to init server: Could not connect: Connection refused
Unable to init server: Could not connect: Connection refused

(DataCollector_Deterministic.py:10340): Gdk-CRITICAL **: 15:37:14.230: gdk_cursor_new_for_display: assertion 'GDK_IS_DISPLAY (display)' failed

(DataCollector_Deterministic.py:10578): Gdk-CRITICAL **: 15:37:14.287: gdk_cursor_new_for_display: assertion 'GDK_IS_DISPLAY (display)' failed
Unable to init server: Could not connect: Connection refused

(DataCollector_Deterministic.py:9554): Gdk-CRITICAL **: 15:37:14.342: gdk_cursor_new_for_display: assertion 'GDK_IS_DISPLAY (display)' failed
Unable to init server: Could not connect: Connection refused

(DataCollector_Deterministic.py:10537): Gdk-CRITICAL **: 15:37:14.351: gdk_cursor_new_for_display: assertion 'GDK_IS_DISPLAY (display)' failed
Unable to init server: Could not connect: Connection refused

(DataCollector_Deterministic.py:10670): Gdk-CRITICAL **: 15:37:14.410: gdk_cursor_new_for_display: assertion 'GDK_IS_DISPLAY (display)' failed
Unable to init server: Could not connect: Connection refused

(DataCollector_Deterministic.py:9573): Gdk-CRITICAL **: 15:37:14.422: gdk_cursor_new_for_display: assertion 'GDK_IS_DISPLAY (display)' failed
Unable to init server: Could not connect: Connection refused

(DataCollector_Deterministic.py:9024): Gdk-CRITICAL **: 15:37:14.454: gdk_cursor_new_for_display: assertion 'GDK_IS_DISPLAY (display)' failed
Unable to init server: Could not connect: Connection refused
Unable to init server: Could not connect: Connection refused

(DataCollector_Deterministic.py:9154): Gdk-CRITICAL **: 15:37:14.570: gdk_cursor_new_for_display: assertion 'GDK_IS_DISPLAY (display)' failed

(DataCollector_Deterministic.py:9484): Gdk-CRITICAL **: 15:37:14.599: gdk_cursor_new_for_display: assertion 'GDK_IS_DISPLAY (display)' failed
Unable to init server: Could not connect: Connection refused

(DataCollector_Deterministic.py:10526): Gdk-CRITICAL **: 15:37:14.626: gdk_cursor_new_for_display: assertion 'GDK_IS_DISPLAY (display)' failed
Unable to init server: Could not connect: Connection refused
Unable to init server: Could not connect: Connection refused

(DataCollector_Deterministic.py:9411): Gdk-CRITICAL **: 15:37:14.671: gdk_cursor_new_for_display: assertion 'GDK_IS_DISPLAY (display)' failed
Unable to init server: Could not connect: Connection refused

(DataCollector_Deterministic.py:9190): Gdk-CRITICAL **: 15:37:14.672: gdk_cursor_new_for_display: assertion 'GDK_IS_DISPLAY (display)' failed
Unable to init server: Could not connect: Connection refused
Unable to init server: Could not connect: Connection refused

(DataCollector_Deterministic.py:9688): Gdk-CRITICAL **: 15:37:14.750: gdk_cursor_new_for_display: assertion 'GDK_IS_DISPLAY (display)' failed
Unable to init server: Could not connect: Connection refused
Unable to init server: Could not connect: Connection refused
Unable to init server: Could not connect: Connection refused

(DataCollector_Deterministic.py:9457): Gdk-CRITICAL **: 15:37:14.860: gdk_cursor_new_for_display: assertion 'GDK_IS_DISPLAY (display)' failed
Unable to init server: Could not connect: Connection refused

(DataCollector_Deterministic.py:9261): Gdk-CRITICAL **: 15:37:14.899: gdk_cursor_new_for_display: assertion 'GDK_IS_DISPLAY (display)' failed
Unable to init server: Could not connect: Connection refused

(DataCollector_Deterministic.py:9486): Gdk-CRITICAL **: 15:37:14.919: gdk_cursor_new_for_display: assertion 'GDK_IS_DISPLAY (display)' failed
Unable to init server: Could not connect: Connection refused

(DataCollector_Deterministic.py:10140): Gdk-CRITICAL **: 15:37:14.947: gdk_cursor_new_for_display: assertion 'GDK_IS_DISPLAY (display)' failed
Unable to init server: Could not connect: Connection refused

(DataCollector_Deterministic.py:10675): Gdk-CRITICAL **: 15:37:14.962: gdk_cursor_new_for_display: assertion 'GDK_IS_DISPLAY (display)' failed
Unable to init server: Could not connect: Connection refused

(DataCollector_Deterministic.py:10100): Gdk-CRITICAL **: 15:37:15.008: gdk_cursor_new_for_display: assertion 'GDK_IS_DISPLAY (display)' failed

(DataCollector_Deterministic.py:9812): Gdk-CRITICAL **: 15:37:15.048: gdk_cursor_new_for_display: assertion 'GDK_IS_DISPLAY (display)' failed
Unable to init server: Could not connect: Connection refused

(DataCollector_Deterministic.py:10066): Gdk-CRITICAL **: 15:37:15.118: gdk_cursor_new_for_display: assertion 'GDK_IS_DISPLAY (display)' failed
Unable to init server: Could not connect: Connection refused

(DataCollector_Deterministic.py:9080): Gdk-CRITICAL **: 15:37:15.124: gdk_cursor_new_for_display: assertion 'GDK_IS_DISPLAY (display)' failed

(DataCollector_Deterministic.py:9757): Gdk-CRITICAL **: 15:37:15.131: gdk_cursor_new_for_display: assertion 'GDK_IS_DISPLAY (display)' failed
Unable to init server: Could not connect: Connection refused

(DataCollector_Deterministic.py:10664): Gdk-CRITICAL **: 15:37:15.235: gdk_cursor_new_for_display: assertion 'GDK_IS_DISPLAY (display)' failed

(DataCollector_Deterministic.py:10548): Gdk-CRITICAL **: 15:37:15.236: gdk_cursor_new_for_display: assertion 'GDK_IS_DISPLAY (display)' failed
Unable to init server: Could not connect: Connection refused

(DataCollector_Deterministic.py:10553): Gdk-CRITICAL **: 15:37:15.262: gdk_cursor_new_for_display: assertion 'GDK_IS_DISPLAY (display)' failed
Unable to init server: Could not connect: Connection refused

(DataCollector_Deterministic.py:9208): Gdk-CRITICAL **: 15:37:15.299: gdk_cursor_new_for_display: assertion 'GDK_IS_DISPLAY (display)' failed
Unable to init server: Could not connect: Connection refused

(DataCollector_Deterministic.py:9117): Gdk-CRITICAL **: 15:37:15.326: gdk_cursor_new_for_display: assertion 'GDK_IS_DISPLAY (display)' failed
Unable to init server: Could not connect: Connection refused

(DataCollector_Deterministic.py:10279): Gdk-CRITICAL **: 15:37:15.374: gdk_cursor_new_for_display: assertion 'GDK_IS_DISPLAY (display)' failed
Unable to init server: Could not connect: Connection refused

(DataCollector_Deterministic.py:10667): Gdk-CRITICAL **: 15:37:15.626: gdk_cursor_new_for_display: assertion 'GDK_IS_DISPLAY (display)' failed
Unable to init server: Could not connect: Connection refused

(DataCollector_Deterministic.py:9612): Gdk-CRITICAL **: 15:37:15.751: gdk_cursor_new_for_display: assertion 'GDK_IS_DISPLAY (display)' failed
Unable to init server: Could not connect: Connection refused

(DataCollector_Deterministic.py:10522): Gdk-CRITICAL **: 15:37:15.915: gdk_cursor_new_for_display: assertion 'GDK_IS_DISPLAY (display)' failed
Unable to init server: Could not connect: Connection refused

(DataCollector_Deterministic.py:9207): Gdk-CRITICAL **: 15:37:15.986: gdk_cursor_new_for_display: assertion 'GDK_IS_DISPLAY (display)' failed
Unable to init server: Could not connect: Connection refused

(DataCollector_Deterministic.py:10067): Gdk-CRITICAL **: 15:37:16.420: gdk_cursor_new_for_display: assertion 'GDK_IS_DISPLAY (display)' failed
Unable to init server: Could not connect: Connection refused

(DataCollector_Deterministic.py:10272): Gdk-CRITICAL **: 15:37:16.538: gdk_cursor_new_for_display: assertion 'GDK_IS_DISPLAY (display)' failed
Unable to init server: Could not connect: Connection refused

(DataCollector_Deterministic.py:10325): Gdk-CRITICAL **: 15:37:16.815: gdk_cursor_new_for_display: assertion 'GDK_IS_DISPLAY (display)' failed
Unable to init server: Could not connect: Connection refused
Unable to init server: Could not connect: Connection refused

(DataCollector_Deterministic.py:9227): Gdk-CRITICAL **: 15:37:22.139: gdk_cursor_new_for_display: assertion 'GDK_IS_DISPLAY (display)' failed
Unable to init server: Could not connect: Connection refused
Unable to init server: Could not connect: Connection refused
Unable to init server: Could not connect: Connection refused
Unable to init server: Could not connect: Connection refused
Unable to init server: Could not connect: Connection refused
Unable to init server: Could not connect: Connection refused
Unable to init server: Could not connect: Connection refused
Unable to init server: Could not connect: Connection refused
Unable to init server: Could not connect: Connection refused
Unable to init server: Could not connect: Connection refused
Unable to init server: Could not connect: Connection refused
Unable to init server: Could not connect: Connection refused
Unable to init server: Could not connect: Connection refused
Unable to init server: Could not connect: Connection refused
Unable to init server: Could not connect: Connection refused
Unable to init server: Could not connect: Connection refused
Unable to init server: Could not connect: Connection refused
Unable to init server: Could not connect: Connection refused
Unable to init server: Could not connect: Connection refused
Unable to init server: Could not connect: Connection refused
Unable to init server: Could not connect: Connection refused
Unable to init server: Could not connect: Connection refused
Unable to init server: Could not connect: Connection refused
Unable to init server: Could not connect: Connection refused
Unable to init server: Could not connect: Connection refused
Unable to init server: Could not connect: Connection refused
Unable to init server: Could not connect: Connection refused
Unable to init server: Could not connect: Connection refused
Unable to init server: Could not connect: Connection refused
Unable to init server: Could not connect: Connection refused
Unable to init server: Could not connect: Connection refused
Unable to init server: Could not connect: Connection refused
Unable to init server: Could not connect: Connection refused
Unable to init server: Could not connect: Connection refused
Unable to init server: Could not connect: Connection refused
Unable to init server: Could not connect: Connection refused

(DataCollector_Deterministic.py:10072): Gdk-CRITICAL **: 15:37:24.835: gdk_cursor_new_for_display: assertion 'GDK_IS_DISPLAY (display)' failed
Unable to init server: Could not connect: Connection refused
Unable to init server: Could not connect: Connection refused
Unable to init server: Could not connect: Connection refused

(DataCollector_Deterministic.py:10159): Gdk-CRITICAL **: 15:37:24.871: gdk_cursor_new_for_display: assertion 'GDK_IS_DISPLAY (display)' failed
Unable to init server: Could not connect: Connection refused
Unable to init server: Could not connect: Connection refused
Unable to init server: Could not connect: Connection refused
Unable to init server: Could not connect: Connection refused
Unable to init server: Could not connect: Connection refused

(DataCollector_Deterministic.py:10321): Gdk-CRITICAL **: 15:37:25.039: gdk_cursor_new_for_display: assertion 'GDK_IS_DISPLAY (display)' failed
Unable to init server: Could not connect: Connection refused
Unable to init server: Could not connect: Connection refused
Unable to init server: Could not connect: Connection refused

(DataCollector_Deterministic.py:9164): Gdk-CRITICAL **: 15:37:25.075: gdk_cursor_new_for_display: assertion 'GDK_IS_DISPLAY (display)' failed
Unable to init server: Could not connect: Connection refused
Unable to init server: Could not connect: Connection refused
Unable to init server: Could not connect: Connection refused

(DataCollector_Deterministic.py:9770): Gdk-CRITICAL **: 15:37:25.142: gdk_cursor_new_for_display: assertion 'GDK_IS_DISPLAY (display)' failed
Unable to init server: Could not connect: Connection refused
Unable to init server: Could not connect: Connection refused

(DataCollector_Deterministic.py:10697): Gdk-CRITICAL **: 15:37:25.187: gdk_cursor_new_for_display: assertion 'GDK_IS_DISPLAY (display)' failed
Unable to init server: Could not connect: Connection refused

(DataCollector_Deterministic.py:9900): Gdk-CRITICAL **: 15:37:25.227: gdk_cursor_new_for_display: assertion 'GDK_IS_DISPLAY (display)' failed
Unable to init server: Could not connect: Connection refused

(DataCollector_Deterministic.py:9676): Gdk-CRITICAL **: 15:37:25.406: gdk_cursor_new_for_display: assertion 'GDK_IS_DISPLAY (display)' failed
Unable to init server: Could not connect: Connection refused

(DataCollector_Deterministic.py:9783): Gdk-CRITICAL **: 15:37:25.494: gdk_cursor_new_for_display: assertion 'GDK_IS_DISPLAY (display)' failed
Unable to init server: Could not connect: Connection refused
Unable to init server: Could not connect: Connection refused

(DataCollector_Deterministic.py:10155): Gdk-CRITICAL **: 15:37:25.646: gdk_cursor_new_for_display: assertion 'GDK_IS_DISPLAY (display)' failed
Unable to init server: Could not connect: Connection refused

(DataCollector_Deterministic.py:9933): Gdk-CRITICAL **: 15:37:25.670: gdk_cursor_new_for_display: assertion 'GDK_IS_DISPLAY (display)' failed
Unable to init server: Could not connect: Connection refused
Unable to init server: Could not connect: Connection refused
Unable to init server: Could not connect: Connection refused

(DataCollector_Deterministic.py:9598): Gdk-CRITICAL **: 15:37:25.874: gdk_cursor_new_for_display: assertion 'GDK_IS_DISPLAY (display)' failed

(DataCollector_Deterministic.py:9259): Gdk-CRITICAL **: 15:37:26.003: gdk_cursor_new_for_display: assertion 'GDK_IS_DISPLAY (display)' failed
Unable to init server: Could not connect: Connection refused

(DataCollector_Deterministic.py:10094): Gdk-CRITICAL **: 15:37:26.112: gdk_cursor_new_for_display: assertion 'GDK_IS_DISPLAY (display)' failed
Unable to init server: Could not connect: Connection refused
Unable to init server: Could not connect: Connection refused

(DataCollector_Deterministic.py:10077): Gdk-CRITICAL **: 15:37:26.270: gdk_cursor_new_for_display: assertion 'GDK_IS_DISPLAY (display)' failed
Unable to init server: Could not connect: Connection refused

(DataCollector_Deterministic.py:9107): Gdk-CRITICAL **: 15:37:26.398: gdk_cursor_new_for_display: assertion 'GDK_IS_DISPLAY (display)' failed
Unable to init server: Could not connect: Connection refused

(DataCollector_Deterministic.py:9958): Gdk-CRITICAL **: 15:37:26.431: gdk_cursor_new_for_display: assertion 'GDK_IS_DISPLAY (display)' failed
Unable to init server: Could not connect: Connection refused

(DataCollector_Deterministic.py:9224): Gdk-CRITICAL **: 15:37:26.503: gdk_cursor_new_for_display: assertion 'GDK_IS_DISPLAY (display)' failed
Unable to init server: Could not connect: Connection refused

(DataCollector_Deterministic.py:9923): Gdk-CRITICAL **: 15:37:26.536: gdk_cursor_new_for_display: assertion 'GDK_IS_DISPLAY (display)' failed
Unable to init server: Could not connect: Connection refused

(DataCollector_Deterministic.py:9748): Gdk-CRITICAL **: 15:37:26.570: gdk_cursor_new_for_display: assertion 'GDK_IS_DISPLAY (display)' failed
Unable to init server: Could not connect: Connection refused

(DataCollector_Deterministic.py:10603): Gdk-CRITICAL **: 15:37:26.609: gdk_cursor_new_for_display: assertion 'GDK_IS_DISPLAY (display)' failed
Unable to init server: Could not connect: Connection refused

(DataCollector_Deterministic.py:10248): Gdk-CRITICAL **: 15:37:26.654: gdk_cursor_new_for_display: assertion 'GDK_IS_DISPLAY (display)' failed
Unable to init server: Could not connect: Connection refused

(DataCollector_Deterministic.py:10347): Gdk-CRITICAL **: 15:37:26.683: gdk_cursor_new_for_display: assertion 'GDK_IS_DISPLAY (display)' failed
Unable to init server: Could not connect: Connection refused

(DataCollector_Deterministic.py:10257): Gdk-CRITICAL **: 15:37:26.703: gdk_cursor_new_for_display: assertion 'GDK_IS_DISPLAY (display)' failed
Unable to init server: Could not connect: Connection refused

(DataCollector_Deterministic.py:10101): Gdk-CRITICAL **: 15:37:26.717: gdk_cursor_new_for_display: assertion 'GDK_IS_DISPLAY (display)' failed
Unable to init server: Could not connect: Connection refused

(DataCollector_Deterministic.py:10313): Gdk-CRITICAL **: 15:37:26.734: gdk_cursor_new_for_display: assertion 'GDK_IS_DISPLAY (display)' failed
Unable to init server: Could not connect: Connection refused

(DataCollector_Deterministic.py:9158): Gdk-CRITICAL **: 15:37:26.762: gdk_cursor_new_for_display: assertion 'GDK_IS_DISPLAY (display)' failed
Unable to init server: Could not connect: Connection refused
Unable to init server: Could not connect: Connection refused

(DataCollector_Deterministic.py:9654): Gdk-CRITICAL **: 15:37:26.789: gdk_cursor_new_for_display: assertion 'GDK_IS_DISPLAY (display)' failed
Unable to init server: Could not connect: Connection refused

(DataCollector_Deterministic.py:9372): Gdk-CRITICAL **: 15:37:26.810: gdk_cursor_new_for_display: assertion 'GDK_IS_DISPLAY (display)' failed
Unable to init server: Could not connect: Connection refused

(DataCollector_Deterministic.py:9375): Gdk-CRITICAL **: 15:37:26.822: gdk_cursor_new_for_display: assertion 'GDK_IS_DISPLAY (display)' failed
Unable to init server: Could not connect: Connection refused

(DataCollector_Deterministic.py:9096): Gdk-CRITICAL **: 15:37:26.851: gdk_cursor_new_for_display: assertion 'GDK_IS_DISPLAY (display)' failed
Unable to init server: Could not connect: Connection refused

(DataCollector_Deterministic.py:10150): Gdk-CRITICAL **: 15:37:26.891: gdk_cursor_new_for_display: assertion 'GDK_IS_DISPLAY (display)' failed
Unable to init server: Could not connect: Connection refused

(DataCollector_Deterministic.py:9041): Gdk-CRITICAL **: 15:37:26.915: gdk_cursor_new_for_display: assertion 'GDK_IS_DISPLAY (display)' failed
Unable to init server: Could not connect: Connection refused
Unable to init server: Could not connect: Connection refused

(DataCollector_Deterministic.py:10283): Gdk-CRITICAL **: 15:37:26.964: gdk_cursor_new_for_display: assertion 'GDK_IS_DISPLAY (display)' failed
Unable to init server: Could not connect: Connection refused

(DataCollector_Deterministic.py:9790): Gdk-CRITICAL **: 15:37:27.035: gdk_cursor_new_for_display: assertion 'GDK_IS_DISPLAY (display)' failed
Unable to init server: Could not connect: Connection refused

(DataCollector_Deterministic.py:9210): Gdk-CRITICAL **: 15:37:27.039: gdk_cursor_new_for_display: assertion 'GDK_IS_DISPLAY (display)' failed
Unable to init server: Could not connect: Connection refused

(DataCollector_Deterministic.py:10677): Gdk-CRITICAL **: 15:37:27.134: gdk_cursor_new_for_display: assertion 'GDK_IS_DISPLAY (display)' failed

(DataCollector_Deterministic.py:9947): Gdk-CRITICAL **: 15:37:27.180: gdk_cursor_new_for_display: assertion 'GDK_IS_DISPLAY (display)' failed
Unable to init server: Could not connect: Connection refused

(DataCollector_Deterministic.py:10696): Gdk-CRITICAL **: 15:37:27.185: gdk_cursor_new_for_display: assertion 'GDK_IS_DISPLAY (display)' failed
Unable to init server: Could not connect: Connection refused

(DataCollector_Deterministic.py:10698): Gdk-CRITICAL **: 15:37:27.246: gdk_cursor_new_for_display: assertion 'GDK_IS_DISPLAY (display)' failed

(DataCollector_Deterministic.py:9952): Gdk-CRITICAL **: 15:37:27.303: gdk_cursor_new_for_display: assertion 'GDK_IS_DISPLAY (display)' failed

(DataCollector_Deterministic.py:9780): Gdk-CRITICAL **: 15:37:27.343: gdk_cursor_new_for_display: assertion 'GDK_IS_DISPLAY (display)' failed
Unable to init server: Could not connect: Connection refused

(DataCollector_Deterministic.py:9378): Gdk-CRITICAL **: 15:37:27.447: gdk_cursor_new_for_display: assertion 'GDK_IS_DISPLAY (display)' failed
Unable to init server: Could not connect: Connection refused

(DataCollector_Deterministic.py:10544): Gdk-CRITICAL **: 15:37:27.452: gdk_cursor_new_for_display: assertion 'GDK_IS_DISPLAY (display)' failed
Unable to init server: Could not connect: Connection refused

(DataCollector_Deterministic.py:9461): Gdk-CRITICAL **: 15:37:27.512: gdk_cursor_new_for_display: assertion 'GDK_IS_DISPLAY (display)' failed
Unable to init server: Could not connect: Connection refused

(DataCollector_Deterministic.py:9545): Gdk-CRITICAL **: 15:37:27.560: gdk_cursor_new_for_display: assertion 'GDK_IS_DISPLAY (display)' failed
Unable to init server: Could not connect: Connection refused

(DataCollector_Deterministic.py:9793): Gdk-CRITICAL **: 15:37:27.663: gdk_cursor_new_for_display: assertion 'GDK_IS_DISPLAY (display)' failed
Unable to init server: Could not connect: Connection refused

(DataCollector_Deterministic.py:9798): Gdk-CRITICAL **: 15:37:28.064: gdk_cursor_new_for_display: assertion 'GDK_IS_DISPLAY (display)' failed
Initalising...
Running Sim...
.Initalising...
Running Sim...
.Initalising...
Running Sim...
.Initalising...
Running Sim...
.Initalising...
Running Sim...
.Initalising...
Running Sim...
.Initalising...
Running Sim...

Data Dump...
Initalising...
Running Sim...

Data Dump...
Initalising...
Running Sim...
.Initalising...
Running Sim...
.Initalising...
Running Sim...
.Initalising...
Running Sim...

Data Dump...
Initalising...
Running Sim...
.Initalising...
Running Sim...
.Initalising...
Running Sim...

Data Dump...
Initalising...
Running Sim...

Data Dump...
Initalising...
Running Sim...
.Initalising...
Running Sim...
.Initalising...
Running Sim...
.Initalising...
Running Sim...

Data Dump...
Initalising...
Running Sim...

Data Dump...
Initalising...
Running Sim...

Data Dump...
Initalising...
Running Sim...

Data Dump...
Initalising...
Running Sim...
.Initalising...
Running Sim...
.Initalising...
Running Sim...
.Initalising...
Running Sim...
.Initalising...
Running Sim...
.Initalising...
Running Sim...
...Initalising...
Running Sim...
.Initalising...
Running Sim...
.Initalising...
Running Sim...
.Initalising...
Running Sim...
.Initalising...
Running Sim...
.Initalising...
Running Sim...
.Initalising...
Running Sim...
.Initalising...
Running Sim...
...Initalising...
Running Sim...
.Initalising...
Running Sim...
.Initalising...
Running Sim...
.Initalising...
Running Sim...
.Initalising...
Running Sim...
.Initalising...
Running Sim...
.Initalising...
Running Sim...
.Initalising...
Running Sim...
.Initalising...
Running Sim...
.Initalising...
Running Sim...
.Initalising...
Running Sim...
.Initalising...
Running Sim...
.Initalising...
Running Sim...
.Initalising...
Running Sim...
.Initalising...
Running Sim...
.Initalising...
Running Sim...
.Initalising...
Running Sim...
.Initalising...
Running Sim...
.Initalising...
Running Sim...
.Initalising...
Running Sim...
.Initalising...
Running Sim...
.Initalising...
Running Sim...
.Initalising...
Running Sim...
.Initalising...
Running Sim...
.Initalising...
Running Sim...
.Initalising...
Running Sim...
.Initalising...
Running Sim...
.Initalising...
Running Sim...
.Initalising...
Running Sim...
.Initalising...
Running Sim...
.Initalising...
Running Sim...
.Initalising...
Running Sim...
.Initalising...
Running Sim...
.Initalising...
Running Sim...
.Initalising...
Running Sim...
.Initalising...
Running Sim...
.Initalising...
Running Sim...
.Initalising...
Running Sim...
.Initalising...
Running Sim...
.Initalising...
Running Sim...
.Initalising...
Running Sim...
.Initalising...
Running Sim...
.Initalising...
Running Sim...
.Initalising...
Running Sim...
.Initalising...
Running Sim...
.Initalising...
Running Sim...
.Initalising...
Running Sim...
.Initalising...
Running Sim...
.Initalising...
Running Sim...
.Initalising...
Running Sim...
.Initalising...
Running Sim...
.Initalising...
Running Sim...
.Initalising...
Running Sim...
.Initalising...
Running Sim...
.Initalising...
Running Sim...
.Initalising...
Running Sim...
.Initalising...
Running Sim...
.Initalising...
Running Sim...
.Initalising...
Running Sim...
.Initalising...
Running Sim...
.Initalising...
Running Sim...
.Initalising...
Running Sim...
.Initalising...
Running Sim...
..................................................................................................................................................................................................................................................................................................................................................................................................................................................................................................................................................................................................................................................................................................................................................................................
[1735 9811]
......................
[1719 9802]
...
[1665 9790]
.........
[1745 9818]
..............
[1743 9820]
....
[1832 9634]
....
[2252 9129]
.
[1874 9644]
.
[2367 8941]
.
[2350 9024]
..
[1805 9636]
.
[1900 9625]
..
[1948 9507]
...
[9502 1377]
..
[1691 9811]
..
[9865 1115]
..
[9227 1754]
.....
[1952 9474]
.
[2409 8864]
.
[1775 9822]
..
[2213 9106]
..
[2279 8976]
.
[2035 9451]
.
[2256 9168]
.
[2226 9092]
.
[2738 8439]
.
[9234 1611]
.
[2361 8902]
.
[1780 9714]
.
[1751 9748]
..
[2035 9354]
.
[2402 8899]
.
[9185 1520]
.
[9113 1623]
..
[2119 9252]
.
[9869  996]
.
[2791 8488]
..
[2014 9449]
.
[2596 8607]
.
[2849 8424]
.
[2769 8431]
.
[9550 1207]
.
[3252 7970]
.
[2200 9171]
.
[8782 2022]
.
[2811 8440]
.
[9167 1548]
.
[3223 7950]
.
[3863 7175]
.
[3761 7302]
.
[2998 8155]
..
[2682 8507]
.
[3442 7643]
.
[4348 6677]
.
[3198 7966]
..
[7925 2773]
.
[3488 7569]
...
[3783 7255]
.
[7968 2866]
.
[3908 7155]
.
[3665 7335]
..
[8881 1962]
.
[3580 7454]
.......
[3293 7762]
..
[4018 7046]
..
[3451 7589]
....
[6818 4098]
.
[6032 5039]
.
[8395 2280]
..
[6255 4728]
..
[4654 6313]
.
[4630 6315]
......
[7333 3538]
....
[4917 6173]
.
[4667 6270]
...
[4778 6069]
.
[4563 6289]
...
[5794 5073]
...
[7141 3570]
...
[4728 6149]
..
[7361 3324]
..
[7535 3063]
.
[7100 3530]
..
[6404 4442]
..
[5773 5018]
.
[6121 4650]
..
[6674 4117]
.
[7012 3788]
.
[5340 5504]
.
[5843 4977]
.....
[7493 3199]
......................................................................................................................................................................................................................................................
Data Dump...
............................
Data Dump...
.
Data Dump...
.....
Data Dump...
...........................................
Data Dump...
.......................
Data Dump...
.................................................................................................................................................................................................................................
[ 106 5269]
...............................
[5128   17]
..........
[ 145 4983]
.....
[ 173 4923]
..............
[ 194 4696]
......
[ 176 4844]
.....
[5062   13]
.
[ 130 5186]
..........
[ 164 4886]
.....
[ 229 4520]
...............
[ 216 4650]
.
[4067   43]
.............
[ 234 4212]
.......
[ 320 3963]
........
[ 242 4469]
.
[3944   59]
.
[ 387 3700]
........
[3897   94]
....
[ 234 4352]
........
[3790   26]
..
[3799   37]
...
[ 374 3755]
....
[4137   16]
....
[ 350 3799]
.
[ 380 3592]
...
[ 386 3928]
.......
[3724   37]
.
[ 262 4274]
..
[ 399 3620]
.....
[ 496 3188]
.....
[ 308 4028]
............
[3523   88]
..
[ 542 3010]
.
[ 655 2882]
.......
[ 505 3483]
...
[ 589 3019]
.....
[ 513 3324]
.
[ 634 2596]
...................
[3542  101]
....
[3119  146]
.
[ 802 2463]
........
[ 687 3157]
....
[ 728 2866]
.....
[3356   63]
..
[1097 2191]
..
[ 557 3141]
...
[3117  232]
..
[ 646 3220]
......
[ 637 2900]
....
[ 827 2535]
..
[1022 2197]
..
[1053 2189]
...
[ 963 2428]
..........
[1047 2146]
.
[1193 2128]
.....
[ 968 2302]
.....
[2869  237]
.
[ 992 2383]
.....
[2924  200]
...
[1044 2160]
.
[2793  406]
.....
[2982  112]
..
[2876  116]
.....
[2380  865]
..
[1058 2338]
.....
[ 987 2189]
....
[2120 1034]
.
[ 953 2238]
..
[2586  485]
.......
[2955  177]
...
[1506 1600]
..
[2110  889]
.
[2713  392]
..
[1882 1503]
.
[1445 1798]
.......
[2380  725]
..
[2317  570]
..
[1533 1552]
.......
[1506 1340]
.
[1649 1325]
...
[2241  667]
...............
[1740 1058]
..
[2175  820]
.......
[1858 1066]
.....
[1361 2052]
............................................................................................................................................................................................................................................................................................................................................................
[ 52 325]
..................................................
[ 48 450]
....
[357  13]
......................
[ 57 453]
...............
[ 52 484]
....
[ 71 358]
.....
[ 55 454]
.........................................
[336   9]
.....
[ 67 379]
....
[ 57 267]
.
[ 63 445]
..................
[248   9]
.....
[ 80 327]
....
[ 58 259]
............
[ 79 240]
......................
[230  17]
...
[ 73 418]
.................
[221   6]
..
[ 83 239]
.
[ 69 309]
....
[ 50 407]
....
[227  12]
.....
[215  11]
.....
[ 76 190]
....
[103 267]
..
[75 82]
.........
[ 79 210]
....
[226   6]
.
[ 81 124]
...
[217   8]
.
[100  92]
..........
[ 72 310]
...
[ 77 314]
..
[ 83 268]
...
[197  16]
............
[ 71 137]
................
[ 80 211]
..........
[89 36]
..
[178   7]
.....
[104 197]
..
[102 107]
.....
[97 53]
.....
[103 254]
.
[120  96]
.........
[101 138]
....
[119  84]
.
[124 134]
.............
[189  21]
.....
[179  15]
.
[98 81]
..........
[119  86]
....
[ 88 257]
.....
[ 86 105]
.....
[211   4]
......
[ 97 104]
..
[115 120]
..
[ 86 141]
....
[155  14]
.......
Data Dump...
..
[104  82]
......................
[168  13]
...
[152  28]
.....
Data Dump...
...
[138  64]
.
[144  60]
....
[175  12]
........
[117 121]
..
[141   4]
..
[131  46]
..
Data Dump...

[116  67]
..
[170  25]
..
[122  84]
....
[111  62]
.
[109  65]
.....
[156  20]
...
[130  36]
.......
Data Dump...

[158  21]
..
[169  35]
....
[153 157]
....
[115  85]
...............
Data Dump...
...............
Data Dump...
.
[178  19]
..
Data Dump...
.
[122  49]
..
[129  25]
......
[169  23]
.............
[142  39]
.............
[137  42]
.............................
Data Dump...
..............
Data Dump...
..
[111 158]
.
Data Dump...
...
Data Dump...
....................
Data Dump...
..............
Data Dump...
......
Data Dump...
....
Data Dump...
...............
Data Dump...
........................
Data Dump...
.....
Data Dump...
.
Data Dump...
....
Data Dump...
.........
Data Dump...
..
Data Dump...
...........
Data Dump...
...........
Data Dump...
.........
Data Dump...
.......
Data Dump...

Data Dump...
....
Data Dump...
.............
Data Dump...
.
Data Dump...

Data Dump...
..
Data Dump...
.
Data Dump...
....
Data Dump...
......
Data Dump...
..............
Data Dump...
.............
Data Dump...
...........
Data Dump...
.
Data Dump...
.
Data Dump...
......
Data Dump...

Data Dump...
.......
Data Dump...
......
Data Dump...
.........
Data Dump...

Data Dump...
.
Data Dump...
.....
Data Dump...
........
Data Dump...
.
Data Dump...
...
Data Dump...
...
Data Dump...
...........
Data Dump...
.
Data Dump...
..
Data Dump...

Data Dump...

Data Dump...
......
Data Dump...
..
Data Dump...
...............
Data Dump...
.....
Data Dump...
....
Data Dump...
.
Data Dump...

Data Dump...
..
Data Dump...

Data Dump...
..
Data Dump...
...
Data Dump...

Data Dump...

Data Dump...

Data Dump...

Data Dump...
.
Data Dump...

Data Dump...

Data Dump...
.
Data Dump...
...
Data Dump...

Data Dump...
...
Data Dump...
.
Data Dump...
.
Data Dump...

Data Dump...
.
Data Dump...

Data Dump...
.
Data Dump...
Low 1 1
Done
