Unable to init server: Could not connect: Connection refused
Unable to init server: Could not connect: Connection refused
Unable to init server: Could not connect: Connection refused
Unable to init server: Could not connect: Connection refused
Unable to init server: Could not connect: Connection refused

(DataCollector_Deterministic.py:10535): Gdk-CRITICAL **: 15:37:10.500: gdk_cursor_new_for_display: assertion 'GDK_IS_DISPLAY (display)' failed
Unable to init server: Could not connect: Connection refused

(DataCollector_Deterministic.py:9146): Gdk-CRITICAL **: 15:37:10.565: gdk_cursor_new_for_display: assertion 'GDK_IS_DISPLAY (display)' failed
Unable to init server: Could not connect: Connection refused

(DataCollector_Deterministic.py:9193): Gdk-CRITICAL **: 15:37:10.730: gdk_cursor_new_for_display: assertion 'GDK_IS_DISPLAY (display)' failed
Unable to init server: Could not connect: Connection refused

(DataCollector_Deterministic.py:10292): Gdk-CRITICAL **: 15:37:10.758: gdk_cursor_new_for_display: assertion 'GDK_IS_DISPLAY (display)' failed
Unable to init server: Could not connect: Connection refused
Unable to init server: Could not connect: Connection refused
Unable to init server: Could not connect: Connection refused
Unable to init server: Could not connect: Connection refused
Unable to init server: Could not connect: Connection refused
Unable to init server: Could not connect: Connection refused
Unable to init server: Could not connect: Connection refused
Unable to init server: Could not connect: Connection refused
Unable to init server: Could not connect: Connection refused
Unable to init server: Could not connect: Connection refused

(DataCollector_Deterministic.py:9187): Gdk-CRITICAL **: 15:37:14.894: gdk_cursor_new_for_display: assertion 'GDK_IS_DISPLAY (display)' failed
Unable to init server: Could not connect: Connection refused
Unable to init server: Could not connect: Connection refused
Unable to init server: Could not connect: Connection refused
Unable to init server: Could not connect: Connection refused
Unable to init server: Could not connect: Connection refused
Unable to init server: Could not connect: Connection refused

(DataCollector_Deterministic.py:10339): Gdk-CRITICAL **: 15:37:15.243: gdk_cursor_new_for_display: assertion 'GDK_IS_DISPLAY (display)' failed
Unable to init server: Could not connect: Connection refused
Unable to init server: Could not connect: Connection refused
Unable to init server: Could not connect: Connection refused
Unable to init server: Could not connect: Connection refused
Unable to init server: Could not connect: Connection refused

(DataCollector_Deterministic.py:9800): Gdk-CRITICAL **: 15:37:15.378: gdk_cursor_new_for_display: assertion 'GDK_IS_DISPLAY (display)' failed
Unable to init server: Could not connect: Connection refused
Unable to init server: Could not connect: Connection refused

(DataCollector_Deterministic.py:10297): Gdk-CRITICAL **: 15:37:15.572: gdk_cursor_new_for_display: assertion 'GDK_IS_DISPLAY (display)' failed
Unable to init server: Could not connect: Connection refused

(DataCollector_Deterministic.py:9574): Gdk-CRITICAL **: 15:37:15.585: gdk_cursor_new_for_display: assertion 'GDK_IS_DISPLAY (display)' failed
Unable to init server: Could not connect: Connection refused
Unable to init server: Could not connect: Connection refused

(DataCollector_Deterministic.py:9311): Gdk-CRITICAL **: 15:37:15.799: gdk_cursor_new_for_display: assertion 'GDK_IS_DISPLAY (display)' failed
Unable to init server: Could not connect: Connection refused
Unable to init server: Could not connect: Connection refused
Unable to init server: Could not connect: Connection refused

(DataCollector_Deterministic.py:10221): Gdk-CRITICAL **: 15:37:16.002: gdk_cursor_new_for_display: assertion 'GDK_IS_DISPLAY (display)' failed
Unable to init server: Could not connect: Connection refused
Unable to init server: Could not connect: Connection refused
Unable to init server: Could not connect: Connection refused
Unable to init server: Could not connect: Connection refused
Unable to init server: Could not connect: Connection refused
Unable to init server: Could not connect: Connection refused

(DataCollector_Deterministic.py:9825): Gdk-CRITICAL **: 15:37:16.531: gdk_cursor_new_for_display: assertion 'GDK_IS_DISPLAY (display)' failed
Unable to init server: Could not connect: Connection refused

(DataCollector_Deterministic.py:9683): Gdk-CRITICAL **: 15:37:16.695: gdk_cursor_new_for_display: assertion 'GDK_IS_DISPLAY (display)' failed
Unable to init server: Could not connect: Connection refused
Unable to init server: Could not connect: Connection refused
Unable to init server: Could not connect: Connection refused
Unable to init server: Could not connect: Connection refused
Unable to init server: Could not connect: Connection refused
Unable to init server: Could not connect: Connection refused
Unable to init server: Could not connect: Connection refused

(DataCollector_Deterministic.py:9385): Gdk-CRITICAL **: 15:37:17.078: gdk_cursor_new_for_display: assertion 'GDK_IS_DISPLAY (display)' failed
Unable to init server: Could not connect: Connection refused

(DataCollector_Deterministic.py:9504): Gdk-CRITICAL **: 15:37:17.114: gdk_cursor_new_for_display: assertion 'GDK_IS_DISPLAY (display)' failed
Unable to init server: Could not connect: Connection refused

(DataCollector_Deterministic.py:9172): Gdk-CRITICAL **: 15:37:17.169: gdk_cursor_new_for_display: assertion 'GDK_IS_DISPLAY (display)' failed
Unable to init server: Could not connect: Connection refused
Unable to init server: Could not connect: Connection refused

(DataCollector_Deterministic.py:9628): Gdk-CRITICAL **: 15:37:17.210: gdk_cursor_new_for_display: assertion 'GDK_IS_DISPLAY (display)' failed
Unable to init server: Could not connect: Connection refused

(DataCollector_Deterministic.py:10636): Gdk-CRITICAL **: 15:37:17.259: gdk_cursor_new_for_display: assertion 'GDK_IS_DISPLAY (display)' failed
Unable to init server: Could not connect: Connection refused
Unable to init server: Could not connect: Connection refused

(DataCollector_Deterministic.py:9602): Gdk-CRITICAL **: 15:37:17.313: gdk_cursor_new_for_display: assertion 'GDK_IS_DISPLAY (display)' failed
Unable to init server: Could not connect: Connection refused
Unable to init server: Could not connect: Connection refused
Unable to init server: Could not connect: Connection refused

(DataCollector_Deterministic.py:9317): Gdk-CRITICAL **: 15:37:17.370: gdk_cursor_new_for_display: assertion 'GDK_IS_DISPLAY (display)' failed
Unable to init server: Could not connect: Connection refused

(DataCollector_Deterministic.py:9035): Gdk-CRITICAL **: 15:37:17.398: gdk_cursor_new_for_display: assertion 'GDK_IS_DISPLAY (display)' failed
Unable to init server: Could not connect: Connection refused

(DataCollector_Deterministic.py:9219): Gdk-CRITICAL **: 15:37:17.448: gdk_cursor_new_for_display: assertion 'GDK_IS_DISPLAY (display)' failed
Unable to init server: Could not connect: Connection refused
Unable to init server: Could not connect: Connection refused

(DataCollector_Deterministic.py:9855): Gdk-CRITICAL **: 15:37:17.675: gdk_cursor_new_for_display: assertion 'GDK_IS_DISPLAY (display)' failed
Unable to init server: Could not connect: Connection refused

(DataCollector_Deterministic.py:9879): Gdk-CRITICAL **: 15:37:17.698: gdk_cursor_new_for_display: assertion 'GDK_IS_DISPLAY (display)' failed
Unable to init server: Could not connect: Connection refused
Unable to init server: Could not connect: Connection refused
Unable to init server: Could not connect: Connection refused
Unable to init server: Could not connect: Connection refused
Unable to init server: Could not connect: Connection refused
Unable to init server: Could not connect: Connection refused
Unable to init server: Could not connect: Connection refused

(DataCollector_Deterministic.py:9282): Gdk-CRITICAL **: 15:37:17.914: gdk_cursor_new_for_display: assertion 'GDK_IS_DISPLAY (display)' failed
Unable to init server: Could not connect: Connection refused
Unable to init server: Could not connect: Connection refused

(DataCollector_Deterministic.py:9474): Gdk-CRITICAL **: 15:37:17.934: gdk_cursor_new_for_display: assertion 'GDK_IS_DISPLAY (display)' failed
Unable to init server: Could not connect: Connection refused
Unable to init server: Could not connect: Connection refused
Unable to init server: Could not connect: Connection refused
Unable to init server: Could not connect: Connection refused

(DataCollector_Deterministic.py:10564): Gdk-CRITICAL **: 15:37:18.086: gdk_cursor_new_for_display: assertion 'GDK_IS_DISPLAY (display)' failed

(DataCollector_Deterministic.py:10195): Gdk-CRITICAL **: 15:37:18.108: gdk_cursor_new_for_display: assertion 'GDK_IS_DISPLAY (display)' failed
Unable to init server: Could not connect: Connection refused
Unable to init server: Could not connect: Connection refused

(DataCollector_Deterministic.py:9998): Gdk-CRITICAL **: 15:37:18.455: gdk_cursor_new_for_display: assertion 'GDK_IS_DISPLAY (display)' failed
Unable to init server: Could not connect: Connection refused
Unable to init server: Could not connect: Connection refused
Unable to init server: Could not connect: Connection refused
Unable to init server: Could not connect: Connection refused

(DataCollector_Deterministic.py:9330): Gdk-CRITICAL **: 15:37:18.646: gdk_cursor_new_for_display: assertion 'GDK_IS_DISPLAY (display)' failed
Unable to init server: Could not connect: Connection refused
Unable to init server: Could not connect: Connection refused
Unable to init server: Could not connect: Connection refused
Unable to init server: Could not connect: Connection refused

(DataCollector_Deterministic.py:9733): Gdk-CRITICAL **: 15:37:18.815: gdk_cursor_new_for_display: assertion 'GDK_IS_DISPLAY (display)' failed
Unable to init server: Could not connect: Connection refused

(DataCollector_Deterministic.py:9238): Gdk-CRITICAL **: 15:37:18.822: gdk_cursor_new_for_display: assertion 'GDK_IS_DISPLAY (display)' failed
Unable to init server: Could not connect: Connection refused
Unable to init server: Could not connect: Connection refused

(DataCollector_Deterministic.py:9763): Gdk-CRITICAL **: 15:37:18.968: gdk_cursor_new_for_display: assertion 'GDK_IS_DISPLAY (display)' failed
Unable to init server: Could not connect: Connection refused

(DataCollector_Deterministic.py:9249): Gdk-CRITICAL **: 15:37:19.032: gdk_cursor_new_for_display: assertion 'GDK_IS_DISPLAY (display)' failed
Unable to init server: Could not connect: Connection refused

(DataCollector_Deterministic.py:9956): Gdk-CRITICAL **: 15:37:19.074: gdk_cursor_new_for_display: assertion 'GDK_IS_DISPLAY (display)' failed
Unable to init server: Could not connect: Connection refused

(DataCollector_Deterministic.py:10012): Gdk-CRITICAL **: 15:37:19.096: gdk_cursor_new_for_display: assertion 'GDK_IS_DISPLAY (display)' failed
Unable to init server: Could not connect: Connection refused

(DataCollector_Deterministic.py:9267): Gdk-CRITICAL **: 15:37:19.183: gdk_cursor_new_for_display: assertion 'GDK_IS_DISPLAY (display)' failed
Unable to init server: Could not connect: Connection refused

(DataCollector_Deterministic.py:10229): Gdk-CRITICAL **: 15:37:19.230: gdk_cursor_new_for_display: assertion 'GDK_IS_DISPLAY (display)' failed
Unable to init server: Could not connect: Connection refused
Unable to init server: Could not connect: Connection refused
Unable to init server: Could not connect: Connection refused
Unable to init server: Could not connect: Connection refused

(DataCollector_Deterministic.py:9129): Gdk-CRITICAL **: 15:37:19.318: gdk_cursor_new_for_display: assertion 'GDK_IS_DISPLAY (display)' failed
Unable to init server: Could not connect: Connection refused
Unable to init server: Could not connect: Connection refused
Unable to init server: Could not connect: Connection refused

(DataCollector_Deterministic.py:9459): Gdk-CRITICAL **: 15:37:19.359: gdk_cursor_new_for_display: assertion 'GDK_IS_DISPLAY (display)' failed
Unable to init server: Could not connect: Connection refused
Unable to init server: Could not connect: Connection refused
Unable to init server: Could not connect: Connection refused

(DataCollector_Deterministic.py:9494): Gdk-CRITICAL **: 15:37:19.414: gdk_cursor_new_for_display: assertion 'GDK_IS_DISPLAY (display)' failed
Unable to init server: Could not connect: Connection refused
Unable to init server: Could not connect: Connection refused
Unable to init server: Could not connect: Connection refused
Unable to init server: Could not connect: Connection refused
Unable to init server: Could not connect: Connection refused

(DataCollector_Deterministic.py:9694): Gdk-CRITICAL **: 15:37:19.591: gdk_cursor_new_for_display: assertion 'GDK_IS_DISPLAY (display)' failed
Unable to init server: Could not connect: Connection refused
Unable to init server: Could not connect: Connection refused
Unable to init server: Could not connect: Connection refused
Unable to init server: Could not connect: Connection refused
Unable to init server: Could not connect: Connection refused

(DataCollector_Deterministic.py:10673): Gdk-CRITICAL **: 15:37:19.778: gdk_cursor_new_for_display: assertion 'GDK_IS_DISPLAY (display)' failed
Unable to init server: Could not connect: Connection refused
Unable to init server: Could not connect: Connection refused

(DataCollector_Deterministic.py:10695): Gdk-CRITICAL **: 15:37:19.799: gdk_cursor_new_for_display: assertion 'GDK_IS_DISPLAY (display)' failed
Unable to init server: Could not connect: Connection refused
Unable to init server: Could not connect: Connection refused
Unable to init server: Could not connect: Connection refused
Unable to init server: Could not connect: Connection refused
Unable to init server: Could not connect: Connection refused

(DataCollector_Deterministic.py:10166): Gdk-CRITICAL **: 15:37:19.922: gdk_cursor_new_for_display: assertion 'GDK_IS_DISPLAY (display)' failed
Unable to init server: Could not connect: Connection refused
Unable to init server: Could not connect: Connection refused

(DataCollector_Deterministic.py:8996): Gdk-CRITICAL **: 15:37:19.935: gdk_cursor_new_for_display: assertion 'GDK_IS_DISPLAY (display)' failed
Unable to init server: Could not connect: Connection refused
Unable to init server: Could not connect: Connection refused
Unable to init server: Could not connect: Connection refused

(DataCollector_Deterministic.py:10200): Gdk-CRITICAL **: 15:37:20.054: gdk_cursor_new_for_display: assertion 'GDK_IS_DISPLAY (display)' failed

(DataCollector_Deterministic.py:10238): Gdk-CRITICAL **: 15:37:20.108: gdk_cursor_new_for_display: assertion 'GDK_IS_DISPLAY (display)' failed
Unable to init server: Could not connect: Connection refused
Unable to init server: Could not connect: Connection refused
Unable to init server: Could not connect: Connection refused
Unable to init server: Could not connect: Connection refused

(DataCollector_Deterministic.py:10609): Gdk-CRITICAL **: 15:37:20.206: gdk_cursor_new_for_display: assertion 'GDK_IS_DISPLAY (display)' failed

(DataCollector_Deterministic.py:10063): Gdk-CRITICAL **: 15:37:20.252: gdk_cursor_new_for_display: assertion 'GDK_IS_DISPLAY (display)' failed

(DataCollector_Deterministic.py:10202): Gdk-CRITICAL **: 15:37:20.328: gdk_cursor_new_for_display: assertion 'GDK_IS_DISPLAY (display)' failed
Unable to init server: Could not connect: Connection refused

(DataCollector_Deterministic.py:9655): Gdk-CRITICAL **: 15:37:20.456: gdk_cursor_new_for_display: assertion 'GDK_IS_DISPLAY (display)' failed
Unable to init server: Could not connect: Connection refused

(DataCollector_Deterministic.py:9937): Gdk-CRITICAL **: 15:37:20.506: gdk_cursor_new_for_display: assertion 'GDK_IS_DISPLAY (display)' failed
Unable to init server: Could not connect: Connection refused

(DataCollector_Deterministic.py:10275): Gdk-CRITICAL **: 15:37:20.579: gdk_cursor_new_for_display: assertion 'GDK_IS_DISPLAY (display)' failed
Unable to init server: Could not connect: Connection refused
Unable to init server: Could not connect: Connection refused
Unable to init server: Could not connect: Connection refused

(DataCollector_Deterministic.py:10219): Gdk-CRITICAL **: 15:37:20.686: gdk_cursor_new_for_display: assertion 'GDK_IS_DISPLAY (display)' failed
Unable to init server: Could not connect: Connection refused
Unable to init server: Could not connect: Connection refused

(DataCollector_Deterministic.py:9777): Gdk-CRITICAL **: 15:37:20.883: gdk_cursor_new_for_display: assertion 'GDK_IS_DISPLAY (display)' failed
Unable to init server: Could not connect: Connection refused
Unable to init server: Could not connect: Connection refused

(DataCollector_Deterministic.py:8976): Gdk-CRITICAL **: 15:37:21.104: gdk_cursor_new_for_display: assertion 'GDK_IS_DISPLAY (display)' failed
Unable to init server: Could not connect: Connection refused

(DataCollector_Deterministic.py:10524): Gdk-CRITICAL **: 15:37:21.170: gdk_cursor_new_for_display: assertion 'GDK_IS_DISPLAY (display)' failed
Unable to init server: Could not connect: Connection refused

(DataCollector_Deterministic.py:9113): Gdk-CRITICAL **: 15:37:21.210: gdk_cursor_new_for_display: assertion 'GDK_IS_DISPLAY (display)' failed

(DataCollector_Deterministic.py:10580): Gdk-CRITICAL **: 15:37:21.298: gdk_cursor_new_for_display: assertion 'GDK_IS_DISPLAY (display)' failed
Unable to init server: Could not connect: Connection refused

(DataCollector_Deterministic.py:10354): Gdk-CRITICAL **: 15:37:21.306: gdk_cursor_new_for_display: assertion 'GDK_IS_DISPLAY (display)' failed
Unable to init server: Could not connect: Connection refused

(DataCollector_Deterministic.py:10330): Gdk-CRITICAL **: 15:37:21.350: gdk_cursor_new_for_display: assertion 'GDK_IS_DISPLAY (display)' failed
Unable to init server: Could not connect: Connection refused

(DataCollector_Deterministic.py:10516): Gdk-CRITICAL **: 15:37:21.396: gdk_cursor_new_for_display: assertion 'GDK_IS_DISPLAY (display)' failed
Unable to init server: Could not connect: Connection refused
Unable to init server: Could not connect: Connection refused

(DataCollector_Deterministic.py:9717): Gdk-CRITICAL **: 15:37:21.443: gdk_cursor_new_for_display: assertion 'GDK_IS_DISPLAY (display)' failed
Unable to init server: Could not connect: Connection refused
Unable to init server: Could not connect: Connection refused

(DataCollector_Deterministic.py:9605): Gdk-CRITICAL **: 15:37:21.490: gdk_cursor_new_for_display: assertion 'GDK_IS_DISPLAY (display)' failed
Unable to init server: Could not connect: Connection refused

(DataCollector_Deterministic.py:9623): Gdk-CRITICAL **: 15:37:21.547: gdk_cursor_new_for_display: assertion 'GDK_IS_DISPLAY (display)' failed
Unable to init server: Could not connect: Connection refused

(DataCollector_Deterministic.py:9892): Gdk-CRITICAL **: 15:37:21.552: gdk_cursor_new_for_display: assertion 'GDK_IS_DISPLAY (display)' failed
Unable to init server: Could not connect: Connection refused

(DataCollector_Deterministic.py:10317): Gdk-CRITICAL **: 15:37:21.565: gdk_cursor_new_for_display: assertion 'GDK_IS_DISPLAY (display)' failed
Unable to init server: Could not connect: Connection refused

(DataCollector_Deterministic.py:9093): Gdk-CRITICAL **: 15:37:21.603: gdk_cursor_new_for_display: assertion 'GDK_IS_DISPLAY (display)' failed
Unable to init server: Could not connect: Connection refused

(DataCollector_Deterministic.py:10210): Gdk-CRITICAL **: 15:37:21.642: gdk_cursor_new_for_display: assertion 'GDK_IS_DISPLAY (display)' failed
Unable to init server: Could not connect: Connection refused
Unable to init server: Could not connect: Connection refused
Unable to init server: Could not connect: Connection refused

(DataCollector_Deterministic.py:9445): Gdk-CRITICAL **: 15:37:21.742: gdk_cursor_new_for_display: assertion 'GDK_IS_DISPLAY (display)' failed
Unable to init server: Could not connect: Connection refused

(DataCollector_Deterministic.py:10501): Gdk-CRITICAL **: 15:37:21.773: gdk_cursor_new_for_display: assertion 'GDK_IS_DISPLAY (display)' failed
Unable to init server: Could not connect: Connection refused
Unable to init server: Could not connect: Connection refused

(DataCollector_Deterministic.py:9666): Gdk-CRITICAL **: 15:37:21.829: gdk_cursor_new_for_display: assertion 'GDK_IS_DISPLAY (display)' failed
Unable to init server: Could not connect: Connection refused

(DataCollector_Deterministic.py:9644): Gdk-CRITICAL **: 15:37:21.862: gdk_cursor_new_for_display: assertion 'GDK_IS_DISPLAY (display)' failed

(DataCollector_Deterministic.py:10038): Gdk-CRITICAL **: 15:37:21.463: gdk_cursor_new_for_display: assertion 'GDK_IS_DISPLAY (display)' failed
Unable to init server: Could not connect: Connection refused
Unable to init server: Could not connect: Connection refused

(DataCollector_Deterministic.py:10613): Gdk-CRITICAL **: 15:37:21.902: gdk_cursor_new_for_display: assertion 'GDK_IS_DISPLAY (display)' failed
Unable to init server: Could not connect: Connection refused

(DataCollector_Deterministic.py:10572): Gdk-CRITICAL **: 15:37:21.973: gdk_cursor_new_for_display: assertion 'GDK_IS_DISPLAY (display)' failed
Unable to init server: Could not connect: Connection refused

(DataCollector_Deterministic.py:9074): Gdk-CRITICAL **: 15:37:21.982: gdk_cursor_new_for_display: assertion 'GDK_IS_DISPLAY (display)' failed
Unable to init server: Could not connect: Connection refused
Unable to init server: Could not connect: Connection refused

(DataCollector_Deterministic.py:10514): Gdk-CRITICAL **: 15:37:22.112: gdk_cursor_new_for_display: assertion 'GDK_IS_DISPLAY (display)' failed
Unable to init server: Could not connect: Connection refused
Unable to init server: Could not connect: Connection refused

(DataCollector_Deterministic.py:9720): Gdk-CRITICAL **: 15:37:22.138: gdk_cursor_new_for_display: assertion 'GDK_IS_DISPLAY (display)' failed
Unable to init server: Could not connect: Connection refused

(DataCollector_Deterministic.py:9352): Gdk-CRITICAL **: 15:37:22.174: gdk_cursor_new_for_display: assertion 'GDK_IS_DISPLAY (display)' failed
Unable to init server: Could not connect: Connection refused
Unable to init server: Could not connect: Connection refused
Unable to init server: Could not connect: Connection refused

(DataCollector_Deterministic.py:9543): Gdk-CRITICAL **: 15:37:22.288: gdk_cursor_new_for_display: assertion 'GDK_IS_DISPLAY (display)' failed
Unable to init server: Could not connect: Connection refused
Unable to init server: Could not connect: Connection refused
Unable to init server: Could not connect: Connection refused
Unable to init server: Could not connect: Connection refused
Unable to init server: Could not connect: Connection refused
Unable to init server: Could not connect: Connection refused

(DataCollector_Deterministic.py:10684): Gdk-CRITICAL **: 15:37:22.609: gdk_cursor_new_for_display: assertion 'GDK_IS_DISPLAY (display)' failed
Unable to init server: Could not connect: Connection refused

(DataCollector_Deterministic.py:9015): Gdk-CRITICAL **: 15:37:22.702: gdk_cursor_new_for_display: assertion 'GDK_IS_DISPLAY (display)' failed
Unable to init server: Could not connect: Connection refused
Unable to init server: Could not connect: Connection refused

(DataCollector_Deterministic.py:10183): Gdk-CRITICAL **: 15:37:22.866: gdk_cursor_new_for_display: assertion 'GDK_IS_DISPLAY (display)' failed
Unable to init server: Could not connect: Connection refused

(DataCollector_Deterministic.py:10306): Gdk-CRITICAL **: 15:37:23.457: gdk_cursor_new_for_display: assertion 'GDK_IS_DISPLAY (display)' failed
Unable to init server: Could not connect: Connection refused

(DataCollector_Deterministic.py:9294): Gdk-CRITICAL **: 15:37:23.735: gdk_cursor_new_for_display: assertion 'GDK_IS_DISPLAY (display)' failed
Unable to init server: Could not connect: Connection refused

(DataCollector_Deterministic.py:10322): Gdk-CRITICAL **: 15:37:23.822: gdk_cursor_new_for_display: assertion 'GDK_IS_DISPLAY (display)' failed
Unable to init server: Could not connect: Connection refused

(DataCollector_Deterministic.py:9873): Gdk-CRITICAL **: 15:37:23.959: gdk_cursor_new_for_display: assertion 'GDK_IS_DISPLAY (display)' failed
Unable to init server: Could not connect: Connection refused

(DataCollector_Deterministic.py:10632): Gdk-CRITICAL **: 15:37:24.142: gdk_cursor_new_for_display: assertion 'GDK_IS_DISPLAY (display)' failed
Unable to init server: Could not connect: Connection refused

(DataCollector_Deterministic.py:10616): Gdk-CRITICAL **: 15:37:24.150: gdk_cursor_new_for_display: assertion 'GDK_IS_DISPLAY (display)' failed
Unable to init server: Could not connect: Connection refused

(DataCollector_Deterministic.py:10407): Gdk-CRITICAL **: 15:37:24.314: gdk_cursor_new_for_display: assertion 'GDK_IS_DISPLAY (display)' failed
Unable to init server: Could not connect: Connection refused

(DataCollector_Deterministic.py:9811): Gdk-CRITICAL **: 15:37:24.325: gdk_cursor_new_for_display: assertion 'GDK_IS_DISPLAY (display)' failed
Unable to init server: Could not connect: Connection refused

(DataCollector_Deterministic.py:10463): Gdk-CRITICAL **: 15:37:24.333: gdk_cursor_new_for_display: assertion 'GDK_IS_DISPLAY (display)' failed
Unable to init server: Could not connect: Connection refused

(DataCollector_Deterministic.py:10615): Gdk-CRITICAL **: 15:37:24.357: gdk_cursor_new_for_display: assertion 'GDK_IS_DISPLAY (display)' failed
Unable to init server: Could not connect: Connection refused

(DataCollector_Deterministic.py:9875): Gdk-CRITICAL **: 15:37:24.401: gdk_cursor_new_for_display: assertion 'GDK_IS_DISPLAY (display)' failed
Unable to init server: Could not connect: Connection refused

(DataCollector_Deterministic.py:10622): Gdk-CRITICAL **: 15:37:24.496: gdk_cursor_new_for_display: assertion 'GDK_IS_DISPLAY (display)' failed
Unable to init server: Could not connect: Connection refused
Unable to init server: Could not connect: Connection refused

(DataCollector_Deterministic.py:9057): Gdk-CRITICAL **: 15:37:24.613: gdk_cursor_new_for_display: assertion 'GDK_IS_DISPLAY (display)' failed
Unable to init server: Could not connect: Connection refused

(DataCollector_Deterministic.py:9419): Gdk-CRITICAL **: 15:37:24.995: gdk_cursor_new_for_display: assertion 'GDK_IS_DISPLAY (display)' failed

(DataCollector_Deterministic.py:10448): Gdk-CRITICAL **: 15:37:25.091: gdk_cursor_new_for_display: assertion 'GDK_IS_DISPLAY (display)' failed
Initalising...
Running Sim...
.Initalising...
Running Sim...
.Initalising...
Running Sim...
.Initalising...
Running Sim...
.Initalising...
Running Sim...
.Initalising...
Running Sim...
.......Initalising...
Running Sim...

Data Dump...
Initalising...
Running Sim...
.Initalising...
Running Sim...

Data Dump...
Initalising...
Running Sim...
.Initalising...
Running Sim...

Data Dump...
Initalising...
Running Sim...

Data Dump...
Initalising...
Running Sim...

Data Dump...
Initalising...
Running Sim...
.Initalising...
Running Sim...
.Initalising...
Running Sim...
.Initalising...
Running Sim...
.Initalising...
Running Sim...
.Initalising...
Running Sim...
.Initalising...
Running Sim...
.Initalising...
Running Sim...
.Initalising...
Running Sim...
.Initalising...
Running Sim...
.Initalising...
Running Sim...
.Initalising...
Running Sim...
.Initalising...
Running Sim...
.Initalising...
Running Sim...
.Initalising...
Running Sim...
.Initalising...
Running Sim...
.Initalising...
Running Sim...
.Initalising...
Running Sim...
.Initalising...
Running Sim...
.Initalising...
Running Sim...
.Initalising...
Running Sim...
.Initalising...
Running Sim...
.Initalising...
Running Sim...
.Initalising...
Running Sim...
.Initalising...
Running Sim...
.Initalising...
Running Sim...
.Initalising...
Running Sim...
.Initalising...
Running Sim...
.Initalising...
Running Sim...
.Initalising...
Running Sim...
.Initalising...
Running Sim...
.Initalising...
Running Sim...
.Initalising...
Running Sim...
.Initalising...
Running Sim...
.Initalising...
Running Sim...
.Initalising...
Running Sim...
.Initalising...
Running Sim...
.Initalising...
Running Sim...
.Initalising...
Running Sim...
.Initalising...
Running Sim...
.Initalising...
Running Sim...
.Initalising...
Running Sim...
.Initalising...
Running Sim...
.Initalising...
Running Sim...
.Initalising...
Running Sim...
.Initalising...
Running Sim...
.Initalising...
Running Sim...
.Initalising...
Running Sim...
.Initalising...
Running Sim...
.Initalising...
Running Sim...
.Initalising...
Running Sim...
.Initalising...
Running Sim...
.Initalising...
Running Sim...
.Initalising...
Running Sim...
.Initalising...
Running Sim...
.Initalising...
Running Sim...
.Initalising...
Running Sim...
.Initalising...
Running Sim...
.Initalising...
Running Sim...
.Initalising...
Running Sim...
.Initalising...
Running Sim...
.Initalising...
Running Sim...
.Initalising...
Running Sim...
.Initalising...
Running Sim...
.Initalising...
Running Sim...
.Initalising...
Running Sim...
.Initalising...
Running Sim...
.Initalising...
Running Sim...
.Initalising...
Running Sim...
.Initalising...
Running Sim...
.Initalising...
Running Sim...
.Initalising...
Running Sim...
.Initalising...
Running Sim...
.Initalising...
Running Sim...
.Initalising...
Running Sim...
.Initalising...
Running Sim...
.Initalising...
Running Sim...
.Initalising...
Running Sim...
.Initalising...
Running Sim...
.Initalising...
Running Sim...
.Initalising...
Running Sim...
.Initalising...
Running Sim...
.Initalising...
Running Sim...
.Initalising...
Running Sim...
.Initalising...
Running Sim...
.Initalising...
Running Sim...
.Initalising...
Running Sim...
.................................................................................................................................................................................................................................................................................................................................................................................................................................................................................................................................................................................................................................................................................................................................................................................................
[1761 9027]
...........................
[1689 9072]
......
[1708 9041]
....
[1670 9049]
..
[1719 9024]
...
[1763 9055]
..
[1710 9050]
.....................
[1717 9010]
......
[1659 9042]
...
[1726 9048]
..
[1787 8979]
.
[1734 9048]
.
[1770 9015]
.
[1727 9035]
.
[1988 8708]
..
[1720 9056]
.....
[1915 8861]
..
[1769 9006]
......
[1722 9026]
.
[2000 8733]
..
[9249 1174]
.
[2055 8703]
.
[2543 8114]
.....
[2128 8623]
.
[1943 8772]
.
[2425 8271]
...
[2631 8112]
.
[2251 8500]
.
[9245 1298]
....
[1978 8760]
..
[2890 7810]
.
[2168 8521]
.
[2770 7921]
.
[2575 8123]
.
[1931 8786]
.
[2616 8146]
.
[2445 8287]
.
[2850 7854]
.
[2990 7601]
.
[9338 1120]
.
[2203 8524]
.
[2803 7969]
.
[9084 1309]
.
[3901 6765]
.
[3431 7239]
.
[2692 8026]
.
[3280 7422]
.
[3655 6957]
.
[8831 1657]
..
[1823 8981]
.
[2773 7896]
..
[7014 3646]
..
[8620 1746]
.
[2532 8195]
..
[3568 7089]
.
[2454 8249]
.
[2431 8244]
.
[4495 6134]
.....
[8502 1903]
..
[3241 7390]
.
[8007 2414]
.
[3572 7058]
.
[3926 6727]
...
[5083 5561]
.
[5682 4887]
.....
[8284 2199]
.
[7917 2552]
.
[3554 7018]
.
[6725 3708]
....
[5266 5315]
..
[4421 6160]
.
[4942 5663]
.
[4378 6188]
.
[4315 6368]
......
[3951 6618]
.
[4074 6491]
..
[6617 3956]
.
[5054 5477]
.
[7702 2741]
.
[7991 2363]
....
[5914 4626]
....
[7078 3338]
.
[6688 3770]
..
[5601 4915]
..
[5140 5400]
.
[6498 3980]
.
[6719 3738]
.
[6759 3709]
.
[5173 5340]
..
[7517 2875]
.
[5928 4528]
........
[5387 5130]
..
[6705 3738]
..
[5889 4573]
.....
[6231 4248]
............................................................................................................................................................................................................................................................................
Data Dump...
...........
Data Dump...
..
Data Dump...
..
Data Dump...
.........
Data Dump...
....
Data Dump...

Data Dump...
............................
Data Dump...
...................
Data Dump...
..................................................................................................................................................................................................................
[  69 3733]
...
[  64 3693]
.......
[  83 3679]
..............
[  82 3565]
.
[  79 3535]
.................
[ 100 3476]
...
[  76 3428]
.....................................
[ 118 3421]
............
[ 128 3337]
.....................
[3407   21]
..
[3331   17]
...
[3175   13]
.............
[ 169 3257]
..
[ 104 3602]
...........
[ 202 3184]
....
[ 211 3016]
............
[ 212 3228]
........................
[ 261 2615]
.............
[ 302 2966]
.
[ 232 2809]
.........
[ 220 2897]
...
[ 362 2759]
..
[ 227 2914]
..
[2985   10]
..
[ 245 2647]
.......
[ 287 2943]
................
[ 324 2823]
.......
[2883   24]
..
[2973   51]
..
[ 366 2963]
...
[ 317 2800]
...
[ 481 2453]
..
[ 438 2546]
..................
[2783   30]
....
[ 373 2703]
...
[ 398 2617]
............
[ 499 2213]
...
[ 749 1559]
................
[2775  103]
..
[ 717 1753]
....
[ 663 2231]
...
[ 638 2298]
..
[2702   88]
..
[ 440 2473]
.
[2727   81]
.
[ 423 2517]
..
[ 490 2523]
...
[ 437 2417]
.........
[2187  599]
..
[ 781 2113]
...
[2696   54]
.....
[2579   99]
..
[ 685 2095]
............
[2363  136]
..........
[2462  119]
....
[1043 1367]
.
[1833  720]
.....
[ 971 1551]
....
[ 938 1764]
....
[2562   69]
.
[ 929 1739]
.
[2234  329]
........
[2236  486]
.
[ 873 1727]
.
[1095 1655]
.......
[2324  221]
.
[2341  222]
.
[1421 1319]
......
[2343  134]
.....
[2111  400]
...........
[1641  905]
.......
[1190 1403]
.......
[2096  370]
...
[1764  828]
...
[1815  711]
.
[2060  346]
..
[1264 1201]
.
[1461 1134]
.
[ 908 2051]
....
[1550  955]
.
[2048  441]
.
Data Dump...
.....
[ 29 318]

Data Dump...

[1177 1269]
..
[1045 1505]
..
Data Dump...
..........
[1834  658]
...
[1589  908]
..........
[1691  714]
...................
[ 36 321]

Data Dump...
............
[ 28 262]

Data Dump...
......................................................................
[ 21 208]

Data Dump...
.............
[ 41 217]

Data Dump...
.......................................
[ 32 256]

Data Dump...
........................
[ 42 236]

Data Dump...
.................................
[ 39 295]

Data Dump...
..............
[187  12]

Data Dump...
...................
[174   7]
..........
Data Dump...
.........
[ 40 232]
............
[ 47 215]
..
Data Dump...
.................
Data Dump...

[148   3]
...
[ 46 261]
..
[ 37 192]
........
Data Dump...
........
Data Dump...
..
Data Dump...
.....................................................
[ 49 222]
..........................
Data Dump...
.
[ 50 133]
............
[43 92]
..
[ 46 186]
...
[ 63 159]
.....
[ 37 170]
...........
[ 48 202]
.....
[174   3]
.
Data Dump...
........
[ 41 181]
..
[ 50 231]
...
Data Dump...
......
Data Dump...
..
Data Dump...
....
Data Dump...
..
Data Dump...
.
[57 78]
......
[ 55 141]
...
Data Dump...
.......
Data Dump...
.....
Data Dump...
......
[173  11]
.
[ 56 139]
..
[ 57 127]
......
[156   3]
..
[ 53 193]
..
Data Dump...
.......
Data Dump...
.
[ 50 154]
....................
Data Dump...
........
Data Dump...
........
Data Dump...
.
[71 81]
.
[138   6]
...
Data Dump...

Data Dump...
.
Data Dump...
.
[ 72 138]
...
[ 62 137]
.....
[52 23]
...........
[148   7]
....
[ 65 115]
..
[ 47 102]
.
[ 60 131]
..
[70 40]
..
[ 49 135]
....
[157  14]
..........
[ 55 110]
...
Data Dump...
.
[116  52]
.
Data Dump...
.
[132  10]
....
[57 87]
.......
Data Dump...

Data Dump...
......
[140   8]
...
Data Dump...
.
Data Dump...

Data Dump...
..
Data Dump...
..
Data Dump...
......
[123  11]
.
Data Dump...
.
[117   7]
.....
[74 99]
.
Data Dump...

Data Dump...

[98 27]
.
Data Dump...
...
[ 97 110]
.
[122   7]
...
[78 41]
......
[109  19]
.
[84 83]
..
[73 41]
.
Data Dump...
.
Data Dump...

Data Dump...
.
[124  39]
.
[82 61]
..
[95 70]
.......
Data Dump...
....
[96  6]
.....
[124  15]
....
Data Dump...

[133  13]
......
Data Dump...

[79 66]
.
[107   7]
...
Data Dump...

[86 29]
....
[102  25]
..
Data Dump...
.
Data Dump...
..
Data Dump...

[140  24]
.
[95 50]
.
[103  42]
.
[ 62 154]
..
Data Dump...

[84 39]
.
Data Dump...
..
Data Dump...

[105  27]
..
Data Dump...

[90 45]
.
[104   9]
....
Data Dump...

Data Dump...
.
Data Dump...
.
[82 29]
..
[106  23]
.
[70 77]
...
[103  33]
.
Data Dump...

[98 24]
.......
Data Dump...
.....
Data Dump...
.
[107  27]
..
Data Dump...
..
Data Dump...
..
Data Dump...

Data Dump...

Data Dump...
......
Data Dump...

Data Dump...
..
Data Dump...
.
Data Dump...
...
Data Dump...

Data Dump...
.
Data Dump...

Data Dump...

Data Dump...

Data Dump...
...
Data Dump...

Data Dump...

Data Dump...
Low 1 5
Done
