Unable to init server: Could not connect: Connection refused
Unable to init server: Could not connect: Connection refused
Unable to init server: Could not connect: Connection refused
Unable to init server: Could not connect: Connection refused

(DataCollector_Deterministic.py:1854155): Gdk-CRITICAL **: 15:34:45.690: gdk_cursor_new_for_display: assertion 'GDK_IS_DISPLAY (display)' failed
Unable to init server: Could not connect: Connection refused

(DataCollector_Deterministic.py:1853775): Gdk-CRITICAL **: 15:34:45.740: gdk_cursor_new_for_display: assertion 'GDK_IS_DISPLAY (display)' failed
Unable to init server: Could not connect: Connection refused

(DataCollector_Deterministic.py:1853907): Gdk-CRITICAL **: 15:34:45.744: gdk_cursor_new_for_display: assertion 'GDK_IS_DISPLAY (display)' failed
Unable to init server: Could not connect: Connection refused
Unable to init server: Could not connect: Connection refused

(DataCollector_Deterministic.py:1853741): Gdk-CRITICAL **: 15:34:46.442: gdk_cursor_new_for_display: assertion 'GDK_IS_DISPLAY (display)' failed
Unable to init server: Could not connect: Connection refused
Unable to init server: Could not connect: Connection refused
Unable to init server: Could not connect: Connection refused

(DataCollector_Deterministic.py:1854096): Gdk-CRITICAL **: 15:34:53.138: gdk_cursor_new_for_display: assertion 'GDK_IS_DISPLAY (display)' failed
Unable to init server: Could not connect: Connection refused

(DataCollector_Deterministic.py:1853407): Gdk-CRITICAL **: 15:34:53.170: gdk_cursor_new_for_display: assertion 'GDK_IS_DISPLAY (display)' failed
Unable to init server: Could not connect: Connection refused
Unable to init server: Could not connect: Connection refused
Unable to init server: Could not connect: Connection refused
Unable to init server: Could not connect: Connection refused
Unable to init server: Could not connect: Connection refused
Unable to init server: Could not connect: Connection refused
Unable to init server: Could not connect: Connection refused

(DataCollector_Deterministic.py:1852539): Gdk-CRITICAL **: 15:34:55.530: gdk_cursor_new_for_display: assertion 'GDK_IS_DISPLAY (display)' failed
Unable to init server: Could not connect: Connection refused

(DataCollector_Deterministic.py:1852473): Gdk-CRITICAL **: 15:34:55.725: gdk_cursor_new_for_display: assertion 'GDK_IS_DISPLAY (display)' failed
Unable to init server: Could not connect: Connection refused

(DataCollector_Deterministic.py:1853499): Gdk-CRITICAL **: 15:34:55.730: gdk_cursor_new_for_display: assertion 'GDK_IS_DISPLAY (display)' failed
Unable to init server: Could not connect: Connection refused

(DataCollector_Deterministic.py:1853454): Gdk-CRITICAL **: 15:34:55.832: gdk_cursor_new_for_display: assertion 'GDK_IS_DISPLAY (display)' failed
Unable to init server: Could not connect: Connection refused

(DataCollector_Deterministic.py:1853427): Gdk-CRITICAL **: 15:34:55.894: gdk_cursor_new_for_display: assertion 'GDK_IS_DISPLAY (display)' failed
Unable to init server: Could not connect: Connection refused

(DataCollector_Deterministic.py:1854205): Gdk-CRITICAL **: 15:34:56.035: gdk_cursor_new_for_display: assertion 'GDK_IS_DISPLAY (display)' failed
Unable to init server: Could not connect: Connection refused
Unable to init server: Could not connect: Connection refused
Unable to init server: Could not connect: Connection refused
Unable to init server: Could not connect: Connection refused
Unable to init server: Could not connect: Connection refused
Unable to init server: Could not connect: Connection refused
Unable to init server: Could not connect: Connection refused
Unable to init server: Could not connect: Connection refused

(DataCollector_Deterministic.py:1854558): Gdk-CRITICAL **: 15:34:58.776: gdk_cursor_new_for_display: assertion 'GDK_IS_DISPLAY (display)' failed
Unable to init server: Could not connect: Connection refused
Unable to init server: Could not connect: Connection refused
Unable to init server: Could not connect: Connection refused

(DataCollector_Deterministic.py:1853735): Gdk-CRITICAL **: 15:34:59.193: gdk_cursor_new_for_display: assertion 'GDK_IS_DISPLAY (display)' failed
Unable to init server: Could not connect: Connection refused

(DataCollector_Deterministic.py:1853754): Gdk-CRITICAL **: 15:34:59.277: gdk_cursor_new_for_display: assertion 'GDK_IS_DISPLAY (display)' failed
Unable to init server: Could not connect: Connection refused
Unable to init server: Could not connect: Connection refused
Unable to init server: Could not connect: Connection refused

(DataCollector_Deterministic.py:1852911): Gdk-CRITICAL **: 15:34:59.793: gdk_cursor_new_for_display: assertion 'GDK_IS_DISPLAY (display)' failed
Unable to init server: Could not connect: Connection refused
Unable to init server: Could not connect: Connection refused
Unable to init server: Could not connect: Connection refused

(DataCollector_Deterministic.py:1852639): Gdk-CRITICAL **: 15:35:00.068: gdk_cursor_new_for_display: assertion 'GDK_IS_DISPLAY (display)' failed
Unable to init server: Could not connect: Connection refused

(DataCollector_Deterministic.py:1852579): Gdk-CRITICAL **: 15:35:00.143: gdk_cursor_new_for_display: assertion 'GDK_IS_DISPLAY (display)' failed
Unable to init server: Could not connect: Connection refused

(DataCollector_Deterministic.py:1853558): Gdk-CRITICAL **: 15:35:00.169: gdk_cursor_new_for_display: assertion 'GDK_IS_DISPLAY (display)' failed
Unable to init server: Could not connect: Connection refused
Unable to init server: Could not connect: Connection refused

(DataCollector_Deterministic.py:1853945): Gdk-CRITICAL **: 15:35:00.398: gdk_cursor_new_for_display: assertion 'GDK_IS_DISPLAY (display)' failed
Unable to init server: Could not connect: Connection refused

(DataCollector_Deterministic.py:1853385): Gdk-CRITICAL **: 15:35:01.051: gdk_cursor_new_for_display: assertion 'GDK_IS_DISPLAY (display)' failed
Unable to init server: Could not connect: Connection refused
Unable to init server: Could not connect: Connection refused
Unable to init server: Could not connect: Connection refused

(DataCollector_Deterministic.py:1852986): Gdk-CRITICAL **: 15:35:01.400: gdk_cursor_new_for_display: assertion 'GDK_IS_DISPLAY (display)' failed
Unable to init server: Could not connect: Connection refused

(DataCollector_Deterministic.py:1852953): Gdk-CRITICAL **: 15:35:01.418: gdk_cursor_new_for_display: assertion 'GDK_IS_DISPLAY (display)' failed
Unable to init server: Could not connect: Connection refused
Unable to init server: Could not connect: Connection refused
Unable to init server: Could not connect: Connection refused
Unable to init server: Could not connect: Connection refused
Unable to init server: Could not connect: Connection refused

(DataCollector_Deterministic.py:1853639): Gdk-CRITICAL **: 15:35:01.729: gdk_cursor_new_for_display: assertion 'GDK_IS_DISPLAY (display)' failed

(DataCollector_Deterministic.py:1854500): Gdk-CRITICAL **: 15:35:02.131: gdk_cursor_new_for_display: assertion 'GDK_IS_DISPLAY (display)' failed
Unable to init server: Could not connect: Connection refused
Unable to init server: Could not connect: Connection refused

(DataCollector_Deterministic.py:1854289): Gdk-CRITICAL **: 15:35:02.216: gdk_cursor_new_for_display: assertion 'GDK_IS_DISPLAY (display)' failed
Unable to init server: Could not connect: Connection refused
Unable to init server: Could not connect: Connection refused
Unable to init server: Could not connect: Connection refused
Unable to init server: Could not connect: Connection refused

(DataCollector_Deterministic.py:1854225): Gdk-CRITICAL **: 15:35:03.013: gdk_cursor_new_for_display: assertion 'GDK_IS_DISPLAY (display)' failed
Unable to init server: Could not connect: Connection refused
Unable to init server: Could not connect: Connection refused
Unable to init server: Could not connect: Connection refused
Unable to init server: Could not connect: Connection refused

(DataCollector_Deterministic.py:1853971): Gdk-CRITICAL **: 15:35:03.355: gdk_cursor_new_for_display: assertion 'GDK_IS_DISPLAY (display)' failed
Unable to init server: Could not connect: Connection refused

(DataCollector_Deterministic.py:1853699): Gdk-CRITICAL **: 15:35:03.405: gdk_cursor_new_for_display: assertion 'GDK_IS_DISPLAY (display)' failed

(DataCollector_Deterministic.py:1852600): Gdk-CRITICAL **: 15:35:03.451: gdk_cursor_new_for_display: assertion 'GDK_IS_DISPLAY (display)' failed
Unable to init server: Could not connect: Connection refused

(DataCollector_Deterministic.py:1854345): Gdk-CRITICAL **: 15:35:03.492: gdk_cursor_new_for_display: assertion 'GDK_IS_DISPLAY (display)' failed
Unable to init server: Could not connect: Connection refused
Unable to init server: Could not connect: Connection refused

(DataCollector_Deterministic.py:1853975): Gdk-CRITICAL **: 15:35:04.022: gdk_cursor_new_for_display: assertion 'GDK_IS_DISPLAY (display)' failed
Unable to init server: Could not connect: Connection refused
Unable to init server: Could not connect: Connection refused
Unable to init server: Could not connect: Connection refused

(DataCollector_Deterministic.py:1853372): Gdk-CRITICAL **: 15:35:04.404: gdk_cursor_new_for_display: assertion 'GDK_IS_DISPLAY (display)' failed
Unable to init server: Could not connect: Connection refused

(DataCollector_Deterministic.py:1853267): Gdk-CRITICAL **: 15:35:04.428: gdk_cursor_new_for_display: assertion 'GDK_IS_DISPLAY (display)' failed
Unable to init server: Could not connect: Connection refused
Unable to init server: Could not connect: Connection refused
Unable to init server: Could not connect: Connection refused

(DataCollector_Deterministic.py:1852807): Gdk-CRITICAL **: 15:35:04.647: gdk_cursor_new_for_display: assertion 'GDK_IS_DISPLAY (display)' failed
Unable to init server: Could not connect: Connection refused
Unable to init server: Could not connect: Connection refused
Unable to init server: Could not connect: Connection refused
Unable to init server: Could not connect: Connection refused

(DataCollector_Deterministic.py:1854453): Gdk-CRITICAL **: 15:35:05.032: gdk_cursor_new_for_display: assertion 'GDK_IS_DISPLAY (display)' failed
Unable to init server: Could not connect: Connection refused
Unable to init server: Could not connect: Connection refused

(DataCollector_Deterministic.py:1853309): Gdk-CRITICAL **: 15:35:05.304: gdk_cursor_new_for_display: assertion 'GDK_IS_DISPLAY (display)' failed
Unable to init server: Could not connect: Connection refused
Unable to init server: Could not connect: Connection refused
Unable to init server: Could not connect: Connection refused
Unable to init server: Could not connect: Connection refused

(DataCollector_Deterministic.py:1853789): Gdk-CRITICAL **: 15:35:05.632: gdk_cursor_new_for_display: assertion 'GDK_IS_DISPLAY (display)' failed
Unable to init server: Could not connect: Connection refused
Unable to init server: Could not connect: Connection refused
Unable to init server: Could not connect: Connection refused

(DataCollector_Deterministic.py:1854511): Gdk-CRITICAL **: 15:35:06.134: gdk_cursor_new_for_display: assertion 'GDK_IS_DISPLAY (display)' failed
Unable to init server: Could not connect: Connection refused

(DataCollector_Deterministic.py:1854460): Gdk-CRITICAL **: 15:35:06.281: gdk_cursor_new_for_display: assertion 'GDK_IS_DISPLAY (display)' failed
Unable to init server: Could not connect: Connection refused

(DataCollector_Deterministic.py:1852832): Gdk-CRITICAL **: 15:35:06.324: gdk_cursor_new_for_display: assertion 'GDK_IS_DISPLAY (display)' failed
Unable to init server: Could not connect: Connection refused

(DataCollector_Deterministic.py:1854291): Gdk-CRITICAL **: 15:35:06.576: gdk_cursor_new_for_display: assertion 'GDK_IS_DISPLAY (display)' failed
Unable to init server: Could not connect: Connection refused

(DataCollector_Deterministic.py:1854103): Gdk-CRITICAL **: 15:35:06.602: gdk_cursor_new_for_display: assertion 'GDK_IS_DISPLAY (display)' failed
Unable to init server: Could not connect: Connection refused

(DataCollector_Deterministic.py:1853876): Gdk-CRITICAL **: 15:35:06.710: gdk_cursor_new_for_display: assertion 'GDK_IS_DISPLAY (display)' failed
Unable to init server: Could not connect: Connection refused
Unable to init server: Could not connect: Connection refused

(DataCollector_Deterministic.py:1854531): Gdk-CRITICAL **: 15:35:06.884: gdk_cursor_new_for_display: assertion 'GDK_IS_DISPLAY (display)' failed
Unable to init server: Could not connect: Connection refused
Unable to init server: Could not connect: Connection refused

(DataCollector_Deterministic.py:1854517): Gdk-CRITICAL **: 15:35:06.944: gdk_cursor_new_for_display: assertion 'GDK_IS_DISPLAY (display)' failed
Unable to init server: Could not connect: Connection refused

(DataCollector_Deterministic.py:1853671): Gdk-CRITICAL **: 15:35:07.050: gdk_cursor_new_for_display: assertion 'GDK_IS_DISPLAY (display)' failed
Unable to init server: Could not connect: Connection refused

(DataCollector_Deterministic.py:1853035): Gdk-CRITICAL **: 15:35:07.138: gdk_cursor_new_for_display: assertion 'GDK_IS_DISPLAY (display)' failed
Unable to init server: Could not connect: Connection refused

(DataCollector_Deterministic.py:1854503): Gdk-CRITICAL **: 15:35:07.185: gdk_cursor_new_for_display: assertion 'GDK_IS_DISPLAY (display)' failed
Unable to init server: Could not connect: Connection refused
Unable to init server: Could not connect: Connection refused

(DataCollector_Deterministic.py:1853345): Gdk-CRITICAL **: 15:35:07.432: gdk_cursor_new_for_display: assertion 'GDK_IS_DISPLAY (display)' failed
Unable to init server: Could not connect: Connection refused

(DataCollector_Deterministic.py:1854085): Gdk-CRITICAL **: 15:35:07.668: gdk_cursor_new_for_display: assertion 'GDK_IS_DISPLAY (display)' failed
Unable to init server: Could not connect: Connection refused
Unable to init server: Could not connect: Connection refused
Unable to init server: Could not connect: Connection refused
Unable to init server: Could not connect: Connection refused
Unable to init server: Could not connect: Connection refused
Unable to init server: Could not connect: Connection refused
Unable to init server: Could not connect: Connection refused
Unable to init server: Could not connect: Connection refused
Unable to init server: Could not connect: Connection refused
Unable to init server: Could not connect: Connection refused
Unable to init server: Could not connect: Connection refused
Unable to init server: Could not connect: Connection refused
Unable to init server: Could not connect: Connection refused
Unable to init server: Could not connect: Connection refused
Unable to init server: Could not connect: Connection refused

(DataCollector_Deterministic.py:1853140): Gdk-CRITICAL **: 15:35:08.444: gdk_cursor_new_for_display: assertion 'GDK_IS_DISPLAY (display)' failed
Unable to init server: Could not connect: Connection refused
Unable to init server: Could not connect: Connection refused
Unable to init server: Could not connect: Connection refused
Unable to init server: Could not connect: Connection refused
Unable to init server: Could not connect: Connection refused
Unable to init server: Could not connect: Connection refused
Unable to init server: Could not connect: Connection refused
Unable to init server: Could not connect: Connection refused
Unable to init server: Could not connect: Connection refused
Unable to init server: Could not connect: Connection refused
Unable to init server: Could not connect: Connection refused
Unable to init server: Could not connect: Connection refused
Unable to init server: Could not connect: Connection refused
Unable to init server: Could not connect: Connection refused
Unable to init server: Could not connect: Connection refused
Unable to init server: Could not connect: Connection refused
Unable to init server: Could not connect: Connection refused
Unable to init server: Could not connect: Connection refused
Unable to init server: Could not connect: Connection refused
Unable to init server: Could not connect: Connection refused
Unable to init server: Could not connect: Connection refused
Unable to init server: Could not connect: Connection refused
Unable to init server: Could not connect: Connection refused

(DataCollector_Deterministic.py:1854545): Gdk-CRITICAL **: 15:35:08.777: gdk_cursor_new_for_display: assertion 'GDK_IS_DISPLAY (display)' failed
Unable to init server: Could not connect: Connection refused
Unable to init server: Could not connect: Connection refused
Unable to init server: Could not connect: Connection refused
Unable to init server: Could not connect: Connection refused
Unable to init server: Could not connect: Connection refused
Unable to init server: Could not connect: Connection refused
Unable to init server: Could not connect: Connection refused

(DataCollector_Deterministic.py:1852559): Gdk-CRITICAL **: 15:35:08.843: gdk_cursor_new_for_display: assertion 'GDK_IS_DISPLAY (display)' failed
Unable to init server: Could not connect: Connection refused
Unable to init server: Could not connect: Connection refused
Unable to init server: Could not connect: Connection refused
Unable to init server: Could not connect: Connection refused
Unable to init server: Could not connect: Connection refused

(DataCollector_Deterministic.py:1853607): Gdk-CRITICAL **: 15:35:09.343: gdk_cursor_new_for_display: assertion 'GDK_IS_DISPLAY (display)' failed
Unable to init server: Could not connect: Connection refused

(DataCollector_Deterministic.py:1853318): Gdk-CRITICAL **: 15:35:09.393: gdk_cursor_new_for_display: assertion 'GDK_IS_DISPLAY (display)' failed
Unable to init server: Could not connect: Connection refused

(DataCollector_Deterministic.py:1854522): Gdk-CRITICAL **: 15:35:09.654: gdk_cursor_new_for_display: assertion 'GDK_IS_DISPLAY (display)' failed
Unable to init server: Could not connect: Connection refused

(DataCollector_Deterministic.py:1854408): Gdk-CRITICAL **: 15:35:09.899: gdk_cursor_new_for_display: assertion 'GDK_IS_DISPLAY (display)' failed
Unable to init server: Could not connect: Connection refused

(DataCollector_Deterministic.py:1853223): Gdk-CRITICAL **: 15:35:09.938: gdk_cursor_new_for_display: assertion 'GDK_IS_DISPLAY (display)' failed
Unable to init server: Could not connect: Connection refused

(DataCollector_Deterministic.py:1853263): Gdk-CRITICAL **: 15:35:09.950: gdk_cursor_new_for_display: assertion 'GDK_IS_DISPLAY (display)' failed
Unable to init server: Could not connect: Connection refused

(DataCollector_Deterministic.py:1854327): Gdk-CRITICAL **: 15:35:09.954: gdk_cursor_new_for_display: assertion 'GDK_IS_DISPLAY (display)' failed
Unable to init server: Could not connect: Connection refused

(DataCollector_Deterministic.py:1854083): Gdk-CRITICAL **: 15:35:09.963: gdk_cursor_new_for_display: assertion 'GDK_IS_DISPLAY (display)' failed
Unable to init server: Could not connect: Connection refused

(DataCollector_Deterministic.py:1853111): Gdk-CRITICAL **: 15:35:09.982: gdk_cursor_new_for_display: assertion 'GDK_IS_DISPLAY (display)' failed
Unable to init server: Could not connect: Connection refused

(DataCollector_Deterministic.py:1852726): Gdk-CRITICAL **: 15:35:09.990: gdk_cursor_new_for_display: assertion 'GDK_IS_DISPLAY (display)' failed
Unable to init server: Could not connect: Connection refused

(DataCollector_Deterministic.py:1852773): Gdk-CRITICAL **: 15:35:10.002: gdk_cursor_new_for_display: assertion 'GDK_IS_DISPLAY (display)' failed
Unable to init server: Could not connect: Connection refused

(DataCollector_Deterministic.py:1853185): Gdk-CRITICAL **: 15:35:10.006: gdk_cursor_new_for_display: assertion 'GDK_IS_DISPLAY (display)' failed
Unable to init server: Could not connect: Connection refused

(DataCollector_Deterministic.py:1854029): Gdk-CRITICAL **: 15:35:10.013: gdk_cursor_new_for_display: assertion 'GDK_IS_DISPLAY (display)' failed
Unable to init server: Could not connect: Connection refused

(DataCollector_Deterministic.py:1853883): Gdk-CRITICAL **: 15:35:10.020: gdk_cursor_new_for_display: assertion 'GDK_IS_DISPLAY (display)' failed
Unable to init server: Could not connect: Connection refused

(DataCollector_Deterministic.py:1853853): Gdk-CRITICAL **: 15:35:10.054: gdk_cursor_new_for_display: assertion 'GDK_IS_DISPLAY (display)' failed
Unable to init server: Could not connect: Connection refused

(DataCollector_Deterministic.py:1853367): Gdk-CRITICAL **: 15:35:10.057: gdk_cursor_new_for_display: assertion 'GDK_IS_DISPLAY (display)' failed
Unable to init server: Could not connect: Connection refused

(DataCollector_Deterministic.py:1853528): Gdk-CRITICAL **: 15:35:10.070: gdk_cursor_new_for_display: assertion 'GDK_IS_DISPLAY (display)' failed
Unable to init server: Could not connect: Connection refused

(DataCollector_Deterministic.py:1853127): Gdk-CRITICAL **: 15:35:10.082: gdk_cursor_new_for_display: assertion 'GDK_IS_DISPLAY (display)' failed
Unable to init server: Could not connect: Connection refused

(DataCollector_Deterministic.py:1852519): Gdk-CRITICAL **: 15:35:10.086: gdk_cursor_new_for_display: assertion 'GDK_IS_DISPLAY (display)' failed
Unable to init server: Could not connect: Connection refused

(DataCollector_Deterministic.py:1852853): Gdk-CRITICAL **: 15:35:10.094: gdk_cursor_new_for_display: assertion 'GDK_IS_DISPLAY (display)' failed
Unable to init server: Could not connect: Connection refused

(DataCollector_Deterministic.py:1853203): Gdk-CRITICAL **: 15:35:10.102: gdk_cursor_new_for_display: assertion 'GDK_IS_DISPLAY (display)' failed
Unable to init server: Could not connect: Connection refused

(DataCollector_Deterministic.py:1852618): Gdk-CRITICAL **: 15:35:10.106: gdk_cursor_new_for_display: assertion 'GDK_IS_DISPLAY (display)' failed
Unable to init server: Could not connect: Connection refused

(DataCollector_Deterministic.py:1852963): Gdk-CRITICAL **: 15:35:10.110: gdk_cursor_new_for_display: assertion 'GDK_IS_DISPLAY (display)' failed
Unable to init server: Could not connect: Connection refused

(DataCollector_Deterministic.py:1852766): Gdk-CRITICAL **: 15:35:10.113: gdk_cursor_new_for_display: assertion 'GDK_IS_DISPLAY (display)' failed
Unable to init server: Could not connect: Connection refused

(DataCollector_Deterministic.py:1853009): Gdk-CRITICAL **: 15:35:10.118: gdk_cursor_new_for_display: assertion 'GDK_IS_DISPLAY (display)' failed
Unable to init server: Could not connect: Connection refused

(DataCollector_Deterministic.py:1854420): Gdk-CRITICAL **: 15:35:10.120: gdk_cursor_new_for_display: assertion 'GDK_IS_DISPLAY (display)' failed
Unable to init server: Could not connect: Connection refused

(DataCollector_Deterministic.py:1854313): Gdk-CRITICAL **: 15:35:10.130: gdk_cursor_new_for_display: assertion 'GDK_IS_DISPLAY (display)' failed
Unable to init server: Could not connect: Connection refused

(DataCollector_Deterministic.py:1854183): Gdk-CRITICAL **: 15:35:10.163: gdk_cursor_new_for_display: assertion 'GDK_IS_DISPLAY (display)' failed
Unable to init server: Could not connect: Connection refused

(DataCollector_Deterministic.py:1853218): Gdk-CRITICAL **: 15:35:10.164: gdk_cursor_new_for_display: assertion 'GDK_IS_DISPLAY (display)' failed
Unable to init server: Could not connect: Connection refused

(DataCollector_Deterministic.py:1853351): Gdk-CRITICAL **: 15:35:10.174: gdk_cursor_new_for_display: assertion 'GDK_IS_DISPLAY (display)' failed
Unable to init server: Could not connect: Connection refused

(DataCollector_Deterministic.py:1852720): Gdk-CRITICAL **: 15:35:10.177: gdk_cursor_new_for_display: assertion 'GDK_IS_DISPLAY (display)' failed
Unable to init server: Could not connect: Connection refused

(DataCollector_Deterministic.py:1853839): Gdk-CRITICAL **: 15:35:10.204: gdk_cursor_new_for_display: assertion 'GDK_IS_DISPLAY (display)' failed
Unable to init server: Could not connect: Connection refused

(DataCollector_Deterministic.py:1853065): Gdk-CRITICAL **: 15:35:10.226: gdk_cursor_new_for_display: assertion 'GDK_IS_DISPLAY (display)' failed
Unable to init server: Could not connect: Connection refused

(DataCollector_Deterministic.py:1854584): Gdk-CRITICAL **: 15:35:10.250: gdk_cursor_new_for_display: assertion 'GDK_IS_DISPLAY (display)' failed
Unable to init server: Could not connect: Connection refused

(DataCollector_Deterministic.py:1853571): Gdk-CRITICAL **: 15:35:10.252: gdk_cursor_new_for_display: assertion 'GDK_IS_DISPLAY (display)' failed
Unable to init server: Could not connect: Connection refused

(DataCollector_Deterministic.py:1853095): Gdk-CRITICAL **: 15:35:10.256: gdk_cursor_new_for_display: assertion 'GDK_IS_DISPLAY (display)' failed
Unable to init server: Could not connect: Connection refused

(DataCollector_Deterministic.py:1854543): Gdk-CRITICAL **: 15:35:10.262: gdk_cursor_new_for_display: assertion 'GDK_IS_DISPLAY (display)' failed
Unable to init server: Could not connect: Connection refused

(DataCollector_Deterministic.py:1854218): Gdk-CRITICAL **: 15:35:10.265: gdk_cursor_new_for_display: assertion 'GDK_IS_DISPLAY (display)' failed
Unable to init server: Could not connect: Connection refused

(DataCollector_Deterministic.py:1852899): Gdk-CRITICAL **: 15:35:10.282: gdk_cursor_new_for_display: assertion 'GDK_IS_DISPLAY (display)' failed
Unable to init server: Could not connect: Connection refused

(DataCollector_Deterministic.py:1854430): Gdk-CRITICAL **: 15:35:10.334: gdk_cursor_new_for_display: assertion 'GDK_IS_DISPLAY (display)' failed
Unable to init server: Could not connect: Connection refused

(DataCollector_Deterministic.py:1854021): Gdk-CRITICAL **: 15:35:10.382: gdk_cursor_new_for_display: assertion 'GDK_IS_DISPLAY (display)' failed
Unable to init server: Could not connect: Connection refused

(DataCollector_Deterministic.py:1853618): Gdk-CRITICAL **: 15:35:10.394: gdk_cursor_new_for_display: assertion 'GDK_IS_DISPLAY (display)' failed
Unable to init server: Could not connect: Connection refused

(DataCollector_Deterministic.py:1854195): Gdk-CRITICAL **: 15:35:10.402: gdk_cursor_new_for_display: assertion 'GDK_IS_DISPLAY (display)' failed
Unable to init server: Could not connect: Connection refused

(DataCollector_Deterministic.py:1852924): Gdk-CRITICAL **: 15:35:10.596: gdk_cursor_new_for_display: assertion 'GDK_IS_DISPLAY (display)' failed
Unable to init server: Could not connect: Connection refused

(DataCollector_Deterministic.py:1852881): Gdk-CRITICAL **: 15:35:10.621: gdk_cursor_new_for_display: assertion 'GDK_IS_DISPLAY (display)' failed
Unable to init server: Could not connect: Connection refused

(DataCollector_Deterministic.py:1852504): Gdk-CRITICAL **: 15:35:10.659: gdk_cursor_new_for_display: assertion 'GDK_IS_DISPLAY (display)' failed
Initalising...
Running Sim...

Data Dump...
Initalising...
Running Sim...

Data Dump...
Initalising...
Running Sim...

Data Dump...
Initalising...
Running Sim...

Data Dump...
Initalising...
Running Sim...

Data Dump...
Initalising...
Running Sim...

Data Dump...
Initalising...
Running Sim...

Data Dump...
Initalising...
Running Sim...

Data Dump...
Initalising...
Running Sim...
.Initalising...
Running Sim...
.Initalising...
Running Sim...
.Initalising...
Running Sim...
.Initalising...
Running Sim...
.Initalising...
Running Sim...
.Initalising...
Running Sim...
.Initalising...
Running Sim...
.Initalising...
Running Sim...
.Initalising...
Running Sim...
.Initalising...
Running Sim...
.Initalising...
Running Sim...
.Initalising...
Running Sim...
.Initalising...
Running Sim...
.Initalising...
Running Sim...
.Initalising...
Running Sim...
.Initalising...
Running Sim...
.Initalising...
Running Sim...
.Initalising...
Running Sim...
.Initalising...
Running Sim...
.Initalising...
Running Sim...
.Initalising...
Running Sim...
.Initalising...
Running Sim...
.Initalising...
Running Sim...
.Initalising...
Running Sim...
.Initalising...
Running Sim...
.Initalising...
Running Sim...
.Initalising...
Running Sim...
.Initalising...
Running Sim...
.Initalising...
Running Sim...
.Initalising...
Running Sim...
.Initalising...
Running Sim...
.Initalising...
Running Sim...
.Initalising...
Running Sim...
.Initalising...
Running Sim...
.Initalising...
Running Sim...
.Initalising...
Running Sim...
.Initalising...
Running Sim...
.Initalising...
Running Sim...
.Initalising...
Running Sim...
.Initalising...
Running Sim...
.Initalising...
Running Sim...
.Initalising...
Running Sim...
.Initalising...
Running Sim...
.Initalising...
Running Sim...
.Initalising...
Running Sim...
.Initalising...
Running Sim...
.Initalising...
Running Sim...
.Initalising...
Running Sim...
.Initalising...
Running Sim...
.Initalising...
Running Sim...
.Initalising...
Running Sim...
.Initalising...
Running Sim...
.Initalising...
Running Sim...
.Initalising...
Running Sim...
.Initalising...
Running Sim...
.Initalising...
Running Sim...
.Initalising...
Running Sim...
.Initalising...
Running Sim...
.Initalising...
Running Sim...
.Initalising...
Running Sim...
.Initalising...
Running Sim...
.Initalising...
Running Sim...
.Initalising...
Running Sim...
.Initalising...
Running Sim...
.Initalising...
Running Sim...
.Initalising...
Running Sim...
.Initalising...
Running Sim...
.Initalising...
Running Sim...
.Initalising...
Running Sim...
.Initalising...
Running Sim...
.Initalising...
Running Sim...
.Initalising...
Running Sim...
.Initalising...
Running Sim...
.Initalising...
Running Sim...
.Initalising...
Running Sim...
.Initalising...
Running Sim...
.Initalising...
Running Sim...
.Initalising...
Running Sim...
.Initalising...
Running Sim...
.Initalising...
Running Sim...
.Initalising...
Running Sim...
.Initalising...
Running Sim...
.Initalising...
Running Sim...
.Initalising...
Running Sim...
.Initalising...
Running Sim...
.Initalising...
Running Sim...
.Initalising...
Running Sim...
.Initalising...
Running Sim...
.Initalising...
Running Sim...
.Initalising...
Running Sim...
.Initalising...
Running Sim...
............................................................................................................................................................................................................................................................................................................................................................................................................................................................................................................................................................................................................................................................................................................................................................................................................................................
[1760 9998]
.
[1743 9999]
...
[1739 9999]
.
[1688 9999]
.
[1685 9999]
.
[1704 9999]
.
[1771 9995]
.
[1742 9999]
.
[1722 9965]
.
[1750 9964]
..
[1793 9994]
.
[1737 9994]
.
[1743 9958]
..
[1706 9995]
.
[1734 9962]
.
[1731 9949]
..
[1886 9750]
.
[1852 9825]
.
[1691 9949]
.
[1763 9935]
.
[1743 9970]
.
[1972 9734]
.
[1763 9965]
.
[1761 9932]
.
[1786 9907]
.
[1738 9998]
..
[1775 9957]
..
[1732 9992]
.
[1744 9975]
.
[1781 9952]
.
[1798 9940]
.
[2049 9558]
.
[1700 9974]
.
[1822 9820]
.
[1706 9930]
.
[1686 9997]
.
[1807 9956]
.
[1822 9809]
.
[1810 9912]
.
[1751 9978]
..
[1808 9863]
.
[1739 9965]
..
[2032 9534]
..
[1827 9840]
.
[1757 9908]
.
[1885 9775]
..
[1950 9604]
..
[1747 9922]
.
[1912 9728]
..
[2383 9020]
.
[1831 9819]
.
[2226 9266]
.
[2242 9313]
.
[2171 9344]
.
[2301 9110]
.
[2282 9133]
.
[2327 9112]
..
[2147 9368]
.
[2231 9259]
.
[2212 9302]
.
[2240 9229]
.
[2295 9170]
.
[2248 9188]
...
[2476 8931]
.
[2320 9044]
.
[2364 9047]
...
[2683 8590]
.
[2678 8713]
...
[2354 9078]
.....
[2834 8562]
.
[2546 8810]
....
[2874 8374]
...
[2990 8231]
..........
[2930 8289]
....
[9371 1451]
.............
[2960 8340]
.....
[2987 8254]
.
[2821 8496]
...............
[8806 1936]
.....
[3842 7159]
..
[3760 7245]
......
[3799 7297]
...
[3947 7111]
....
[8019 2892]
......
[7131 3984]
..........
[4647 6327]
............
[4415 6562]
....
[4997 5963]
......
[7491 3444]
................................
[6767 3932]
.........
[6339 4431]
.
[6773 3918]
.....................................................................................................................................................................................................................................
Data Dump...
......
Data Dump...
.
Data Dump...
.....
Data Dump...
.....
Data Dump...
..
Data Dump...
...................................................................................................................................................................................................................
[  63 6871]
.............
[  89 6294]
....
[  94 6499]
.........................
[ 108 6339]
......
[ 117 6063]
...
[ 120 6037]
...
[ 107 6072]
.......
[ 108 6074]
.........
[ 102 5972]
..
[ 120 5674]
.....
[ 145 5599]
....
[ 110 5938]
...
[ 103 6054]
...........
[ 131 5797]
......
[ 120 5496]
..
[ 142 5571]
..
[ 137 5498]
....
[ 146 5528]
.
[ 175 5516]
.
[ 125 5622]
.
[ 166 5446]
.
[ 157 5297]
.......
[ 179 5354]
...
[ 172 5093]
....
[ 133 5232]
..........
[ 151 5436]
.......
[ 196 4821]
.
[ 198 4951]
................
[ 156 5269]
.
[ 186 5088]
..................................
[ 230 4732]
........
[ 235 4802]
........
[ 267 4247]
.
[ 265 4409]
.........
[ 259 4553]
..
[ 278 4164]
............
[ 310 3969]
..
[ 405 3786]
..........
[ 417 3639]
..
[ 339 4293]
.......
[ 424 3575]
.....
[ 331 4125]
.
[ 416 3714]
.......................
[ 364 4010]
..
[4091   28]
.........
[ 561 3139]
.......
[ 537 3548]
.....
[ 419 3561]
.
[ 508 3214]
.
[ 461 3674]
.....
[ 529 3332]
.....
[ 516 3321]
.................
[ 530 3581]
.
[ 596 3072]
....
[ 549 3274]
.............
[3664   50]
.....
[ 766 2416]
....
[ 874 2360]
...
[ 701 2908]
...
[ 731 2655]
..........
[ 658 2899]
.....
[ 900 2073]
....
[ 667 2999]
...........
[ 891 2083]
....
[ 872 2279]
.......
[3247  230]
........
[1023 1927]
.
[1142 1702]
.
[ 696 2977]
................
[1121 1804]
...
[1080 1924]
.
[ 840 2604]
.........
[1124 1887]
...
[ 929 2441]
..............................
[2568  947]
.
[2918  452]
..........................
[1617 1022]
.
[1710  969]
....
[1498 1494]
........
[1825 1253]
....
[2800  188]
....
[1388 1589]
...............
[1921  906]
.....
[1667 1312]
.....
[2835  184]
..............
[2577  407]
...........................................................................................................................................................................
[ 40 717]
....................
[ 56 783]
..................
[ 54 363]
.................
[ 65 684]
...........
[ 64 683]
..........
[ 68 527]
...........
[ 56 566]
......
[ 58 695]
............
[ 61 656]
..............
[ 77 436]
.........
[ 58 578]
....
[ 55 656]
...........
[ 57 232]
.......................
[ 77 589]
...
[ 58 503]
......
[ 60 375]
...
[ 61 444]
....
[ 84 496]
..
[ 85 480]
..
[ 68 321]
..........
[ 48 314]
......
[ 71 237]
...
[ 60 140]
.
[ 60 369]
........
[ 75 243]
...........
[ 66 196]
....
[ 60 378]
......................
[ 74 429]
............
[ 76 231]
...............
[ 50 419]
............................
[ 73 408]
..............
[ 91 204]
.
[72 87]
...........
[ 80 187]
...
[ 78 125]
..
[ 80 251]
......................
[98 82]
.......
[111  81]
..
[ 64 260]
...
[ 82 298]
...............
[87 72]
.............
[ 80 111]
....
[95 41]
..........................
[114 153]
...
[ 93 188]
.
[232   7]
.........................
[96 36]
......
[95 36]
....
[ 84 136]
..
[114 106]
...........
[ 91 286]
...
[86 99]
.....................
[86 58]
.
[61 48]
..................
[120  20]
.
[102  26]
..
[97 86]
.
[79 91]
.........
[186   5]
...
Data Dump...
......
[88 28]
....
Data Dump...
..............................
[103  57]
...
[114  10]
...
[80 91]
...............
Data Dump...
..
Data Dump...
.....
Data Dump...
......
[196  20]
......
[102  15]
...
Data Dump...
.........
[96 23]
............
Data Dump...
.
[112  12]
..
Data Dump...
....
[109  18]
.........
[111  12]
..
Data Dump...
...
[115  10]
.....
[ 89 126]
............
[128  15]
...
Data Dump...
..
[98 79]
....
Data Dump...
..........
[98 48]
.......
Data Dump...
............
[173  41]
.......
[145  98]
..........
Data Dump...

Data Dump...
.
Data Dump...
........
[133  51]
......
Data Dump...
.....
[136  12]
.
[126  28]
...
[118   8]
..
Data Dump...

Data Dump...
..
Data Dump...
.....
Data Dump...
.........
[177  11]
....
Data Dump...
.
[121  19]
......
[142  29]
.
[134  41]
..
Data Dump...

Data Dump...
............
Data Dump...
.
Data Dump...
...
Data Dump...
...............
Data Dump...

Data Dump...
....
[178   9]
.................
[168   9]
.
Data Dump...
..............
Data Dump...
............................
Data Dump...
.................
Data Dump...
..........
Data Dump...

Data Dump...
..
Data Dump...
...
Data Dump...
...........
Data Dump...

Data Dump...

Data Dump...
...
Data Dump...
......................
Data Dump...
..............
Data Dump...
....
Data Dump...
.
Data Dump...
...........
Data Dump...

Data Dump...
...............
Data Dump...
...
Data Dump...
.
Data Dump...
...
Data Dump...

Data Dump...
.........
Data Dump...
...............
Data Dump...
...
Data Dump...
...
Data Dump...

Data Dump...

Data Dump...
.
Data Dump...
...
Data Dump...
.
Data Dump...
..................
Data Dump...
........
Data Dump...

Data Dump...
....
Data Dump...
.....
Data Dump...
...
Data Dump...
.....
Data Dump...
...
Data Dump...

Data Dump...
....
Data Dump...
..
Data Dump...
.
Data Dump...

Data Dump...
....
Data Dump...
....
Data Dump...
...
Data Dump...
.
Data Dump...
..
Data Dump...

Data Dump...

Data Dump...
...
Data Dump...

Data Dump...

Data Dump...
.
Data Dump...
.
Data Dump...

Data Dump...
High 1 0
Done
