Unable to init server: Could not connect: Connection refused
Unable to init server: Could not connect: Connection refused
Unable to init server: Could not connect: Connection refused

(DataCollector_Deterministic.py:1853831): Gdk-CRITICAL **: 15:34:50.850: gdk_cursor_new_for_display: assertion 'GDK_IS_DISPLAY (display)' failed
Unable to init server: Could not connect: Connection refused

(DataCollector_Deterministic.py:1852687): Gdk-CRITICAL **: 15:34:51.487: gdk_cursor_new_for_display: assertion 'GDK_IS_DISPLAY (display)' failed
Unable to init server: Could not connect: Connection refused
Unable to init server: Could not connect: Connection refused
Unable to init server: Could not connect: Connection refused
Unable to init server: Could not connect: Connection refused
Unable to init server: Could not connect: Connection refused

(DataCollector_Deterministic.py:1853815): Gdk-CRITICAL **: 15:34:53.071: gdk_cursor_new_for_display: assertion 'GDK_IS_DISPLAY (display)' failed

(DataCollector_Deterministic.py:1852585): Gdk-CRITICAL **: 15:34:53.171: gdk_cursor_new_for_display: assertion 'GDK_IS_DISPLAY (display)' failed
Unable to init server: Could not connect: Connection refused

(DataCollector_Deterministic.py:1853776): Gdk-CRITICAL **: 15:34:53.269: gdk_cursor_new_for_display: assertion 'GDK_IS_DISPLAY (display)' failed
Unable to init server: Could not connect: Connection refused
Unable to init server: Could not connect: Connection refused
Unable to init server: Could not connect: Connection refused

(DataCollector_Deterministic.py:1853609): Gdk-CRITICAL **: 15:34:55.193: gdk_cursor_new_for_display: assertion 'GDK_IS_DISPLAY (display)' failed
Unable to init server: Could not connect: Connection refused
Unable to init server: Could not connect: Connection refused
Unable to init server: Could not connect: Connection refused
Unable to init server: Could not connect: Connection refused
Unable to init server: Could not connect: Connection refused
Unable to init server: Could not connect: Connection refused

(DataCollector_Deterministic.py:1853631): Gdk-CRITICAL **: 15:34:56.487: gdk_cursor_new_for_display: assertion 'GDK_IS_DISPLAY (display)' failed
Unable to init server: Could not connect: Connection refused
Unable to init server: Could not connect: Connection refused

(DataCollector_Deterministic.py:1854364): Gdk-CRITICAL **: 15:34:56.820: gdk_cursor_new_for_display: assertion 'GDK_IS_DISPLAY (display)' failed
Unable to init server: Could not connect: Connection refused
Unable to init server: Could not connect: Connection refused
Unable to init server: Could not connect: Connection refused
Unable to init server: Could not connect: Connection refused
Unable to init server: Could not connect: Connection refused
Unable to init server: Could not connect: Connection refused

(DataCollector_Deterministic.py:1854391): Gdk-CRITICAL **: 15:34:56.899: gdk_cursor_new_for_display: assertion 'GDK_IS_DISPLAY (display)' failed
Unable to init server: Could not connect: Connection refused

(DataCollector_Deterministic.py:1853543): Gdk-CRITICAL **: 15:34:56.903: gdk_cursor_new_for_display: assertion 'GDK_IS_DISPLAY (display)' failed
Unable to init server: Could not connect: Connection refused

(DataCollector_Deterministic.py:1854121): Gdk-CRITICAL **: 15:34:56.907: gdk_cursor_new_for_display: assertion 'GDK_IS_DISPLAY (display)' failed
Unable to init server: Could not connect: Connection refused

(DataCollector_Deterministic.py:1853129): Gdk-CRITICAL **: 15:34:56.911: gdk_cursor_new_for_display: assertion 'GDK_IS_DISPLAY (display)' failed
Unable to init server: Could not connect: Connection refused
Unable to init server: Could not connect: Connection refused
Unable to init server: Could not connect: Connection refused

(DataCollector_Deterministic.py:1853983): Gdk-CRITICAL **: 15:34:58.330: gdk_cursor_new_for_display: assertion 'GDK_IS_DISPLAY (display)' failed
Unable to init server: Could not connect: Connection refused

(DataCollector_Deterministic.py:1854222): Gdk-CRITICAL **: 15:34:58.486: gdk_cursor_new_for_display: assertion 'GDK_IS_DISPLAY (display)' failed
Unable to init server: Could not connect: Connection refused

(DataCollector_Deterministic.py:1852669): Gdk-CRITICAL **: 15:34:58.521: gdk_cursor_new_for_display: assertion 'GDK_IS_DISPLAY (display)' failed
Unable to init server: Could not connect: Connection refused

(DataCollector_Deterministic.py:1854533): Gdk-CRITICAL **: 15:34:58.537: gdk_cursor_new_for_display: assertion 'GDK_IS_DISPLAY (display)' failed
Unable to init server: Could not connect: Connection refused

(DataCollector_Deterministic.py:1853628): Gdk-CRITICAL **: 15:34:58.690: gdk_cursor_new_for_display: assertion 'GDK_IS_DISPLAY (display)' failed
Unable to init server: Could not connect: Connection refused
Unable to init server: Could not connect: Connection refused

(DataCollector_Deterministic.py:1854486): Gdk-CRITICAL **: 15:34:58.776: gdk_cursor_new_for_display: assertion 'GDK_IS_DISPLAY (display)' failed
Unable to init server: Could not connect: Connection refused

(DataCollector_Deterministic.py:1852607): Gdk-CRITICAL **: 15:34:58.900: gdk_cursor_new_for_display: assertion 'GDK_IS_DISPLAY (display)' failed
Unable to init server: Could not connect: Connection refused

(DataCollector_Deterministic.py:1854189): Gdk-CRITICAL **: 15:34:58.917: gdk_cursor_new_for_display: assertion 'GDK_IS_DISPLAY (display)' failed
Unable to init server: Could not connect: Connection refused
Unable to init server: Could not connect: Connection refused
Unable to init server: Could not connect: Connection refused
Unable to init server: Could not connect: Connection refused
Unable to init server: Could not connect: Connection refused

(DataCollector_Deterministic.py:1853403): Gdk-CRITICAL **: 15:35:00.317: gdk_cursor_new_for_display: assertion 'GDK_IS_DISPLAY (display)' failed
Unable to init server: Could not connect: Connection refused
Unable to init server: Could not connect: Connection refused
Unable to init server: Could not connect: Connection refused
Unable to init server: Could not connect: Connection refused

(DataCollector_Deterministic.py:1852508): Gdk-CRITICAL **: 15:35:00.846: gdk_cursor_new_for_display: assertion 'GDK_IS_DISPLAY (display)' failed
Unable to init server: Could not connect: Connection refused

(DataCollector_Deterministic.py:1852741): Gdk-CRITICAL **: 15:35:00.970: gdk_cursor_new_for_display: assertion 'GDK_IS_DISPLAY (display)' failed
Unable to init server: Could not connect: Connection refused
Unable to init server: Could not connect: Connection refused
Unable to init server: Could not connect: Connection refused
Unable to init server: Could not connect: Connection refused
Unable to init server: Could not connect: Connection refused
Unable to init server: Could not connect: Connection refused
Unable to init server: Could not connect: Connection refused

(DataCollector_Deterministic.py:1853358): Gdk-CRITICAL **: 15:35:01.490: gdk_cursor_new_for_display: assertion 'GDK_IS_DISPLAY (display)' failed
Unable to init server: Could not connect: Connection refused
Unable to init server: Could not connect: Connection refused

(DataCollector_Deterministic.py:1852527): Gdk-CRITICAL **: 15:35:01.837: gdk_cursor_new_for_display: assertion 'GDK_IS_DISPLAY (display)' failed
Unable to init server: Could not connect: Connection refused
Unable to init server: Could not connect: Connection refused
Unable to init server: Could not connect: Connection refused

(DataCollector_Deterministic.py:1854349): Gdk-CRITICAL **: 15:35:02.214: gdk_cursor_new_for_display: assertion 'GDK_IS_DISPLAY (display)' failed
Unable to init server: Could not connect: Connection refused
Unable to init server: Could not connect: Connection refused

(DataCollector_Deterministic.py:1853013): Gdk-CRITICAL **: 15:35:02.382: gdk_cursor_new_for_display: assertion 'GDK_IS_DISPLAY (display)' failed
Unable to init server: Could not connect: Connection refused

(DataCollector_Deterministic.py:1853577): Gdk-CRITICAL **: 15:35:02.496: gdk_cursor_new_for_display: assertion 'GDK_IS_DISPLAY (display)' failed
Unable to init server: Could not connect: Connection refused

(DataCollector_Deterministic.py:1854325): Gdk-CRITICAL **: 15:35:02.601: gdk_cursor_new_for_display: assertion 'GDK_IS_DISPLAY (display)' failed
Unable to init server: Could not connect: Connection refused

(DataCollector_Deterministic.py:1854583): Gdk-CRITICAL **: 15:35:02.612: gdk_cursor_new_for_display: assertion 'GDK_IS_DISPLAY (display)' failed
Unable to init server: Could not connect: Connection refused

(DataCollector_Deterministic.py:1854105): Gdk-CRITICAL **: 15:35:02.626: gdk_cursor_new_for_display: assertion 'GDK_IS_DISPLAY (display)' failed
Unable to init server: Could not connect: Connection refused
Unable to init server: Could not connect: Connection refused

(DataCollector_Deterministic.py:1854575): Gdk-CRITICAL **: 15:35:03.296: gdk_cursor_new_for_display: assertion 'GDK_IS_DISPLAY (display)' failed
Unable to init server: Could not connect: Connection refused
Unable to init server: Could not connect: Connection refused

(DataCollector_Deterministic.py:1853296): Gdk-CRITICAL **: 15:35:03.377: gdk_cursor_new_for_display: assertion 'GDK_IS_DISPLAY (display)' failed
Unable to init server: Could not connect: Connection refused

(DataCollector_Deterministic.py:1852767): Gdk-CRITICAL **: 15:35:03.384: gdk_cursor_new_for_display: assertion 'GDK_IS_DISPLAY (display)' failed
Unable to init server: Could not connect: Connection refused

(DataCollector_Deterministic.py:1852623): Gdk-CRITICAL **: 15:35:03.419: gdk_cursor_new_for_display: assertion 'GDK_IS_DISPLAY (display)' failed
Unable to init server: Could not connect: Connection refused

(DataCollector_Deterministic.py:1852645): Gdk-CRITICAL **: 15:35:03.687: gdk_cursor_new_for_display: assertion 'GDK_IS_DISPLAY (display)' failed
Unable to init server: Could not connect: Connection refused

(DataCollector_Deterministic.py:1853793): Gdk-CRITICAL **: 15:35:03.710: gdk_cursor_new_for_display: assertion 'GDK_IS_DISPLAY (display)' failed
Unable to init server: Could not connect: Connection refused
Unable to init server: Could not connect: Connection refused

(DataCollector_Deterministic.py:1854505): Gdk-CRITICAL **: 15:35:03.953: gdk_cursor_new_for_display: assertion 'GDK_IS_DISPLAY (display)' failed
Unable to init server: Could not connect: Connection refused

(DataCollector_Deterministic.py:1853049): Gdk-CRITICAL **: 15:35:04.262: gdk_cursor_new_for_display: assertion 'GDK_IS_DISPLAY (display)' failed
Unable to init server: Could not connect: Connection refused
Unable to init server: Could not connect: Connection refused
Unable to init server: Could not connect: Connection refused
Unable to init server: Could not connect: Connection refused
Unable to init server: Could not connect: Connection refused

(DataCollector_Deterministic.py:1853452): Gdk-CRITICAL **: 15:35:05.262: gdk_cursor_new_for_display: assertion 'GDK_IS_DISPLAY (display)' failed
Unable to init server: Could not connect: Connection refused

(DataCollector_Deterministic.py:1853067): Gdk-CRITICAL **: 15:35:05.721: gdk_cursor_new_for_display: assertion 'GDK_IS_DISPLAY (display)' failed
Unable to init server: Could not connect: Connection refused
Unable to init server: Could not connect: Connection refused
Unable to init server: Could not connect: Connection refused
Unable to init server: Could not connect: Connection refused
Unable to init server: Could not connect: Connection refused
Unable to init server: Could not connect: Connection refused
Unable to init server: Could not connect: Connection refused
Unable to init server: Could not connect: Connection refused

(DataCollector_Deterministic.py:1852492): Gdk-CRITICAL **: 15:35:06.353: gdk_cursor_new_for_display: assertion 'GDK_IS_DISPLAY (display)' failed
Unable to init server: Could not connect: Connection refused

(DataCollector_Deterministic.py:1854075): Gdk-CRITICAL **: 15:35:06.405: gdk_cursor_new_for_display: assertion 'GDK_IS_DISPLAY (display)' failed
Unable to init server: Could not connect: Connection refused

(DataCollector_Deterministic.py:1854573): Gdk-CRITICAL **: 15:35:06.452: gdk_cursor_new_for_display: assertion 'GDK_IS_DISPLAY (display)' failed
Unable to init server: Could not connect: Connection refused

(DataCollector_Deterministic.py:1854089): Gdk-CRITICAL **: 15:35:06.653: gdk_cursor_new_for_display: assertion 'GDK_IS_DISPLAY (display)' failed
Unable to init server: Could not connect: Connection refused

(DataCollector_Deterministic.py:1853181): Gdk-CRITICAL **: 15:35:07.726: gdk_cursor_new_for_display: assertion 'GDK_IS_DISPLAY (display)' failed
Unable to init server: Could not connect: Connection refused

(DataCollector_Deterministic.py:1853379): Gdk-CRITICAL **: 15:35:07.737: gdk_cursor_new_for_display: assertion 'GDK_IS_DISPLAY (display)' failed
Unable to init server: Could not connect: Connection refused
Unable to init server: Could not connect: Connection refused

(DataCollector_Deterministic.py:1853673): Gdk-CRITICAL **: 15:35:07.785: gdk_cursor_new_for_display: assertion 'GDK_IS_DISPLAY (display)' failed
Unable to init server: Could not connect: Connection refused

(DataCollector_Deterministic.py:1852777): Gdk-CRITICAL **: 15:35:07.826: gdk_cursor_new_for_display: assertion 'GDK_IS_DISPLAY (display)' failed
Unable to init server: Could not connect: Connection refused

(DataCollector_Deterministic.py:1852838): Gdk-CRITICAL **: 15:35:07.833: gdk_cursor_new_for_display: assertion 'GDK_IS_DISPLAY (display)' failed
Unable to init server: Could not connect: Connection refused

(DataCollector_Deterministic.py:1852561): Gdk-CRITICAL **: 15:35:07.886: gdk_cursor_new_for_display: assertion 'GDK_IS_DISPLAY (display)' failed
Unable to init server: Could not connect: Connection refused

(DataCollector_Deterministic.py:1852929): Gdk-CRITICAL **: 15:35:07.916: gdk_cursor_new_for_display: assertion 'GDK_IS_DISPLAY (display)' failed
Unable to init server: Could not connect: Connection refused
Unable to init server: Could not connect: Connection refused
Unable to init server: Could not connect: Connection refused
Unable to init server: Could not connect: Connection refused

(DataCollector_Deterministic.py:1853432): Gdk-CRITICAL **: 15:35:09.780: gdk_cursor_new_for_display: assertion 'GDK_IS_DISPLAY (display)' failed
Unable to init server: Could not connect: Connection refused
Unable to init server: Could not connect: Connection refused

(DataCollector_Deterministic.py:1853855): Gdk-CRITICAL **: 15:35:09.867: gdk_cursor_new_for_display: assertion 'GDK_IS_DISPLAY (display)' failed
Unable to init server: Could not connect: Connection refused
Unable to init server: Could not connect: Connection refused
Unable to init server: Could not connect: Connection refused
Unable to init server: Could not connect: Connection refused
Unable to init server: Could not connect: Connection refused
Unable to init server: Could not connect: Connection refused

(DataCollector_Deterministic.py:1854424): Gdk-CRITICAL **: 15:35:10.017: gdk_cursor_new_for_display: assertion 'GDK_IS_DISPLAY (display)' failed
Unable to init server: Could not connect: Connection refused
Unable to init server: Could not connect: Connection refused
Unable to init server: Could not connect: Connection refused
Unable to init server: Could not connect: Connection refused
Unable to init server: Could not connect: Connection refused
Unable to init server: Could not connect: Connection refused
Unable to init server: Could not connect: Connection refused
Unable to init server: Could not connect: Connection refused
Unable to init server: Could not connect: Connection refused
Unable to init server: Could not connect: Connection refused
Unable to init server: Could not connect: Connection refused
Unable to init server: Could not connect: Connection refused
Unable to init server: Could not connect: Connection refused
Unable to init server: Could not connect: Connection refused
Unable to init server: Could not connect: Connection refused
Unable to init server: Could not connect: Connection refused
Unable to init server: Could not connect: Connection refused
Unable to init server: Could not connect: Connection refused
Unable to init server: Could not connect: Connection refused
Unable to init server: Could not connect: Connection refused
Unable to init server: Could not connect: Connection refused
Unable to init server: Could not connect: Connection refused
Unable to init server: Could not connect: Connection refused
Unable to init server: Could not connect: Connection refused
Unable to init server: Could not connect: Connection refused
Unable to init server: Could not connect: Connection refused
Unable to init server: Could not connect: Connection refused
Unable to init server: Could not connect: Connection refused
Unable to init server: Could not connect: Connection refused
Unable to init server: Could not connect: Connection refused
Unable to init server: Could not connect: Connection refused
Unable to init server: Could not connect: Connection refused
Unable to init server: Could not connect: Connection refused
Unable to init server: Could not connect: Connection refused
Unable to init server: Could not connect: Connection refused
Unable to init server: Could not connect: Connection refused
Unable to init server: Could not connect: Connection refused
Unable to init server: Could not connect: Connection refused
Unable to init server: Could not connect: Connection refused

(DataCollector_Deterministic.py:1853481): Gdk-CRITICAL **: 15:35:11.487: gdk_cursor_new_for_display: assertion 'GDK_IS_DISPLAY (display)' failed
Unable to init server: Could not connect: Connection refused
Unable to init server: Could not connect: Connection refused

(DataCollector_Deterministic.py:1854512): Gdk-CRITICAL **: 15:35:11.683: gdk_cursor_new_for_display: assertion 'GDK_IS_DISPLAY (display)' failed
Unable to init server: Could not connect: Connection refused

(DataCollector_Deterministic.py:1853921): Gdk-CRITICAL **: 15:35:11.690: gdk_cursor_new_for_display: assertion 'GDK_IS_DISPLAY (display)' failed
Unable to init server: Could not connect: Connection refused
Unable to init server: Could not connect: Connection refused

(DataCollector_Deterministic.py:1854445): Gdk-CRITICAL **: 15:35:11.725: gdk_cursor_new_for_display: assertion 'GDK_IS_DISPLAY (display)' failed
Unable to init server: Could not connect: Connection refused

(DataCollector_Deterministic.py:1852845): Gdk-CRITICAL **: 15:35:11.730: gdk_cursor_new_for_display: assertion 'GDK_IS_DISPLAY (display)' failed
Unable to init server: Could not connect: Connection refused

(DataCollector_Deterministic.py:1853274): Gdk-CRITICAL **: 15:35:11.737: gdk_cursor_new_for_display: assertion 'GDK_IS_DISPLAY (display)' failed
Unable to init server: Could not connect: Connection refused
Unable to init server: Could not connect: Connection refused
Unable to init server: Could not connect: Connection refused

(DataCollector_Deterministic.py:1852959): Gdk-CRITICAL **: 15:35:11.766: gdk_cursor_new_for_display: assertion 'GDK_IS_DISPLAY (display)' failed
Unable to init server: Could not connect: Connection refused

(DataCollector_Deterministic.py:1853567): Gdk-CRITICAL **: 15:35:11.770: gdk_cursor_new_for_display: assertion 'GDK_IS_DISPLAY (display)' failed
Unable to init server: Could not connect: Connection refused
Unable to init server: Could not connect: Connection refused

(DataCollector_Deterministic.py:1854212): Gdk-CRITICAL **: 15:35:11.822: gdk_cursor_new_for_display: assertion 'GDK_IS_DISPLAY (display)' failed
Unable to init server: Could not connect: Connection refused

(DataCollector_Deterministic.py:1853716): Gdk-CRITICAL **: 15:35:11.824: gdk_cursor_new_for_display: assertion 'GDK_IS_DISPLAY (display)' failed
Unable to init server: Could not connect: Connection refused

(DataCollector_Deterministic.py:1853241): Gdk-CRITICAL **: 15:35:11.833: gdk_cursor_new_for_display: assertion 'GDK_IS_DISPLAY (display)' failed
Unable to init server: Could not connect: Connection refused

(DataCollector_Deterministic.py:1852989): Gdk-CRITICAL **: 15:35:11.848: gdk_cursor_new_for_display: assertion 'GDK_IS_DISPLAY (display)' failed
Unable to init server: Could not connect: Connection refused

(DataCollector_Deterministic.py:1854261): Gdk-CRITICAL **: 15:35:11.872: gdk_cursor_new_for_display: assertion 'GDK_IS_DISPLAY (display)' failed
Unable to init server: Could not connect: Connection refused

(DataCollector_Deterministic.py:1853751): Gdk-CRITICAL **: 15:35:11.894: gdk_cursor_new_for_display: assertion 'GDK_IS_DISPLAY (display)' failed
Unable to init server: Could not connect: Connection refused

(DataCollector_Deterministic.py:1854011): Gdk-CRITICAL **: 15:35:11.900: gdk_cursor_new_for_display: assertion 'GDK_IS_DISPLAY (display)' failed
Unable to init server: Could not connect: Connection refused

(DataCollector_Deterministic.py:1854498): Gdk-CRITICAL **: 15:35:11.905: gdk_cursor_new_for_display: assertion 'GDK_IS_DISPLAY (display)' failed
Unable to init server: Could not connect: Connection refused

(DataCollector_Deterministic.py:1853501): Gdk-CRITICAL **: 15:35:11.907: gdk_cursor_new_for_display: assertion 'GDK_IS_DISPLAY (display)' failed
Unable to init server: Could not connect: Connection refused

(DataCollector_Deterministic.py:1853115): Gdk-CRITICAL **: 15:35:11.925: gdk_cursor_new_for_display: assertion 'GDK_IS_DISPLAY (display)' failed
Unable to init server: Could not connect: Connection refused

(DataCollector_Deterministic.py:1852885): Gdk-CRITICAL **: 15:35:11.932: gdk_cursor_new_for_display: assertion 'GDK_IS_DISPLAY (display)' failed
Unable to init server: Could not connect: Connection refused

(DataCollector_Deterministic.py:1854041): Gdk-CRITICAL **: 15:35:11.936: gdk_cursor_new_for_display: assertion 'GDK_IS_DISPLAY (display)' failed
Unable to init server: Could not connect: Connection refused

(DataCollector_Deterministic.py:1853207): Gdk-CRITICAL **: 15:35:11.954: gdk_cursor_new_for_display: assertion 'GDK_IS_DISPLAY (display)' failed
Unable to init server: Could not connect: Connection refused

(DataCollector_Deterministic.py:1853323): Gdk-CRITICAL **: 15:35:11.956: gdk_cursor_new_for_display: assertion 'GDK_IS_DISPLAY (display)' failed
Unable to init server: Could not connect: Connection refused

(DataCollector_Deterministic.py:1853663): Gdk-CRITICAL **: 15:35:11.965: gdk_cursor_new_for_display: assertion 'GDK_IS_DISPLAY (display)' failed
Unable to init server: Could not connect: Connection refused

(DataCollector_Deterministic.py:1853339): Gdk-CRITICAL **: 15:35:11.968: gdk_cursor_new_for_display: assertion 'GDK_IS_DISPLAY (display)' failed
Unable to init server: Could not connect: Connection refused

(DataCollector_Deterministic.py:1854555): Gdk-CRITICAL **: 15:35:11.972: gdk_cursor_new_for_display: assertion 'GDK_IS_DISPLAY (display)' failed

(DataCollector_Deterministic.py:1853833): Gdk-CRITICAL **: 15:35:11.975: gdk_cursor_new_for_display: assertion 'GDK_IS_DISPLAY (display)' failed
Unable to init server: Could not connect: Connection refused

(DataCollector_Deterministic.py:1853256): Gdk-CRITICAL **: 15:35:11.989: gdk_cursor_new_for_display: assertion 'GDK_IS_DISPLAY (display)' failed
Unable to init server: Could not connect: Connection refused

(DataCollector_Deterministic.py:1854477): Gdk-CRITICAL **: 15:35:11.998: gdk_cursor_new_for_display: assertion 'GDK_IS_DISPLAY (display)' failed
Unable to init server: Could not connect: Connection refused

(DataCollector_Deterministic.py:1853955): Gdk-CRITICAL **: 15:35:12.004: gdk_cursor_new_for_display: assertion 'GDK_IS_DISPLAY (display)' failed
Unable to init server: Could not connect: Connection refused

(DataCollector_Deterministic.py:1852810): Gdk-CRITICAL **: 15:35:12.019: gdk_cursor_new_for_display: assertion 'GDK_IS_DISPLAY (display)' failed
Unable to init server: Could not connect: Connection refused

(DataCollector_Deterministic.py:1854023): Gdk-CRITICAL **: 15:35:12.040: gdk_cursor_new_for_display: assertion 'GDK_IS_DISPLAY (display)' failed
Unable to init server: Could not connect: Connection refused

(DataCollector_Deterministic.py:1852934): Gdk-CRITICAL **: 15:35:12.064: gdk_cursor_new_for_display: assertion 'GDK_IS_DISPLAY (display)' failed
Unable to init server: Could not connect: Connection refused

(DataCollector_Deterministic.py:1853524): Gdk-CRITICAL **: 15:35:12.076: gdk_cursor_new_for_display: assertion 'GDK_IS_DISPLAY (display)' failed

(DataCollector_Deterministic.py:1854317): Gdk-CRITICAL **: 15:35:12.123: gdk_cursor_new_for_display: assertion 'GDK_IS_DISPLAY (display)' failed
Unable to init server: Could not connect: Connection refused

(DataCollector_Deterministic.py:1853947): Gdk-CRITICAL **: 15:35:12.156: gdk_cursor_new_for_display: assertion 'GDK_IS_DISPLAY (display)' failed

(DataCollector_Deterministic.py:1853167): Gdk-CRITICAL **: 15:35:12.159: gdk_cursor_new_for_display: assertion 'GDK_IS_DISPLAY (display)' failed

(DataCollector_Deterministic.py:1854143): Gdk-CRITICAL **: 15:35:12.175: gdk_cursor_new_for_display: assertion 'GDK_IS_DISPLAY (display)' failed

(DataCollector_Deterministic.py:1854399): Gdk-CRITICAL **: 15:35:12.203: gdk_cursor_new_for_display: assertion 'GDK_IS_DISPLAY (display)' failed
Unable to init server: Could not connect: Connection refused

(DataCollector_Deterministic.py:1853100): Gdk-CRITICAL **: 15:35:12.208: gdk_cursor_new_for_display: assertion 'GDK_IS_DISPLAY (display)' failed
Unable to init server: Could not connect: Connection refused

(DataCollector_Deterministic.py:1854439): Gdk-CRITICAL **: 15:35:12.215: gdk_cursor_new_for_display: assertion 'GDK_IS_DISPLAY (display)' failed
Unable to init server: Could not connect: Connection refused

(DataCollector_Deterministic.py:1854051): Gdk-CRITICAL **: 15:35:12.247: gdk_cursor_new_for_display: assertion 'GDK_IS_DISPLAY (display)' failed
Unable to init server: Could not connect: Connection refused

(DataCollector_Deterministic.py:1853641): Gdk-CRITICAL **: 15:35:12.262: gdk_cursor_new_for_display: assertion 'GDK_IS_DISPLAY (display)' failed
Unable to init server: Could not connect: Connection refused

(DataCollector_Deterministic.py:1852901): Gdk-CRITICAL **: 15:35:12.269: gdk_cursor_new_for_display: assertion 'GDK_IS_DISPLAY (display)' failed
Unable to init server: Could not connect: Connection refused

(DataCollector_Deterministic.py:1854491): Gdk-CRITICAL **: 15:35:12.300: gdk_cursor_new_for_display: assertion 'GDK_IS_DISPLAY (display)' failed
Unable to init server: Could not connect: Connection refused

(DataCollector_Deterministic.py:1852868): Gdk-CRITICAL **: 15:35:12.514: gdk_cursor_new_for_display: assertion 'GDK_IS_DISPLAY (display)' failed
Initalising...
Running Sim...

Data Dump...
Initalising...
Running Sim...

Data Dump...
Initalising...
Running Sim...

Data Dump...
Initalising...
Running Sim...

Data Dump...
Initalising...
Running Sim...

Data Dump...
Initalising...
Running Sim...

Data Dump...
Initalising...
Running Sim...
.Initalising...
Running Sim...
.Initalising...
Running Sim...
.Initalising...
Running Sim...
.Initalising...
Running Sim...
.Initalising...
Running Sim...
.Initalising...
Running Sim...
.Initalising...
Running Sim...
.Initalising...
Running Sim...
.Initalising...
Running Sim...
.Initalising...
Running Sim...
.Initalising...
Running Sim...
.Initalising...
Running Sim...
.Initalising...
Running Sim...
.Initalising...
Running Sim...
.Initalising...
Running Sim...
.Initalising...
Running Sim...
.Initalising...
Running Sim...
.Initalising...
Running Sim...
.Initalising...
Running Sim...
.Initalising...
Running Sim...
.Initalising...
Running Sim...
.Initalising...
Running Sim...
.Initalising...
Running Sim...
.Initalising...
Running Sim...
.Initalising...
Running Sim...
.Initalising...
Running Sim...
.Initalising...
Running Sim...
.Initalising...
Running Sim...
.Initalising...
Running Sim...
.Initalising...
Running Sim...
.Initalising...
Running Sim...
.Initalising...
Running Sim...
.Initalising...
Running Sim...
.Initalising...
Running Sim...
.Initalising...
Running Sim...
.Initalising...
Running Sim...
.Initalising...
Running Sim...
.Initalising...
Running Sim...
.Initalising...
Running Sim...
.Initalising...
Running Sim...
.Initalising...
Running Sim...
.Initalising...
Running Sim...
.Initalising...
Running Sim...
.Initalising...
Running Sim...
.Initalising...
Running Sim...
.Initalising...
Running Sim...
.Initalising...
Running Sim...
.Initalising...
Running Sim...
.Initalising...
Running Sim...
.Initalising...
Running Sim...
.Initalising...
Running Sim...
.Initalising...
Running Sim...
.Initalising...
Running Sim...
.Initalising...
Running Sim...
.Initalising...
Running Sim...
.Initalising...
Running Sim...
.Initalising...
Running Sim...
.Initalising...
Running Sim...
.Initalising...
Running Sim...
.Initalising...
Running Sim...
.Initalising...
Running Sim...
.Initalising...
Running Sim...
.Initalising...
Running Sim...
.Initalising...
Running Sim...
.Initalising...
Running Sim...
.Initalising...
Running Sim...
.Initalising...
Running Sim...
.Initalising...
Running Sim...
.Initalising...
Running Sim...
.Initalising...
Running Sim...
.Initalising...
Running Sim...
.Initalising...
Running Sim...
.Initalising...
Running Sim...
.Initalising...
Running Sim...
.Initalising...
Running Sim...
.Initalising...
Running Sim...
.Initalising...
Running Sim...
.Initalising...
Running Sim...
.Initalising...
Running Sim...
.Initalising...
Running Sim...
.Initalising...
Running Sim...
.Initalising...
Running Sim...
.Initalising...
Running Sim...
.Initalising...
Running Sim...
.Initalising...
Running Sim...
.Initalising...
Running Sim...
.Initalising...
Running Sim...
.Initalising...
Running Sim...
.Initalising...
Running Sim...
.Initalising...
Running Sim...
.Initalising...
Running Sim...
.Initalising...
Running Sim...
.Initalising...
Running Sim...
...................................................................................................................................................................................................................................................................................................................................................................................................................................................................................................................................................................................................................................................................................................................................................................................................................
[1726 9436]
.........
[1714 9404]
..
[1683 9438]
.....
[1747 9409]
..
[1771 9361]
.......................
[1785 9406]
.....
[1747 9394]
.
[1716 9414]
.
[1733 9353]
.
[1724 9404]
..
[1941 9189]
.
[1929 9168]
.
[1781 9340]
.
[1685 9447]
..
[1943 9167]
....
[1689 9453]
...
[1758 9378]
.
[1764 9395]
.
[1745 9326]
..
[1807 9277]
.
[1701 9402]
...
[1932 9147]
.
[1771 9360]
.
[1770 9356]
.
[1732 9449]
.
[1774 9384]
.
[2215 8823]
.
[1732 9402]
..
[2715 8247]
.
[2048 9025]
.
[1686 9445]
.
[1767 9380]
....
[1659 9445]
.
[1717 9427]
.
[2336 8647]
..
[1815 9276]
.
[2362 8642]
..
[1696 9391]
..
[1702 9402]
.
[1760 9393]
.
[1765 9357]
.
[1773 9332]
...
[1877 9261]
..
[2814 8026]
.
[1901 9181]
.
[1740 9352]
.
[2410 8564]
.
[1808 9295]
.
[1819 9299]
...
[1756 9389]
.
[1725 9400]
.
[1917 9262]
..
[1764 9311]
.
[1774 9385]
.
[1766 9318]
...
[1692 9433]
.
[1724 9431]
..
[2143 8927]
.
[1886 9191]
.
[1746 9385]
..
[1885 9243]
.
[2004 9020]
.
[2760 8127]
.
[1742 9364]
.....
[2097 8974]
.
[1771 9364]
..
[2492 8497]
..
[3041 7762]
...
[2422 8564]
..
[2475 8487]
..
[2071 8966]
...
[1999 9110]
...
[3312 7455]
.
[1876 9163]
....
[1852 9289]
.
[1932 9146]
.
[2816 8071]
...........
[3022 7840]
....
[2516 8433]
..........
[3146 7710]
.
[5290 5347]
..
[2897 7980]
..
[8629 2059]
...
[3949 6836]
........
[3924 6928]
............................
[5834 4822]
.............
[6752 3755]
....
[6512 4006]
.
[6132 4444]
.................
[5273 5355]
...........
[5714 4848]
............
[6893 3738]
................
[4458 6212]
.
[7211 3386]
..........................................................................................................................................................................
Data Dump...
.......
Data Dump...
..............
Data Dump...
....
Data Dump...
.....
Data Dump...
............................
Data Dump...
...............................................
Data Dump...

Data Dump...
.........
Data Dump...

Data Dump...
.....................................................................................................................................................................
[  86 4857]
.
[  65 5247]
...........
[  70 4941]
..
[  80 4686]
.......
[  57 4757]
....................................
[  74 4598]
..
[  67 5067]
..
[ 123 4179]
..............
[ 132 4138]
..
[  85 4449]
......
[ 110 4550]
.......
[ 101 4653]
...................
[ 133 4274]
.
[ 110 4465]
...................................
[ 163 4001]
.......
[ 121 4443]
...
[  79 4449]
....
[  99 4295]
...
[ 101 4432]
..
[ 102 4251]
...........
[ 176 3822]
..
[ 275 3391]
.......
[ 125 4234]
..
[ 274 3418]
.
[ 111 4314]
...
[ 114 4244]
...............
[ 122 4253]
.....
[ 222 3445]
..
[ 127 4188]
.
[ 279 3363]
.
[ 287 3085]
...............
[ 148 4159]
......
[ 144 3945]
..
[ 168 4107]
.........
[ 131 3973]
....
[ 160 3784]
...
[ 223 3260]
.....
[ 374 3057]
......
[ 228 3491]
.
[ 211 3631]
....
[ 516 2838]
.........
[ 172 4063]
...
[ 348 2750]
..
[ 339 2852]
........
[ 455 2583]
..........
[ 200 3806]
.
[ 268 3231]
.....
[ 275 3076]
.............
[ 505 2691]
...
[ 320 2973]
......
[ 315 2879]
.....
[ 329 3070]
.........
[ 281 3145]
......
[ 631 2252]
...........
[ 476 2708]
........
[ 428 2839]
.....................
[ 995 1339]
..
[ 347 2804]
...
[ 637 2344]
...........
[3206  112]
.
[ 468 2899]
.......
[ 644 2286]
.....
[ 620 2236]
.......
[ 564 2221]
.............
[ 876 1657]
...........
[1082 1362]
......
[2148  385]
.
[1096 1417]
................
[2554  156]
.....
[1135 1325]
.......
[ 973 2104]
............
[1044 1389]
........
[2451  187]
.
[1080 1482]
...
[ 995 1530]
....
[2007  792]
.......
[1153 1249]
.......
[1402 1282]
.................
[2280  349]
.................
[2455  332]
..........
[2717  199]
..
[ 38 469]
.
[2123  394]
..........
[2198  287]
..................................................
[ 40 351]
...
[ 41 382]
....................
[1637  858]
...
[ 23 296]
........
[ 45 293]
......
Data Dump...
..........................
[ 44 424]
..............................................
[ 33 295]
.......
Data Dump...
....
Data Dump...

[ 55 393]
.............
[ 55 342]
.....
[ 57 251]
.............................
Data Dump...

[ 36 256]
..........
Data Dump...
..
[ 47 314]
.....
Data Dump...

[ 63 166]
.............
[ 55 338]
.............................................
[ 58 354]
..............
[ 47 311]
............
[ 31 168]
.............
Data Dump...

Data Dump...

[ 45 249]
.
Data Dump...

[ 51 237]
..................
Data Dump...
...
[ 35 228]
..........
[ 42 262]
...
[ 49 213]
...
Data Dump...
....
[ 47 229]
.
Data Dump...
....................
[ 64 141]
.......
Data Dump...

[ 55 163]
..
[ 40 257]
..
[ 50 252]
.....
[ 43 341]
...
[ 67 141]
.
Data Dump...
.............
[ 51 281]
.........
[ 61 124]
....
[ 49 187]
........
Data Dump...
.
[60 66]
..
[ 64 115]
..
[ 50 185]
.
Data Dump...
......................
Data Dump...

[ 49 159]
.......
Data Dump...
......
[ 64 336]
.........
[ 62 138]
..
[ 59 128]
.........
[ 64 112]
...
[ 64 146]
....
Data Dump...
.....
[48 56]
....
Data Dump...
......
Data Dump...
.
[ 58 265]
......
Data Dump...

Data Dump...
....
[51 93]
.................
[66 44]
....
Data Dump...
.....
[51 62]
..
[64 32]
....
Data Dump...
.....
Data Dump...
...
Data Dump...
..
[74 91]
.
[71 34]
......
[66 39]
.
Data Dump...
..
[53 55]
...
[65 80]
.........
Data Dump...
.
Data Dump...
.........
Data Dump...
..
[62 86]
..
Data Dump...
.......
Data Dump...
..
[83 44]
...
[68 67]
...........
Data Dump...
..
Data Dump...
.....
Data Dump...
.
[88 60]
..
Data Dump...
....
[95 22]
.
[61 71]
..
[ 76 144]
..
[156  16]
....
[91 59]
..
[74 42]
...
Data Dump...
........
Data Dump...
......
[65 54]
.
Data Dump...
...
Data Dump...
.....
[70 29]
....
Data Dump...

Data Dump...
.........
Data Dump...
..........
[98 29]
.
[78 13]
.......
[130   4]
....
[114 114]
.
Data Dump...
.
[97 10]
....
Data Dump...
..
[138   8]
.
Data Dump...
..
[89 21]
......
Data Dump...
.
[89 21]
.....
Data Dump...
.
[73 21]
....
Data Dump...

[108   5]
.
[106  38]
..
Data Dump...
.....
Data Dump...
.
Data Dump...
..
[74 10]
...........
[108  28]
..
[85 17]
....
Data Dump...

[131  21]
....
Data Dump...
......
[130  13]
..
[133  15]
......
Data Dump...

Data Dump...
.
[115  13]
.
Data Dump...
...
Data Dump...
..
Data Dump...

Data Dump...
...
Data Dump...
..
Data Dump...
...
[121   9]
...........
Data Dump...
.........
[100  23]
.......
Data Dump...
..
Data Dump...
......
Data Dump...
...
Data Dump...
.
Data Dump...
.
Data Dump...
..
Data Dump...
.
Data Dump...
.
Data Dump...
....
Data Dump...
..
Data Dump...
.
Data Dump...

Data Dump...
....
Data Dump...

Data Dump...
.
Data Dump...
.
Data Dump...
.
Data Dump...

Data Dump...
.
Data Dump...
High 1 3
Done
