Unable to init server: Could not connect: Connection refused
Unable to init server: Could not connect: Connection refused
Unable to init server: Could not connect: Connection refused
Unable to init server: Could not connect: Connection refused
Unable to init server: Could not connect: Connection refused

(DataCollector_Deterministic.py:1853036): Gdk-CRITICAL **: 15:34:54.530: gdk_cursor_new_for_display: assertion 'GDK_IS_DISPLAY (display)' failed
Unable to init server: Could not connect: Connection refused

(DataCollector_Deterministic.py:1853919): Gdk-CRITICAL **: 15:34:54.830: gdk_cursor_new_for_display: assertion 'GDK_IS_DISPLAY (display)' failed
Unable to init server: Could not connect: Connection refused

(DataCollector_Deterministic.py:1852792): Gdk-CRITICAL **: 15:34:54.914: gdk_cursor_new_for_display: assertion 'GDK_IS_DISPLAY (display)' failed
Unable to init server: Could not connect: Connection refused

(DataCollector_Deterministic.py:1854178): Gdk-CRITICAL **: 15:34:55.010: gdk_cursor_new_for_display: assertion 'GDK_IS_DISPLAY (display)' failed
Unable to init server: Could not connect: Connection refused
Unable to init server: Could not connect: Connection refused
Unable to init server: Could not connect: Connection refused
Unable to init server: Could not connect: Connection refused

(DataCollector_Deterministic.py:1852656): Gdk-CRITICAL **: 15:34:56.842: gdk_cursor_new_for_display: assertion 'GDK_IS_DISPLAY (display)' failed
Unable to init server: Could not connect: Connection refused
Unable to init server: Could not connect: Connection refused
Unable to init server: Could not connect: Connection refused
Unable to init server: Could not connect: Connection refused

(DataCollector_Deterministic.py:1854243): Gdk-CRITICAL **: 15:34:57.128: gdk_cursor_new_for_display: assertion 'GDK_IS_DISPLAY (display)' failed

(DataCollector_Deterministic.py:1854007): Gdk-CRITICAL **: 15:34:57.131: gdk_cursor_new_for_display: assertion 'GDK_IS_DISPLAY (display)' failed
Unable to init server: Could not connect: Connection refused
Unable to init server: Could not connect: Connection refused
Unable to init server: Could not connect: Connection refused
Unable to init server: Could not connect: Connection refused
Unable to init server: Could not connect: Connection refused
Unable to init server: Could not connect: Connection refused
Unable to init server: Could not connect: Connection refused
Unable to init server: Could not connect: Connection refused
Unable to init server: Could not connect: Connection refused
Unable to init server: Could not connect: Connection refused

(DataCollector_Deterministic.py:1853319): Gdk-CRITICAL **: 15:34:58.598: gdk_cursor_new_for_display: assertion 'GDK_IS_DISPLAY (display)' failed
Unable to init server: Could not connect: Connection refused

(DataCollector_Deterministic.py:1853743): Gdk-CRITICAL **: 15:34:58.698: gdk_cursor_new_for_display: assertion 'GDK_IS_DISPLAY (display)' failed
Unable to init server: Could not connect: Connection refused

(DataCollector_Deterministic.py:1854475): Gdk-CRITICAL **: 15:34:58.774: gdk_cursor_new_for_display: assertion 'GDK_IS_DISPLAY (display)' failed
Unable to init server: Could not connect: Connection refused

(DataCollector_Deterministic.py:1853495): Gdk-CRITICAL **: 15:34:58.777: gdk_cursor_new_for_display: assertion 'GDK_IS_DISPLAY (display)' failed
Unable to init server: Could not connect: Connection refused

(DataCollector_Deterministic.py:1852632): Gdk-CRITICAL **: 15:34:58.938: gdk_cursor_new_for_display: assertion 'GDK_IS_DISPLAY (display)' failed
Unable to init server: Could not connect: Connection refused
Unable to init server: Could not connect: Connection refused

(DataCollector_Deterministic.py:1853781): Gdk-CRITICAL **: 15:34:58.964: gdk_cursor_new_for_display: assertion 'GDK_IS_DISPLAY (display)' failed

(DataCollector_Deterministic.py:1852837): Gdk-CRITICAL **: 15:34:59.023: gdk_cursor_new_for_display: assertion 'GDK_IS_DISPLAY (display)' failed
Unable to init server: Could not connect: Connection refused

(DataCollector_Deterministic.py:1854541): Gdk-CRITICAL **: 15:34:59.153: gdk_cursor_new_for_display: assertion 'GDK_IS_DISPLAY (display)' failed

(DataCollector_Deterministic.py:1854389): Gdk-CRITICAL **: 15:34:59.315: gdk_cursor_new_for_display: assertion 'GDK_IS_DISPLAY (display)' failed
Unable to init server: Could not connect: Connection refused

(DataCollector_Deterministic.py:1854501): Gdk-CRITICAL **: 15:34:59.497: gdk_cursor_new_for_display: assertion 'GDK_IS_DISPLAY (display)' failed
Unable to init server: Could not connect: Connection refused
Unable to init server: Could not connect: Connection refused
Unable to init server: Could not connect: Connection refused
Unable to init server: Could not connect: Connection refused
Unable to init server: Could not connect: Connection refused

(DataCollector_Deterministic.py:1854141): Gdk-CRITICAL **: 15:35:01.130: gdk_cursor_new_for_display: assertion 'GDK_IS_DISPLAY (display)' failed
Unable to init server: Could not connect: Connection refused
Unable to init server: Could not connect: Connection refused
Unable to init server: Could not connect: Connection refused

(DataCollector_Deterministic.py:1853483): Gdk-CRITICAL **: 15:35:01.516: gdk_cursor_new_for_display: assertion 'GDK_IS_DISPLAY (display)' failed
Unable to init server: Could not connect: Connection refused
Unable to init server: Could not connect: Connection refused
Unable to init server: Could not connect: Connection refused

(DataCollector_Deterministic.py:1853128): Gdk-CRITICAL **: 15:35:01.561: gdk_cursor_new_for_display: assertion 'GDK_IS_DISPLAY (display)' failed
Unable to init server: Could not connect: Connection refused
Unable to init server: Could not connect: Connection refused
Unable to init server: Could not connect: Connection refused
Unable to init server: Could not connect: Connection refused
Unable to init server: Could not connect: Connection refused

(DataCollector_Deterministic.py:1854481): Gdk-CRITICAL **: 15:35:01.712: gdk_cursor_new_for_display: assertion 'GDK_IS_DISPLAY (display)' failed
Unable to init server: Could not connect: Connection refused
Unable to init server: Could not connect: Connection refused
Unable to init server: Could not connect: Connection refused
Unable to init server: Could not connect: Connection refused
Unable to init server: Could not connect: Connection refused
Unable to init server: Could not connect: Connection refused
Unable to init server: Could not connect: Connection refused
Unable to init server: Could not connect: Connection refused
Unable to init server: Could not connect: Connection refused
Unable to init server: Could not connect: Connection refused
Unable to init server: Could not connect: Connection refused
Unable to init server: Could not connect: Connection refused
Unable to init server: Could not connect: Connection refused

(DataCollector_Deterministic.py:1852811): Gdk-CRITICAL **: 15:35:02.946: gdk_cursor_new_for_display: assertion 'GDK_IS_DISPLAY (display)' failed
Unable to init server: Could not connect: Connection refused
Unable to init server: Could not connect: Connection refused
Unable to init server: Could not connect: Connection refused

(DataCollector_Deterministic.py:1852930): Gdk-CRITICAL **: 15:35:03.314: gdk_cursor_new_for_display: assertion 'GDK_IS_DISPLAY (display)' failed
Unable to init server: Could not connect: Connection refused
Unable to init server: Could not connect: Connection refused
Unable to init server: Could not connect: Connection refused

(DataCollector_Deterministic.py:1853755): Gdk-CRITICAL **: 15:35:03.441: gdk_cursor_new_for_display: assertion 'GDK_IS_DISPLAY (display)' failed
Unable to init server: Could not connect: Connection refused

(DataCollector_Deterministic.py:1853180): Gdk-CRITICAL **: 15:35:03.457: gdk_cursor_new_for_display: assertion 'GDK_IS_DISPLAY (display)' failed
Unable to init server: Could not connect: Connection refused

(DataCollector_Deterministic.py:1853463): Gdk-CRITICAL **: 15:35:03.504: gdk_cursor_new_for_display: assertion 'GDK_IS_DISPLAY (display)' failed
Unable to init server: Could not connect: Connection refused
Unable to init server: Could not connect: Connection refused

(DataCollector_Deterministic.py:1854381): Gdk-CRITICAL **: 15:35:03.545: gdk_cursor_new_for_display: assertion 'GDK_IS_DISPLAY (display)' failed
Unable to init server: Could not connect: Connection refused

(DataCollector_Deterministic.py:1853592): Gdk-CRITICAL **: 15:35:03.556: gdk_cursor_new_for_display: assertion 'GDK_IS_DISPLAY (display)' failed
Unable to init server: Could not connect: Connection refused

(DataCollector_Deterministic.py:1852871): Gdk-CRITICAL **: 15:35:03.621: gdk_cursor_new_for_display: assertion 'GDK_IS_DISPLAY (display)' failed

(DataCollector_Deterministic.py:1853257): Gdk-CRITICAL **: 15:35:03.643: gdk_cursor_new_for_display: assertion 'GDK_IS_DISPLAY (display)' failed
Unable to init server: Could not connect: Connection refused

(DataCollector_Deterministic.py:1854249): Gdk-CRITICAL **: 15:35:03.653: gdk_cursor_new_for_display: assertion 'GDK_IS_DISPLAY (display)' failed
Unable to init server: Could not connect: Connection refused

(DataCollector_Deterministic.py:1853879): Gdk-CRITICAL **: 15:35:03.730: gdk_cursor_new_for_display: assertion 'GDK_IS_DISPLAY (display)' failed
Unable to init server: Could not connect: Connection refused

(DataCollector_Deterministic.py:1853765): Gdk-CRITICAL **: 15:35:03.741: gdk_cursor_new_for_display: assertion 'GDK_IS_DISPLAY (display)' failed

(DataCollector_Deterministic.py:1854138): Gdk-CRITICAL **: 15:35:04.031: gdk_cursor_new_for_display: assertion 'GDK_IS_DISPLAY (display)' failed
Unable to init server: Could not connect: Connection refused

(DataCollector_Deterministic.py:1853657): Gdk-CRITICAL **: 15:35:04.077: gdk_cursor_new_for_display: assertion 'GDK_IS_DISPLAY (display)' failed
Unable to init server: Could not connect: Connection refused

(DataCollector_Deterministic.py:1854579): Gdk-CRITICAL **: 15:35:04.162: gdk_cursor_new_for_display: assertion 'GDK_IS_DISPLAY (display)' failed
Unable to init server: Could not connect: Connection refused

(DataCollector_Deterministic.py:1853295): Gdk-CRITICAL **: 15:35:04.368: gdk_cursor_new_for_display: assertion 'GDK_IS_DISPLAY (display)' failed
Unable to init server: Could not connect: Connection refused

(DataCollector_Deterministic.py:1854120): Gdk-CRITICAL **: 15:35:04.384: gdk_cursor_new_for_display: assertion 'GDK_IS_DISPLAY (display)' failed
Unable to init server: Could not connect: Connection refused

(DataCollector_Deterministic.py:1853212): Gdk-CRITICAL **: 15:35:04.410: gdk_cursor_new_for_display: assertion 'GDK_IS_DISPLAY (display)' failed
Unable to init server: Could not connect: Connection refused
Unable to init server: Could not connect: Connection refused
Unable to init server: Could not connect: Connection refused
Unable to init server: Could not connect: Connection refused

(DataCollector_Deterministic.py:1854485): Gdk-CRITICAL **: 15:35:04.913: gdk_cursor_new_for_display: assertion 'GDK_IS_DISPLAY (display)' failed
Unable to init server: Could not connect: Connection refused

(DataCollector_Deterministic.py:1853905): Gdk-CRITICAL **: 15:35:04.925: gdk_cursor_new_for_display: assertion 'GDK_IS_DISPLAY (display)' failed
Unable to init server: Could not connect: Connection refused
Unable to init server: Could not connect: Connection refused
Unable to init server: Could not connect: Connection refused

(DataCollector_Deterministic.py:1852717): Gdk-CRITICAL **: 15:35:05.272: gdk_cursor_new_for_display: assertion 'GDK_IS_DISPLAY (display)' failed
Unable to init server: Could not connect: Connection refused

(DataCollector_Deterministic.py:1852869): Gdk-CRITICAL **: 15:35:05.375: gdk_cursor_new_for_display: assertion 'GDK_IS_DISPLAY (display)' failed
Unable to init server: Could not connect: Connection refused
Unable to init server: Could not connect: Connection refused
Unable to init server: Could not connect: Connection refused

(DataCollector_Deterministic.py:1852770): Gdk-CRITICAL **: 15:35:05.492: gdk_cursor_new_for_display: assertion 'GDK_IS_DISPLAY (display)' failed
Unable to init server: Could not connect: Connection refused
Unable to init server: Could not connect: Connection refused
Unable to init server: Could not connect: Connection refused

(DataCollector_Deterministic.py:1852586): Gdk-CRITICAL **: 15:35:06.287: gdk_cursor_new_for_display: assertion 'GDK_IS_DISPLAY (display)' failed
Unable to init server: Could not connect: Connection refused

(DataCollector_Deterministic.py:1853390): Gdk-CRITICAL **: 15:35:06.432: gdk_cursor_new_for_display: assertion 'GDK_IS_DISPLAY (display)' failed
Unable to init server: Could not connect: Connection refused
Unable to init server: Could not connect: Connection refused

(DataCollector_Deterministic.py:1854496): Gdk-CRITICAL **: 15:35:06.762: gdk_cursor_new_for_display: assertion 'GDK_IS_DISPLAY (display)' failed
Unable to init server: Could not connect: Connection refused
Unable to init server: Could not connect: Connection refused

(DataCollector_Deterministic.py:1853336): Gdk-CRITICAL **: 15:35:06.868: gdk_cursor_new_for_display: assertion 'GDK_IS_DISPLAY (display)' failed
Unable to init server: Could not connect: Connection refused

(DataCollector_Deterministic.py:1854158): Gdk-CRITICAL **: 15:35:06.906: gdk_cursor_new_for_display: assertion 'GDK_IS_DISPLAY (display)' failed
Unable to init server: Could not connect: Connection refused

(DataCollector_Deterministic.py:1853430): Gdk-CRITICAL **: 15:35:07.026: gdk_cursor_new_for_display: assertion 'GDK_IS_DISPLAY (display)' failed
Unable to init server: Could not connect: Connection refused
Unable to init server: Could not connect: Connection refused
Unable to init server: Could not connect: Connection refused
Unable to init server: Could not connect: Connection refused

(DataCollector_Deterministic.py:1852696): Gdk-CRITICAL **: 15:35:07.409: gdk_cursor_new_for_display: assertion 'GDK_IS_DISPLAY (display)' failed
Unable to init server: Could not connect: Connection refused
Unable to init server: Could not connect: Connection refused

(DataCollector_Deterministic.py:1852974): Gdk-CRITICAL **: 15:35:07.504: gdk_cursor_new_for_display: assertion 'GDK_IS_DISPLAY (display)' failed
Unable to init server: Could not connect: Connection refused
Unable to init server: Could not connect: Connection refused
Unable to init server: Could not connect: Connection refused
Unable to init server: Could not connect: Connection refused
Unable to init server: Could not connect: Connection refused

(DataCollector_Deterministic.py:1853058): Gdk-CRITICAL **: 15:35:08.217: gdk_cursor_new_for_display: assertion 'GDK_IS_DISPLAY (display)' failed
Unable to init server: Could not connect: Connection refused

(DataCollector_Deterministic.py:1852610): Gdk-CRITICAL **: 15:35:08.650: gdk_cursor_new_for_display: assertion 'GDK_IS_DISPLAY (display)' failed
Unable to init server: Could not connect: Connection refused

(DataCollector_Deterministic.py:1852677): Gdk-CRITICAL **: 15:35:08.684: gdk_cursor_new_for_display: assertion 'GDK_IS_DISPLAY (display)' failed
Unable to init server: Could not connect: Connection refused

(DataCollector_Deterministic.py:1853206): Gdk-CRITICAL **: 15:35:08.898: gdk_cursor_new_for_display: assertion 'GDK_IS_DISPLAY (display)' failed
Unable to init server: Could not connect: Connection refused

(DataCollector_Deterministic.py:1854231): Gdk-CRITICAL **: 15:35:08.936: gdk_cursor_new_for_display: assertion 'GDK_IS_DISPLAY (display)' failed
Unable to init server: Could not connect: Connection refused

(DataCollector_Deterministic.py:1853149): Gdk-CRITICAL **: 15:35:09.126: gdk_cursor_new_for_display: assertion 'GDK_IS_DISPLAY (display)' failed
Unable to init server: Could not connect: Connection refused

(DataCollector_Deterministic.py:1854151): Gdk-CRITICAL **: 15:35:09.184: gdk_cursor_new_for_display: assertion 'GDK_IS_DISPLAY (display)' failed
Unable to init server: Could not connect: Connection refused
Unable to init server: Could not connect: Connection refused

(DataCollector_Deterministic.py:1852729): Gdk-CRITICAL **: 15:35:09.585: gdk_cursor_new_for_display: assertion 'GDK_IS_DISPLAY (display)' failed
Unable to init server: Could not connect: Connection refused

(DataCollector_Deterministic.py:1852893): Gdk-CRITICAL **: 15:35:09.659: gdk_cursor_new_for_display: assertion 'GDK_IS_DISPLAY (display)' failed
Unable to init server: Could not connect: Connection refused

(DataCollector_Deterministic.py:1854211): Gdk-CRITICAL **: 15:35:09.869: gdk_cursor_new_for_display: assertion 'GDK_IS_DISPLAY (display)' failed
Unable to init server: Could not connect: Connection refused

(DataCollector_Deterministic.py:1853725): Gdk-CRITICAL **: 15:35:09.953: gdk_cursor_new_for_display: assertion 'GDK_IS_DISPLAY (display)' failed
Unable to init server: Could not connect: Connection refused
Unable to init server: Could not connect: Connection refused
Unable to init server: Could not connect: Connection refused
Unable to init server: Could not connect: Connection refused
Unable to init server: Could not connect: Connection refused
Unable to init server: Could not connect: Connection refused
Unable to init server: Could not connect: Connection refused
Unable to init server: Could not connect: Connection refused
Unable to init server: Could not connect: Connection refused
Unable to init server: Could not connect: Connection refused
Unable to init server: Could not connect: Connection refused
Unable to init server: Could not connect: Connection refused
Unable to init server: Could not connect: Connection refused
Unable to init server: Could not connect: Connection refused
Unable to init server: Could not connect: Connection refused
Unable to init server: Could not connect: Connection refused
Unable to init server: Could not connect: Connection refused
Unable to init server: Could not connect: Connection refused
Unable to init server: Could not connect: Connection refused
Unable to init server: Could not connect: Connection refused
Unable to init server: Could not connect: Connection refused
Unable to init server: Could not connect: Connection refused
Unable to init server: Could not connect: Connection refused
Unable to init server: Could not connect: Connection refused
Unable to init server: Could not connect: Connection refused
Unable to init server: Could not connect: Connection refused
Unable to init server: Could not connect: Connection refused
Unable to init server: Could not connect: Connection refused
Unable to init server: Could not connect: Connection refused
Unable to init server: Could not connect: Connection refused
Unable to init server: Could not connect: Connection refused
Unable to init server: Could not connect: Connection refused
Unable to init server: Could not connect: Connection refused
Unable to init server: Could not connect: Connection refused
Unable to init server: Could not connect: Connection refused
Unable to init server: Could not connect: Connection refused
Unable to init server: Could not connect: Connection refused

(DataCollector_Deterministic.py:1852703): Gdk-CRITICAL **: 15:35:11.379: gdk_cursor_new_for_display: assertion 'GDK_IS_DISPLAY (display)' failed
Unable to init server: Could not connect: Connection refused

(DataCollector_Deterministic.py:1853823): Gdk-CRITICAL **: 15:35:12.150: gdk_cursor_new_for_display: assertion 'GDK_IS_DISPLAY (display)' failed
Unable to init server: Could not connect: Connection refused

(DataCollector_Deterministic.py:1853235): Gdk-CRITICAL **: 15:35:12.243: gdk_cursor_new_for_display: assertion 'GDK_IS_DISPLAY (display)' failed
Unable to init server: Could not connect: Connection refused

(DataCollector_Deterministic.py:1853089): Gdk-CRITICAL **: 15:35:12.254: gdk_cursor_new_for_display: assertion 'GDK_IS_DISPLAY (display)' failed
Unable to init server: Could not connect: Connection refused

(DataCollector_Deterministic.py:1854529): Gdk-CRITICAL **: 15:35:12.421: gdk_cursor_new_for_display: assertion 'GDK_IS_DISPLAY (display)' failed
Unable to init server: Could not connect: Connection refused

(DataCollector_Deterministic.py:1853277): Gdk-CRITICAL **: 15:35:12.482: gdk_cursor_new_for_display: assertion 'GDK_IS_DISPLAY (display)' failed
Unable to init server: Could not connect: Connection refused

(DataCollector_Deterministic.py:1852843): Gdk-CRITICAL **: 15:35:12.584: gdk_cursor_new_for_display: assertion 'GDK_IS_DISPLAY (display)' failed
Unable to init server: Could not connect: Connection refused

(DataCollector_Deterministic.py:1853935): Gdk-CRITICAL **: 15:35:12.592: gdk_cursor_new_for_display: assertion 'GDK_IS_DISPLAY (display)' failed
Unable to init server: Could not connect: Connection refused

(DataCollector_Deterministic.py:1854217): Gdk-CRITICAL **: 15:35:12.602: gdk_cursor_new_for_display: assertion 'GDK_IS_DISPLAY (display)' failed
Unable to init server: Could not connect: Connection refused

(DataCollector_Deterministic.py:1853787): Gdk-CRITICAL **: 15:35:12.652: gdk_cursor_new_for_display: assertion 'GDK_IS_DISPLAY (display)' failed
Unable to init server: Could not connect: Connection refused
Unable to init server: Could not connect: Connection refused

(DataCollector_Deterministic.py:1854059): Gdk-CRITICAL **: 15:35:12.696: gdk_cursor_new_for_display: assertion 'GDK_IS_DISPLAY (display)' failed
Unable to init server: Could not connect: Connection refused

(DataCollector_Deterministic.py:1853891): Gdk-CRITICAL **: 15:35:12.708: gdk_cursor_new_for_display: assertion 'GDK_IS_DISPLAY (display)' failed
Unable to init server: Could not connect: Connection refused

(DataCollector_Deterministic.py:1854524): Gdk-CRITICAL **: 15:35:12.746: gdk_cursor_new_for_display: assertion 'GDK_IS_DISPLAY (display)' failed
Unable to init server: Could not connect: Connection refused

(DataCollector_Deterministic.py:1853509): Gdk-CRITICAL **: 15:35:12.757: gdk_cursor_new_for_display: assertion 'GDK_IS_DISPLAY (display)' failed
Unable to init server: Could not connect: Connection refused

(DataCollector_Deterministic.py:1854226): Gdk-CRITICAL **: 15:35:12.766: gdk_cursor_new_for_display: assertion 'GDK_IS_DISPLAY (display)' failed
Unable to init server: Could not connect: Connection refused

(DataCollector_Deterministic.py:1854263): Gdk-CRITICAL **: 15:35:12.769: gdk_cursor_new_for_display: assertion 'GDK_IS_DISPLAY (display)' failed
Unable to init server: Could not connect: Connection refused
Unable to init server: Could not connect: Connection refused
Unable to init server: Could not connect: Connection refused

(DataCollector_Deterministic.py:1853396): Gdk-CRITICAL **: 15:35:12.800: gdk_cursor_new_for_display: assertion 'GDK_IS_DISPLAY (display)' failed
Unable to init server: Could not connect: Connection refused

(DataCollector_Deterministic.py:1853993): Gdk-CRITICAL **: 15:35:12.817: gdk_cursor_new_for_display: assertion 'GDK_IS_DISPLAY (display)' failed
Unable to init server: Could not connect: Connection refused

(DataCollector_Deterministic.py:1854441): Gdk-CRITICAL **: 15:35:12.822: gdk_cursor_new_for_display: assertion 'GDK_IS_DISPLAY (display)' failed
Unable to init server: Could not connect: Connection refused

(DataCollector_Deterministic.py:1853061): Gdk-CRITICAL **: 15:35:12.824: gdk_cursor_new_for_display: assertion 'GDK_IS_DISPLAY (display)' failed
Unable to init server: Could not connect: Connection refused

(DataCollector_Deterministic.py:1853859): Gdk-CRITICAL **: 15:35:12.836: gdk_cursor_new_for_display: assertion 'GDK_IS_DISPLAY (display)' failed
Unable to init server: Could not connect: Connection refused

(DataCollector_Deterministic.py:1852535): Gdk-CRITICAL **: 15:35:12.841: gdk_cursor_new_for_display: assertion 'GDK_IS_DISPLAY (display)' failed
Unable to init server: Could not connect: Connection refused

(DataCollector_Deterministic.py:1854061): Gdk-CRITICAL **: 15:35:12.852: gdk_cursor_new_for_display: assertion 'GDK_IS_DISPLAY (display)' failed
Unable to init server: Could not connect: Connection refused

(DataCollector_Deterministic.py:1853137): Gdk-CRITICAL **: 15:35:12.869: gdk_cursor_new_for_display: assertion 'GDK_IS_DISPLAY (display)' failed
Unable to init server: Could not connect: Connection refused

(DataCollector_Deterministic.py:1854538): Gdk-CRITICAL **: 15:35:12.881: gdk_cursor_new_for_display: assertion 'GDK_IS_DISPLAY (display)' failed
Unable to init server: Could not connect: Connection refused

(DataCollector_Deterministic.py:1853620): Gdk-CRITICAL **: 15:35:12.893: gdk_cursor_new_for_display: assertion 'GDK_IS_DISPLAY (display)' failed
Unable to init server: Could not connect: Connection refused

(DataCollector_Deterministic.py:1853537): Gdk-CRITICAL **: 15:35:12.901: gdk_cursor_new_for_display: assertion 'GDK_IS_DISPLAY (display)' failed
Unable to init server: Could not connect: Connection refused

(DataCollector_Deterministic.py:1852563): Gdk-CRITICAL **: 15:35:12.914: gdk_cursor_new_for_display: assertion 'GDK_IS_DISPLAY (display)' failed
Unable to init server: Could not connect: Connection refused

(DataCollector_Deterministic.py:1853872): Gdk-CRITICAL **: 15:35:12.920: gdk_cursor_new_for_display: assertion 'GDK_IS_DISPLAY (display)' failed
Unable to init server: Could not connect: Connection refused

(DataCollector_Deterministic.py:1853375): Gdk-CRITICAL **: 15:35:12.928: gdk_cursor_new_for_display: assertion 'GDK_IS_DISPLAY (display)' failed
Unable to init server: Could not connect: Connection refused

(DataCollector_Deterministic.py:1852935): Gdk-CRITICAL **: 15:35:12.939: gdk_cursor_new_for_display: assertion 'GDK_IS_DISPLAY (display)' failed

(DataCollector_Deterministic.py:1853691): Gdk-CRITICAL **: 15:35:13.087: gdk_cursor_new_for_display: assertion 'GDK_IS_DISPLAY (display)' failed
Unable to init server: Could not connect: Connection refused

(DataCollector_Deterministic.py:1853010): Gdk-CRITICAL **: 15:35:13.092: gdk_cursor_new_for_display: assertion 'GDK_IS_DISPLAY (display)' failed

(DataCollector_Deterministic.py:1854251): Gdk-CRITICAL **: 15:35:13.171: gdk_cursor_new_for_display: assertion 'GDK_IS_DISPLAY (display)' failed
Unable to init server: Could not connect: Connection refused

(DataCollector_Deterministic.py:1853545): Gdk-CRITICAL **: 15:35:13.180: gdk_cursor_new_for_display: assertion 'GDK_IS_DISPLAY (display)' failed

(DataCollector_Deterministic.py:1854071): Gdk-CRITICAL **: 15:35:13.191: gdk_cursor_new_for_display: assertion 'GDK_IS_DISPLAY (display)' failed
Unable to init server: Could not connect: Connection refused

(DataCollector_Deterministic.py:1854099): Gdk-CRITICAL **: 15:35:13.212: gdk_cursor_new_for_display: assertion 'GDK_IS_DISPLAY (display)' failed
Initalising...
Running Sim...

Data Dump...
Initalising...
Running Sim...

Data Dump...
Initalising...
Running Sim...

Data Dump...
Initalising...
Running Sim...

Data Dump...
Initalising...
Running Sim...

Data Dump...
Initalising...
Running Sim...

Data Dump...
Initalising...
Running Sim...

Data Dump...
Initalising...
Running Sim...

Data Dump...
Initalising...
Running Sim...

Data Dump...
Initalising...
Running Sim...

Data Dump...
Initalising...
Running Sim...

Data Dump...
Initalising...
Running Sim...

Data Dump...
Initalising...
Running Sim...

Data Dump...
Initalising...
Running Sim...

Data Dump...
Initalising...
Running Sim...
.Initalising...
Running Sim...
.Initalising...
Running Sim...
.Initalising...
Running Sim...
.Initalising...
Running Sim...
.Initalising...
Running Sim...
.Initalising...
Running Sim...
.Initalising...
Running Sim...
.Initalising...
Running Sim...
.Initalising...
Running Sim...
.Initalising...
Running Sim...
.Initalising...
Running Sim...
.Initalising...
Running Sim...
.Initalising...
Running Sim...
.Initalising...
Running Sim...
.Initalising...
Running Sim...
.Initalising...
Running Sim...
.Initalising...
Running Sim...
.Initalising...
Running Sim...
.Initalising...
Running Sim...
.Initalising...
Running Sim...
.Initalising...
Running Sim...
.Initalising...
Running Sim...
.Initalising...
Running Sim...
.Initalising...
Running Sim...
.Initalising...
Running Sim...
.Initalising...
Running Sim...
.Initalising...
Running Sim...
.Initalising...
Running Sim...
.Initalising...
Running Sim...
.Initalising...
Running Sim...
.Initalising...
Running Sim...
.Initalising...
Running Sim...
.Initalising...
Running Sim...
.Initalising...
Running Sim...
.Initalising...
Running Sim...
.Initalising...
Running Sim...
.Initalising...
Running Sim...
.Initalising...
Running Sim...
.Initalising...
Running Sim...
.Initalising...
Running Sim...
.Initalising...
Running Sim...
.Initalising...
Running Sim...
.Initalising...
Running Sim...
.Initalising...
Running Sim...
.Initalising...
Running Sim...
.Initalising...
Running Sim...
.Initalising...
Running Sim...
.Initalising...
Running Sim...
.Initalising...
Running Sim...
.Initalising...
Running Sim...
.Initalising...
Running Sim...
.Initalising...
Running Sim...
.Initalising...
Running Sim...
.Initalising...
Running Sim...
.Initalising...
Running Sim...
.Initalising...
Running Sim...
.Initalising...
Running Sim...
.Initalising...
Running Sim...
.Initalising...
Running Sim...
.Initalising...
Running Sim...
.Initalising...
Running Sim...
.Initalising...
Running Sim...
.Initalising...
Running Sim...
.Initalising...
Running Sim...
.Initalising...
Running Sim...
.Initalising...
Running Sim...
.Initalising...
Running Sim...
.Initalising...
Running Sim...
.Initalising...
Running Sim...
.Initalising...
Running Sim...
.Initalising...
Running Sim...
.Initalising...
Running Sim...
.Initalising...
Running Sim...
.Initalising...
Running Sim...
.Initalising...
Running Sim...
.Initalising...
Running Sim...
.Initalising...
Running Sim...
.Initalising...
Running Sim...
.Initalising...
Running Sim...
.Initalising...
Running Sim...
.Initalising...
Running Sim...
.Initalising...
Running Sim...
.Initalising...
Running Sim...
.Initalising...
Running Sim...
.Initalising...
Running Sim...
..........................................................................................................................................................................................................................................................................................................................................................................................................................................................................................................................................................................................................................................................................................................................................................................................
[1749 8836]
...
[1742 8808]
.
[1727 8852]
.
[1756 8860]
.
[1733 8906]
.
[1721 8875]
.
[1714 8856]
.
[1681 8876]
.
[1715 8810]
.
[1733 8850]
.
[1730 8867]
..
[1686 8882]
.
[1699 8857]
.
[1739 8826]
.
[1716 8847]
.
[2045 8520]
.
[1730 8851]
..
[1682 8878]
..
[1809 8814]
.
[1704 8831]
.
[1719 8824]
.
[1848 8738]
.
[1694 8890]
.
[1674 8872]
.
[1689 8886]
..
[1678 8881]
.
[1755 8824]
.
[1678 8835]
..
[1752 8782]
.
[1725 8833]
.
[1709 8820]
.
[1807 8724]
.
[1773 8819]
..
[2139 8417]
.
[1780 8787]
.
[1865 8696]
.
[1882 8707]
.
[1828 8776]
.
[1709 8842]
.
[1728 8866]
.
[1836 8729]
.
[1843 8744]
..
[1732 8827]
.
[1936 8652]
.
[2199 8398]
.
[1947 8651]
.
[1948 8609]
.
[1730 8822]
.
[2279 8246]
.
[2194 8330]
.
[1774 8740]
.
[1726 8868]
..
[1807 8785]
.
[1776 8775]
..
[1845 8737]
.
[1967 8592]
.
[1696 8847]
..
[1728 8823]
.
[1827 8728]
.
[1735 8845]
.
[1848 8742]
.
[1925 8679]
..
[2359 8143]
.
[1939 8604]
..
[1853 8704]
.
[2360 8145]
.
[2360 8139]
...
[1935 8583]
..
[1947 8581]
..
[2553 7937]
.
[2383 8098]
........
[2486 8011]
...
[2350 8209]
.
[2739 7816]
..
[2405 8111]
..........................
[3429 7071]
....................
[3425 7036]
........
[3473 7003]
..............
[4221 6169]
.
[4212 6212]
....
[4602 5792]
.
[4437 6018]
.........
[4462 6015]
.....
[5799 4604]
...............................
[6298 4099]
................
[6099 4292]
................................................................................................................................................................................................................................................
Data Dump...
......................
Data Dump...
..
Data Dump...

Data Dump...
....
Data Dump...
......
Data Dump...

Data Dump...
.
Data Dump...
..
Data Dump...
......
Data Dump...
..
Data Dump...
....
Data Dump...
...
Data Dump...
...........
Data Dump...
.........
Data Dump...
..............................................................................................................
[  44 3202]
...................
[  43 3245]
.......
[  62 3178]
.......
[  43 3132]
......
[  54 3207]
...
[  64 2916]
........
[  56 3163]
.
[  57 3157]
....
[  72 3031]
...
[  57 3243]
.
[  56 3173]
..................
[  78 3108]
...
[  75 3133]
...........
[  91 2928]
............
[  92 3111]
...
[  86 2995]
...................
[  62 3214]
.....
[  91 2802]
.....
[  75 3009]
...
[  86 2849]
.......
[  79 3100]
..............
[ 125 2584]
..........
[ 132 2677]
........
[ 132 2643]
......
[ 158 2876]
.....
[ 119 2944]
...
[ 132 2754]
..........
Data Dump...
...
[ 135 2779]
........
[ 158 2881]
..
[ 151 2883]
.
Data Dump...
..
[ 167 2479]
......
[ 179 2728]
....................
[ 134 2904]
......
[ 183 2533]
.
[ 160 2502]
.
Data Dump...

[ 169 2599]
..
[ 146 2679]
............
Data Dump...
....
[ 197 2301]
...............
[ 252 2356]
.
[ 276 2110]
.
[ 269 2489]
..
[ 375 2064]
.
[ 253 2134]
.......
[ 238 2382]
.
Data Dump...
........
Data Dump...
...........
[ 324 1972]
........
Data Dump...
...
Data Dump...
.....
[ 221 2292]
...
Data Dump...
.
[ 270 2660]
.....
[ 277 2209]
..........
Data Dump...
....
[ 501 1629]
.................
[ 343 2020]
...
Data Dump...
.
[ 546 1609]
...........
Data Dump...
.
[ 504 2163]
..
Data Dump...
...
[ 639 1336]
......
[ 458 1892]
..........
[ 664 1487]
..
[ 719 1311]
..
[ 641 1527]
.........
Data Dump...

[ 721 1267]
.............
Data Dump...
......
Data Dump...
...
[ 676 1483]
..............
Data Dump...
.
[ 771 1709]
....
[ 770 1227]
..................
Data Dump...
......
Data Dump...
...........
[ 998 1262]
...
Data Dump...
.
Data Dump...
......
[1988  398]
.........
[1029 1081]
.....
[1533  559]
..
[1522  558]
....
[2173  199]
.......
[2190  168]
..
[1396  934]
.......
[1680  428]
................
[1389  871]
..............
Data Dump...
.
Data Dump...

Data Dump...
....
Data Dump...
..
Data Dump...

Data Dump...
.................
Data Dump...
..
Data Dump...
................
Data Dump...
..
Data Dump...
.
Data Dump...
..............................
[22 95]

Data Dump...
................
Data Dump...
...
[ 27 119]

Data Dump...
.........
[29 99]

Data Dump...
...
[26 88]

Data Dump...
................
[31 73]

Data Dump...
....................
[ 37 106]

Data Dump...
.....
[42 70]

Data Dump...
........
[ 40 157]

Data Dump...
....
[42 59]

Data Dump...

[32 49]

Data Dump...
.
[31 96]

Data Dump...
............
[40 50]
..
Data Dump...
.....
[29 72]

Data Dump...
....
[47 44]

Data Dump...
.
[41 77]

Data Dump...
....................
[55 33]
.......
Data Dump...

[49 56]

Data Dump...
..
[56 99]
...
Data Dump...
.....
[42 30]
....
[55 57]
...
Data Dump...
..
Data Dump...
...
[49 17]
.....
[52 25]
.
Data Dump...
.
[53 21]
.
[37 25]
..
[40 19]
...
Data Dump...
..
Data Dump...
..
Data Dump...

Data Dump...
...
[59 51]
....
[46 24]
.
Data Dump...
..
Data Dump...
....
[52 24]
....
Data Dump...
..
[67 23]
....
[105  24]
....
Data Dump...
.
[93 17]
.
Data Dump...

[117  11]
.
[83 15]
.
[47 18]
.
[67 35]
..
[108   9]
...
Data Dump...
.
[79 12]
.
Data Dump...

Data Dump...

Data Dump...
.
Data Dump...
.
[64 17]
..
Data Dump...

Data Dump...
.
Data Dump...
High 1 6
Done
