Unable to init server: Could not connect: Connection refused
Unable to init server: Could not connect: Connection refused
Unable to init server: Could not connect: Connection refused
Unable to init server: Could not connect: Connection refused
Unable to init server: Could not connect: Connection refused
Unable to init server: Could not connect: Connection refused
Unable to init server: Could not connect: Connection refused
Unable to init server: Could not connect: Connection refused

(DataCollector_Deterministic.py:1854127): Gdk-CRITICAL **: 15:34:54.046: gdk_cursor_new_for_display: assertion 'GDK_IS_DISPLAY (display)' failed
Unable to init server: Could not connect: Connection refused
Unable to init server: Could not connect: Connection refused

(DataCollector_Deterministic.py:1853392): Gdk-CRITICAL **: 15:34:54.082: gdk_cursor_new_for_display: assertion 'GDK_IS_DISPLAY (display)' failed
Unable to init server: Could not connect: Connection refused
Unable to init server: Could not connect: Connection refused

(DataCollector_Deterministic.py:1853251): Gdk-CRITICAL **: 15:34:54.173: gdk_cursor_new_for_display: assertion 'GDK_IS_DISPLAY (display)' failed
Unable to init server: Could not connect: Connection refused

(DataCollector_Deterministic.py:1853523): Gdk-CRITICAL **: 15:34:54.186: gdk_cursor_new_for_display: assertion 'GDK_IS_DISPLAY (display)' failed
Unable to init server: Could not connect: Connection refused

(DataCollector_Deterministic.py:1852557): Gdk-CRITICAL **: 15:34:54.197: gdk_cursor_new_for_display: assertion 'GDK_IS_DISPLAY (display)' failed

(DataCollector_Deterministic.py:1853349): Gdk-CRITICAL **: 15:34:54.063: gdk_cursor_new_for_display: assertion 'GDK_IS_DISPLAY (display)' failed
Unable to init server: Could not connect: Connection refused

(DataCollector_Deterministic.py:1852695): Gdk-CRITICAL **: 15:34:54.355: gdk_cursor_new_for_display: assertion 'GDK_IS_DISPLAY (display)' failed
Unable to init server: Could not connect: Connection refused
Unable to init server: Could not connect: Connection refused
Unable to init server: Could not connect: Connection refused
Unable to init server: Could not connect: Connection refused

(DataCollector_Deterministic.py:1853462): Gdk-CRITICAL **: 15:34:56.292: gdk_cursor_new_for_display: assertion 'GDK_IS_DISPLAY (display)' failed
Unable to init server: Could not connect: Connection refused

(DataCollector_Deterministic.py:1853447): Gdk-CRITICAL **: 15:34:56.359: gdk_cursor_new_for_display: assertion 'GDK_IS_DISPLAY (display)' failed
Unable to init server: Could not connect: Connection refused
Unable to init server: Could not connect: Connection refused

(DataCollector_Deterministic.py:1854112): Gdk-CRITICAL **: 15:34:56.660: gdk_cursor_new_for_display: assertion 'GDK_IS_DISPLAY (display)' failed

(DataCollector_Deterministic.py:1854509): Gdk-CRITICAL **: 15:34:56.703: gdk_cursor_new_for_display: assertion 'GDK_IS_DISPLAY (display)' failed
Unable to init server: Could not connect: Connection refused
Unable to init server: Could not connect: Connection refused
Unable to init server: Could not connect: Connection refused
Unable to init server: Could not connect: Connection refused
Unable to init server: Could not connect: Connection refused
Unable to init server: Could not connect: Connection refused
Unable to init server: Could not connect: Connection refused

(DataCollector_Deterministic.py:1852676): Gdk-CRITICAL **: 15:34:59.507: gdk_cursor_new_for_display: assertion 'GDK_IS_DISPLAY (display)' failed
Unable to init server: Could not connect: Connection refused
Unable to init server: Could not connect: Connection refused
Unable to init server: Could not connect: Connection refused

(DataCollector_Deterministic.py:1853767): Gdk-CRITICAL **: 15:34:59.657: gdk_cursor_new_for_display: assertion 'GDK_IS_DISPLAY (display)' failed
Unable to init server: Could not connect: Connection refused

(DataCollector_Deterministic.py:1853333): Gdk-CRITICAL **: 15:34:59.751: gdk_cursor_new_for_display: assertion 'GDK_IS_DISPLAY (display)' failed
Unable to init server: Could not connect: Connection refused

(DataCollector_Deterministic.py:1854587): Gdk-CRITICAL **: 15:34:59.870: gdk_cursor_new_for_display: assertion 'GDK_IS_DISPLAY (display)' failed
Unable to init server: Could not connect: Connection refused

(DataCollector_Deterministic.py:1853467): Gdk-CRITICAL **: 15:34:59.915: gdk_cursor_new_for_display: assertion 'GDK_IS_DISPLAY (display)' failed

(DataCollector_Deterministic.py:1854058): Gdk-CRITICAL **: 15:34:59.939: gdk_cursor_new_for_display: assertion 'GDK_IS_DISPLAY (display)' failed
Unable to init server: Could not connect: Connection refused
Unable to init server: Could not connect: Connection refused
Unable to init server: Could not connect: Connection refused
Unable to init server: Could not connect: Connection refused
Unable to init server: Could not connect: Connection refused
Unable to init server: Could not connect: Connection refused
Unable to init server: Could not connect: Connection refused
Unable to init server: Could not connect: Connection refused
Unable to init server: Could not connect: Connection refused
Unable to init server: Could not connect: Connection refused
Unable to init server: Could not connect: Connection refused
Unable to init server: Could not connect: Connection refused
Unable to init server: Could not connect: Connection refused
Unable to init server: Could not connect: Connection refused
Unable to init server: Could not connect: Connection refused
Unable to init server: Could not connect: Connection refused
Unable to init server: Could not connect: Connection refused
Unable to init server: Could not connect: Connection refused
Unable to init server: Could not connect: Connection refused
Unable to init server: Could not connect: Connection refused
Unable to init server: Could not connect: Connection refused

(DataCollector_Deterministic.py:1854167): Gdk-CRITICAL **: 15:35:01.807: gdk_cursor_new_for_display: assertion 'GDK_IS_DISPLAY (display)' failed
Unable to init server: Could not connect: Connection refused
Unable to init server: Could not connect: Connection refused

(DataCollector_Deterministic.py:1854091): Gdk-CRITICAL **: 15:35:01.927: gdk_cursor_new_for_display: assertion 'GDK_IS_DISPLAY (display)' failed
Unable to init server: Could not connect: Connection refused
Unable to init server: Could not connect: Connection refused
Unable to init server: Could not connect: Connection refused

(DataCollector_Deterministic.py:1853927): Gdk-CRITICAL **: 15:35:02.062: gdk_cursor_new_for_display: assertion 'GDK_IS_DISPLAY (display)' failed
Unable to init server: Could not connect: Connection refused

(DataCollector_Deterministic.py:1852746): Gdk-CRITICAL **: 15:35:02.080: gdk_cursor_new_for_display: assertion 'GDK_IS_DISPLAY (display)' failed
Unable to init server: Could not connect: Connection refused
Unable to init server: Could not connect: Connection refused

(DataCollector_Deterministic.py:1853854): Gdk-CRITICAL **: 15:35:02.170: gdk_cursor_new_for_display: assertion 'GDK_IS_DISPLAY (display)' failed

(DataCollector_Deterministic.py:1854528): Gdk-CRITICAL **: 15:35:02.231: gdk_cursor_new_for_display: assertion 'GDK_IS_DISPLAY (display)' failed

(DataCollector_Deterministic.py:1853117): Gdk-CRITICAL **: 15:35:02.235: gdk_cursor_new_for_display: assertion 'GDK_IS_DISPLAY (display)' failed
Unable to init server: Could not connect: Connection refused

(DataCollector_Deterministic.py:1854220): Gdk-CRITICAL **: 15:35:02.255: gdk_cursor_new_for_display: assertion 'GDK_IS_DISPLAY (display)' failed
Unable to init server: Could not connect: Connection refused

(DataCollector_Deterministic.py:1854436): Gdk-CRITICAL **: 15:35:02.306: gdk_cursor_new_for_display: assertion 'GDK_IS_DISPLAY (display)' failed
Unable to init server: Could not connect: Connection refused

(DataCollector_Deterministic.py:1854259): Gdk-CRITICAL **: 15:35:02.347: gdk_cursor_new_for_display: assertion 'GDK_IS_DISPLAY (display)' failed
Unable to init server: Could not connect: Connection refused
Unable to init server: Could not connect: Connection refused

(DataCollector_Deterministic.py:1853289): Gdk-CRITICAL **: 15:35:02.379: gdk_cursor_new_for_display: assertion 'GDK_IS_DISPLAY (display)' failed

(DataCollector_Deterministic.py:1853000): Gdk-CRITICAL **: 15:35:02.407: gdk_cursor_new_for_display: assertion 'GDK_IS_DISPLAY (display)' failed
Unable to init server: Could not connect: Connection refused

(DataCollector_Deterministic.py:1853226): Gdk-CRITICAL **: 15:35:02.454: gdk_cursor_new_for_display: assertion 'GDK_IS_DISPLAY (display)' failed
Unable to init server: Could not connect: Connection refused

(DataCollector_Deterministic.py:1854476): Gdk-CRITICAL **: 15:35:02.586: gdk_cursor_new_for_display: assertion 'GDK_IS_DISPLAY (display)' failed
Unable to init server: Could not connect: Connection refused
Unable to init server: Could not connect: Connection refused

(DataCollector_Deterministic.py:1853991): Gdk-CRITICAL **: 15:35:02.826: gdk_cursor_new_for_display: assertion 'GDK_IS_DISPLAY (display)' failed
Unable to init server: Could not connect: Connection refused

(DataCollector_Deterministic.py:1854504): Gdk-CRITICAL **: 15:35:02.956: gdk_cursor_new_for_display: assertion 'GDK_IS_DISPLAY (display)' failed
Unable to init server: Could not connect: Connection refused
Unable to init server: Could not connect: Connection refused
Unable to init server: Could not connect: Connection refused

(DataCollector_Deterministic.py:1853784): Gdk-CRITICAL **: 15:35:03.076: gdk_cursor_new_for_display: assertion 'GDK_IS_DISPLAY (display)' failed
Unable to init server: Could not connect: Connection refused

(DataCollector_Deterministic.py:1854269): Gdk-CRITICAL **: 15:35:03.349: gdk_cursor_new_for_display: assertion 'GDK_IS_DISPLAY (display)' failed
Unable to init server: Could not connect: Connection refused

(DataCollector_Deterministic.py:1853749): Gdk-CRITICAL **: 15:35:03.382: gdk_cursor_new_for_display: assertion 'GDK_IS_DISPLAY (display)' failed
Unable to init server: Could not connect: Connection refused

(DataCollector_Deterministic.py:1853730): Gdk-CRITICAL **: 15:35:03.504: gdk_cursor_new_for_display: assertion 'GDK_IS_DISPLAY (display)' failed
Unable to init server: Could not connect: Connection refused
Unable to init server: Could not connect: Connection refused
Unable to init server: Could not connect: Connection refused

(DataCollector_Deterministic.py:1853054): Gdk-CRITICAL **: 15:35:04.024: gdk_cursor_new_for_display: assertion 'GDK_IS_DISPLAY (display)' failed
Unable to init server: Could not connect: Connection refused
Unable to init server: Could not connect: Connection refused
Unable to init server: Could not connect: Connection refused

(DataCollector_Deterministic.py:1853913): Gdk-CRITICAL **: 15:35:04.215: gdk_cursor_new_for_display: assertion 'GDK_IS_DISPLAY (display)' failed
Unable to init server: Could not connect: Connection refused

(DataCollector_Deterministic.py:1853551): Gdk-CRITICAL **: 15:35:04.284: gdk_cursor_new_for_display: assertion 'GDK_IS_DISPLAY (display)' failed
Unable to init server: Could not connect: Connection refused

(DataCollector_Deterministic.py:1853441): Gdk-CRITICAL **: 15:35:04.364: gdk_cursor_new_for_display: assertion 'GDK_IS_DISPLAY (display)' failed
Unable to init server: Could not connect: Connection refused
Unable to init server: Could not connect: Connection refused

(DataCollector_Deterministic.py:1852605): Gdk-CRITICAL **: 15:35:04.561: gdk_cursor_new_for_display: assertion 'GDK_IS_DISPLAY (display)' failed
Unable to init server: Could not connect: Connection refused

(DataCollector_Deterministic.py:1853088): Gdk-CRITICAL **: 15:35:04.618: gdk_cursor_new_for_display: assertion 'GDK_IS_DISPLAY (display)' failed
Unable to init server: Could not connect: Connection refused
Unable to init server: Could not connect: Connection refused
Unable to init server: Could not connect: Connection refused
Unable to init server: Could not connect: Connection refused

(DataCollector_Deterministic.py:1853969): Gdk-CRITICAL **: 15:35:05.928: gdk_cursor_new_for_display: assertion 'GDK_IS_DISPLAY (display)' failed

(DataCollector_Deterministic.py:1852778): Gdk-CRITICAL **: 15:35:05.967: gdk_cursor_new_for_display: assertion 'GDK_IS_DISPLAY (display)' failed
Unable to init server: Could not connect: Connection refused

(DataCollector_Deterministic.py:1853025): Gdk-CRITICAL **: 15:35:06.091: gdk_cursor_new_for_display: assertion 'GDK_IS_DISPLAY (display)' failed
Unable to init server: Could not connect: Connection refused

(DataCollector_Deterministic.py:1854466): Gdk-CRITICAL **: 15:35:06.104: gdk_cursor_new_for_display: assertion 'GDK_IS_DISPLAY (display)' failed
Unable to init server: Could not connect: Connection refused
Unable to init server: Could not connect: Connection refused

(DataCollector_Deterministic.py:1853048): Gdk-CRITICAL **: 15:35:06.392: gdk_cursor_new_for_display: assertion 'GDK_IS_DISPLAY (display)' failed
Unable to init server: Could not connect: Connection refused
Unable to init server: Could not connect: Connection refused
Unable to init server: Could not connect: Connection refused
Unable to init server: Could not connect: Connection refused
Unable to init server: Could not connect: Connection refused
Unable to init server: Could not connect: Connection refused

(DataCollector_Deterministic.py:1854255): Gdk-CRITICAL **: 15:35:07.671: gdk_cursor_new_for_display: assertion 'GDK_IS_DISPLAY (display)' failed
Unable to init server: Could not connect: Connection refused

(DataCollector_Deterministic.py:1852820): Gdk-CRITICAL **: 15:35:07.701: gdk_cursor_new_for_display: assertion 'GDK_IS_DISPLAY (display)' failed
Unable to init server: Could not connect: Connection refused

(DataCollector_Deterministic.py:1853761): Gdk-CRITICAL **: 15:35:08.137: gdk_cursor_new_for_display: assertion 'GDK_IS_DISPLAY (display)' failed
Unable to init server: Could not connect: Connection refused
Unable to init server: Could not connect: Connection refused

(DataCollector_Deterministic.py:1853583): Gdk-CRITICAL **: 15:35:08.666: gdk_cursor_new_for_display: assertion 'GDK_IS_DISPLAY (display)' failed
Unable to init server: Could not connect: Connection refused

(DataCollector_Deterministic.py:1853665): Gdk-CRITICAL **: 15:35:08.758: gdk_cursor_new_for_display: assertion 'GDK_IS_DISPLAY (display)' failed
Unable to init server: Could not connect: Connection refused

(DataCollector_Deterministic.py:1853315): Gdk-CRITICAL **: 15:35:09.027: gdk_cursor_new_for_display: assertion 'GDK_IS_DISPLAY (display)' failed
Unable to init server: Could not connect: Connection refused

(DataCollector_Deterministic.py:1854539): Gdk-CRITICAL **: 15:35:09.074: gdk_cursor_new_for_display: assertion 'GDK_IS_DISPLAY (display)' failed
Unable to init server: Could not connect: Connection refused

(DataCollector_Deterministic.py:1852769): Gdk-CRITICAL **: 15:35:09.461: gdk_cursor_new_for_display: assertion 'GDK_IS_DISPLAY (display)' failed
Unable to init server: Could not connect: Connection refused
Unable to init server: Could not connect: Connection refused

(DataCollector_Deterministic.py:1854385): Gdk-CRITICAL **: 15:35:09.965: gdk_cursor_new_for_display: assertion 'GDK_IS_DISPLAY (display)' failed
Unable to init server: Could not connect: Connection refused

(DataCollector_Deterministic.py:1853795): Gdk-CRITICAL **: 15:35:11.102: gdk_cursor_new_for_display: assertion 'GDK_IS_DISPLAY (display)' failed
Unable to init server: Could not connect: Connection refused
Unable to init server: Could not connect: Connection refused
Unable to init server: Could not connect: Connection refused
Unable to init server: Could not connect: Connection refused
Unable to init server: Could not connect: Connection refused
Unable to init server: Could not connect: Connection refused
Unable to init server: Could not connect: Connection refused
Unable to init server: Could not connect: Connection refused
Unable to init server: Could not connect: Connection refused
Unable to init server: Could not connect: Connection refused
Unable to init server: Could not connect: Connection refused
Unable to init server: Could not connect: Connection refused
Unable to init server: Could not connect: Connection refused
Unable to init server: Could not connect: Connection refused
Unable to init server: Could not connect: Connection refused
Unable to init server: Could not connect: Connection refused
Unable to init server: Could not connect: Connection refused
Unable to init server: Could not connect: Connection refused
Unable to init server: Could not connect: Connection refused
Unable to init server: Could not connect: Connection refused
Unable to init server: Could not connect: Connection refused
Unable to init server: Could not connect: Connection refused
Unable to init server: Could not connect: Connection refused
Unable to init server: Could not connect: Connection refused
Unable to init server: Could not connect: Connection refused
Unable to init server: Could not connect: Connection refused
Unable to init server: Could not connect: Connection refused
Unable to init server: Could not connect: Connection refused
Unable to init server: Could not connect: Connection refused
Unable to init server: Could not connect: Connection refused
Unable to init server: Could not connect: Connection refused
Unable to init server: Could not connect: Connection refused
Unable to init server: Could not connect: Connection refused
Unable to init server: Could not connect: Connection refused
Unable to init server: Could not connect: Connection refused
Unable to init server: Could not connect: Connection refused
Unable to init server: Could not connect: Connection refused
Unable to init server: Could not connect: Connection refused
Unable to init server: Could not connect: Connection refused
Unable to init server: Could not connect: Connection refused
Unable to init server: Could not connect: Connection refused
Unable to init server: Could not connect: Connection refused
Unable to init server: Could not connect: Connection refused

(DataCollector_Deterministic.py:1854520): Gdk-CRITICAL **: 15:35:12.723: gdk_cursor_new_for_display: assertion 'GDK_IS_DISPLAY (display)' failed
Unable to init server: Could not connect: Connection refused

(DataCollector_Deterministic.py:1854484): Gdk-CRITICAL **: 15:35:12.728: gdk_cursor_new_for_display: assertion 'GDK_IS_DISPLAY (display)' failed
Unable to init server: Could not connect: Connection refused

(DataCollector_Deterministic.py:1852718): Gdk-CRITICAL **: 15:35:12.760: gdk_cursor_new_for_display: assertion 'GDK_IS_DISPLAY (display)' failed
Unable to init server: Could not connect: Connection refused

(DataCollector_Deterministic.py:1853863): Gdk-CRITICAL **: 15:35:12.810: gdk_cursor_new_for_display: assertion 'GDK_IS_DISPLAY (display)' failed
Unable to init server: Could not connect: Connection refused

(DataCollector_Deterministic.py:1853507): Gdk-CRITICAL **: 15:35:12.813: gdk_cursor_new_for_display: assertion 'GDK_IS_DISPLAY (display)' failed
Unable to init server: Could not connect: Connection refused

(DataCollector_Deterministic.py:1853265): Gdk-CRITICAL **: 15:35:12.816: gdk_cursor_new_for_display: assertion 'GDK_IS_DISPLAY (display)' failed
Unable to init server: Could not connect: Connection refused

(DataCollector_Deterministic.py:1852536): Gdk-CRITICAL **: 15:35:12.882: gdk_cursor_new_for_display: assertion 'GDK_IS_DISPLAY (display)' failed
Unable to init server: Could not connect: Connection refused

(DataCollector_Deterministic.py:1853066): Gdk-CRITICAL **: 15:35:12.902: gdk_cursor_new_for_display: assertion 'GDK_IS_DISPLAY (display)' failed
Unable to init server: Could not connect: Connection refused

(DataCollector_Deterministic.py:1852580): Gdk-CRITICAL **: 15:35:12.906: gdk_cursor_new_for_display: assertion 'GDK_IS_DISPLAY (display)' failed
Unable to init server: Could not connect: Connection refused

(DataCollector_Deterministic.py:1854478): Gdk-CRITICAL **: 15:35:12.934: gdk_cursor_new_for_display: assertion 'GDK_IS_DISPLAY (display)' failed
Unable to init server: Could not connect: Connection refused

(DataCollector_Deterministic.py:1853870): Gdk-CRITICAL **: 15:35:12.961: gdk_cursor_new_for_display: assertion 'GDK_IS_DISPLAY (display)' failed
Unable to init server: Could not connect: Connection refused

(DataCollector_Deterministic.py:1853701): Gdk-CRITICAL **: 15:35:12.966: gdk_cursor_new_for_display: assertion 'GDK_IS_DISPLAY (display)' failed
Unable to init server: Could not connect: Connection refused

(DataCollector_Deterministic.py:1853937): Gdk-CRITICAL **: 15:35:12.985: gdk_cursor_new_for_display: assertion 'GDK_IS_DISPLAY (display)' failed
Unable to init server: Could not connect: Connection refused

(DataCollector_Deterministic.py:1854066): Gdk-CRITICAL **: 15:35:12.990: gdk_cursor_new_for_display: assertion 'GDK_IS_DISPLAY (display)' failed
Unable to init server: Could not connect: Connection refused

(DataCollector_Deterministic.py:1853559): Gdk-CRITICAL **: 15:35:13.029: gdk_cursor_new_for_display: assertion 'GDK_IS_DISPLAY (display)' failed
Unable to init server: Could not connect: Connection refused

(DataCollector_Deterministic.py:1852965): Gdk-CRITICAL **: 15:35:13.057: gdk_cursor_new_for_display: assertion 'GDK_IS_DISPLAY (display)' failed
Unable to init server: Could not connect: Connection refused

(DataCollector_Deterministic.py:1852630): Gdk-CRITICAL **: 15:35:13.062: gdk_cursor_new_for_display: assertion 'GDK_IS_DISPLAY (display)' failed
Unable to init server: Could not connect: Connection refused

(DataCollector_Deterministic.py:1853157): Gdk-CRITICAL **: 15:35:13.109: gdk_cursor_new_for_display: assertion 'GDK_IS_DISPLAY (display)' failed
Unable to init server: Could not connect: Connection refused

(DataCollector_Deterministic.py:1852707): Gdk-CRITICAL **: 15:35:13.113: gdk_cursor_new_for_display: assertion 'GDK_IS_DISPLAY (display)' failed
Unable to init server: Could not connect: Connection refused

(DataCollector_Deterministic.py:1853642): Gdk-CRITICAL **: 15:35:13.136: gdk_cursor_new_for_display: assertion 'GDK_IS_DISPLAY (display)' failed
Unable to init server: Could not connect: Connection refused
Unable to init server: Could not connect: Connection refused

(DataCollector_Deterministic.py:1853957): Gdk-CRITICAL **: 15:35:13.149: gdk_cursor_new_for_display: assertion 'GDK_IS_DISPLAY (display)' failed
Unable to init server: Could not connect: Connection refused

(DataCollector_Deterministic.py:1854425): Gdk-CRITICAL **: 15:35:13.154: gdk_cursor_new_for_display: assertion 'GDK_IS_DISPLAY (display)' failed
Unable to init server: Could not connect: Connection refused

(DataCollector_Deterministic.py:1852859): Gdk-CRITICAL **: 15:35:13.172: gdk_cursor_new_for_display: assertion 'GDK_IS_DISPLAY (display)' failed
Unable to init server: Could not connect: Connection refused

(DataCollector_Deterministic.py:1854499): Gdk-CRITICAL **: 15:35:13.177: gdk_cursor_new_for_display: assertion 'GDK_IS_DISPLAY (display)' failed
Unable to init server: Could not connect: Connection refused

(DataCollector_Deterministic.py:1853091): Gdk-CRITICAL **: 15:35:13.193: gdk_cursor_new_for_display: assertion 'GDK_IS_DISPLAY (display)' failed
Unable to init server: Could not connect: Connection refused

(DataCollector_Deterministic.py:1854179): Gdk-CRITICAL **: 15:35:13.196: gdk_cursor_new_for_display: assertion 'GDK_IS_DISPLAY (display)' failed
Unable to init server: Could not connect: Connection refused

(DataCollector_Deterministic.py:1852655): Gdk-CRITICAL **: 15:35:13.218: gdk_cursor_new_for_display: assertion 'GDK_IS_DISPLAY (display)' failed
Unable to init server: Could not connect: Connection refused

(DataCollector_Deterministic.py:1852823): Gdk-CRITICAL **: 15:35:13.221: gdk_cursor_new_for_display: assertion 'GDK_IS_DISPLAY (display)' failed
Unable to init server: Could not connect: Connection refused

(DataCollector_Deterministic.py:1854314): Gdk-CRITICAL **: 15:35:13.240: gdk_cursor_new_for_display: assertion 'GDK_IS_DISPLAY (display)' failed
Unable to init server: Could not connect: Connection refused

(DataCollector_Deterministic.py:1854334): Gdk-CRITICAL **: 15:35:13.305: gdk_cursor_new_for_display: assertion 'GDK_IS_DISPLAY (display)' failed
Unable to init server: Could not connect: Connection refused

(DataCollector_Deterministic.py:1852955): Gdk-CRITICAL **: 15:35:13.308: gdk_cursor_new_for_display: assertion 'GDK_IS_DISPLAY (display)' failed
Unable to init server: Could not connect: Connection refused

(DataCollector_Deterministic.py:1853678): Gdk-CRITICAL **: 15:35:13.351: gdk_cursor_new_for_display: assertion 'GDK_IS_DISPLAY (display)' failed
Unable to init server: Could not connect: Connection refused

(DataCollector_Deterministic.py:1852836): Gdk-CRITICAL **: 15:35:13.363: gdk_cursor_new_for_display: assertion 'GDK_IS_DISPLAY (display)' failed
Unable to init server: Could not connect: Connection refused

(DataCollector_Deterministic.py:1852813): Gdk-CRITICAL **: 15:35:13.376: gdk_cursor_new_for_display: assertion 'GDK_IS_DISPLAY (display)' failed
Unable to init server: Could not connect: Connection refused

(DataCollector_Deterministic.py:1854348): Gdk-CRITICAL **: 15:35:13.400: gdk_cursor_new_for_display: assertion 'GDK_IS_DISPLAY (display)' failed
Unable to init server: Could not connect: Connection refused

(DataCollector_Deterministic.py:1854181): Gdk-CRITICAL **: 15:35:13.404: gdk_cursor_new_for_display: assertion 'GDK_IS_DISPLAY (display)' failed
Unable to init server: Could not connect: Connection refused

(DataCollector_Deterministic.py:1853145): Gdk-CRITICAL **: 15:35:13.441: gdk_cursor_new_for_display: assertion 'GDK_IS_DISPLAY (display)' failed
Unable to init server: Could not connect: Connection refused

(DataCollector_Deterministic.py:1853977): Gdk-CRITICAL **: 15:35:13.476: gdk_cursor_new_for_display: assertion 'GDK_IS_DISPLAY (display)' failed
Unable to init server: Could not connect: Connection refused

(DataCollector_Deterministic.py:1852887): Gdk-CRITICAL **: 15:35:13.492: gdk_cursor_new_for_display: assertion 'GDK_IS_DISPLAY (display)' failed
Unable to init server: Could not connect: Connection refused

(DataCollector_Deterministic.py:1853160): Gdk-CRITICAL **: 15:35:13.504: gdk_cursor_new_for_display: assertion 'GDK_IS_DISPLAY (display)' failed

(DataCollector_Deterministic.py:1854324): Gdk-CRITICAL **: 15:35:13.543: gdk_cursor_new_for_display: assertion 'GDK_IS_DISPLAY (display)' failed
Unable to init server: Could not connect: Connection refused

(DataCollector_Deterministic.py:1854185): Gdk-CRITICAL **: 15:35:13.584: gdk_cursor_new_for_display: assertion 'GDK_IS_DISPLAY (display)' failed
Initalising...
Running Sim...

Data Dump...
Initalising...
Running Sim...

Data Dump...
Initalising...
Running Sim...

Data Dump...
Initalising...
Running Sim...

Data Dump...
Initalising...
Running Sim...

Data Dump...
Initalising...
Running Sim...

Data Dump...
Initalising...
Running Sim...

Data Dump...
Initalising...
Running Sim...

Data Dump...
Initalising...
Running Sim...

Data Dump...
Initalising...
Running Sim...

Data Dump...
Initalising...
Running Sim...

Data Dump...
Initalising...
Running Sim...

Data Dump...
Initalising...
Running Sim...
.Initalising...
Running Sim...
.Initalising...
Running Sim...
.Initalising...
Running Sim...
.Initalising...
Running Sim...
.Initalising...
Running Sim...
.Initalising...
Running Sim...
.Initalising...
Running Sim...
.Initalising...
Running Sim...
.Initalising...
Running Sim...
.Initalising...
Running Sim...
.Initalising...
Running Sim...
.Initalising...
Running Sim...
.Initalising...
Running Sim...
.Initalising...
Running Sim...
.Initalising...
Running Sim...
.Initalising...
Running Sim...
.Initalising...
Running Sim...
.Initalising...
Running Sim...
.Initalising...
Running Sim...
.Initalising...
Running Sim...
.Initalising...
Running Sim...
.Initalising...
Running Sim...
.Initalising...
Running Sim...
.Initalising...
Running Sim...
.Initalising...
Running Sim...
.Initalising...
Running Sim...
.Initalising...
Running Sim...
.Initalising...
Running Sim...
.Initalising...
Running Sim...
.Initalising...
Running Sim...
.Initalising...
Running Sim...
.Initalising...
Running Sim...
.Initalising...
Running Sim...
.Initalising...
Running Sim...
.Initalising...
Running Sim...
.Initalising...
Running Sim...
.Initalising...
Running Sim...
.Initalising...
Running Sim...
.Initalising...
Running Sim...
.Initalising...
Running Sim...
.Initalising...
Running Sim...
.Initalising...
Running Sim...
.Initalising...
Running Sim...
.Initalising...
Running Sim...
.Initalising...
Running Sim...
.Initalising...
Running Sim...
.Initalising...
Running Sim...
.Initalising...
Running Sim...
.Initalising...
Running Sim...
.Initalising...
Running Sim...
.Initalising...
Running Sim...
.Initalising...
Running Sim...
.Initalising...
Running Sim...
.Initalising...
Running Sim...
.Initalising...
Running Sim...
.Initalising...
Running Sim...
.Initalising...
Running Sim...
.Initalising...
Running Sim...
.Initalising...
Running Sim...
.Initalising...
Running Sim...
.Initalising...
Running Sim...
.Initalising...
Running Sim...
.Initalising...
Running Sim...
.Initalising...
Running Sim...
.Initalising...
Running Sim...
.Initalising...
Running Sim...
.Initalising...
Running Sim...
.Initalising...
Running Sim...
.Initalising...
Running Sim...
.Initalising...
Running Sim...
.Initalising...
Running Sim...
.Initalising...
Running Sim...
.Initalising...
Running Sim...
.Initalising...
Running Sim...
.Initalising...
Running Sim...
.Initalising...
Running Sim...
.Initalising...
Running Sim...
.Initalising...
Running Sim...
.Initalising...
Running Sim...
.Initalising...
Running Sim...
.Initalising...
Running Sim...
.Initalising...
Running Sim...
.Initalising...
Running Sim...
.Initalising...
Running Sim...
.Initalising...
Running Sim...
.Initalising...
Running Sim...
.Initalising...
Running Sim...
.............................................................................................................................................................................................................................................................................................................................................................................................................................................................................................................................................................................................................................................................................................................................................................................................................
[1832 9104]
..
[1711 9246]
.
[1722 9226]
...
[1741 9162]
.
[1776 9208]
.
[1706 9268]
.
[1729 9214]
.
[1737 9208]
..
[1959 8991]
..
[1694 9224]
.
[1808 9173]
.
[1787 9205]
.
[1782 9216]
..
[1843 9106]
.
[1688 9242]
.
[1928 8955]
.
[1711 9258]
..
[1689 9254]
.
[1798 9128]
.
[1688 9214]
.
[1687 9249]
.
[1711 9263]
.
[1780 9122]
.
[1721 9245]
.
[1942 8944]
.
[1997 8901]
.
[1734 9248]
.
[1919 8964]
.
[1756 9199]
.
[1687 9221]
.
[1749 9207]
..
[1834 9152]
.
[1727 9204]
.
[1912 9043]
.
[1910 8977]
.
[1880 9033]
.
[1778 9158]
.
[2064 8792]
.
[2079 8816]
.
[1741 9175]
.
[1677 9249]
.
[1828 9131]
.
[1733 9239]
..
[2058 8900]
.
[1733 9243]
.
[2001 8888]
.
[1896 9012]
.
[2092 8817]
.
[1858 9074]
.
[1782 9216]
.
[1805 9142]
.
[2374 8480]
.
[2081 8777]
.
[1819 9115]
.
[1979 8941]
.
[1738 9178]
.
[1715 9214]
..
[1737 9188]
.
[2454 8358]
.
[1863 9110]
..
[1946 8949]
.
[2008 8875]
...
[2195 8679]
.
[1739 9199]
.
[2557 8253]
..
[2075 8773]
.
[2332 8543]
.
[2247 8587]
.
[2470 8399]
.
[1904 8998]
.
[2231 8623]
......
[2523 8277]
.
[2612 8209]
..........
[2900 7797]
.
[3183 7497]
.
[3163 7509]
...
[2986 7740]
..................
[3565 7072]
...
[4042 6564]
.........
[3740 6915]
.
[3196 7505]
...........
[3507 7139]
....
[3865 6816]
................
[3846 6751]
..............
[4180 6428]
..............
[7623 2830]
.
[6275 4400]
...................
[6448 4089]
.......................................................................................................................................................................................................................................................
Data Dump...
.........
Data Dump...
............................
Data Dump...
.
Data Dump...
.
Data Dump...

Data Dump...
...
Data Dump...

Data Dump...
................................................................................................................................................................................................
[  63 4518]
.
[  58 4472]
......
[  45 4358]
.....
[  86 4219]
.......
[  62 4472]
.
[  79 4332]
.
[  62 4335]
..........
[  77 4291]
...
[  83 4164]
.............
[  72 4327]
.....
[  98 4234]
..............
[  93 3918]
......................
[ 133 3450]
..
[ 230 3114]
..........
[  86 3922]
..
[  92 3972]
.
[ 144 3428]
.............
[ 129 3652]
...
[ 127 3645]
....
[ 101 4018]
.....
[ 164 3493]
.......
[ 178 3479]
.
[ 104 3901]
.
[ 122 3552]
.
[ 146 3675]
......
[  89 3869]
.
[ 116 3881]
.....
[ 136 3714]
.
[ 117 3681]
....
[ 160 3574]
.
[ 138 3674]
..
[ 146 3327]
..............
[ 214 3235]
...............
[ 196 3355]
.....
[ 202 3206]
.....
[ 222 3046]
............
[ 200 3300]
....................
[ 317 2717]
...
[ 239 3228]
.............
[ 274 3111]
..
[ 238 3154]
.
[ 334 2461]
....
[ 194 3350]
....
[ 248 3115]
...
[ 296 2743]
...
[ 358 2884]
......
[ 327 2480]
...............
[ 402 2346]
..........
[ 317 2995]
.
[ 482 2131]
.........
[ 392 2667]
...
[ 451 2303]
..
[ 497 2139]
...
[ 481 2244]
.
[ 394 2449]
.............
[ 472 2270]
.
[ 518 2544]
...
[ 475 2238]
...........
[ 528 2410]
...............................
[ 691 1785]
.........
[ 589 2026]
....
[ 629 2097]
..
[ 515 2247]
.
[ 682 1963]
......
[ 633 1882]
.........................................
[1103 1155]
....................
[1079 1148]
.
[1255 1003]
.........
[2652   91]
.........
[1162 1066]
.....
[1181 1113]
....
[1314  868]
.............
[1613  647]
..
[1133 1496]
..............
[1096 1317]
...............
[ 26 384]
...
[1426  828]
....
[2122  624]
......
[1317 1099]
....
Data Dump...
.
[ 37 364]
..
[ 43 331]
.
[2236  384]
........
[ 38 350]
.....
[1427  727]
...........
Data Dump...
..
Data Dump...
.....
[ 35 326]
.
Data Dump...
......
[ 28 337]
........
[ 31 265]
...........
[ 34 283]
....
[ 33 286]
......
[ 41 300]
........
Data Dump...

Data Dump...
...............
Data Dump...
.
[ 47 330]
..
Data Dump...
......
Data Dump...
..
Data Dump...
...................................
Data Dump...
...............................
[ 39 207]
....
[ 30 269]
...........
[ 44 282]
........................................
[ 42 337]
....
Data Dump...

Data Dump...
...
[ 39 113]
........
Data Dump...
........
[ 42 197]
.....
[ 43 175]
..
[ 32 259]
.
[ 35 243]
....
[ 38 304]
.........
[52 95]
........
[ 55 265]
..
Data Dump...
....
[ 47 200]
.
[ 49 216]
.....
[ 54 142]
..
[39 96]
..
[ 43 204]
...........
[ 51 108]
.
Data Dump...

[ 41 190]
.........
[ 48 179]
......
Data Dump...
...
Data Dump...

Data Dump...

Data Dump...
....
Data Dump...
..........
[ 41 108]
.......
Data Dump...

[ 47 137]
........
Data Dump...
.........
Data Dump...
.
[ 49 160]
...
Data Dump...

Data Dump...
....
Data Dump...
..
Data Dump...

Data Dump...

Data Dump...
........
[ 51 133]
...
Data Dump...
...................
[ 55 141]
...
[46 66]
.......
Data Dump...
......
Data Dump...
..
[ 45 145]
.......
[ 49 156]
..
Data Dump...
...
[ 44 206]
.....
[ 51 106]
.......
[60 50]
....
Data Dump...
..
[50 36]
..
[ 47 118]
...............
[ 53 149]
.
[ 57 187]
...
[46 68]
.
Data Dump...
........
[48 29]
...
Data Dump...
...
[60 23]
......
[59 78]
.....
Data Dump...

[57 31]
...
[57 47]
..
[67 50]
.
Data Dump...

Data Dump...
....
[63 21]
..
[64 97]
...
[58 35]
.....
[72 51]
...
Data Dump...
.....
Data Dump...

[52 40]
..
Data Dump...
...
[68 75]
.........
Data Dump...
.........
Data Dump...
....
Data Dump...

Data Dump...
.
[69 29]
...
[53 50]
.
[68 36]
.....
Data Dump...
.......
[65 33]
..
Data Dump...

[74 25]
..
Data Dump...
....
[71 37]
.....
Data Dump...
.
Data Dump...
..
Data Dump...
........
Data Dump...

Data Dump...

Data Dump...
.
[85 16]
...
Data Dump...
...
[80 18]
.....
[89 17]
..
Data Dump...
.
Data Dump...
..
[87 18]
.
[130   7]
...
[85 16]
...........
Data Dump...

[87 42]
..
[86 15]
.
Data Dump...
..
Data Dump...
..
[92 12]
....
Data Dump...

[68 24]
..
Data Dump...

[79 21]
...
Data Dump...

[117  29]
.
[100  15]
.........
[126  18]
.
[87 12]
.....
Data Dump...
.....
Data Dump...
..
Data Dump...

Data Dump...
...
Data Dump...
.
Data Dump...
......
Data Dump...
.
Data Dump...
.....
Data Dump...

Data Dump...

Data Dump...

Data Dump...

Data Dump...
..
Data Dump...

Data Dump...
High 1 4
Done
