Unable to init server: Could not connect: Connection refused
Unable to init server: Could not connect: Connection refused
Unable to init server: Could not connect: Connection refused
Unable to init server: Could not connect: Connection refused

(DataCollector_Deterministic.py:10044): Gdk-CRITICAL **: 15:37:02.014: gdk_cursor_new_for_display: assertion 'GDK_IS_DISPLAY (display)' failed
Unable to init server: Could not connect: Connection refused

(DataCollector_Deterministic.py:10681): Gdk-CRITICAL **: 15:37:02.037: gdk_cursor_new_for_display: assertion 'GDK_IS_DISPLAY (display)' failed
Unable to init server: Could not connect: Connection refused

(DataCollector_Deterministic.py:9779): Gdk-CRITICAL **: 15:37:02.634: gdk_cursor_new_for_display: assertion 'GDK_IS_DISPLAY (display)' failed
Unable to init server: Could not connect: Connection refused
Unable to init server: Could not connect: Connection refused
Unable to init server: Could not connect: Connection refused
Unable to init server: Could not connect: Connection refused
Unable to init server: Could not connect: Connection refused

(DataCollector_Deterministic.py:9726): Gdk-CRITICAL **: 15:37:06.455: gdk_cursor_new_for_display: assertion 'GDK_IS_DISPLAY (display)' failed
Unable to init server: Could not connect: Connection refused

(DataCollector_Deterministic.py:9191): Gdk-CRITICAL **: 15:37:06.543: gdk_cursor_new_for_display: assertion 'GDK_IS_DISPLAY (display)' failed
Unable to init server: Could not connect: Connection refused

(DataCollector_Deterministic.py:10197): Gdk-CRITICAL **: 15:37:06.546: gdk_cursor_new_for_display: assertion 'GDK_IS_DISPLAY (display)' failed
Unable to init server: Could not connect: Connection refused
Unable to init server: Could not connect: Connection refused

(DataCollector_Deterministic.py:10259): Gdk-CRITICAL **: 15:37:06.659: gdk_cursor_new_for_display: assertion 'GDK_IS_DISPLAY (display)' failed
Unable to init server: Could not connect: Connection refused
Unable to init server: Could not connect: Connection refused
Unable to init server: Could not connect: Connection refused

(DataCollector_Deterministic.py:9287): Gdk-CRITICAL **: 15:37:09.413: gdk_cursor_new_for_display: assertion 'GDK_IS_DISPLAY (display)' failed
Unable to init server: Could not connect: Connection refused

(DataCollector_Deterministic.py:10507): Gdk-CRITICAL **: 15:37:09.530: gdk_cursor_new_for_display: assertion 'GDK_IS_DISPLAY (display)' failed
Unable to init server: Could not connect: Connection refused

(DataCollector_Deterministic.py:9690): Gdk-CRITICAL **: 15:37:09.997: gdk_cursor_new_for_display: assertion 'GDK_IS_DISPLAY (display)' failed
Unable to init server: Could not connect: Connection refused
Unable to init server: Could not connect: Connection refused
Unable to init server: Could not connect: Connection refused
Unable to init server: Could not connect: Connection refused
Unable to init server: Could not connect: Connection refused
Unable to init server: Could not connect: Connection refused
Unable to init server: Could not connect: Connection refused
Unable to init server: Could not connect: Connection refused
Unable to init server: Could not connect: Connection refused

(DataCollector_Deterministic.py:9020): Gdk-CRITICAL **: 15:37:13.778: gdk_cursor_new_for_display: assertion 'GDK_IS_DISPLAY (display)' failed
Unable to init server: Could not connect: Connection refused
Unable to init server: Could not connect: Connection refused

(DataCollector_Deterministic.py:9955): Gdk-CRITICAL **: 15:37:14.067: gdk_cursor_new_for_display: assertion 'GDK_IS_DISPLAY (display)' failed
Unable to init server: Could not connect: Connection refused

(DataCollector_Deterministic.py:9476): Gdk-CRITICAL **: 15:37:14.098: gdk_cursor_new_for_display: assertion 'GDK_IS_DISPLAY (display)' failed
Unable to init server: Could not connect: Connection refused
Unable to init server: Could not connect: Connection refused
Unable to init server: Could not connect: Connection refused
Unable to init server: Could not connect: Connection refused

(DataCollector_Deterministic.py:9441): Gdk-CRITICAL **: 15:37:14.294: gdk_cursor_new_for_display: assertion 'GDK_IS_DISPLAY (display)' failed
Unable to init server: Could not connect: Connection refused

(DataCollector_Deterministic.py:9606): Gdk-CRITICAL **: 15:37:14.342: gdk_cursor_new_for_display: assertion 'GDK_IS_DISPLAY (display)' failed
Unable to init server: Could not connect: Connection refused
Unable to init server: Could not connect: Connection refused
Unable to init server: Could not connect: Connection refused
Unable to init server: Could not connect: Connection refused
Unable to init server: Could not connect: Connection refused

(DataCollector_Deterministic.py:10373): Gdk-CRITICAL **: 15:37:15.363: gdk_cursor_new_for_display: assertion 'GDK_IS_DISPLAY (display)' failed
Unable to init server: Could not connect: Connection refused

(DataCollector_Deterministic.py:9668): Gdk-CRITICAL **: 15:37:15.426: gdk_cursor_new_for_display: assertion 'GDK_IS_DISPLAY (display)' failed
Unable to init server: Could not connect: Connection refused

(DataCollector_Deterministic.py:9337): Gdk-CRITICAL **: 15:37:15.708: gdk_cursor_new_for_display: assertion 'GDK_IS_DISPLAY (display)' failed
Unable to init server: Could not connect: Connection refused

(DataCollector_Deterministic.py:9572): Gdk-CRITICAL **: 15:37:16.696: gdk_cursor_new_for_display: assertion 'GDK_IS_DISPLAY (display)' failed
Unable to init server: Could not connect: Connection refused

(DataCollector_Deterministic.py:9625): Gdk-CRITICAL **: 15:37:16.700: gdk_cursor_new_for_display: assertion 'GDK_IS_DISPLAY (display)' failed
Unable to init server: Could not connect: Connection refused

(DataCollector_Deterministic.py:10659): Gdk-CRITICAL **: 15:37:16.716: gdk_cursor_new_for_display: assertion 'GDK_IS_DISPLAY (display)' failed
Unable to init server: Could not connect: Connection refused

(DataCollector_Deterministic.py:10657): Gdk-CRITICAL **: 15:37:16.739: gdk_cursor_new_for_display: assertion 'GDK_IS_DISPLAY (display)' failed
Unable to init server: Could not connect: Connection refused

(DataCollector_Deterministic.py:10521): Gdk-CRITICAL **: 15:37:16.820: gdk_cursor_new_for_display: assertion 'GDK_IS_DISPLAY (display)' failed
Unable to init server: Could not connect: Connection refused

(DataCollector_Deterministic.py:10102): Gdk-CRITICAL **: 15:37:16.912: gdk_cursor_new_for_display: assertion 'GDK_IS_DISPLAY (display)' failed
Unable to init server: Could not connect: Connection refused

(DataCollector_Deterministic.py:9435): Gdk-CRITICAL **: 15:37:16.960: gdk_cursor_new_for_display: assertion 'GDK_IS_DISPLAY (display)' failed
Unable to init server: Could not connect: Connection refused

(DataCollector_Deterministic.py:9318): Gdk-CRITICAL **: 15:37:17.560: gdk_cursor_new_for_display: assertion 'GDK_IS_DISPLAY (display)' failed
Unable to init server: Could not connect: Connection refused
Unable to init server: Could not connect: Connection refused
Unable to init server: Could not connect: Connection refused
Unable to init server: Could not connect: Connection refused

(DataCollector_Deterministic.py:10160): Gdk-CRITICAL **: 15:37:20.763: gdk_cursor_new_for_display: assertion 'GDK_IS_DISPLAY (display)' failed
Unable to init server: Could not connect: Connection refused

(DataCollector_Deterministic.py:9408): Gdk-CRITICAL **: 15:37:20.841: gdk_cursor_new_for_display: assertion 'GDK_IS_DISPLAY (display)' failed
Unable to init server: Could not connect: Connection refused

(DataCollector_Deterministic.py:10086): Gdk-CRITICAL **: 15:37:21.085: gdk_cursor_new_for_display: assertion 'GDK_IS_DISPLAY (display)' failed
Unable to init server: Could not connect: Connection refused
Unable to init server: Could not connect: Connection refused
Unable to init server: Could not connect: Connection refused
Unable to init server: Could not connect: Connection refused
Unable to init server: Could not connect: Connection refused
Unable to init server: Could not connect: Connection refused
Unable to init server: Could not connect: Connection refused
Unable to init server: Could not connect: Connection refused
Unable to init server: Could not connect: Connection refused
Unable to init server: Could not connect: Connection refused
Unable to init server: Could not connect: Connection refused

(DataCollector_Deterministic.py:9582): Gdk-CRITICAL **: 15:37:23.326: gdk_cursor_new_for_display: assertion 'GDK_IS_DISPLAY (display)' failed
Unable to init server: Could not connect: Connection refused
Unable to init server: Could not connect: Connection refused
Unable to init server: Could not connect: Connection refused
Unable to init server: Could not connect: Connection refused
Unable to init server: Could not connect: Connection refused
Unable to init server: Could not connect: Connection refused
Unable to init server: Could not connect: Connection refused
Unable to init server: Could not connect: Connection refused
Unable to init server: Could not connect: Connection refused
Unable to init server: Could not connect: Connection refused
Unable to init server: Could not connect: Connection refused

(DataCollector_Deterministic.py:10113): Gdk-CRITICAL **: 15:37:23.596: gdk_cursor_new_for_display: assertion 'GDK_IS_DISPLAY (display)' failed
Unable to init server: Could not connect: Connection refused
Unable to init server: Could not connect: Connection refused
Unable to init server: Could not connect: Connection refused
Unable to init server: Could not connect: Connection refused
Unable to init server: Could not connect: Connection refused
Unable to init server: Could not connect: Connection refused
Unable to init server: Could not connect: Connection refused
Unable to init server: Could not connect: Connection refused
Unable to init server: Could not connect: Connection refused
Unable to init server: Could not connect: Connection refused
Unable to init server: Could not connect: Connection refused
Unable to init server: Could not connect: Connection refused
Unable to init server: Could not connect: Connection refused
Unable to init server: Could not connect: Connection refused
Unable to init server: Could not connect: Connection refused
Unable to init server: Could not connect: Connection refused
Unable to init server: Could not connect: Connection refused
Unable to init server: Could not connect: Connection refused
Unable to init server: Could not connect: Connection refused
Unable to init server: Could not connect: Connection refused
Unable to init server: Could not connect: Connection refused
Unable to init server: Could not connect: Connection refused
Unable to init server: Could not connect: Connection refused
Unable to init server: Could not connect: Connection refused
Unable to init server: Could not connect: Connection refused
Unable to init server: Could not connect: Connection refused
Unable to init server: Could not connect: Connection refused
Unable to init server: Could not connect: Connection refused
Unable to init server: Could not connect: Connection refused
Unable to init server: Could not connect: Connection refused
Unable to init server: Could not connect: Connection refused
Unable to init server: Could not connect: Connection refused
Unable to init server: Could not connect: Connection refused
Unable to init server: Could not connect: Connection refused
Unable to init server: Could not connect: Connection refused
Unable to init server: Could not connect: Connection refused
Unable to init server: Could not connect: Connection refused
Unable to init server: Could not connect: Connection refused
Unable to init server: Could not connect: Connection refused
Unable to init server: Could not connect: Connection refused
Unable to init server: Could not connect: Connection refused
Unable to init server: Could not connect: Connection refused
Unable to init server: Could not connect: Connection refused
Unable to init server: Could not connect: Connection refused
Unable to init server: Could not connect: Connection refused
Unable to init server: Could not connect: Connection refused
Unable to init server: Could not connect: Connection refused
Unable to init server: Could not connect: Connection refused
Unable to init server: Could not connect: Connection refused
Unable to init server: Could not connect: Connection refused
Unable to init server: Could not connect: Connection refused
Unable to init server: Could not connect: Connection refused

(DataCollector_Deterministic.py:10119): Gdk-CRITICAL **: 15:37:25.043: gdk_cursor_new_for_display: assertion 'GDK_IS_DISPLAY (display)' failed
Unable to init server: Could not connect: Connection refused

(DataCollector_Deterministic.py:10055): Gdk-CRITICAL **: 15:37:25.146: gdk_cursor_new_for_display: assertion 'GDK_IS_DISPLAY (display)' failed
Unable to init server: Could not connect: Connection refused

(DataCollector_Deterministic.py:10358): Gdk-CRITICAL **: 15:37:25.179: gdk_cursor_new_for_display: assertion 'GDK_IS_DISPLAY (display)' failed
Unable to init server: Could not connect: Connection refused

(DataCollector_Deterministic.py:9702): Gdk-CRITICAL **: 15:37:25.243: gdk_cursor_new_for_display: assertion 'GDK_IS_DISPLAY (display)' failed
Unable to init server: Could not connect: Connection refused
Unable to init server: Could not connect: Connection refused

(DataCollector_Deterministic.py:10413): Gdk-CRITICAL **: 15:37:25.320: gdk_cursor_new_for_display: assertion 'GDK_IS_DISPLAY (display)' failed
Unable to init server: Could not connect: Connection refused
Unable to init server: Could not connect: Connection refused
Unable to init server: Could not connect: Connection refused
Unable to init server: Could not connect: Connection refused
Unable to init server: Could not connect: Connection refused

(DataCollector_Deterministic.py:9007): Gdk-CRITICAL **: 15:37:25.402: gdk_cursor_new_for_display: assertion 'GDK_IS_DISPLAY (display)' failed
Unable to init server: Could not connect: Connection refused

(DataCollector_Deterministic.py:9101): Gdk-CRITICAL **: 15:37:25.416: gdk_cursor_new_for_display: assertion 'GDK_IS_DISPLAY (display)' failed
Unable to init server: Could not connect: Connection refused
Unable to init server: Could not connect: Connection refused
Unable to init server: Could not connect: Connection refused
Unable to init server: Could not connect: Connection refused

(DataCollector_Deterministic.py:10678): Gdk-CRITICAL **: 15:37:25.470: gdk_cursor_new_for_display: assertion 'GDK_IS_DISPLAY (display)' failed
Unable to init server: Could not connect: Connection refused
Unable to init server: Could not connect: Connection refused

(DataCollector_Deterministic.py:9520): Gdk-CRITICAL **: 15:37:25.498: gdk_cursor_new_for_display: assertion 'GDK_IS_DISPLAY (display)' failed
Unable to init server: Could not connect: Connection refused

(DataCollector_Deterministic.py:10442): Gdk-CRITICAL **: 15:37:25.500: gdk_cursor_new_for_display: assertion 'GDK_IS_DISPLAY (display)' failed
Unable to init server: Could not connect: Connection refused
Unable to init server: Could not connect: Connection refused

(DataCollector_Deterministic.py:10319): Gdk-CRITICAL **: 15:37:25.510: gdk_cursor_new_for_display: assertion 'GDK_IS_DISPLAY (display)' failed
Unable to init server: Could not connect: Connection refused

(DataCollector_Deterministic.py:10539): Gdk-CRITICAL **: 15:37:25.523: gdk_cursor_new_for_display: assertion 'GDK_IS_DISPLAY (display)' failed
Unable to init server: Could not connect: Connection refused

(DataCollector_Deterministic.py:9746): Gdk-CRITICAL **: 15:37:25.530: gdk_cursor_new_for_display: assertion 'GDK_IS_DISPLAY (display)' failed
Unable to init server: Could not connect: Connection refused

(DataCollector_Deterministic.py:10123): Gdk-CRITICAL **: 15:37:25.538: gdk_cursor_new_for_display: assertion 'GDK_IS_DISPLAY (display)' failed
Unable to init server: Could not connect: Connection refused
Unable to init server: Could not connect: Connection refused
Unable to init server: Could not connect: Connection refused

(DataCollector_Deterministic.py:10344): Gdk-CRITICAL **: 15:37:25.554: gdk_cursor_new_for_display: assertion 'GDK_IS_DISPLAY (display)' failed
Unable to init server: Could not connect: Connection refused

(DataCollector_Deterministic.py:10127): Gdk-CRITICAL **: 15:37:25.561: gdk_cursor_new_for_display: assertion 'GDK_IS_DISPLAY (display)' failed
Unable to init server: Could not connect: Connection refused

(DataCollector_Deterministic.py:10334): Gdk-CRITICAL **: 15:37:25.566: gdk_cursor_new_for_display: assertion 'GDK_IS_DISPLAY (display)' failed
Unable to init server: Could not connect: Connection refused

(DataCollector_Deterministic.py:10666): Gdk-CRITICAL **: 15:37:25.574: gdk_cursor_new_for_display: assertion 'GDK_IS_DISPLAY (display)' failed
Unable to init server: Could not connect: Connection refused
Unable to init server: Could not connect: Connection refused
Unable to init server: Could not connect: Connection refused
Unable to init server: Could not connect: Connection refused
Unable to init server: Could not connect: Connection refused

(DataCollector_Deterministic.py:9254): Gdk-CRITICAL **: 15:37:25.642: gdk_cursor_new_for_display: assertion 'GDK_IS_DISPLAY (display)' failed
Unable to init server: Could not connect: Connection refused

(DataCollector_Deterministic.py:10467): Gdk-CRITICAL **: 15:37:25.651: gdk_cursor_new_for_display: assertion 'GDK_IS_DISPLAY (display)' failed

(DataCollector_Deterministic.py:9328): Gdk-CRITICAL **: 15:37:25.651: gdk_cursor_new_for_display: assertion 'GDK_IS_DISPLAY (display)' failed
Unable to init server: Could not connect: Connection refused
Unable to init server: Could not connect: Connection refused

(DataCollector_Deterministic.py:10050): Gdk-CRITICAL **: 15:37:25.663: gdk_cursor_new_for_display: assertion 'GDK_IS_DISPLAY (display)' failed
Unable to init server: Could not connect: Connection refused

(DataCollector_Deterministic.py:9707): Gdk-CRITICAL **: 15:37:25.679: gdk_cursor_new_for_display: assertion 'GDK_IS_DISPLAY (display)' failed
Unable to init server: Could not connect: Connection refused

(DataCollector_Deterministic.py:10601): Gdk-CRITICAL **: 15:37:25.682: gdk_cursor_new_for_display: assertion 'GDK_IS_DISPLAY (display)' failed
Unable to init server: Could not connect: Connection refused
Unable to init server: Could not connect: Connection refused

(DataCollector_Deterministic.py:10131): Gdk-CRITICAL **: 15:37:25.719: gdk_cursor_new_for_display: assertion 'GDK_IS_DISPLAY (display)' failed

(DataCollector_Deterministic.py:10115): Gdk-CRITICAL **: 15:37:25.752: gdk_cursor_new_for_display: assertion 'GDK_IS_DISPLAY (display)' failed
Unable to init server: Could not connect: Connection refused

(DataCollector_Deterministic.py:9121): Gdk-CRITICAL **: 15:37:25.759: gdk_cursor_new_for_display: assertion 'GDK_IS_DISPLAY (display)' failed
Unable to init server: Could not connect: Connection refused

(DataCollector_Deterministic.py:9827): Gdk-CRITICAL **: 15:37:25.788: gdk_cursor_new_for_display: assertion 'GDK_IS_DISPLAY (display)' failed
Unable to init server: Could not connect: Connection refused

(DataCollector_Deterministic.py:9743): Gdk-CRITICAL **: 15:37:25.799: gdk_cursor_new_for_display: assertion 'GDK_IS_DISPLAY (display)' failed
Unable to init server: Could not connect: Connection refused
Unable to init server: Could not connect: Connection refused

(DataCollector_Deterministic.py:10420): Gdk-CRITICAL **: 15:37:25.820: gdk_cursor_new_for_display: assertion 'GDK_IS_DISPLAY (display)' failed

(DataCollector_Deterministic.py:9050): Gdk-CRITICAL **: 15:37:25.840: gdk_cursor_new_for_display: assertion 'GDK_IS_DISPLAY (display)' failed

(DataCollector_Deterministic.py:9600): Gdk-CRITICAL **: 15:37:25.856: gdk_cursor_new_for_display: assertion 'GDK_IS_DISPLAY (display)' failed

(DataCollector_Deterministic.py:10033): Gdk-CRITICAL **: 15:37:25.860: gdk_cursor_new_for_display: assertion 'GDK_IS_DISPLAY (display)' failed

(DataCollector_Deterministic.py:9161): Gdk-CRITICAL **: 15:37:25.884: gdk_cursor_new_for_display: assertion 'GDK_IS_DISPLAY (display)' failed

(DataCollector_Deterministic.py:10650): Gdk-CRITICAL **: 15:37:25.904: gdk_cursor_new_for_display: assertion 'GDK_IS_DISPLAY (display)' failed
Unable to init server: Could not connect: Connection refused

(DataCollector_Deterministic.py:10491): Gdk-CRITICAL **: 15:37:25.943: gdk_cursor_new_for_display: assertion 'GDK_IS_DISPLAY (display)' failed

(DataCollector_Deterministic.py:8977): Gdk-CRITICAL **: 15:37:25.951: gdk_cursor_new_for_display: assertion 'GDK_IS_DISPLAY (display)' failed

(DataCollector_Deterministic.py:9728): Gdk-CRITICAL **: 15:37:25.984: gdk_cursor_new_for_display: assertion 'GDK_IS_DISPLAY (display)' failed

(DataCollector_Deterministic.py:9082): Gdk-CRITICAL **: 15:37:25.988: gdk_cursor_new_for_display: assertion 'GDK_IS_DISPLAY (display)' failed
Unable to init server: Could not connect: Connection refused

(DataCollector_Deterministic.py:10639): Gdk-CRITICAL **: 15:37:26.020: gdk_cursor_new_for_display: assertion 'GDK_IS_DISPLAY (display)' failed

(DataCollector_Deterministic.py:9498): Gdk-CRITICAL **: 15:37:26.024: gdk_cursor_new_for_display: assertion 'GDK_IS_DISPLAY (display)' failed

(DataCollector_Deterministic.py:10644): Gdk-CRITICAL **: 15:37:26.035: gdk_cursor_new_for_display: assertion 'GDK_IS_DISPLAY (display)' failed

(DataCollector_Deterministic.py:9481): Gdk-CRITICAL **: 15:37:25.659: gdk_cursor_new_for_display: assertion 'GDK_IS_DISPLAY (display)' failed
Unable to init server: Could not connect: Connection refused

(DataCollector_Deterministic.py:9063): Gdk-CRITICAL **: 15:37:26.091: gdk_cursor_new_for_display: assertion 'GDK_IS_DISPLAY (display)' failed

(DataCollector_Deterministic.py:10178): Gdk-CRITICAL **: 15:37:26.091: gdk_cursor_new_for_display: assertion 'GDK_IS_DISPLAY (display)' failed
Unable to init server: Could not connect: Connection refused

(DataCollector_Deterministic.py:10393): Gdk-CRITICAL **: 15:37:26.097: gdk_cursor_new_for_display: assertion 'GDK_IS_DISPLAY (display)' failed
Unable to init server: Could not connect: Connection refused

(DataCollector_Deterministic.py:9939): Gdk-CRITICAL **: 15:37:26.106: gdk_cursor_new_for_display: assertion 'GDK_IS_DISPLAY (display)' failed

(DataCollector_Deterministic.py:10062): Gdk-CRITICAL **: 15:37:26.108: gdk_cursor_new_for_display: assertion 'GDK_IS_DISPLAY (display)' failed
Unable to init server: Could not connect: Connection refused

(DataCollector_Deterministic.py:9700): Gdk-CRITICAL **: 15:37:26.138: gdk_cursor_new_for_display: assertion 'GDK_IS_DISPLAY (display)' failed
Unable to init server: Could not connect: Connection refused

(DataCollector_Deterministic.py:10655): Gdk-CRITICAL **: 15:37:26.159: gdk_cursor_new_for_display: assertion 'GDK_IS_DISPLAY (display)' failed

(DataCollector_Deterministic.py:9364): Gdk-CRITICAL **: 15:37:26.168: gdk_cursor_new_for_display: assertion 'GDK_IS_DISPLAY (display)' failed

(DataCollector_Deterministic.py:9037): Gdk-CRITICAL **: 15:37:26.176: gdk_cursor_new_for_display: assertion 'GDK_IS_DISPLAY (display)' failed
Unable to init server: Could not connect: Connection refused

(DataCollector_Deterministic.py:10465): Gdk-CRITICAL **: 15:37:26.185: gdk_cursor_new_for_display: assertion 'GDK_IS_DISPLAY (display)' failed
Unable to init server: Could not connect: Connection refused

(DataCollector_Deterministic.py:9552): Gdk-CRITICAL **: 15:37:26.191: gdk_cursor_new_for_display: assertion 'GDK_IS_DISPLAY (display)' failed

(DataCollector_Deterministic.py:10647): Gdk-CRITICAL **: 15:37:26.216: gdk_cursor_new_for_display: assertion 'GDK_IS_DISPLAY (display)' failed
Unable to init server: Could not connect: Connection refused

(DataCollector_Deterministic.py:9403): Gdk-CRITICAL **: 15:37:26.228: gdk_cursor_new_for_display: assertion 'GDK_IS_DISPLAY (display)' failed

(DataCollector_Deterministic.py:9222): Gdk-CRITICAL **: 15:37:26.320: gdk_cursor_new_for_display: assertion 'GDK_IS_DISPLAY (display)' failed
Unable to init server: Could not connect: Connection refused

(DataCollector_Deterministic.py:10031): Gdk-CRITICAL **: 15:37:26.390: gdk_cursor_new_for_display: assertion 'GDK_IS_DISPLAY (display)' failed
Unable to init server: Could not connect: Connection refused

(DataCollector_Deterministic.py:9143): Gdk-CRITICAL **: 15:37:26.438: gdk_cursor_new_for_display: assertion 'GDK_IS_DISPLAY (display)' failed
Unable to init server: Could not connect: Connection refused

(DataCollector_Deterministic.py:8993): Gdk-CRITICAL **: 15:37:26.452: gdk_cursor_new_for_display: assertion 'GDK_IS_DISPLAY (display)' failed
Unable to init server: Could not connect: Connection refused
Unable to init server: Could not connect: Connection refused

(DataCollector_Deterministic.py:10561): Gdk-CRITICAL **: 15:37:26.536: gdk_cursor_new_for_display: assertion 'GDK_IS_DISPLAY (display)' failed
Unable to init server: Could not connect: Connection refused

(DataCollector_Deterministic.py:9471): Gdk-CRITICAL **: 15:37:26.572: gdk_cursor_new_for_display: assertion 'GDK_IS_DISPLAY (display)' failed
Unable to init server: Could not connect: Connection refused
Unable to init server: Could not connect: Connection refused

(DataCollector_Deterministic.py:9308): Gdk-CRITICAL **: 15:37:26.659: gdk_cursor_new_for_display: assertion 'GDK_IS_DISPLAY (display)' failed
Unable to init server: Could not connect: Connection refused

(DataCollector_Deterministic.py:9632): Gdk-CRITICAL **: 15:37:26.727: gdk_cursor_new_for_display: assertion 'GDK_IS_DISPLAY (display)' failed
Unable to init server: Could not connect: Connection refused

(DataCollector_Deterministic.py:9994): Gdk-CRITICAL **: 15:37:26.777: gdk_cursor_new_for_display: assertion 'GDK_IS_DISPLAY (display)' failed
Unable to init server: Could not connect: Connection refused

(DataCollector_Deterministic.py:9452): Gdk-CRITICAL **: 15:37:26.826: gdk_cursor_new_for_display: assertion 'GDK_IS_DISPLAY (display)' failed

(DataCollector_Deterministic.py:10251): Gdk-CRITICAL **: 15:37:26.847: gdk_cursor_new_for_display: assertion 'GDK_IS_DISPLAY (display)' failed
Unable to init server: Could not connect: Connection refused

(DataCollector_Deterministic.py:10623): Gdk-CRITICAL **: 15:37:27.001: gdk_cursor_new_for_display: assertion 'GDK_IS_DISPLAY (display)' failed

(DataCollector_Deterministic.py:9547): Gdk-CRITICAL **: 15:37:27.036: gdk_cursor_new_for_display: assertion 'GDK_IS_DISPLAY (display)' failed
Initalising...
Running Sim...
.Initalising...
Running Sim...
.Initalising...
Running Sim...
.Initalising...
Running Sim...
.Initalising...
Running Sim...
.Initalising...
Running Sim...
.Initalising...
Running Sim...
.Initalising...
Running Sim...
.Initalising...
Running Sim...
.Initalising...
Running Sim...
.Initalising...
Running Sim...
.Initalising...
Running Sim...
.Initalising...
Running Sim...
.Initalising...
Running Sim...
.Initalising...
Running Sim...

Data Dump...
Initalising...
Running Sim...

Data Dump...
Initalising...
Running Sim...

Data Dump...
Initalising...
Running Sim...

Data Dump...
Initalising...
Running Sim...

Data Dump...
Initalising...
Running Sim...
.....Initalising...
Running Sim...
...Initalising...
Running Sim...
...Initalising...
Running Sim...
.....Initalising...
Running Sim...
..Initalising...
Running Sim...
.Initalising...
Running Sim...
.Initalising...
Running Sim...
.Initalising...
Running Sim...
.Initalising...
Running Sim...
.Initalising...
Running Sim...
.Initalising...
Running Sim...
.Initalising...
Running Sim...
.Initalising...
Running Sim...
.Initalising...
Running Sim...
.Initalising...
Running Sim...
.Initalising...
Running Sim...
.Initalising...
Running Sim...
.Initalising...
Running Sim...
.Initalising...
Running Sim...
.Initalising...
Running Sim...
.Initalising...
Running Sim...
.Initalising...
Running Sim...
.Initalising...
Running Sim...
.Initalising...
Running Sim...
.Initalising...
Running Sim...
.Initalising...
Running Sim...
.Initalising...
Running Sim...
.Initalising...
Running Sim...
.Initalising...
Running Sim...
.Initalising...
Running Sim...
.Initalising...
Running Sim...
.Initalising...
Running Sim...
.Initalising...
Running Sim...
.Initalising...
Running Sim...
.Initalising...
Running Sim...
.Initalising...
Running Sim...
.Initalising...
Running Sim...
.Initalising...
Running Sim...
.Initalising...
Running Sim...
.Initalising...
Running Sim...
.Initalising...
Running Sim...
.Initalising...
Running Sim...
.Initalising...
Running Sim...
.Initalising...
Running Sim...
.Initalising...
Running Sim...
.Initalising...
Running Sim...
.Initalising...
Running Sim...
.Initalising...
Running Sim...
.Initalising...
Running Sim...
.Initalising...
Running Sim...
.Initalising...
Running Sim...
.Initalising...
Running Sim...
.Initalising...
Running Sim...
.Initalising...
Running Sim...
.Initalising...
Running Sim...
.Initalising...
Running Sim...
.Initalising...
Running Sim...
.Initalising...
Running Sim...
.Initalising...
Running Sim...
.Initalising...
Running Sim...
.Initalising...
Running Sim...
.Initalising...
Running Sim...
.Initalising...
Running Sim...
.Initalising...
Running Sim...
.Initalising...
Running Sim...
.Initalising...
Running Sim...
.Initalising...
Running Sim...
.Initalising...
Running Sim...
.Initalising...
Running Sim...
.Initalising...
Running Sim...
.Initalising...
Running Sim...
.Initalising...
Running Sim...
.Initalising...
Running Sim...
.Initalising...
Running Sim...
.Initalising...
Running Sim...
.Initalising...
Running Sim...
.Initalising...
Running Sim...
.Initalising...
Running Sim...
.Initalising...
Running Sim...
.Initalising...
Running Sim...
................................................................................................................................................................................................................................................................................................................................................................................................................................................................................................................................................................................................................................................................................................................................................................................................................
[1695 9440]
.................................
[1745 9419]
.
[1761 9367]
..........
[1941 9200]
.
[1809 9311]
.
[1662 9450]
.....
[2446 8556]
.
[9190 1701]
.
[1702 9406]
.
[2155 8886]
...
[1701 9465]
.
[2390 8641]
.
[2226 8824]
.
[2013 9096]
.
[1791 9360]
.
[1698 9404]
...
[1757 9364]
.
[1939 9157]
...
[9280 1617]
.
[2000 9082]
.
[1759 9358]
.
[1852 9245]
.
[2030 8997]
...
[1910 9240]
.
[1849 9287]
..
[1816 9231]
.
[9103 1654]
.
[2110 8895]
..
[2421 8593]
.
[2526 8503]
.
[2360 8716]
..
[2573 8379]
...
[2317 8719]
.
[1848 9228]
.
[9482 1103]
..
[9258 1327]
.
[2094 9007]
..
[2540 8491]
.
[2846 8075]
.
[2632 8301]
.
[1875 9256]
.
[8584 2046]
.
[8944 1813]
.
[2544 8445]
.
[9036 1547]
.
[2950 7950]
.
[2183 8852]
.
[2521 8455]
..
[9277 1428]
....
[3190 7741]
.
[3110 7819]
.
[2933 7961]
..
[3526 7334]
.
[4679 6121]
.
[3476 7389]
.
[7421 3349]
..
[5177 5597]
..
[3048 7863]
.
[8565 1958]
.
[9400 1394]
.
[4582 6218]
..
[8328 2160]
..
[2190 8830]
..
[2269 8709]
.
[5125 5674]
.
[3734 7153]
.....
[3628 7198]
.
[4775 6132]
..
[8021 2496]
....
[6256 4646]
....
[5400 5357]
.
[3938 6949]
.
[7115 3519]
...
[7681 2942]
.
[3546 7211]
.
[4414 6433]
.
[3508 7320]
....
[7028 3653]
..
[5131 5679]
.
[5776 5026]
..
[4214 6532]
.
[6656 4072]
...
[5358 5405]
.....
[7558 3020]
.
[6662 4005]
....
[5058 5634]
.......
[5805 4864]
...
[6416 4147]
......
[6806 3782]
.
[7314 3206]
.....
[6994 3592]
......
[5059 5599]
..
[5862 4784]
..
[7547 2967]
........
[6380 4225]
................................................................................................................................................................................................................................................................
Data Dump...
......................................
Data Dump...
.........
Data Dump...
.....
Data Dump...
............
Data Dump...
................................................................................................................................................................................................................................
[  83 4656]
..............................................................
[ 120 4283]
.....
[ 107 4517]
.
[ 104 4249]
.............
[ 131 4409]
................
[ 149 4288]
...................
[ 173 4007]
...
[ 176 4088]
...
[ 191 3824]
...
[3683  119]
.......
[ 163 3949]
....
[ 135 4130]
.
[ 172 3729]
.
[ 257 3594]
.......
[ 196 3463]
........
[ 300 3543]
.......
[3678   92]
....
[ 202 3833]
....
[3640   18]
...
[ 322 3360]
.........
[ 322 3322]
.....
[ 188 3910]
..
[ 268 3388]
.
[ 287 3521]
.
[ 394 3031]
.
[3424   56]
.....
[3504   22]
.
[ 281 3156]
..........
[ 225 3643]
....
[3831   40]
...
[ 327 3499]
.....
[3422   23]
.........
[ 274 3519]
.
[3586   45]
.
[3459   71]
...........
[ 402 3276]
..............
[ 389 3225]
.....
[3233   91]
.
[ 452 3052]
.
[ 401 2904]
.........
[ 474 2896]
...
[2997   47]
..
[3121   30]
................
[ 545 2762]
.
[ 303 3397]
.
[ 554 2539]
.....
[ 589 2731]
.......
[ 755 2163]
...............
[ 601 2641]
..........
[ 406 2926]
.
[ 574 2475]
.
[2624  469]
..
[ 728 2410]
..
[2968   62]
.
[2619  320]
....
[2899  125]
......
[ 789 2484]
.....
[ 952 1963]
.......
[2557  358]
..........
[ 807 2016]
....
[2771  156]
.....
[ 847 2319]
..
[1474 1435]
....
[1022 1699]
......
[1749 1062]
...........
[1039 1689]
.
[1255 1627]
...
[2414  387]
.
[2267  694]
..
[1500 1530]
.
[2762  101]
.
[2625  205]
..
[1124 1437]
...
[1196 1789]
...
[2431  333]
.
[1660 1237]
...
[1806 1332]
......
[1156 2044]
..
[ 969 1924]
.........
[2800   99]
....
[2496  254]
..........
[1803  928]
...
[1516 1407]
.......
[2121  589]
.......
[1784  840]
...
[1970  723]
....
[1827 1127]
.......
[1365 1361]
..............
[2292  331]
......................................
[1727  892]
.................................................................................................................................................................
[ 40 292]
.......................................................................................................
[ 45 353]
.....
[ 44 374]
.................................
[ 39 182]
.........
[ 43 361]
..
Data Dump...
............................
[ 55 377]
..............................
[ 54 315]
....
[ 57 342]
.
[ 36 345]
....................
[ 47 276]
.
[ 58 234]
.................
[ 63 250]
................
[220  30]
.....
[ 44 159]
...
Data Dump...
.......
[ 65 168]
....
Data Dump...
.....................
[ 62 233]
...
[64 65]
.......
[ 50 330]
..
[202  24]
....
[ 48 294]
....
[ 61 236]
...........
[196   9]
....
[ 63 197]
..
[ 62 206]
.
Data Dump...

[ 79 149]
..........
Data Dump...
...........
[160  17]
.
Data Dump...
........
[ 56 276]
....
[ 76 287]
.......
[ 51 140]
................
[189   4]
......
Data Dump...
........
[173   8]
..
[ 51 164]
.
[ 61 221]
........
Data Dump...
...
[214  13]
..
Data Dump...

Data Dump...

[ 61 235]
..
[188  15]
....
[183  14]
...........
Data Dump...
..........................
[ 78 150]
......
Data Dump...
.........
[ 76 170]
........
[ 70 122]
..
[190   9]
.
Data Dump...
....
[ 80 146]
.
Data Dump...

[168  11]
.....
[ 69 148]
.................
Data Dump...
..
[146   3]
.
[74 60]
....
[ 69 197]
.
Data Dump...
.
Data Dump...
.
Data Dump...

[85 88]
..........
Data Dump...
....
[154  37]
.
Data Dump...

[ 67 133]
.
[143  23]
......
Data Dump...
......
Data Dump...
........
Data Dump...

[ 75 159]
..
Data Dump...
.
[73 74]
.....
[ 89 113]
......
Data Dump...
..
Data Dump...
..
[ 56 121]
...
[152   3]
.
[96 63]
.......
[152  14]
..........
Data Dump...
...
Data Dump...

[103  65]
.
[103  41]
...
[100  80]
..
Data Dump...
.
[130  18]
.
[89 43]
...
[ 87 151]
....
[77 48]
........
Data Dump...

[117 103]
.
[144  19]
.....
[131  35]
..
Data Dump...
.
[136  11]
...
Data Dump...
.
[117  62]
..
[141  15]
.
[87 88]
.
Data Dump...
..
[105  42]
.
[122 134]
......
[142  10]
.
Data Dump...
..
Data Dump...
.
Data Dump...
.....
[87 34]
......
[ 91 191]
.....
[129   7]
.....
Data Dump...
...
[109  65]
................
Data Dump...
.
[110  32]
...
[107  72]
.....
[106  34]
....
Data Dump...
..
[105  10]
........
Data Dump...
.
Data Dump...
.
[155  21]
.
Data Dump...
....
[116  17]
..
Data Dump...

Data Dump...
..
[136   5]
....
Data Dump...
.......
[127  66]
...
[91 37]
.
Data Dump...
......
Data Dump...
.......
Data Dump...
............
Data Dump...

Data Dump...
.......
Data Dump...
.
Data Dump...

Data Dump...

[129  18]
.......
Data Dump...
...
Data Dump...
.............
Data Dump...
.
Data Dump...
.....
[107  33]
..
Data Dump...
..
Data Dump...
....
Data Dump...

Data Dump...
....
Data Dump...
........
Data Dump...

Data Dump...

Data Dump...
.
Data Dump...
.
Data Dump...

Data Dump...

Data Dump...
.....
Data Dump...

Data Dump...
..
Data Dump...
.
Data Dump...

Data Dump...
..
Data Dump...
.
Data Dump...
.
Data Dump...
.
Data Dump...
.....
Data Dump...
.....
Data Dump...

Data Dump...

Data Dump...
.
Data Dump...
...
Data Dump...

Data Dump...

Data Dump...

Data Dump...

Data Dump...
...
Data Dump...
.
Data Dump...
Low 1 3
Done
