Unable to init server: Could not connect: Connection refused
Unable to init server: Could not connect: Connection refused
Unable to init server: Could not connect: Connection refused
Unable to init server: Could not connect: Connection refused
Unable to init server: Could not connect: Connection refused
Unable to init server: Could not connect: Connection refused

(DataCollector_Deterministic.py:3367396): Gdk-CRITICAL **: 09:29:43.512: gdk_cursor_new_for_display: assertion 'GDK_IS_DISPLAY (display)' failed

(DataCollector_Deterministic.py:3367405): Gdk-CRITICAL **: 09:29:43.536: gdk_cursor_new_for_display: assertion 'GDK_IS_DISPLAY (display)' failed
Unable to init server: Could not connect: Connection refused
Unable to init server: Could not connect: Connection refused
Unable to init server: Could not connect: Connection refused
Unable to init server: Could not connect: Connection refused
Unable to init server: Could not connect: Connection refused

(DataCollector_Deterministic.py:3367465): Gdk-CRITICAL **: 09:29:43.608: gdk_cursor_new_for_display: assertion 'GDK_IS_DISPLAY (display)' failed
Unable to init server: Could not connect: Connection refused

(DataCollector_Deterministic.py:3367427): Gdk-CRITICAL **: 09:29:43.621: gdk_cursor_new_for_display: assertion 'GDK_IS_DISPLAY (display)' failed
Unable to init server: Could not connect: Connection refused
Unable to init server: Could not connect: Connection refused
Unable to init server: Could not connect: Connection refused

(DataCollector_Deterministic.py:3367505): Gdk-CRITICAL **: 09:29:43.702: gdk_cursor_new_for_display: assertion 'GDK_IS_DISPLAY (display)' failed
Unable to init server: Could not connect: Connection refused

(DataCollector_Deterministic.py:3367480): Gdk-CRITICAL **: 09:29:43.719: gdk_cursor_new_for_display: assertion 'GDK_IS_DISPLAY (display)' failed
Unable to init server: Could not connect: Connection refused

(DataCollector_Deterministic.py:3367520): Gdk-CRITICAL **: 09:29:43.734: gdk_cursor_new_for_display: assertion 'GDK_IS_DISPLAY (display)' failed
Unable to init server: Could not connect: Connection refused

(DataCollector_Deterministic.py:3367541): Gdk-CRITICAL **: 09:29:43.764: gdk_cursor_new_for_display: assertion 'GDK_IS_DISPLAY (display)' failed
Unable to init server: Could not connect: Connection refused

(DataCollector_Deterministic.py:3367567): Gdk-CRITICAL **: 09:29:43.794: gdk_cursor_new_for_display: assertion 'GDK_IS_DISPLAY (display)' failed
Unable to init server: Could not connect: Connection refused

(DataCollector_Deterministic.py:3367577): Gdk-CRITICAL **: 09:29:43.810: gdk_cursor_new_for_display: assertion 'GDK_IS_DISPLAY (display)' failed
Initalising...
Running Sim...

Data Dump...
Initalising...
Running Sim...
.Initalising...
Running Sim...
.Initalising...
Running Sim...
.Initalising...
Running Sim...
.Initalising...
Running Sim...
.Initalising...
Running Sim...
.Initalising...
Running Sim...
.Initalising...
Running Sim...
.Initalising...
Running Sim...
..................................................................................
[4646 9835]
.
[4781 9855]
.
[4714 9836]
.
[4658 9860]
.
[4701 9851]
.
[4659 9863]
.
[4720 9875]
.
[4624 9851]
.
[4637 9842]
..................................................................................
[2283 9700]
.
[2234 9655]
.
[2275 9693]
.
[2233 9677]
.
[2304 9691]
.
[2291 9700]
.
[2233 9688]
.
[2233 9650]
.
[2251 9711]
..................................................................................
[1135 9529]
.
[1160 9563]
.
[1175 9522]
.
[1168 9139]
.
[1174 9543]
.
[1129 9510]
.
[1138 9532]
.
[1118 9486]
.
[1127 9543]
.................................................................................
[ 633 9348]
.
[ 586 9397]
.
[ 612 9353]
.
[ 610 9366]
.
[ 587 9346]
.
[ 615 9354]
.
[ 593 9324]
.
[ 624 9377]
..........
[ 766 7217]
......................................................................
[ 333 9187]
.
[ 354 9179]
.
[ 328 9175]
.
[ 336 9243]
.
[ 332 9184]
.
[ 380 9177]
.
[ 333 9164]
.
[ 365 9225]
..............................................................
[ 582 4752]
..............
[ 205 8998]
....
[ 208 9003]
.
[ 193 8990]
.
[ 189 9005]
.
[ 210 9041]
.
[ 233 8896]
..
[ 226 9041]
.
[ 212 8987]
........................................................................
[ 137 8681]
.
[ 143 8815]
..
[ 128 8723]
...
[ 126 8841]
.....
[ 154 8683]
..
[ 147 8874]
...
[ 138 8667]
.
[ 164 7671]
..............................................................
[  86 7850]
.
[  85 8230]
...
[ 103 8311]
..
[  82 8648]
....
[ 458 2828]
..
[ 109 8691]
..........
[ 102 7622]
.
[ 121 7539]
.................................
[ 125 5291]
..............
[  63 8429]
........
[  76 8438]
..
[  68 7010]
.......
[  76 6735]
....
[  77 6091]
...............................
[  52 7904]
.
[  83 5275]
.....
[  96 5365]
........
[  59 7797]
.................................
[  59 5063]
.......
[  49 6277]
........
[ 111 3189]
.
[  64 4494]
.....
[  71 4089]
.
[  52 6135]
....
[ 384 1644]
.....................................
[  75 3248]
..
[  90 3329]
...
[  47 4054]
.................
[  52 3348]
.
[  49 4021]
......................
[  63 2721]
.......
[  65 2599]
..............
[ 107 1892]
........
[  47 2404]
..................
[  43 2495]
......
[  80 1941]
.
[  68 1948]
...
[348 965]
.
[  49 2072]
..................................
[  60 1654]
....
[  58 1590]
...
[  46 1431]
..................
[  42 1489]
.................
[ 101 1125]
......
[  45 1302]
.........
[  72 1163]
....
[  66 1159]
.................
[ 42 868]
.............
[ 41 918]
.
[  57 1007]
.
[ 52 952]
..........
[303 548]
........................
[ 41 825]
..............
[ 41 534]
..............
[ 40 568]
..
[ 71 701]
.
[ 96 700]
........
[ 62 682]
.................
[ 50 588]
.....
[ 53 640]
..............
[ 40 351]
........
[ 40 541]
.....
[ 39 376]
........................................
[254 363]
....
[ 38 236]
......
[ 67 454]
.......
[ 39 282]
....
[ 59 416]
..
[ 45 368]
.........
[ 87 441]
....
[ 50 403]
..
[ 37 355]
...............
[ 35 196]
...............
[ 37 218]
..............................
[ 33 169]
................
[ 34 188]
.........
[ 36 262]
.........
[ 45 251]
.....
[ 31 148]
.........
[ 60 297]
......
[ 33 170]
.....
[ 48 286]
........../home/s1932078/Documents/MPhys_Project/SRI/src/data_extraction/DataCollector_Deterministic.py:120: UserWarning: Creating legend with loc="best" can be slow with large amounts of data.
  plt.savefig(os.path.join(data_output_path, f'InfectionsVsTimePlot_{name_suffix}.png'))

Data Dump...
.
[ 59 275]
.................
[ 82 288]
.
[232 221]
......
[ 36 198]
...................
[ 44 169]
...................
[ 47 207]
...
[ 35 152]
...
[ 58 194]
..............
[ 58 177]
..................
[ 35 124]
..
[ 42 133]
..........
[ 80 210]
....................
[ 34 106]
..
[ 44 153]
..................
[207 149]
.......
[33 98]
.
[ 54 139]
.....
[ 40 101]
....../home/s1932078/Documents/MPhys_Project/SRI/src/data_extraction/DataCollector_Deterministic.py:120: UserWarning: Creating legend with loc="best" can be slow with large amounts of data.
  plt.savefig(os.path.join(data_output_path, f'InfectionsVsTimePlot_{name_suffix}.png'))

Data Dump...
........
[ 55 125]
.................
[ 44 121]
.........
[39 75]
...
[ 77 147]
.....................
[50 95]
...........
[38 59]
....
[ 44 104]
........
[52 96]
..................
[36 50]
..
[186 103]
.....................
[44 88]
...
[34 44]
...
[ 74 114]
...
[49 74]
................
[34 43]
......./home/s1932078/Documents/MPhys_Project/SRI/src/data_extraction/DataCollector_Deterministic.py:120: UserWarning: Creating legend with loc="best" can be slow with large amounts of data.
  plt.savefig(os.path.join(data_output_path, f'InfectionsVsTimePlot_{name_suffix}.png'))

Data Dump...
..........
[48 72]
.
[43 71]
..........................
[48 60]
.
[43 60]
................
[73 84]
........
[42 60]
....
[165  74]
......
[45 57]
...........
[41 59]
.........
[48 47]
.........
[41 57]
./home/s1932078/Documents/MPhys_Project/SRI/src/data_extraction/DataCollector_Deterministic.py:120: UserWarning: Creating legend with loc="best" can be slow with large amounts of data.
  plt.savefig(os.path.join(data_output_path, f'InfectionsVsTimePlot_{name_suffix}.png'))

Data Dump...
......................
[70 64]
.
[44 49]
.
[46 41]
........................
[150  57]
....
[44 38]
......
[44 39]
............
[65 52]
.......
[43 35]
...................
[44 35]
...
[42 33]
....................
[42 31]
........
[62 48]
.....
[131  46]
......
[40 31]
.
[43 31]
.............../home/s1932078/Documents/MPhys_Project/SRI/src/data_extraction/DataCollector_Deterministic.py:120: UserWarning: Creating legend with loc="best" can be slow with large amounts of data.
  plt.savefig(os.path.join(data_output_path, f'InfectionsVsTimePlot_{name_suffix}.png'))

[39 30]

Data Dump...
...............
[42 29]
......
[61 42]
.............
[41 28]
............
[123  35]
......
[40 28]
....
[58 41]
.............
[40 28]
................
[40 28]
...........
[58 37]
....
[40 27]
......../home/s1932078/Documents/MPhys_Project/SRI/src/data_extraction/DataCollector_Deterministic.py:120: UserWarning: Creating legend with loc="best" can be slow with large amounts of data.
  plt.savefig(os.path.join(data_output_path, f'InfectionsVsTimePlot_{name_suffix}.png'))

Data Dump...
....
[115  28]
.......
[58 34]
...............
[56 32]
........
[105  24]
......
[55 32]
..............
[54 30]
.............
[53 29]
.....
[95 22]
........
[51 29]
............
[49 29]
............
[49 29]
............
[48 29]
.../home/s1932078/Documents/MPhys_Project/SRI/src/data_extraction/DataCollector_Deterministic.py:120: UserWarning: Creating legend with loc="best" can be slow with large amounts of data.
  plt.savefig(os.path.join(data_output_path, f'InfectionsVsTimePlot_{name_suffix}.png'))

Data Dump...
..
[90 19]
..........
[85 16]
..........
[80 15]
..........
[73 15]
..........
[69 13]
..........
[65 11]
..........
[60 11]
..........
[57 10]
..........
[55 10]
..........
[52  9]
..........
[51  9]
..........
[46  9]
..........
[45  9]
..........
[43  9]
..........
[43  9]
..........
[42  9]
..........
[41  9]
..........
[40  8]
...../home/s1932078/Documents/MPhys_Project/SRI/src/data_extraction/DataCollector_Deterministic.py:120: UserWarning: Creating legend with loc="best" can be slow with large amounts of data.
  plt.savefig(os.path.join(data_output_path, f'InfectionsVsTimePlot_{name_suffix}.png'))

Data Dump...
High 1 2
Done
slurmstepd-phcompute025: error: Detected 1 oom-kill event(s) in StepId=810866.batch. Some of your processes may have been killed by the cgroup out-of-memory handler.
