Unable to init server: Could not connect: Connection refused
Unable to init server: Could not connect: Connection refused
Unable to init server: Could not connect: Connection refused
Unable to init server: Could not connect: Connection refused
Unable to init server: Could not connect: Connection refused
Unable to init server: Could not connect: Connection refused

(DataCollector_Deterministic.py:12978): Gdk-CRITICAL **: 09:29:56.062: gdk_cursor_new_for_display: assertion 'GDK_IS_DISPLAY (display)' failed
Unable to init server: Could not connect: Connection refused
Unable to init server: Could not connect: Connection refused
Unable to init server: Could not connect: Connection refused

(DataCollector_Deterministic.py:12983): Gdk-CRITICAL **: 09:29:56.128: gdk_cursor_new_for_display: assertion 'GDK_IS_DISPLAY (display)' failed
Unable to init server: Could not connect: Connection refused
Unable to init server: Could not connect: Connection refused

(DataCollector_Deterministic.py:13026): Gdk-CRITICAL **: 09:29:56.155: gdk_cursor_new_for_display: assertion 'GDK_IS_DISPLAY (display)' failed
Unable to init server: Could not connect: Connection refused
Unable to init server: Could not connect: Connection refused

(DataCollector_Deterministic.py:13005): Gdk-CRITICAL **: 09:29:56.208: gdk_cursor_new_for_display: assertion 'GDK_IS_DISPLAY (display)' failed
Unable to init server: Could not connect: Connection refused
Unable to init server: Could not connect: Connection refused

(DataCollector_Deterministic.py:13034): Gdk-CRITICAL **: 09:29:56.220: gdk_cursor_new_for_display: assertion 'GDK_IS_DISPLAY (display)' failed
Unable to init server: Could not connect: Connection refused

(DataCollector_Deterministic.py:13046): Gdk-CRITICAL **: 09:29:56.267: gdk_cursor_new_for_display: assertion 'GDK_IS_DISPLAY (display)' failed
Unable to init server: Could not connect: Connection refused
Unable to init server: Could not connect: Connection refused

(DataCollector_Deterministic.py:13073): Gdk-CRITICAL **: 09:29:56.316: gdk_cursor_new_for_display: assertion 'GDK_IS_DISPLAY (display)' failed
Unable to init server: Could not connect: Connection refused

(DataCollector_Deterministic.py:13085): Gdk-CRITICAL **: 09:29:56.319: gdk_cursor_new_for_display: assertion 'GDK_IS_DISPLAY (display)' failed

(DataCollector_Deterministic.py:13063): Gdk-CRITICAL **: 09:29:56.328: gdk_cursor_new_for_display: assertion 'GDK_IS_DISPLAY (display)' failed
Unable to init server: Could not connect: Connection refused

(DataCollector_Deterministic.py:13098): Gdk-CRITICAL **: 09:29:56.411: gdk_cursor_new_for_display: assertion 'GDK_IS_DISPLAY (display)' failed
Initalising...
Running Sim...
.Initalising...
Running Sim...
.Initalising...
Running Sim...
.Initalising...
Running Sim...
.Initalising...
Running Sim...
.Initalising...
Running Sim...
.Initalising...
Running Sim...
.Initalising...
Running Sim...
.Initalising...
Running Sim...
.Initalising...
Running Sim...
...........................................................................................
[4668 9277]
.
[4698 9310]
.
[4755 9171]
.
[4682 9285]
.
[4671 9280]
.
[4709 9343]
.
[4633 9333]
.
[4706 9155]
.
[4734 9216]
.
[4903 8898]
..........................................................................................
[2327 8559]
.
[2266 8510]
..
[2246 8580]
.
[2252 8512]
.
[2226 8566]
.
[2267 8570]
.
[2319 8149]
.
[2319 8009]
.
[2364 8227]
.......
[2768 7058]
...............................................................................
[1162 7792]
.
[1183 7768]
..
[1140 7877]
.
[1095 7813]
..
[1129 7815]
..
[1169 7377]
........
[1241 6940]
...
[1276 6944]
..
[1296 6531]
...................
[1741 4993]
..................................................
[ 635 7000]
.
[ 628 7010]
...
[ 570 7122]
..
[ 569 7086]
..
[ 604 6893]
................
[ 735 5576]
........
[ 728 5616]
......
[ 764 5536]
..
[ 789 4944]
............................................
[ 360 6255]
..
[ 355 6279]
.
[1200 3320]
...
[ 325 6350]
..
[ 347 6336]
............
[ 380 5652]
.........................................
[ 540 3719]
.
[ 427 4289]
......
[ 474 4188]
.........
[ 514 3474]
...
[ 227 5449]
.
[ 195 5510]
....
[ 193 5636]
.......
[ 215 5558]
...............................
[ 257 4200]
...........................
[ 868 2181]
..
[ 144 4613]
...
[ 127 4737]
.......
[ 126 4876]
.....
[ 134 4799]
.............
[ 294 3134]
...............
[ 322 2970]
........
[ 427 2361]
........
[ 364 2372]
...........
[ 104 3794]
.....
[  74 3949]
...
[  84 4124]
...........
[ 207 2897]
..
[  98 4075]
.........................................
[  70 3012]
..........
[  56 3185]
.
[  65 3339]
.....................
[  71 3294]
.
[ 204 2215]
...........
[ 666 1364]
...........
[ 230 2017]
..
[  57 2237]
.............
[  54 2554]
....
[  42 2429]
........
[ 279 1601]
.................
[  57 2573]
...
[ 335 1491]
.....
[ 164 1915]
....
[  52 1469]
...................
[  41 1753]
.
[  34 1667]
.........................
[ 45 722]
.............
[  53 1805]
..............
[ 39 975]
.
[ 30 910]
.............................
[ 150 1550]
....../home/s1932078/Documents/MPhys_Project/SRI/src/data_extraction/DataCollector_Deterministic.py:120: UserWarning: Creating legend with loc="best" can be slow with large amounts of data.
  plt.savefig(os.path.join(data_output_path, f'InfectionsVsTimePlot_{name_suffix}.png'))

Data Dump...
/home/s1932078/Documents/MPhys_Project/SRI/src/data_extraction/DataCollector_Deterministic.py:120: UserWarning: Creating legend with loc="best" can be slow with large amounts of data.
  plt.savefig(os.path.join(data_output_path, f'InfectionsVsTimePlot_{name_suffix}.png'))

[ 39 188]

Data Dump...
.
[  48 1041]
...................
[ 173 1395]
..
[ 44 231]
./home/s1932078/Documents/MPhys_Project/SRI/src/data_extraction/DataCollector_Deterministic.py:120: UserWarning: Creating legend with loc="best" can be slow with large amounts of data.
  plt.savefig(os.path.join(data_output_path, f'InfectionsVsTimePlot_{name_suffix}.png'))

Data Dump...
........
[506 879]
..
[ 216 1101]
...
[ 125 1248]
............
[285 985]
...........
[ 112 1071]
..................
[130 945]
..............
[107 852]
...
[159 736]
............
[393 552]
.
[ 90 729]
................
[237 648]
..........
[103 620]
..............
[ 91 608]
....
[ 78 482]
.....
[121 510]
..............................
[ 78 437]
..
[ 66 325]
..
[297 380]
.................
[ 77 449]
..........
[188 435]
..
[ 55 207]
...
[101 364]
............./home/s1932078/Documents/MPhys_Project/SRI/src/data_extraction/DataCollector_Deterministic.py:120: UserWarning: Creating legend with loc="best" can be slow with large amounts of data.
  plt.savefig(os.path.join(data_output_path, f'InfectionsVsTimePlot_{name_suffix}.png'))

Data Dump...
....
[ 60 283]
.........................
[ 67 341]
.....
[ 49 178]
.......
[ 87 268]
..............
[36 82]
./home/s1932078/Documents/MPhys_Project/SRI/src/data_extraction/DataCollector_Deterministic.py:120: UserWarning: Creating legend with loc="best" can be slow with large amounts of data.
  plt.savefig(os.path.join(data_output_path, f'InfectionsVsTimePlot_{name_suffix}.png'))

Data Dump...
..
[237 243]
..........
[ 60 251]
.........
[ 64 187]
..
[160 304]
..................
[ 53 181]
.....
[ 51 128]
............/home/s1932078/Documents/MPhys_Project/SRI/src/data_extraction/DataCollector_Deterministic.py:120: UserWarning: Creating legend with loc="best" can be slow with large amounts of data.
  plt.savefig(os.path.join(data_output_path, f'InfectionsVsTimePlot_{name_suffix}.png'))

Data Dump...
.....
[ 45 104]
...../home/s1932078/Documents/MPhys_Project/SRI/src/data_extraction/DataCollector_Deterministic.py:120: UserWarning: Creating legend with loc="best" can be slow with large amounts of data.
  plt.savefig(os.path.join(data_output_path, f'InfectionsVsTimePlot_{name_suffix}.png'))

Data Dump...
...
[170 178]
........
[143 206]
...........
[140 121]
...........
[124 155]
......
[108  96]
.................
[81 69]
.
[108 114]
..............
[59 58]
..............
[39 37]
..../home/s1932078/Documents/MPhys_Project/SRI/src/data_extraction/DataCollector_Deterministic.py:120: UserWarning: Creating legend with loc="best" can be slow with large amounts of data.
  plt.savefig(os.path.join(data_output_path, f'InfectionsVsTimePlot_{name_suffix}.png'))

Data Dump...

[93 88]
..........
[80 74]
..........
[63 64]
..........
[51 55]
..........
[39 38]
..../home/s1932078/Documents/MPhys_Project/SRI/src/data_extraction/DataCollector_Deterministic.py:120: UserWarning: Creating legend with loc="best" can be slow with large amounts of data.
  plt.savefig(os.path.join(data_output_path, f'InfectionsVsTimePlot_{name_suffix}.png'))

Data Dump...
Low 1 9
Done
slurmstepd-phcompute006: error: Detected 1 oom-kill event(s) in StepId=810873.batch. Some of your processes may have been killed by the cgroup out-of-memory handler.
