Unable to init server: Could not connect: Connection refused
Unable to init server: Could not connect: Connection refused

(DataCollector_Deterministic.py:13494): Gdk-CRITICAL **: 09:30:08.121: gdk_cursor_new_for_display: assertion 'GDK_IS_DISPLAY (display)' failed
Unable to init server: Could not connect: Connection refused
Unable to init server: Could not connect: Connection refused

(DataCollector_Deterministic.py:13498): Gdk-CRITICAL **: 09:30:08.327: gdk_cursor_new_for_display: assertion 'GDK_IS_DISPLAY (display)' failed
Unable to init server: Could not connect: Connection refused
Unable to init server: Could not connect: Connection refused
Unable to init server: Could not connect: Connection refused
Unable to init server: Could not connect: Connection refused
Unable to init server: Could not connect: Connection refused
Unable to init server: Could not connect: Connection refused
Unable to init server: Could not connect: Connection refused
Unable to init server: Could not connect: Connection refused
Unable to init server: Could not connect: Connection refused

(DataCollector_Deterministic.py:13562): Gdk-CRITICAL **: 09:30:08.581: gdk_cursor_new_for_display: assertion 'GDK_IS_DISPLAY (display)' failed
Unable to init server: Could not connect: Connection refused

(DataCollector_Deterministic.py:13627): Gdk-CRITICAL **: 09:30:08.608: gdk_cursor_new_for_display: assertion 'GDK_IS_DISPLAY (display)' failed
Unable to init server: Could not connect: Connection refused

(DataCollector_Deterministic.py:13593): Gdk-CRITICAL **: 09:30:08.618: gdk_cursor_new_for_display: assertion 'GDK_IS_DISPLAY (display)' failed
Unable to init server: Could not connect: Connection refused

(DataCollector_Deterministic.py:13537): Gdk-CRITICAL **: 09:30:08.639: gdk_cursor_new_for_display: assertion 'GDK_IS_DISPLAY (display)' failed
Unable to init server: Could not connect: Connection refused

(DataCollector_Deterministic.py:13514): Gdk-CRITICAL **: 09:30:08.668: gdk_cursor_new_for_display: assertion 'GDK_IS_DISPLAY (display)' failed
Unable to init server: Could not connect: Connection refused

(DataCollector_Deterministic.py:13613): Gdk-CRITICAL **: 09:30:08.675: gdk_cursor_new_for_display: assertion 'GDK_IS_DISPLAY (display)' failed
Unable to init server: Could not connect: Connection refused

(DataCollector_Deterministic.py:13576): Gdk-CRITICAL **: 09:30:08.684: gdk_cursor_new_for_display: assertion 'GDK_IS_DISPLAY (display)' failed
Unable to init server: Could not connect: Connection refused

(DataCollector_Deterministic.py:13635): Gdk-CRITICAL **: 09:30:08.689: gdk_cursor_new_for_display: assertion 'GDK_IS_DISPLAY (display)' failed
Initalising...
Running Sim...
.Initalising...
Running Sim...
.Initalising...
Running Sim...
.Initalising...
Running Sim...
.Initalising...
Running Sim...
.Initalising...
Running Sim...
.Initalising...
Running Sim...
.Initalising...
Running Sim...
.Initalising...
Running Sim...
.Initalising...
Running Sim...
...........................................................................................
[4965 8881]
.
[5316 8373]
.
[5452 8089]
.
[9502 4672]
.
[6265 7122]
.
[8756 5071]
.
[9605 4686]
.
[9621 4595]
.
[7240 6101]
.
[8305 5295]
........................................................................................
[9019 2226]
.
[2608 7705]
.
[9265 2224]
...
[9326 2113]
.
[2987 6742]
.
[7519 2633]
..
[3213 6132]
....
[3916 5061]
.
[6979 2847]
....
[5263 3751]
..........................................................................
[8480 1141]
.
[8868 1086]
...
[1446 6479]
....
[9025 1060]
......
[1769 5128]
.
[6227 1460]
........
[2045 4392]
....
[5698 1627]
....
[2462 3585]
.........
[3819 2374]
.................................................
[7877  628]
..
[8499  534]
...
[8710  516]
..
[ 875 5211]
.......................
[1144 3770]
..
[4954  855]
...............
[1303 3101]
.
[4508  987]
..
[1590 2503]
................
[2728 1550]
.....................
[7212  367]
.
[8028  276]
.....
[8338  274]
......
[ 557 4110]
.....................................
[ 766 2715]
.....
[3836  514]
.................
[ 877 2206]
.
[1041 1766]
.
[3499  627]
...............
[6448  229]
.
[7532  145]
.
[7967  146]
.........
[1942 1026]
..
[ 346 3120]
.....................................................
[ 541 1938]
.......
[2947  324]
...............
[5623  145]
.
[6992   97]
..
[ 708 1276]
.
[7510   94]
.
[ 618 1554]
.....
[2721  410]
.....
[ 240 2299]
....................
[1398  679]
............................................
[ 365 1350]
...........
[6394   66]
.
[4776   99]
.
[2201  229]
....
[7035   64]
......
[ 175 1670]
.
[487 902]
.............
[ 448 1087]
........
[2030  277]
.............................
[1020  454]
......................
[265 994]
.........
[ 142 1194]
..
[5741   42]
...
[3986   65]
.
[6552   43]
.......
[353 667]
......
[1655  170]
..................
[344 754]
....................
[1540  208]
....................
[113 850]
.......
[743 321]
......
[211 723]
............
[5035   26]
...
[253 495]
.
[6008   27]
.
[3230   40]
.......................
[1211  128]
.............
[258 520]
.
[ 90 636]
..................................
[1179  150]
........
[162 498]
.......
[195 370]
.........
[ 75 457]
..
[554 247]
.........
[4335   23]
......
[2530   29]
.
[5418   21]
............................
[892  94]
.
[ 68 336]
..
[194 359]
.......................
[146 277]
..
[130 367]
.........................
[868 113]
....................
[426 185]
.......
[3677   15]
.
[2001   24]
.
[117 210]
......
[4797   15]
......
[160 280]
..
[100 280]
............
[641  79]
.....................
[ 96 168]
...............................
[ 75 229]
....
[ 78 132]
..............
[650  83]
...........
[127 208]
../home/s1932078/Documents/MPhys_Project/SRI/src/data_extraction/DataCollector_Deterministic.py:120: UserWarning: Creating legend with loc="best" can be slow with large amounts of data.
  plt.savefig(os.path.join(data_output_path, f'InfectionsVsTimePlot_{name_suffix}.png'))

Data Dump...
.....
[306 159]
.........
[1529   23]
..
[3040   13]
.
[ 59 172]
..............
[4211   11]
.
[481  73]
...........
[ 49 125]
........../home/s1932078/Documents/MPhys_Project/SRI/src/data_extraction/DataCollector_Deterministic.py:120: UserWarning: Creating legend with loc="best" can be slow with large amounts of data.
  plt.savefig(os.path.join(data_output_path, f'InfectionsVsTimePlot_{name_suffix}.png'))

Data Dump...
............
[105 159]
............................
[239 135]
..
[487  62]
.......
[ 92 129]
......
[1179   20]
...
[361  64]
......
[2459   12]
..................
[ 75 101]
..
[3581   10]
......................
[60 87]
...../home/s1932078/Documents/MPhys_Project/SRI/src/data_extraction/DataCollector_Deterministic.py:120: UserWarning: Creating legend with loc="best" can be slow with large amounts of data.
  plt.savefig(os.path.join(data_output_path, f'InfectionsVsTimePlot_{name_suffix}.png'))

Data Dump...
.....
[185 111]
.......
[288  57]
.........
[371  52]
.....
[925  19]
....................
[1951   11]
......
[137  92]
....
[211  49]
................
[3036    8]
..................
[295  44]
..
[724  16]
..
[109  80]
.
[165  39]
....................................
[82 64]
.
[134  30]
.........
[1530    9]
....................
[66 53]
.
[102  24]
......./home/s1932078/Documents/MPhys_Project/SRI/src/data_extraction/DataCollector_Deterministic.py:120: UserWarning: Creating legend with loc="best" can be slow with large amounts of data.
  plt.savefig(os.path.join(data_output_path, f'InfectionsVsTimePlot_{name_suffix}.png'))

Data Dump...
/home/s1932078/Documents/MPhys_Project/SRI/src/data_extraction/DataCollector_Deterministic.py:120: UserWarning: Creating legend with loc="best" can be slow with large amounts of data.
  plt.savefig(os.path.join(data_output_path, f'InfectionsVsTimePlot_{name_suffix}.png'))

Data Dump...
.
[231  39]
..
[557  13]
..........
[2547    6]
....................
[181  30]
.
[435  10]
......
[1211    8]
.....................
[147  27]
....
[334   8]
.................
[2117    6]
....
[116  23]
...........
[271   8]
.........
[928   8]
.
[90 21]
......./home/s1932078/Documents/MPhys_Project/SRI/src/data_extraction/DataCollector_Deterministic.py:120: UserWarning: Creating legend with loc="best" can be slow with large amounts of data.
  plt.savefig(os.path.join(data_output_path, f'InfectionsVsTimePlot_{name_suffix}.png'))

Data Dump...
........
[218   8]
...............
[167   8]
./home/s1932078/Documents/MPhys_Project/SRI/src/data_extraction/DataCollector_Deterministic.py:120: UserWarning: Creating legend with loc="best" can be slow with large amounts of data.
  plt.savefig(os.path.join(data_output_path, f'InfectionsVsTimePlot_{name_suffix}.png'))

Data Dump...
.......
[738   8]
.
[1731    5]
................
[568   7]
.........
[1404    5]
.......
[444   7]
...............
[343   7]
.......
[1178    5]
........
[266   6]
.............
[206   6]
.............
[161   4]
....../home/s1932078/Documents/MPhys_Project/SRI/src/data_extraction/DataCollector_Deterministic.py:120: UserWarning: Creating legend with loc="best" can be slow with large amounts of data.
  plt.savefig(os.path.join(data_output_path, f'InfectionsVsTimePlot_{name_suffix}.png'))

Data Dump...

[961   5]
..........
[778   5]
..........
[637   5]
..........
[526   5]
..........
[431   5]
..........
[352   4]
..........
[298   4]
..........
[247   4]
..........
[208   4]
..../home/s1932078/Documents/MPhys_Project/SRI/src/data_extraction/DataCollector_Deterministic.py:120: UserWarning: Creating legend with loc="best" can be slow with large amounts of data.
  plt.savefig(os.path.join(data_output_path, f'InfectionsVsTimePlot_{name_suffix}.png'))

Data Dump...
No 1 7
Done
slurmstepd-phcompute006: error: Detected 1 oom-kill event(s) in StepId=810891.batch. Some of your processes may have been killed by the cgroup out-of-memory handler.
