Unable to init server: Could not connect: Connection refused
Unable to init server: Could not connect: Connection refused
Unable to init server: Could not connect: Connection refused
Unable to init server: Could not connect: Connection refused
Unable to init server: Could not connect: Connection refused
Unable to init server: Could not connect: Connection refused
Unable to init server: Could not connect: Connection refused

(DataCollector_Deterministic.py:13457): Gdk-CRITICAL **: 09:30:08.407: gdk_cursor_new_for_display: assertion 'GDK_IS_DISPLAY (display)' failed
Unable to init server: Could not connect: Connection refused
Unable to init server: Could not connect: Connection refused

(DataCollector_Deterministic.py:13461): Gdk-CRITICAL **: 09:30:08.463: gdk_cursor_new_for_display: assertion 'GDK_IS_DISPLAY (display)' failed
Unable to init server: Could not connect: Connection refused

(DataCollector_Deterministic.py:13478): Gdk-CRITICAL **: 09:30:08.465: gdk_cursor_new_for_display: assertion 'GDK_IS_DISPLAY (display)' failed
Unable to init server: Could not connect: Connection refused
Unable to init server: Could not connect: Connection refused
Unable to init server: Could not connect: Connection refused

(DataCollector_Deterministic.py:13533): Gdk-CRITICAL **: 09:30:08.515: gdk_cursor_new_for_display: assertion 'GDK_IS_DISPLAY (display)' failed
Unable to init server: Could not connect: Connection refused
Unable to init server: Could not connect: Connection refused

(DataCollector_Deterministic.py:13510): Gdk-CRITICAL **: 09:30:08.524: gdk_cursor_new_for_display: assertion 'GDK_IS_DISPLAY (display)' failed
Unable to init server: Could not connect: Connection refused

(DataCollector_Deterministic.py:13580): Gdk-CRITICAL **: 09:30:08.566: gdk_cursor_new_for_display: assertion 'GDK_IS_DISPLAY (display)' failed
Unable to init server: Could not connect: Connection refused

(DataCollector_Deterministic.py:13557): Gdk-CRITICAL **: 09:30:08.616: gdk_cursor_new_for_display: assertion 'GDK_IS_DISPLAY (display)' failed
Unable to init server: Could not connect: Connection refused

(DataCollector_Deterministic.py:13617): Gdk-CRITICAL **: 09:30:08.660: gdk_cursor_new_for_display: assertion 'GDK_IS_DISPLAY (display)' failed
Unable to init server: Could not connect: Connection refused

(DataCollector_Deterministic.py:13595): Gdk-CRITICAL **: 09:30:08.676: gdk_cursor_new_for_display: assertion 'GDK_IS_DISPLAY (display)' failed
Unable to init server: Could not connect: Connection refused

(DataCollector_Deterministic.py:13632): Gdk-CRITICAL **: 09:30:08.690: gdk_cursor_new_for_display: assertion 'GDK_IS_DISPLAY (display)' failed
Initalising...
Running Sim...
.Initalising...
Running Sim...
.Initalising...
Running Sim...
.Initalising...
Running Sim...
.Initalising...
Running Sim...
.Initalising...
Running Sim...
.Initalising...
Running Sim...
.Initalising...
Running Sim...
.Initalising...
Running Sim...
.Initalising...
Running Sim...
..........................................................................................
[9779 4762]
..
[4973 9211]
.
[5461 8566]
.
[9668 4774]
.
[9522 4781]
.
[9928 4564]
..
[9876 4513]
.
[7243 6408]
.
[7562 6074]
.
[8232 5593]
...........................................................................
[9443 2351]
..............
[2616 8290]
.
[9370 2311]
..
[9856 2094]
.
[8981 2397]
.
[9741 2150]
..
[3243 6763]
.........
[6776 3162]
....
[5124 4231]
.
[5654 3782]
...............................................
[8846 1204]
..........................
[9781 1018]
.
[9613 1071]
.
[1414 7189]
..
[8923 1215]
..
[8270 1266]
....................
[2005 5060]
.............
[5356 1889]
.....
[3627 2857]
.
[4242 2417]
.............
[7785  725]
..............................
[9714  506]
..
[9447  544]
.....
[8318  656]
......
[7384  727]
.
[ 840 5920]
..........................................
[6213  465]
.
[1305 3602]
.............
[4141 1204]
.....
[2555 1966]
.
[3078 1630]
.........
[9655  280]
..
[9253  301]
..........
[7638  401]
................
[6314  435]
....
[ 543 4640]
.........................
[4503  339]
........................
[9590  160]
..
[8984  170]
.
[ 933 2531]
....................
[3183  794]
.
[6665  247]
.....
[1788 1360]
...
[2239 1107]
................
[5149  298]
..
[ 376 3533]
.......................
[3091  263]
...
[9497  108]
.....
[8648  113]
......................................
[ 660 1796]
.
[5712  172]
......................
[2363  524]
.....
[1255  992]
.
[9384   70]
..
[1660  737]
..
[ 267 2557]
.....
[4049  197]
....
[8185   76]
...........
[2066  205]
...............................................
[4687  118]
.
[9274   40]
.............
[ 467 1262]
...........
[7589   49]
.........
[ 200 1846]
......
[1749  377]
...
[895 703]
..
[3063  140]
...
[1226  519]
..
[1386  166]
.......................
[9151   32]
.................................
[3742   90]
..
[6796   35]
.................
[350 875]
......
[ 161 1351]
............
[8986   23]
.....
[932 143]
......
[2298  106]
..
[1311  272]
...
[641 520]
....
[908 363]
................................
[5918   25]
..................
[8765   18]
...
[2917   67]
.............
[138 983]
.....
[282 647]
.......
[620 114]
............................
[1698   89]
...
[483 374]
.
[987 206]
......
[662 259]
....
[8465   15]
.....
[4954   18]
..............................
[114 728]
......
[2220   54]
.
[433 102]
...........
[229 466]
............
[8073   12]
.........................
[366 279]
..
[1283   77]
....
[731 161]
.....
[499 189]
..............
[100 535]
....
[313  90]
............
[7556   10]
.............
[1694   48]
...
[195 348]
..........................................
[275 210]
.
[241  81]
..
[ 93 405]
....
[932  64]
.....
[6840    8]
.
[550 129]
..
[357 155]
.....................................
[167 277]
...........
[1252   39]
........
[193  71]
....
[ 77 324]
.............
[5964    7]
............
[217 171]
................
[691  56]
....
[442 105]
..
[281 134]
.............
[161  65]
.......
[133 221]
...
[ 64 255]
.............................
[942  34]
..
[4991    6]
...............
[132  53]
.......
[170 128]
............
[ 57 203]
....................
[539  47]
.
[226 109]
...
[342  90]
...
[115 177]
......
[113  51]
.........................
[ 54 163]
...........
[4048    6]
.............
[96 47]
........
[705  29]
...
[138 104]
...................
[ 54 144]
...........
[81 46]
..
[ 91 137]
...........
[178  82]
...........
[414  43]
..........
[275  69]
..
[78 45]
..
[ 49 135]
...........................
[76 45]
.............
[ 46 121]
.
[3171    6]
..........
[113  84]
..............
[ 45 117]
..../home/s1932078/Documents/MPhys_Project/SRI/src/data_extraction/DataCollector_Deterministic.py:120: UserWarning: Creating legend with loc="best" can be slow with large amounts of data.
  plt.savefig(os.path.join(data_output_path, f'InfectionsVsTimePlot_{name_suffix}.png'))

Data Dump...
..
[ 80 114]
....
[537  27]
..............
[143  69]
...........
[319  35]
.....
[213  60]
...............
[94 71]
......
[72 98]
...
[2404    6]
.............................
[411  23]
.
[124  60]
................
[66 92]
...
[257  32]
.
[74 63]
......
[170  51]
.................................
[1792    6]
....
[62 85]
..........
[107  45]
.
[66 57]
................
[317  23]
..............
[209  31]
.
[55 80]
......
[133  42]
..................
[59 55]
..............
[52 73]
...
[94 41]
...................
[1323    6]
..........
[50 67]
.....
[54 53]
................
[247  22]
......
[165  28]
..
[50 64]
......
[110  37]
../home/s1932078/Documents/MPhys_Project/SRI/src/data_extraction/DataCollector_Deterministic.py:120: UserWarning: Creating legend with loc="best" can be slow with large amounts of data.
  plt.savefig(os.path.join(data_output_path, f'InfectionsVsTimePlot_{name_suffix}.png'))

Data Dump...
..........
[73 38]
.
[49 48]
.............................
[47 48]
.....................
[46 46]
..../home/s1932078/Documents/MPhys_Project/SRI/src/data_extraction/DataCollector_Deterministic.py:120: UserWarning: Creating legend with loc="best" can be slow with large amounts of data.
  plt.savefig(os.path.join(data_output_path, f'InfectionsVsTimePlot_{name_suffix}.png'))

Data Dump...
.
[1007    6]
.
[66 34]
...
[137  26]
..
[97 34]
....
[199  21]
.........................
[61 28]
....................
[118  23]
..
[87 31]
.......
[54 27]
.........
[164  20]
..
[747   6]
...................
[47 27]
..............
[80 29]
..
[104  21]
........
[46 27]
......................
[45 27]
../home/s1932078/Documents/MPhys_Project/SRI/src/data_extraction/DataCollector_Deterministic.py:120: UserWarning: Creating legend with loc="best" can be slow with large amounts of data.
  plt.savefig(os.path.join(data_output_path, f'InfectionsVsTimePlot_{name_suffix}.png'))

Data Dump...
...
[138  20]
..........
[68 28]
..
[95 18]
....
[576   6]
........................
[61 27]
......
[84 18]
.
[114  18]
.....................
[54 27]
...........
[79 18]
......
[455   6]
...........
[52 27]
.
[98 17]
..............
[73 18]
........
[50 27]
................../home/s1932078/Documents/MPhys_Project/SRI/src/data_extraction/DataCollector_Deterministic.py:120: UserWarning: Creating legend with loc="best" can be slow with large amounts of data.
  plt.savefig(os.path.join(data_output_path, f'InfectionsVsTimePlot_{name_suffix}.png'))

Data Dump...
....
[66 17]
.........
[85 17]
.......
[64 16]
......./home/s1932078/Documents/MPhys_Project/SRI/src/data_extraction/DataCollector_Deterministic.py:120: UserWarning: Creating legend with loc="best" can be slow with large amounts of data.
  plt.savefig(os.path.join(data_output_path, f'InfectionsVsTimePlot_{name_suffix}.png'))

Data Dump...
..
[356   6]
.........
[81 17]
...............
[77 16]
......
[274   6]
........
[72 16]
.............
[68 16]
.............
[65 16]
....../home/s1932078/Documents/MPhys_Project/SRI/src/data_extraction/DataCollector_Deterministic.py:120: UserWarning: Creating legend with loc="best" can be slow with large amounts of data.
  plt.savefig(os.path.join(data_output_path, f'InfectionsVsTimePlot_{name_suffix}.png'))

Data Dump...

[212   6]
..........
[177   6]
..........
[151   6]
..........
[129   5]
..........
[117   5]
..........
[104   5]
..........
[96  5]
..........
[85  5]
..........
[77  5]
..........
[75  5]
..........
[74  5]
../home/s1932078/Documents/MPhys_Project/SRI/src/data_extraction/DataCollector_Deterministic.py:120: UserWarning: Creating legend with loc="best" can be slow with large amounts of data.
  plt.savefig(os.path.join(data_output_path, f'InfectionsVsTimePlot_{name_suffix}.png'))

Data Dump...
No 1 2
Done
slurmstepd-phcompute006: error: Detected 2 oom-kill event(s) in StepId=810886.batch. Some of your processes may have been killed by the cgroup out-of-memory handler.
