Unable to init server: Could not connect: Connection refused
Unable to init server: Could not connect: Connection refused
Unable to init server: Could not connect: Connection refused
Unable to init server: Could not connect: Connection refused
Unable to init server: Could not connect: Connection refused

(DataCollector_Deterministic.py:4122335): Gdk-CRITICAL **: 01:01:08.883: gdk_cursor_new_for_display: assertion 'GDK_IS_DISPLAY (display)' failed
Unable to init server: Could not connect: Connection refused

(DataCollector_Deterministic.py:4122337): Gdk-CRITICAL **: 01:01:08.939: gdk_cursor_new_for_display: assertion 'GDK_IS_DISPLAY (display)' failed
Unable to init server: Could not connect: Connection refused
Unable to init server: Could not connect: Connection refused
Unable to init server: Could not connect: Connection refused

(DataCollector_Deterministic.py:4122385): Gdk-CRITICAL **: 01:01:08.979: gdk_cursor_new_for_display: assertion 'GDK_IS_DISPLAY (display)' failed
Unable to init server: Could not connect: Connection refused
Unable to init server: Could not connect: Connection refused
Unable to init server: Could not connect: Connection refused

(DataCollector_Deterministic.py:4122365): Gdk-CRITICAL **: 01:01:08.990: gdk_cursor_new_for_display: assertion 'GDK_IS_DISPLAY (display)' failed
Unable to init server: Could not connect: Connection refused
Unable to init server: Could not connect: Connection refused
Unable to init server: Could not connect: Connection refused

(DataCollector_Deterministic.py:4122431): Gdk-CRITICAL **: 01:01:09.132: gdk_cursor_new_for_display: assertion 'GDK_IS_DISPLAY (display)' failed
Unable to init server: Could not connect: Connection refused
Unable to init server: Could not connect: Connection refused

(DataCollector_Deterministic.py:4122401): Gdk-CRITICAL **: 01:01:09.158: gdk_cursor_new_for_display: assertion 'GDK_IS_DISPLAY (display)' failed
Unable to init server: Could not connect: Connection refused

(DataCollector_Deterministic.py:4122506): Gdk-CRITICAL **: 01:01:09.162: gdk_cursor_new_for_display: assertion 'GDK_IS_DISPLAY (display)' failed

(DataCollector_Deterministic.py:4122482): Gdk-CRITICAL **: 01:01:09.177: gdk_cursor_new_for_display: assertion 'GDK_IS_DISPLAY (display)' failed
Unable to init server: Could not connect: Connection refused

(DataCollector_Deterministic.py:4122527): Gdk-CRITICAL **: 01:01:09.186: gdk_cursor_new_for_display: assertion 'GDK_IS_DISPLAY (display)' failed
Unable to init server: Could not connect: Connection refused

(DataCollector_Deterministic.py:4122463): Gdk-CRITICAL **: 01:01:09.189: gdk_cursor_new_for_display: assertion 'GDK_IS_DISPLAY (display)' failed
Initalising...
Running Sim...
.Initalising...
Running Sim...
.Initalising...
Running Sim...
.Initalising...
Running Sim...
.Initalising...
Running Sim...
.Initalising...
Running Sim...
.Initalising...
Running Sim...
.Initalising...
Running Sim...
.Initalising...
Running Sim...
.Initalising...
Running Sim...
..........................................................................................
[9543 4716]
..
[8787 5134]
.
[9653 4614]
.
[8368 5352]
.
[5498 8186]
.
[9769 4641]
..
[9235 4897]
.
[9810 4551]
.
[6420 6992]
.
[7408 6086]
........................................................................
[9067 2278]
...............
[9282 2155]
.....
[9543 2177]
.
[9633 2113]
.
[7394 2791]
.
[8569 2438]
....
[6617 3093]
.
[3105 6564]
........
[4359 4683]
....
[5659 3595]
......................................
[8530 1132]
..............................
[8867 1073]
....
[9321 1114]
.......
[9455 1013]
......
[7790 1272]
..
[5893 1621]
.........
[1926 5064]
....
[4980 1892]
...........
[8007  623]
......
[3034 3136]
.....
[4286 2180]
.....................................
[8364  572]
......
[9089  555]
......
[9263  544]
...
[7531  353]
................
[6919  709]
........
[4500 1024]
............
[1229 3867]
........
[3629 1219]
..........
[7013  222]
..................
[2165 2055]
.....
[7766  327]
.
[3207 1381]
.....
[8816  315]
......
[9064  302]
................
[6506  140]
.......................
[5987  402]
.................
[3331  701]
.
[5992  107]
..............
[ 813 2949]
................
[2595  809]
.
[7060  183]
....
[5457   87]
.
[8507  190]
............
[8859  178]
...............
[4941   75]
............./home/s1932078/Documents/MPhys_Project/SRI/src/data_extraction/DataCollector_Deterministic.py:120: UserWarning: Creating legend with loc="best" can be slow with large amounts of data.
  plt.savefig(os.path.join(data_output_path, f'InfectionsVsTimePlot_{name_suffix}.png'))

Data Dump...

[1578 1354]
......
[2358  884]
.........................
[5069  253]
...............
[2390  451]
.
[6201  115]
.
[8179  115]
..........
[ 563 2155]
.
[8613  109]
..............
[1809  574]
...................................
[1117  944]
......
[1756  584]
.......
[7804   76]
..
[5236   78]
......
[4124  165]
....
[8356   60]
...........
[1724  331]
..........
[ 402 1530]
...................
[1264  408]
.................
[7388   57]
...............
[4205   57]
...
[8106   41]
.......
[818 638]
.........
[1324  375]
..
[3291  109]
..............
[1220  259]
........
[ 305 1078]
...............
[6838   41]
.........
[866 297]
..........
[7797   32]
......
[3322   46]
.............................
[613 430]
.............
[2587   83]
..
[847 196]
.
[227 771]
.
[1000  261]
..
[6205   26]
....................
[7468   20]
........
[591 227]
...........
[2526   36]
........................................
[5553   20]
..
[451 316]
..
[176 572]
..
[632 162]
...........
[7052   17]
...
[2037   63]
........
[720 190]
.........
[420 177]
............
[1876   33]
................................
[4739   16]
..
[144 438]
..........
[471 129]
..
[6586   15]
......
[345 237]
........................
[327 137]
......
[1576   52]
........
[544 138]
.
[1405   31]
................
[119 335]
..............
[3954   15]
......
[6051   14]
.....
[349 112]
.................
[268 185]
.........
[245 103]
.................
[103 274]
........
[1052   29]
..............
[1217   42]
......
[403 106]
..........
[266  85]
..
[3216   10]
...
[5386   13]
...............
[ 87 225]
........
[185  87]
...........
[199 141]
............................
[814  28]
....
[ 78 192]
........
[217  73]
...................
[143  70]
.............
[4751   10]
..
[ 63 163]
.
[292  86]
.
[948  31]
..
[2514    8]
...............................
[ 58 143]
.
[165 110]
..........
[171  63]
......./home/s1932078/Documents/MPhys_Project/SRI/src/data_extraction/DataCollector_Deterministic.py:120: UserWarning: Creating legend with loc="best" can be slow with large amounts of data.
  plt.savefig(os.path.join(data_output_path, f'InfectionsVsTimePlot_{name_suffix}.png'))

Data Dump...
.......
[117  60]
...
[619  23]
.......................................
[140  55]
...
[99 47]
.............
[4088    8]
........
[1957    7]
..
[135  93]
...
[226  71]
.....
[744  26]
........
[85 37]
.....
[474  21]
.
[122  50]
..........................
[78 32]
....../home/s1932078/Documents/MPhys_Project/SRI/src/data_extraction/DataCollector_Deterministic.py:120: UserWarning: Creating legend with loc="best" can be slow with large amounts of data.
  plt.savefig(os.path.join(data_output_path, f'InfectionsVsTimePlot_{name_suffix}.png'))

Data Dump...
.........
[111  47]
........................
[106  42]
../home/s1932078/Documents/MPhys_Project/SRI/src/data_extraction/DataCollector_Deterministic.py:120: UserWarning: Creating legend with loc="best" can be slow with large amounts of data.
  plt.savefig(os.path.join(data_output_path, f'InfectionsVsTimePlot_{name_suffix}.png'))

Data Dump...

[106  81]
.........
[383  18]
...........
[3422    7]
..
[1537    6]
.
[184  64]
..........
[576  22]
............
[89 62]
.......
[309  16]
..............................
[75 54]
.........
[156  57]
.
[244  16]
..........
[1194    6]
...
[2795    6]
..............
[66 49]
.....
[449  21]
......
[207  14]
....................
[60 45]
................
[179  13]
.....
[129  47]
.......
[54 41]
./home/s1932078/Documents/MPhys_Project/SRI/src/data_extraction/DataCollector_Deterministic.py:120: UserWarning: Creating legend with loc="best" can be slow with large amounts of data.
  plt.savefig(os.path.join(data_output_path, f'InfectionsVsTimePlot_{name_suffix}.png'))

Data Dump...
............
[165  13]
.../home/s1932078/Documents/MPhys_Project/SRI/src/data_extraction/DataCollector_Deterministic.py:120: UserWarning: Creating legend with loc="best" can be slow with large amounts of data.
  plt.savefig(os.path.join(data_output_path, f'InfectionsVsTimePlot_{name_suffix}.png'))

Data Dump...
....
[931   6]
.......
[2262    5]
...slurmstepd-phcompute006: error: *** JOB 810644 ON phcompute006 CANCELLED AT 2024-02-25T09:23:15 ***
