Unable to init server: Could not connect: Connection refused
Unable to init server: Could not connect: Connection refused
Unable to init server: Could not connect: Connection refused
Unable to init server: Could not connect: Connection refused
Unable to init server: Could not connect: Connection refused
Unable to init server: Could not connect: Connection refused

(DataCollector_Deterministic.py:13000): Gdk-CRITICAL **: 09:29:56.020: gdk_cursor_new_for_display: assertion 'GDK_IS_DISPLAY (display)' failed
Unable to init server: Could not connect: Connection refused
Unable to init server: Could not connect: Connection refused
Unable to init server: Could not connect: Connection refused

(DataCollector_Deterministic.py:13003): Gdk-CRITICAL **: 09:29:56.069: gdk_cursor_new_for_display: assertion 'GDK_IS_DISPLAY (display)' failed
Unable to init server: Could not connect: Connection refused
Unable to init server: Could not connect: Connection refused

(DataCollector_Deterministic.py:13009): Gdk-CRITICAL **: 09:29:56.094: gdk_cursor_new_for_display: assertion 'GDK_IS_DISPLAY (display)' failed
Unable to init server: Could not connect: Connection refused

(DataCollector_Deterministic.py:13036): Gdk-CRITICAL **: 09:29:56.120: gdk_cursor_new_for_display: assertion 'GDK_IS_DISPLAY (display)' failed
Unable to init server: Could not connect: Connection refused
Unable to init server: Could not connect: Connection refused

(DataCollector_Deterministic.py:13021): Gdk-CRITICAL **: 09:29:56.146: gdk_cursor_new_for_display: assertion 'GDK_IS_DISPLAY (display)' failed
Unable to init server: Could not connect: Connection refused
Unable to init server: Could not connect: Connection refused

(DataCollector_Deterministic.py:13061): Gdk-CRITICAL **: 09:29:56.194: gdk_cursor_new_for_display: assertion 'GDK_IS_DISPLAY (display)' failed
Unable to init server: Could not connect: Connection refused

(DataCollector_Deterministic.py:13079): Gdk-CRITICAL **: 09:29:56.243: gdk_cursor_new_for_display: assertion 'GDK_IS_DISPLAY (display)' failed
Unable to init server: Could not connect: Connection refused

(DataCollector_Deterministic.py:13054): Gdk-CRITICAL **: 09:29:56.265: gdk_cursor_new_for_display: assertion 'GDK_IS_DISPLAY (display)' failed
Unable to init server: Could not connect: Connection refused

(DataCollector_Deterministic.py:13087): Gdk-CRITICAL **: 09:29:56.291: gdk_cursor_new_for_display: assertion 'GDK_IS_DISPLAY (display)' failed
Unable to init server: Could not connect: Connection refused

(DataCollector_Deterministic.py:13099): Gdk-CRITICAL **: 09:29:56.327: gdk_cursor_new_for_display: assertion 'GDK_IS_DISPLAY (display)' failed
Initalising...
Running Sim...
.Initalising...
Running Sim...
.Initalising...
Running Sim...
.Initalising...
Running Sim...
.Initalising...
Running Sim...
.Initalising...
Running Sim...
.Initalising...
Running Sim...
.Initalising...
Running Sim...
.Initalising...
Running Sim...
.Initalising...
Running Sim...
...........................................................................................
[4726 9629]
.
[4774 9604]
.
[4743 9689]
.
[4725 9645]
.
[4740 9605]
.
[4712 9632]
.
[4631 9700]
.
[4676 9700]
.
[4711 9671]
.
[4712 9694]
...........................................................................................
[2298 9217]
.
[2300 9334]
.
[2353 9100]
.
[2197 9372]
.
[2235 9326]
.
[2313 9341]
.
[2337 9068]
.
[2320 9290]
.
[2450 8630]
.
[2580 8177]
.......................................................................................
[1170 8815]
..
[1142 8970]
.
[1116 9076]
..
[1151 8930]
.
[1197 8929]
.
[1184 8819]
.
[1307 8014]
....
[1271 8032]
.........
[1520 6679]
.........
[1765 5699]
............................................................
[ 610 8352]
.
[ 623 8471]
..
[ 575 8665]
....
[ 631 8284]
.
[ 619 8472]
....
[ 637 8139]
...............
[ 815 6152]
..
[ 787 6500]
.............................
[1087 4461]
.......................
[1342 3533]
....
[ 339 7748]
....
[ 336 8186]
.
[ 351 7786]
....
[ 348 7859]
......
[ 371 7209]
......
[ 367 7192]
......................................
[ 548 4697]
......
[ 563 4224]
...............
[ 207 7571]
...
[ 206 6959]
......
[ 221 6641]
.....
[ 227 6997]
................
[ 259 5702]
...
[ 839 2760]
..
[ 233 5860]
...............................
[1046 2117]
.......
[ 140 6619]
............
[ 140 5883]
.......
[ 158 5144]
....
[ 160 5868]
.....
[ 398 3181]
.............
[ 442 2714]
..............
[ 198 4084]
.....
[ 180 4376]
................
[ 105 5392]
................
[  95 4652]
.....
[ 658 1750]
.........
[ 113 4568]
....
[ 125 3711]
...........................
[ 858 1223]
............
[ 314 2112]
.
[  90 3993]
...
[ 159 2819]
....
[ 135 3139]
............
[ 356 1699]
.
[  74 3523]
..................
[  92 3366]
..............
[  99 2558]
.........................
[  76 2755]
..
[ 536 1088]
...................
[  67 2538]
...
[ 102 2158]
.......
[ 130 1836]
.......
[ 249 1396]
......
[  79 2362]
......
[725 746]
..............
[ 291 1054]
......
[  75 1697]
............
[  66 1855]
.................
[  56 1809]
.........................
[  77 1450]
..
[  71 1601]
....
[ 117 1208]
..
[441 686]
........................
[213 934]
....
[  60 1242]
.....
[  66 1142]
.......
[  46 1272]
................
[245 655]
.....
[593 447]
.............
[  63 1113]
..............
[ 67 993]
............
[104 812]
.........
[ 38 898]
.............
[ 57 789]
..........
[373 426]
........
[174 622]
.......
[ 57 782]
..............
[ 35 642]
...............
[198 428]
.
[ 58 690]
................
[ 87 544]
......
[508 282]
.......
[ 51 541]
....
[ 53 567]
.
[ 33 465]
...........................................
[ 32 362]
....
[148 434]
..........
[316 284]
..
[ 56 488]
....
[ 50 435]
.................
[ 31 290]
...
[ 45 375]
........
[ 75 375]
.........
[169 289]
...........
[ 28 251]
............./home/s1932078/Documents/MPhys_Project/SRI/src/data_extraction/DataCollector_Deterministic.py:120: UserWarning: Creating legend with loc="best" can be slow with large amounts of data.
  plt.savefig(os.path.join(data_output_path, f'InfectionsVsTimePlot_{name_suffix}.png'))

Data Dump...
..
[ 49 341]
.....................
[440 181]
...
[ 47 351]
..............
[ 45 274]
..
[ 42 278]
........
[131 313]
.............
[ 70 275]
........
[ 40 233]
..........
[267 190]
..............
[ 39 202]
...../home/s1932078/Documents/MPhys_Project/SRI/src/data_extraction/DataCollector_Deterministic.py:120: UserWarning: Creating legend with loc="best" can be slow with large amounts of data.
  plt.savefig(os.path.join(data_output_path, f'InfectionsVsTimePlot_{name_suffix}.png'))

Data Dump...
....
[ 43 249]
...
[142 192]
....
[ 39 207]
............................
[ 69 210]
............
[ 40 193]
.
[107 227]
..
[ 34 164]
........
[376 128]
...............................
[229 128]
..
[ 35 162]
.
[ 31 141]
......
[ 66 172]
...
[126 147]
..............................
[ 29 124]
..
[ 33 141]
..........
[ 88 169]
.....................
[ 57 136]
.
[ 27 111]
....
[ 32 127]
.........................
[ 26 101]
............
[ 31 114]
./home/s1932078/Documents/MPhys_Project/SRI/src/data_extraction/DataCollector_Deterministic.py:120: UserWarning: Creating legend with loc="best" can be slow with large amounts of data.
  plt.savefig(os.path.join(data_output_path, f'InfectionsVsTimePlot_{name_suffix}.png'))

Data Dump...
......
[328  90]
..../home/s1932078/Documents/MPhys_Project/SRI/src/data_extraction/DataCollector_Deterministic.py:120: UserWarning: Creating legend with loc="best" can be slow with large amounts of data.
  plt.savefig(os.path.join(data_output_path, f'InfectionsVsTimePlot_{name_suffix}.png'))

Data Dump...
....
[102 120]
...
[ 53 116]
.
[198  91]
...........
[ 80 128]
..............
[ 48 106]
.........................
[46 98]
..........
[91 89]
......
[ 70 113]
.....
[42 95]
....
[175  71]
....
[289  70]
...........
[39 91]
....../home/s1932078/Documents/MPhys_Project/SRI/src/data_extraction/DataCollector_Deterministic.py:120: UserWarning: Creating legend with loc="best" can be slow with large amounts of data.
  plt.savefig(os.path.join(data_output_path, f'InfectionsVsTimePlot_{name_suffix}.png'))

Data Dump...
.................
[65 99]
...
[80 74]
..............
[144  60]
...........
[61 85]
...
[247  51]
...........
[69 61]
............
[54 74]
...........
[124  55]
..............
[49 65]
...
[63 55]
.............
[213  41]
.......
[45 61]
.................
[112  49]
....
[39 55]
.
[58 51]
....................
[39 50]
................/home/s1932078/Documents/MPhys_Project/SRI/src/data_extraction/DataCollector_Deterministic.py:120: UserWarning: Creating legend with loc="best" can be slow with large amounts of data.
  plt.savefig(os.path.join(data_output_path, f'InfectionsVsTimePlot_{name_suffix}.png'))

[38 48]

Data Dump...
......
[53 44]
....
[184  33]
..
[92 39]
................
[52 42]
.................
[85 34]
...
[48 40]
.........
[158  25]
...........
[47 39]
.............
[78 32]
.....
[47 36]
.................
[44 36]
..............
[135  25]
..
[44 33]
..../home/s1932078/Documents/MPhys_Project/SRI/src/data_extraction/DataCollector_Deterministic.py:120: UserWarning: Creating legend with loc="best" can be slow with large amounts of data.
  plt.savefig(os.path.join(data_output_path, f'InfectionsVsTimePlot_{name_suffix}.png'))

Data Dump...

[74 28]
................
[70 23]
..........
[115  23]
.....
[62 23]
...............
[60 23]
.............
[103  23]
.
[55 22]
.............
[53 22]
.............
[50 21]
.............
[48 21]
..../home/s1932078/Documents/MPhys_Project/SRI/src/data_extraction/DataCollector_Deterministic.py:120: UserWarning: Creating legend with loc="best" can be slow with large amounts of data.
  plt.savefig(os.path.join(data_output_path, f'InfectionsVsTimePlot_{name_suffix}.png'))

Data Dump...

[89 20]
..........
[83 20]
..........
[72 20]
..........
[66 19]
..........
[59 18]
..........
[54 18]
..........
[51 18]
..........
[48 17]
..........
[46 17]
..........
[45 17]
..........
[42 17]
..........
[40 17]
..........
[40 16]
......../home/s1932078/Documents/MPhys_Project/SRI/src/data_extraction/DataCollector_Deterministic.py:120: UserWarning: Creating legend with loc="best" can be slow with large amounts of data.
  plt.savefig(os.path.join(data_output_path, f'InfectionsVsTimePlot_{name_suffix}.png'))

Data Dump...
Low 1 4
Done
slurmstepd-phcompute006: error: Detected 1 oom-kill event(s) in StepId=810878.batch. Some of your processes may have been killed by the cgroup out-of-memory handler.
