Unable to init server: Could not connect: Connection refused
Unable to init server: Could not connect: Connection refused
Unable to init server: Could not connect: Connection refused
Unable to init server: Could not connect: Connection refused
Unable to init server: Could not connect: Connection refused
Unable to init server: Could not connect: Connection refused

(DataCollector_Deterministic.py:13407): Gdk-CRITICAL **: 09:30:07.981: gdk_cursor_new_for_display: assertion 'GDK_IS_DISPLAY (display)' failed
Unable to init server: Could not connect: Connection refused
Unable to init server: Could not connect: Connection refused

(DataCollector_Deterministic.py:13413): Gdk-CRITICAL **: 09:30:07.995: gdk_cursor_new_for_display: assertion 'GDK_IS_DISPLAY (display)' failed
Unable to init server: Could not connect: Connection refused
Unable to init server: Could not connect: Connection refused

(DataCollector_Deterministic.py:13409): Gdk-CRITICAL **: 09:30:08.023: gdk_cursor_new_for_display: assertion 'GDK_IS_DISPLAY (display)' failed
Unable to init server: Could not connect: Connection refused

(DataCollector_Deterministic.py:13425): Gdk-CRITICAL **: 09:30:08.060: gdk_cursor_new_for_display: assertion 'GDK_IS_DISPLAY (display)' failed
Unable to init server: Could not connect: Connection refused
Unable to init server: Could not connect: Connection refused
Unable to init server: Could not connect: Connection refused
Unable to init server: Could not connect: Connection refused

(DataCollector_Deterministic.py:13468): Gdk-CRITICAL **: 09:30:08.171: gdk_cursor_new_for_display: assertion 'GDK_IS_DISPLAY (display)' failed
Unable to init server: Could not connect: Connection refused

(DataCollector_Deterministic.py:13441): Gdk-CRITICAL **: 09:30:08.178: gdk_cursor_new_for_display: assertion 'GDK_IS_DISPLAY (display)' failed
Unable to init server: Could not connect: Connection refused

(DataCollector_Deterministic.py:13522): Gdk-CRITICAL **: 09:30:08.189: gdk_cursor_new_for_display: assertion 'GDK_IS_DISPLAY (display)' failed
Unable to init server: Could not connect: Connection refused
Unable to init server: Could not connect: Connection refused

(DataCollector_Deterministic.py:13572): Gdk-CRITICAL **: 09:30:08.238: gdk_cursor_new_for_display: assertion 'GDK_IS_DISPLAY (display)' failed

(DataCollector_Deterministic.py:13545): Gdk-CRITICAL **: 09:30:08.260: gdk_cursor_new_for_display: assertion 'GDK_IS_DISPLAY (display)' failed
Unable to init server: Could not connect: Connection refused

(DataCollector_Deterministic.py:13594): Gdk-CRITICAL **: 09:30:08.323: gdk_cursor_new_for_display: assertion 'GDK_IS_DISPLAY (display)' failed
Initalising...
Running Sim...

Data Dump...
Initalising...
Running Sim...
.Initalising...
Running Sim...
.Initalising...
Running Sim...
.Initalising...
Running Sim...
.Initalising...
Running Sim...
.Initalising...
Running Sim...
.Initalising...
Running Sim...
.Initalising...
Running Sim...
.Initalising...
Running Sim...
..................................................................................
[4695 9281]
.
[4808 9058]
.
[5052 8563]
.
[5062 8604]
.
[8762 4968]
.
[8802 5010]
.
[5592 7746]
.
[9039 4910]
.
[9041 4911]
...........................................................................
[2254 8564]
.....
[2438 7971]
.....
[2684 7149]
.
[7459 2583]
.
[2723 6928]
.
[7591 2574]
...
[8074 2444]
.
[8210 2422]
.
[3177 6001]
...........................................................
[1132 7814]
............
[1263 6803]
.............
[1539 5635]
.
[6123 1430]
...
[1604 5338]
..
[6393 1401]
.
[7150 1265]
.
[7313 1245]
....
[1916 4592]
....................................
[ 602 7086]
......................
[ 769 5639]
....................
[ 930 4273]
.......
[4764  836]
.
[6038  728]
..
[5214  795]
..
[ 990 3926]
...
[6381  684]
........
[1188 3341]
..
[ 341 6357]
......................................
[ 472 4509]
.......................
[ 201 5586]
...
[ 586 3174]
.................
[5030  431]
.
[3633  523]
...
[4134  480]
...
[ 645 2835]
.
[5520  378]
......
[ 770 2451]
.......................
[ 131 4824]
..
[ 324 3447]
.....................................
[ 394 2270]
.............
[  88 4061]
...............
[2663  340]
.
[4061  285]
..
[ 427 1949]
...
[ 528 1740]
.
[3139  310]
.......
[4616  226]
..
[ 208 2570]
...................
[  56 3323]
.................................
[ 266 1627]
.........
[  39 2527]
......................
[ 143 1844]
.........
[ 289 1384]
.
[ 357 1238]
.
[1941  226]
..
[3182  183]
.
[  30 1755]
...............
[2398  213]
.................
[3716  151]
.
[  29 1031]
.......................
[ 28 267]
.../home/s1932078/Documents/MPhys_Project/SRI/src/data_extraction/DataCollector_Deterministic.py:120: UserWarning: Creating legend with loc="best" can be slow with large amounts of data.
  plt.savefig(os.path.join(data_output_path, f'InfectionsVsTimePlot_{name_suffix}.png'))

Data Dump...
.
[ 197 1133]
.........
[ 105 1342]
.......................
[252 859]
.......
[212 961]
..........
[1403  161]
.....
[2426  119]
.......
[ 83 934]
........
[1790  155]
.
[142 793]
......................
[2934  103]
........
[189 590]
......
[ 69 642]
..................
[154 659]
.............
[106 565]
.....
[ 52 366]
..........
[1031  128]
......./home/s1932078/Documents/MPhys_Project/SRI/src/data_extraction/DataCollector_Deterministic.py:120: UserWarning: Creating legend with loc="best" can be slow with large amounts of data.
  plt.savefig(os.path.join(data_output_path, f'InfectionsVsTimePlot_{name_suffix}.png'))

Data Dump...
.......
[154 401]
.........
[1852   90]
............
[1286  119]
......
[ 79 375]
..........
[115 277]
...
[104 483]
....................
[ 74 134]
../home/s1932078/Documents/MPhys_Project/SRI/src/data_extraction/DataCollector_Deterministic.py:120: UserWarning: Creating legend with loc="best" can be slow with large amounts of data.
  plt.savefig(os.path.join(data_output_path, f'InfectionsVsTimePlot_{name_suffix}.png'))

Data Dump...
.
[2305   68]
.....
[ 61 221]
............./home/s1932078/Documents/MPhys_Project/SRI/src/data_extraction/DataCollector_Deterministic.py:120: UserWarning: Creating legend with loc="best" can be slow with large amounts of data.
  plt.savefig(os.path.join(data_output_path, f'InfectionsVsTimePlot_{name_suffix}.png'))

Data Dump...
..
[730 100]
.............
[ 80 326]
.............
[1368   67]
.....
[963  88]
..........
[ 62 193]
.......
[505  81]
..............
[41 94]
./home/s1932078/Documents/MPhys_Project/SRI/src/data_extraction/DataCollector_Deterministic.py:120: UserWarning: Creating legend with loc="best" can be slow with large amounts of data.
  plt.savefig(os.path.join(data_output_path, f'InfectionsVsTimePlot_{name_suffix}.png'))

Data Dump...
..
[1804   46]
.................
[370  65]
......
[1036   47]
.
[684  69]
................
[264  47]
..................
[144  32]
..../home/s1932078/Documents/MPhys_Project/SRI/src/data_extraction/DataCollector_Deterministic.py:120: UserWarning: Creating legend with loc="best" can be slow with large amounts of data.
  plt.savefig(os.path.join(data_output_path, f'InfectionsVsTimePlot_{name_suffix}.png'))

Data Dump...
...
[1416   31]
....
[518  57]
....
[790  36]
.....................
[375  47]
.........
[554  32]
...
[1092   24]
........
[277  38]
..................
[159  30]
......
[394  27]
.../home/s1932078/Documents/MPhys_Project/SRI/src/data_extraction/DataCollector_Deterministic.py:120: UserWarning: Creating legend with loc="best" can be slow with large amounts of data.
  plt.savefig(os.path.join(data_output_path, f'InfectionsVsTimePlot_{name_suffix}.png'))

Data Dump...
.............
[848  22]
.
[275  22]
.............
[189  20]
........../home/s1932078/Documents/MPhys_Project/SRI/src/data_extraction/DataCollector_Deterministic.py:120: UserWarning: Creating legend with loc="best" can be slow with large amounts of data.
  plt.savefig(os.path.join(data_output_path, f'InfectionsVsTimePlot_{name_suffix}.png'))

Data Dump...
....
[652  22]
..........
[474  16]
..........
[349  16]
..........
[247  15]
..........
[150  14]
....../home/s1932078/Documents/MPhys_Project/SRI/src/data_extraction/DataCollector_Deterministic.py:120: UserWarning: Creating legend with loc="best" can be slow with large amounts of data.
  plt.savefig(os.path.join(data_output_path, f'InfectionsVsTimePlot_{name_suffix}.png'))

Data Dump...
No 1 9
Done
