Unable to init server: Could not connect: Connection refused
Unable to init server: Could not connect: Connection refused
Unable to init server: Could not connect: Connection refused
Unable to init server: Could not connect: Connection refused

(DataCollector_Deterministic.py:4122329): Gdk-CRITICAL **: 01:01:08.875: gdk_cursor_new_for_display: assertion 'GDK_IS_DISPLAY (display)' failed
Unable to init server: Could not connect: Connection refused

(DataCollector_Deterministic.py:4122331): Gdk-CRITICAL **: 01:01:08.878: gdk_cursor_new_for_display: assertion 'GDK_IS_DISPLAY (display)' failed
Unable to init server: Could not connect: Connection refused
Unable to init server: Could not connect: Connection refused
Unable to init server: Could not connect: Connection refused
Unable to init server: Could not connect: Connection refused

(DataCollector_Deterministic.py:4122355): Gdk-CRITICAL **: 01:01:08.969: gdk_cursor_new_for_display: assertion 'GDK_IS_DISPLAY (display)' failed
Unable to init server: Could not connect: Connection refused
Unable to init server: Could not connect: Connection refused
Unable to init server: Could not connect: Connection refused
Unable to init server: Could not connect: Connection refused
Unable to init server: Could not connect: Connection refused

(DataCollector_Deterministic.py:4122379): Gdk-CRITICAL **: 01:01:09.067: gdk_cursor_new_for_display: assertion 'GDK_IS_DISPLAY (display)' failed
Unable to init server: Could not connect: Connection refused

(DataCollector_Deterministic.py:4122389): Gdk-CRITICAL **: 01:01:09.128: gdk_cursor_new_for_display: assertion 'GDK_IS_DISPLAY (display)' failed
Unable to init server: Could not connect: Connection refused

(DataCollector_Deterministic.py:4122468): Gdk-CRITICAL **: 01:01:09.142: gdk_cursor_new_for_display: assertion 'GDK_IS_DISPLAY (display)' failed
Unable to init server: Could not connect: Connection refused

(DataCollector_Deterministic.py:4122504): Gdk-CRITICAL **: 01:01:09.158: gdk_cursor_new_for_display: assertion 'GDK_IS_DISPLAY (display)' failed
Unable to init server: Could not connect: Connection refused

(DataCollector_Deterministic.py:4122425): Gdk-CRITICAL **: 01:01:09.176: gdk_cursor_new_for_display: assertion 'GDK_IS_DISPLAY (display)' failed
Unable to init server: Could not connect: Connection refused

(DataCollector_Deterministic.py:4122530): Gdk-CRITICAL **: 01:01:09.189: gdk_cursor_new_for_display: assertion 'GDK_IS_DISPLAY (display)' failed
Unable to init server: Could not connect: Connection refused

(DataCollector_Deterministic.py:4122488): Gdk-CRITICAL **: 01:01:09.194: gdk_cursor_new_for_display: assertion 'GDK_IS_DISPLAY (display)' failed
Initalising...
Running Sim...

Data Dump...
Initalising...
Running Sim...

Data Dump...
Initalising...
Running Sim...
.Initalising...
Running Sim...
.Initalising...
Running Sim...
.Initalising...
Running Sim...
.Initalising...
Running Sim...
.Initalising...
Running Sim...
.Initalising...
Running Sim...
.Initalising...
Running Sim...
.........................................................................
[9752 4638]
.
[5140 8820]
.
[8875 5120]
.
[9795 4553]
.
[5357 8396]
.
[9682 4645]
.
[9874 4569]
.
[9090 4941]
....................................................................
[9479 2246]
.....
[9598 2187]
...
[2783 7643]
.
[9383 2219]
.
[9721 2063]
.
[7594 2762]
.
[8183 2546]
...
[2993 6792]
..........................................................
[9211 1074]
........
[9408 1064]
....
[9577  970]
.
[9093 1112]
.....
[1610 6309]
......
[7144 1351]
.
[6231 1569]
.......
[1776 5324]
.................................
[8928  542]
.............
[9224  563]
..........
[9424  477]
..
[8728  576]
..............
[ 960 5011]
...........
[5988  796]
....
[4945  967]
.........
[1113 4050]
..
[8655  308]
...............
[9009  309]
..................
[9298  248]
.
[8267  310]
...........................
[8423  189]
.....
[ 634 3865]
............
[4923  494]
.....
[8797  168]
.......
[3738  616]
.......
[ 777 2965]
............
[9164  155]
...
[7707  182]
..
[8157  127]
...................................
[8570  100]
...........
[ 449 2871]
.......
[7913   83]
..........
[3886  306]
........
[9012   88]
....
[7090  116]
.....
[2696  410]
.......
[ 547 2137]
............
[8335   66]
....
[7657   59]
.........................................
[ 320 2087]
.
[8865   61]
.....
[7384   41]
.........
[6354   83]
....
[8041   47]
........
[3004  204]
.....................
[1975  289]
.
[7102   30]
.
[ 397 1536]
............................
[8696   39]
...
[7720   39]
.......
[6873   28]
................
[ 230 1520]
........
[5551   59]
...........
[6595   25]
...................
[2250  135]
.........
[6337   22]
.
[7278   29]
............
[8508   27]
..
[ 305 1085]
.........
[1415  222]
...
[6053   21]
......................
[5779   21]
......../home/s1932078/Documents/MPhys_Project/SRI/src/data_extraction/DataCollector_Deterministic.py:120: UserWarning: Creating legend with loc="best" can be slow with large amounts of data.
  plt.savefig(os.path.join(data_output_path, f'InfectionsVsTimePlot_{name_suffix}.png'))

Data Dump...
........
[ 178 1137]
.........
[4709   44]
.
[6722   24]
.............
[8307   20]
................
[1688   96]
............
[231 805]
.........
[1024  169]
.
[6002   19]
..........
[132 819]
..........
[8098   14]
........
[3854   32]
.......................
[5031   17]
............
[182 595]
.....
[1265   70]
........
[7833   13]
.
[111 599]
.....
[737 127]
........................
[3960   16]
......
[3116   22]
....................
[7546    8]
....
[144 420]
....
[ 94 460]
................
[959  59]
...........
[3034   14]
.
[574  96]
...................
[7197    6]
.............
[2486   18]
..
[ 74 351]
..
[117 330]
...........................
[2220   12]
.............
[703  51]
...
[422  84]
..
[6719    6]
...
[ 69 265]
.................
[100 261]
........................
[1947   17]
.....
[1625   12]
...
[ 61 216]
............
[6183    6]
...................
[315  72]
...
[ 82 197]
..
[526  43]
...
[ 57 180]
..................................
[1168   11]
...
[ 50 151]
..............
[5551    6]
...
[ 73 165]
....
[1511   15]
.......
[ 47 140]
......................../home/s1932078/Documents/MPhys_Project/SRI/src/data_extraction/DataCollector_Deterministic.py:120: UserWarning: Creating legend with loc="best" can be slow with large amounts of data.
  plt.savefig(os.path.join(data_output_path, f'InfectionsVsTimePlot_{name_suffix}.png'))

[ 44 130]

Data Dump...
..
[253  65]
...........
[408  34]
....
[ 62 137]
........
[802  11]
............
[4821    5]
..............
[ 54 110]
.................
[1172   14]
...
[192  58]
......
[ 50 102]
.............
[576  11]
.........
[49 91]
....
[323  28]
.../home/s1932078/Documents/MPhys_Project/SRI/src/data_extraction/DataCollector_Deterministic.py:120: UserWarning: Creating legend with loc="best" can be slow with large amounts of data.
  plt.savefig(os.path.join(data_output_path, f'InfectionsVsTimePlot_{name_suffix}.png'))

Data Dump...
.......
[4093    5]
..................
[155  53]
.......
[421  11]
...........
[929  14]
...........
[260  24]
.........
[3345    4]
..
[130  44]
.....
[321  11]
.................................
[118  39]
....
[266  10]
.....
[215  23]
....
[735  12]
..............
[2661    4]
........
[96 37]
....
[226  10]
............................
[86 33]
....
[196  10]
.
[164  19]
.........................
[81 30]
.....
[178  10]
....
[575   8]
................
[2027    4]
../home/s1932078/Documents/MPhys_Project/SRI/src/data_extraction/DataCollector_Deterministic.py:120: UserWarning: Creating legend with loc="best" can be slow with large amounts of data.
  plt.savefig(os.path.join(data_output_path, f'InfectionsVsTimePlot_{name_suffix}.png'))

[77 30]

Data Dump...
...
[168  10]
./home/s1932078/Documents/MPhys_Project/SRI/src/data_extraction/DataCollector_Deterministic.py:120: UserWarning: Creating legend with loc="best" can be slow with large amounts of data.
  plt.savefig(os.path.join(data_output_path, f'InfectionsVsTimePlot_{name_suffix}.png'))

Data Dump...
......
[144  19]
......................
[124  19]
.
[474   7]
.....
[1560    3]
..............
[101  17]
....................
[90 17]
.
[382   7]
.......
[1170    3]
..........
[81 15]
................
[72 14]
.........../home/s1932078/Documents/MPhys_Project/SRI/src/data_extraction/DataCollector_Deterministic.py:120: UserWarning: Creating legend with loc="best" can be slow with large amounts of data.
  plt.savefig(os.path.join(data_output_path, f'InfectionsVsTimePlot_{name_suffix}.png'))

Data Dump...
..
[306   7]
.....
[871   3]
..............
[258   6]
.......
[653   3]
............
[217   6]
..........
[511   3]
........
[188   6]
..............
[408   3]
.....
[164   6]
.................
[141   6]
.
[338   3]
...............
[127   6]
...........
[280   3]
......
[117   6]
...............
[111   6]
.......
[233   3]
./home/s1932078/Documents/MPhys_Project/SRI/src/data_extraction/DataCollector_Deterministic.py:120: UserWarning: Creating legend with loc="best" can be slow with large amounts of data.
  plt.savefig(os.path.join(data_output_path, f'InfectionsVsTimePlot_{name_suffix}.png'))

Data Dump...
.........
[191   3]
..........
[164   3]
..........
[150   3]
..........
[141   3]
....../home/s1932078/Documents/MPhys_Project/SRI/src/data_extraction/DataCollector_Deterministic.py:120: UserWarning: Creating legend with loc="best" can be slow with large amounts of data.
  plt.savefig(os.path.join(data_output_path, f'InfectionsVsTimePlot_{name_suffix}.png'))

Data Dump...
No 1 4
Done
