Unable to init server: Could not connect: Connection refused
Unable to init server: Could not connect: Connection refused
Unable to init server: Could not connect: Connection refused
Unable to init server: Could not connect: Connection refused

(DataCollector_Deterministic.py:13475): Gdk-CRITICAL **: 09:30:08.347: gdk_cursor_new_for_display: assertion 'GDK_IS_DISPLAY (display)' failed
Unable to init server: Could not connect: Connection refused
Unable to init server: Could not connect: Connection refused
Unable to init server: Could not connect: Connection refused
Unable to init server: Could not connect: Connection refused

(DataCollector_Deterministic.py:13481): Gdk-CRITICAL **: 09:30:08.451: gdk_cursor_new_for_display: assertion 'GDK_IS_DISPLAY (display)' failed
Unable to init server: Could not connect: Connection refused
Unable to init server: Could not connect: Connection refused

(DataCollector_Deterministic.py:13508): Gdk-CRITICAL **: 09:30:08.480: gdk_cursor_new_for_display: assertion 'GDK_IS_DISPLAY (display)' failed
Unable to init server: Could not connect: Connection refused
Unable to init server: Could not connect: Connection refused
Unable to init server: Could not connect: Connection refused
Unable to init server: Could not connect: Connection refused

(DataCollector_Deterministic.py:13528): Gdk-CRITICAL **: 09:30:08.578: gdk_cursor_new_for_display: assertion 'GDK_IS_DISPLAY (display)' failed
Unable to init server: Could not connect: Connection refused

(DataCollector_Deterministic.py:13550): Gdk-CRITICAL **: 09:30:08.596: gdk_cursor_new_for_display: assertion 'GDK_IS_DISPLAY (display)' failed
Unable to init server: Could not connect: Connection refused

(DataCollector_Deterministic.py:13566): Gdk-CRITICAL **: 09:30:08.624: gdk_cursor_new_for_display: assertion 'GDK_IS_DISPLAY (display)' failed
Unable to init server: Could not connect: Connection refused

(DataCollector_Deterministic.py:13602): Gdk-CRITICAL **: 09:30:08.643: gdk_cursor_new_for_display: assertion 'GDK_IS_DISPLAY (display)' failed
Unable to init server: Could not connect: Connection refused

(DataCollector_Deterministic.py:13582): Gdk-CRITICAL **: 09:30:08.650: gdk_cursor_new_for_display: assertion 'GDK_IS_DISPLAY (display)' failed
Unable to init server: Could not connect: Connection refused

(DataCollector_Deterministic.py:13620): Gdk-CRITICAL **: 09:30:08.698: gdk_cursor_new_for_display: assertion 'GDK_IS_DISPLAY (display)' failed
Unable to init server: Could not connect: Connection refused

(DataCollector_Deterministic.py:13633): Gdk-CRITICAL **: 09:30:08.744: gdk_cursor_new_for_display: assertion 'GDK_IS_DISPLAY (display)' failed
Initalising...
Running Sim...
.Initalising...
Running Sim...
.Initalising...
Running Sim...
.Initalising...
Running Sim...
.Initalising...
Running Sim...
.Initalising...
Running Sim...
.Initalising...
Running Sim...
.Initalising...
Running Sim...
.Initalising...
Running Sim...
.Initalising...
Running Sim...
..........................................................................................
[9886 4682]
..
[4749 9898]
.
[9925 4678]
.
[8856 5286]
.
[9890 4595]
.
[9796 4650]
.
[9066 5158]
.
[9958 4525]
.
[6243 7519]
....
[6543 7019]
............................................................................
[2333 9823]
.
[9747 2273]
....
[9845 2200]
..........
[9742 2216]
.
[9629 2187]
...
[9920 2031]
....
[8000 2699]
.
[7400 2905]
........
[3908 5641]
.........
[4762 4453]
............................................
[1173 9735]
..
[9468 1186]
...
[9772 1137]
.......................
[9532 1104]
.
[9442 1103]
.
[9880  983]
.......................
[6790 1523]
..
[5798 1722]
..................
[2578 4051]
.......
[ 605 9656]
...
[8817  682]
.......
[9712  574]
.
[3521 2830]
................................
[9242  559]
..
[9172  597]
...
[9845  496]
..........................
[ 348 9540]
.............
[9643  325]
..
[7558  421]
...
[5541  914]
.............
[4347 1092]
......................
[1766 2954]
............
[9798  268]
.
[8831  323]
.
[8801  328]
..
[ 221 9320]
..........
[2645 1795]
.......
[9569  192]
.........................
[5772  295]
.....................
[ 150 8902]
..................
[4372  586]
...
[9485  123]
.......
[9761  149]
.
[8379  196]
..
[8144  192]
......
[3161  746]
........................
[1257 2107]
.....
[ 103 7988]
.............
[9400   84]
........
[4057  221]
.............
[1995 1161]
...................
[9708   84]
..........
[7797  119]
...
[9339   64]
...
[  81 6413]
.
[7265  127]
......................
[3343  384]
....................
[9269   58]
..
[2236  532]
.........................
[2714  180]
.
[ 893 1502]
....
[9657   57]
.........
[  70 4532]
.
[9189   51]
..............
[7008   73]
...............
[6248   88]
.......
[1498  769]
.
[9114   43]
.................................
[9030   38]
...............
[9582   39]
.
[2451  282]
.........
[8960   35]
.........
[  63 2997]
...........
[8891   35]
....
[1582  389]
...
[1761  155]
.............
[6106   51]
..
[ 644 1095]
..............
[5131   62]
..............
[9509   21]
................
[1162  533]
...
[  55 1932]
.......................
[1811  214]
....
[1131  140]
............
[5168   37]
.
[1133  290]
..
[9403   16]
................
[474 799]
...
[3994   50]
...........
[  48 1220]
.................................
[9283   11]
........
[891 364]
....
[782 123]
...........
[4240   32]
...
[1330  164]
...........
[ 47 803]
..
[775 222]
...............
[338 584]
..
[3036   39]
.....
[9038   11]
.......................................
[526 111]
....
[ 44 539]
................
[687 257]
.
[8715    8]
...
[3354   25]
...........
[980 131]
.........
[564 174]
............
[257 422]
.....
[2271   33]
.....
[ 43 365]
.................
[336  98]
....
[8220    8]
....................................
[ 41 274]
.......
[2627   20]
............
[536 189]
....
[695 102]
......
[415 143]
...
[7501    7]
.
[208 314]
.........
[239  89]
......
[1658   27]
..
[ 41 193]
................................................
[ 40 147]
.............
[6603    7]
.........
[2057   17]
....
[173  82]
..........
[ 38 122]
....
[173 255]
...
[314 113]
....
[505  87]
..
[415 143]
.................
[ 38 103]
.....
[1232   25]
......................
[38 95]
................
[5615    6]
..
[127  78]
............................
[1589   13]
....
[142 202]
.......
[241  92]
.......
[386  72]
.........
[100  76]
..
[328 118]
........
[903  24]
.....
[4540    6]
....................................
[77 69]
..
[123 164]
...........
[179  81]
......
[1231   12]
.............
[290  60]
............
[71 64]
..
[3524    6]
........
[247  99]
...
[666  22]
.......................
[107 137]
....
[64 63]
...........
[142  75]
...........................
[56 63]
...
[966  11]
....
[227  53]
..........
[2661    5]
............
[51 59]
.........
[ 94 112]
.......
[515  20]
.....
[199  82]
.....
[49 55]
.........../home/s1932078/Documents/MPhys_Project/SRI/src/data_extraction/DataCollector_Deterministic.py:120: UserWarning: Creating legend with loc="best" can be slow with large amounts of data.
  plt.savefig(os.path.join(data_output_path, f'InfectionsVsTimePlot_{name_suffix}.png'))

Data Dump...
...
[119  65]
...............................
[187  46]
...
[84 97]
.....
[749   9]
.....
[1978    5]
................
[94 58]
...
[384  14]
.......
[171  66]
..............
[80 82]
...................
[157  45]
...............
[75 49]
........
[584   9]
..
[1417    4]
.
[74 74]
...............
[300  13]
.............
[143  51]
...............
[70 70]
..
[63 43]
..
[128  41]
.................................
[63 64]
...........
[455   8]
......
[1040    4]
..
[56 39]
....
[235  12]
............
[60 62]
..........
[121  47]
..
[97 38]
...............
[59 59]
..................
[53 37]
.......
[59 59]
./home/s1932078/Documents/MPhys_Project/SRI/src/data_extraction/DataCollector_Deterministic.py:120: UserWarning: Creating legend with loc="best" can be slow with large amounts of data.
  plt.savefig(os.path.join(data_output_path, f'InfectionsVsTimePlot_{name_suffix}.png'))

Data Dump...
.........................
[361   8]
...
[43 34]
.
[182  12]
.
[783   4]
..
[91 36]
................
[102  39]
...........
[38 31]
..........................
[38 30]
...........
[79 36]
...........
[38 29]
.../home/s1932078/Documents/MPhys_Project/SRI/src/data_extraction/DataCollector_Deterministic.py:120: UserWarning: Creating legend with loc="best" can be slow with large amounts of data.
  plt.savefig(os.path.join(data_output_path, f'InfectionsVsTimePlot_{name_suffix}.png'))

Data Dump...
.
[150  12]
..
[287   8]
.....
[596   4]
.........
[86 34]
...........
[70 33]
.......................
[119  11]
...........
[237   7]
.
[64 31]
.......
[449   4]
...
[75 30]
.....................
[63 30]
..........
[99 11]
..................
[59 30]
.....
[187   6]
.....
[70 27]
.....
[369   4]
............
[55 30]
............
[80 10]
..........
[55 30]
..................../home/s1932078/Documents/MPhys_Project/SRI/src/data_extraction/DataCollector_Deterministic.py:120: UserWarning: Creating legend with loc="best" can be slow with large amounts of data.
  plt.savefig(os.path.join(data_output_path, f'InfectionsVsTimePlot_{name_suffix}.png'))

[53 30]

Data Dump...
.....
[62 26]
...
[162   6]
.......
[316   4]
.
[66 10]
.............................
[52 24]
....
[58 10]
....
[139   6]
..........
[241   4]
.................
[53 10]
...
[50 23]
..................
[109   6]
.......
[48 10]
.......
[191   4]
.......
[47 22]
.............
[44 10]
....................
[98  6]
....
[42 10]
.
[46 22]
.................
[154   4]
.....
[42 10]
........../home/s1932078/Documents/MPhys_Project/SRI/src/data_extraction/DataCollector_Deterministic.py:120: UserWarning: Creating legend with loc="best" can be slow with large amounts of data.
  plt.savefig(os.path.join(data_output_path, f'InfectionsVsTimePlot_{name_suffix}.png'))

Data Dump...
......
[43 22]
.........
[83  6]
............
[41 22]
........
[135   4]
..........
[40 20]
..........
[76  6]
.......
[40 19]
....../home/s1932078/Documents/MPhys_Project/SRI/src/data_extraction/DataCollector_Deterministic.py:120: UserWarning: Creating legend with loc="best" can be slow with large amounts of data.
  plt.savefig(os.path.join(data_output_path, f'InfectionsVsTimePlot_{name_suffix}.png'))

Data Dump...
.......
[116   4]
......
[71  5]
.................
[70  5]
.
[102   4]
................
[61  5]
.........
[92  4]
.......
[60  5]
................
[59  5]
......
[80  4]
........
[59  5]
../home/s1932078/Documents/MPhys_Project/SRI/src/data_extraction/DataCollector_Deterministic.py:120: UserWarning: Creating legend with loc="best" can be slow with large amounts of data.
  plt.savefig(os.path.join(data_output_path, f'InfectionsVsTimePlot_{name_suffix}.png'))

Data Dump...
.......
[70  4]
..........
[63  4]
..........
[61  4]
..........
[56  4]
........../home/s1932078/Documents/MPhys_Project/SRI/src/data_extraction/DataCollector_Deterministic.py:120: UserWarning: Creating legend with loc="best" can be slow with large amounts of data.
  plt.savefig(os.path.join(data_output_path, f'InfectionsVsTimePlot_{name_suffix}.png'))

[54  4]

Data Dump...
No 1 1
Done
slurmstepd-phcompute006: error: Detected 2 oom-kill event(s) in StepId=810885.batch. Some of your processes may have been killed by the cgroup out-of-memory handler.
