Unable to init server: Could not connect: Connection refused
Unable to init server: Could not connect: Connection refused

(DataCollector_Deterministic.py:3317904): Gdk-CRITICAL **: 00:59:41.085: gdk_cursor_new_for_display: assertion 'GDK_IS_DISPLAY (display)' failed
Unable to init server: Could not connect: Connection refused
Unable to init server: Could not connect: Connection refused

(DataCollector_Deterministic.py:3317853): Gdk-CRITICAL **: 00:59:41.985: gdk_cursor_new_for_display: assertion 'GDK_IS_DISPLAY (display)' failed
Unable to init server: Could not connect: Connection refused
Unable to init server: Could not connect: Connection refused
Unable to init server: Could not connect: Connection refused

(DataCollector_Deterministic.py:3317751): Gdk-CRITICAL **: 00:59:42.802: gdk_cursor_new_for_display: assertion 'GDK_IS_DISPLAY (display)' failed
Unable to init server: Could not connect: Connection refused

(DataCollector_Deterministic.py:3317845): Gdk-CRITICAL **: 00:59:42.867: gdk_cursor_new_for_display: assertion 'GDK_IS_DISPLAY (display)' failed
Unable to init server: Could not connect: Connection refused
Unable to init server: Could not connect: Connection refused
Unable to init server: Could not connect: Connection refused
Unable to init server: Could not connect: Connection refused
Unable to init server: Could not connect: Connection refused
Unable to init server: Could not connect: Connection refused
Unable to init server: Could not connect: Connection refused

(DataCollector_Deterministic.py:3317893): Gdk-CRITICAL **: 00:59:42.988: gdk_cursor_new_for_display: assertion 'GDK_IS_DISPLAY (display)' failed
Unable to init server: Could not connect: Connection refused

(DataCollector_Deterministic.py:3317822): Gdk-CRITICAL **: 00:59:42.996: gdk_cursor_new_for_display: assertion 'GDK_IS_DISPLAY (display)' failed
Unable to init server: Could not connect: Connection refused

(DataCollector_Deterministic.py:3317741): Gdk-CRITICAL **: 00:59:43.003: gdk_cursor_new_for_display: assertion 'GDK_IS_DISPLAY (display)' failed
Unable to init server: Could not connect: Connection refused

(DataCollector_Deterministic.py:3317872): Gdk-CRITICAL **: 00:59:43.007: gdk_cursor_new_for_display: assertion 'GDK_IS_DISPLAY (display)' failed
Unable to init server: Could not connect: Connection refused

(DataCollector_Deterministic.py:3317782): Gdk-CRITICAL **: 00:59:43.011: gdk_cursor_new_for_display: assertion 'GDK_IS_DISPLAY (display)' failed
Unable to init server: Could not connect: Connection refused

(DataCollector_Deterministic.py:3317804): Gdk-CRITICAL **: 00:59:43.038: gdk_cursor_new_for_display: assertion 'GDK_IS_DISPLAY (display)' failed
Initalising...
Running Sim...

Data Dump...
Initalising...
Running Sim...
.Initalising...
Running Sim...
.Initalising...
Running Sim...
.Initalising...
Running Sim...
.Initalising...
Running Sim...
.Initalising...
Running Sim...
.Initalising...
Running Sim...
.Initalising...
Running Sim...
.Initalising...
Running Sim...
..................................................................................
[4722 9509]
.
[4779 9518]
.
[4750 9510]
.
[4748 9523]
.
[4675 9534]
.
[4666 9531]
.
[4669 9511]
.
[4681 9550]
.
[4680 9529]
..................................................................................
[2327 9006]
.
[2351 9055]
.
[2285 9047]
.
[2270 9066]
.
[2293 9054]
.
[2287 9039]
.
[2288 9015]
.
[2254 9049]
.
[2224 9090]
..................................................................................
[1171 8482]
.
[1201 8545]
.
[1144 8546]
.
[1105 8570]
.
[1137 8534]
.
[1142 8559]
.
[1134 8547]
.
[1150 8587]
.
[1125 8591]
.................................................................................
[ 610 7944]
..
[ 605 8061]
.
[ 662 7733]
.
[ 621 8084]
.
[ 594 8078]
.
[ 613 8038]
.
[ 559 8011]
.
[ 594 8106]
..
[ 603 8080]
...........................................................................
[ 323 7416]
.....
[ 322 7573]
..
[ 343 7601]
...
[ 339 7526]
.
[ 358 7569]
.
[ 336 7596]
.
[ 319 7476]
..
[ 345 7571]
.......
[ 430 6082]
................................................................
[ 212 6869]
......
[ 181 7045]
.
[ 205 7086]
....
[ 200 7031]
.
[ 199 7074]
.
[ 212 7000]
.
[ 210 6888]
....
[ 208 7088]
...........................................
[ 310 4109]
...................
[ 135 6361]
..........
[ 130 6542]
.
[ 112 6531]
....
[ 131 6477]
..
[ 130 6558]
....
[ 133 6488]
.........
[ 128 6611]
.
[ 142 5882]
................................................
[  86 5780]
...........
[  87 6028]
..
[  70 6001]
.....
[  99 6007]
......
[  86 5971]
.
[  89 6062]
..............
[  92 6082]
..........................
[ 110 4454]
........
[  64 5129]
......
[ 261 2508]
....
[  69 5546]
.....
[  52 5469]
............
[  67 5512]
.........
[  68 5326]
..
[  68 5512]
...................
[  71 5504]
....................
[  53 4327]
....
[  58 5022]
.....
[  35 4930]
...................
[  55 5018]
................
[  51 4972]
......
[  54 4513]
..............
[  55 4922]
...
[  50 4504]
.........
[  33 4403]
.
[  87 3023]
......
[  47 3407]
....................
[  49 4520]
....................
[  46 3974]
.......
[  44 4315]
...
[  31 3874]
......................
[  49 4344]
../home/s1932078/Documents/MPhys_Project/SRI/src/data_extraction/DataCollector_Deterministic.py:120: UserWarning: Creating legend with loc="best" can be slow with large amounts of data.
  plt.savefig(os.path.join(data_output_path, f'InfectionsVsTimePlot_{name_suffix}.png'))

Data Dump...
......./home/s1932078/Documents/MPhys_Project/SRI/src/data_extraction/DataCollector_Deterministic.py:120: UserWarning: Creating legend with loc="best" can be slow with large amounts of data.
  plt.savefig(os.path.join(data_output_path, f'InfectionsVsTimePlot_{name_suffix}.png'))

Data Dump...

[  53 3490]
......
[  47 3997]
......
[  44 2480]
.................
[ 220 1515]
..........
[  46 3503]
./home/s1932078/Documents/MPhys_Project/SRI/src/data_extraction/DataCollector_Deterministic.py:120: UserWarning: Creating legend with loc="best" can be slow with large amounts of data.
  plt.savefig(os.path.join(data_output_path, f'InfectionsVsTimePlot_{name_suffix}.png'))

Data Dump...

[  41 3380]
...
[  44 3588]
...........................
[  42 1725]
......
[  42 2595]
...
[  49 2385]
........
[  38 2306]
....
[  81 1985]
..................
[  41 1685]
.....
[  39 1196]
.......................
[  33 1178]
.
[  37 1493]
........../home/s1932078/Documents/MPhys_Project/SRI/src/data_extraction/DataCollector_Deterministic.py:120: UserWarning: Creating legend with loc="best" can be slow with large amounts of data.
  plt.savefig(os.path.join(data_output_path, f'InfectionsVsTimePlot_{name_suffix}.png'))

Data Dump...
.....
[ 34 814]
.....
[  47 1605]
.............../home/s1932078/Documents/MPhys_Project/SRI/src/data_extraction/DataCollector_Deterministic.py:120: UserWarning: Creating legend with loc="best" can be slow with large amounts of data.
  plt.savefig(os.path.join(data_output_path, f'InfectionsVsTimePlot_{name_suffix}.png'))

Data Dump...
...
[  34 1014]
...................
[ 31 715]
.....
[  45 1068]
......../home/s1932078/Documents/MPhys_Project/SRI/src/data_extraction/DataCollector_Deterministic.py:120: UserWarning: Creating legend with loc="best" can be slow with large amounts of data.
  plt.savefig(os.path.join(data_output_path, f'InfectionsVsTimePlot_{name_suffix}.png'))

Data Dump...
.
[  71 1312]
.
[190 928]
...........
[ 41 745]
.................
[ 39 537]
.............
[ 36 447]
........./home/s1932078/Documents/MPhys_Project/SRI/src/data_extraction/DataCollector_Deterministic.py:120: UserWarning: Creating legend with loc="best" can be slow with large amounts of data.
  plt.savefig(os.path.join(data_output_path, f'InfectionsVsTimePlot_{name_suffix}.png'))

Data Dump...

[ 68 838]
.........
[160 581]
.......
[ 61 580]
................
[ 54 404]
....
[136 383]
...........
[ 48 322]
...............
[ 42 258]
......
[118 264]
.......
[ 38 212]
.............
[ 36 170]
.............
[ 31 143]
............
[ 27 130]
......./home/s1932078/Documents/MPhys_Project/SRI/src/data_extraction/DataCollector_Deterministic.py:120: UserWarning: Creating legend with loc="best" can be slow with large amounts of data.
  plt.savefig(os.path.join(data_output_path, f'InfectionsVsTimePlot_{name_suffix}.png'))

Data Dump...

[104 188]
..........
[ 90 137]
..........
[ 77 106]
..........
[66 79]
..........
[58 67]
..........
[54 58]
..........
[51 52]
..........
[42 42]
..........
[39 38]
..........
[37 35]
..........
[36 33]
..........
[36 33]
..........
[32 29]
..........
[30 25]
..../home/s1932078/Documents/MPhys_Project/SRI/src/data_extraction/DataCollector_Deterministic.py:120: UserWarning: Creating legend with loc="best" can be slow with large amounts of data.
  plt.savefig(os.path.join(data_output_path, f'InfectionsVsTimePlot_{name_suffix}.png'))

Data Dump...
High 1 6
Done
