Unable to init server: Could not connect: Connection refused
Unable to init server: Could not connect: Connection refused
Unable to init server: Could not connect: Connection refused
Unable to init server: Could not connect: Connection refused
Unable to init server: Could not connect: Connection refused

(DataCollector_Deterministic.py:13001): Gdk-CRITICAL **: 09:29:56.046: gdk_cursor_new_for_display: assertion 'GDK_IS_DISPLAY (display)' failed
Unable to init server: Could not connect: Connection refused

(DataCollector_Deterministic.py:12994): Gdk-CRITICAL **: 09:29:56.075: gdk_cursor_new_for_display: assertion 'GDK_IS_DISPLAY (display)' failed
Unable to init server: Could not connect: Connection refused
Unable to init server: Could not connect: Connection refused
Unable to init server: Could not connect: Connection refused
Unable to init server: Could not connect: Connection refused
Unable to init server: Could not connect: Connection refused
Unable to init server: Could not connect: Connection refused
Unable to init server: Could not connect: Connection refused

(DataCollector_Deterministic.py:13031): Gdk-CRITICAL **: 09:29:56.152: gdk_cursor_new_for_display: assertion 'GDK_IS_DISPLAY (display)' failed
Unable to init server: Could not connect: Connection refused

(DataCollector_Deterministic.py:13014): Gdk-CRITICAL **: 09:29:56.189: gdk_cursor_new_for_display: assertion 'GDK_IS_DISPLAY (display)' failed
Unable to init server: Could not connect: Connection refused

(DataCollector_Deterministic.py:13042): Gdk-CRITICAL **: 09:29:56.281: gdk_cursor_new_for_display: assertion 'GDK_IS_DISPLAY (display)' failed
Unable to init server: Could not connect: Connection refused

(DataCollector_Deterministic.py:13052): Gdk-CRITICAL **: 09:29:56.290: gdk_cursor_new_for_display: assertion 'GDK_IS_DISPLAY (display)' failed
Unable to init server: Could not connect: Connection refused

(DataCollector_Deterministic.py:13083): Gdk-CRITICAL **: 09:29:56.294: gdk_cursor_new_for_display: assertion 'GDK_IS_DISPLAY (display)' failed
Unable to init server: Could not connect: Connection refused

(DataCollector_Deterministic.py:13095): Gdk-CRITICAL **: 09:29:56.300: gdk_cursor_new_for_display: assertion 'GDK_IS_DISPLAY (display)' failed
Unable to init server: Could not connect: Connection refused

(DataCollector_Deterministic.py:13067): Gdk-CRITICAL **: 09:29:56.319: gdk_cursor_new_for_display: assertion 'GDK_IS_DISPLAY (display)' failed
Unable to init server: Could not connect: Connection refused

(DataCollector_Deterministic.py:13096): Gdk-CRITICAL **: 09:29:56.382: gdk_cursor_new_for_display: assertion 'GDK_IS_DISPLAY (display)' failed
Initalising...
Running Sim...

Data Dump...
Initalising...
Running Sim...

Data Dump...
Initalising...
Running Sim...
.Initalising...
Running Sim...
.Initalising...
Running Sim...
.Initalising...
Running Sim...
.Initalising...
Running Sim...
.Initalising...
Running Sim...
.Initalising...
Running Sim...
.Initalising...
Running Sim...
.........................................................................
[4800 9319]
.
[4714 9330]
.
[4688 9379]
.
[4702 9353]
.
[4674 9349]
.
[4654 9347]
.
[4728 9300]
.
[4822 9152]
........................................................................
[2300 8690]
..
[2365 8461]
.
[2219 8749]
.
[2227 8669]
.
[2271 8669]
.
[2232 8675]
.
[2253 8557]
....
[2669 7442]
....................................................................
[1145 8010]
.
[1143 8092]
.
[1153 7954]
.
[1121 7930]
.
[1142 7847]
.
[1283 7179]
.
[1126 7714]
.......................
[1714 5263]
............................................
[ 606 7290]
.
[ 602 7398]
...
[ 594 7117]
.
[ 612 7188]
.....
[ 617 6814]
.....
[ 580 6684]
.......
[ 794 5499]
............................................
[1233 3412]
...
[ 342 6671]
.
[ 343 6604]
........
[ 332 6367]
.
[ 337 6210]
.............
[ 375 5523]
.....
[ 362 5554]
......................
[ 544 3858]
...............
[ 199 5966]
..
[ 212 5831]
.............
[ 207 5495]
..
[ 217 5199]
............................
[ 262 4191]
...
[ 259 4398]
.........
[ 914 2120]
.....
[ 123 5241]
..
[ 130 5029]
.......................
[ 145 4539]
....
[ 150 4055]
...
[ 401 2555]
..........................
[  90 4501]
...
[  95 4232]
............
[ 177 3368]
...
[ 182 2996]
.....................
[ 106 3653]
.........
[ 117 3021]
...
[  72 3789]
.........
[  68 3423]
................
[ 705 1371]
.....................
[ 301 1670]
...
[  51 3090]
........
[  86 2826]
....
[ 137 2417]
..
[  58 2653]
...
[ 136 2093]
..............
[  92 2157]
..............
[  43 2386]
..................
[  55 1977]
..................
[  75 2122]
...
[  42 1697]
.........................
[  51 1365]
.......
[  38 1125]
.........
[  75 1513]
.../home/s1932078/Documents/MPhys_Project/SRI/src/data_extraction/DataCollector_Deterministic.py:120: UserWarning: Creating legend with loc="best" can be slow with large amounts of data.
  plt.savefig(os.path.join(data_output_path, f'InfectionsVsTimePlot_{name_suffix}.png'))

Data Dump...

[ 104 1741]
................
[ 41 865]
.....
[ 104 1424]
./home/s1932078/Documents/MPhys_Project/SRI/src/data_extraction/DataCollector_Deterministic.py:120: UserWarning: Creating legend with loc="best" can be slow with large amounts of data.
  plt.savefig(os.path.join(data_output_path, f'InfectionsVsTimePlot_{name_suffix}.png'))

Data Dump...
.
[  66 1516]
.
[ 244 1083]
..
[550 865]
.............................
[  64 1043]
.
[  61 1027]
...............
[  85 1221]
...........
[ 55 692]
................./home/s1932078/Documents/MPhys_Project/SRI/src/data_extraction/DataCollector_Deterministic.py:120: UserWarning: Creating legend with loc="best" can be slow with large amounts of data.
  plt.savefig(os.path.join(data_output_path, f'InfectionsVsTimePlot_{name_suffix}.png'))

Data Dump...
...
[ 83 967]
.
[ 58 735]
....................
[204 720]
....
[ 78 833]
..
[ 52 502]
..................
[428 578]
...
[ 43 334]
......../home/s1932078/Documents/MPhys_Project/SRI/src/data_extraction/DataCollector_Deterministic.py:120: UserWarning: Creating legend with loc="best" can be slow with large amounts of data.
  plt.savefig(os.path.join(data_output_path, f'InfectionsVsTimePlot_{name_suffix}.png'))

Data Dump...
......
[ 68 670]
.....
[ 65 574]
.....................
[ 58 390]
.........
[156 485]
....
[ 59 485]
......
[ 50 246]
......./home/s1932078/Documents/MPhys_Project/SRI/src/data_extraction/DataCollector_Deterministic.py:120: UserWarning: Creating legend with loc="best" can be slow with large amounts of data.
  plt.savefig(os.path.join(data_output_path, f'InfectionsVsTimePlot_{name_suffix}.png'))

Data Dump...
.............
[347 388]
.
[ 50 349]
.................
[ 44 263]
..
[129 337]
.............
[ 40 183]
......../home/s1932078/Documents/MPhys_Project/SRI/src/data_extraction/DataCollector_Deterministic.py:120: UserWarning: Creating legend with loc="best" can be slow with large amounts of data.
  plt.savefig(os.path.join(data_output_path, f'InfectionsVsTimePlot_{name_suffix}.png'))

Data Dump...
........
[284 257]
...
[109 241]
................
[ 90 188]
......
[238 187]
..........
[ 74 148]
...............
[ 66 118]
......
[185 132]
........
[54 94]
............
[44 74]
............/home/s1932078/Documents/MPhys_Project/SRI/src/data_extraction/DataCollector_Deterministic.py:120: UserWarning: Creating legend with loc="best" can be slow with large amounts of data.
  plt.savefig(os.path.join(data_output_path, f'InfectionsVsTimePlot_{name_suffix}.png'))

[33 52]

Data Dump...
...
[156  93]
..........
[123  73]
..........
[98 58]
..........
[79 45]
..........
[64 38]
..........
[50 34]
..........
[43 31]
........./home/s1932078/Documents/MPhys_Project/SRI/src/data_extraction/DataCollector_Deterministic.py:120: UserWarning: Creating legend with loc="best" can be slow with large amounts of data.
  plt.savefig(os.path.join(data_output_path, f'InfectionsVsTimePlot_{name_suffix}.png'))

Data Dump...
Low 1 8
Done
