Unable to init server: Could not connect: Connection refused
Unable to init server: Could not connect: Connection refused
Unable to init server: Could not connect: Connection refused
Unable to init server: Could not connect: Connection refused

(DataCollector_Deterministic.py:13476): Gdk-CRITICAL **: 09:30:08.145: gdk_cursor_new_for_display: assertion 'GDK_IS_DISPLAY (display)' failed
Unable to init server: Could not connect: Connection refused

(DataCollector_Deterministic.py:13482): Gdk-CRITICAL **: 09:30:08.152: gdk_cursor_new_for_display: assertion 'GDK_IS_DISPLAY (display)' failed
Unable to init server: Could not connect: Connection refused

(DataCollector_Deterministic.py:13507): Gdk-CRITICAL **: 09:30:08.248: gdk_cursor_new_for_display: assertion 'GDK_IS_DISPLAY (display)' failed
Unable to init server: Could not connect: Connection refused
Unable to init server: Could not connect: Connection refused
Unable to init server: Could not connect: Connection refused
Unable to init server: Could not connect: Connection refused
Unable to init server: Could not connect: Connection refused
Unable to init server: Could not connect: Connection refused
Unable to init server: Could not connect: Connection refused
Unable to init server: Could not connect: Connection refused

(DataCollector_Deterministic.py:13549): Gdk-CRITICAL **: 09:30:08.664: gdk_cursor_new_for_display: assertion 'GDK_IS_DISPLAY (display)' failed
Unable to init server: Could not connect: Connection refused
Unable to init server: Could not connect: Connection refused
Unable to init server: Could not connect: Connection refused

(DataCollector_Deterministic.py:13623): Gdk-CRITICAL **: 09:30:08.685: gdk_cursor_new_for_display: assertion 'GDK_IS_DISPLAY (display)' failed
Unable to init server: Could not connect: Connection refused

(DataCollector_Deterministic.py:13639): Gdk-CRITICAL **: 09:30:08.696: gdk_cursor_new_for_display: assertion 'GDK_IS_DISPLAY (display)' failed

(DataCollector_Deterministic.py:13526): Gdk-CRITICAL **: 09:30:08.713: gdk_cursor_new_for_display: assertion 'GDK_IS_DISPLAY (display)' failed
Unable to init server: Could not connect: Connection refused

(DataCollector_Deterministic.py:13584): Gdk-CRITICAL **: 09:30:08.721: gdk_cursor_new_for_display: assertion 'GDK_IS_DISPLAY (display)' failed
Unable to init server: Could not connect: Connection refused

(DataCollector_Deterministic.py:13603): Gdk-CRITICAL **: 09:30:08.727: gdk_cursor_new_for_display: assertion 'GDK_IS_DISPLAY (display)' failed

(DataCollector_Deterministic.py:13565): Gdk-CRITICAL **: 09:30:08.757: gdk_cursor_new_for_display: assertion 'GDK_IS_DISPLAY (display)' failed
Initalising...
Running Sim...

Data Dump...
Initalising...
Running Sim...

Data Dump...
Initalising...
Running Sim...

Data Dump...
Initalising...
Running Sim...
.Initalising...
Running Sim...
.Initalising...
Running Sim...
.Initalising...
Running Sim...
.Initalising...
Running Sim...
.Initalising...
Running Sim...
.Initalising...
Running Sim...
................................................................
[5085 9030]
.
[9766 4643]
.
[9009 5070]
.
[8408 5434]
.
[9123 5024]
.
[9484 4758]
.
[9757 4654]
................................................................
[9514 2241]
.
[2735 7937]
.
[9596 2238]
.
[7747 2698]
.
[9084 2303]
..
[8397 2557]
.
[6589 3188]
........................................................
[9161 1110]
........
[9400 1103]
.
[1578 6615]
.
[8613 1165]
...
[7550 1357]
..
[6339 1616]
.....
[4954 2011]
..........................................
[8703  593]
........
[9143  563]
........
[8004  624]
...
[ 947 5306]
......
[6667  750]
...
[4879 1022]
..........
[3601 1361]
......................
[8023  346]
.........
[8827  312]
.................
[7293  346]
.......
[ 625 4075]
.....
[5697  452]
........
[3602  660]
............
[2498  946]
.
[7189  218]
.......
[8490  193]
..............................
[6474  210]
..........
[ 438 3050]
......
[4658  296]
.......
[6181  139]
.......
[2580  481]
.
[8089  125]
.............
[1769  691]
............................
[5603  137]
..........
[ 317 2207]
..
[5113   99]
....
[7591   88]
......
[3730  201]
.............
[1833  350]
.............
[1256  515]
........................
[4757   83]
...
[7001   61]
..
[4019   76]
...
[ 243 1599]
...................
[2918  149]
............
[1255  278]
..........
[860 376]
..............
[6320   47]
.........
[3072   59]
...
[3937   61]
.
[ 191 1135]
............................
[2281  115]
.........
[893 212]
........
[607 289]
........
[5570   37]
.........
[153 840]
.
[2301   54]
............
[3157   51]
.................................
[1728   91]
.
[634 168]
.....
[440 216]
.....
[4812   30]
...
[130 595]
..........
[1716   46]
....................
[2486   42]
..........................
[465 128]
.
[118 445]
..
[319 171]
.......
[1287   73]
...
[4029   26]
..........
[1271   36]
..................................
[101 339]
.
[1918   35]
........
[349  97]
.
[252 141]
.......................
[948  31]
.
[3344   25]
....
[973  55]
............
[ 88 258]
..........................
[192 115]
...
[257  83]
...........
[1496   25]
......
[ 81 210]
.........
[708  29]
..................
[2723   24]
..
[752  46]
............
[ 72 169]
..
[153 100]
........
[200  75]
...........................
[ 61 141]
........
[534  24]
.........
[1155   21]
.............
[ 57 120]
...
[122  79]
.............
[155  67]
.......
[2211   20]
....
[581  39]
.
[ 47 105]
................../home/s1932078/Documents/MPhys_Project/SRI/src/data_extraction/DataCollector_Deterministic.py:120: UserWarning: Creating legend with loc="best" can be slow with large amounts of data.
  plt.savefig(os.path.join(data_output_path, f'InfectionsVsTimePlot_{name_suffix}.png'))

Data Dump...
...............
[406  21]
..
[104  66]
..............
[121  59]
..............
[869  15]
.............
[90 60]
.......
[458  38]
.....
[1774   18]
.....
[312  20]
..
[95 57]
.................
[84 52]
............................
[84 55]
....
[69 49]
............
[249  19]
.....
[690  13]
........
[362  29]
.....
[64 46]
..........
[72 51]
............
[1402   17]
.
[61 41]
........../home/s1932078/Documents/MPhys_Project/SRI/src/data_extraction/DataCollector_Deterministic.py:120: UserWarning: Creating legend with loc="best" can be slow with large amounts of data.
  plt.savefig(os.path.join(data_output_path, f'InfectionsVsTimePlot_{name_suffix}.png'))

Data Dump...
.............
[63 50]
..
[209  19]
....................
[58 48]
...................
[56 45]
.../home/s1932078/Documents/MPhys_Project/SRI/src/data_extraction/DataCollector_Deterministic.py:120: UserWarning: Creating legend with loc="best" can be slow with large amounts of data.
  plt.savefig(os.path.join(data_output_path, f'InfectionsVsTimePlot_{name_suffix}.png'))

Data Dump...

[299  23]
..
[548  12]
...
[183  17]
..............
[1105   15]
..........
[156  16]
.................
[239  22]
.....
[134  15]
.....
[428  11]
...............
[124  14]
........
[898  13]
............
[116  14]
............
[192  21]
....
[109  14]
..../home/s1932078/Documents/MPhys_Project/SRI/src/data_extraction/DataCollector_Deterministic.py:120: UserWarning: Creating legend with loc="best" can be slow with large amounts of data.
  plt.savefig(os.path.join(data_output_path, f'InfectionsVsTimePlot_{name_suffix}.png'))

Data Dump...
........
[351  10]
............
[711  13]
..
[153  20]
..................
[282   7]
......
[132  18]
.........
[570  13]
..............
[115  16]
.....
[235   7]
..................
[100  15]
.
[472  12]
................
[199   7]
...
[88 15]
.....................
[79 15]
..
[384  12]
.............
[164   7]
...
[71 15]
.................
[70 14]
................
[67 14]
......
[315  12]
.../home/s1932078/Documents/MPhys_Project/SRI/src/data_extraction/DataCollector_Deterministic.py:120: UserWarning: Creating legend with loc="best" can be slow with large amounts of data.
  plt.savefig(os.path.join(data_output_path, f'InfectionsVsTimePlot_{name_suffix}.png'))

Data Dump...
.
[149   6]
..................
[124   6]
.
[260  12]
................
[104   6]
........
[209  12]
..........
[92  6]
.............
[175  12]
.....
[82  6]
.................
[74  6]
..
[144  12]
..............
[69  5]
.............
[130  12]
..
[64  5]
...............
[59  5]
.........../home/s1932078/Documents/MPhys_Project/SRI/src/data_extraction/DataCollector_Deterministic.py:120: UserWarning: Creating legend with loc="best" can be slow with large amounts of data.
  plt.savefig(os.path.join(data_output_path, f'InfectionsVsTimePlot_{name_suffix}.png'))

Data Dump...
.
[116  12]
..........
[107  12]
..........
[94 12]
..........
[86 12]
..........
[82 12]
..........
[79 12]
........../home/s1932078/Documents/MPhys_Project/SRI/src/data_extraction/DataCollector_Deterministic.py:120: UserWarning: Creating legend with loc="best" can be slow with large amounts of data.
  plt.savefig(os.path.join(data_output_path, f'InfectionsVsTimePlot_{name_suffix}.png'))

[76 12]

Data Dump...
No 1 3
Done
