Unable to init server: Could not connect: Connection refused
Unable to init server: Could not connect: Connection refused
Unable to init server: Could not connect: Connection refused
Unable to init server: Could not connect: Connection refused

(DataCollector_Deterministic.py:3317805): Gdk-CRITICAL **: 00:59:42.637: gdk_cursor_new_for_display: assertion 'GDK_IS_DISPLAY (display)' failed
Unable to init server: Could not connect: Connection refused

(DataCollector_Deterministic.py:3317833): Gdk-CRITICAL **: 00:59:42.667: gdk_cursor_new_for_display: assertion 'GDK_IS_DISPLAY (display)' failed
Unable to init server: Could not connect: Connection refused

(DataCollector_Deterministic.py:3317754): Gdk-CRITICAL **: 00:59:42.772: gdk_cursor_new_for_display: assertion 'GDK_IS_DISPLAY (display)' failed
Unable to init server: Could not connect: Connection refused
Unable to init server: Could not connect: Connection refused
Unable to init server: Could not connect: Connection refused
Unable to init server: Could not connect: Connection refused
Unable to init server: Could not connect: Connection refused
Unable to init server: Could not connect: Connection refused
Unable to init server: Could not connect: Connection refused
Unable to init server: Could not connect: Connection refused

(DataCollector_Deterministic.py:3317857): Gdk-CRITICAL **: 00:59:42.987: gdk_cursor_new_for_display: assertion 'GDK_IS_DISPLAY (display)' failed
Unable to init server: Could not connect: Connection refused

(DataCollector_Deterministic.py:3317905): Gdk-CRITICAL **: 00:59:43.003: gdk_cursor_new_for_display: assertion 'GDK_IS_DISPLAY (display)' failed
Unable to init server: Could not connect: Connection refused
Unable to init server: Could not connect: Connection refused

(DataCollector_Deterministic.py:3317748): Gdk-CRITICAL **: 00:59:43.015: gdk_cursor_new_for_display: assertion 'GDK_IS_DISPLAY (display)' failed
Unable to init server: Could not connect: Connection refused

(DataCollector_Deterministic.py:3317786): Gdk-CRITICAL **: 00:59:43.020: gdk_cursor_new_for_display: assertion 'GDK_IS_DISPLAY (display)' failed
Unable to init server: Could not connect: Connection refused

(DataCollector_Deterministic.py:3317883): Gdk-CRITICAL **: 00:59:43.024: gdk_cursor_new_for_display: assertion 'GDK_IS_DISPLAY (display)' failed
Unable to init server: Could not connect: Connection refused

(DataCollector_Deterministic.py:3317889): Gdk-CRITICAL **: 00:59:43.026: gdk_cursor_new_for_display: assertion 'GDK_IS_DISPLAY (display)' failed

(DataCollector_Deterministic.py:3317823): Gdk-CRITICAL **: 00:59:43.037: gdk_cursor_new_for_display: assertion 'GDK_IS_DISPLAY (display)' failed
Initalising...
Running Sim...

Data Dump...
Initalising...
Running Sim...
.Initalising...
Running Sim...
.Initalising...
Running Sim...
.Initalising...
Running Sim...
.Initalising...
Running Sim...
.Initalising...
Running Sim...
.Initalising...
Running Sim...
.Initalising...
Running Sim...
.Initalising...
Running Sim...
..................................................................................
[4680 9846]
.
[4661 9861]
.
[4684 9847]
.
[4670 9845]
.
[4722 9843]
.
[4690 9850]
.
[4643 9844]
.
[4704 9829]
.
[4704 9855]
..................................................................................
[2279 9680]
.
[2262 9656]
.
[2274 9669]
.
[2237 9712]
.
[2202 9685]
.
[2214 9676]
.
[2250 9678]
.
[2275 9653]
.
[2280 9712]
..................................................................................
[1177 9481]
.
[1172 9498]
.
[1144 9516]
.
[1110 9500]
.
[1109 9526]
.
[1150 9482]
.
[1136 9539]
.
[1144 9502]
.
[1126 9554]
..................................................................................
[ 630 9343]
.
[ 610 9296]
.
[ 590 9339]
.
[ 601 9274]
.
[ 592 9383]
.
[ 625 9310]
.
[ 609 9334]
.
[ 572 9382]
.
[ 594 9327]
................................................................................
[ 359 9174]
...
[ 357 9014]
.
[ 336 9192]
.
[ 329 9221]
.
[ 361 9097]
.
[ 313 9116]
.
[ 326 9165]
..
[ 304 9215]
..
[ 352 8356]
.........................................................................
[ 216 9023]
.....
[ 207 9000]
..
[ 198 9057]
.
[ 228 8523]
..
[ 192 9003]
.
[ 192 8818]
.
[ 191 9050]
.
[ 229 8508]
................................
[ 266 5946]
..................................
[ 139 8759]
........
[ 130 8884]
...
[ 126 8765]
..
[ 125 8849]
..
[ 112 8877]
......
[ 123 8275]
...
[ 153 7561]
...............
[ 159 6881]
............................................
[  90 8661]
.
[ 104 7461]
..
[  86 8670]
..
[  87 8381]
.
[  79 8709]
..........................
[  89 7068]
..........
[ 223 3602]
...........
[ 121 5868]
...............
[  65 8361]
.
[  64 8483]
.
[  58 8559]
.............
[  74 7298]
.....
[ 126 4634]
.................................
[  95 4856]
..
[  55 8316]
.
[  44 8403]
.......
[  51 7656]
................
[  71 5277]
....................
[  46 8157]
.
[  35 8236]
......................
[  64 5237]
......
[ 103 4068]
....
[  43 7980]
.
[  32 8059]
.........................
[  45 5863]
.
[  39 7797]
../home/s1932078/Documents/MPhys_Project/SRI/src/data_extraction/DataCollector_Deterministic.py:120: UserWarning: Creating legend with loc="best" can be slow with large amounts of data.
  plt.savefig(os.path.join(data_output_path, f'InfectionsVsTimePlot_{name_suffix}.png'))

Data Dump...
.
[  29 7926]
.../home/s1932078/Documents/MPhys_Project/SRI/src/data_extraction/DataCollector_Deterministic.py:120: UserWarning: Creating legend with loc="best" can be slow with large amounts of data.
  plt.savefig(os.path.join(data_output_path, f'InfectionsVsTimePlot_{name_suffix}.png'))

Data Dump...
.............
[ 204 2083]
.....
[ 112 2889]
.............
[  87 2772]
....
[  60 3570]
..........
[  42 3889]
...
[  57 3349]
................
[  90 2647]
................................
[  39 2403]
.....
[  53 2326]
..
[ 101 1782]
....
[ 185 1198]
.
[  84 1595]
...
[  56 2012]
.....................
[  84 1692]
.................
[  38 1476]
..................
[  53 1502]
.........
[  52 1227]
.........
[  86 1082]
.
[ 79 917]
............
[ 38 949]
...
[  77 1108]
....
[164 721]
.............................
[  50 1004]
.....
[ 49 763]
.......
[ 38 612]
.......................
[ 75 551]
..
[ 79 665]
...
[ 71 686]
..............
[ 38 442]
............
[ 47 669]
.....
[ 49 465]
.
[158 431]
......................
[ 36 325]
.....................
[ 66 458]
..........
[ 72 332]
..
[ 36 244]
.....
[ 70 436]
....
[ 43 450]
....
[ 47 315]
..................
[ 35 192]
......................
[ 35 173]
......./home/s1932078/Documents/MPhys_Project/SRI/src/data_extraction/DataCollector_Deterministic.py:120: UserWarning: Creating legend with loc="best" can be slow with large amounts of data.
  plt.savefig(os.path.join(data_output_path, f'InfectionsVsTimePlot_{name_suffix}.png'))

Data Dump...
.........
[138 274]
..
[ 61 319]
......
[ 41 319]
......
[ 46 222]
......
[ 67 210]
.........
[ 64 279]
........................
[ 39 232]
...
[ 59 229]
....
[ 45 168]
................................
[ 65 150]
...
[125 182]
..
[ 38 175]
......
[ 59 197]
...
[ 44 125]
......
[ 58 175]
........................
[ 35 142]
.................
[44 95]
..............
[ 57 127]
.....
[ 32 125]
....
[ 64 107]
.............
[ 56 130]
......
[43 84]
........
[ 30 110]
.......
[112 136]
..................
[ 54 101]
..
[29 97]
........
[42 74]
........./home/s1932078/Documents/MPhys_Project/SRI/src/data_extraction/DataCollector_Deterministic.py:120: UserWarning: Creating legend with loc="best" can be slow with large amounts of data.
  plt.savefig(os.path.join(data_output_path, f'InfectionsVsTimePlot_{name_suffix}.png'))

Data Dump...
....................
[42 65]
..........
[52 78]
..
[60 72]
........
[40 62]
.......
[ 54 101]
........../home/s1932078/Documents/MPhys_Project/SRI/src/data_extraction/DataCollector_Deterministic.py:120: UserWarning: Creating legend with loc="best" can be slow with large amounts of data.
  plt.savefig(os.path.join(data_output_path, f'InfectionsVsTimePlot_{name_suffix}.png'))

[38 60]

Data Dump...
..........
[50 70]
..............
[106  84]
.....
[49 63]
................
[49 60]
.
[58 53]
........../home/s1932078/Documents/MPhys_Project/SRI/src/data_extraction/DataCollector_Deterministic.py:120: UserWarning: Creating legend with loc="best" can be slow with large amounts of data.
  plt.savefig(os.path.join(data_output_path, f'InfectionsVsTimePlot_{name_suffix}.png'))

Data Dump...

[53 76]
.......................
[58 45]
..
[98 59]
..
[50 64]
........................
[56 39]
..
[47 52]
............
[91 45]
.............
[56 32]
.
[44 44]
.......................
[42 30]
....
[53 28]
.
[83 38]
....................
[41 28]
......
[51 27]
................
[41 25]
......
[76 31]
.......
[50 27]
..........
[41 25]
...................
[41 24]
.
[47 27]
...................
[41 23]
...
[70 27]
........
[46 26]
........
[39 22]
..................
[38 22]
....
[46 26]
............./home/s1932078/Documents/MPhys_Project/SRI/src/data_extraction/DataCollector_Deterministic.py:120: UserWarning: Creating legend with loc="best" can be slow with large amounts of data.
  plt.savefig(os.path.join(data_output_path, f'InfectionsVsTimePlot_{name_suffix}.png'))

[38 21]

Data Dump...
........
[44 26]
.......
[65 24]
......
[44 26]
............
[44 26]
............
[42 26]
...........
[42 26]
../home/s1932078/Documents/MPhys_Project/SRI/src/data_extraction/DataCollector_Deterministic.py:120: UserWarning: Creating legend with loc="best" can be slow with large amounts of data.
  plt.savefig(os.path.join(data_output_path, f'InfectionsVsTimePlot_{name_suffix}.png'))

Data Dump...
...
[63 24]
..........
[60 19]
..........
[57 18]
..........
[55 17]
..........
[51 15]
..........
[50 13]
..........
[48 12]
..........
[45 12]
..........
[43 11]
..........
[41 11]
..........
[41 11]
..........
[39 11]
..........
[39 11]
..........
[37 11]
..........
[37 11]
..........
[36 11]
..........
[35 11]
.../home/s1932078/Documents/MPhys_Project/SRI/src/data_extraction/DataCollector_Deterministic.py:120: UserWarning: Creating legend with loc="best" can be slow with large amounts of data.
  plt.savefig(os.path.join(data_output_path, f'InfectionsVsTimePlot_{name_suffix}.png'))

Data Dump...
High 1 2
Done
