Unable to init server: Could not connect: Connection refused
Unable to init server: Could not connect: Connection refused
Unable to init server: Could not connect: Connection refused
Unable to init server: Could not connect: Connection refused
Unable to init server: Could not connect: Connection refused
Unable to init server: Could not connect: Connection refused

(DataCollector_Deterministic.py:13495): Gdk-CRITICAL **: 09:30:08.360: gdk_cursor_new_for_display: assertion 'GDK_IS_DISPLAY (display)' failed
Unable to init server: Could not connect: Connection refused
Unable to init server: Could not connect: Connection refused
Unable to init server: Could not connect: Connection refused
Unable to init server: Could not connect: Connection refused
Unable to init server: Could not connect: Connection refused

(DataCollector_Deterministic.py:13499): Gdk-CRITICAL **: 09:30:08.457: gdk_cursor_new_for_display: assertion 'GDK_IS_DISPLAY (display)' failed
Unable to init server: Could not connect: Connection refused
Unable to init server: Could not connect: Connection refused

(DataCollector_Deterministic.py:13515): Gdk-CRITICAL **: 09:30:08.472: gdk_cursor_new_for_display: assertion 'GDK_IS_DISPLAY (display)' failed
Unable to init server: Could not connect: Connection refused

(DataCollector_Deterministic.py:13538): Gdk-CRITICAL **: 09:30:08.482: gdk_cursor_new_for_display: assertion 'GDK_IS_DISPLAY (display)' failed
Unable to init server: Could not connect: Connection refused

(DataCollector_Deterministic.py:13546): Gdk-CRITICAL **: 09:30:08.546: gdk_cursor_new_for_display: assertion 'GDK_IS_DISPLAY (display)' failed
Unable to init server: Could not connect: Connection refused

(DataCollector_Deterministic.py:13570): Gdk-CRITICAL **: 09:30:08.580: gdk_cursor_new_for_display: assertion 'GDK_IS_DISPLAY (display)' failed
Unable to init server: Could not connect: Connection refused

(DataCollector_Deterministic.py:13631): Gdk-CRITICAL **: 09:30:08.604: gdk_cursor_new_for_display: assertion 'GDK_IS_DISPLAY (display)' failed
Unable to init server: Could not connect: Connection refused
Unable to init server: Could not connect: Connection refused

(DataCollector_Deterministic.py:13640): Gdk-CRITICAL **: 09:30:08.615: gdk_cursor_new_for_display: assertion 'GDK_IS_DISPLAY (display)' failed
Unable to init server: Could not connect: Connection refused

(DataCollector_Deterministic.py:13586): Gdk-CRITICAL **: 09:30:08.620: gdk_cursor_new_for_display: assertion 'GDK_IS_DISPLAY (display)' failed

(DataCollector_Deterministic.py:13607): Gdk-CRITICAL **: 09:30:08.645: gdk_cursor_new_for_display: assertion 'GDK_IS_DISPLAY (display)' failed
Initalising...
Running Sim...

Data Dump...
Initalising...
Running Sim...

Data Dump...
Initalising...
Running Sim...
.Initalising...
Running Sim...
.Initalising...
Running Sim...
.Initalising...
Running Sim...
.Initalising...
Running Sim...
.Initalising...
Running Sim...
.Initalising...
Running Sim...
.Initalising...
Running Sim...
.........................................................................
[9287 4894]
.
[9054 5061]
.
[9750 4573]
.
[5611 7938]
.
[9802 4552]
.
[8094 5546]
.
[8602 5260]
.
[6507 6866]
..................................................................
[8313 2535]
.....
[9515 2222]
.
[7878 2625]
...
[9585 2125]
....
[3247 6248]
...
[7372 2840]
..
[6618 3099]
.
[4376 4656]
......................................................
[7091 1395]
.....
[9236 1100]
....
[9391 1073]
...
[6690 1459]
.............
[1986 4836]
...
[6178 1607]
......
[5240 1805]
....
[2933 3166]
..................................
[5633  839]
.
[8968  561]
.........
[9192  529]
.........
[5420  893]
....................
[1273 3619]
....
[5025  959]
..........
[4079 1114]
.....
[2065 2182]
.........
[8641  313]
.........
[4198  552]
..
[8942  292]
........................
[4207  595]
......................
[ 803 2703]
.......
[8269  164]
.
[3986  588]
.............
[8678  167]
.
[3047  727]
......
[1414 1504]
..
[3068  386]
...........................
[3154  401]
..............
[7883  101]
...............
[ 517 1989]
..
[8411  103]
............
[3093  400]
......
[2143  290]
........
[2296  490]
......
[1011 1042]
..............
[7405   69]
........
[2313  273]
.............
[8066   71]
.............
[ 370 1450]
..................
[1500  217]
.........
[2390  261]
..
[6836   48]
............
[714 735]
.
[1706  314]
...........
[7737   48]
......
[1666  209]
.....................
[ 284 1043]
...........
[1069  175]
......
[6223   26]
.........................
[7324   37]
.
[1793  190]
.......
[530 508]
.........
[1272  237]
......
[1207  154]
...........
[214 779]
.........
[757 142]
.
[5499   23]
.........................
[6844   30]
.......................
[404 372]
....
[1355  140]
.........
[862 111]
...
[155 603]
....
[535 116]
..
[963 186]
..
[4694   18]
..........................
[6285   26]
.................................
[313 274]
..
[121 472]
...
[394  94]
........
[641  88]
......
[3930   17]
....
[998 110]
................
[700 147]
.......
[5662   21]
...................
[105 355]
.
[302  79]
..................
[239 217]
...........
[474  80]
............
[3178   16]
.............
[227  76]
....
[ 90 273]
......
[760  91]
..
[5039   15]
............
[528 116]
..........................
[173  71]
..
[194 172]
.
[ 73 206]
...........
[347  65]
..........................
[2558   16]
......
[149  65]
..
[ 60 167]
.........................
[4436   11]
...........
[ 54 143]
..
[128  60]
.....
[550  73]
............
[400  96]
....
[152 146]
.......
[ 52 122]
./home/s1932078/Documents/MPhys_Project/SRI/src/data_extraction/DataCollector_Deterministic.py:120: UserWarning: Creating legend with loc="best" can be slow with large amounts of data.
  plt.savefig(os.path.join(data_output_path, f'InfectionsVsTimePlot_{name_suffix}.png'))

Data Dump...
.
[272  55]
....
[115  51]
...../home/s1932078/Documents/MPhys_Project/SRI/src/data_extraction/DataCollector_Deterministic.py:120: UserWarning: Creating legend with loc="best" can be slow with large amounts of data.
  plt.savefig(os.path.join(data_output_path, f'InfectionsVsTimePlot_{name_suffix}.png'))

Data Dump...
...........................
[2017   15]
..........
[130 122]
.....
[204  47]
.....
[3709   10]
.............
[440  56]
....
[287  81]
................
[107 102]
...
[170  42]
..................
[1575   14]
...............
[90 81]
.........
[138  38]
........
[3078   10]
........
[220  65]
.......
[337  50]
.
[80 68]
............
[115  31]
................
[71 64]
...................
[98 29]
../home/s1932078/Documents/MPhys_Project/SRI/src/data_extraction/DataCollector_Deterministic.py:120: UserWarning: Creating legend with loc="best" can be slow with large amounts of data.
  plt.savefig(os.path.join(data_output_path, f'InfectionsVsTimePlot_{name_suffix}.png'))

Data Dump...
....
[1221   11]
.........../home/s1932078/Documents/MPhys_Project/SRI/src/data_extraction/DataCollector_Deterministic.py:120: UserWarning: Creating legend with loc="best" can be slow with large amounts of data.
  plt.savefig(os.path.join(data_output_path, f'InfectionsVsTimePlot_{name_suffix}.png'))

[89 24]

Data Dump...
.........
[172  57]
.....
[2519   10]
...
[262  42]
....................
[941   8]
.....
[149  50]
..............
[209  35]
.........
[2069    9]
........
[127  46]
.......
[720   7]
................
[169  31]
.....
[116  39]
........................
[1711    9]
..
[97 36]
.
[574   6]
.......
[137  28]
..............
[85 33]
....................
[79 31]
..........
[116  27]
.../home/s1932078/Documents/MPhys_Project/SRI/src/data_extraction/DataCollector_Deterministic.py:120: UserWarning: Creating legend with loc="best" can be slow with large amounts of data.
  plt.savefig(os.path.join(data_output_path, f'InfectionsVsTimePlot_{name_suffix}.png'))

Data Dump...
..
[459   5]
............
[1384    9]
......
[98 23]
..............
[386   5]
.....
[82 22]
.................
[76 20]
................
[72 20]
.
[319   5]
.
[1130    9]
./home/s1932078/Documents/MPhys_Project/SRI/src/data_extraction/DataCollector_Deterministic.py:120: UserWarning: Creating legend with loc="best" can be slow with large amounts of data.
  plt.savefig(os.path.join(data_output_path, f'InfectionsVsTimePlot_{name_suffix}.png'))

Data Dump...
.............
[275   5]
...............
[243   5]
..
[909   9]
...........
[206   5]
.............
[191   5]
........./home/s1932078/Documents/MPhys_Project/SRI/src/data_extraction/DataCollector_Deterministic.py:120: UserWarning: Creating legend with loc="best" can be slow with large amounts of data.
  plt.savefig(os.path.join(data_output_path, f'InfectionsVsTimePlot_{name_suffix}.png'))

Data Dump...
...
[717   9]
..........
[581   9]
..........
[471   8]
..........
[396   8]
..........
[330   8]
..........
[284   8]
..........
[242   8]
..........
[211   8]
..........
[188   8]
..........
[176   8]
....../home/s1932078/Documents/MPhys_Project/SRI/src/data_extraction/DataCollector_Deterministic.py:120: UserWarning: Creating legend with loc="best" can be slow with large amounts of data.
  plt.savefig(os.path.join(data_output_path, f'InfectionsVsTimePlot_{name_suffix}.png'))

Data Dump...
No 1 5
Done
