Unable to init server: Could not connect: Connection refused
Unable to init server: Could not connect: Connection refused
Unable to init server: Could not connect: Connection refused
Unable to init server: Could not connect: Connection refused

(DataCollector_Deterministic.py:4122396): Gdk-CRITICAL **: 01:01:08.898: gdk_cursor_new_for_display: assertion 'GDK_IS_DISPLAY (display)' failed
Unable to init server: Could not connect: Connection refused
Unable to init server: Could not connect: Connection refused
Unable to init server: Could not connect: Connection refused

(DataCollector_Deterministic.py:4122398): Gdk-CRITICAL **: 01:01:08.966: gdk_cursor_new_for_display: assertion 'GDK_IS_DISPLAY (display)' failed
Unable to init server: Could not connect: Connection refused
Unable to init server: Could not connect: Connection refused
Unable to init server: Could not connect: Connection refused
Unable to init server: Could not connect: Connection refused
Unable to init server: Could not connect: Connection refused
Unable to init server: Could not connect: Connection refused

(DataCollector_Deterministic.py:4122436): Gdk-CRITICAL **: 01:01:09.037: gdk_cursor_new_for_display: assertion 'GDK_IS_DISPLAY (display)' failed
Unable to init server: Could not connect: Connection refused

(DataCollector_Deterministic.py:4122458): Gdk-CRITICAL **: 01:01:09.131: gdk_cursor_new_for_display: assertion 'GDK_IS_DISPLAY (display)' failed
Unable to init server: Could not connect: Connection refused

(DataCollector_Deterministic.py:4122444): Gdk-CRITICAL **: 01:01:09.133: gdk_cursor_new_for_display: assertion 'GDK_IS_DISPLAY (display)' failed
Unable to init server: Could not connect: Connection refused

(DataCollector_Deterministic.py:4122481): Gdk-CRITICAL **: 01:01:09.155: gdk_cursor_new_for_display: assertion 'GDK_IS_DISPLAY (display)' failed
Unable to init server: Could not connect: Connection refused

(DataCollector_Deterministic.py:4122516): Gdk-CRITICAL **: 01:01:09.162: gdk_cursor_new_for_display: assertion 'GDK_IS_DISPLAY (display)' failed
Unable to init server: Could not connect: Connection refused

(DataCollector_Deterministic.py:4122498): Gdk-CRITICAL **: 01:01:09.177: gdk_cursor_new_for_display: assertion 'GDK_IS_DISPLAY (display)' failed
Unable to init server: Could not connect: Connection refused

(DataCollector_Deterministic.py:4122541): Gdk-CRITICAL **: 01:01:09.222: gdk_cursor_new_for_display: assertion 'GDK_IS_DISPLAY (display)' failed
Unable to init server: Could not connect: Connection refused

(DataCollector_Deterministic.py:4122542): Gdk-CRITICAL **: 01:01:09.230: gdk_cursor_new_for_display: assertion 'GDK_IS_DISPLAY (display)' failed
Initalising...
Running Sim...

Data Dump...
Initalising...
Running Sim...

Data Dump...
Initalising...
Running Sim...
.Initalising...
Running Sim...
.Initalising...
Running Sim...
.Initalising...
Running Sim...
.Initalising...
Running Sim...
.Initalising...
Running Sim...
.Initalising...
Running Sim...
.Initalising...
Running Sim...
.........................................................................
[4832 9511]
.
[8692 5230]
.
[5625 8184]
.
[9555 4804]
.
[8509 5386]
.
[9885 4574]
.
[9708 4579]
.
[7512 6085]
..................................................................
[2422 8934]
......
[9017 2357]
...
[9780 2160]
.
[9481 2126]
..
[7228 2899]
..
[3256 6518]
..
[7143 2969]
...
[5337 3909]
....................................................
[1349 8127]
..........
[8341 1236]
..
[9674 1098]
....
[9210 1044]
..........
[5728 1793]
....
[2005 4949]
.
[5767 1736]
............
[3746 2632]
..........................
[ 766 7061]
.............
[7527  692]
..
[9544  560]
..
[8880  524]
..............................
[4307 1147]
......
[1278 3682]
.
[4568 1048]
..............
[2540 1816]
..
[ 469 5815]
..............
[9423  308]
..
[8445  292]
....
[6506  407]
...............................................
[3134  786]
...
[ 309 4554]
...
[ 887 2741]
......
[3506  658]
.
[9298  163]
...
[7925  179]
............
[1773 1275]
....
[5403  268]
...........................................
[9157  100]
..
[ 224 3434]
.......
[7261  117]
......
[2243  572]
.......
[ 597 2013]
.......
[2686  444]
.......
[4345  187]
..........
[1238  942]
.................
[8989   55]
...............
[ 176 2504]
..
[6508   83]
........................
[1562  406]
....
[ 438 1454]
...........
[3348  142]
....
[1969  306]
.
[8822   36]
..............
[855 681]
.........
[ 144 1839]
...........
[5624   61]
............................
[8611   25]
......
[1072  294]
..
[ 335 1031]
............
[2532  117]
..........
[ 114 1302]
.
[1423  221]
..........
[603 513]
...........
[4760   42]
..........
[8349   24]
............................
[258 742]
..
[790 222]
.........
[100 932]
......
[1902   89]
...............
[8010   15]
....
[1049  168]
....
[435 367]
.......
[3921   32]
...............................
[ 80 674]
..
[200 546]
......
[587 175]
.........
[7588   14]
...........
[1385   70]
......................
[310 278]
...
[788 120]
......
[3113   24]
..
[ 65 495]
....................
[150 401]
.
[7033   12]
.........
[432 137]
...........................
[ 61 385]
....
[1004   57]
..............
[233 228]
..............
[590  87]
.....
[6341    8]
.
[2450   21]
.....
[117 304]
......
[ 54 311]
......
[337 113]
.........................................
[ 51 246]
.....
[747  50]
...
[178 186]
.............
[5597    7]
......
[107 242]
.............
[446  71]
.
[ 44 197]
....
[268  92]
....
[1895   20]
......................
[ 42 170]
............................
[ 41 154]
........
[147 147]
...../home/s1932078/Documents/MPhys_Project/SRI/src/data_extraction/DataCollector_Deterministic.py:120: UserWarning: Creating legend with loc="best" can be slow with large amounts of data.
  plt.savefig(os.path.join(data_output_path, f'InfectionsVsTimePlot_{name_suffix}.png'))

Data Dump...

[ 91 179]
...
[564  46]
....
[4813    6]
.............
[215  71]
..............
[347  58]
...............
[1421   19]
......
[ 75 146]
.......
[128 123]
..................
[422  42]
...
[168  61]
.
[4000    5]
...................
[ 63 115]
............
[276  47]
........
[105  98]
....................
[144  52]
......
[1069   15]
.
[ 59 105]
..............
[329  37]
..........
[3181    4]
..........
[89 82]
......
[53 95]
.........
[123  48]
........
[218  42]
..................
[49 86]
....................
[79 72]
..........
[48 78]
.
[102  45]
.........
[258  36]
......./home/s1932078/Documents/MPhys_Project/SRI/src/data_extraction/DataCollector_Deterministic.py:120: UserWarning: Creating legend with loc="best" can be slow with large amounts of data.
  plt.savefig(os.path.join(data_output_path, f'InfectionsVsTimePlot_{name_suffix}.png'))

Data Dump...
.
[826  13]
...............
[2511    4]
......
[73 61]
......
[83 44]
....
[176  38]
............................
[69 58]
.
[75 42]
............
[208  32]
..................
[70 40]
.
[63 54]
........................../home/s1932078/Documents/MPhys_Project/SRI/src/data_extraction/DataCollector_Deterministic.py:120: UserWarning: Creating legend with loc="best" can be slow with large amounts of data.
  plt.savefig(os.path.join(data_output_path, f'InfectionsVsTimePlot_{name_suffix}.png'))

[69 36]

Data Dump...
.
[637  12]
..
[61 53]
...../home/s1932078/Documents/MPhys_Project/SRI/src/data_extraction/DataCollector_Deterministic.py:120: UserWarning: Creating legend with loc="best" can be slow with large amounts of data.
  plt.savefig(os.path.join(data_output_path, f'InfectionsVsTimePlot_{name_suffix}.png'))

Data Dump...

[147  32]
...
[1957    4]
............
[165  30]
...................
[119  30]
...........
[500  11]
..
[141  27]
......
[1469    4]
...............
[98 29]
.........slurmstepd-phcompute006: error: *** JOB 810642 ON phcompute006 CANCELLED AT 2024-02-25T09:23:15 ***
