Unable to init server: Could not connect: Connection refused
Unable to init server: Could not connect: Connection refused
Unable to init server: Could not connect: Connection refused
Unable to init server: Could not connect: Connection refused
Unable to init server: Could not connect: Connection refused
Unable to init server: Could not connect: Connection refused

(DataCollector_Deterministic.py:4121834): Gdk-CRITICAL **: 01:01:01.001: gdk_cursor_new_for_display: assertion 'GDK_IS_DISPLAY (display)' failed
Unable to init server: Could not connect: Connection refused
Unable to init server: Could not connect: Connection refused
Unable to init server: Could not connect: Connection refused
Unable to init server: Could not connect: Connection refused

(DataCollector_Deterministic.py:4121843): Gdk-CRITICAL **: 01:01:01.062: gdk_cursor_new_for_display: assertion 'GDK_IS_DISPLAY (display)' failed
Unable to init server: Could not connect: Connection refused

(DataCollector_Deterministic.py:4121882): Gdk-CRITICAL **: 01:01:01.076: gdk_cursor_new_for_display: assertion 'GDK_IS_DISPLAY (display)' failed
Unable to init server: Could not connect: Connection refused

(DataCollector_Deterministic.py:4121915): Gdk-CRITICAL **: 01:01:01.079: gdk_cursor_new_for_display: assertion 'GDK_IS_DISPLAY (display)' failed
Unable to init server: Could not connect: Connection refused
Unable to init server: Could not connect: Connection refused

(DataCollector_Deterministic.py:4121859): Gdk-CRITICAL **: 01:01:01.095: gdk_cursor_new_for_display: assertion 'GDK_IS_DISPLAY (display)' failed
Unable to init server: Could not connect: Connection refused
Unable to init server: Could not connect: Connection refused

(DataCollector_Deterministic.py:4121951): Gdk-CRITICAL **: 01:01:01.168: gdk_cursor_new_for_display: assertion 'GDK_IS_DISPLAY (display)' failed
Unable to init server: Could not connect: Connection refused

(DataCollector_Deterministic.py:4121969): Gdk-CRITICAL **: 01:01:01.218: gdk_cursor_new_for_display: assertion 'GDK_IS_DISPLAY (display)' failed
Unable to init server: Could not connect: Connection refused

(DataCollector_Deterministic.py:4121928): Gdk-CRITICAL **: 01:01:01.225: gdk_cursor_new_for_display: assertion 'GDK_IS_DISPLAY (display)' failed
Unable to init server: Could not connect: Connection refused

(DataCollector_Deterministic.py:4121995): Gdk-CRITICAL **: 01:01:01.243: gdk_cursor_new_for_display: assertion 'GDK_IS_DISPLAY (display)' failed
Unable to init server: Could not connect: Connection refused

(DataCollector_Deterministic.py:4122011): Gdk-CRITICAL **: 01:01:01.317: gdk_cursor_new_for_display: assertion 'GDK_IS_DISPLAY (display)' failed
Initalising...
Running Sim...

Data Dump...
Initalising...
Running Sim...
.Initalising...
Running Sim...
.Initalising...
Running Sim...
.Initalising...
Running Sim...
.Initalising...
Running Sim...
.Initalising...
Running Sim...
.Initalising...
Running Sim...
.Initalising...
Running Sim...
.Initalising...
Running Sim...
..................................................................................
[4765 9799]
.
[4684 9830]
.
[4735 9719]
.
[4678 9814]
.
[4735 9713]
.
[4772 9724]
.
[4667 9864]
.
[4692 9824]
.
[4810 9619]
..................................................................................
[2263 9675]
.
[2273 9550]
.
[2214 9688]
.
[2425 9106]
.
[2213 9555]
.
[2414 9197]
.
[2410 8886]
..
[2493 8574]
.
[2693 8108]
........................................................................
[1141 9498]
...
[1103 9519]
..
[1157 9210]
.
[1096 9132]
......
[1269 8307]
.....
[1450 7239]
....
[1435 7131]
.......
[1486 6818]
.......
[1897 5445]
........................................
[ 592 9292]
..
[ 600 9352]
.........
[ 627 8577]
..
[ 586 8507]
................
[ 767 6759]
......................
[1014 4840]
...
[ 977 5037]
..........
[ 988 4820]
...
[ 342 9036]
.
[ 358 9186]
.................
[1457 3265]
......
[ 376 7508]
.
[ 356 7471]
....................................
[ 222 9036]
.
[ 506 5051]
.
[ 217 8644]
.........................................
[ 778 3017]
...
[ 746 3283]
.
[ 275 5994]
.
[ 244 6105]
....
[ 135 8841]
.
[ 698 3263]
........
[ 138 7966]
...............................
[1164 1873]
..........
[  93 8688]
...........
[ 357 3564]
...........
[ 106 6817]
...........
[ 197 4443]
..
[ 191 4618]
.....
[  69 8517]
................................
[ 582 2076]
..
[ 632 1824]
...
[  56 8330]
...
[ 528 2108]
............
[  84 5297]
..............
[  46 8162]
........................
[  41 7982]
.........
[ 272 2448]
.
[1002 1120]
..
[ 157 3221]
.....
[ 167 3056]
./home/s1932078/Documents/MPhys_Project/SRI/src/data_extraction/DataCollector_Deterministic.py:120: UserWarning: Creating legend with loc="best" can be slow with large amounts of data.
  plt.savefig(os.path.join(data_output_path, f'InfectionsVsTimePlot_{name_suffix}.png'))

Data Dump...
.......................
[  75 3717]
.........................
[ 475 1326]
..
[ 531 1121]
..
[ 433 1358]
...............
[ 130 2203]
.....
[ 136 2041]
......
[ 216 1616]
....
[  63 2521]
.............
[839 666]
...........................................
[ 115 1456]
.
[388 831]
.
[  59 1635]
.
[339 886]
.
[ 117 1321]
.....
[445 722]
..............
[ 187 1079]
.................................
[712 435]
....
[  55 1072]
..........
[ 99 969]
.........
[106 858]
.............
[317 544]
..
[271 593]
..........
[386 454]
..
[158 758]
......
[ 49 699]
...........................
[ 89 645]
.............
[ 89 579]
......
[615 269]
.......
[ 46 469]
.......................
[138 526]
.
[217 394]
.
[270 373]
..............
[337 296]
....
[ 76 445]
......
[ 42 323]
...........
[ 77 413]
..................................
[ 41 233]
..........
[528 180]
.....
[113 381]
...
[ 67 323]
............
[178 270]
.......
[225 260]
.
[ 70 296]
.
[ 40 175]
.................
[285 196]
..................
[ 38 135]
..................
[ 63 237]
...........
[ 37 113]
.......
[ 99 277]
............
[ 65 211]
...
[ 36 100]
....../home/s1932078/Documents/MPhys_Project/SRI/src/data_extraction/DataCollector_Deterministic.py:120: UserWarning: Creating legend with loc="best" can be slow with large amounts of data.
  plt.savefig(os.path.join(data_output_path, f'InfectionsVsTimePlot_{name_suffix}.png'))

Data Dump...
...........
[442 121]
.....
[151 190]
.......
[195 177]
.....
[ 58 186]
...........
[252 130]
........
[ 60 167]
......
[ 87 222]
......................
[ 51 146]
.......................
[ 52 136]
...
[123 136]
...........
[168 125]
...
[378  83]
.
[ 48 123]
.....
[ 80 174]
..................
[210  99]
.......
[ 47 104]
.........
[ 46 102]
...................................
[45 89]
.
[ 68 138]
....
[47 91]
.
[103  96]
........................
[141  96]
.
[44 84]
...................
[45 80]
......
[326  57]
..
[44 80]
.........../home/s1932078/Documents/MPhys_Project/SRI/src/data_extraction/DataCollector_Deterministic.py:120: UserWarning: Creating legend with loc="best" can be slow with large amounts of data.
  plt.savefig(os.path.join(data_output_path, f'InfectionsVsTimePlot_{name_suffix}.png'))

Data Dump...
..
[188  76]
...........
[ 60 117]
...
[44 72]
......................
[95 72]
...
[44 65]
.....................
[43 61]
....../home/s1932078/Documents/MPhys_Project/SRI/src/data_extraction/DataCollector_Deterministic.py:120: UserWarning: Creating legend with loc="best" can be slow with large amounts of data.
  plt.savefig(os.path.join(data_output_path, f'InfectionsVsTimePlot_{name_suffix}.png'))

Data Dump...
.
[120  76]
..
[ 55 100]
...................
[163  58]
...
[281  48]
........
[53 86]
..
[77 51]
............slurmstepd-phcompute006: error: *** JOB 810631 ON phcompute006 CANCELLED AT 2024-02-25T09:23:15 ***
