Unable to init server: Could not connect: Connection refused
Unable to init server: Could not connect: Connection refused
Unable to init server: Could not connect: Connection refused
Unable to init server: Could not connect: Connection refused
Unable to init server: Could not connect: Connection refused

(DataCollector_Deterministic.py:4122358): Gdk-CRITICAL **: 01:01:08.666: gdk_cursor_new_for_display: assertion 'GDK_IS_DISPLAY (display)' failed
Unable to init server: Could not connect: Connection refused
Unable to init server: Could not connect: Connection refused
Unable to init server: Could not connect: Connection refused

(DataCollector_Deterministic.py:4122360): Gdk-CRITICAL **: 01:01:08.730: gdk_cursor_new_for_display: assertion 'GDK_IS_DISPLAY (display)' failed
Unable to init server: Could not connect: Connection refused

(DataCollector_Deterministic.py:4122383): Gdk-CRITICAL **: 01:01:08.773: gdk_cursor_new_for_display: assertion 'GDK_IS_DISPLAY (display)' failed
Unable to init server: Could not connect: Connection refused
Unable to init server: Could not connect: Connection refused
Unable to init server: Could not connect: Connection refused
Unable to init server: Could not connect: Connection refused

(DataCollector_Deterministic.py:4122428): Gdk-CRITICAL **: 01:01:08.822: gdk_cursor_new_for_display: assertion 'GDK_IS_DISPLAY (display)' failed
Unable to init server: Could not connect: Connection refused

(DataCollector_Deterministic.py:4122393): Gdk-CRITICAL **: 01:01:08.844: gdk_cursor_new_for_display: assertion 'GDK_IS_DISPLAY (display)' failed
Unable to init server: Could not connect: Connection refused

(DataCollector_Deterministic.py:4122454): Gdk-CRITICAL **: 01:01:08.859: gdk_cursor_new_for_display: assertion 'GDK_IS_DISPLAY (display)' failed
Unable to init server: Could not connect: Connection refused
Unable to init server: Could not connect: Connection refused
Unable to init server: Could not connect: Connection refused

(DataCollector_Deterministic.py:4122479): Gdk-CRITICAL **: 01:01:08.958: gdk_cursor_new_for_display: assertion 'GDK_IS_DISPLAY (display)' failed
Unable to init server: Could not connect: Connection refused

(DataCollector_Deterministic.py:4122533): Gdk-CRITICAL **: 01:01:08.966: gdk_cursor_new_for_display: assertion 'GDK_IS_DISPLAY (display)' failed

(DataCollector_Deterministic.py:4122518): Gdk-CRITICAL **: 01:01:08.988: gdk_cursor_new_for_display: assertion 'GDK_IS_DISPLAY (display)' failed
Unable to init server: Could not connect: Connection refused

(DataCollector_Deterministic.py:4122496): Gdk-CRITICAL **: 01:01:09.034: gdk_cursor_new_for_display: assertion 'GDK_IS_DISPLAY (display)' failed
Initalising...
Running Sim...
.Initalising...
Running Sim...
.Initalising...
Running Sim...
.Initalising...
Running Sim...
.Initalising...
Running Sim...
.Initalising...
Running Sim...
.Initalising...
Running Sim...
.Initalising...
Running Sim...
.Initalising...
Running Sim...
.Initalising...
Running Sim...
...........................................................................................
[4745 9855]
.
[4748 9847]
.
[9110 5103]
.
[9769 4653]
.
[9466 4846]
.
[7310 6377]
.
[9773 4678]
.
[9916 4530]
.
[6515 7036]
.
[7925 5780]
................................................................................
[2338 9678]
.
[2257 9706]
...........
[7813 2801]
.
[9561 2158]
.
[9835 2142]
.
[9597 2279]
....
[8923 2392]
..........
[4926 4395]
.
[6196 3398]
.
[4429 4885]
.....................................................
[1108 9515]
.
[1165 9540]
.........................
[9293 1056]
.
[9751 1049]
..
[9354 1146]
.....
[6208 1645]
.
[8259 1235]
.............................
[3255 3144]
....
[4696 2138]
.
[3035 3395]
.........
[ 584 9380]
..
[ 599 9350]
.........................................
[8943  534]
.
[9680  496]
.
[9058  583]
................
[7398  710]
.............
[4643 1065]
.
[ 341 9219]
.
[ 338 9175]
........................................
[2157 2290]
...
[3492 1365]
...
[2116 2301]
................
[9579  283]
.
[8412  308]
.
[8640  327]
.
[ 206 9050]
.
[ 225 8993]
.....................................
[6343  448]
......................
[3334  716]
.
[ 140 8826]
.
[ 147 8874]
................................
[9482  156]
....
[7741  198]
..
[8109  195]
................
[  97 8639]
.
[1406 1712]
..
[ 105 8680]
....
[2596  903]
..
[1505 1632]
.......................................
[  74 8461]
......
[  78 8519]
.
[5216  305]
............................
[9349   96]
.........
[  58 8288]
..
[2334  506]
......
[7465  130]
.
[  58 8351]
...
[6820  125]
.......................
[  49 8130]
................
[  46 8149]
..............
[  45 7953]
................./home/s1932078/Documents/MPhys_Project/SRI/src/data_extraction/DataCollector_Deterministic.py:120: UserWarning: Creating legend with loc="best" can be slow with large amounts of data.
  plt.savefig(os.path.join(data_output_path, f'InfectionsVsTimePlot_{name_suffix}.png'))

Data Dump...
.......
[  43 7956]
.....
[ 970 1256]
.....
[1052 1143]
......./home/s1932078/Documents/MPhys_Project/SRI/src/data_extraction/DataCollector_Deterministic.py:120: UserWarning: Creating legend with loc="best" can be slow with large amounts of data.
  plt.savefig(os.path.join(data_output_path, f'InfectionsVsTimePlot_{name_suffix}.png'))

Data Dump...

[1872  637]
........
[9201   61]
..........
[4115  219]
..........
[6635   85]
....
[5733   78]
.........
[1641  374]
...........................
[9025   42]
..............
[672 932]
......
[744 802]
.......
[1325  452]
.....
[5748   58]
......
[3135  164]
...
[4732   57]
..................
[1155  270]
.
[8785   33]
.........................................
[454 697]
.....
[534 556]
..
[4797   34]
...........
[967 329]
.
[8482   22]
.
[3719   46]
.....
[2352  126]
.................
[797 195]
..................................
[8068   21]
.....
[329 531]
....
[3898   26]
.......
[403 402]
...........
[2846   36]
...
[712 242]
.......
[1740  102]
.........
[546 155]
...............
[7507   17]
.......................
[236 395]
...........
[3138   23]
...
[300 314]
...............
[2165   27]
.....
[524 176]
....
[6816   12]
...
[385 125]
..
[1271   80]
................................
[169 307]
....................
[237 244]
.
[2481   23]
.........
[5946   12]
.........
[275 104]
..
[1583   22]
......
[381 148]
.............
[924  64]
............
[127 240]
...........................
[183 192]
....
[5085    8]
.......
[206  89]
..
[1912   19]
...............
[1204   17]
......
[290 116]
.........
[104 194]
..........
[698  52]
.........................
[152 149]
.
[4145    8]
.
[159  79]
.........................
[1466   16]
...
[ 82 161]
...........
[902  16]
...
[218 102]
.......................
[129  63]
...
[529  44]
....
[126 122]
..........
[3292    8]
.......
[ 71 145]
....................................
[1127   14]
.
[177  90]
..
[101  60]
........
[691  13]
.........
[ 64 130]
.
[110  97]
..................
[406  38]
..................
[2581    8]
.....
[79 54]
.........
[ 58 111]
......................
[142  80]
.
[93 85]
................
[862  13]
..
[532  10]
.....
[62 51]
.
[49 97]
...........................
[329  33]
.............
[45 88]
............
[57 44]
.
[85 75]
......
[2025    8]
..............
[41 82]
..
[121  71]
..........................
[39 81]
../home/s1932078/Documents/MPhys_Project/SRI/src/data_extraction/DataCollector_Deterministic.py:120: UserWarning: Creating legend with loc="best" can be slow with large amounts of data.
  plt.savefig(os.path.join(data_output_path, f'InfectionsVsTimePlot_{name_suffix}.png'))

Data Dump...

[49 43]
...........
[424  10]
..........
[78 65]
....
[677  13]
.....
[47 40]
..............
[257  32]
.............
[47 39]
.........../home/s1932078/Documents/MPhys_Project/SRI/src/data_extraction/DataCollector_Deterministic.py:120: UserWarning: Creating legend with loc="best" can be slow with large amounts of data.
  plt.savefig(os.path.join(data_output_path, f'InfectionsVsTimePlot_{name_suffix}.png'))

Data Dump...
.
[103  54]
........
[70 54]
.....
[1553    8]
.........slurmstepd-phcompute006: error: *** JOB 810641 ON phcompute006 CANCELLED AT 2024-02-25T09:23:15 ***
