Unable to init server: Could not connect: Connection refused
Unable to init server: Could not connect: Connection refused
Unable to init server: Could not connect: Connection refused
Unable to init server: Could not connect: Connection refused
Unable to init server: Could not connect: Connection refused

(DataCollector_Deterministic.py:3367395): Gdk-CRITICAL **: 09:29:43.511: gdk_cursor_new_for_display: assertion 'GDK_IS_DISPLAY (display)' failed
Unable to init server: Could not connect: Connection refused
Unable to init server: Could not connect: Connection refused
Unable to init server: Could not connect: Connection refused

(DataCollector_Deterministic.py:3367467): Gdk-CRITICAL **: 09:29:43.611: gdk_cursor_new_for_display: assertion 'GDK_IS_DISPLAY (display)' failed
Unable to init server: Could not connect: Connection refused

(DataCollector_Deterministic.py:3367404): Gdk-CRITICAL **: 09:29:43.625: gdk_cursor_new_for_display: assertion 'GDK_IS_DISPLAY (display)' failed
Unable to init server: Could not connect: Connection refused
Unable to init server: Could not connect: Connection refused

(DataCollector_Deterministic.py:3367423): Gdk-CRITICAL **: 09:29:43.638: gdk_cursor_new_for_display: assertion 'GDK_IS_DISPLAY (display)' failed
Unable to init server: Could not connect: Connection refused
Unable to init server: Could not connect: Connection refused
Unable to init server: Could not connect: Connection refused
Unable to init server: Could not connect: Connection refused

(DataCollector_Deterministic.py:3367492): Gdk-CRITICAL **: 09:29:43.754: gdk_cursor_new_for_display: assertion 'GDK_IS_DISPLAY (display)' failed
Unable to init server: Could not connect: Connection refused

(DataCollector_Deterministic.py:3367481): Gdk-CRITICAL **: 09:29:43.759: gdk_cursor_new_for_display: assertion 'GDK_IS_DISPLAY (display)' failed
Unable to init server: Could not connect: Connection refused

(DataCollector_Deterministic.py:3367563): Gdk-CRITICAL **: 09:29:43.772: gdk_cursor_new_for_display: assertion 'GDK_IS_DISPLAY (display)' failed
Unable to init server: Could not connect: Connection refused

(DataCollector_Deterministic.py:3367538): Gdk-CRITICAL **: 09:29:43.776: gdk_cursor_new_for_display: assertion 'GDK_IS_DISPLAY (display)' failed
Unable to init server: Could not connect: Connection refused

(DataCollector_Deterministic.py:3367518): Gdk-CRITICAL **: 09:29:43.802: gdk_cursor_new_for_display: assertion 'GDK_IS_DISPLAY (display)' failed
Unable to init server: Could not connect: Connection refused

(DataCollector_Deterministic.py:3367579): Gdk-CRITICAL **: 09:29:43.907: gdk_cursor_new_for_display: assertion 'GDK_IS_DISPLAY (display)' failed
Initalising...
Running Sim...

Data Dump...
Initalising...
Running Sim...

Data Dump...
Initalising...
Running Sim...
.Initalising...
Running Sim...
.Initalising...
Running Sim...
.Initalising...
Running Sim...
.Initalising...
Running Sim...
.Initalising...
Running Sim...
.Initalising...
Running Sim...
.Initalising...
Running Sim...
.........................................................................
[4741 9756]
.
[4776 9743]
.
[4723 9735]
.
[4711 9757]
.
[4704 9764]
.
[4703 9744]
.
[4713 9768]
.
[4670 9754]
.........................................................................
[2304 9470]
.
[2295 9500]
.
[2298 9486]
.
[2277 9495]
.
[2320 9520]
.
[2284 9520]
.
[2248 9529]
.
[2223 9477]
.........................................................................
[1157 9253]
.
[1184 9239]
.
[1146 9231]
.
[1138 9255]
.
[1161 9304]
.
[1147 9280]
.
[1114 9287]
.
[1105 9247]
........................................................................
[ 597 8988]
.
[ 631 8997]
..
[ 588 8974]
.
[ 634 9001]
.
[ 602 9049]
.
[ 592 9044]
.
[ 586 9034]
.....
[ 589 9001]
....................................................................
[ 342 8722]
.
[ 361 8723]
.
[ 361 8757]
.
[ 345 8712]
..
[ 329 8786]
.
[ 327 8789]
.
[ 342 8787]
......
[ 338 8740]
...................................................................
[ 209 8231]
.
[ 230 8465]
.
[ 239 8375]
.
[ 210 8360]
.
[ 198 8531]
..
[ 212 8539]
.
[ 189 8521]
......
[ 206 8493]
................................................................
[ 135 8097]
....
[ 120 8296]
.
[ 145 8249]
.
[ 127 8266]
...
[ 164 7301]
.
[ 135 7791]
.....
[ 155 6449]
.
[ 132 8220]
..........................................................
[  95 7124]
.
[  96 7869]
.
[  83 8033]
.
[  94 7992]
.........
[  79 7817]
..........
[  97 6557]
......................
[ 125 5035]
.................
[ 128 3945]
...
[  63 7740]
.
[  68 6946]
.
[  79 7692]
................
[  53 6976]
..........
[  81 5040]
.........................
[  47 7289]
...
[  65 7170]
..
[  77 4753]
................
[  60 5045]
................
[  45 5345]
........
[  40 6240]
........
[ 114 3099]
...
[  55 5941]
.......................
[ 113 2286]
..
[  75 3156]
..............
[  33 4463]
..........
[  71 3108]
..
[  56 3210]
...
[  53 4090]
.......
[  42 3549]
..................................
[  32 2763]
.............
[ 100 1827]
....
[  51 2493]
........
[  71 1863]
.............
[  49 1965]
...
[  37 2315]
..
[ 103 1334]
...
[  67 1968]
.........
[  29 1629]
....................
[  50 1507]
.................................
[  28 1017]
..........
[  35 1409]
..
[  45 1242]
.
[  89 1099]
.
[  66 1112]
...........
[ 49 943]
..
[  58 1229]
........................
[ 99 803]
.....
[ 27 646]
..........................
[ 48 618]
.....
[ 32 888]
...........
[ 43 782]
..
[ 27 444]
...............
[ 65 686]
........
[ 55 807]
........
[ 82 662]
........
[ 48 443]
.
[ 26 324]
.............................
[ 31 554]
.......
[ 25 270]
...............
[ 92 450]
...
[ 41 518]
..
[ 48 330]
..../home/s1932078/Documents/MPhys_Project/SRI/src/data_extraction/DataCollector_Deterministic.py:120: UserWarning: Creating legend with loc="best" can be slow with large amounts of data.
  plt.savefig(os.path.join(data_output_path, f'InfectionsVsTimePlot_{name_suffix}.png'))

[ 24 247]

Data Dump...
..........................
[ 53 538]
.
[ 62 440]
....
[ 43 263]
................
[ 28 369]
............
[ 42 228]
..
[ 78 428]
................
[ 41 348]
.../home/s1932078/Documents/MPhys_Project/SRI/src/data_extraction/DataCollector_Deterministic.py:120: UserWarning: Creating legend with loc="best" can be slow with large amounts of data.
  plt.savefig(os.path.join(data_output_path, f'InfectionsVsTimePlot_{name_suffix}.png'))

[ 41 212]

Data Dump...
.......................
[ 27 257]
..
[ 50 372]
....
[ 84 284]
....
[ 57 293]
.................
[ 40 249]
.............
[ 26 196]
......
[ 70 276]
..................
[ 45 265]
...........
[ 26 164]
..
[ 38 186]
...
[ 55 198]
........................
[ 77 183]
..
[ 25 146]
.....................
[ 44 199]
....
[ 36 139]
..
[ 24 127]
............
[ 68 192]
........./home/s1932078/Documents/MPhys_Project/SRI/src/data_extraction/DataCollector_Deterministic.py:120: UserWarning: Creating legend with loc="best" can be slow with large amounts of data.
  plt.savefig(os.path.join(data_output_path, f'InfectionsVsTimePlot_{name_suffix}.png'))

[ 22 120]

Data Dump...
........
[ 53 149]
............
[ 34 115]
.......
[ 43 157]
..................
[ 72 126]
.....
[ 33 102]
.................
[ 49 117]
.
[ 41 139]
.
[ 62 137]
........
[32 92]
..........................
[30 87]
....
[ 39 117]
...................
[30 82]
....../home/s1932078/Documents/MPhys_Project/SRI/src/data_extraction/DataCollector_Deterministic.py:120: UserWarning: Creating legend with loc="best" can be slow with large amounts of data.
  plt.savefig(os.path.join(data_output_path, f'InfectionsVsTimePlot_{name_suffix}.png'))

Data Dump...
.....
[47 91]
...
[69 85]
..
[ 37 105]
..............
[ 58 100]
.....
[37 93]
..................
[34 89]
....../home/s1932078/Documents/MPhys_Project/SRI/src/data_extraction/DataCollector_Deterministic.py:120: UserWarning: Creating legend with loc="best" can be slow with large amounts of data.
  plt.savefig(os.path.join(data_output_path, f'InfectionsVsTimePlot_{name_suffix}.png'))

Data Dump...

[46 75]
..................
[64 60]
...
[57 73]
..
[43 61]
.....................
[40 53]
.............
[51 56]
..
[60 40]
....
[38 47]
...................
[38 43]
...............
[50 47]
...
[37 42]
.........
[57 33]
........
[37 42]
..............
[35 40]
......./home/s1932078/Documents/MPhys_Project/SRI/src/data_extraction/DataCollector_Deterministic.py:120: UserWarning: Creating legend with loc="best" can be slow with large amounts of data.
  plt.savefig(os.path.join(data_output_path, f'InfectionsVsTimePlot_{name_suffix}.png'))

Data Dump...
....
[48 40]
.........
[55 25]
........
[45 37]
................
[52 23]
.
[41 32]
.................
[37 28]
......
[51 22]
..........
[36 28]
................
[35 27]
.
[50 18]
...............
[35 27]
..............
[47 15]
.
[35 27]
..............
[32 26]
.............
[31 26]
..........
[45 15]
../home/s1932078/Documents/MPhys_Project/SRI/src/data_extraction/DataCollector_Deterministic.py:120: UserWarning: Creating legend with loc="best" can be slow with large amounts of data.
  plt.savefig(os.path.join(data_output_path, f'InfectionsVsTimePlot_{name_suffix}.png'))

Data Dump...
.........
[44 15]
..........
[41 15]
..........
[39 15]
..........
[39 15]
..........
[38 15]
..........
[38 15]
..........
[36 15]
..........
[36 15]
..........
[36 15]
...../home/s1932078/Documents/MPhys_Project/SRI/src/data_extraction/DataCollector_Deterministic.py:120: UserWarning: Creating legend with loc="best" can be slow with large amounts of data.
  plt.savefig(os.path.join(data_output_path, f'InfectionsVsTimePlot_{name_suffix}.png'))

Data Dump...
High 1 3
Done
