Unable to init server: Could not connect: Connection refused
Unable to init server: Could not connect: Connection refused
Unable to init server: Could not connect: Connection refused
Unable to init server: Could not connect: Connection refused
Unable to init server: Could not connect: Connection refused

(DataCollector_Deterministic.py:3367394): Gdk-CRITICAL **: 09:29:43.526: gdk_cursor_new_for_display: assertion 'GDK_IS_DISPLAY (display)' failed
Unable to init server: Could not connect: Connection refused

(DataCollector_Deterministic.py:3367403): Gdk-CRITICAL **: 09:29:43.549: gdk_cursor_new_for_display: assertion 'GDK_IS_DISPLAY (display)' failed
Unable to init server: Could not connect: Connection refused
Unable to init server: Could not connect: Connection refused
Unable to init server: Could not connect: Connection refused

(DataCollector_Deterministic.py:3367421): Gdk-CRITICAL **: 09:29:43.606: gdk_cursor_new_for_display: assertion 'GDK_IS_DISPLAY (display)' failed
Unable to init server: Could not connect: Connection refused
Unable to init server: Could not connect: Connection refused
Unable to init server: Could not connect: Connection refused
Unable to init server: Could not connect: Connection refused

(DataCollector_Deterministic.py:3367461): Gdk-CRITICAL **: 09:29:43.649: gdk_cursor_new_for_display: assertion 'GDK_IS_DISPLAY (display)' failed
Unable to init server: Could not connect: Connection refused
Unable to init server: Could not connect: Connection refused

(DataCollector_Deterministic.py:3367474): Gdk-CRITICAL **: 09:29:43.710: gdk_cursor_new_for_display: assertion 'GDK_IS_DISPLAY (display)' failed
Unable to init server: Could not connect: Connection refused

(DataCollector_Deterministic.py:3367502): Gdk-CRITICAL **: 09:29:43.730: gdk_cursor_new_for_display: assertion 'GDK_IS_DISPLAY (display)' failed
Unable to init server: Could not connect: Connection refused

(DataCollector_Deterministic.py:3367513): Gdk-CRITICAL **: 09:29:43.766: gdk_cursor_new_for_display: assertion 'GDK_IS_DISPLAY (display)' failed
Unable to init server: Could not connect: Connection refused

(DataCollector_Deterministic.py:3367557): Gdk-CRITICAL **: 09:29:43.780: gdk_cursor_new_for_display: assertion 'GDK_IS_DISPLAY (display)' failed
Unable to init server: Could not connect: Connection refused

(DataCollector_Deterministic.py:3367547): Gdk-CRITICAL **: 09:29:43.791: gdk_cursor_new_for_display: assertion 'GDK_IS_DISPLAY (display)' failed
Unable to init server: Could not connect: Connection refused

(DataCollector_Deterministic.py:3367578): Gdk-CRITICAL **: 09:29:43.801: gdk_cursor_new_for_display: assertion 'GDK_IS_DISPLAY (display)' failed
Initalising...
Running Sim...

Data Dump...
Initalising...
Running Sim...

Data Dump...
Initalising...
Running Sim...

Data Dump...
Initalising...
Running Sim...
.Initalising...
Running Sim...
.Initalising...
Running Sim...
.Initalising...
Running Sim...
.Initalising...
Running Sim...
.Initalising...
Running Sim...
.Initalising...
Running Sim...
................................................................
[4693 9917]
.
[4714 9931]
.
[4726 9917]
.
[4682 9927]
.
[4626 9919]
.
[4748 9918]
.
[4604 9934]
................................................................
[2294 9844]
.
[2267 9839]
.
[2248 9834]
.
[2241 9847]
.
[2275 9833]
.
[2231 9822]
.
[2223 9839]
................................................................
[1155 9765]
.
[1102 9765]
.
[1136 9768]
.
[1134 9768]
.
[1182 9736]
.
[1046 9739]
.
[1134 9768]
................................................................
[ 612 9688]
.
[ 576 9680]
.
[ 588 9683]
.
[ 579 9683]
.
[ 548 9659]
.
[ 607 9688]
.
[ 613 9650]
................................................................
[ 329 9604]
.
[ 305 9588]
.
[ 318 9587]
.
[ 320 9563]
.
[ 344 9599]
.
[ 287 9553]
.
[ 342 9562]
................................................................
[ 207 9520]
.
[ 191 9510]
.
[ 186 9477]
.
[ 207 9512]
.
[ 179 9365]
.
[ 198 9467]
.
[ 196 9148]
...........................................................
[ 143 9415]
...
[ 135 9414]
.
[ 132 9421]
.
[ 134 9333]
..
[ 117 9340]
............
[ 121 8073]
.........
[ 140 7519]
..................................
[  95 9297]
..
[  83 9338]
.
[  94 9334]
....
[  98 8869]
.....
[  85 9017]
............................................
[  63 9248]
..
[  66 8838]
..
[  67 9253]
..
[ 101 5370]
................
[  64 8096]
...
[ 116 4994]
.
[  83 6958]
.....................
[  51 9173]
..
[  54 9152]
.....................
[  55 6952]
..............
[  44 9086]
....
[  49 9053]
..................
[  55 6162]
..........
[  43 8999]
.....
[  46 8950]
..................../home/s1932078/Documents/MPhys_Project/SRI/src/data_extraction/DataCollector_Deterministic.py:120: UserWarning: Creating legend with loc="best" can be slow with large amounts of data.
  plt.savefig(os.path.join(data_output_path, f'InfectionsVsTimePlot_{name_suffix}.png'))

Data Dump...
./home/s1932078/Documents/MPhys_Project/SRI/src/data_extraction/DataCollector_Deterministic.py:120: UserWarning: Creating legend with loc="best" can be slow with large amounts of data.
  plt.savefig(os.path.join(data_output_path, f'InfectionsVsTimePlot_{name_suffix}.png'))

Data Dump...
.
[  73 4450]
....
[  88 3164]
.........
[  51 4337]
..
[ 106 3049]
..............
[  49 4107]
.....................
[  62 2628]
.........
[  50 2539]
..
[  81 1847]
..........
[  42 2499]
....
[  98 1831]
........................
[  57 1519]
......
[  48 1501]
..........
[  40 1536]
.....
[  75 1052]
.............
[  88 1038]
................
[ 54 902]
.
[ 46 886]
......
[ 36 987]
....................
[ 70 645]
.................
[ 80 631]
..
[ 43 554]
..
[ 49 552]
.
[ 35 654]
......................................
[ 68 396]
...
[ 35 403]
.
[ 38 362]
........
[ 45 345]
.........
[ 71 408]
....................
[ 33 247]
......
[ 37 244]
...............
[ 61 256]
...
[ 44 227]
.............
[ 32 170]
.......
[ 68 262]
....
[ 37 164]
.....................
[ 31 129]
..........
[ 43 156]
.............
[ 56 180]
.
[ 36 126]
.......
[ 30 103]
.................
[ 65 167]
..........
[30 82]
...........
[35 97]
...
[ 42 113]
...........
[29 76]
..................
[29 74]
........./home/s1932078/Documents/MPhys_Project/SRI/src/data_extraction/DataCollector_Deterministic.py:120: UserWarning: Creating legend with loc="best" can be slow with large amounts of data.
  plt.savefig(os.path.join(data_output_path, f'InfectionsVsTimePlot_{name_suffix}.png'))

Data Dump...
..
[ 54 109]
...
[35 72]
.............
[ 61 116]
....
[42 84]
........
[35 61]
.......................
[34 54]
.........
[52 82]
.....
[42 66]
.......
[34 45]
....
[58 88]
................
[33 44]
................
[33 44]
..../home/s1932078/Documents/MPhys_Project/SRI/src/data_extraction/DataCollector_Deterministic.py:120: UserWarning: Creating legend with loc="best" can be slow with large amounts of data.
  plt.savefig(os.path.join(data_output_path, f'InfectionsVsTimePlot_{name_suffix}.png'))

Data Dump...
....
[41 56]
.......
[51 66]
.........
[52 68]
......
[41 48]
.....................
[40 40]
.
[47 53]
........
[51 55]
.............
[40 33]
...................
[40 32]
.
[46 44]
.......
[50 45]
...........
[39 32]
.................
[39 28]
.............
[42 39]
...
[38 25]
.....
[45 37]
.........
[38 25]
..../home/s1932078/Documents/MPhys_Project/SRI/src/data_extraction/DataCollector_Deterministic.py:120: UserWarning: Creating legend with loc="best" can be slow with large amounts of data.
  plt.savefig(os.path.join(data_output_path, f'InfectionsVsTimePlot_{name_suffix}.png'))

Data Dump...
..............
[39 37]
.
[45 31]
...................
[44 26]
.
[38 34]
..................
[42 22]
...
[38 31]
...............
[41 21]
........
[36 27]
..........
[40 20]
............
[34 23]
.......
[38 19]
................
[31 23]
.
[37 18]
.................
[36 18]
.......
[28 19]
.........
[36 18]
...............
[36 18]
....
[28 19]
...........
[36 18]
........../home/s1932078/Documents/MPhys_Project/SRI/src/data_extraction/DataCollector_Deterministic.py:120: UserWarning: Creating legend with loc="best" can be slow with large amounts of data.
  plt.savefig(os.path.join(data_output_path, f'InfectionsVsTimePlot_{name_suffix}.png'))

Data Dump...
...
[28 19]
..........
[27 19]
..........
[27 18]
..........
[26 18]
..........
[24 18]
..........
[23 18]
...../home/s1932078/Documents/MPhys_Project/SRI/src/data_extraction/DataCollector_Deterministic.py:120: UserWarning: Creating legend with loc="best" can be slow with large amounts of data.
  plt.savefig(os.path.join(data_output_path, f'InfectionsVsTimePlot_{name_suffix}.png'))

Data Dump...
High 1 1
Done
